<?xml version="1.0" encoding="UTF-8"?>
<!-- Generated by org.testng.reporters.JUnitReportReporter -->
<testsuite skipped="0" hostname="LAPTOP-JEI8AS0O" name="testcases.LoginTest" tests="2" failures="0" timestamp="2022-05-29T16:02:24 EDT" time="28.972" errors="0">
  <testcase name="loginSuccessfull_001" time="8.979" classname="testcases.LoginTest"/>
  <system-out>
    <![CDATA[<img src="data:image/png;base64,iVBORw0KGgoAAAANSUhEUgAABVYAAAJcCAYAAAASBf/6AAAAAXNSR0IArs4c6QAAIABJREFUeJzs3XecVdW5//HP2nufMmd6Y2aYQhk6SLWgCAj2qNGosYtiyc01NzFXkptoEsvNVdMsib/cxJgbDGrsYsFEjIIKKoo0EQakCEOdOdPLabus3x/nzMDAwECilPi8fRGZ2WuvvfaZ7R/5zrOfpbTWGiGEEEIIIYQQQgghhBAAzJgxo8cxxiFYhxBCCCGEEEIIIYQQQvxLkWBVCCGEEEIIIYQQQgghDpIEq0IIIYQQQgghhBBCCHGQJFgVQgghhBBCCCGEEEKIgyTBqhBCCCGEEEIIIYQQQhwkCVaFEEIIIYQQQgghhBDiIEmwKoQQQgghhBBCCCGEEAdJglUhhBBCCCGEEEIIIYQ4SBKsCiGEEEIIIYQQQgghxEGSYFUIIYQQQgghhBBCCCEOkgSrQgghhBBCCCGEEEIIcZAkWBVCCCGEEEIIIYQQQoiDJMGqEEIIIYQQQgghhBBCHCTrcC/g89IYa6K6dRubmjeztW0729t30BBrJObG8LQHOjVQgac1E0qO5xsjp2MoyZaFEEIIIYQQQgghhBAH56gOVhNugpV1VSzY9i4r61bTGG/EJRmiKhRKKQCUAqVVMltVYHs243qNkVBVCCGEEEIIIYQQQgjxDzlqg9WqhnU8teZZltevBA0GCmUYWJhAsirV9VxyAzl4aNrtNpRSOJ7D6IKRjCkaeZjvQAghhBBCCCGEEEIIcbQ6KoPVtQ3r+cl7/4PtJTANC6U0OlWl6mkPx3PID+ZzSunJJLwE7+5YlKxW1RoPuGrIpVjGUXnrQgghhBBCCCGEEEKII8BRly62xFv4+Uf343gJLMNEJxNVtNLYnkOWL4NLBl7IkLxBLNz+PnM3v4GHxlCKhJtgSulkBuVWHu7bEEIIIYQQQgghhBBCHMWOumD1lY2vsSNSS8gMdn7P9hwsZXFh//P4auVXaIw18uCy31HdugXLsFKVrBqf6WfasEs7e68KIYQQQgghhBBCCCHEP+KoClabYs28uul1AoYfDWitcbXL+OLjuXzwxVRklfHaZ2/wyKpHAfAZFhpQSpFw4kwbcgUFoYLDeg9CCCGEEEIIIYQQQoij31EVrK5v2khzooWg4cfWDnmBXG4Yfg0TSk8g7sb57bI/8MbW+ZjKwsBAo1EKHM+hT1YF51aedbhvQQghhBBCCCGEEEII8S/gqApWP21ch9YejnY5pXQiVw+9jMJQPnXRBn7x0a9Z07gGS/lQil29V7VGo/n2qG8S8qUd7lsQQgghhBBCCCGEEEL8CzhqglVPe3xcvxpTmXxr5Dc4rc9kDGVQ017Lzz96kHVNG/CbPrQGdPIcBUScGDcdcwND8gcezuULIYQQQgghhBBCCCH+hRw1wWrUieI3fNw5/jbGFY0CIByp585FP2Nb23b8hg9I9lPtSFejTpwLK7/KVyrPOIwrF0IIIYQQQgghhBBC/Ks5aoJVQxl8e/S/UZjafMp2bX697HdsaduW3MxKadC6c0MrQxlcNvAirhj6dUxlHubVCyGEEEIIIYQQQggh/pUcNcFqmpVGmpXskaq15i9rnmNx7RICVhoxHJRW+E0/peklHN9rDCeWHM/AnL6HedVCCCGEEEIIIYQQQoh/RUdNsLq7jc3VzK/5kBPLJtE3rYC+6SX0Si+iML2IglABShmHe4lCCCGEEEIIIYQQQoh/YUdlsFqeUcwfJ/8M5Tp47XVY0WZ0wka7teA66GAOyh863MsUQgghhBBCCCGEEEL8izpyglXtoeNtYEchkIHypcE+Kk99zVvxVr2Kt3YeTuNWYlonN60yTLTpx8wrwygbjVU5EbPkGFQg8xDfjBBCCCGEEEIIIYQQ4l+Z0lrrw7kA3R7G3rAAd8MC3LqNkIhCMAsztxyzZChm3xMxCweBFdh1TqwZr3kburUWr7Ead9sK3J1VeK1h6AhZAVAYhQPwj74Aa9g5KH/64blJIYQQQgghhBBCCCHEUWPGjBk9jjl8warnkPjkZRLvP4rXtA0MI9kbVRloz0PhoTUow8TsPQLfmK9hDTwVZQW7nU631+OG1+Gsewt7zesQbQXDQANKa8zewwlM/HfMiuMP7X0KIYQQQgghhBBCCCGOKkdssKrjLcTfehB7+UtgmMk/AJ4H2t01ThkoQGuNAsw+4whMugmzZOR+5/eatpJY+RL2h0+gXRtlWmjXAaUITr0Z/5hLwThyuiAIIYQQQgghhBBCCCGOHEdksKrtCNEXv4ez8QOU5QdUMkzVYJQOxywfh5Geh3YddPM2vPB63JpPky0CtAemj+CFv8LX/+Qer+WG1xKbezfe9tVg+kBrtGsTOOEqApO/A8r84m9YCCGEEEIIIYQQQghxVDnyglXtEf37vdhLn0f5Uj1TPQcjPZ/AqbdgVk7a+1V/18Zr3oqzbj6J5bPRjdvAtEj7+q+x+p7Y8yVjzcT+/jOcqjfAtNAAToLgmT/AP/qSz/0WhRBCCCGEEEIIIYQQR7cDCVaNQ7COTvYnL+EseW63UNVFpecnQ9LBZ3TfP9X0YeT1w3/CdaRf9Sf8J1yN9lyiL/0QHW3q8ZoqmE3wrNuxhkwFx0YByvQRn/sz3PqNn+8NCiGEEEIIIYQQQgghvhQOWbDqtewgNv83YPmT39CA9kg7/2cYhYMPaA6VXkhgyn8SuuhX6EgjiY9fPLDzfGkEz/gRqmgguC4oA5QiPu9+8JyDvpd4PE4kGsXzvP2O01oTi8Voj0SIx+MHfZ2eJBIJ2iMRYrF/fm7btolEIkQiURKJBI7j7PP+DrTI2XFdotEokUiERCLxT6/xcPC0R00kTNSJ/cNzJFyb2kgd3mHaJ04IIYQQQgghhBBCfP4O2Q5O9tKnINoMVqpa1YnhO+k6zNLRBz2XNWAKoUseIvbWQ/jHXorypfV4jgpmETzjNqKPTwc8MP04G9/D2bkKq/eoLmNrampZ9MEH5Obm4HoeEydMwLIsWlpaeH72bObOnUtLaxsPPfgglZX997rWtu3bWbBgIW+//Q6fbdpELBYlPy+PEcccw6RJEzn5pJMIBAL7XW9jUxPvv7+IjIwMmpqaOHnCSeTl5aG1ZvmKj3nttddY+cknNDU1EQqlUdm/ksmTJzPllMmkpfX8eQC0RyIsXbac+fPmsWz5ctrb20EpTMMgNzeHwsJepIdCBINBQqEQza0t1NWG+fa3v82woUO6ndO2HZavWM5bb7/NokUf0NDQgNaazMxMhg0dyqmnnspxxx1Lbk5Ot+d/2riBD3d+RIaVTn2skTG9RjG2aP+blQF8uHMpGxo3EjAD1MUbOLvPqZRnlbFk5zKWhVfiaodcfw5RN0a7HaEl0YaLQ8gKURTqxeDcgQzLH0zaHlXTbYk2vj3/+xxXNJYZ4/4DQx3c7yI0mv/75DEWbHuPBybfQ1F6r4M6XwghhBBCCCGEEEIcmQ5JsKrb60isnJPcQApAawik4x/zj/c4tSonkxbKS851oOcUD8XsMw5381IwLZRS2B+/vFew+snqVXzve99DA+PHn8CUyZPZsXMn37zpW6z6ZCWmYaIMA/8e4WhbWxuP/vkx/t9v/x8+n48RI0ZQUVFOIh5n6dKlLFmyhKeeeopJkyZx15130rukeJ9rjUaj3PajHxGJRDBNk1defolgMMjPfvELnnzySRQKy2ehPU08kWDFihW88MILnDB+PD+79x7KSkv3+1msWl3FHXfcwUcffUTffv244frrGTt2DKZh8vHKlcycOZP33nuPzMwsvv71r+M4LnXhOpqam4nHu6/eXPvpp9z/4IO8+cYbmKbF5Zdfzvjx48kIhVi/cQOzZ8/myaeeYsjQIdx5++2cdOLePXLjdown1j6Lz7DQWtM/p89+76NDbXuYWWuexJd6xk4sPo5yYHn4E57f8BJpZhoeHlcOuoTyzHISXpwNTZ8xb+s7xN0YlvLRN7OCGeO+TXnWrs+uNlJH3Ivzzrb3OL//2QzKG3hA6+mwrWU7czb9DUuZxJ2js2pXCCGEEEIIIYQQQuztkASrTk0Vur0B5UtVA7o21vCzMTL/ueo9s+SYgzvBsLAGTcXd/FHn1+7Gd9GxZlQwu3NYeigdn8+HbdsMGDCASCTKf3zrP1ixbBm5+Xk4CZt4Ik56KNR5TiQa5Rvf/HeWLFnCz+69l4knn0xObg6WaeK4LjU1tTzw4IO8/PLLzJ8/j5bmZh6b9Wf8fn+3S00PpVNYWEh1dTVZWVn4fX6+e8v3+HTtGu695x5GjBhBXm4e9Q31zJ//Fr/93/9Fa49F77/Pt79zM08+8TjBYDc9a4HVVWu49LJLaW1p5dJLL+WO239Cenp65/HBgwdx5hmn818/uJW/v/l32tva+cFd3yMQCOyzPcCSpcu49rrraGttYfDgITz0m98wcEBl5/GTT57AFZddxrPPPc+Pf/xjrrl2Og///ndMnTKlyzyu0gQMP6ZhoLXGVL79/0xT/JYfv+nHVCYKhd9Mfq6WYeE3/Gg8snwZnFd5FsHdqlLPrzyHXy75DZtbq9nY+hl3L/4VD0y6h7RUFXRjvDnZ+kDB7PWv8v3jvnPAVaue9nhszdMoFBpoSbQe0HlCCCGEEEIIIYQQ4sh3SHqsupsXo3YLozQaq/8EQB2Ky3dh5PdDd1xXGXhtdXitO7uMKcjPx/FcANLT0vnDHx9hZ20tf5o5kxdfeIHnnnuWO++8C9veVYHY2tJKS3MLr77yCl+74HwKCvKxTBMAyzQp7V3C3T/9b0455RRM0+Sjjz7i5Tmv7nOdlmWSFgyglMIyTX70k58Q8Pt45eWXuPiiixgyeDC9ehUydMgQbvr3b3L/ffehNQTT0li2bBlvznur23mj0Sjf+/73icfjFBQW8sMf/FeXULVDVlYWd//PT8nOzuYvTz7BI3/8Y/LzMwwMo+tj09DQwE3f+hbxaJS8vHwe/v3vu4SqHfx+P1dcfhlfOeccPNflmzfdxKbNm7uMybTSUUqhNXhocv1Z+/yMdhc0/KnHSaOUIsOXCr0NhVIGCoUyLGJu16rRsszefPOY69Daw6f8bGvfzsq61Z3Hd7bvTAa1hsV7Oz9gY9NnB7QegNV1a3h3xwf4jWTIWxsNH/C5QgghhBBCCCGEEOLIdmiC1R2rwdhVHKsMCyOn96G49N6UiTJ3q4LU4IU3dBnS3NKMZZoEAgFmvzSb1157jeeefYapp0ymT0UFgwcN4orLLqWoqKjznLS0IPff/ysGdBModggEAtz079/EcT0sn8Xs2bOxbbvbsZZlYfr8KKVoaGxk1erV3HvP3WRmZnY7/swzTueqq64iGo0SCPh5/vlncZy9N+b6ZNVq1lRVAYqvfvWr5OXl7XO9+fl5nDr1VPz+AL/73e/ZWVOz1xitNb956LeEw7W4nsfN3/kOfSrK9zmnUoobb7gB0zJxHYff/vZ/u2yG5WgHUKDAUAZx3f3ns6eQlZbsCqEUKIWtk8F4ppWO1h6u1gQMH35j7yLt3hnFpPsy8PAwMNjcWt15rCXeiocHWqHRPL32BTy9/03LABzP4bE1T2Mo1ZH30hhrOqB7EUIIIYQQQgghhBBHvkMSrOr2OuisWNXJitFg95sXffGL8ZLhG8kwTxkGXkPXqklNMtRDKWrDYb7/ve9TUrzvfqiQrPAcNLDn/pulpaXk5uSglMGWLVuIxePdjjNNk/RQCM/ziMfjfOc//oOMjIz9zn3JxRd3nru6ag3tkcheYxYvXpyqONWMGjVqr+N7GjxoEIZhEIvHWLps2V7Hd+zcyVNPP0UwmEZ6KMQZZ5ze45x9+/ahuLgYn8/Pa6/NpaGhsfOYaVi7HkoNQXP/m3x1iHgJfMpMtQ8wCJnJ1/1z/dk42sVQCksZdFcl7Xpu8pEgWSWbF8jtPFYbrQOdqrJWFh/WLmVj06Ye1/PRzmV80rAaS5mgkuc3JVoO6F6EEEIIIYQQQgghxJHvkASryVLCjqrEVIIVbdzX6C+WMsCx2T1g0/GuAaTP50ejcR2H0tJSjj/uuM/t8gG/n/z8fLT2cByH+H6C1bRAANd1sUyTUSNH9jh3Xn4eubm5aA8ikXba2tr2GvPZpk1YPgtQZGbs3QJgTxmZmZ0bhG3bun2v4wsWLMS2bVzX5dhjx1FYUNDznOnpVPavRGtNLB5j9epdr96nmcHkk6I1Gt0ZkPYkzQzi4aG1RqEIpHqstrsRLGViKIWnOypiu6qNhGlNJD+rgOFjbK/RAMTdBDvad2IaJsloNPnP42uewU1VxHYnakf5c9WTWMrCVMkKWaUU4UgYzYFvtiaEEEIIIYQQQgghjlyHJlhVZtevPRuv9fD0m9TRJvTur3J7HphdN0jq6I3quC7Dhw0jtNsmVf8sT2ui0UjndSyr+/3DtE72ClVKEQgGyc/f9yv7u687Py8vFf9BLLZ3aJufn4/rJgNIz+35lfampkaUoZJ9Rv1dPyfP8/hw8WJM08RxHE44YTymae5jpt3WaVnJAFhrHMemdbcA2Jd6VjR02YSqJxm+tM5NphTJyleAlkQblmGljhlYe7QCaE208fiap9FoHM/h+mHTyE1LVlO7nkNdtB6Ac/qeRdAMYCmTxTVLWNfQtX3E7t7fvpgNLZ8xMKeSCyrPxfFcFIq6aD0J98BaGwghhBBCCCGEEEKII1v3qd7nTGXk4zVtRXUGrAp384f4Bp5yKC7fhRden9qjPVVDaxjsucm7aZqgkx0D0tPTMc1/Ln/WWtPU3Mz69Rt44i9PUFsbxlAGhmng93W/671SiubWVvx+P4ahMA4gsPQ8D9uxMYzkZk2BwN6v0R87biwP//73mJbJ5i1bepxz/boNnb1LBw0a1OVYIpFg48aNGIaBaZq8OW8eLS2tNDTUk5mVTSDgIxgI4mmPWDROLB4jGo3Sq7CQj5YswTRN2tsTtLXuVlmbeidfpf7n2XUv0iutANOwaHXaMJRJ0AxiYBD1YrieTchMY0ekBqWMLuEqgJGar+MnnnATBM0ALfFW1jSs47GqJ/msdTO5gWymDbmC0/tO6VxKxI7SnGjB9Ry+0vd0/IaPp9Y/j2VY/HHVLH5+8l2patZdonaUWWuexFImXx94ASErxNPrnsdUJi2JFqJ2tLOaVgghhBBCCCGEEEIcvQ5JsGr2Goi3ZSmQDKGUaeGseR198r+hgtmHYglJro27+UNIhWHJTYU8VE7XzZaUSkavWoNh9Bxo7qmxsYlNmzexYeNGPl37KZ+uX0dDfSOJRIx+ffuRl5dHQ309Zg8Vqx1Vq4Zh0N7Na/178lLndNxDZjc9WceOHUteXh7NLc28+cabXDPtanz7WENLaytvv/MWSilKSooZMWJ4l+PtkQjhcDgZ5CpFXV2Ydxa8Qyg9nfRQiEAgQDwexzIN/H4/juPiuA4bNm6kT58+VFSUo7WmpGSP/rWpFrgGis9aN1MTC2Ng4jf9+AwL1/NIaBu0h9YeaVYaTfHmXefuNZdOVYyG+fF7/0O2L4OaaB0NsQZGFYzk1IopnFAyjtKMki6nhqN1OLj4zQAZ/nTO7nc6z6yfjWmYrGn8lI/DnzCmqGuf2jkbX2NHpIbRBcdwbNEYNjZvwkgtqsluPaCNr4QQQgghhBBCCCHEke/QBKslI7D107u+oQy81jD2p/Pxj7zgUCwBALd5G+72VbD76+DaxSge2mVcsk9n6u/egQdh27Zv55lnn+WZZ56hsbGJAQMGcPrppzPtqqspLy+jtLSUWDTKFVddTUNDPZblIxKJ4Pf3XMGo1N6bLu01BlKVtgq/308sHiObrC5j8nJzueuuu7j5uzfz0ZKPmDPnVb52wfl7zeVpzR/+8Ah19fWYhsntt9++V1DrsywSqR6xkUiEO35yOyefPKHLWg3D6BISdwS/QOffk5tp7Sa1WRQovjv6Jvrn9O3x3leFq7jt/f9mr2RVg06FqznBPECxon4VlrKwTIvLBl3I4PzuNx1rjDXhuDb5oTwMw6AgkM9p5ZN5c+s7mMrkT6sf5/6CYfhSrSQao408s/5FlIJrhl6OaZhk+jJBKRRguwlaEq3kpeV2ez0hhBBCCCGEEEIIcfQ4NMFq72PAFwTP3fWqtxUk/taDWJUTMNILD8UysD95BdwEWEGSiZuGYDbGHkGX53nJ18lVMmA8EKtWr2b6dddRU1NLRZ8+/N///ZFjx47d63X8lpYW2tvbAQgEAqg9Q8UUpVTnplEHyjRN/KkNr3w+3z7D2K+cfRaNjXfy4IMPcNuPbqOltYUzTj+d3JwctNbUhsP86U8zefTRR8nLy+NHP/4Rp06Zstc8GrBSrQws0yQSiXbbY7WjV2znfR0Qhatd/Eb3rRL2lqxK3eu7Ktmr1UOTZoX44bibeWjFw6xuWIPjOvxq2UP8fMJd3YadO9p34qHJDWYTMJM/x4sHXsDb295Do/msZTPvblvEKRUTAXhh/RyaE82cVHQCg/OSYa3f9BEyg8TcOFp7NMQa6ZtdcYD3JIQQQgghhBBCCCGOVIdk8yojuzdG3xPQ3m47shsmRFuJzb0HfQg29HGbtmB/9BSYfjo6buK5mKUjMNK77mTv7V6legDhZktLK9OnX0dDQyO9S3vzxGOPMeHEE7vtcerYDo7j4HmagN/XuVHWnrTWpGek4zjO3mvaB8MwUYDruliWSSit+023DMPg6quu5Ne//g1KGdxzzz1cdfU0rr/xRqZffwNXT7uG999/n1tmzOCVl1/m4gsv7DYQTQsGKSsrxXWTgfm27Vt7XGNP9B6vyjva2cfIrhztJv+iOuZJVcPqZJWsAcScCMUZvfjumH8ny5+s5K2J1HD/st9id/MMbm3bgYEi25+FkWrEW5rZm3P6nont2VjK4rG1zxB3E9S2h3n5s7/iM/xcNeSSzt6rShlk+rOST5yCmkjtwX0gQgghhBBCCCGEEOKIdEgqVlEmgWMvJbLurd2+qcHy465bQPzNnxM89b9SoefnTyfaiL9+D9qJo8zdKiC1i2/omZ09VzskQ0wFqAOqWH1z3pvUhmvxWT4uvuhiKsrL9jve81w8z8M0rb1fg09RSmFZPhzbxvX7yeimX+qe4ok4tmOjFJiGiWXtuz/sBx8u5q6f/pTp06/jsku+jt/vI1xfj9aagrx8cnNzCAaD+72e3+9nzJixLFu6DJRiddXazlf+/1G25yarhVMfu+MeWLAacZP3rUkGqXYqxC8I5mN7Nj7ThwKiTozi9CJ+ctz3+f67P8FSFivCK3l09V+44ZhpnVWvrueyM1KDRpMfzO8MVgHO7nsar26eC1pTG6nlbxv/zrb27cTcGGdWnEplbv/OsSFfkExfJjWRWlw0rYmee+UKIYQQQgghhBBCiCPfIalYBTBLx2CVjYY9gzLLh71sNrE3fo5ORD7362o7Suz1u3E3Ld4jVPUglIvV/+S9zumoDlUKPG//warWmgUL3yUQCIJSlJWW7nd8wk7gOC5+v59oLNql5+iea0gkEqnWCZpQqPvq0925joNt21imhUYTT/U/3VM4XMfV067GtW2+/a2bKC8vo6ioiBHDhnHM8OGUlBT3GKp2+Op556JVMmSdN+9NamvDB3TevrS70eRflEKhaHUO7JlwvAQKAwPwtEfUjQHJClhN8vM0lYlPJX+XMDh/IDcOv4a4l8Bv+Hhx46ss3Lqoc76oE6M2EkZhkO3P7HKt3pklnFl+KrZ28Zs+Zq15ije3vI2lLM7rf3aXYNln+Mjwh5I9Y7WmMd70j384QgghhBBCCCGEEOKIcciCVWX6CZzyne6DRMuPveJloi/egle3/nO7pteyg9grt2KvfgPMrr06tWPjH38Nqpvemo7rpOoWU9vT9yCRSKTGa1paW/Y71mf5aG9vRym1z2pVAMdxaG9vx7JMtIaGxp4DOa116rX8ZAeDRKL7FguzX3wR23YoKCzA5/vnipaHDhnCaVNPJR6P09bWxmOPP35Q59fV1XV5JvyGiac9FJCMRA+sz2zICqbaBiT7qSa85L3XxZrwGSZKJdsFdHwf4Jz+ZzK1bHJnuPrAst+yofEzABpijTQnWlAG5ARz9rreVyvPJmgEUp0iNAkvwZTSiVTm9OsyzlAGWf4sNBpDKWraw7gdbQuEEEIIIYQQQgghxFHrkAWrAGbpKPwnXgN2rJuDPtxNS2h//HoSHz2BbvvHe1HqeBv2Jy8R+csNOOsXdq1URYHnYORX4B910T4m0Hg6GYTFE4l9VpVC8pX9sWNGk0gkMA2Dt+e/1dkXdU/xRIIHHngAx3FwXXe/rQAcxyEWj6FU8tX2aLTnys1YLE4sFsfzNIahyMzsvn1APB7Hsiyqqtbw8pw5hOvqiEQiOI5DJBIhGo0Sj8f3eR+7MwyDO+64naysLEzT5I//9388/eyzPZ6ntebZ557ndw//oUuFZ9xJoFKv82v27rm6L42xZkwMQKM1+FSyDYKjE6loVpFwExi7XctQBjcMn0ZRWi+09nC1y92Lf0Vbop2EmyDhJVBakZPqx7q7koxippZPxvbszk3Ovj7ogi4tAzrkBrPRaBQGNdHaA25vIIQQQgghhBBCCCGOXIemx2onRWD8dbibF+NuX4WyAuyqSNRgWuDEib95P4klT+EbeR7WgCkYOWUoX9r+p/ZcvOZtOJsX4Xz8Mm7NWkClKlV3C0a1C1qTdu5PUf70bqfKzs7BcR1Mw8Sxe95Y6+yzzub+Bx7EdV0WL1nC7x7+Azdef12X1+nXrFnLXf/93wwfPpz+/fuzefMmqquraWhspHdJyV5zOq6LnbAhFTLuq/p0d6H0EIl4HK01nqf3GQhPnTqF3zz0EIlEgttuvY28/Hyys7MJ+P1owO/zEQgGCQQCFBUVMWzoUE466UT69e3b7XwlxcX88ZFH+OY3/42GhkbuuOMOtm7dxhWXXUrJHveWsG1Wr67iTzP/xIsvvsjDv3+4y/G4G8fTHpZhorRHmx3t8b4BLMPE1g5+lfy2SOXsAAAgAElEQVR5NyVaKKU3cTcVjKtksOrusQlYdjCLHxz7XWYs+BE+w0c4Gub3H/+JIbkD0VpjKnOfPWMvGnAef6+eR9y1ObbXGMqzuu+tGzADGBgopWiINRBxogSsvTc2E0IIIYQQQgghhBBHj0McrILyp5N2wS+JPHEduqU2GaZ2GaDA8qNba4kv+AOJd2di9BqAWTwMo7ASI7sErGCyV6tpoltrcBuqcXeswttZBfF2QIHRza1pjfY8gmfdillyzD7XuGPHDlzHIW7HsBOJ1EZT+94IqqSkmF/+4hfc/N3vorXm179+kHcXLuSE8Sfgs3x8vPJjli5bzoz//E8uu/QSBj03iB/88Ic01Ndzw43fYNLEiVx00UUMHFDZOWcsGqOmZmdnn9S2ttYeP9vGxkYSdgI7YdPU2EgkEiUtbe9AetjQoTxw//385qGH2LJlC+FwmJqammQbAcA0DZJZpMJQCmUYBAIBLr/8Mm7+zncIdTPn2DGjeebpZ/jFr37JG2+8yUO/+Q2z/vxnJk6aRP9+/Qilp9Pc1MTijxazcuUn9O3blz8/+mcmTeza49bTHp720JhowHa77xO7173HmlPVoirZSiCVKRsYONoloEzink1jvImsQNeeqYPyBjB96JXMrHoCv+ln4fZFfLDzI/yGHw8Pq7tnCeiVXsjpFVN4ceOrXD7wom6rVQHSrXSS22op4m6CumgDud20FxBCCCGEEEIIIYQQRw+l9/ee+xfIbd5G7OmbcJu27fGqfjc8D5Lb/wDJwA+l0B3Vh6mKRKWM1GZP3dAa7TkEJt9E4ITpwL53rl+3bj3PvzCb/IJ8XNdh+jXXEAj0XGG44uOPeezxx1m06AMa6usxTJPs7CymTjmV6ddeQ//+yf6brusy59W/8uGHH2IYBsceO45JEyeSm7ur3+vOmhpmzXqMgoJCamtrOe+8cxg+bNh+r79u/Xpmv/gSBfkFhOvquOH66eTn5XU7trWtjfsfeIAnn3ySUaNGM2jwIEqKS8jPy6OpqYma2hrWrV3HshXLcRwH0zSJRiNcccWV3HXH7fsMmh3H4eOPVzLnr3/l3YUL2b5jB47jYJkmaaEQEyacxDlfOYeTThzf7YZc29p2UtNeg8/04XgORaFe9M4o7vGz39D0GW2JNpRh4LoO/bL7khPM5rOmzTQnWjAMA9dzGZo3iKC198ZccTfB0prlhKw0fKafdCtIwnNpd9rpl9WH7MDe7QAAWuKtbGjZxKiC4fsMVmsjYba0bsNn+nA9l/7Zffc5nxBCCCGEEEIIIYQ4/GbMmNHjmMMWrAJ4TdXEXr0Td+sKsHyQ6pG5P5qukeieX3d/oWQlZmDKd/CPuwL2EYDt85pa7/N18O7G1tXVEw7XkhYK0auwkPT07lsOHC6LPviAW2/7Efl5+dx55x0MGjgAv9+/1zjbtvl0/Xp+9rOf8+GHH+Dz+YnFYrz80ksMGzqkx+u0t0dobGqkubmZtLQ0CvLzycqSQFEIIYQQQgghhBBCHNmO+GAVQMeaiS/6E/biJ5OVp3u2BjjQedgzYE3tK+86GJm9CH7lDqw+J/zzCz7KVa1Zy7nnncegQYN46i9PkJ2d3eM5LS2tXHvddaxevRrbTnDHHXcw7aqrDsFqhRBCCCGEEEIIIYQ49A4kWD240s0vgApmEzzlP0m77LeY5aPBczorTA9qnt2/0IBrg+fhH3MhoSv/KKEqEE8kuP2O27HtBDNuueWAQlWArKxMrrjicmzbxjRM6urqv+CVCiGEEEIIIYQQQghxZDvkm1fti1V+HObFI3A3vEVixWzcLSuSAasy0Ur1/Cq+1qBTPVcNA2vYGfjHXIxZOuaLX/xRYsOGjaz8eCVZWVn069f3oM6tKK/ANE0cx6FPRcUXtEIhhBBCCCGEEEIIIY4OR0ywCqB8aVhDzsYaMBV35yqczR/ibHwXL7wxWcmqkxtYKc8FI7kDfHKzKgWWH7PXIMy+x2MNmoqZX7nvjay+pBoaGkjYNv5A4IA24+pCAVpjWRYDBw3a71DP89i2fTt2IkF6ejpFRUUAxOMJwnVhXDdZkZydlUVOTg5aa2pqakkkEmit0WhM06R3SQmtbW04tk1BQQEAjU1NuI7T+XWHRCLBjh07cF2X3Nw8cnNzOo+1t0cIh8OAJi8vr7PPa0NDA47j0KtXLwCamppwUnPX1dcTaY/gaQ+FIic3h+zd+sO2t0eora3FMBRFRUUEg0Ecx6GmphbHdUAn++36A35Kios7fzEQj8cJ19XRq1cv/D4ftm1TU1tLcVERtu0QrgsnPwOtSUtLo1dhYZdfKriuS01tLVprSoqLMQyD9vZ2wnV15OXmdt6b4zhs276dkuLizv65sViMurp6evcuwTCM1HprKC4u7tyMrLW1lda2NnqXlHT5fF3Xo6amhng8RjAYpDh1T4lEgp01NWitQYOnPTIzMsjNzWVnTQ2GUp1jW1tbaWhoJD8/j0AgQE1tLZ7ronXymcnISKegoICamhoyMjLIyMgAIBwOk5aWhuu6NDQ2YlkWSikc2yYYTKO4uGi/z6MQQgghhBBCCCHEF+GIClY7WQHMsrGYZWPxH38Nuq0Wr7Ear3k7OtqUDK3sGIY/hErLRuVWYOT1wQjlgXWQgeGXiM/vwzJNEokETU3NlJWWHvC51ZuqicVijB47hsEDB+xznG3b/G3u62za9Bm5ubk0NDYycsQxnDJ5Eo2NDTz7/PPk5uaCp2lqbuYrZ51FZWV/Zr/8EpZpkpGRied5pAWDnH3WmXy84mM+WraMb1x/HRkZGSxe/BGtrS1cdOGFnddMxOO8PGcOLW1tmIZJQ2MDF55/Pn369GHnzp3MfullLNPE8vlobW3la+efT3l5Ge9/8AENjY1cfcUVACxfvpy6+gYuvuhC3nrrbbbt2EFuTjaO7RCNx/jqV86hvKKcuro6nn1hNn6fRSKewPL5uPzSSwB45vnnycnOJhgM4HkeeTm5FJ3RqzO4rK2t5bkXZnPlFZfTq7CQ5uYWnnv+Ba65+irq6up4+dVXKUoFvQ0NDYwaOZKJJ5+MYSS7dsRiMV56+RXa2tu4Yfp0cnNzefe991n+8QomnHgiE046CYB169bzwksvcc5ZZzF69CgAampqeOa55/nKWWcyfPhwWltbefaFF7jh2mvJyMxEa83f5s5l0+Zq/u2G6ztbRSQSCf76t9fYsm0rOVnZhOvrGTFsKKedeir1DQ08/exz9E6FvJ7n0b9/f44ZMZznnn8B13W54brpZGVl8dbbb1O19lPOOO1UykrLeObZ58jLyyMQ8GPbDv379SMnJ4e/vTYXn9/P5ZdegmmavDFvHkMHD8bv9/PR0qW0t7eTSNjk5uRQXFxEcfHpB/wcCyGEEEIIIYQQQnxejsxgdTfKl4bK7YOR2+dwL+WoN2zIEHJyc6ipqWXZsmWMGD7sgM6LxeM89sRjKEPxo1tv22+16/Lly6murmbaVVeRmZlJTU0NTz7zLAMHVBIMpqE9zUUXXEBGRgZvv7OAdxYupKSkGMdxOGXiRIYMGZKcSIMyFKCJxWIsWPguZ591JspQqD22Kaurr2fzlq1Mu/IKCgsL+XDxYppbWnBdl9de/zv9+/VjyimTMQyDpUuX8tIrr3DDddPxWb6ucymVuiYk7ASjRx7D5EmT0Frz0iuv8P6HH1BaVsrfXnuNIYMGMvHkk0kkErw293Xq6uspLChAex7nnH0WhYWFydvQujMU3XUZhd/n67hkZ0Wq52lCaWlccvHF+Hw+1q1bxyuv/pVRI0eSk7OrAtfn8+GzfGzfvoOsrCy2b99OwB/A83RqHo+Vq1ZRUlTEso9XMGLE8GSVJ8mWGm/Mm09lZWVn2NvRobixsZHa2jDZ2Vms/XQdxx93LADLli9nx44dXJP6me7YvoMPFy8mHo+jANMwuOjCr3V5LiKRCKaZrIqtr68nLS2NmpowgYA/2bUjtWfeV889Jxm0p3ieh9/vY9OWatauXcuwYcPwtMbzNEOHDmXw4MG8++57bN2+jUsuugij8x6EEEIIIYQQQgghDq0jPlgVn5/MzEy+/73/Ysb3buG+++/nuOOOZcjgwfs9JxqLcfudd7JkyRJ++MNbO8O27mit+XTDBsaM2hUE9u7dm/KyUtZ+uo5jRgxHGQaNjY3EYjHC4TBZmZlYlkXA52PJ8hVUb92afD2/sJDjjj0W19P0qahgw8aNVFdXk5mZSUtTS5fr5uXl0auwgGeff4E+FeUMHjSI/v3709raSn19PWedcXrn6/DDhw/nvQ8+oLY2jGF0E8ol8z4sy6KmtpbVq6twXZdwbZgTjj+O1tZWdtbWcvZZZ2FZFpZlceHXLgCgtaUV0zRZsPBdMjIzcByHvn36MnzY0M7plWGg0by9YAEBf4BINIKnNUopDENh2zZVVVUEAgE2bvyMXr0KCYVCu33G4LMsBg4YwI6dO+nVqxDTsiguLsZ1HSBZ6VpfX8fll17Kk888y86dOykrK8PTHtk5Ofh9FgvffZdjx43DMs3Ond8+XrmSYUOGUFnZn1dfe40xo0dhWRYrP1nF2DFjyMrKIhaLEUoPMXnyJCzLQmuNpz3eeHMePp+PWDzOKZMmEgwGMU2Lyv5lbNmyhWAwSCDoJy0UxPPc1P0avP3OAkKhELZtM2zoUPr27YNhmAweMIC33llAaWkpacE0HMdGKZUMg1P/tlLhtBBCCCGEEEIIIcThIMHql8yFXzufhoZ6fvHLX/K1Cy/iZ/fey6RJE8nJzu7Sy7O1rY1PVn7C/Q88wLLly7nzzjuZfs01PW4i5joOltX1sTINE9tOpL7SzPnba1iGQVZ2dmfo6XiajPQQvQoKcZzka96QbC3Qp6KckSOG88ab8ygrK8U0u1aABoNBLr7wQtatW8+n69bx4iuvMGnCBCorKwG6VIwqlax49TwXw4CAf7dwToORmtswDJqbW/hk9Wo2bdrE5IkTGTlyJLW1tZ3z7KkjZMzOyiI/Px/HdcjMSO92XCiYRnrqmE5tuqaUwnFcNm7azIaNGykpLubrF13UGQonx4DtOFSUl7Pm07Ws/GQVvUtKiMfjdCSkVWvWkJGejtaa/LxclixbRllZGQpFwOfj9FNP5bnZs8lIT8fv92MYBrZt88mqVYw//nj8fj+R9ig7d+6kvLycRDyOLxVifvrppyx87z1s2+H8884lFEpHocjPyyUQCGDbNpZporXGdV369e3LuvXrSdg2FWXlNDQ2pKpVNZ7WZGdnkZuTi23bpKUFgWQf2uOPPZZ1G9bz1jsL8DyvSwje8dEnv9/1WRBCCCGEEEIIIYQ4VCRY/ZIxTZN/+8aNHHfcccx89FF+/OOfEEoPMWTIEPLz8vDQtDQ389lnm2htaWHSKZP5n//5KYN72LAKksFgae/erK5ay9ixY/H5fLS1tVG9dStnnnYahmFgKIPzzzuX/Ly8zlAvHo/jOg4jhg9nQCoM7aC1JhqJcuL48ayqqmLFypUMGzyky5g1a9dSvWULZ5x2GiNHHsP777/PylWrGTFiBP5AgPXrN3RuULWleguO41BYWEhtuI7tO3Z0zhONx9BeMuRMJBIMGTyIk048kTfnzaNq7RpGjx5Fbm4yQNy+fTv5+florXnttbkMGjSQoqIitKc5/vjjOjeR2pP2PJQyOOGE48nKyqKxsZE1n65NhrKeR1paGl899xy2bNnCiy+/Qk1NDX367GqDoQHHdcjOycYyLT5aupQLvnoe69etx/JZ2LbN6qo1KKV45dW/4jg2W7duIxKJ4PP5iMaiFPYqZNLJJzP3738nPRTCsix27txJNBpj9Zq1VK39lEDAz7LlyykvL2fgwIGsXfcpo0aNZOTIkRQXl/CXp58ikbAJhTQoxQknnNAl5GxtbcVxXXJzk6HpipUrueC886itC6daASR/tuOPP55Q+q7w2XVdXM8DpZh08sn8ceaj2I7DgP79unwGQgghhBBCCCGEEIebBKtfUmPHjGbsmAfZsXMnmzZtZsuWLTQ1NZGWFiQYTKOiopz+/fp19go9UMeOHcv6DRt55tnn6Ne3L1Vr11KYn8+ggQOoq69Hk6wwDQaDnedonQznPlqyhJ07a5KvtGs49thxGIYiHotjmianTZ3KzFmziCcSXa5ZUlTMnFf/SiQSpXdJMUuXr2DUqJGEQiFOm3IKc/76N1rbWvFZPpYuX87ECRNIT0+nX98+vLNwIS/PmUN2VharVq3m3HO+AiSD1UQ8jlKKkydM4JGZM5k3bz5nnXUmZ55+Oi/PeZVwXR1NTc1s2LiR8eNPQKde6X/7nQXk5OTgug5pwTTGjh3TWfHpaY32PKLRGFlZWTiO0xkyep6H6zq4rkvfvn0ZecwxzH7pZa6ffi2ZmZkdHxaxaIxgIEBp796s37iB/Lw8VkQiFBQWsnnzZqLRKN+4/nr8AT+O4/Dnxx5nxccrKe3dG8dx8VyX4cOHsWzFCurr64nH4yz68ENGjx7FKZMmoZSirq6OWU88waSmJk46cTyzHn+CJ59+hsp+/aneWo1SitzcHDzPQ2uPefPmEwj4cVyX4qIievfuTTweJxgMUNSrFztrasjLz6e9rR3P80juQKeZ//bbZGVl47oOmRkZDB8+HO25qZYD6ZwyeRJ/fW1u6pwk13FxbPvgH3ohhBBCCCGEEEKIz5F555133nm4FyEOn8yMDMrLyhg+fBjjxo1l1MiRDB82jLLSUtLT936NvSfBYJCBAyqJxmKE6+vp368vp0yeTCAYxHU9LMukoqysM2jsYBomlmWRSMRxXQ/bsakoLyfg95Odk0NBQQGhUIj0UIiCggKKUhWoHdccUFlJfV099Y0NDB82jHFjxmCaJoWFhZSV9qYmXEc8EWfCieM55pgRKKVIT0+noqyM2nCYaCzG8ccdx5DBg1FK4XkexUVF5ObmYlkWZb1709DURFlpKUVFRZQUFbNt+3ZCoRBnnXE6BQUFncEqCmw7gW07GIairLR010ZRWmP5fFSUl3e+4q+Uok9FBZZlEQymUV5WhmEY9O5dguM4hEIhsnergDUMg94lJWRmZpGRkUFlZX80mvy8POKJOP379aO0tDeGYWBZFjk5yeCysLCAtLQ0SkpK8Pl89C4pIRgMUlxcREtrK+PGjCEUCmEYBqFQCKUUmRkZ5OXlMXBAJbZtUxsO06tXL6ZOnkxhYWHnJlSu9nBsm4TtEEpLo6ioF6Zp0K9vX7KyMsnJyaZvnz5orSkpLiYrK7uzwtW2E9iOg2lalJWWYpgmxSXFZKSnk5+Xj2kalJWWdlYBa63Jzs6muLi4x9YUQgghhBBCCPFlEIlEWLRoEQsXLmTOnDksWLCA6upqmpubKSws3Ov/g3/Rkvu0/JCKigp69+59SK8tDq1f/OIX3HfffTz++OMsXryYkSNH7ioOO8q9/vrrPY5RuiMZEUIIIYQQQgghhBBHjUgkwty5c5k7dy6RSASAtLQ0AKLRKAChUIgzzzyTM888s8vmyF+kP/zhDyxcuJCJEydy4403HpJrikPvrrvuYsGCBSR2e7N48ODB3HHHHZSVlR3GlX0+ZsyY0eMY2flFCCGEEEIIIYT4MgnP465p05hZ9Q8e70HVzGlM+4dOrmLmtLuYFz7Qsf/4Gv8VRCIR7rnnHmbPnk1FRQU333wzs2bN4uGHH+bhhx/m97//PTfffDMVFRXMnj2be+65pzN8/aIsWLCAW265hYULF3b5esGCBV/odcXh8c4777Bt2zbC4TBXXnkllmWxcOFCWltbD/fSDhkJVoUQQgghhBBCiC+dSqqf6S7ErGLmjEfZcDiWJA5YR6haXV3NlVdeyW233ca4ceMAqKqqYs2aNYRCIcaNG8dtt93GlVdeSXV19Rcarj7++OM88sgj1NXVdfl+XV0djzzyCC+88MIXct1O4XncNW0mVXt9bxp37fGgH1D4XzWTaXvOd0RI/lJh2p5/7prHAf1OYn/C87jrAH+5sWTJEurq6mhububYY4/l1FNP5ZRTTkFrzdKlS2lubv5nV3NUkM2rhBBCCCGEEEKIL6GJEytYsDLM1Km7bVpctYj5U6YwZf78Xd8Lz+OuLmFrJdfedwdTC1PH/hcmVjzKo/OBKbdya5erhJl31wwe3TCFW2dNZ2jn1x1TXct9d0ylkCpmTruX+QAzprH51lmcu+MuZmy+hFu5l3tTy5ly6yymD+3mZva3xm6OV157H3d0HKyaybR7d93vPq9xBHnhhReorq7mxhtvZOLEiUCyOvSJJ57oDE47WgB87Wtf62wD0BFwXnXVVZ/rejZv3txjP8oXX3yRcePG0adPn8/12p0KS6jgURZVTWdox8+vbjMbKiupXLCS8NSpJH/iVSyaD1NuPcJ/yD3o+pwm/7uaMbOEWYfo4V2wYAETJkzghz/8IXl5eQDccsst1NbWsmLFCiZMmEB2dvYhWcvhJBWrQgghhBBCCCHEl9Ex46lYsLJLlVvVovlMGT9+1zdSgWTFrbOYNWsWs2bdx7WVG3j0f3erjtvwKAv63Jc83iXUSYWoFbcya7dQdcHE1NhZs7i14lFmzKwChjJ91q1MoZJr79stMJp/L890zH3ftVTf283r/z2uMVmFu+v4rVQ8OiM5T9VMpt0Lt6bWk7zGgbYjODzC4TCvv/46Q4YM6QxVN2/ezCOPPEIkEqG8vJzy8nIikQizZ8/ufA1/4sSJDBkyhNdff51w+PO9wblz5x7QuC+2JcBQxk+B6h277q1q0XymXHIJFRs201lHG95BNVMYf3TnqnsoZOolU2D+okNaYTt16lR8Ph+2bXf+ufDCC8nPzz+Eqzi8JFgVQgghhBBCCCG+lIYyvmIBKztzqCoWzd8jcCqcyh2zdq+MK+SYiZV7zFPJxGMK2VPVzBk8yrXc13Fy1Rwe5Vpu2q1Cduj0W5ky/5l9B5mVu40vnEoyO9ojOuphjeF5zzC/8lrO7Tw+lOmzZjF9aJh5z8xnyq3TGbrbXDddC4/OOfJeAO+wdOlSAM4888zO7xUWFnLGGWdwxhlncPfdd3P33XczduxYIPnKdoeOczrm+Lzs+fr/vlRXV3+u191TQZ9KNmzuWEuYHdWV9Cn4/+zdeXgU153v/08vEloQSwshMFsTEEY4+BmEx4BpIDjYJNeeeJlfEMuMA8mMk4sJ8LMSJoxNwLE95BLjCzEmk/ySxww3iGXuxE5iPzGOYwKSDdiAJ3YMRhgjgTCbWhgE2nqp3x+9t1pStySkFnq/nkdx6DpVdapO9amqb3/rVL4mz9yj4GFTVaGTo0ZoQKDUW0/F9Th98+UiH80PBf4v6a2nHtFTb70Vmv7UW7rkH54g1vqOvRT2aH97BxA+9lLEUAHB4RCaPO7ftvGKv/zlL8vj8ejixYuqr6+Xy+VSVVWVLl++LIfD0WJw1ePxqL6hQXX19TH/GsJehpXsGAoAAAAAAIAeKn/ycO0KDAdw7ID2zJysRZIONCkZ9qi+JI2a1vKC96zVWkmjFo5X8Gn8c6elk3tU9MiWqMKjtLC55QwfrPCQ7YARo6SSc7qkwTEKx65jVcVJafgcNQ39VqnipLRn7SPaEz1pZrNb1uUqKiokKTimquR77D/88f7du3fr448/Dk4LCMzT0RmrgXW15kYHVnPGT9OoLQd0bFG+8i99qBJN0+IcSSNGac+BY1qUn69L505r1LT7fcfDsZdUtGW4Vm5drXz5ApsxH6dvttwAvfXUWp1euF5b787xZ0A/pRFhw1Cc3FKhOVu3apH/+CzavFDrt25Vjj/T+tVjd2tRvi9wu/b0Qq3ferdy/NndT70VNmRFi3w/EmjmSv+PBMf00trTWrh+q68ex17SI2tf1bG7w35EaIctW7botttu03vvvaeKigo99NBDyszMVGlpqd5//309+OCDeu211zR9+nTdcsstMZfx+eXLqq+vjzmtb9++6pWa2gE1vfEIrAIAAAAA0FPlT9Zwf8BFB/Zo5uRFUsTDxKFg5Sh/8OjSW0+pqLUnukct1PrF0uaizXprfNhYp8ExVTtSG+vo1x3GVA3XWnbohg0bghmpY8eOjTme6o0OcDbnRr04KyhnsIarROcuSflVFTo5fLLvWBs/TaNKzumSBujDEmnaYv9oqwf2aNTC9cFgY/79CzWqyB+YDVvssQPhQUspf9FWbZWkS2+p5OSo4PKUf78Wjiryj13s+2jUwvv98w3QiFHSqGn+HxtyBmt4cA2X9GHJSc2cs9r/3fA92r9lV/jYsJGa/CAwKiw7XPlatHV1aOnnTktha2urzz77TK+++qpGjhypgQMHauzYsfrss8+0bdu2YBm73a5BgwYpIyNDb7zxhiZMmKCxY8eqV69ewTIWi0WZmZnyeDxyuVwR6+jVq5fS09PbXdfOQmAVAAAAAIAeK1+TZ67VgWOTpT0zNXlR1ORjB7SnLcHQ4YOVk5OvOTO3aO3mtzR+9d3KGTxc8o91GfeyTp/TJeUHy8fMPm2ljqEs1/yo6b5AV8m5S1J+x4Z6b6QBAwY0O62ioiIYVF2wYEHEcAFSKLA5fHj7g2zh60y0/A17gZXyNXnmSR2oCowX7D+gc8Zrmjbrw0uDVXFyuCbnSL6hAqSTe4oUmUQ9yheYDf7bV27UtBj7vapCJzVcc9p9+DSXPT2z2e9Lyz8IRL4kbtSo6OE72ua9997ThAkTNHDgQJnNZt11110qLy/XuXPn5PF4lJ2drZEjRyojI0NZWVnKzMxURUWFbrnlFuXkRG5FZmam6hsaIgOrJpMyMjIigrDJjjFWAQAAAADowfInz9SetWu1Z+bk2I8Jh7/459hLKgpEa+JZ9qKVmnlyiza/dcmfzbdHa8MHczz2kh555KXmX7hzcouCw51eeku79ozSwvtj1LKFOubcPUczw5cTHPtSunvOTJ3csjlsvMnAtOR9e1UgKBk+dmpATk6OlqLZ6gMAACAASURBVC1bpmXLlgVfbBUuME90kKs94n1xVVvLJ2rAiFE6fe6Yf3zVwKc5Gjz8pCo+PKfTweM8R4OH+7OcAy8v27pVW7eGZViHlQuN3RqxMo3SaZ1r9+HiC/LPXLk1qi5tfHT/2KvacnJm8KVsq+d0TCD9008/VZ8+feT1euV2u5Wenq78/Hzdfffduueee1RQUKD+/fvLMAy53W717t1bFy5cUF1dXZNlmc1mZWZkKDXskf/0tDSlpaXJZDJ1SH07A4FVAAAAAAB6svzJmilpZqzXpOcv0sqZe7Q28BKcXSO0fuVM6WT4S69aXLgWrQwEL3N09+qVmrlnbeilOmullcHgkS/bcEtRWGBz1Expl79s0RYNXxkd9IqnjvlatH6hTq8NvMinSFuGr/SNXZm/SOsXSluKQtNKpsU7rmXXCLyUKlaAsqKiQhs3btTGjRtjZpKWlJRELKO9jh07ptLS0oTmKS0tTTjLNRE546dJFQdUoWkKf6da/uSZOl1SorBoq/Inz9TJLa8qFLt/KmagP3/yTGnPgchyT72lSznjNW3USZUEvgzHXtWWk7Ff5tZKrTV+2ijt2RV6mdWxl1p+mVbrAgFf//irwVUN1nCF1/lA0zGGY7h8+bJMJpNcLpcaGxvj/pOkmpqaJo/8S1JaWppSAoFVk0lpaWkRgdbugKEAAAAAAADoSXLu1uqtd4d9kK9FW7c2++/8RVu1NWqIgNDk6GWFjT8Z+iCsvG/Z0SMOxFrXpbckaYTuXx2rfCJ1VIxtDp+0Ws1MSko5OTm699579cYbb6ikpCQiMzV87NTTp08rPz8ULA+80Oree+/tsIzVDRs2tGm+tWvX6t///d87pA5N5AzW8D1btGfmysjjZsAI6eTp0Hiokj+w/pSKHnnE/8EoLVwfI0u0SbmZWrnVN/TE3atXquKR0HACM1dubRr8j6fad6/WyopHwl7uFlpHwvxjvW4pekRbNEoLVy7UqLX+sWdz8nX/wlEq2uKv88yFWjhKai3UffnyZVkslpgB0paYzWZdv35dbrdbKSkpTaZlZmbK1dgoa0pKt8tWlSSTYRhGV1cCAAAAAAAgnO8FVNNuwMuuur/a2lo9++yzOnPmTJOxVAOZrNGfbdu2TcOGDdMTTzyhjIyMDqnHr3/96za9CGv48OExX6qF5PXnP/9ZJ06c0IQJE2S1xp+nefToUfXr10933XWX+vXrF7PMlStXlJqamnQvrSoqKmq1DBmrAAAAAAAA3UhGRoaeeOIJPfvss9q2bZsOHz6sr3zlKxo7dmwwoFpbW6uPP/5Yr7/+uj7++OMOD6pKihkcraioiBhTMz09/Qa+rAqd5fr16zKbzfJ4PAlllZrNZtXX18vj8TRbpm/fvh1RxS5BxioAAAAAAEA3VFtbq9dff127d+8OBjMDgdPa2lpJvsDm7Nmz9fDDD3dKnQLZsQHRGbXonsrKyrRp0yY1NDSoV69eysjIUFZWljIzM5Weni6TyaSGhgbV1taqpqZG169fV319vbxer+bMmaMpU6Z0aFC/M8STsUpgFQAAAAAAoBurra3V4cOHVVFREXw0f/jw4RoxYoQmTpzYqQGt2tpa/eIXv9CRI0dUUFCgRx99tNsF1ACJwCoAAAAAAAAAJCyewKq5E+oBAAAAAAAAADcVAqsAAAAAAAAAkCACqwAAAAAAAACQIAKrAAAAAAAAAJAgAqsAAAAAAAAAkCBrV1cAAAAgUcZ1pxr2bZK7/KCM2sutlfb/13Sjq3UTMMncd7DSH/hfMueM7urKAAAAAEmNjFUAANDt1O/ZINfR11sNqhqGIV9AlaBqfAx5r3ym2pe/19UVAQAAAJIegVUAANDtuE/tj6sc4dS2MWoudHUVAAAAgKRnvX79elfXAQAAIDGNcV6/mAitthXXiAAAAEDLrL5H5AAAAIAQrhEBAACAljEUAAAAAAAAAAAkiMAqAAAAAAAAACSIwCoAAAAAAAAAJIjAKgAAAAAAAAAkiMAqAAAAAAAAACSIwCoAAAAAAAAAJIjAKgAAAAAAAAAkiMAqAAAAAAAAACSIwCoAAAAAAAAAJIjAKgAAAAAAAAAkyNrVFWhWWbEWbyiVfd7TWjEtu+WyzhKtW7VfU55eodaKdui8ncBZsk6rtpc3nWCfp6dXTJOvymUqXrxBWr5Z88cE5hmq5Zvna0yzy2x++o1XpuLFr2hYku7zTuMs0bpV2xWjdX0cy7V59oWkPj4T4ztOS2NNcizX5vlddDQWL9YG+dbvLFmnVWce7Jq6lBVr8SvDwr7XnV4BFS/eoMpm+9zWpre06GL5uqh4+5ywYyWir0sS/vNTU4529qtJvt3dWMqcN5Q2LKvphOrXVPPSMx2yjrRF+5Wi5pb3pDKK7pP+OkW1uztkdQlLmfOG0nJOqP7Fx+TqgvU3ez0T1f87S9Zp1f4pN+D4d6pk3SqdedB3rdT9dWyfnch+79JzZbfW3HWQXfNuius8AAB6piQNrDpV8kqpHA6HSrfvVtm0GxgAzJ6mFZun3aild4wYQaey4sVatU7NXwDbK/XKuhJ9K3p6WbH/xmbojasv4hNx7DV3wzcm+Y/PhMS6efDdaKwb1oaAXQcYM3+zNnf6WpPY/l+pOHdF1HHoVMk6382gvTPqUHZIpckeWIxRP2fJOq1aXNz24Gp32O7urEkQtVDpjy1X1iJ1WHAVrWhyPeM79y0uDn2ePW2FbqrT3o3WQX02+72zNL0Ocpas06pVxcrtsoQHAADQHskZWHUe1f5yhx5ccYdUukGHyuZrTNSVRlnxYgUShuwOR/gUXzbk8inav8GfDWifp6dX5Gp38FfisIuaiIxV/7zzhmr79sDvye3NQLoxxsyeJ/uqM3JKzdyAT9GUoft11Dkt4uKt7JA/YB0zbTCJRGWEOZZHBhzD299fwHdTFiszzlmidavO6EH/Z5FZM0meJRB+fMq/HculDYGND2a1BjJfo47XVvZjchij2fPsWrX/qJzTAgEl3812qJmigk1R2b7BzHZnidb9SpoydLu2l0pyLNfTw16JysKJzPAOZKw+PewV/3GxQYsrfetzFi/WK8OWa8r+Df66+I6X3N1h/U9ENlBUNkpYEMGX4TNF8yq3B7crOG9YO61afKZL+5yhU6ao8lCZIjpd51Htl0MOe6kqpdiZ/glkpZYVL9Yrw+Zp6PbtwX3liMi49+2gVYu3+z+POh66MMO5JdnTHpRj+yu64JTGZEutHQ+/0pTgPrjjbrsOvRW93dH9Vfj3u0zFiw9p2LxKbd9eLtnn6fEp+/X8mQe1XBsU6iI2a/aFsGVE7Luo/arw4zmO82Fz38Ng/WJve/LYqboX85RRdJ8yZj/jzyT1BVutaaFSxpkNurZrp+8fBS+q98wCmWJNkyTdpoyi/bL4/+WJzlC9ZbuyivyhrvojUdmjvqzWwLzRy05btF8ptrBlhQWK0xbtl/n6EZmHFcikGrn33Ku6I+HLq5GnOvE9dONla9qK5TqzeIOK7wg75v19tqK+J7G/F9Hn8VjHXnboWN+wOCyLs4W+Jfp8Mn689GHfiO/AjcuujV9cfXZAk2z70Hc6er83d74K7fvQuTJbLbVJHH1Ja/Vq7twZ2NyWjoducB2UPW6K7DoT/Hf4kzSSIs+5zthPTNjnPa0Vububn5a0F7oAAHR/SRlYdR7dr3LHgxqjMZJD2nCoTPPDLhjLihdrQ+U8Pb15mrIDF8Wya0qwRLm2vzJFT2/erGz/BfaqxXbNe3qzNmf7599dpmkxr6zKtX1/YF7fsjcU35GEN4StG3fHUP3qqFPTwm50D5U6dMdyJXdgNRig2ey76HaWaN2qdSrxXyhHtn+gfOCm7A45FBmMDx1PYTcOm1eE5u1WWQKl2nBouTZvnu/fLxu0uNTh31e+4/WVktlhwbrm92Py8m3H/ilPa/MKfyi0eLFWFef6v4dlKl61XUOXb9aKMfL9e/EqFedu1vxsSeXbffNu9odoS+Jba/a0FXpakY83OiWVb39FU8L7jlWLZZ/nX35ZsRZvCGTVhwK2m8eEtmNdSdgNTel2nQlMLyvW4g2/Usm4FZo2Zr42L1cXDwXglztOU/bvVpmvB5bk+w5pyoMatt9/k549TlPs27U/rH8pO+QbuiXe71H59v3B/eosWadVG4p1x+b5GjNthTbnhg+L4O/jhy7X5hVjFCvDLTm1fjyE7wNJ+ubtkcNBhIZtWRHqvyIyYku1/cxybd4cCNbu9/0YuXyzfF3EOq3asFilDn8ZZ4nWrXpFJbNXaFp29H4NrM9/TGZLLZ8PW/gejonju5A0npG3+j5Z+xZKki+oWvuaal70BSx9Qwh8S+kFO32BypkF8gaDpU8qo2i5MmbvDAVPbdky9kxRzRH/vF/crrTd81Tvn2yxSa71U1QvXzA07bEXpRcfk8sfVDWf2aCaXTuDy+49R7q2a6cvqJpxRPXr/YHY2duV9cXwgLBkGWYLLlvRy/MHhIMVSSpjdIdDeiX0i0SE6O9Jy+dxX6Zm5byntTkscLqu5GmtWPG0FPFkSBx9S8T5xHdch64vnDq6v1yOB1ckf58t+c85lZr39OawgOeG5q9xmztfxTpXtnpt1UJfEk+9mqtLtvxPYoX6yYh1d5PrIOfR/dK8b8V3/hwz33cNGJjXf554cFq2pJamAQCAG8VsGIaS6++4dm8vl2NingzDUN69c2UvfUX7qkLTD5VKjgccshmGDMMmxzfnyi4FlyGFT8/TRIckxwNy2HzT8yY6pMrzqgorH3tem/In2yPKdv6fJEV/VqV9v9qucsdE5YXVW9Hz5E3U0P0fhep+/JBKHROVFyzede3c/PqrtO+VUjmWzQtum2Fz6Jtzpe27j/vab96LevH7gTbybacjuP2+9i49dDy4vI/2B46n49q9XZr7zfB552mZo1Sv7Kvq0v1hGIaMiDaMva8ku+bem+ffL/mabJfsc+/17yvf8Vp+piqu/Zg87e77ztsn5/va5fhubddcfdNhC5bJm7dMDn8/ULXvFZXa5+revMD8eZr34oualxfaR5PzbWHLb/odivi+KHx6VFnF6Dvk0AOBuuVNlEOVOh+ol2NZsB6Bvknbd+t4YNnh9c6bKIfKdaaq+Xp2RfvIsCl/cqUOHQ98XqWP9su3T4P7zX+sBfuX4zpUGr3fw/+i+pyo/WrLnyy7fz822RfHd2t7uUPL5uVF7NfI80Jn/8Vuq+PFG1Rqn6x8W7zHg69s7OX6z4Vh32Gb45uaaw/1V5KC58rg/GHHmG+/RvcZgWPOJsf3X9SL80Lz+8rHdz5s6XvY+rZ34PHaATzXa2TKzJMvg3VKxLAArk9OqPk1PaPa9VEZqdX7VHckfN5smQrC1vXXUJC1/i9HZKTlyVogpcyZLkv9ETUEM1SfUe1fy2Ua9qDSJNW/NEU14dmtuz+SJ7o61R+F4qazb5NF5XIHlnfkMTWcqYlrf4TrjO+NYRiyDQ2cu6LLKep70sp53N9fBPto/3H+/cC/fRsVd98SeT6Jur6o+kj7yx2amJfofujg70BcfbZvP7344veD/W7w+jjm+U8JnK9av7aSWri2jqdezdbFd60Tug4KLG+e8pL2Oqhc21ct1uLFob9V28vDjn8j6rok1NZNlle1T7/aLs39Udg2xjONP/74448//viL+y8eyZexWnZYpfa5+lHgZ9vscZps36EDgcwo5wVVyq7J4T++Zue2OmKofWg3/rW2dKMei84wtc/Vj+a19tv2GE0c+tvgcABlh0vlmDhP0uEbVNGO4FRluVS68bGmg/s7okqW/EQ/3FHeZPKYiQ5p42GVzRujMc6jOlDu0ANj5D92ylX6w8e0I2rR9rkduxWdaWhurGM7/v3Yucq1I+b+/5G+78+ocF6olMpL9cPHmpTSXEnOynJp6ANdlyFkHxpz3U7fDm/6Xe3aHd4m2eMmq/IN/6OlzqM6oMn6ZrZ0NKqMfUelbzgS5wVV2ifr3hvQKM4LlZJ9cuQ+j6PPv+HKd8Q4Rh1a9qIv27SsvcdDrHOdspWb8IYPVcwuIkzZ9se0MVhPuybHU70Wvoc3w3ch8rH7QEDyGbnOTFfaF/cr64tqw4uvamRcCvvnkXPyziyQKUeyZGZJteciXyp1qVqGbBFLiH4JV5PgaqBc32yp/kTEdNcVp9JyEqhuMmrlPB6zv2h2UYn3LWMmOqTfXpBTY5TtrFS5Y2JSPO0ST58d5CzRT364I/TizPZ+LTvq2qpN9fJd6wx9oDtdB9k190ffj8yYLduuxzb+ViX3fj+BTNoybf/hDmnuj2LM09I0AADQ0azxRmA7h1Mlvy2VytX0hrX8DZU55irPCP/VNrJI5GdR05tEmyMj0M3Na4T/Kt/ezWsDw5DkWKZNc/NiToysk6/e4XXOmzhUG98ok2OudLjUoYlzDRknmpu/c8VqwwDHsk2KvcmGnCXPafXOckkOLdv0PeXphHYs2ahgu+VNlEMbdbhsrmznD6jc8UBYZq9dhU99L+aFZtd+F4ywDIXwj8OOT0Ufq03nif5vS/uxa0Tu/xM7lmhjaSi7yFc3SfZCPfW9WI/EGwodvjG2Icb3ufnvcOS+jpwnqmSsviPW9Ba+q8646tF1fU2IIcOWr0mVL2lf1fc07ugBadIiX6aRFOpLbfmaZN8R/J5FlGl20c3st2b7YUNqoQ9uqQ+54Zo7RsPr2ebjoblzU9g64jlfhU0I9hVh8/i+f/5t2TRN2c4SPbf6YFznw1BVmu3E4zxvtZ2p9SJxsWRmybju61mCAdV6/2P3BS+q98zQdrh23RvxKH5W0X0xxlnteKGAarlc6+9Vvf9R/xutI88VzfWvki8Ybx9iU8T5Ldb3v5XzuG/ol+b60cjjv6Xru9jnXPmuL8p/q4+qHBp0uFSOiXO7+NpBirvPdpboudU7VS7ftcH38vx9gNT6fg9flxHVlq1eWzkj5vVXKbT8BOrV8rkz9t5JvuugGP163j0qtK/WgY+q5Ajbic2fI50qeW6jSh3LtCns+smnpWkAAOBGMHd1BSI4j+pguV2FT23Spk1hf08Vyq5SHT4hKXuQhqpcZ8NfwuA8Hzk4P0LyJspRelgnThz2DQPQ1fVplU1D7FLleWcz0506erBcjmWbtGnT3Ga2x/+43uESX9mJ/lKxjp2bVmv7MTnkzX1KhfZSbXyuRIGaZg8aKpWfVXPNZPNtmJJty5K1Xm2TrXGTpINHT+joQWnSuFgpL9kaN8nu/541V6YDahLreOgGfX67j4eY/ZVT5ztsw0/ocKn/fBvzR4yWtbR93eu78KTMNsl7Zaf//9fIvSfqsftYds9Tzfopqj9TI1POdKXEta4smcIzRgsGy+zPYvVcr5EyBkcuJ8fmDx4XypqTJc9fp6hm/by4hkl1XXFKabbgi7AkfxZrUjqhw6XS0EFx1K+V83hr549Wy7bat+RpoqNcB4+W+H6sTpqLqtb7bOfRgyp3LNOmTbEDjW1fdfuurdpXr5audbrHdVC4uL4DkpwlL2lnuUPLYuywlqYBAIAbI6kCq86jB1Vun6Qm14PZ0/SAQyo9fEJSnu4ptKv0t4FAjFMlL+1UeZOlwSdPEx2l2rixNBRgTGrZmvaAQ+U7X1JJ8FrYqZLnlui50AdhF8r+X+ajlpI30SGV7tTOcruGBJ+k9B87G3cEsx6lE9qxZIl2nNBNJr792PWyNW1RoezlO7U60Ah59/iCreGNcmKHlizxtVv2tAfkKN+pPwYnt7xdvpvngzrqn+ws+W3TxwI7Ykv89XoprB7Okue0JCxo3J1kj5sk7dyonYrRJ4eVsZfubLFMuzU5Hvx9vuOBpH7Esf3HQ9P+KnDD/ECHbXh4MOSEdqyO/1za0vew+3wXCpX+2H2yVL8WNk5qePDT97KqUGbsk8oo2q+M2aH5rTlZMi7tazkIG8Yy+kV/8LRQ6VMKZPKPyeratU+etAL1mlMYWtcX7TLOvBIMpJr7Bqb5693Sina/Ine9XdbA8gpeVK+wIQSSRyi7Lr44UCvncX9/8duwY+/EjiVaEusk38a+JW+iQ+U7dybdj9Xx9NnhP3g4S54LGwKkPTrg2qrN9Qpc6/wxtG5niZ5b8pxKnN3lOkjSiT9qZ3koUG8bYpdKDwe36cQfw/rmEzu0eqdU+FSM5IKWpgEAgBsmiYYCOKE3dpbLXrgw5uOkowumSj/9rUpmFcnhKNLSyu9q9RLfo3dTCwtlLz8YGqBfinhUssnji7EesWxu3uDkLhoKIKxuLZUKr3d0nUcXTJVKpYLR/u2KeLy8KxgyVK6dq5co8uFJuwrXFMkxulBrCtdrTdh0e+EaFTlsMgzJsbBQB9eslr/5NXXpGhX+bo12HipT4Wj/peToAk1Vqd62T/K/9ML3sc1/7GxcErpqn7r0Bc0d3fxjZJ2jmcd+w49Phf1/I/Y8EcdLi/uxa47m6O+XJMnmUNHSSn33pxv13JA1KnJky1G0VJXf3ahQM03V0hfmarRhyNBoFa4p1Po1S7QkOHmpXnDYFHriMGwdowu1dOp39VP/frAXLlWh/aeqDHxfwvoHW/4k2Xdu1JJS3/rCH4cMLNf3n6hHqw1DhhGoV+jYlL1Qa4p8L+wIVS3WvPIds+U/1eolB33fg04PGkbVx5avSXZJk/wvFQsdjKH90aRMc4uO3G9N++RQuaZ9lE2OojXS+jVaEmjwqUv1QuHornvEMa4+NNHjoelybY4irdF6rQltuJa+UOj/HsRxvmryCG14nzFahUun6rsbl/h/aLCrcM1STV3zUx08WiWHo7Xlt/A9NGwtbnuXDQVg8z26H844s0E1ES+Muk1ZgTFUVSP3ntfkmXmfLKMLpSPR0+UbZzXuYQBq5L5kU1rRfqVJvuEGgmO0PqPa9VJG0XJlFS0P1i0wxEDd/unqPTM0zfPXDXKPXi7rLU9KijXO607VvZgXtrxyuc/UyJrgGKsdOhSAJJWG9+s+9sI1esGRHVxX+HEWXo/Av1o+j9v854/oY2+0DEPKn2TXzo1LVDp1qV6Ym9dy3xLdLwX4ry9U0IV9kKRE+2ybY6EKD64JXjtr6lKtKfyd1uw8pLLC0cHRfGPv98h1RZ8r81psk5b7kuwE6hX73Om/1gk2om/dDpshw5aM10HNX/+ODvb9vn0S2J9Tly7V1NLfSYahskO+z5osY+pSLVXz014ggxUAgBvGdPny5WSJrAIAuhWnStdvkRZ2RSAYPZ3lV1/t6irc9Dzf+kNXVyEJndDOpUdU8NNCsgIBAABuck8//XSrZZIoYxUA0K04j+mgJukbtqiMLgA3Ba4RYzhxWG/fVaA5XfbUDwAAAJJJUo2xCgDoHk7sXKZlPzqoSd+YmvCLjwCg+3Hq7eeXadkmaUkhuaoAAADwMTmdTn5wBwAA3UrKS/e1Xgjt4lr0WldXAQAAAOgyzz77bKtlyFgFAAAAAAAAgAQxxioAAACa4BoRAAAAaBmBVQAAADTBNSIAAADQMgKrAAAAaIJrRAAAAKBljLEKAAAAAAAAAAkiYxUAAABNcI0IAAAAtIzAKgAAAJrgGhEAAABoGUMBAAAAAAAAAECCyFgFAABAE1wjAgAAAC0zXf3f07lqBgAA3YunsatrcPOzpHZ1DQAAAIAus+bMHa2Wscpk6oSqAAAAoFvhGhEAAABokVXuhq6uAwAAAJIN14gAAABAi3h5FQAAAAAAAAAkiMAqAAAAAAAAACSIwCoAAAAAAAAAJIjAKgAAAAAAAAAkiMAqAAAAAAAAACSIwCoAAAAAAAAAJIjAKgAAAAAAAAAkiMAqAAAAAAAAACSIwCoAAAAAAAAAJIjAKgAAAAAAAAAkiMAqAAAAAAAAACSIwCoAAAAAAAAAJIjAKgAAAAAAAAAkiMAqAAAAAAAAACSIwCoAAAAAAAAAJIjAKgAAAAAAAAAkiMAqAAAAAAAAACSIwCoAAAAAAAAAJMhqGF1dBQAAAAAAAADoXqzEVQEAAAAAAAAgMVaDlFUAAAAAAAAASAgZqwAAAAAAAACQIMZYBQAAAAAAAIAEkbEKAAAAAAAAAAlijFUAAAAAAAAASBAZqwAAAAAAAACQIMZYBQAAAAAAAIAEEVgFAAAAAAAAgAQxxioAAAAAAAAAJIgxVgEAAAAAAAAgQVYvkVUAAAAAAAAASIjVy1AAAAAAAAAAAJAQXl4FAAAAAAAAAAlijFUAAAAAAAAASJDVyyCrAAAAAAAAAJAQXl4FAAAAAAAAAAliKAAAAAAAAAAASJDVy9urAAAAAAAAACAhVmufgV1dBwAAAAAAAABIHtdaL2IyDFJWAQAAAAAAACCgqKio1TLmTqgHAAAAAAAAANxUCKwCAAAAAAAAQIIIrAIAAAAAAABAggisAgAAAAAAAECCCKwCAAAAAAAAQIIIrAIAAAAAAABAggisAgAAAAAAAECCCKwCAAAAAAAAQIIIrAIAAAAAAABAggisAgAAAAAAAECCCKwCAAAAAAAAQIIIrAIAAAAAAABAggisAgAAAAAAAECCCKwCAAAAAAAAQIKsN2KhV65c0dWrV+V2u2/E4gEAAAAAAAD0cFarVX369FHfvn27Zv0dvcArV67o2rVrysrKktV6Q+K2AAAAAAAAAHo4t9uta9euSVKXBFc7PPJ59epV9e3bl6AqAAAAAAAAgBsmNTVVZrNZV65cuTkCq263WxaLRYZhdPSiAQAAAAAAACDIYrF02XCkvLwKAAAAAAAAABJEYBUAAAAAAAAAEnRDBkJlGAAAAAAAAAAANzMyVgEAAAAAAAAgQWSsAgAAAAAAAECCyFgFAAAAAAAAgAQRWAUAAAAAAACABDEUAAAAAAAAAAAkiIxVAAAAAAAAAEhQUmasntjxXf307RgTrFkakjdJ9/z9PZqYm9GudTTPqdL1a7RThVpT5FB2u8t1NX89hyzVC3PzuroyAAAAIgHgBAAAIABJREFUAAAAwE3hhgRWO0a67JMKNCSshnUXjunYiTe15ZmD+uCff6BFt/fpuuoBAAAAAAAA6LGSOLCaq0lfnStHdCpo7VHteOZnevul/095TxY1nQ4AAAAAAAAAN1hSDgVg+P/XMAw1WVR6vgr/eYaOPL9Xv9tzSlP/3u6fUKvKg7/Rb/7wocqr6+SWZM0aotu/ukBzHEMVHDigtlKlu7bpDx+cVY07VpnAOl2qLXtDO3f+QccuumVNH6jb/25hzHLOj/6vXvqPt1VRJ6UPvF1/t3COHEMjhyqorTyo3/zmdzrySY3csiprdIG+9vDDmhRRLp5tcKp0/VPaNfQb+q71D/rZ3otS1p1a+MQ/6PYM6erR/9KWbW/rkxq3rAMLtOB//p2/ngYvFQMAAAAAAAA6SBJnrLbA7tAs2179/pNyOWVXtqQLf3xe635frSF3PqwFBTal15zV23/+g47sel516Wv0Pyf2keRU6c/WaVf1aM14+BvKt0nVR97Ub3atU6X7CT35pdzQOs7+Ts//LFcFDy/Qd2xuHfv9Tu3d9bzU539p4e0pEeV+9ss+yv/aAn0nq05H3vyNdq07obPfXaPCPF+52hM79ewLb6tuyJ16+BsFsrk/0d4//Fnb1h1T+XefUGGeL2Qa3zb4Hdymn+VOUuF3vipXdbrsGdLVwz/Tmv84Jg2ZoQUL8qVP9ur3L2xR1o1vEQAAAAAAAKBH6Z6BVWXJlivp2AVVS8pWuT54u0ZZU/+nHi/Mky+cOU7jCnK15V9+qSOfXJAm9pGcx3SwQrrzO0v19+P8ixqXr/S6J7XrgxNyfik39BIqt01ffeJfdI8/1jouL101//JLHfnghBbePi5UFbdNX33iyVC5iXnKfeZZ/f53BzWryKFslesPv3xbNSMe1uqiL/mXP07jJhXod8+s05s739WXnvyScuPdhuB687Xgu4WaGEx4Ldd/7TomjZijJwIv0xo3TuNH/1pP/XtFR+58AAAAAAAAoMdLzqEAjND/ib2odGX1l4LDBWiEZq3+sWYF5gkUs96i0UOkI7W1ajQMpWRlyWaVjvx+h/KzvqrxQ/soRekq+Kf1KgjO6597yFRNGBi2/sCyLlSryjCUHSg3epbuDC+ngZowdYh+//JBHbsyVVOrD+vdOmnCrLtkC6+bhmjGrNF6s/jP+uD8DM3KjXMbAlNG5GtEeth6L5zQh3XS+Fl3RqwnPX+WZtne1e8NhgIAAAAAAAAAOko3zVi9qotnY33uUq3zgs5evKiLJ47pgw8/1CcXJalGVyVlp9yuv1swXhXb3tF//OQdyZoum328Zs2apQn5uYoYFdWaEmsFTQ20qU/UR9lDRkh6XxeqJblcqpNNQ3ObLq+PbaCkT+S8Kik4CkEr29BcPa46VS2bpjZZT5ZsA+PbFAAAAAAAAADx6aaB1WpduChpxFDZ/J84j/xSm7Z9qGrfG59k65OrERPu1Pj39+r9sDmzC/5JqwuuqvLYh3r3z2/ryCfvate/v6vfjJijf318avOBy4Slq0+6JFf8c8S7DYlJkTW9zTMDAAAAAAAAiCEphwIILkfNDAVQfkTv1kkDC0b5Hnu/+q6K/+ND1U14RD+cXyBbMGnzgt58f6/elxH5eL2yNGTsXXpo7F16SC5d2LtJa1/+vfaeuksP2eUvFz1P088NSaq+qlrDUHjssvpshaSB6p9lyKhNUbqqVXmhUcbAyGzSq9UXJQ1Rrs2QcSX+bYhZvyybbDHX49SFCkljO65dAAAAAAAAgJ7O3NUVSFjdMe361V7VWcfqKxP8z89fLNcnksbfGR6QlHT2Xb1bHfqn69jL+tHKVXq5PHyBKeqTFf0wfwI+3huxDtV9ojffPCuNLtDodEn2CbozXXr/zXdUHTHjWe198xMpa6xG2+Lfhmbl5mtCVtP11H2yV3vjmR8AAAAAAABA3JJ4KICLevf1XTobVsO6ix/qw09q5FaW7lryDRUE4qEDR2us9R29+6ufKH3O/RqbVafq9/fq1SNn5QqbP2X0eI217tXeTT/R1a/M0J1DslRz9h3tff1DWUd8XTPsbahmVrXe/Lef6OxDX9aElLPa+/pefVw3Ql+ff6d/7FW7vvKtu3Rk08v6t5+c1UNfniCb+xNfueos3bVkloYksA3NG6JZ37hL74atJ73mHb36+w9V04bNAgAAAAAAANC8pBwKwDd3nSrefUcVYZ9b0/prxIT79OX7ZynfFraerAl6ZHmt/nPrq3q7+Ofaa01T/xF36v/53rdle+dH2vjOJ6psvEv9U0bp6ysfU/+tL2vf68V63z+W6ai7HtXKh/LV3zB8ww/4a2FEDAUQ/bn/3+Pnafmo9/Tz/yzWu/VS2ogJ+sdH56ugf2gYg7RRX9fK743Qyy+/qpe3viu3rMoadZf+8dGvqCA3zbcdcW9Dc/ULrOcW/edW33qUNlDjH/xHTXjv/+hP/vIAAAAAAAAA2s9kdHC07dSpU+rTpx2P1gMAAAAAAABAnK5evaqRI0d26DKLiopaLdP9xlgFAAAAAAAAgC5GYBUAAAAAAAAAEkRgFQAAAAAAAAASlJQvrwIAAAAAAACAZEbGKgAAAAAAAAAkiMAqAAAAAAAAACSIwCoAAAAAAAAAJIjAKgAAAAAAAAAkiMAqAAAAAAAAACSIwCoAAAAAAAAAJIjAKgAAAAAAAAAkiMAqAAAAAAAAACTI2tELTEtLU01NTUcvFgAAAAAAAACaSEtL65L1dnhgtb6+XoMHDeroxQIAAAAAAABAE+fOn++S9TIUAAAAAAAAAAAkiMAqAAAAAAAAACSIwCoAAAAAAAAAJIjAKgAAAAAAAAAkiMAqAAAAAAAAACSIwCoAAAAAAAAAJIjAKgAAAAAAAAAkiMAqAAAAAAAAACSIwCoAAAAAAAAAJIjAKgAAAAAAAAAkiMAqAAAAAAAAACSIwCoAAAAAAAAAJIjAKgAAAAAAAAAkiMAqAAAAAAAAACSIwCoAAAAAAAAAJIjAKgAAAAAAAAAkyNrVFeg4x/Xrbz+vfeEfjZyvf/vBDA1IYClVe3+sfy0+pZHzn9XKGa3NGVjndBX9fIFubX3hWvtEsU61oV6dJ8FtAgAAAAAAAHqgmyOwenybHn1+X9PPTxXrX79dmVCAcMCMH+gXMzq0dgAAAAAAAABuMjdBYLVKe1/2B1WnP65fLLg19PmPn9C2U/u0ftsd/s9jZGP6g7KBDNVYGauBz3xGasGzP1DMZNZARmpLZVrVNPN2+uM/1z/4N+v4tm9r/b7wz/zlA1mwYVmxC4YVa5t/QdEZuHFtU3B7FLVvAQAAAAAAgJ6t+4+xWvWR3jkl32P/EYG/AZrxg8c1XZL2HdLxti4+IgApSae07Ykfa29VdMnj+rU/CDn98bYGVau098dRwxlI2vf8tsTrfyoUVPX985fBOse3Tfu0PhBU9VVCv27rTgQAAAAAAABuMkmXserafHdC5VO+/C1f8G/YoBhjlt6qv50u7dt3RuerpFsTDnYe1+vFpxSe0RkISr7zUZVmBIcMOKPf/HiffPHdZ4PZpYkboBk/+LlCIxEEsm7bUv9AnQPLOKUzTkkD4t2mUFZsYPoZfyUSbSMAAJBcUha/1dVVAAAAALq9pAusJpWq8zojSSOn6DZ/UDNyDFan/7+ndMqf2jlsUMe8kirwyH+bBes8QLdNGalgBePepun6W3+AeMCgYZLCM1wBAAAAAACAni1pA6txZ1JU7dVISafOnFeVbtUAf5bnO1Oe1crbPtJvWglOVp0/0+66SpJGjtTIU6e07+W9+soPZsTIno1HILt0pBY8+3P9YkHg3y3N4g+UdiKyXAAA6J546gQAAADoON1/jNUBt+mukZJOFetftx2XNEAz/mm+VPyEHg2OETpMkYmkvkfrpSp9tL+FqOWAQRom37JfD4wvenybHv32t/XotvABR6er6Ac/0MPTo8omKjhebCCb1KkzzVTvjG8DVPXR/sRySePeJgAAAAAAAADNSdqM1fgN0IyHpmvb8/ukfc/r0RgZqiPnz5bvqfZsDRsp6dQpbXvi29rW6rJv1Vfmj9S+4lPa9/y3w14qNVILZt8qRb1S6tbZ8zVyX3HrWaunivWv3y6OrqT+7Z9amO6XPXSkpFM6VfyEHo1dpEO3CQAAAAAAAEBT3T9jVZJuXaBf/PxxTW+1oC+bdWTw39NV9HjLcw2Y8QP92/yREZ9Nf9z30qcYhfXP80e2PWs1MH9oRfrF49Ml+V4s5SvyT1oQUSSe7Y5eTQLbBAAAAAAAAKAJk2EYRkcu8NSpUxo8aFCb5w+M/dVx43ge16+//bzkf8M9AABAT9Xx11kAAABA1zt3/rxGjhzZesEEFBUVtVrmJhgKoDW36h9+/vOurgQAAAAAAACAm0gPCKy2zDAM1dbWqra2Vl7DUK9eqTKbLV1drZi8Xq8aGhpkMpmUmZGhjIwMmUymrq5Wh6I9kgvtkVxoj+RCeyQX2gMAAABAZ+vRgVXDMHTl6lUZhlcDc3NktabINzKCoY4dIKH9fPdbJplMktvt1uXLn+vzK1fUt08fmc03x1C5tEdyoT2SC+2RXGiP5EJ7AAAAAOgKPTqwWldXJ8PwKCcnR4ZhyO12q4OHnO1wJpNJZrNZAwZkq6rKqbq6OmVmZnZ1tToE7ZFcaI/kQnskF9ojudAeAAAAALpCjw6sXr9+XTkDB8gwDHk8Xnm9yX0T5mPIMHw3Y/369VXVJedNcyNGeyQX2iO50B7JhfZILrQHAAAAgK7QowOrHq9XKSkpcrnc8ni8SZ/dEmAYvnHYrFarvN2kzvGgPZIL7ZFcaI/kQnskF9oDAAAAQFfo0YN5WSwWeb2+G7DuchMmKVhfwzBksSTniznagvZILrRHcqE9kgvtkVxoDwAAAABdoUdnrAbewNvdbsQkdbv6xoP2SC60R3KhPZIL7ZFcaA8AAAAAXaFHZ6wCAAAAAAAAQFv06IxVKfIxvPbyeNy6fvWKLp2r1Im/HNL77+zRxc/OqtHtkTU1TYNHjNYd076sv502U31ttg6p982mI9ujM3XHOsfjRrRH4HHdcCaTKfjXEWiP1tFftR/9VXKhvwIAAADQ2Xp8YFUy5Hszb9tuagzDkMfVqHPlJ/TfpX/S0b+8r4uXqtRQe03yemU2m2Q1S4arThXH/lvlxz/SX4+8p68WLtAX8sbKam1bE/jqezPeiCXeHg0NDWpsbFRaWppSUlKaTPd6vaqrq5OkG/bGZdqjlaUYhmR4pIZLsla/pRTnH2W9/oFMngZ5MsfI1W+GXAO+Km+GXTKntjtgQXs0Mzf9VQejv0ou9FcAAAAAOheBVUmBe7C23Ix5PR59+tH72l38C53+9KSu1LnlNkzKTEuVS4Ya6z2yWkyymCWL2SxDHv1l/x5dvHhBjzz2/2rMuC8mvM6OypJJVq21h2EYamhokMvlkmEYev/993X06FFNnTpVdru9Sfm6ujrt3r1bKSkpuu+++4Kfm0wmpaamKjW1fTfGPb094luIW+arHym18hdKvfSaTO6rwUnWus9krd4vq3OPGoZ9R57sGTIs6W1eFe3RPPqrjkd/lVzorwAAAAB0ph4fWDWM9j0++HnVBf3pv/6Pyj8pU4PHrAaPSSlWi0yS0lNT5PGYVOf2yOPxymQylGKRrGaTTh37QLte+qUW/8uT6p+d3YZ6G2pnUk5Saq09vF6vLlZV6sTpA7pUXSm3262qzzy6XO3Rex+8pmNnmg4b7HYZOnfBLZNJ+kPJz4Kfp6SkamD2cI0a9rfKsd3Srjcy99T2iG8hXplqy5VyeotSzr8qea7LaDK8s0vWqgOSR6q39pen30TJRHtEo79KLvRXyYX+CgAAAEBn6/GB1ZDE72oMr1cfvVeqo/99RCZLiq43Gmr0SJnpFlmsFhleQ71SLTKZpEaTWS6PR41uQ4bFUFqvFP3l3Xe0540/6Gtfn5vgI7a+ut7cN2KxN67KeV4HP/pPHa38L9W5qiSzIYt3sMx9c3S67rQM1+cxFmWVJWO0JEMfXTwe/NhkMiuzKleXa/5ek744R9n9c2U2t+V9bj23PeLivq6U828o5fyfpIZ6GWouAGHI7PyLrFl/lCczT0rt38YV0h4x56C/uoHor5IL/RUAAACAztHDA6tG8C+Q6ZKIxoZ6/eVAiepcXnncXl1r9CrVYlbv9BSNHjFARz+5IK/X6ytsklJTLJJhyOuVZDKUajXrj6/+TjNmzZZtwIAE1mwKG5PtZroba7k9GhsbdfzUO6pwvi5TilP9+5hlTZFMuijpor9UrJtgQ9KJmNMN46KcDX/WuYsT1K/PgDY+ltkz2yNeJleNLBfelq45WwhS+LkaZK56X6Yh1fKm9GvT+miP2OivOhr9VXKhvwIAAADQ+Xp4YFUKvOjCMLwJZ4xc/bxaFz87qwaPVOf2ymwy1LuXRaNH5OjeqXnKSEtV6aGTkiGZJLndhjyGVx6PIZPJkMew6HRFhSpPlyf4eK0h3xJvxpuw5tujurpa1+qPKq3XOeUMtCqzt1nWVJPaM0SdYUiG+7yuXPU9ptu2x2t7ZnvEy+yuk+lKhQxXfNl1pitnJde1doyRSHvEQn91I9BfJRf6KwAAAACdi8BqO1y/ekWuxgbJZFF6iklDcvvrjr8ZrYn5ucq1Zej+u2/T0MH9dOSjSlWe/1x1dS41uqUGeeT2SG6PV2aZdbKsTF/8m4KEso964mODtbW1ysyo09A0k2zZVqWlm2Uy+25J28qQZHg9ul7Z0K6XnfTE9oiXYUhGo2S44gsCGS6T5G3/OhGJ/qpz0V91T/RXAAAAABLR4wOrvkcG2/byiLTM3vJaUmU1S18YZddDX39AY4ZmyaiplNddr3RrL82YnK/JE8fokrNG5y58rovOq6qqvqYr1+p05sJVHTtVJa/Xm/BN8s36souW2sMwDPVOT1ff9Gz1s1llTemYdZqUosrzKe164UlPbI+4l2HuJaPXMOnzc/GVT7lFhiW9nYEj2iMa/VXHo79KLvRXAAAAADpbjw+sSqGbmkRvjHr37a9emVlK6XVF9/zd13Tn9C+roeqk6uqdMpvMksmiRkOypJo0dGhvjRg+WPJ65KqvlTwNOvrpRa3432/I/oVRwXrEJ5DzdHPeibXUHrdkP6qRI9d2wEq8kqtWRt0Vea5VqfHqQZnPvC1v7wEy9RkiI7W3TGarZI4na6nntkdc81sz5R5wp0wXjkuN11subDLL0+92eVP6tyNQQXvEQn91Y9BfJRf6KwAAAACdqccHVsPvhRK9MUrtlaYx4yeqf1YvTbzzDpksvSRLmsypvWWYrZLJHBw+zWUYcrk98noMeRoNpZgMebxeDRk2TMNGjmzDTdnNeRPWUnsEMrS8Xq/q6up05coVWa1W9e3bV1evXpXL5ZLJZFJ2draqq6vl9XqVlZWlzMxMVVVVye12a9CgQTIarqnxzHsyVx6UyV0vc6ZNY3L7yGQ45Tn/idyfOOVJ7SNjUIGMnLFSrz6+tmy55h2/M5JAe74fAV5rplxfuF+m6jOylP9J8jTGLmiyyJszTq4Rs+Xt1bddGWC0R1P0Vx2P/iq50F8BAAAA6Gw9PrAqeWUY3jY93ipJd0z7kv7iviKrySOT2Sxzr96ypPWVt9ESEagwZEgej+RukNfVIHm9qq5x6+F5/6B+/W1tfLT2ZrwZa749wgMVn332mQ4cOKA+ffpo0qRJev/99+V0OpWSkqJ77rlHb7/9tmpra1VQUKBbb71V7777ri5fvqx5D98n19Hf6eqxPyl7xG0y2/JkMplk6tVbJksvWfoOVarXLbfzUzUe3SVX7yEyxvwPyTZaMjf/demJ7REvQ5KROUSm/EKpsVHms4elxmthURCTlNJLXlue3Plfl9s2Vl4jMGfb0B6x0V91NPqr5EJ/BQAAAKBzEVhV+14cMdT+BTVMnKaqS5eUlT1Yll69ZcnoGyoQfNmvIcPi9t08mS1yG1ZlDBqrCY6ZCb0EJrLON+eNWEvtEbgBtdvtstvtwc9nzZoVUe5rX/taxDyzZ8+WGmvk+ctWmc//VQO+cLtkeGXyuiSTWV7npzKl95dhtspkMsmc2lupQ2+Xyg/KdeiXMv7mG9LA/GaDFT21PeJehski18DxMu74jqy9X5W58ohM1y5KXo+MjP4yBubLfetX5R78N/Ja0zuozrRHNPqrjkd/lVzorwAAAAB0JgKrfm3NGLFaU2TPv13eaxflrrsmpaTJkm6TDMlwN0omk/+uyZDX0yg11stkMsvIyNUXCm5XWkZGGzNVbu6bsFjtEcj+8ng8un79uqqqqpSamiqbzSan0ymXyyWLxaKBAweqqqpKLpdLWVlZSk1N1ZXPq2U795oyyl9Tin2mDFeNPJfPSGaLTCnpMrweqeGaL2hhGPJ+Xilz31uUMmisvMffkvuvO2VMXipl5jRX4xu/U7pQuzOq3PUyf14h0+VPZWTmyJM3SzJZJZkkr0smb4PMFz6Q9fKn8vQZKq8tT97euXE80txsjdte126A/iq50F8lF/orAAAAAJ2lxwdWQ28QbvuNWEqvdJmtg9TgqlWq2SVLWpYkQ97G66H0GcMrb73v8URTSm/JNka9++a2463OHZOZk2xaao9AoMLr9aq2tlYXL15URkaGMjMzdfnyZdXW1iotLU39+vVTdXW16urqJEkZGRmqP3tIKRX/V9b0LKm2QqaMwbL0HyKTt15qaJRkkuG6JnklmQyZUtMl13WZLL1kzsqV+fTb8gz5Wxl5/yPmC2J6YnvEtwCvLJ+XK+XTN2WtfFfmaxd8wbu0vjJ6ZUkms0yN16Taapnqr0hmq7xp/eTtP1KukTPk+sI9Mqxpbax34tVNdvRXyYX+KrnQXwEAAADobARWw27C2pPh4rWkqs7jkdntVmpaqixp/WQ2p/qyvuSV19Uow5BM1nQZmUPkzRwk32CGbQ1UeHUzZrm01h6GYchTX6de1y5raN/esjQ2yNpYr9zcXLlcLlmtVlmtVuXm5srtdis9PV1Wi1l9jf9WelqDzH2/IBkNMnlrZZjNMjxuyWuSDJOvKby+bD3JJMPTIJmsMqf1lryNMpW9Kq/9S1Jq7xj16pntEc5sNjcpY7nwoXr9dafMnnop51Z5hk6U6XqVzJ8dkbmqTCYZMkxmGX2HyZN3r4wMm0z1V2S+XK5eH+6QxXlS9bfPl5E5MLhMk8kkr9fbSr1pj5bQX3UM+qvkQn8FAAAAoLP1+MBqxzHJY07TlWtV6mcyKy2rv7xmi+RplOFulMnwymxNUYO7tzwZg2WypMk3oCESYRiGvB6PGs6U6/P3SpUyxK6U/tm6eKVGdXV1SktLU2pqqi5evKi6ujoNGDBAfSxX1bfuI1nTU2Skpcoks7yeK5LMMskqQ2Zf5pf/z/D60ocMQ5LJIsmQyWKV6eJfZXIelzF4Ypfug2TkMdXoivuUUsxZSrcOkElWmSS5B9vVmLNYNa4KVbtOqNF75f9n7/6jo6rzPP8/763KT8IPQ4IBNOkQRoy2tj0tNHGHX3F222lxensQZg9ohO/pGRf2+23nEM8eka8iuGh/9xBmnN3Wtbe/XzC07A7I9OyIMz07Y8AwAzSobauYxgZjgmIgIfwI5Ef9ut8/7q1fSVWqKj8ryetxTo5SdetzP/fzqfrUve96fz6XXNdcbq74d0w/sgv3mX/CN++7XKpYxYWe9+jyt5FlziQ/Yyl57lswXTkYriwsoxMLH52+C/j8XeS55uCyJo32YY9hGq9Ggsar9KTxSkREREREhooCqwxNBpjNoPvGNT7/7H1mls/nplllZBgQ8HXTc+UC7b/9NR6vn9y8EkwY1Nw/ywpmKo23LJf4/RGaWmsYWKaLQNcNfN1d+P0BPB4PXq8XAL/fj8fjwefz4fP5cHnOkWF24nL7gRsEAoZ9Ax7LDbgwLBPLsoNGAQzwB7D8OIlgJvi6MQDT7yHQ2kCg6Hf71noC9kckH918fv3vuNB1jFzXzWSYU+xMLctHt/8S3b42vNYNLMuPaWRyU1Y931xWTWH592i5OY9ft+/kcs+nWJYXw3CTYUwix11AtrsAAzuzzBO4Spf/IrNylzJv8lpMKzd+rSd4fyRH49XgabxKLxqvRERERERkZE34wKoVvAP2IAIVlmVfDvkscLkMjI5zNPzv0+TOLuemmSV4Oju40vwJWd42Js2ex3VvgEy3nwzTwDQHngU2Htdk668/cnJy6OjowNfdBbmTyLj/35Lh9+EiwNSpU8nOziYjIwPTNJk6dSoej4ecnByyujox3QEM12QwenDhwSQDy3BhWSaYJgHLAL+JiYFlQMCwnEwwF5bvBgY+LNPA6LwQ930y0fojksvIwWVk0uVrpcvX2m+Zfqubtu4PeLdtO4tu+QuOffEIXf62iH166LE89Hgug+e3fV7vNnMwyUr4eZ3I/ZGoDI1XQ0PjVXrReCUiIiIiIiNtwgdWIzNEBhKosICugMElj8klD8zu9lIy6xZyp3TRcrGJpvONuLNymDZtEjfnz8CDm39p6eCCz+DWySbF07K4KceNK4WAhTHwpQ7HgPj9cdNNN3HhwgXaOm6QX1ZOkRFus+m9SikoKAj9f4bPhWn6MKfdiXHzHxD48n9hdLViBXoACJCB6dzMOWCZ4DIwLezptQEDw9+BYQYw3Qb+GPWaqP0RZBgGLiOLaZlzmZF9L97Adbr8rXT7L/Vbsj/QgydwLSpIEZtBtms6Oe5CMoxJTM2Yg2lk2PldMeo00fsj0as1Xg0ljVfpReOViIiIiIiMLAVWQ9ktgZQDFT6g1efibLeLL7vdlE5xUxAwcVs5FMyexZSyb3OtxwOmQW5OPhmedtw3LlIy/Sb+5/FOPms6z/zZk1k6dxrfmDWZyVnJdUfwzsfjc9pg/P4wTZNZs2Zx4cKFUHaXy9X3jtd9eGCK6YaOU1hUjrdyAAAgAElEQVQlj8BtP8S4/glG53nwezFwYV36FVbXZSyXE7FwghVWwA/WdcgEy2di5UyNMeV3YvZHkMvwk+X5gts9WZS7lnLD1c357C4+6Xybq57GuCUHLAssg0Cg/3a7KWsu5TlLmOXPJZcsrB7wGl/S7ZptZ+71rvEE7494NF4NB41X6UXjlYiIiIiIjCwFVom+k3CyejD4xGPyRSCTKwGTTixKXQbu/FuwrvrxZ+TQ7b6JrvP/FdPfhCdvCVmTv01O/p3kZkzHxRl+e/Eq5y9f5+OWK3z3jkK+e/sMpudmJFFfBhRYGSv664/JkycTCAS4evUqN27cSHi3ZYDrAYsCKxu39zyBz35MS94qutyluF1zyHR7meZtINu6YU+7dZkEMLAw7Qwjfxe4ejCyDALuDPz5vxMnUDEx+8MwDDL9reQ1/TkZlw9j+K6Rm1nI1MJ/i3f6H/HLCzvilhswA1gW+L39t9ttNy2n/NIpMloPYnrbsNzT8Ey/H6tkM53ECxxNzP6IR+PV8NF4lV40XomIiIiIyEia8IHV8Jpsyb/GB7zrc/EpbrIzXXRaFpe9Fkdbb2DeNIVvFt6N0dnN9fNvMavn/yV70g06u45x9cY3ac99AGtKJf9mTj43rhby7udtnG27xt73u/H6A6y4ayZTs/vvlvF8/ZWoP0zTZNq0aUyaNInu7m78fn/CC9IMcglcK4auSxgdH+Nqv8SV7q/hJ5dpWTeYmnUOgw4wTQzLwHAZ9k1hAl4CZhdkg+U2CWQV4582L06dx6dkPh8Z3jbc5+uw/J32Hcu7L5HReYDi4l/wz93/T9zX+ZzsMm+3v9863JL9LdzNL4DvKgFM4Brurv+N+5b/C8uYEqfO41O6jVff/3oRN+X0H1ydyP2h8WpkabwSEREREZGRNuEDqxB9w4tkfGa4+ZXppiAngys9FhcsP/4Mg6t+g31f3uCTiwG+bV1gzuVapk0xMPwW2RkXyDP+kevd73P5+lt8M+t7fG3x/Wzq7uHzi1e42HGDv/nwC2bkZfL7cwvIcptJ1nv8SaY/MjIyyMhInC1nm0aneT+uG6fJNG8wI6OFya5WArjIMCATA8MwARMwAAuX4SdgejEzLQyXgeU2uTFzGYGMyXEbfsL2hz9AoMMLRPbHDbLMafj6CUJ4DT9Y9LsNQJYxBetaJ1ZU+R4IBMAVfy3FCdsfvQzneDU1282Dt8/QeKXxKm1ovBIRERERkZGkwGrEHYSTCVRcM1zUB1y4czLoxuBcwEeHESDDBCPLwEMmV9pa8F57i5szPiFwy/+N1XMe16X9ZFnnycy6yJTsOi5d/yVT8/6cZbffw2sdXfhveGhuu8LPP/iC2VOyubsoD8OIf4MYe5238Xglllp/JKOnp4d2z21Yvj8gv/swMyddZZLbg53LZ9h/lj/UnIa9lB6mCyzTwDItuqfcTdeMpVj2lXGffUzk/rD8LqyuSWD5wo+5svH6u/F0xZ/67HOm1va3DYDX10OgZyqGvzv8oJGBFTCxzNj1msj9EWm4x6u/+eAcc/JzNV5pvEoTGq9ERERERGRkJU4zmiCSuSa2gDOYXM10k+N28ZU/QIvlo8MM0GFaXHcFyPB1kN96iuJrf0eu34fZ+PeYOXfjm/Nf8E2tgu4CMnv8zJjkYVJOFgG3G7LcYJoEvD7eO3ORQw0Xue7pPytmvBvK7J3f/vZT3vvVR+TN+3fcmPUnfH6tgG5/JnaQAuyetTCcPwwLw7QwXHawwp8zi46Z/w5/1kz7Fs4TUH/94XVPxzvtXxHozCLQmUmgMxvP7H/Lx1/8Dd7uQPy/ngBWwOp/m+4ADRf+CW/RdyPKz8I7fSlec/KEXZcwXcarDxvbNF6h8SrdaLwSEREREZGRMsEzVsN3D7YsK+GNRboNk88NAzPDhdewaCNAh2lf7roNC1fAx7QvP2dmaz1FUy7hm/csRs95zFN/gXvabQRmPoA/71vQ8hOuBYr5+MbXebOxBSywAhZGIIDX66Hh/BVaO4qYlBE77m2aJuGpjuPpQi21/khWy1df8f7773Puiy/4gwe+Q0b+w5y/doCSyRdwGREBIXtWLYbhhC6MDLzumVzN/yO6c+7ATirqW6eJ3B+GYdCdOR3XNx7HnX0rXDuP56Ziuub+Pu999HS/6xH6MwJYARKuWfir5reYM+8pcplExpUvsabdin/ecrrNPKxA3wywidwfkXpGYLzyef0arzRepQmNVyIiIiIiMvImeGA1KLlpnJf9cNkwyDJMui2Ly4EAN7AwTXBZkHvpIlM/e5fbfL8m1z0Fmo5hzF5IoOzfw+X3MRv/CldWNj09mTRl/mteP3eNa10eLJ+XgMdLwOfD8ht80dbB5es9fC0/J3Zth3DaaXoa2uMzDJPOzhuc/+ILDhw4wKLfu4/OjD8gz3yfaeYXWL5u/AEIWHZ2l8sFZsZUunPu5PrkxXTnzAMj/vqIE7k/LMvC4wf/1HlkLf46l69/xulz/0DD+09x+XpTv6ljvmw7COLr6T8gdb71E/b2bKW8eDm3/e4fMzWnmJ4eL35/7ADHRO6PSFcDGq9Ghsar9KLxSkRERERERo4Cq4SvpRJd3PgCFh5fgB6/H49hcN1v0WVZmIC7u5vJn37C3JbjlM64hPtrKyHDReDzesyMbKybv06goBjry7/hfE8R9dzKifPXsDq78HfcwOrpAb+FETBwWWD0c3Foz+4cvxdiyfZHsqZNm4bX68Xj8eD1eXnv/V/zjW/cTVbWXAoyWzC9V+nxGXj8Jh5PD/7uG+Rkl5J907cwM/KiKxWD+gN8Ph+mFxrP/wsnG16jq+dKwnL9Xrs8nzdRpl+AlrbTdFxvIyczn5zZM/H5fHG3Vn/Y/IEAHkvj1XDTeJVeNF6JiIiIiMhImvCBVcsKZ4wkujCebviZ5/PwwQ2Ttkw3nb4AnoBlr3zXfoX8xo+4J3CW6dcvYH78TzD3X2GV3E+gpx2r7Qymp52O7kw+6rqLf7rm5+qVa/g7urC6usFnYZpuCiblsPi2Gcyckt1P1o0RcefjoW6R0ZVKfyTrlltvZXpBAZ83NpI7aRLNzc1MnTqVnNw76Ar8DleuXuHq1at2MKMni57uDKZM8VNmXaZoZjYulytBndUfAFbAIDvjJtxGDlYgcaDCvmFLzNnKMbnNSWS5p2EF+g+aqD9s07CGfbzKz83WeKXxKm1ovBIRERERkZE24QOrwUyRZC6Ksw34pulnireL970uOr0WZiDAVcMg4PFh+S18ZhZWwMBseh+r5QzGzNsIlC2E/DvxffYLGtsy+eeeAs7c8OLrDJARMJiWm8u0qW5mT8lmfslNLJxTQH5eZvwaW8E6D00LpJfk+yNZ06ZNY+HCClq++orr16/j9Xi4dOkSl9ra+G17O583NXG5vR2v10sgECAzM4ObZ9zMpEmTKCgsTCJQof4A8Pv93Jz/dYqm38H17lYCgfhZWqlymZnMKrib6VNuizulNkj9YcsagfHqm7dO4/fmFmq80niVJjReiYiIiIjIyFJgFUjlYizPgK/j5xbLzyIXfB6w+MIP17JzuFL0O/yvj8/R5svl9/K+pNjXgtH4LtZXv8UqnM01M4tfXf06HXkzWHhrIbkuF1MzXczIyWTW1Cym52YwPS+T7AyXfV+SuFNrjXF+o4uhDVaYpsldd92Nz+vj0OE6rndcp7CwkCtXrvD+++/R09OD3x/A7/cRCAS4ccNOSTJdJi6XK2E91B82n8/HpMyZ3DtvLZ3dl/my9VdY/bZJcu1lGi5unfEtfve2NeRmzsDr7T8Aov4IG+7xKn9SJjmZGq9A41X60HglIiIiIiIjR4FVwtMGk70wNoF8A/JdUGyCx7LwZWZxY+Hv8tm0XN779a84/mUji/IvsjTvHDO8X2FdOMtn7q9zNW8u3/tGGTfddBMuE9yGgds0yHAZGPZia2AluLxz7nw8PqXeH8nIysriW/feyy233sLFi62Ufu1rXOu4RktLC2fPnsXv92FZFoZhMGPGzXzjnnsom/s7mKaRsB7qjzCv18f0yXfybxZs4YPf/k++aH0ftyubKZNmkpczg+zMyVhWgMsd57jS0Yzf7yMrI4+5t1QyLe8WDMOgy3ON650XuHajBV+gh68VfZu756wkN3M2Ho83cY3VH1E0Xg0njVfpReOViIiIiIiMLAVWQwZ2YZNhQIZhgAlTpk7m5vnf4uvl8/joVAO/OP4ub124me/OvMTXJnXyzrVSCud8ja8VTcc0zSGu/3gz9BeaGRkZzJ59C7NmzcYwDKZOm8bDK1dx8eJFLl1qxe8PkJeXx8yZM5k8eYozpdYY8nqMTcn1h2VZ+LwWOa5bWXz3fwSzB9N04zKy8Hh8WJbdotk5mTRfOElO1lS+t+jP+VrRffR0ewA7gyszy4Uv0EMg4MXyZ+PzWkncNGYi0XiVXjRepReNVyIiIiIiMjImfGA18mYXgcDgL4QMw2DK5Mn8q4ULuPvOct771a/5h1+fIrPbYt7vlHHn7bcBDGpfhmESzMwZb4a6P+Lvx2677OxsiouLKS4ujrlNMm2s/ugrEAjg84FhuLDbpivq+e5uL4WTv4mvx8/NU+Zz9cqNqOe7unAyIt1YVuKsr0jqj+RpvBocjVfpReOViIiIiIiMtAkfWIXwxdhQmzx5MksX/x7f+uY3sCyLSZMmJbyxSDKGetppuhmu/hgu6o/+Xhv/dT09PQN+baLXqT9Sp/FqYDRepReNVyIiIiIiMpImdGDVXqMOwksFDs/FTV5eXtQ+B89e3zC0xuE4MVL9MfTUH+lF/TEYGq+So89HelF/iIiIiIjIaJjQC+f5/QHcbhOXy8Q0x85FjWEYmKaB220O6/TTkab+SC/qj/Si/kgv6o/0ov4QEREREZHRMKEzVl2mfbOPrKwMvF77RhWBQIB0TXQxDDBNk4wMN1lZGYCByzV+ulD9kV7UH+lF/ZFe1B/pRf0hIiIiIiKjYUKfxefl5XHt2g2mTMnFsizcbi8+nz9tpxAahoHLZZKdnUlubhYdHV1kZ2WPdrWGjPojvag/0ov6I72oP9KL+kNEREREREbDhA6sZmdn0+PxcO1aF5MnZ5OTkxVxIZZuF2P2Gmxut30zmY6ObsBFTk7O6FZrCKk/0ov6I72oP9KL+iO9qD9ERERERGQ0TOjAqmEYTM7Lw+PxcPnyDQIBf9qvzRYIBHCZLnJycsnJycE0x88yueqP9KL+SC/qj/Si/kgv6g8RERERERkNEzqwCuBy2VkiyhRJD+qP9KL+SC/qj/Si/kgv6g8RERERERlpSo8QERERERERERERSZECqyIiIiIiIiIiIiIpGgeB1Rb2r8olJzeXnFX7aRmyck+wY8jLHImy098vd+SSk7uK/el68C37WZWbS86OE3GeXkVObi5xnk5vJ3bYn5WYfzv45Wi9NxO0+fjltPewHPvA+3JMv8eHS+RnJ6phIvowdwe/TLFYtXXEd3iv74Vg2+Tk5rIqpS+MyDL7/q3a3zJq7Z72338iIiIiIpKSsR9YbTnC/oPO/x/czxFdrEiaadm/Kn2CJguepKuzk67OTg5vA1hO7WedzmNP8u3Rrt+wOMGOdP0R40Q9zwT//9n6lINyMkpONIXfT5F9KIN0kKbm4P+3cCT05Z6qIlbuc8a1z17jIYBth0Nj376VRUNS23STVt81IiIiIiITxJgPrLYc2c+bwPPbtgEH2T9kkdUFPNnZSde+lYzPSzAZqKKV++jq7OTJBYm3bdm/itLHBhocGA3j7X1/gh25S9M28PXL+meB5Ty/bTnwLEcUFBkbIn7Ea2k6ASznoeWjWqNx45n64IegmaaD8NDy4WnYVMbxsWDsfdeIiIiIiIwPYzywGsxo2caiJxfzPPDm/iO9MtMip2n2nappT8sL/4WzPXpPo42eWrhjx46o6YmhaYX7nSnNg51O3RJRTp/pinGOyXlN5JTJPtMdo6aCp+t0xF7TOONOux2dY+9Tbq++CvX7iR2hC91nlo6Vae7R7/uY7+vcHfwysi2j3ucD6Luo3e+I3k/EU1Gf1d6frZh928L+VU5Q9eBjlIYeT6IeI+IER54Flq/kkUdW8hCRQaWIeq7awY6YU6UTPR9ZVPR4BYOdktxfP/eehh3ZH736rvcSEP2Oe+nhoW3beCj0I57zHbR8AaH4nNp6gLbx/DbCmdtOJvCCBcGWbXWONeLzOoglRKLG8VCf7Y8YG1ax/8T+uONRf98nkUsYxFvGYP8P4zzfb7/EeS+Mye8aEREREZHxYWwHVoPLAGxbzLdZwKJt9FkO4Jc7lvIM2zgcmhL4LEsjLkaWPgvPH+6kq/MzapfDM0tjB1la9v+QqoPhbUtOPBuzSs80lbCvs5PG15bDwcf42UCub1r2s2rOY7zpTF1sfG05zyztFSxa/hqNvY+paBErl8Obj/3MOYbgRf9rPLLAPt6cpc/y0GufOVPBD1I1Z7SCSvG0sH/VHKoORvTZs0udC890PPYW9v/wMd4M1unwNjj4GD/c3wILnrTfBzjvmzGcGhX1vuZZlu4ooTHiff7DUP/E67sEn8WggwuojvH8L3fksvTZ4LIFh3n+4GOURnyOY/dtESv3HeZ5gOWv0di5j5VFSdZjJDiBo4dWLqLIef/GXA7g4AlK/jI4RsV43yZ6HmDBI9Quj/zhKRzUXZRyanKifo54rvMwz3OQqh/up4UiFq2MHhftGQfLqX1kQYJxL42UlLAAeLOpmVBW5crFlASfV1sPWEnJcuAEzS3BTOBtLFocfLaQlU9uIzKzOzRjZfHQjK1v7odHguM4B6la2mSPR4ft/S5NOOYALfv54WMHI56DNx/7Ya+2PQgrYzyf8Ls/znthHH3XiIiIiIiMNWM6sNr7ourbi+MtB/AsS3Nz2dG8kn2dfS867AyPZmdNtljrTEZkxi4AKHIu8PoK1qWoxP7viabUr1R7H1fRopURGVLO2nH7SvhZbi45cx7jzdArnYvp4IWnE3h+aOUiighPO17pXN3b7ZVm04+jguWEA6b7j9CSzscezIgsfnJcruH3UEkxEH5fB9s1+G8gQd8F9f9ZDL/WDl7Za1n2Dkw5P6I4QciB9W2CeoyA6Hr3ev9GCh13nG0SPU/Ec8EfniKDuqlWPEE/f/vJTro6H6F5VS45vZZhsMeyYGZu8McPu/79j3vpZFH4/RfMqnQ+Hza19UAVh+pxwqlvSThgDbDAnpkSdUyh7+UhsKDE7qPiEmddVqfdg/92JDPmvPnYHHJW7afkyU66nB91wsKvtYPJ9tqy/fZLUuOriIiIiIiMtDEcWI1xUeVc/EReaHz7kddCF0TPLO017c7JLALg2aX9TN+3s5L6XOQNs2B9gwFEO0MqOBVwKSde+yx8Yw5H0conQxeewQyllVFpUgepmuOUu9TOuh1I8HfYBfsjdw5VB4GDTTSl5bFHBtnD5Y+3mZgLSlIICcXsuwSfxWQcfIxSZwqs3X12ZpvzZNJ9O+h6DIm+WYzBIHX0cgDREv1g09/zkUGa3oGhAYnTz/a09zlULTjsZFFGVmIl1cGgZK8fP4Jij3vpJZhZWbPjWWIF9tTWA+T8oPLm/h0x6xv1o0rvQOMQeCgqQJ5InDEn2O4QMWalNjui336J814QEREREZHRMXYDq8GLKifzLPIiJGo5gCInIy00jTlyWl6MOweHpjVHKsZOKhnZCxh72YGIvycXRGStHI6TFRm88NzBDyMylMIi7wKfxndIjriDc+iO9el67AueDJV32LmgjrekxIQQq+8gwWcxCcHlFkJ/kVlgKfTtYOsxFIJ3ko8IFgeDMzGXA3DY06PjB7r7fT6U4fZDagY8NT1CzH4OBoxfozFOFnAwu6/mh7F+/Igz7qWZYOD0zXg/uKmtByi4pM9B3iT2+zj6mIZuGYDUxR9z7Ezi4PIMQIrLjfTbL/HGVxERERERGRVjNrAanDIXXMesKypQEr6xSOTNLopW7nMCXwsoLup184qilexzomJ9L+Z6T7FtYf+O2GusDoXoKZwxbpYEzhRp+OXPIqfD24JLIrx5EJ5/Mnx3995LJQzuhirDpPdak7FuTpJWxx59s6dvP2mv1RsMtkRNlR/v+u27/j+L/eu9fnKvNu+3b50fRUIGU4+hY2cx9g2g2HXpNZU/tE5mnKnPiZ4PCU5Rt4NWA5qaDsl9Rp0foVr274iang6EpnO/efAgbHsyFBxPatxLF8GlKojXjmrrgSoJfWDjvI8jj2kolwFIQb9jTtTNyxbwpPOjbTLZsP32S4L3woT6rhERERERSSPu0a7AwAQDCH0zcEKZRPuP0LJyJSv3fQar5rA0NxgIXU7tZ06Gx8p9NLKK0qW5oQvSh177jFhJO0Ur/5La/QepWprLMyyn9rVtcHCQwdWDj1Ga+1jUQw+99hn7Vq7ErvZScp7tXa+V/OVr+3nzMee1y7fx/PJneeZEEy0ssC/eg+vQ9b7oXPAkXYchZ+kccpzdPn+499pvI8WeRlkV+dDy12jcF6PPQhlZC0b22J8Nt3/Q84c7eSTqkQU82XkYcpdG9OU2DneujK7P0lz7plv7Vg4swDImFPXTd/T/WUzg2092cphclobeM9s4HGzLfvvWCXA575nnD3fy5CDqMTScTMMYQaFgNt4z9SfC49Dy1yipzyVnaZy6Jno+Qmh8THJq+jMRY6NtG4c7n+y3n588vI1nlj7rPLeN57cd5Jln7eCfvcdgZnmvbMOi/sa9dBM8hmA7xl96QW2dmlC7xZ3iHz6moVwGICX9jTlFfZ9j22G6kvmi7bdf+h9fJ9Z3jYiIiIhI+jAsy7KGssDGxkZmFg38dN77ciUAGRvqhqpKw8O5K/DzhzvT4mJURMabE+zIXdpPkCTR8zEE7zquwMvwU1sPm1/usNdZ1vfvwIyZ8ywRERERkRR81dJCaWnpkJZZXV2dcJsxuxTASLOn+oVvcmOvZbiclO51ISIyikJLqAx0arokTW09XOJnfIuIiIiIiIw0BVaT9O0n7ZtQvPnYHHJycyl97OAoTqMXEUmFvbZs6WMHYflr/KUGrmGkth42J3aQk7uUZ4DnD+umTSIiIiIiMvq0FICIiIjIBKHzLBEREREZj7QUgIiIiIiIiIiIiMgYocCqiIiIiIiIiIiISIoUWBURERERERERERFJkQKrIiIiIiIiIiIiIilSYFVEREREREREREQkRQqsioiIiIiIiIiIiKRIgVURERERERERERGRFCmwKiIiIiIiIiIiIpIiBVZFREREREREREREUqTAqoiIiIiIiIiIiEiKFFgVERERERERERERSZECqyIiIiIiIiIiIiIpco92BeLxvlw52lUQERERERERERERiUkZqyIiIiIiIiIiIiIpSruM1YwNdaNdBREREREREREREZF+KWNVREREREREREREJEUKrIqIiIiIiIiIiIikSIFVERERERERERERkRQpsCoiIiIiIiIiIiKSIgVWRURERERERERERFKkwKqIiIiIiIiIiIhIihRYFREREREREREREUmRAqsiIiIiIiIiIiIiKVJgVURERERERERERCRFCqyKiIiIiIiIiIiIpEiBVREREREREREREZEUKbAqIiIiIiIiIiIikiIFVkVERERERERERERSpMCqiIiIiIiIiIiISIoUWBURERERERERERFJkQKrIiIiIiIiIiIiIilSYFVEREREREREREQkRQqsioiIiIiIiIiIiKRIgVURERERERERERGRFCmwKiIiIiIiIiIiIpIiBVZFREREREREREREUqTAqoiIiIiIiIiIiEiKFFgVERERERERERERSZECqyIiIiIiIiIiIiIpUmBVREREREREREREJEUKrIqIiIiIiIiIiIikyD3aFRi80/zs8Z3Ux3m2dPV2Ni0pGJ49v/44NfWweOOrPDJvWHYxCPHbpXd9Uz+O0/zs8XeZ/+oa4m8e3P9iql9dw7y2d3hx814aS1fzwlNLGHiPtPHOj34KP3iKJQXQ9s6PeHpv47D287DtI9gmwX+n2DYjcewQ6/0R3QcyGL0+J6NdnaQ59R7051lExq745xnD/b0U/P4Lfi8N//nYGBure59fRBqD43bbOz/iv/ODYX1PiYiIiAyUMlYnoPqdj/PiO22hf89b8yo/eTWVoGr8QHbYPB559VV+MqQXIG2886PNvB5xpVCw5Cl+8uqrY/Bk+zQ/633R07iXp3/0Dm3xXjJKot8ffftAREQkUuPezVHnGcMttfOYCa5xL0+/fnq0a5G0YBBdREREJF2Ng4zVoP6yCILBoFLWrL6V1/faYUE7o4KIQFFEGREZlmtu3cvrTiQxYRbG6df5053hsGN4+1jZDn0fiz6BLGXN9uiswGBWRuJjjrONU7/GvT/lnTvtsvtkevQ6hnB2Q2RQtZ6ax+tZvPFVHmhxMicXL4b6ehopZc3273Nuc+zsjlOvPx6zPftmnERmxd3JqVA/NfL65sc5uno7f8JP+2Zt9s7UWLyRn6wJ1iDc5mtWn+P1YFtHbRPPKX72+F7n+IN9E/HeCvVVrMd6Of2uXU5ov069Go9xqm0JSwpivF+cfun7HoxVr2B399emSyhI4n0eLmM7t/68bx+MvaD22JP8uBDx2YvKSur1g0jk+z3JsS5y7Fm8ceMwHamIjD1xzjO+uAREf4/03T7J7+TI7/XS1VRXRNcg+rtuAGUu3sgLt/w8Kgt2QHqdf0SPo31/mAw9H+v7PXgu1vs8IdSMSZy39MlOdcqof5fTa+ZFn+/GrHOv75/Fq1lzbi+vN4b7MOF5xgDaJVhW5L4b927mT485ZcY9TxUREREZeRMsY7UxFFQFaNz7U16MOpmrp6b3r/iN4UCD/c/N/CzeD/29T/Sc7f/09dPAPOYvtvdxMvj6UHDt3hhBVae+m18ntHnUhYlT31QzHOetoXqxXfnEweUAACAASURBVPa5SzGeb3uHF3sdQ7LZDY319c5FTwV3xju7TaU9ByLW9Lf6nfxpn3aqD19sOdskqkfj3r0RmbrBvingzopSoJGjp5w9tJ3iaCP9t8P0WyiN2m8wwzf16fWx65WiPv3yU0Yw2Uj6kWhcaHvnRxHjQiOv//TnnIsqIUaWef3Ovtlk/bwHovcB9TuTyVoXEUn23KW/7+ReMzwa91KTVAZjCmXW7+S/H0vmaPoR4/wj8hzn9Ot9Z3uExtl597IYaDx2KtQup9+1G23xvTGCqk6dB50VnKDOnH49+vunfm/qM1YG0C71O38U/xxkEOepIiIiIsMh7TJWvS9XprR9xoZXnP+zMyij9c3sCv5Kbp/oN9LIal54NeLX73MttDEv4lfvcBnBAEf9u6d5ZF7vLIE23vm5cxLc+1f7+p/zzneeYsm9dkbnuZY2mFfQ66S5jVPHGiFGhuJfv/MdNi25xMl6on6Vt+uzl1+cXpJSdsX0W+xAYLAeMcXJhHjk1Y3QO8u2JdS4URlysSXbnr0VsOSp7dArE7TtneitTv+DffIezoYIZkL0bafea7P12x5Rxxcss56Tp9fwyJ0VlNIYys5pO3XMrkPFnfGzJwru5L5SaGy0l2Zw3gkDW7stTr0SNml0Ib0ycJ3Ae9QBxO6DVD+zEhYev+JJPC78wrnojcrwibxIdX7A6fOZ2PsPnF4S+X6L9x443WcfvX9E0ntAZOLp//wrHBBM9twl3ndy2zs/t78j+3zXJa5j8mXa52uDmXAe/O7vcw7483d44Kkl9nIFa8LbB89D7XHW/vG9vj48a+Wk/cs78+eRwjjeS+Nenn58b5+HS1d/xz5/S1DnS+9GzvAq6H/t1gG2i1Oj2DN8ljzFC/RaTz544hfnPFXfRxNTxoa60a6CiIhMYGkXWB1epdznpBAGg4uh4JeTQdjnZHHx90MnegVLvs/ivTupd4KvUUJZiqt5IPTUPB5YXUr9XufEed69LKae+mOnaFtyJy3nIHTSzCXONUKsC5TGLy5BW4udhRbjJDlhQDAVwYBf/U7+NNnlDxz9BhKDItszGJCM1Z4DEr4Q+aNQfQtY8v3FvL4zGNAOVcRpd5jnBLwTVz0YNHayVBuDwelgm9lT6/iikcj3WmwFLHnqVYqiMnnqqXn8XPzlA1KuVwqFhLJrw2VIOkhyXIgYd0LjlLNdmz3Q2NnzUUPHOaI+EvHeAzH2ERrLhu5ARWQcCQXREp67hF4R9zv50hfODzsxvusS1CKFMsPnawMVLDP8Y6mj8Qsif6eMt2ZosI5HT7WxpCgYSHUCoInG8aS/7qMDmP3Xuc05T404n4n4UThZidoleNyvb36c14GEPzIP4jxVREREZDikbWA1+V8eg5mRw3Sn1j4ZrHEUFHErMQKzUSIyEk5jB2KdZQAS1yG+yHXMkhE8yb21KNZr7IDfkohpZ1HrWiW9lziSbU8IX5AlbTq3xoyOD434wcrgRV49J0/fi3011M8yABHCGSzB9raXFFiypO+2wQur5OsVQ8ptmpiyBPpmyKQ+fg1AgnEhMecHn+mDKgTQe0BkLBv8+DWw8y/73GUisIOf/EN4LdKfvBpjiYSIH9/fubWexD/QQmgcj7dZ7/XUQ+cYicp16jwQSZ9nOEHheWv4yatrIgLO4TX8Y8/GSnCequ+jCUUZyiIikg7SNrCaNkI3EyI8dezWIgqA6EuCYFAvcnpbcAptKbc6wYvQL/M7nWyJe+f1en28C5TTduB2sAv0t73DX0dOL4vLXvPzkdCUu3A7DEpkezrTw3q3Z2iqXvD5pBVQdCvQGJwm7UyXc5ZosAPJA7+Qazx2irYl9jREe3p2ODgdzL6t37kTSJy9G7yACGdZxMuWCWajhPeZSr1CpQy4TWV0JTkuRIw7oXHKUWB/KOJn9CS6eA7+aNTPPkREYgqOH3HPXRL/uBScYRScOl5AeHmSgRrOMmMHBE/zs6hzr2A2aKTgj+/OOqYRP9AmHMcTKVjCpo1f9Ll5af91htP24B8Oxp7+h7hLMMQ7z0i0j3AVn+InSwgtNZN4mahhOk8VERERSdE4CqzGXuPLXoNpMClZjRHTk5wi7411oheect5nulPE9PfoKbSRwc1w1mPv47BPRsMn3NHT6fq58zwQr12C08v6iHEDLvsFvTMw7XJLV2/nT+LtOqb47Rk8+e471S1OGYs38sIt0c/M+85qSuv39i0jaomGAeozlTGi/6KmxyXOMgktg9DnWMOvtQNqfdsrlXol36apCvdBwrsSSxJifU7tYGqicSEYkA+NO6Wl0cuaBMecGJ+J5H6kibEPEZGkDPTcJSy0vEmc9UIHIlaZpaXJzHGPP1bPC/3A2vsccGPE2qpxzlUdoXMYev1AO+hxHOfmpfXU1Dfy+k/f4c6nlkT8KByrzvNCyQD9nUMkOs/ofx/T466X2/tc2y5/MdUboSap81QRERGRkWGOdgXSXulq1iyO/Of2+L+4z1vDTzYujnqodPX2XoEn+yID6LMMQMGSp3hhdWmf1wf3N2/Nq1RHF8/ijanfRX7xxlfjZzzEOAZYTPVT0euQDVg/7Vmw5AesiSh68caNRNfEDl73q2AJm7avJqqGizfykyFYxqB09eqI+pSyZntkBqETGIfkTu5j1TPqQrOAJT+IfH4x1X36JXG9ErdpqpLoAxlSicaFgiVPRYwLi6l+6vvcGrX1PB55tXe/R36mk6tDddTndvUg30ciMlEM/txlHo9sj/4+XDOY85AYZZau3s6fVAyyyFjf66WreWHNPHt/GxdHP+5sW/9uRNau8yNt3x9oBz+OA8xb45TRuJf//k5bgjoD89ZEff+Urt4YdU5hH3aC84x+92HfFLN3mdHfcd+PLi/heaqIiIjIyDIsy7KGssDGxkZmFhUN+PXBtXJGfc2+4HpUg516H0NwXa1E06JkbOk7vV8mioGvUThY4btj97lr8zCMXSIy/oze+DWKQrNzwsus6NwsGcHvnGG6r4FIitLmulFERNLCVy0t9iykIVRdXZ1wm3G0FMBYEb5zff9rnMrYElzfNJmbTYgMleC6wn3vFp1onV8RkQlr+i3Okim9p+br3ExEREREUqPA6ggK3/EUFm/UL/3jRsS6tKWrf6AbJwinPvlkSMq58447Em4zb8121pzrtUbd4o3KmhaRAem4fn20qzD8sr/F/7m+kepXjkU8WMyKzd9j1vXrdIxaxdJdJ91+AC+daidJA9mjXQERERG0FICIyKD1nkr76dL/mlRQtD+nPvlk0GWIiCTSe/zqrvrbUaqJiEhqsmv/ENB1o4iI2LQUgIjIONP57ncH9Lrce/9uiGsiIiIiIiIiIkPNHO0KiIiIiIiIiIiIiIw1CqyKiIiIiIiIiIiIpEiBVREREREREREREZEUKbAqIpKuWut4rqqK5+paez22i4aEr0uwzYCrtJVHdw1Hyf2X37CrVzsk1MCuqioeDf0lao9W3t5axeAPLbKcBnZVbeXtVKotIiIiIiIiY4ZuXiUikubO7j5IQ+U6ypN9QVsTZ4epLoWVW9gzTGXH18r5ZqAk+Vc07HqRumWb2LOu3Pl3FS9sLWHnlkoKh6eSjkLu31Jr/2/rVzQBxcO6PxERERERERktCqyKiKS1MtauhRd2NYSChJFa67aycbcdRi1bW8NzlW3sevEQAC/sWtjrNa28vbWa3cGoa9laJ9DYwK6qF6lzHq7cVMu6cicYech50AlSttZtZWPTKvasKw8/X7aMSg7BqlrWlTewq2ofLIO6Q2ft+tds4f5C7Eza6t1O0HcZT9c6weKGXTz64iGgjMplfVugte5lu85nX+btu7Zwf2FkfSPKiTjO881Qtqgg9Ej5ulonIGy3wZFFNTxXWWjve18JO7fcZW94PFiXYDvE3/7DrdU0Fy+j7lDf7ZtX1VC8zz7Wsy/XcfeWmRyM0cYiIiIiIiIydmkpABGRdHfXctY27+s7pbxhFxt3F/N0bS17ajdRsruaXQ3lrNu0DFjG070jd61tzNpQyx5n+8qzR/iwFVrr9tnZnbW17Nm0jLp9dbS21vFXh5aFyq481Gv/Dbt4Ifj8hhKaolJkz9JUsoE9tbU8vewsuw82AA3sqj7Cohp7/zvXNvPCLufxFw9RuamWPbUbKG7um2tbWLmBtWVQtnYD9xe28vbWF2laWxMuZ2sd0U1TyP0b1sLuansZgD7Px1fXXMLOYDu8mHg5hToWOvUos9utVx3KKGPthkqI1cZJ1klERERERETSkzJWZcwwTRPDMMAw8PkD+PwBAhZgGBiGgdtlkul2YRoG3V4fPV4f3R4/XT1eujw+bi2cQp7rCp72ExjuPExXLoYrF8OVg+HKBjMbzEwM043hysXydxMI+LBwAy4CloUVCGBZ1mg3hUw4hdy/YRHPHWzg/uXhR1u/aoZlq5xszXIWLoO/+qoVZsYrppzyqKzVMtYChXctomz3izx6yM6k3LMFoJVFZbt5oeqQna1au8Xep1NUw3H78XKAwrtYVAbNEbsqmWlPuC8oKYMmnGnxZ6mrrmJ3aKvjNCyEOpbxtF0Qdy9yto+rjeazZSzaYJdv172JNoie4l9YyXO1lXZdd1WxsWq3k3Vb0KfESGWL7rLLKV9IJfs4nyD6WVZil1c4s/8J/7HbWERERERERMYyBVYlLRmGgWmaePwWGW43hmnwectlLKCjs4duj59uj48ujx007Xb+ujxevL5AzDJXLb6D3MwWOs/sTKYGuLJnYubMtv+bW4J7UilGVhFm1nQMwO/vxLLcWGQSUMBVhlthJX9MFbs+WjvwMpwp95WbatkTnLLvlP1cbaXzfJUd6Kxdx/1barnfWSYgGBBc3v8eEogxbb9h16BKTEb5ulr2LK/juerjNKwb3BEMWJw21moAMrac4Y3qVzhWsZ6ah+dGPN7O0Ze2c/7BGqIeTqbEN6p55ViMJ/rsY6TZx3Ry/maeuC9/FOsRrf3oS2w/ACs2P8Ggq9V+lJe2n2T+5ie4j4j/76/c9v62S882ExERERlOCqxKWvAGwOMP4DJd5OVk0tHl4VzrZc5f6uD8pQ4uX+8e4RpZ+LvP4+8+jzfGs0bGFFxZRbjybiPzpnvJmPJ1DPdkAr5uLLIIWBAIxA7wysSRe+/fDWl55es2cbzqRc5iL0RaOLMYdh+nYV055TRw/BCUbEpwa6aytSwvBxqOUwesxV6n9cds4LnKdeypKeG56iZ7PdSX4T9sqWRdbQ3FW6ujMlLLFy6DF519t37EkbMJ7i1VOJMSdvNXdct5rrLQXqv1yCJ2bllIJS9yvGEd5eWtfHjkbIK7PRVQXHaWIx+1cn9lIa0fHeFs2SKi81DtYHDTWmdd1NCxl1BAIRTD2SY7x7Xh+CGnFWxnj3xEa2UlhQ3HqaOYpwv73z5ZMdtYZKw69hZHK4cgsBfUO4jafpSXtr/CG/ekHqgd39r5zUmoqICTv2nnPgUvRUREREadAqsy4oLT+bt9AdwuF1kZbi5e6uCLtmt2ILW9I27WabqwvNfwea/hu/4pPS0HATDcU3BPuZOMafeQMe1bZE4qJeC9gT9gYJGhQOsEc+qTT4ah1HKWry2jLjiXvnwdO9duZWNVFeDcvKocaC2hjN19b15VvpDKsy860+LXsrbsEM1tcH/lBhZtreZRp9zKTbWUF8J/WLTV3hbsafTl0PpVeN9PL6uylwooW0ZlWeK6r6tZy3PVwf0s4+naSgqBdZuWOVmcZVQui1VQIbOK4exu5+ZVWzbRXNW3nPj7Cm63jkKgcOEyeNHJwl0WfbessuImflxVxdlgOwD0s32/CmdSwll2v1zHzi0x2jj5kkTSSnExHNhzlNufuI9hCe3l38eDFQd45YMzPDxXkdWQM3UcYD6b7znP9lfqOHPfwwyqdfLv44ma++z/bx+KCoqIiIhMPIY1xPOXGxsbmVlUNODXe1+218TL2FCXYEsZS1wuFzc8fiblZNHV4+Vc6zXOX7rG+UvXabvWOSJ1WLX4DmZmfs61D/9sRPYH4Mq7DVfuHLJnfQ/XpDkEfN34rSwFWceZ4LgVNOHGr9Y6nqs+wqKaLdyfIGFWRNJL7/Gru+pv+9naXgqA9evhlVf4ckVwynffpQDsKetOnnvxCjbHCcKeeaOaV+g77b/34/2W136Ul7YfcLLqi6OmyUctNRCRGXvmjWreogKOHaM5WF5kOcUVVHCML4PT2s+8QXWooOJ+puLbbXEglOJfwfoaOwCacJ/9luu8ftZmnriv3ekHp73PvIH9z2CgtdeU/Ki6Q3Gw3/pbCiCqXhFtF3zNitkcOHAsurwYSwHEa3+RoZBd+4fABDzvEhGRmL5qaaG0tHRIy6yurk64jTJWZdiYpgtPwCI3K5NPv7zEx59f5MKVG3R7fKNdtRHjv/4p/uuf4rn4CwzXJDIKFpN98wNkTrkTv/cGfrIJ+P2jXU2R1DnrtQaVra1RUFVkwpjLw+srqI6XNXnmDbYfmM36mieY6wTbtr8xI/mgWvtR3joGFevnxijPDtaFyzvDG9sPMHt9DU8Eg4zb32BGzcPkH32JV75cweaa+8h3gsIvzQoH/ZqPwfqamnAwcs8BWLGZmlAwEornY+/jlS9ZsbnGDjqeeYPqOBm77Uf3cGD2emqemEsw0PjW0co4+4xf974tdYYPjhUzf3M+kE/limK2BzN6595DBa/wwZmHmTsXaP8NJ5uLmf9ofuy6J8x2tdsiVK/2o7y03Vn+wT4KDpycz+aaGicwvJ03ZvRdtqE9qv3ttnjpqNZfFRERkfFFgVUZUobLhddvkZeTxW+/vMSpplbOfnV5tKuVFiz/DTwX/h7Phb8HI4PMgsVk3fwdsm+aj6/nCgFylMk6TgzVMgB33nHHkJQzLMrXsad23WjXQkRGy9yHWV9RzStv3EPNw9GBsjMfHIOK9U7gLp/7HqzgwCsfcObhubGDecdeobrXDayKV2wOBerOfHCM4hWbQ6+dW7mC4u1OeWc+4BgVrA89+TA1NQDtHD3ZTPH8R53g51w7GHnyN7Tf50x/r7gnXJ+oYCQwt5IVxcc4GapRMwfqznDfw3PtfTwRu1ny73uCmtC/2jnfDMyP2CByn2c+4FjxCjaHD4wVxdvDAdJIZz7gWMWD1DjVy799PsUHgm06l3sqCC+d0H6e5ooHeSLfPu6HIyrbfvFLYHbsyoePgvueCB8F7efpcxgPOkHlqGUbIt8H7fzmZDMVDz7htL/zPnjLbn+FVkVERGS8UGBVBs1eM9Wk2xfg8rVOPv78Iqe/uDTa1UpvlhdP69t4Wt8GIGP6IjILlpI1vQJ/AHwTJ6l33BpsUHR41mgVERk6doDzFd64ZzOzQo+2c/FLKJ6fQuisoveU/9k8GMpqtMtrPrad6gORLyrmYjvk2zuLEaizg5qzH0yyHu3naWY24c3zmRGKP87l4Zr1UB0RAI43rb3XkgHF/dyMr90+MLZHHxjFF9uhV5Dy6FvHoPlYnwB0MBs2MtjMB8eouOfh8GsjliYo7q9CUYcRMYW/uLjXPQWLmRVRvfxZxXC+z9FxvhmOvVJNdJUraAcFVkVERGTcUGBVBsw0TXyWgWEanDx9nnc/Pc+QLtg7gXgvHcF76QidGflk37KS7Fl/RMDbhY9sLGWxjlm/aDYH9LoHitXnIjIG5N/HoytOsv2tOirCDzJjNjSfH1j4LP++J1h/vppXXprlrKNql1c8P84UcntnMYJ1+cwqhpN9gpTxdjyLYk4S3twO6IYjxnN5uKaGh8GZGv8Kb9zTe/q7HQDts+ZovF3aBxZ3/dlwsb/hZHNFxBqqzsNHXwpl4Obn38784gN8cOYeOFZBKK56po4Dka91ljjoV/tR3joWsd6rs65q3M3PN8d41G7/igf7LhEgIiIiMp4M7KpfJjTD5QLTTXunl//9/me8/Oa7nFRQdUhY3na6Gl/l8r98h67Pf4w7cIFMtxeXaYx21URERPrIv+9RVnCMYxGxtbn3VMCxDzgDhLItI6fAJzD34fVUNB9gz9H2UHnNB+qc8uyAYnX1G/a/595DBcf4IPwkL1W/xNH2fG6fX0zzyd84N7w/Q92BZorn3x47iJl/O/OL7en+djm/4WRz7zKD285gdq+szUh2UBknqNnfgd5DRfMB6qLqXs0bZ6I3a//NSZpjtF/+7fMpbj7Jb9oB7OM99sorfLmiste2X3KxHUJ9kZRmwocRcRMr57lwOznr4d7Tp3Z2fd46SrDZzrxRTfVL4X+LiIiIjAfKWJWk+SyDSTnZnGq6yMlPz9Pe0TXaVRrXPBf/Ec/Ff8SVN4+cW1eTPb0Cb08nfitztKsmIiLiCK6hGhGwm/swm1e8xPbgXVSLV7A5pbRFZz3UA8GbIvUqj2JWbA5mb87l4c0reGl7NcFnK9Y7N2pysl9DU+0r1ts3pop3HE+s53xoun8FFRXwJUD+fTyx/jzV26sJTtovXrGZh/sUFWwLp4yK9ayvOMYrcbN3+9Y9cm1Zmx0QDt3IK2p3dpZqcO3X/NvnUwzMvz1iX866rQe2V3OAYlasX0HxK05mbpyWCK2b6kzjr1i/nopjrxA+jGJWzPqAaif1tW+dg8X0an8qWF+j9VVFRERkfDEsyxrSRMPGxkZmFhUN+PXelysByNhQN1RVkkHyYZCXk039R02899uvCAztW2bErFp8BzMzP+fah3822lUZGFcu2UXfJXfOenyebnx+ZbGmi+C4FfTp0v/KnXfcMailAE598kl637xKRMaF3uNXd9XfjlJNRERSk137h4CuG0VExPZVSwulpaVDWmZ16If9+LQUgMQVwCAjK4tPmi9Rc+AYJz89P2aDquOCv5PuL9+g/Z//Db62fyQ7y6UlAiaK1jqeq6piV0N/m2zl0f42iNLArqqtvN068PJS25+z111VPFfXmtT+RURERERERNKdlgKQPizDxO120/B5K/UfN+Hz60Y6acXy03n2L+hq3sWkuRvJmnYv3oCbgN8/2jWTYdL60RFYtoym4w1QXj4EJZazrnZLv1sUVm5hTz/PtzWdTXGfrZxvBkqS27+IiIiIiIhIulNgVUIsDLp8AVouX+Pwrz+ny+Mb7SpJPyzvVa43bMHMuYW833kS96Tb8PlNAgEFwseXVj48Aos2LIeXX+bt1i3cX+g81bCLR188BJRRuSy4fQO7qvZRvLaY3bvt59bWrKK5+kXqgLK1NTxX2WZvU7OFuz/aysamYioPHaIOYNkm9qwrp7VuKxubVrFnHeyqsl8LULmplnXs4oVDAC+ya2ENxfuqaS5eRt2hZtbWbOH+tmC9wq9Z/tXL7D4LnH2Zt+9aRXO1vf/7C1t5e2u1/Rxl9uudx+wyD4X3OxQxZREREREREZEhoqUABACfZXKly8sbRxr4+5NnFFQdQwJdX3Dtwz+j4+NqXP6vyHArc3Vcaf2II8WruL+wkLsXwZGPgvPnG9j14iEqN9Wyp3YDxc2RGaRn2d20kD21tTy97Cy7q4+zsLaWnWvLOHvkI/rMwD8EC2tr2VOzlrJD+6Km6LfW7aNu2Sb21NayZ9My6vbV0Vq+jqeXAcs2hYKddSxkT60d9G3A3vceZ591xxsorNzA2jIoW7shHBgGGnZVs7s4WH4xu6t3EVxgoM4pZ+faMnu/Q9muIiIiIiIiIoOkwOoEZxkmWTk5HDl1jr2HPqajyzPaVZIB8nc0cPW9dXT+9j+TnZ2Jy6WP93jQ+tERShba0cvCuxZBMDDacJw6lmE/Vcjdi8qiXlfpvKagpAyWLaQcKJxZHHsnZSUUABTOtGfqRyi8axFlh17k0aoqdrGOPVsqKYxZREHo/8vLy+1s2qoqNu7ub8kAe3mAYF0pX0glzZxvjS4zbr1FRERERERERpGWApigDMPAMt183nKFvzv5/mhXR4aQ99IR2v/598m7YzuZU7+JxzvaNZKBa+Dg7rPUUUX4frdlfNhayf0jVYXCSp6rrXSWHaiijmU8Xbuunxc4U/tZy87aWqjbysamkaqsiIiIiIiIyMhRYHUiMl30+C3ePNpAy+Xro10bGSbXP9lMRv5C8sq34vOD36clAkbaA8WDXO+24Th1ZWvZGZEl2lq3lY0HG7h/3UIqeZHjDesoL2/lwyNnYRgSO1vrtvJjNvBc5Tr21JTwXHVyUdLKVZUU0srb/darkFnFsPt4A+vKy50s3GKeLoTzQ3YEIiIiIiIiIsNDgdUJxu0KYGHx2VfXFFSdALztx7n8L99h0rxnyJxegcdrgGWNdrUmhFOffDLoMhqOH6JsUU3U1PvCuxZRtvs4DevWsW7TMieLtIzKZWVxyxmMwsoNLNpazaO77X9XbqqlHGgtKYPdzs2rol/B3YvK2O3Ua+3aZXDkK1opZ1YxnN1t37wqqHxdDWu3VvNoFQRvXlVOqwKrIiIiIiIikvYMyxraKEtjYyMzi4oG/Hrvy5UAZGyoS7ClpMI0DTIy3Lz75v9BR+snVP7gXf7858eYSDeQX7X4DmZmfs61D/9stKsyKjKmfIO8O/8TvoALv5JXh1Rw3ArS+CUiY0Xv8au76m9HqSYiIqnJrv1DQOddIiJi+6qlhdLS0iEts7q6OuE2urvNBGCaAXo6Gjn0/y2ko9XOomv6cA///sF7R7lmMpK8137N5WMP4b/wt2RkKGtVRERERERERGQwtBTAOOcy/Xx1+gBnTvyXqMfPnniJm+d+l/u/Wcrbv2ocpdrJaOj8/L+Rcf00k2/fRHePX0sDDIOhWAYA4M477hiSckRERERERERk6CmwOk6ZpklmVhbvv/XvufLVuzG3Obr3O1T+4F3e+XUTvom0JoDgbTvE5RMfMu3e1/D6XAQCCq4OtcEGRYcqOCsiIiIiIiIiw0OB1XHIZVp4Os/zz3tWJtz281/X8viDq/nxmydHoGaSTizPJS4fXc6Uu/8CM3sOeC6vFwAAIABJREFUvoCGg6H28crEn8FYvr5//xDXREQkOZPz8ka7CiIiSfGOdgVERETQGqvjjsv0ceGzv+OXB5IL6Hx28i+xvFf4/d+dM8w1k3R17cM/w3vhr8l0+0a7KiIiIiIiIiIiY4YCq+OEYRhkZWfS8M4WPv2XH6X02mP/4wG+UXozmW69HSaqrqbd3PjNc2RnZ2AYo10bEREREREREZH0p0jaOGCYJt1Xz1D/2lLamusHVMbnv9rFDx743SGumYwl3ivv0370IVw9v8UwNTSIiIiIiIiIiPRH0ZMxzjRNAp423ntzLX5f14DL+ey9H4PvKv9aSwJMbIFurn34BG5/C6bhH+3aiKNhVxWPVgX/dtHgPN5at5VHdzUADeyq2srbrQMovLWO5yLKjH5qa8R+q3iubiA76KVhF49urWMIShIREREREREZVQqsjmGmaeLrbuHYX31vSMo79j8e4G4tCSDA1ffWYniacRlad3V0tfL21ipeYBN7amvtv03wQp9AaDnrardwf+EAdtHWxNmYu67jx7thbY2z35q1sLuaXbEisKkoX8eeLZUMpKoiIiIiIiIi6US3AR+jTNPAc+MLTvz1Hw9puY2/+ik/+IPHePnNd4e0XBl7On79H5j89f+MmXMbAStztKszMbV+xJGzy3h6S3n4sfJ17KxpIDrls4FdVfsorrGDqw27qnjhkP1M2doanqsspLVuKxubiqk8dIg6gGWb2LMOdr1ob/jCroXsWRexn7YmzlLMHwcjoIWVPFdbGa5a3VY27nZCsss22a9t2MWj+6CSQ9QVfoey4x7+uHYd5cHtjyxi56omNu4rYeeWSgobdvGos/9QGcSuP611PFe92wkCl7G2ZoCBZBEREREREZEhotTEMch0GfRcbxryoCpA43v/DTxaEkBsHR//R+h4H5fRM9pVmZBaPzrC2bISCno9XlhYTmGcoGJr3f/P3p1HR1mf/R//zJJ9g5AgYUmEUSDI5o5gwAzuFfeirRITpY8t9leVtLXB1pA+lbS2obVV+nR7kiatFXzUWqltbUmssYqA1oISQSIkKiATwpI9s/3+mASCECDJzNwzyft1To6Hmfv+fj8JMudwcd3Xt6hHh2uBMspWHR0RUCXN6uo+tVWt0TpHpvIKsiVla1nPoqokZeZpWXaVVnSNATimU7Wm1FckLS9XRXmJcuuLj75fW6/0JeWqWHKlsmxVWt/1ekNdrewLe3aq1qi0uEr2gmPX6C1/zdoyKbdEFeXlWpkrla0daOssAAAAAAADQ8dqmDGbpfaDO7TpT7kB2+ONp6+WffEmvbq5Th0u5mwOdc3vf1exZy2VdfgcubwxRscZUlLT0vt8T0NdrVRVrEVVR1+zbXFouiR1F2lT05RxGmtl5pWrIk9d3aI5WtTVKTp9T71UW6WlOWVHL15fo7xZkpSu0amSlKrpWTZV73FImQ1aX5WtWXnS0QGxe1SnbN2W6bt2fmG5JKlm/YnzL5+VrdrifC0q82WoONo8CwAAAACAISishhGzWWpprNG///xfAd9r59u/0uJr8vTkixsDvhdCX+uOlYo5s0mWEXZ5TElGxxk6UjJkq61Tg3TMTNKa0hytzijRfb3cduTx+R4clQPI0TUGoKY0R6u7i7Q9Ht0/Gmz9sbdNy5JWbZEjrU6V2bOUd5rbnSi/lKeK8jzfSIH8HJXZcn3jBPr5LQEAAAAAMFCMAggTZpNXzQ2bg1JUlaSdb/9Cns4DuvJ8W1D2Q+hr2/UreQ9vksXUanSUsDH1mWf69XVE6jRl2aq0oudz+DWlWlGVrduOKzz6pGTYVFu2tqsxtEaln32M/zQ5Kou06LhDsqSMtFRfJ23Vmq4RA74DtpZXOo5fJHWaslStJ9dUyT7rM0XY1DRlqHtUwNE1estfU+r7b6q9UBUF2X3/hgAAAAAA8DM6VsOA2ezV4U/f1uaXHwjqvuufvsY3EmBLndo7OR0eUssHJYqb+C1Zhs2W28PHx8m8t3WrH1ZJ1fzCEqkoX4tyul/L1rLuA6FOdIe9UMvqcrQix/csvS23RMszJceeXrZIyZBNZccdXvXZdXquJeVpZW5X56jk6161p+q4KqxSNX9husqK07se+e8pU3kluV0jBiTZcrXSnqpUnTi/Mgu0PqfrWtmUW5JHtyoAAAAAwFAmr9fr9eeCO3fuVNqoUf2+37nKNzgvYslAnlsdPLyeDjU3vKMtf/+6Ifufed5/afTUuwfFSICFc6coLXKXDm8OboF6MEqc/hN5YibKwwheSUc/t7rx+QUgXPD5BSBc8fdGAEBPe/bu1fjx4/26Zn5+/imvoeUshJnMkrP1U8OKqpK06+1fatTEG3XV+Tb97a1aw3IgtBze/ICGXfh7OU3J8vO/zQwK/ulWlc6ZMsUv6wAAAAAAAP+jsBqqTCaZ1amNz99hdBKtf/pa2RdvUvWWOrUyEgBdDm68Q8Nnv6SOTqOThKaBFkX9VZwFAAAAAACBQWE1REVYvXr96VuNjnHEh5v+R3lX3aMnX9xkdBSEkANvLNDwOS+ro73D6CghaeELt/XrvjU3rPZzEgAAAAAA4G9mowPgBNxNevcfD8nZ3mh0kiN2vfNreToadfUFNqOjIJR43Tq0aZGiIk1GJwEAAAAAAAgqCqshxuM6qD3b/qj9H79udJTjrF/9OZ2TMVKx0TQ64yhP+241vVegCHO70VEAAAAAAACChsJqCPG629R28EPt/PcvjY7Sq9pNP9fdV8w0OgZCjOvQO3I6/iYrNXcAAAAAADBEUFgNFSbJajXrP3+73+gkJ1X3zm/k7tivay44y+goCDGtO38hde6W2czHit84KrU8J0eLPvO1vNLRj8VqVJpTpHX9uTUk1gcAAAAAILTQXxYiIixevb56odExTsv61dfJvniTXn23Ti3tTqPjIIQcfnuxkrOq1N7WZnSUQcSm3JJCzU8d6DqZyisv9Ecgg9YHAAAAACC0UFgNAWZvm96tLAqpw6pOZcfGJ5R35Zf1xJ82Gh0FIabp3YcUO+kROV10rgZWjUpz1kjZUmVVrY4pwNaUalFxlSSb7NlSpRaqIk8qzVmj9JJCTd9SpKV16bJXValSkrILVJGX6Vu1NEcrqnw72HJLtNye2uvrjsqj69TlfkUZZS+fYn2H1hXlq6xWUna27FX1SvdL0RgAAAAAgOCj8mEwkzq1Z/sftf+jfxkdpU/q/1MmT0eDrrmQkQA4lvPABrka/iGrxegkg0WtyvKPHQVQWnP0vbqMJaooL9ey7FqVra2RVKPS4irZC8pVUb5E6fW1J162SppVXq6KklzZqtZonUNyVBZphQpUUV6uivICZZStOunrPddZbh92GuuvUplytbK8XBWz5Cu6AgAAAAAQpuhYNZDZLB3cvVG1m1YZHaVf3njaNxKgeku9mts7jY6DENKy4ydKGn6hTOYR8no8RscJcycfBZCR5nsjJcMm1UmqWa9KZWtZpiSlanpW1+vHLZuhFElKTVNG10sNdbVSVbEWVfW4bItDo3t5fXrPdU65vkObq2tly1qiVEnKnCW76k/rJwAAAAAAQCiisGqgiMhIbX3lEaNjDMiODT9T7pVfYSQAjnPorXs0fPZadVB0Dys9H//vVlN64tcdtJwCAAAAAIYwCqsGMXnb9cEbP5PHHd5Fp/rNv9WYzM/rmgvP0l827jA6DkKJp13NW7+j2LO+Jacnwug0hlhzw+rgb5o5S3YVa31NnjIzfV2iSj+9W1MybKotW6sae54yVaPSnGKpoFzX9fZ6n4L5umfLqrfIYbcrtWa9KiXl9v07BAAAAAAgJFBYNYBJXrk7D+njrWuMjuIXb6z2jQR47d16NbWFd6EY/uVsfEPetlqZY8+Rx+02Ok5Qvbd1q59W8s1YLev5ki1XKwvTerk+U3kF2VpUnKNK2WTPtp32Tqn2Qi2ry9GKnKqubUq0PFNS5olfd+zp23eSal+i3Op8Lc0p8x1e1bfbAQAAAAAIKSav1+v154I7d+5U2qhR/b7fucr3V+2IJYP3GVOz2vTOX+5Tc+MHRkfxm3HTFinjvPv0sxAeCbBw7hSlRe7S4c0PGB1lSDFZ4jRs1vPq6HAZHSVguj+3uoXO55dD64ryVZ11/GP8hqsp1aJiaVl5njKNzgIMYaH7+QUAJzcU/t4IADh9e/bu1fjx4/26Zn5+/imvoWM12Nyt2le/blAVVSXpoy0VGpO5UNddPFFr39xudByEEK+7Re0flSsi7Xa53Gaj4wwBvkf1j/wVw5arlSFSVHVUFmlpWe2RX9sLyimqAgAAAADCFoXVIIuIjtP21x8zOkZArF+zQPbFm1S9JUqHWjuMjoMQ0lb/O0WPvkluU6z83CQfkvw1BuCcKVP6cVem8srLleeXBP6Vai9UBc//AwAAAAAGCQqrQeTp3K+tr//M6BgB9cGbP1HOFf9PP3thg9FREGKathYq/pzvq9M5NLpW+1cUPcp/M1oBAAAAAEAgUFgNFpNb7S175Ni5zugkAfXRlt9pTOZCLbh4ol5kJAB6cB1+V65D/5Yl/gK5PYO/a1WSfnNtW7/uu+elGD8nAQAAAAAA/jY0WsdCQITFpK2vfMfoGEGxfs31mjh2hJLiooyOghDTvLVQEVH8fwEAAAAAAMIfhdUgMKtDdZt/p87WBqOjBM329SuVc/kMo2Mg5HjUUvszWS0eo4MAAAAAAAAMCIXVADOZTDKZvNr1718ZHSWoPn73KTlb9mrBrIlGR0GI6dj9vNTxkUwmk9FRAAAAAAAA+o0Zq4HmtshkNSvpjBk69Ol/jE4TVG8+c4PsizdpWHy0Dja3Gx0HIaT946cVY8uX081H0Ek5KrU8v0y1n3nZXlCi9DX5ql9YrrxMQ5IBAAAAADDkUdUIIJPJpPZDFtWtj9R5N/5KbYc/0tsvfUWdrfuMjhY029ev1CL71/SzP200OgpCSGfDPxVr+6pMpgh5vUPjIKv+sym3pFDzUz/zcmG5IWkAAAAAAIAPhdUA8nRGaP2vWrXjlU5V/6xNVxWm6tIvvqTDjve06YW7jI4XFB+/+5RGZy7U9bMm6U/rtxkdByGk9cOfK3bCg+p0W4yOEoYcWlfU1bGqUi1aI9lVpcpaSbZcrSy0K1VSTWmOVlR135OtZeV5yqw5vevtBd3dsDUqzSlWpaRei7wAAAAAAAxBzFgNFJNJJq9ZO17pPPLS34ra9WR2o5p222RfvEkzrnrcwIDBs+GZG3X2mOEaHh9tdBSEkE5HpUzqZNbqKdWqLD9Hi3K6vkprTnBJvdKXlKuivED22jKtrZGkGmlWuSrKy1VRXqJcW5XW15zk+ppSrajK1rLyclWU5KquuFQ1cmhdUbFU0LVOQbrKVlXKEbxvHgAAAACAkEXHaoC4W61663etJ3zvjw+0SuZW3f7r82VfvFF7P1irrf8sCnLC4Nr++o90p/1BRgLgGK07/0fR4/8fs1ZP6kRdop8tbaZrdKokpSjdJtVLkjKVmfmZLtSTXO/YUy9lL1SmJKXatbxckmq0vlaqLM7p6lj15dnssNO1CgAAAAAY8qhmBEhMolVbnj/c+wUe6em7W5U0pl03rrxS2Xdfq7rN5fpw05PBCxlEH29drTHn3K4bLpmkF95gJAB8Ovb9XTHjv8Ks1UDoOvhKuSWqKJdvdEC/FuLxfwAAAAAAToTCagB0HrZoy9/aTuvaQ5949NvbWjT2Aquu+s6dSp/6Re3Y8FN9vHV1gFMG35vP3KTsezZqREKM9jed3s8Hg1/bzv9R9PivDsqu1XteijE4QbZus6dKjkpV10oZJ7kyNS1dKluvmrxMZToqtTy/WlklS5Ruq1XZ2hrNz8uUakq1qFi+Wa1B+x4AAAAAAAhNg6+SEQLihkfq30839umejze59JsbmjT5mkjNu/9BTTj/Xm199btqqHslQCmNsf31x3SH/ev66QsbjI6CENGx72XFTFgik8k0qLpW39u61dgAqdOUZSvTipwqyZar3Gypeo9DSuvl+sw8rcwt0tKcHEmSLbdE81NTpcIC1ecUa1GV1N29SlEVAAAAAADJ5PVzJWPnzp1KGzWq3/c7V/mmAEYsqTzFlaHJ22nVh9UevVLSMqB1LrwrWuffGSVne4M2/z1fzfvf91NC4130+ee1tyVeL7wR3O9p4dwpSovcpcObHwjqvji1yDOuUcyZX5XTHZ4HWXV/bnUL188vAEMPn18AwlW4/70RAOBfe/bu1fjx4/26Zn5+/imvMft1R8hssertpwb+mPvG37brf644pNqqBF14Y4UuvmWNrJGJfkhovA3P3CRb2jCNSDT6MWmEis59L8sSEW10DAAAAAAAgNPGKAA/Mpst2vMflw7v8fhtzVdWtuuVle269nujNTenUgf3vqO31y722/pG2fb693VH9jcZCQAfr1udja/LknCR3G630WkGzF9jAM6ZMsUv6wAAAAAAAP+jsOpH7narNpY3BWTtl77dKqlVtzwxWfbFm+Soe0Vb/v71gOwVDLtrntXYc+7QDZdM0gtvbDM6DkJA+8fPKH7KDLkHycfSQIuihs9oBQAAAAAAJzU4KhghwGw2q2m/V5/WBLbb7tmvtsoa26qFP5+l7Hs2ave257XttRUB3TNQNvzfzcq+Z6NSk2LlONRqdBwYzHV4s0xyyWSKGDSHWL3++6x+3Tf7jmo/JwEAAAAAAP7GjFU/8bos+vfqgc9WPR2uVumpu1q1evEhDUu9TpflrdeZ534pKHv727Z/fV9fuGyq0TEQIto+eU4Wi9EpAAAAAAAATo3Cqp9YI6368LXOoO65/0OPym5t1l8eadPYyXdr3l3VSpt0U1AzDNTu959VR/MnuuGSSUZHQQjo2PuirBY+lgAAAAAAQOijguEHZrNZju0uOQ16mn3X60796romvfaER2df9JCy7vyHksfONiZMP2z4v5tlSxuu1KRYo6PAYF7nIbma35fZzEcTAAAAAAAIbVQv/KCzxaxtf+8wOobe/VOHfnH1YW1+NlLTr/iJZt/+omKTxhsd67S8/9oKRgJAktT20WpZzE6jY4QGR6WW5xRpneOzr5WqxrBQ3RlytOgzX6WGhgIAAAAAILgorPpBZFTwxwCczPpft+vnlx/Urn8N16xb1+iim/8gsznS6FgntWfb82o/XKebZk82OgoM5mx8Xd5Ox6kvhMFsyi0pV0W572tlrk2VayrF7xwAAAAAYKiwGh0g3JnMZh36xK3W/aF3ivm677dq3fdbteAH43TZ3a/rwJ5N+vefv2x0rF5tfG6hsu/ZqDOGx+nTAy1Gx4GBPG0fyZI4Rm632+goIc1RWaSl1VlaWWhXqmpUmrNG6SWFmr6lSEvrspRbX6ayWknZBVqZsUZLfb/QsvI8ZcqhdUX5vvclyZbrW6emVIvWSHZVqbK2x+unyJI6LUu2sjo1SEqVVFOaoxVV3UuXaLk91dfpml8m35Y25ZYUan6qJNWoNKdYlVKPfL7XVFCuvMyu77VuoSrypNKcNVK2VFmVrmXl12n3ke+jx5rH7NW95rG5lF2girxMP/xOAAAAAACGIjpWB6it0awdlaHTrXoiLz7UqiezG+U8PFX2xZt0jr3Y6Ei9er/6e7p93jlGx4DBOh1VMsv48RqhoVZl+T0euT9SLDyFqmppSbkqSnJlqyrWk1qiivIC2VWl9TWSHA0avaS747RA9tpqbe5uN62tV/qS7tfLtPY0HvF3bKlWrS1DKfIVQVeo4MjaGWWrtM4h1awtk3JLujpcpbK1NZIcWldUrLojr9drRdGpOl9rVZexRBXleUqpXKUy5WplebkqCtJVtqpSDtWoNL9aWSXlR9csrZEclVpdla1l3d9z1ZpjxywAAAAAANAHdKwOUFSMVR++Fh7dlc98uVUxw1p1yxNzlX33Bn1Ss0bb3/iR0bGOsWf7Cxo79Q7dNHuynn/9faPjwCCdB95UnDVacruMjhICenZ2qqsTs+40bsvS9FRJSlOGbEqf5lsg3SbVS1Jq5me6Vm3KPXJzukanSlLK0euP4yv4lh2T09fZWlNXK1UVa1HV0attWxxaPitbtcX5WlTm+54q7JJUo/pam7KW+PId7XxNO+m3l5Hmu76hrla2rCW+jtrMPFUU+n5GdapV5TH51qsm7zpl2cq0IqfK161aXniqnyIAAAAAAL2isDoAJpNJHa0eHfzIY3SU09Z2UPrdnS06I9Oiax+9WZfl3qydb/9CdZt/a3S0I3wjATZo1PA47WUkwNDkbpO77SOZrWPk8YTPn6+wUlOqRcVVsheUqyLTN0agb44WfLtHEkzvMS/gyOP/x8hTRXme7/r8HJXZcrWy8OQF1P47+vh/T5mF5ZrfNWZgUZVk7xo1AAAAAABAXzEKYAC8bqs+CPExAL35tMat0pub9fdHOzRu6pc1N+efOuOszxkd64j3X/1v3cZIgCGt01Epszn0Zhf3xew7qvv1dbpS09KlWt9cU9Ws75pR2ge2XF2X2c97e+awF2pZepmWlvpmBqRk2FRbtla+X9WoNCdHpTW++aalNb7rKwqyu+5OUbqtVtVbfM/kHx0p4OuWrdvjkOTQ5uoTD0BIybCptnqLb3RATakW5ZSqJjVNGarS6squNSuLtKioUg5HpZYXVcqhTOWVlyjXNoBvGgAAAAAw5NGxOgBep1kfVodnYbXbjlec2vGKUzNujdIl//WIzrrofr1XWaCDe98yNNeeD17U2Gl36ubZk/UcIwGGJOf+NxQ95jaF68fUe1u3Bn6TzFmyq7jr0fZs2ft6b22xluaUSdm5yrVVqb5hAFHyCmTPKdYiFagir1DL6nJ8udTVvZopKbNA63NytMj3qnJL8pQqaX5hgepz8rWoTPJ1mvpGCkzPsqmszDc6wJ594ipoqt2319Ic30P/9oJyZUrKLMnV8vzj17wvq+jItcouUAXdqgAAAACAfjJ5vV6/toTt3LlTaaNG9ft+5ypfaSBiyUD6p4LAZJI6IvWbGw8ancSv5iyJ0YxbotXW9LHe+csStTfvMTRP9j0b9FTVu34ZCbBw7hSlRe7S4c0P+CEZgmH4JS+qw2WV/Psx5Xfdn1vdQv7zCwC68PkFIFyFzd8bAQBBsWfvXo0fP96va+bn55/yGkYB9JPFYlHtq06jY/jdv1a1adX8A/pkU4pm3/6iLrih3NA8Na9+l5EAQ5iz8Q1ZzHxMAQAAAACA0BOez9iGAHebSbWvdhgdI2Be/l6bXv5em24omSD74k1q/Hi93vnrV4OeY+8HazV26p265dJMPftaTdD3h7E6Gv6p2GGz5A6zjyp/jQE4Z8oUv6wDAAAAAAD8L7yqFSHEGmVV4y630TEC7oX8Vkmtuu3X58q+eJP2fvCStv7zkaBm2PT87cq+Z4PSkuO1p7E5qHvDWM4Db8ls8hgdo18GWhQNyoxWAAAAAADQbxRW+8vrVUtDaM999KfVi1uUcEabbvrJ5cq+52rVb/m9ajc8HrT9t/6zSAvnFurxP74ZtD0RAjzt8sork8kkP4+DDoonX3qnX/fdd+1MPycBAAAAAAD+xvDCfjCbzTrw0eDvVv2spk89Kv9Cs/64tFlnZNyuy3Jf19ipXwjK3p/u+LPaDn2oWy/lCO+hxt1SKxNzVgEAAAAAQIihWtEPZrNZe98beoXVbrvfcek3Nzap8oedGj/zfs3NeUUjx18R8H03Pne70kcmacyIhIDvhdDhOvhvmU1GpwAAAAAAADgWhdV+8HSatPc9p9ExDLft5U798prD2vhbs6bMe1RzvvAXJaRODeieW1/5jj4/lwN9hhJX83aZvO1GxwAAAAAAADgGhdV+8Mqshh1Dt2P1s95+ql0/v+Kgtr0cpwsW/K9mff7/FBGdHJC9Pq39q1oO1OrzWRRXhwpX8weyWKONjmGcmlItysk5+lVac6obVJpTpHWOAW+s0u49iyp14uW6rynVMakclVp+Wll7LlV6/Don4ags6lrfoXVFOerLVgAAAAAA+AOF1X6IijOrcReF1c+q/mm7Vs0/qD3/GaWsO1/W+QtKA7LPpue/oHGpiRqbwkiAocDrPCivp9PoGAapUWlxlewF5aooL1dFeYHsVcVaXjngqukpOSrXqC63RBXl5VqWXqa1vRYubbLZqrS+x/uOLdWqDXC+hrruHVI1v7BceYxfBgAAAAAEmdXoAOHGZDLp8B6P0TFC2l8LWyW16qbHz5Z98SY11Fdr88sP+nWP96q+rVsv+2/95Pk3/bouQpO7dZfMUWfL4xlif/Yce1Qnm7JSul/IVF55+dH3a0q1qLjqyC/tBccXGGtKc7Si6xJbbomW21N9HaX5ZV3FT5tySwo1P/XY+1LT0lW7Zosc9jStr8rWrLzeY2ZlZat6j0PKTJXk0OZqyZ5tU+VJczq0rihf9enZqqyqV+5X0o9+25VFWlqmrlw1Ks0p7lqrK2tDadf3VKzSWSVKX5Ov+oXlum5PkZbWpcteVeW7PrtAFXmZ8nW15qusVlJ2tuxV9Uo/wfcMAAAAAEBf0LHaR2azWY4PXEbHCAvP39+qX1zVKJP7Qtnv2ajJc7/jt7X3ffg3NTfuYCTAEOE89I7MQ/EEq1S77suVyvJ9j+R/tlO1RrO6OlnLtTLXpsr1x7aVOiqLtEIFR7pdM8pWaZ1DqllbJnV1o67MlcpO1I6amadl6WVamrNes8rzdNKG0LQMqXqLb1yAY4uqlaVZGaeXs1KzVFFeqPnDui8u1dLqLK0sL9T8VIfWFRVL3R27BekqW1UpR2aelmVLyi44vlO1SppVXq6KklzZqtZonUNyVK5SmXK1srxcFbN0tOALAAAAAMAA0LHaV16zPnmnw+gUYcPVKT19d6uGZ7RrwWNXK/vu61T3nzJ9+NbPB7z2W3/8orLv2aCxKQn6uKHJD2kRqlyHaxQ5qkND8SMr1V6oCrvkm2ear0VN1XlOAAAgAElEQVRlRztTMzMzj+0GzT723oa6WqmqWIuONovKtsWh5bOyVVucr0Vlvg5Q3/o9+bpEVVCi3Pp8ra68TvdplZbWLezqAP2MlGnK0iptdtg1fUu1lLVEKao+8vbJctoyUnosVKUVxTblluTJ10zaoPpaqbI4p0cx1KbNDrtG9/YDs2UoRZJS0+Sr7Tq0ubpWtqwlvjUzZ8mu+t7uBgAAAADgtA29KsUAeZxmNdQyX7WvDtR5VH5bi9IvsuqKh3M0buod+mDDj7W75tkBresbCfA9RgIMcu72T2TSEOxYPYZvDMB1lUVaur5GeZkpvsfbuzoxVVmkpXXH33Xk8f9j5KmiPM/3yH1+jspsuVpZaFf3Vd3zVZdnpkqFBarPyddSSfaC3vpWUzU9S3pyS41ULWUtSZW2dL/nOK2cPtlaViCtWFWp6UfynHhUAWdVAQAAAACMRmG1jyKizWrYwSiA/qrf4NJvbmjSlOuidOl935Dt/PtU8+pyNdS/2q/19n34ssZNu0sL507Rmle3+jnt4BU17UXFDZOctQvUtFvSxN8q+YyjMy7V+lc1vrVDCZd8VRFWSa531PLGg+qQFHd+laxN2Tq0PXh5vR0NMlkiJVd4/aPGfdfOHNgCNaVaVFx/XGGxZ5enfaFdqXJoXXWtlH7s7SkZNtWWrVWNPU+ZR7pQyzVrfY7WzypXnr1QFWmlWrTm2PuOzle1K1WZui7XpsoyKT1FvUqdliWtWqPq2nTddoLZpSfLeYzMPC1Lz9GTldO03J6idFutytbWaH5ed9ertKz8JANfj0+m6Vk2lVV3fT8161UpKbcPKwAAAAAAcCIUVvvAZDLpQL1Lzlajk4S/rWs7tHVthy68K1oX3PkjOTsceuevD6jlwAd9XuutF+5Q9j0bNC41UR85Dgcg7SAz+seKGRYvqfnIS1FRyZLq1VF9l1p6XGex1qujequsWZcqcrTUoR8rIvIdtQWxqCpJXneLTCaLpPAprL631Q+F/sw8rczt6irtfi27QBV5vsrl9CybyopzVCmbcnOzpeo9cijtyO2p9kItq8vRihzfI/i23BItz5SUWaD1OTla5Hu1x6P3R/ddlp6jpTllR/cs2aPl+aUa3du81dRpylKZyrIXyndc1JE3esnZe5U287pcKX+V1k0r1PzCAtXndI8z8HWvZkpyZNiksq7Dq07xY0y1L1Fudb7v+8nO1nGTDwAAAAAA6AeT1+v1+nPBnTt3Km3UqH7f71zl+ytvxJLQO17EZDar9VOrnrrrkNFRBp3sr8co89potR78UBtfyJPH1bfq9cjxVygz+9GTjgRYOHeK0iJ36fDmBwYaN4zdooRLviqLmmW2Hu1YjTu/SlGRR7tSJUmjf6xhtmQ5uwqrntoF8qQFv1u127BZz8npjpGfP7L8ovtzq1sofn6hS4+u15MeyAUMEXx+AQhXofz3RgBA8O3Zu1fjx4/365r5+fmnvMbs1x0HOZOkjubQK+oMBlU/atMq+wHtqxmjy3Jf1XnX/apP9+/b+Xc17d+uhXPPCVDCwSFqWq4i9I7a9jf2ePUWmSMlWWcqLqtKyVkvKmG0pN2vye1KV1TW1bK0vqamrm7VdgOKqpLk6Twgk2moz1lFfzgqi7QoJ8f3VVwlewFFVQAAAADAwDEKoC9MJnVSWA2olx5uldSqW56cIvviTdq3s1Lvrvvmad379gt3KvueDUpPTVK9g67i44z+sWKGSc7aB9UR/1vFHXnjLJmtkufgEzq45Vlf96rtt4rbfZea3jh6uFjc+VXy7s+Wpr2o5GHxOm50QIB5OvbJFDE2SLthMEm1F6qC5/8BAAAAAH1Ax6qfmSS1HfIYHWNIePa+Fv3mhkZFWi9V9j0bNHHOt07rvi3/+JZunjM5wOnCU9SIs2RWvCJsVV0HVcUrwvaiEkb/QIeqs3Vwi6+I6upsPv7m0d3dqg8pepjkrH1CTle6IqbdErT8nvY9Eh2rAAAAAAAgRFBY7QOTyaS2g3SsBkv7Yen3Oc165suHNXzk9bos7w1lzLznpPc01FWqaf823TZ3SpBSho+OLQvUWJ3t+/q0XlKzb8aqfqxhWVUa1lUktUbGS65GuXrcG5c2U979PeavGsDTvkdmE/+wAQAAAAAAQgOF1b4wmdROx2rQObZ7VHZrs/66vF1jJy/W3JxXlXb2gl6vf/tPizR6RIIyRiYFMWUY2/2gDn5aL/Owryo5q0pRsfXq+MwhVkdnq/5A7QelCNtXFWGtl3PLs72v62eezv2SpzNo+wEAAAAAAJwMM1b7wN1p4vAqA+18zalfv+bUtJujNPveb+usi+/Xu5UP68DuN4+79t1139RN8x/TT54//j1I2n6XGref5Nc97X5QB3cf/WXHlgWGdK56OhyS1y0+tgAAAAAAQCigY7UPvG6vOlsorBpty3Md+sVVh7T5uSjNvPpnuuS2Pykmcdwx1zTUvaKmhvd129xzDEoJf/O622QyU1QFAAAAAAChgcJqn9CxGkrW/6pNq+YfVP0bw3XJ55/ThTc9pZ7/S7/9pxyNHhGnM89gJMCg4PX4TpADAAAAAAAIARRW+8REx2oI+kdxm560H9CBD9NlX7xBM69ZdeS9d9c9pBtnTzYwHfzFK7fEHz8AAAAAABAiKKz2EYXV0PXiN1v1ZHaj3C0zZF+8SefYH1VD3Ss67KjR7fMYCRD2vB6ZTLSsAgAAAACA0EBhtQ8sEYwCCAdr7m1R2cIDio7OVvbdG9Ts2Ky05DhFRzCfM6x53TKZ+MgCAAAAAAChgSpFH5gtjAIIFy0Or353R7Oeu79ZKWNulSSlDoszOBUGxOuW6FgFAAAAAAAhgha+vjB59KW1w41OgQGwxJ9tdAT0k9frltfLP2wAAAAAAIDQQGG1Dzxmt774f19Qm6vN6Cjoo1hrrJ6+9WmZLDFGR0F/HRkF4DE6CQAAAAAAAKMA+sLpdiouksfJw9FjVzwmr9crr1cyx000Og76xSOJUQAAAAAAACA0UFjtA6fbqfjIeKNjoI8mDJugcYnjJEktTilm7OcNToR+8bjk9TiNTgEAAAAAACCJwmqfuD1uCqth6OGsh9VaWyun0636Qy5FJM82OhL6wxItmS1GpwAAAAAAAJBEYbVPPF634iMorIaTi8dcrOTo4fK0tqrJZdb2Ro/M1lgxXjj8mK1J8rrpWAUAAAAAAKGBwmofuL0eOlbDzP0XfU17n16tmDPPVEOr79CjTrdXMWfmGZwMfWWKSDQ6AgAAAAAAwBEUVvvA6/VweFUY+dzZn1OU16o9f/iDLPHx2t3sliTtbnIrcuTlBqdDX5kiEuX1eo2OAQAAAAAAIInCap+YvCYlRCYYHQOnKW9Grj7+xS8VnZ4uk8mkQx2+17fvd8sSNdLYcOgzszVRMjFjFQAAAAAAhAYKq30QZYliFECYWDR9kbyt7dr/979r+Jw5crrcR95rdUluj1dRZ1xnYEL0lSkiSV5TlNExAAAAAAAAJFFY7ZMYawyF1TBx8+SbtetHJZKkxGnTdNh57P/qDW1eRY1eYEQ09JM5cgSjAAAAAAAAQMigsNoHJpk0LHqY0TFwCl+7+Gvq3N+gprffliTFnDleDW2eY66pPeCSJe4sI+KhnyxRKRKFVQAAAAAAECIorPaBV1JiFCeTh7r54+drx7cfOfJrS3ycdje5j7lmX4tXMpllTZoZ7HjoJ1PEMDpWAQAAAABAyKCw2hderxKiOLwqlH1n7nfUsmunOj75RJIUPW7cMQdX9dTU4VX0mFuCnBD9ZTLHiLIqAAAAAAAIFVajA4QTr9erWGus0TFwEheOvlCbbrzxyK+HzZ59zMFVPdUddOmclAuDFQ0DZI4ZLW+n59QXAgAAAAAABAEdq33U5mozOgJ6UXJliQ5t2Sy5XEdeS5o+XU3OE/9vXnvQI7MlSrIyNzfUmayJkol/BwIAAAAAAKGDwmofRVmilBafZnQMfEZydLLOTj5bHxQsO+b1mPHHH1zVU5vTq9iMnEDHwwBZYjMkT6fRMQAAAAAAAI6gsNpHTrdTZyVzmnyoWTF/hRr++c/jXrfEx2tP84lHAUjS7ia3IlOzAxkNfmCJPVNuj8noGAAAAAAAAEdQWO2jaHOUzk4+2+gY6CEzJVOj4s7Qrh/+8JjXo0aPlsls1oH23u/dtt8tcwSjAEKdJf4seU2RRscAAAAAAAA4gsJqH5llVmZqptEx0MO35nxLjrV/Pu714XPmyOnsvVtVkjo9ksvjVdSYhYGKBz+wJkyW18PBVQAAAAAAIHRQWO0jj8ejCcMmGB0DXbLGZSkpIl4f/fKXx72XOGOGmlynfnx8X4tX0aOuDUQ8+Ikleow8FFYBAAAAAEAIobDaDy3OFo1LHGd0DEi676Il2l3xuxO+Fzt+vBpaT12Mqz3glCU23d/R4Ccma4JM5gijYwAAAAAAAByDwmo/tHa2coBVCLhx8o2KcJm099lnT/i+JSHhpAdXddvfJnm8UkTyHH9HhB9YYjPkcXcYHQMAAAAAAOAYFFb7IcIcwQFWIWDRtEX66IknT/heZFraKQ+u6ulgh1dRo2/0Yzr4iyl6tDyeU490AAAAAAAACCYKq/2QGJGoiSMmGh1jSLvn3HvkaW5W4z//ecL3k+fMkesUB1f1tOuAW9akGf6KBz+KSsmS1xRpdAwAAAAAAIBjUFjtB6/HwygAgy2YuEAfrvh+r++f7sFV3eoPe2Q2R8gcw+zcUBORNFNuDq4CAAAAAAAhhsJqPzV1HFZGUobRMYak/Evy1f7pXrW8916v18SMHy/HaRxc1VNLp0fRY78w0HjwI3PMWEkmyes1OgoAAAAAAMAxKKz2k9vtZs6qQeZlzNMHDxWc9BprYqL2nsbBVT193ORRxIhLBxINfhaRdK48shodAwAAAAAA4DgUVvspPiJBk1ImGR1jyPnuZd9V047tcu7f3+s1kWecIZPZrMbTPLiqW02DW5aIhAEmhD9FpmTJzcFVAAAAAAAgBFFY7Sevx6NzUs8xOsaQM3PUTG17YOlJr0m+9NI+HVzVU6fbo+j03H7dC/+LSJomj7t/v5cAAAAAAACBRGG1n7xer6xmHlEOph9f+WMdePutU16XOGOGmpz922Nvs0dRZ1zRv5vhV5bYCfK4XUbHAAAAAAAAOCEKqwMQbYlWVnqW0TGGhLT4NNmSJ6j2kcJTXhs7YYIa2vp32NEHjW5ZotP6dS/8K2L4efIqwugYAAAAAAAAJ0RhdQBizTG6fMLlRscYEoouK1JDZdVpXWtNTNTelv49Pt7UKXm8UuTIK/t1P/wnMmWu3B6jUwAAAAAAAJwYhdUB8Hg8mjpyqmKsMUZHGdRmjJyhkbGp2rVy5SmvjUxNlcxm7W/r/36N7VLUqAX9XwD+ETFCHg+VVQAAAAAAEJoorA7QgdYDmpsx1+gYg9o35nxd+57/42ldO/zSS+VyDeywow8bXbImTB7QGhiYiBFzZI5INjoGAAAAAABArzh9aYASrQmyj7frb7V/MzqKpAV69OYvaVr7Ol3/0uPSxEf11HnTFH/MNR9r3dN/0cibv6RpkZI6t+hXzz2sFyXdf+2fNGn/9VrypiHhT+jy8Zcr1hyt7aWlp3V94syZau7nwVXddjd7JFOkLAmZcjfVDGwx9Ev06Jvl8pglDaxIDgAAAAAAECh0rA6UVxqXOE7JMUZ313UVVSN7vLT9YX3x6et1/dPX6/q3t6hZUvO+v+jxibM0PvJjrXt6nT6OHK9ZEyVNfFQXR2/RX0KoqCpJXzrvS/rkf8tO+/qBHFzVU7NTih5z64DXQT+YImRNmiGPm6IqAAAAAAAIXRRW/eBQ20FdlnGZgQm6i6rNau488RX3nzVN8Z1b9IfKF3t9/+Anvs7VULFwykJZnW45Xjz9VNakJO1pHnhBrv6gSxHJlwx4HfRd1MjL5XH18j8yAAAAAABAiKCw6gfDI4cre3y2wSk+1rqn/6CdJ3pr4qO6OFH6uLtwun29dnaO1fzb52vs4Tf1sEKzW/X2c25T3U9+etrXR4wYIdMAD67q9sEBj8yWGMkcO/DF0CdRo2+S28NHEwAAAAAACG3MWPUDs8xKikrSuMRx+ujwRwYkeFEPP/eipAV69ATv3n/WNMXrY7355mev73r/2j/p4CfXS/an9KeR8fIVaZfo8cAH79WXz/+yXIcO6+Drr5/2PclZWQM+uKqnDrdXMRk5atv5P35bEydnikiWJWacXJ0eo6MAAAAAAACcFG1hfuJ1ezUvY57RMU5ggUZGSzq87cSF0iOzVe/XNSOlLW//Sls6x+pi+4Ig5zzW1WddrQ+/+999uscfB1f1tLvJrcjU+f5bEKcUdcaV8rgHPiMXAAAAAAAg0Cis+kmsJUaXT7jc6BjHmzhL4yOl5vYPT/h2KM5WfWj2Q2r75BO17tjRp/tibTbt98PBVd227XfLEpXit/VwalGjFsjlMRkdAwAAAAAA4JQorPqJ1+uV2WTWpBGTjI5yQgdbTlA6ndhzturj+ss+adp5X9K0yI/1Zi+HXAXDnPQ52v6Nb/b5Pn8dXNWt3SW5PV5Fpd3gtzXRO3PMOJksMfJ66VgFAAAAAAChjxmrfhRtitb88fO1bf82gxIcOztVkrT9YX1xey+Xf+a9Fyu/aHjnavH8FTq8rUbupqY+3WdNTpbJbFaDHw6u6snR5lXKqOvUsecF/y6M48SMu11uRRsdAwAAAAAA4LTQsepPHq+mpp5jdIqwFW2N1jmpU7U9/xt9vjc5K0tuPx5c1a220SVL3AS/r4vPMEcrauSVcvv/txAAAAAAACAgKKz6WWJUkq4+62qjY4SlH13xQzWuX9+vexOnT1ez0/+zOR2tXkkmWYdd4Pe1cVRM+h1yOTuNjgEAAAAAAHDaKKz6WaQ3Qnkz84yOEXYykjI0LjFdH37ve/26P+7siWpo8/g5lc/hTil6zM0BWRs+0WNul8vNoVUAAAAAACB8UFgNgNaOVi2YuMDoGGGlcO4jcrz8cr/vtw5L0p7mwBRWdx10yZp0XkDWhhQ9+ia5XX4ejgsAAAAAABBgFFYDIM4cq7tm3GV0jLBx4egLlRw9XPU/+1m/7rcOG9Z1cFVgTpPfedAjsyVKpsjUgKw/1MWk3yW3J8LoGAAAAAAAAH1CYTVAGlsbdfNkHh8/HQ9c/ID2rF7T7/uHZ2XJ5QzsqUetTo9i0u8M6B5DUWTKZfLIIq83MEVxAAAAAACAQKGwGiDDrEnKmZFjdIyQd43tGkUrQnueeqrfayTOmKEWV2Dnc35y2KOIEfMCusdQFHPm3XK5rUbHAAAAAAAA6DMKqwG0+9BuLZyy0OgYIe3uc+/WJ7/81YDWiD/7bO1vD8x81W7bGt2yRCYFdI+hxpo0U7Ik0q0KAAAAAADCEoXVAEqJGqE7p/P4eG/umHqH1Nahhr/9bUDrWIcN094AHVzVzeWRnG6vosZ+MaD7DCVxtv8ntzfa6BgAAAAAAAD9QmE1wBxN+3TnNIqrJ3LrlFtV96OSAa1hTUyUyWLRvtbAdz3ua/Uq6oyrAr7PUBCZapciUuTxBLYgDgAAAAAAECgUVgMswZqgmzNvVoSZU897+tpFX1Pn/v06/NZbA1pn+Ny5crkCe3BVtx2NTllixgVlr8Eu7uyvy+nmzwQAAAAAAAhfFFaDoLWjVXfNvMvoGCFl/vj5qi1cPuB1EmfMUGuAD67qdqBdkkyKSOEQq4GIybg7aMVwAAAAAACAQKGwGgSRitA1tmsUGxFrdJSQ8O2sb6u1vk7t9fUDXitu4kQ1tAXvcfID7R5Fj74haPsNNiZrgqLH3ia3x2J0FAAAAAAAgAGhsBokbpdbi89dbHSMkHDRmIv0/oNL/bJWxLBh2tsSvMLqzoNuWROmBW2/wSZu4kNyOZmrCgAAAAAAwh+F1WDxeHVe2nkaHj3c6CSGeuzyH+jgu1vk7ewc8FqWhATfwVUtgT+4qttHhz2S2Spz7Pig7TlYWBIyZU2cJrcneL9fAAAAAAAAgUJhNYjiTLF67IrHjI5hmKSoJE1OydSObxX4Zb3krCxDZnW2dHoUM/b2oO8b7uInfUtOd6TRMQAAAAAAAPyCwmoQeb1exVnjtGj6IqOjGKJ4frH2v1btt/USZ84M2sFVPX102KOIEXOCvm84i0iZJ48pVl4v3aoAAAAAAGBwoLAaZFaPRVdOuFIThk8wOkpQTRwxUaPjR2vn93/gtzWDfXBVt2373TJb44K+b9gyRyth8rfl9vIzAwAAAAAAgweFVQNEKUpFlxUZHSOols0pkOPPf/brmhHDhwf14KqeOt1exWTcY8je4SZx+kp1drqMjgEAAAAAAOBXFFaN4PXK5XTqKxd8xegkQXHpuEuVFJWkj37xC7+taY6PD/rBVT3taXYrcuTlhuwdTqLHLJQparQ8HFgFAAAAAAAGGQqrBomzxOncUedqxhkzjI4ScPddeJ/2/O73fl0zOStLbgMOrur2wX63LNGjDNs/HJijRikm4y4OrAIAAAAAAIMShVUDJVkS9ci8R4yOEVDXT7xeUR6z9j7zjF/X9R1c5dcl+6TZKbk9XkWecY1xIUJc4vQfq9PJRwwAAAAAABicqHoYyCSTWttaVHBpgdFRAiZnRo7qV/3c7+vGT5yohnZjHy9vbJeiRl1naIZQFWu7T25TvLxeRgAAAAAAAIDBicKqwaLMUTo7+WxlpWcZHcXvcmfkytvSqsbKSr+vHTF8uD5tNrZoV9vokjVhkqEZQpElIVORqVfJ7bEYHQUAAAAAACBgKKyGgHhTnB6c9aAiLYNrFuWNk2/UruIf+H1dc3S0TFar9rZ4/L52X+xt8chkssiaMM3QHKEmYcp31emyGh0DAAAAAAAgoCishgi306Xi+cVGx/CbpbOWqn3fp2rassXvayfPm2fowVU9He7wKHrsrUbHCBkJ038slyfW6BgAAAAAAAABR2E1RHg9XqXFjtL1E683OopfXHbmZdpR8HBA1k4891y1OAOydJ/VHXIrYvhFRscICXFnPSBTjE0er8noKAAAAAAAAAFHYTWEWL1W3T71dk0fOd3oKANSNK9ITbU71LlvX0DWj580Sfs7QuNQpNoDHpks0ZI10egohooa9TlZk+fJ5WYEAAAAAAAAGBoorIYYq9uiZZcWaEzCGKOj9Nu5aedq2/0PBGx9awgcXNVTu8ur2HGLjI5hGGvCFMWcea+cniijowAAAAAAAAQNhdUQZHab9ZOrf6L4yHijo/TZyitX6sA7/w7Y+uboaJlD4OCqnnY3uRU5MtvoGMawxChxxuMcVgUAAAAAAIYcCqshytvp0e9u+p3RMfpkZOxInZV8lmq//Z2A7RFKB1d1e7/BLXPkCKNjGGL4RWvU3uEyOgYAAAAAAEDQUVgNYW1trWFVXP3v7O9q/ytVAd0jceZMtYRYHa/TI7k9XkWNvsXoKEGVdO4v5XRbJG/ojGUAAAAAAAAIFgqrIcxissjtdOmJa54wOsopTRs5TaPiRmnnj0oCuk/8pElqbA+9Qt6+Vq+iRl1rdIygSZj6mNyWUfKEzkQGAAAAAACAoKKwGuJiLDGKVIRW2FcYHeWkvjH7G/r0j38M+D7W5OSQOriq245Gp6xx442OERRxk5bJG5spj5irCgAAAAAAhi4Kq2FgWOQwpcWO0kNzHjI6yglln5mtBEusPv7f/w3oPqbISJmtVu0JoYOruu1v8z0Rbx1+sdFRAip+0sOyJF0ij8didBQAAAAAAABDUVgNE3GWOE0ZMUVfueArRkc5zr3n36tPyn4b8H2S582T2x1aB1f1dKhDihkzeOesxk96WOakWXJRVAUAAAAAAKCwGk5iTNGaM2a2vjj1i0ZHOeLWzFtldXq174UXAr5X4syZanUGfJt+23XQJUvSDKNjBET85O9QVAUAAAAAAOiBwmqYiVSkFpx1ne6eebfRUSRJX5j6BdU//tOg7BU/eXJIHlzVbdchj8zmSJmj04yO4lfxkx+RKfFiiqoAAAAAAAA9UFgNQxavRXPHZunL53/Z0Bz3nn+v3IcP6+C//hWU/SJHjNCnLaFbWJWkVpdX0WPvMDqG3/iKqhfJ7eGjAgAAAAAAoCeqJWEq1hKruePmaoV9hWEZrjnrGu38XpD2t1plslq1uzn0Dq7q6eNDbkWkZBkdwy/iJi2jqAoAAAAAANALKiZhzOq1aELiBJXfWK5IS2RQ9/7G7G+ofc9utWzbFpT9kufNk8cd2kVVSXq/wS1LRKLRMQZs2IW/kznpEoqqAAAAAAAAvaBqEubMXpOiFaU/3PIHTUyeGLR9s9KztP2b3wrafknnnqsWZ2iPAZAkj6ROt0fR4xYZHaVfzFFnKPnSv8tpGiE3M1UBAAAAAAB6RWF1MPBK7g6XvnXpt3T5hMsDvt2j9kfVtP19uQ4eDPhe3eInT1ZjR+gXViXp0xYp6owrjY7RZ5Ej5ijp/FK1tzvl9YTHzxoAAAAAAMAoFFYHkXhTnG7LvE33nn9vwPaINEdq2shp2rb06wHb44T7pqRoX4gfXNVtR6NT5ugxRsfok+j0XMWc/ZA6Oo1OAgAAAAAAEB4orA4ySdZEXTLmEj12+WMBWf9HV/5QjRs3BGTtXpnNMlmt+qQp9GesStKhDskrKSJlvtFRTkvClEcVlXaLnC6r0VEAAAAAAADCBoXVQSjWFKP0uHF66uanlBCZ4Ld1xyWOU0bSmfqw6Lt+W/N0JF92WVgcXNXTgXYpevQCo2OcnDlaw877tRQ/Q04381QBAAAAAAD6gsLqIGWWWVa3RWU3lmnayGl+WbNwXqEa/vF3v6zVF0nnnRcWB1f19OEBlywJU4yO0avIkVdp+CUvymkZI7eHjwEAAAAAAIC+oqIyyLk7XCqYU6AvX/DlAa1zQdoFSolOVt3jP/VTstMXP3myDoTJwVXdPmnyyGSyyi4YlaAAAATjSURBVBw30egox0mY+kPFjL9PHR1Oeb3h9XMFAAAAAAAIFRRWhwCrx6LLxs7T6ltX6/y08/u1xgOzHtDeZ5/zc7LTE5mSok/D5OCqnlqcUszYhUbHOCJi+MVKvvQfUuxUOd3MUwUAAAAAABgICqtDhNlrlskpPXjxA/rO3O8o2hp92vdeNeEqxZoitbu8PIAJexdOB1f1VH/IpYjkS4yOIUmKn/xtxU76ttrbO+X2hF+RGgAAAAAAINRQWB1iIr2RmjI8U7+/6ff63NmfO6177jnvHn3y6/8NcLITS87ODruDq7ptb/TIbI2VZFx3qCV+oobPXitT0mw5XRxQBQAAAAAA4C8UVocgiyxyd7p088Sb9MQ1T+jMYWf2eu0Xpn5B5nanHC+9FMSERyWed55aw+zgqp46XB7FnHm3IXvH2b6mhGkr1dFpltttSAQAAAAAAIBBi8LqEJZgTVByZLKK5hXp3vPvPeE1n5/yedWVrAxysqMSJk9WY5gdXNXTnmaPIlPtQd0zevTNSr60UuaUq9Tp5I84AAAAAABAIFB1GeKssihG0Zo9ZraeufUZXTL26EzQ+y68T84DB3Ro40bD8oXrwVXdtu93yxJ9RlD2ihh+oYZd/Iwix92l9vZ2ud2moOwLAAAAAAAwFFFYhSQpxhQtr9Oj/zr3v/S97O8pITJBV064UrWPLDc0lykiIiwPrurW6pLcHo+iRi0I2B7m6NFKnP644iY+LKcnXi53RMD2AgAAAAAAgI9xp+ogJMWZYzV52CSV3VCm1j271bl3r2FZkufNk8cTvkXVbvvbTRo+6nPq2Pui39eOO/sbikyZK6fbKpfbKyl8u3sBAAAAAADCCR2rOI7H45G706WIpGGauXq10r/yFVni4oKeI/H889XWGf6Fwh2NTlnjz/bfgpZYxWTcreGznpN5eJY6nBZ5POH/cwIAAAAAAAgndKyiVx6zWZ1Op4ZnZyv1yivVUPX/27ub1iaiMIrjJ5PM5KWNQZPUoJJouwkNLqRuioSKdZXuXCvovpR+Fr9A6brQTaFboYvSnf0CpeC7aUmaaE2TuXPHhS/gQrQxbWP4/2A2A3Ofuz6cufeF3q6uyrRa5zJ/vFzWQfdcRp2p+nEoRRzFMndkWi/7XsdJXFOy+ERe/oGM31PXRAe4SwAAAAAAAJwGwSr+KIhEFBijTLWq7NycmtvberOyIr/RONO5Xj6v+sH/fxSAJLVPrJLXH+lzH8FqLF1RsvRUsXRZxjrqdgNJhKoAAAAAAAAXiWAVf81K6lmr9OysypWKTLOp92trOtrZOZN5juvq9acRqKxKetUKVMndPdU3bvaekqVnctysjBLq+vzuDwAAAAAAMCwIVnFqNgyldFpuJqPS8rImo1HVNzf1cWND/uHhQGZcrlZH4uKqH/aOrG5fTUjuFcn/fdM34uUUn3ioeGFBoTMmq5RMYMWlVAAAAAAAAMOFYBV9s9ZK0agCSdlaTflaTZ39fX1YX//nFmtmZkadEWtodoxVqvhYX/ae//I+Eh2TNzGvRGFBTvKGAmNkQk+hDfWtJwwAAAAAAIBhQ7CKgQi+P97UlIqLi7q5tKT27q4aW1t9hazj09M6OBn4Ni/Uu7bVrdz9n8Gql59XvLCg2KWKAv9YgVLye1aSKxqqAAAAAAAAw+0rvrG0RCzx+eYAAAAASUVORK5CYII=" height="600" width="800" />
<img src="data:image/png;base64,iVBORw0KGgoAAAANSUhEUgAABVYAAAJcCAYAAAASBf/6AAAAAXNSR0IArs4c6QAAIABJREFUeJzs3deTXOeZ5/nve85JW5lZ3qAK3hAAQQOQhEiKRqIokeqW1KOdi57ejZ3diJ7dvZ5/Ynrvd252YqfXdGsnutUR2y1NjCg1KVIaSQABkgDhvamCK2/SZx7z7sXJShZQBZMgSFDS78MAC6iqc/I9J8vhh+d9HmOttYiIiIiIiIiIiIj8kSgWi5/7HM4jWIeIiIiIiIiIiIjIHxUFqyIiIiIiIiIiIiIdUrAqIiIiIiIiIiIi0iEFqyIiIiIiIiIiIiIdUrAqIiIiIiIiIiIi0iEFqyIiIiIiIiIiIiIdUrAqIiIiIiIiIiIissJPf/rT+76PglURERERERERERGRluVQ9X7hqoJVEREREREREREREVaHqfcKVxWsioiIiIiIiIiIyB+9u4Wod3u9sdbaL3JBIiIiIiIiIiIiIl8lxWLxc59DFasiIiIiIiIiIiIiHVKwKiIiIiIiIiIiItIhBasiIiIiIiIiIiIiHVKwKiIiIiIiIiIiItIhBasiIiIiIiIiIiIiHfIe9wJEREREREREREREHoejR492fMy+ffsAVayKiIiIiIiIiIiIdEzBqoiIiIiIiIiIiEiHFKyKiIiIiIiIiIiIdEjBqoiIiIiIiIiIiEiHFKyKiIiIiIiIiIiIdEjBqoiIiIiIiIiIiEiHFKyKiIiIiIiIiIiIdEjBqoiIiIiIiIiIiEiHFKyKiIiIiIiIiIiIdEjBqoiIiIiIiIiIiEiHFKyKiIiIiIiIiIiIdEjBqoiIiIiIiIiIiEiHFKyKiIiIiIiIiIiIdEjBqoiIiIiIiIiIiEiHFKyKiIiIiIiIiIiIdEjBqoiIiIiIiIiIiEiHFKyKiIiIiIiIiIiIdEjBqoiIiIiIiIiIiEiHFKyKiIiIiIiIiIiIdEjBqoiIiIiIiIiIiEiHFKyKiIiIiIiIiIiIdEjBqoiIiIiIiIiIiEiHFKyKiIiIiIiIiIiIdEjBqoiIiIiIiIiIiEiHFKyKiIiIiIiIiIiIdEjBqoiIiIiIiIiIiEiHFKyKiIiIiIiIiIiIdEjBqoiIiIiIiIiIiEiHFKyKiIiIiIiIiIiIdEjBqoiIiIiIiIiIiEiHFKyKiIiIiIiIiIiIdEjBqoiIiIiIiIiIiEiHFKyKiIiIiIiIiIiIdEjBqoiIiIiIiIiIiEiHFKyKiIiIiIiIiIiIdEjBqoiIiIiIiIiIiEiHFKyKiIiIiIiIiIiIdEjBqoiIiIiIiIiIiEiHFKyKiIiIiIiIiIiIdEjBqoiIiIiIiIiIiEiHFKyKiIiIiIiIiIiIdEjBqoiIiIiIiIiIiEiHFKyKiIiIiIiIiIiIdEjBqoiIiIiIiIiIiEiHFKyKiIiIiIiIiIiIdEjBqoiIiIiIiIiIiEiHFKyKiIiIiIiIiIiIdEjBqoiIiIiIiIiIiEiHFKyKiIiIiIiIiIiIdEjBqoiIiIiIiIiIiEiHFKyKiIiIiIiIiIiIdEjBqoiIiIiIiIiIiEiHFKyKiIiIiIiIiIiIdEjBqoiIiIiIiIiIiEiHFKyKiIiIiIiIiIiIdEjBqoiIiIiIiIiIiEiHFKyKiIiIiIiIiIiIdMh73AsQERGRB2OxNIMmxWaJ+doCc/V5lppFFhtLLDSWKDaKlP0ytaBOEAVEWABc45JwE6ScJN3JAvlkjpfW7efJ/l0k3cRjvioREREREZHfTwpWRUREvsJqQZ2F+iLT1Rkmq1NMV2aYbyxS9svUwzqNoIEfBTTCJoENCKKA0IZENiKyFgOAwTUOjnGYdKbY2buDyEa4RhtXREREREREHpaCVRERka+YZtik1CxzqzrFZHmKqeo0k5UppmrTzNXmqQRVGmETa5drUmkHqO0XdvV5jYmrVwfSfXSnCriO+6Vcj4iIiIiIyB8iBasiIiJfERZLI2gwXZ3lwuIlDt76iIuLlyk2iwSRjzEGBweMwWAwxm0fiQVjDMaY5ddgiWiHrVhc49Kf6eO5oWcZy617DFcoIiIiIiLyh0PBqoiIyFeAtRY/Cvhk6hgHbh3i5Nzpdq9UAM/c/Vu2tZYIS8J49KX6CG1ELahSC+vtWDW0lkIqx0sj+1mXGyHlpb6EqxIREREREfnDpWBVRETkMbNYZurz/O7mIT6dPsZE6RpLjWJ7e78xtCtRVx4T2YgI6E11M9Y1ymB2gJpf53r5BtWgctv7eo5Lf6qXl0b2U0gVMNx+PhEREREREemMglUREZHHrNQoc27+Ah9c/w3TlSnqQR3njsFSdsX/l6tTu5PdrOsaYTg7RG+6hyAKma8tUA/jStfl6DSyEf3pPnb27mBL9yaSTvLLvDwREREREZE/SApWRUREHqMwChkvXePgzUNcWbqMh7s6VLUWWlWrDg65RJbBzADbCpt5bmgvABeXLnNm/hSXlq4Q2QjHGLDtmle292zla+ueVwsAERERERGRR0TBqoiIyGNU9iucnjvL4alPcHFXbfmPWaIoDld7M718c+xVnh/ey2Cmn+ulm/xi/H2Oz52kHtRa4etnA6tCIgqpAtt6trCzd/uXeWkiIiIiIiJ/0BSsioiIPEbn5s9zcfESzbCJ57gAGOJN/9ZaQkJSboqRzDDPDOxhT/8uxnLrqAV1fnPjAJ9Mf8r18i3qQT2ubCWuULVARERoQ/YPPcfu3p2kXFWrioiIiIiIPCoKVkVERB4Day1BFHBu4SLXSjcwxrQHSlks1locx2V91zo25jeyo2cbT/btZDDTz3jpOsdnT3J0+jjXytcJojA+fkULAWstnuPRn+zl2cGnWJ8fXdViQERERERERB6eglUREZHHILQRZb/CeOk6M7U5HONgsWDBGIdMIsVApp+Xhl9g3/CzrM+NYbFcXrzKLyd+xaezJ1hqLOEZb41BV3HbgK5ElueG9rKtewvdqcJjulIREREREZE/TApWRUREHgM/bHK9eINis0hgw1Y4agkI6U3m2dO3mz/b+ieM5UfJehlKfpnTc+f4T2d/zHRtBj/08cza38Zt6+VQZpDvbXmbgUxfuxpWREREREREHg0FqyIiIo9BM/K5Xr5J1a9ibYQ1cSC6d+Bp9g0+w+7+nWzMbyDtpbhWusGR6WP89uaHzNRnCWzQGnJ1e1i6/KcgCtnavYVvrn+Vka5hkm7iy748ERERERGRP3gKVkVERB4DP/K5VZ2kFtZxHZfBzAB7+nfx/NA+tvdsZTDTD8C14g1+d+tDDk1+wkTpGhAHqMsDqpbFA68soY3oS/fyVP9unh/eR9rTwCoREREREZEvgoJVERGRxyCIAmZqswAMZ4fYN/gMb274JmP5dWS8NEEUMFub49Dkx3x46yOuFMdJOHHlaRyi3i7uq2rwnAS7+3by7OBTDHcNfrkXJSIiIiIi8kdEwaqIiMiXzGKph3VuVibJJ/K8OPIC3938Jr3pnvb7FBtFPrx5mP9y9Rcs1BdJOIl7dkkNbYRnPIbSA3xr/evsHXxafVVFRERERES+QApWRUREvmRRFJEwCfb07mZn33a2924jn8y1336zfIuPJo/y0ys/p+JXcY172/H2jt8FUUjGS7OlsIl/uf0HbO/diufqW7yIiIiIiMgXSX/rEhER+bIZyCfzvDz6Ncby6+hOFdrh6WJ9iWMzp/jdrQ+Zqc3iOV5rUFVruz9gbfw7i8XBMJgZYGfvDp4beoY9/bvJJDKqVhUREREREfmCKVgVERH5krnGJZfM8eTALlzjAMthqeXs/HkOT37C2fnzeK2wdTlIdYzBGEPSTZB0kmS8NIVUnm3dW9k/vI8n+3aR9lLtIFZERERERES+OApWRUREHgPHGFhRVWqx1Pwa74y/x8m504AlwoK1RLa1+d84JJwUw9lhthQ2saN3G3v6djHUNUjGS6tGVURERERE5EukYFVEROQxs9YyW5vjV9d/y1RtllQiS392iJ5kDz2pPH3pHrqTBbqTebpTBfrSveQTObKJDFkvS8K992ArERERERERefQUrIqIiHwFJJwEo13r+P6Wt3CMS9bLkvEyZL00GTdJ1k2R9tKkvQxJL4Xn6Fu4iIiIiIjI46S/lYmIiHwF5BJZnunfRSKKSAQNnGYV0yhj60WioAE2AmMwbhKTSBMlMpDMYlI5TCILXhJa/VpFRERERETki6dgVURE5HOJ+6BiLRBhrcUYB5Z7qN7RS3UtBkhgcI2DLU/B7CWiqTPYyXPY8hyRX8FGAda4OMkMpqsfCiOYvg04g09gejbg5AYxySw43orHFRERERERkS+KglUREZGHZS02qGPrRWxlFluegTDAJLOY/DCkCzjJrria9F5b9yOfqHiL6OYxwuvHiGavEJWmoF7GBo04tDWAcYmaFUxlATt3FSY+AS+N6erHHdyKO/Ik7ujTmMJoHLKKiIiIiIjIF0bBqoiISEcs+HWi8gzh9Hmi+XFsaQpbW4JmNd6y7yYg1YVJdmEy3Tj5IZyeMUzPBkxXP8ZL375t37iYdDfO4A5I5DDDu3HqJUyjRFiZx1bmsOUZovIsNMpEUb11nAEcTHUeW54mmr1MOPEJztAOnJEncYd2YtKFx3KXRERERERE/tApWBUREXlQQSMOVGcvEc1cILxxjGjuKrYyD2GwYvt9qzWA42DSBUx+ELdvE87ANkzvZpzuUZxCXNFqHBccF5PpwWR6cAZ3QhS2KmFLuJVZouIk0eINosVr2OIUtraArS7EYW4UYf06+HXC4hThzZM402dx569iy7O4w7sw+SFMIqMerCIiIiIiIo+Qsdbax70IERGRrzRrwUZEi9cILv8W//TPCSfPArT6qd4lsGx/i42PB4vp2YC78Tm8ba/ijj6DSeUxXpL79WGNw9YaUXGKcPIk4cQnhNeOYKtLEPnth4lfRoDB6R7Be+INvF3fxunbHA+5UrgqIiIiIiJCsVgE4OjRox0fu2/fPkDBqoiIyH3ZZpVw6jT+kR8TXD8GjRI2ioA749CVg6ws7SFS7UpWA8bBuIm4RcDQDrw9f4q3fi8m2/8AC4mwUQihj22UsMVJwpsn8M+/TzR5FsLm7b1cjYPxkpjBrSR2v42341s4ucFHck9ERERERER+nz2KYFWtAERERO4hKt4ivH4E/8y7hJNn4+33gFkOS63FWttqd+ph0jlIdsV9VKMA/Bq2UcH6VQhDIMCGPjZsYv1aPPhq7grejjdwBrbdezHGwbgOuAmMl8Km8piuPpyeUYKJTwivf0o0exkbRfH6bIRtVrGzl/FPvYMtz5F4+vs4+RFwk1/ofRMREREREflDp2BVRETkLmx1gfD6UYLTPyecOIKNAgyfVaBaG+G4SUw6j9O3EdM1gMn2YTLd7WDVNsrY+hK2toitl+P+qJV5bHUxPn9tMa4+tREJx8PkhzGJ9P0X57iYZDb+1TWAyQ3j5IcILv2WaO4Ktl4CDDgutlkjmj5P0Khgkmm8XW/j5Idvr24VERERERGRjuhvVCIiIqtYbBQSTJ4muPhr/EsH4mrU1rb+dhcdx8PkBnFHn8R78m3c/u2YdDd4qVYvU4sNffCr2EaRqDRLOHmG6MYxosnTcSVr0CCavkhQL4NxSOx6C7pHMR2EniaRwV33JE7PGKYwjH/8p0STZ7CNavx2DEQh0cI1Gp/8GHLr8Da9gJMb4L69XUVERERERGRNClZFRETuYKOQqDiFf/wnhOOH4spOc0cAGTbxhp/C2/0W3vbXMV2DGDfRClSXq1pNPJjK8SCZw8uN4A7uwG5/jWjuMv6Vg4SXD2KXbmHLM/iH/19MuoC37VVMYbTDVRtI5fG2vo6TLuCfegf/7HvtQVbxmsDWlvA//hHGgLPz2+AmHsk9ExERERER+WOjYFVERGQlG0JtEf/4PxJNn8U2axjjxG8zJu5fmszgjOwi8cy/wF2/D6cweo9t9fF2fIMb/8lLYRIZSOVJ5keIhp4gGP+E8PpRouIk/plfYFI5nJ0DHfdBNY4LySzOyJO4fgMb1AnO/7pVlGqwFgyWaG6cYOJjTGEd3vq9D32rRERERERE/pgpWBUREVnB1ksE0+cIL/2WqDwXV56uGFRlXBdTGCGx50/xNr+MyQ+1qlQ74CZwsn2Q7cMpDMd9VVM5gvFDcVuAG8dxRp7C7dv4UNdg0j14Y8+AXyNamiSanwC/jnGcuI1BUCe6dZKwMII7uB0SmTiUfYTigV6fr82AtRZLq972c57rUYpaw8G+7DV9Fe6HbQ1rA3CcDj/u/0hZLFEUYY3FNW7cmuMLEtkIi8VgcDr9uiQiIiIiHVOwKiIisiwKiRavE174FdHSTQgDzMrwyEaYbD/epudJPPWDuKL0c4YXJtMXB7TdY9DVS3D6n7Hz44Q3j+H2bljdguBBz5vtx9v0IoQ+/kf/iWhholWxCjge4ewVSB3G3bQfd/AJSGbXPI+1liAIbgtKoyjC8zwcx7kt4Gs2m9RqNcqVCn6ziZdIkOvK0d1duG8QuPw4jUaDer1Bo9nAbzaJWo/ruS6pVIp0JkM6lSKRSDx0uBhGEVEYEUUhruvGjwG4rntbWGhtHIg1m01q9TqNRoNGo0EYhriOSyKRIJlKkkmnSaVSeJ73yALPMAxpNps0Gg1q9TrNRgM/CIiiCNdxcF239cvDcR1cx8FxXBzH4DgOjutio4gwjOKwzVoK+Xz7eXsQ1lp83//s+usNfL9JEIZgwfNckskk6db1p9NpXNd94HsQ2YhG2IjD4lbb4ogICySdBMkOK7ZXrrseNrA2aoeYoY3DcM/xSLlJLJYgCmiGfiuMjDA4OMZgjEMYhfHzT9QOkpfDdAcHz/FwjYvnuPcNMKt+jbnaPLWwxkCmn0IiT+IRt+Cw1hLYgNnaPBW/Qj6Zpz/Ti2f0o76IiIjIF0k/bYmIiCzza4STZwjOvAehvzrUtBZ35EkSe76P8dIPHXqu4ni4vZtw9v8PGMclHP+Y8MpB2P3dtfu7PiCT6cF74k3CiSNEtQWoLn4WBFuLLU0RXvgVbve6NYNVa8H3A6amp8FavEQcHJbLZQYGBsh1deF58Y8SYRhya3KSEydO8uGhQ0xNT9Hf18/XX36Zt99+i+Q9gtDlUHVqaoorV69y7vwFLl++zNLiIo1mE8dxyOdybNq0iT179rB9+zbWrVtH4iGDzHq9TrlUplarkslm8X0fxxhyuRy5XK4dPEZRRKVS4crVq5w9d45z588zNTlFvd4gmUzQ39fH2NgYzzzzDFu3bGFgoJ9E4tEEZsViies3rnPhwkVOnTrFtevXWSoWCXyfZCJBLp+nK9tFPp+ju7ubrlyOdCpNJpMm29VFPpej2WxSLpepVKs0Gw3e+s53GB4eJpW6f2AZh6oBMzOzXLl6lTNnz3Lm7FkW5uepVqpYLPlCnuHBIXbs2METTzzB9m1b6e3tI5l8sHvQDJtcWrhCM/LxWpWcRb+MxbKpsIHR3Aiu6ayS2lpLM/S5sHAZP2yQdJI4xmHJL+Eal6HsAFu6N2GtZbI8zWRlilpUpx7USDpJMm6ahJOg1CzTCJs0omYc0mJJOQk8J0EmkWEw009/qo++TA9pL3339WC5Wpzgv1z+Zy4tXebtjd/iayPPs74w1tF1PYi52jz/cO6fuFy6wksj+3lr07foS/c+8scRERERkc8oWBUREWkJ568SzV7CNiutvqgt1oINcfo24I48idu78dGFqsscF5PMktj1FiaVw1aXsEETk3Af/rFa53S3fp2oPE1w9TDGawVVxoHaEsH4R3g738TN9K0aZGUMzC/M8+Mf/5jx8XFq9TqO4xCGIf/L//w/8fRTT2GMoVgq8ctf/pJDhw5z8eJF5ubnqdfrjI6OsnXLllWVrcustczPz3P69BkOfniIi5cuMjc7S6lcol5v4Ps+YRgS2QjP9Th2/Di/+vWvGR0d5cknd/Pmt95k/foxurJrV9vezY0bNzlw8AAffPABmXQGPwjYsGE933j9dV568UXS6TSTU1OcOHGS9375Hjdu3GRubpZSuUyz0QTAdZx2teYHH3zApk2beO655/jWt96gr7f3oQLWer3OzVu3+Ojjjzl06DA3b96gUq5ggY0bN7Jt61ZSySRBEDI1PcWFC+cplUq4nkcymSSZSrWrZ5vNZrvqNYoiHMewf/8LDA8P3Xcdi4uLnDl7joMHDnDpyhWmJicplkpEUcS6daMMDA7gui71ep1Tp09z7PgxMukM/f39PPvss7zw/PPs3LmT7u7CPR+n4lc5OnOC84sXqQd1jIFmGNCf6eXtTW8yllvX8T20WEIbcuDWIa4ujceVqMZQDxtsyW/ia8PPtYPVMwvn+M2NA5T8Moa4GtXFIe2mGMgM4BiHMIqoR/V2xam1Fs9JkPZSZNw0mwubeLJvF08N7CbtpVZVr0Y2otQsca10nbn6HIenPqGQKrAuN4L7CNtvLDaWuLBwieNzJyk2i8zXFig3KwpWRURERL5gClZFREQAopBw5gLhzEWsjcCuDAMt2AhneDfO8C5IdBbkPTDj4PRuwrOWqDqPcR++WnXlOd2R3YTXP8Xc+BSiz7Y1R0Eds3iDaPEGTs8GTKZn1eGNRoMrV69y9OhR5ufnSSQSpNIparU4ZJqZmeXX//W/8s4773D23Fnm5xcwxhCGIYODg/F29Tu2ni9vMT995gzHjh3j40+OcP78BTKZDL29PWzYsAGvFUxaG1eNTk1Nc+XKFa5du8aVK1e4evUq09MzvPHGN3n26afp6Vm99rvx/Sa3bt3idwcOkEqmCMOQvXv38tKLLxKGIRcuXOR3Bw9y8OBBTp48iTEOmUya7kI3BkOlWmFpaYmFhYW4RYLjMD4xwY0bN1hYWOC7b7/Nhg3rOwpXi8Uix44f58DBgxw9epRz587R39/P9u3b2bZ1G9u3b6e3t4dUMhVX905Pc/nyZU6ePMmJkyepVMpksl1s2byZrVu20NXVRbPZJGi1DwBLNpO9Z9VwGIZcuXqVY8eOc+DAAY4fP87s3Bx9fb08seMJNm/ezIYNG+ju7sZ1HSrVKtevXWd8fJwrV6/yuwMHuHb9OpevXOGVr7/M119+mf7+/nZV851CG7LUWOJqcZzFRhHHGCIbEdqNNMLGQ/cidRyHhfoCV0vjVP0ajjGENiLrZqiG9fidjGGpUeJ6+RZz9Tk84xHakHyii82FTWzt3kLKTYKJK2sXGovM1Oa4VrrBZHWKil/BNS43K5NMVadZaCywb+hZ+jK9eCuqbMMopBbUWGoWCaKQ8dJ1Li1d4ZmBPQxmBx5J64jIRtwo3+ST6U+Zry/gRz6VoEqpWf7c5xYRERGRe1OwKiIiAhDUiOauEC1MYFZuP7Y2DjfdBO66J3EGtj76atWVjIPTvxWnf+sjO6WTH8bpHsVkeloDuVqhcRRh/Sbh7CXc4V1rBquu45LNZnEcJw7oDBTyebq6ctRqdU6cOsnf/uhHTExMYK0ll8thraVWq9HV1UVXV3ZVT8+m7zM5OcnP3nmH3/32dywVi4yNjfH666/z1J49jI6ui0PJ1rCm+fl5Tp0+w7vvvsuFCxcolYpcuHCe8xcuUC6XyaQzvPD8cw/cOzSbyZDr6sLYeLt/GIak02n6+vpZKhb54Fe/5t1332VmZpr1Y2Ns2ryZkeER8oU8UavlwcTEOBMT15iZmSEMQ5aWljhy5AjnL1ygUCjwZuZbjIwMP3Bv2ZOnTvFPP/kJ7777HuVyiZHhEb75jW/yJ3/yXfY8uYdkMrGq/+vi4iKHDh/m7/7+xxw9egTPcxkeHuaVV17h9ddeww98giDA930ajQZDraD7bmu4efMmv3z/fd577z2OHz+BMYb16+Pn5ft/+j12795NOp26bR21Wp2JiWscOHiAf/iHf2B8fJyLFy9y/do1sPDaa6/S09OzZrjqGIeUl8Q1Lq5xWlWjkHLTeObheugaDJ5x6UpkSbkp6kGjVUVqcIwHNj6nMYa0lyLrZVjAif/txFoKyQJP9+/mrc3fioPV1v1pRj4z1VmOzhznw1sfcXbhPNZGTFanmK/PM16coJAskHKTdKc+q9T1Q5+aX6cRxuuoBFWulW9wcfEyvemeR9JrtRrUuLx0laPTJ9o9iWtBjbKvYFVERETki6ZgVUREBIhK09ilW1BbWh2cGheTLmC6xzDZ38OttV4KkxuE/AiUZmkXAhoDJiK8dQa7+SXo2wR3VAm6rkt3oYDnuvE2aNejp7uHhOdx5uxZ3nnn55w6dYre3l5GRkbo7u7GDwImJiao1WqUSqvDnXKpxAcffMD7779POp3m3/zlX/Ldt9+iUCiQTCbbwd1ysLZh/Xp279rF8/v28df/51/zm9/8llK5jAE++OADhgYH2fPkbrLZu1dkrmRag55c120NK4p/1ep13vvl+7z73rtkuzL82//+3/Lc3n10d3eTSiXb5w6CgOmZGT7++BP+41//Nbdu3WoPOKpUKvztj37EwEA//f1vkEzeu59pEATMzc3zf/zHv+bIkSM0m00whh/+8If86Z/+Cbt27lwzlDTG0N3dzauvvkqhu5t/91d/xbWJaxw8eJClxUWeefpphoaGSKWS8XAoPhu+dKc4pF3iR//p7/jVr37F9evXSCQTJBJJ/uJf/QVvvfUdxkZH1xxMlU6n2L59K/0DfWzbtpV/91f/K+Pj4xw/cYKZmRlyhTzPP/ccfb1rf94Y03oOVrwu6Xgk3If8EdUAFoxxcIyD0zpzZCOSjkem1Q/VACk3SdLxiIjarQCMMUSr1mhIuglGcyP0prtZlx3m/zr9I2Zqs9jQEkYhk7Vpjk5/Sl+657ZgtR42qAY1/MhvP+6N0k0OTx3hmaGn8FzvoStzl11dmuDi4hUWmgskHA8bxVW2Vb/2uc4rIiIiIvenYFVERAQI565iG6V4krjz2bfH+M8pzMAWnK5ejPNop3l/WUwijZPO3xEatSKd0i2i6gJOGGDuqKBzHEM6lWoFahbPc8lkMly6dInTZ85DygA9AAAgAElEQVRw5swZ/uwHP+DFl15kbHSMbDZDGIZMTU3TaDTYvGnTqrWEYcji4hL79u5j165dvPWdb7fbBqwV/DmOg+u6bNmyme9973tEFn72s5/heR6VSoWzZ89y6PBhXnv11Qfafp9MJEmlUkTW4hBPt7954wY/+clPuHLlCs88/TTf+MbrPPXUU/R0d+N53qpq0dFEgle+nqRQKPC//ft/z7Vr1wjDEGMMN27c4MyZs+zYsYNtW+9eeWytZWlpiX/8p39ifHycer1OKpViaHiYl19+iU0bN951G/3yfclmMmzZtIkffP/7/OM//hNXr17l6vhV/vf/8B/4N3/5l2zbthXnPmHz9PQ0vztwkAO/+y3T01NEUURvby//6s//nFde+TrDQ8N3XYcxBtd16enuZveuXbzxxhu8//77XLlyhZnZWf7mb/6WZCLB119+edVz4xqXvlQ3xjhExM9FaEPSborE55hm7xiHjJvCa4WmLm5cdO44OM5n98K2KqIdHIyBVs0smNVR53LwmvEyjOXW8frYK7w78T6z1bn258bZxYs8ObCbbT1b8FpfQxphg1pQI7QhTuu/kl9mvDjBlYWrbO/b1g57O2WtxY98jk4f58LiJYw1rYDf0IiaVPzKQ51XRERERB6cglURERHALl2H5l2CCC+J278Zkrkvtg3AFymRxqS6bnuVAbAQVeax9RKEzVUDrCzgBwHGmHY7gKXiEr/4519gjMO+vXv54Q//Bdu2baNQKLT7qVZrNaqV6poT4hOJJBs2buSpp55i69YtjI3df0K6MYZsNsveZ/dy69YtDh06RKlUIgxDxicmOHDgQ/a/8AKe592/atXEgbHbHqplmJ6ZoXn0CFu2bOGVV77O1/bvJ5fL3XUt6VSKdevW0dvby6nTp3nv3Xe5fOUKnufRaDQ4eeokO3c+wdYtW+66niAImJya4p2f/5zFhQUAcrkcL730Ilu2bLnr46/kOA49Pb289uprHDxwkGsTE5RKJd7/4H1effUVBgYG6OnpvuvxzWaTs+fO8ZOf/JRr16/TbDbo6uriiR07ePvtt9i0cSPpdOq+6/A8j97eXr75jde5euUKExMTBEHAkSNH+GTvXtavX78qZDbG4Dleqw0AxNv1HTBmecd+52wcgqbcJAnj0coZcXCwQESrx3DrsVYOm4qsjVtfuBnurNxe5hiHQirP7t4n+O3Ng8Q5rAELM9VZFhtL+JHfDlbrQYN60ABr4y8dxhBGAXONeQ7e+oj+bB+pruFVQ68ehB/5XFq8yvnFC8zUZuJz2Hjl9aBOJahgsZ+7IlZERERE7q7zn+JERET+ANnyDLZZZ81AxfEwuSFM4uEqy74S3AR4abDxIKM2Y8CvQ7OKDZqrDrNRRKPZbIWRLr7vMzU1xdFPj9HT082//G9+yNf276e/r49Eq7LTcRxyXV0MDQ2uOVQqm82w95lneOGF59m0cWNHl9HX18umTZvYvHkzTisYnZ+f5/yF81SrNcLwzo3cqy1X9Tkr+o02GnUa9Qbf+fZ32LNnzwOHmtlslm+98QZbt25tB6iu6zAxMcHly5cJw/Cux1erVW7dusX58+epNxoA5PN5Xn7pJfK53AP3GE0mk2zauJGBgQHSmQxRGDE7O8vZc+eYnJy857Fzc3OcOHGSwx8dJggCrIX+/j72PfccGzduJJ3JPNAa4ut22bVzJxs3biSbzWKtjUPmkyc5ffpMa4jW7YKotQ2/9SOpQ1y9ald+jHZg+Z45rT7CK++gbf8vlnQSJJ0EkY2wthWsGpecl7lnFOkal+5kgaSbpP31whhCGxBGAeGK62yEDepho/2wpvW+taDGx9NHmaxM0wz9jq/TWks1qHF48mMmK1P4od9uawFxoFvyK/G1PeS9FBEREZH7U7AqIiJCq2ozXB0sGmsxxsFk++H3tA0AEG/x9xKtYHX5lfHWYRuF2GYF1urJaAxeIoFx4hAy8AOKS0X6+/rYu3cv+/bt63gtqVSKbdu20tPdveYwpXtehzH09fayY/t2PM8FLH6zSalUolKtEkZ3DzKXJZPJ23qfWmtJJJIMDw+zf/9+hoeGOlrTjh3bGR0bJZVOYa3FcVwWFhaZnpmh0WisGSgCFEslbk1O4vt+67g4qN2+bTup1P2rRJc5jiGVStLb2xsPDyMOwU+dOs31G9fveey58+c5ceIEQRC0Xze6bpRXX/k6yUSio1pHYwyFQoENG9YzNDiIjSI81+XsuXOcPnP6tsf47Jh4sNTyA1nAMwkc09nHxZ3rCGzYvg8QV6qmnCQZ97N/HEm5SZJukqjVIMMQB7Ku492zMt0xTrsidXnN2DhwdVqDuJbVgwaNsHFbuGkw+GHAjepNrpWus9RY6vga/chnrjrHB9d/y3xjsX2drRtAPWpQbJTizwflqiIiIiJfGAWrIiIigPVr2Gh18NPOfMLm7aHk7xkb1OPg1Lisrso10Chi66sDHoNpDdhpnYe4R+rLL7/Mrp27Og5GH4VkMkVfX9+KUM4QRRGNRv2eFaLLEl6C5Ip+n1EUUSgU2L5jB/l8ruNrSqdSjK4bZXRktP34vt+kUa9Trzfag63uVClXmJ6awXE+G5zkee5tg7Ie1HIom0oth7uG+fk5lpaKawa71lqazSYXL1zg0qVL7WtOp9MMDg4yNjZ2W1/ZTtYxMDDI0PBw3MPWdSmXy0xNTTE/v3DbWhziXqjLPUoxEBGRcj0SnyNYBXCdBI5xsK3N/9ZaEo5H8o5WF3FNa6vS2HGxWGphHe7ynEEcas7W5vFDP153a+1DmSH6Ur0kvc9C8YpfpRJUMZgVrQji7fkuLgcnP+LswgXCDr+2TFdn+GjqKNUgrkoFWnW+thXc+lSDKo2w2fG5RUREROTBKVgVERGBFRVqtwcqFrBRQFSdh4fYsvuVEfjxlv81A7u4apU1qj2NoRW62XZA6Lgu27dvY2TdyBe75rtIJpN0dXW1LuWz5yuK7ANV53mei7ciWLXWks/n2bp1K+lUuuNQ0/M8Bvr7GRwcbN+jMIxo+j71ev2uwWqj2aBSrbQCYpb3iXf02Cs57Z6xcdVmrVan2WwQ3eXxFxcXuXHjJnNzc7iuSxRF9PT0MLJuhN7eXsxDBKsAPT3d9Pb2xnmjMTSbTYrFEvMLC7fdC2MMSTcRh46tsk/b2o7/MD1HV/KM1w4zW2fGdVy8FUOxAhsR2LDd43W5cUB4n83zFb/KmYVz1MK4wnu5tcSe/t2M5ta1K1YtlpJfotws4xhDykuSdtN4TgKwOMZhvHiNS4uXma7MPPC11YM6V4vXODx1BD8KSLspcokukm6K5Y+fIAqoh3F/V7UCEBEREfniKFgVEREBcBKfBVy3MdgowBZvYdfaKv/7ImwSNaqrXm2I2x1g7xK/GIPjtipDiberZzIZBgYGyXV1rXXEFy6y0WdVeq1FG5aDxfsfb629I+y05HJdjI2N4XkPN9czn8/T3V247XXL4erduK5LYuXjtQYP2bs9F3exHKYGQUAUhu17sDwsaa2gOIoiZmZmmZubo16vY1ptIfr7+hgeGiaVTD5UxGutpasrRz6Xv+2xGo06peLt1bMG8Izb+siy2FYu7uB87oFL7vIgrBXPc7zN/7NK2MAGrWDVbd2sVu/de4S6Vb/KjdJNPp05TrlZxQIpL8Vo1wj7Bp9mODsY3wcsURRRbJYoNUs4xiGfyDGWG6Uv3YvF4mCo+BWuFMe5sHCx/TF9P1PVGS4sXuTi4mWiKGJ9bowNufXkE7n2ZUQ2wo986mHjgc8rIiIiIp1TsCoiIgIYL4VxvDUCHQOhTzQ/Ds3KPbcIf2VZi23WoFFe++2OCzbE2DUqVgG3VQlprcV1HfL5PLmurtv6lH6ZKuUyN2/eJGyHiBaMwXWdB6o2bTQa1GsrQ3JDJp1haHAQ1324H40SyUS7x+rKtPde68nn84yMjBCGYTvstdaSTCRxOqiatdYSWUulUqFeXx7AZshksqSSqTXPFUWW6ZkZSuVyu6LVRhH5Qp58IX/XKtsHkcmkyWTSraFQ8Xl8P6DeqN/xnua2fqTLnEdQseq0qlDjqJRWaG1wVn1+2xXNAJafr7U/jiIbMVG6zuGpI5xeOEctqBHZiMHMAN/b/BZP9G2nkMovnxY/8llqFikHFRzjMtI1wutjX2dP/+5WSwBwjOFqcYKPpz8liIL7hqDWWk7PneHU3FlsqzfsSyP7eWnkBfrSPe2KbWstQRTSCBSsioiIiHyRHq4sQ0RE5A+MyfaCt0ZQaAxEIXbpOlF1ASdoYBLp1e/3FWbDJrY6j63Mrt0KwEaQ7Ip/rWLag3GsjYcNZTJZEsnkQ/XgfBhBEFCvN1hYXOD06TP87sABfv3rXxMEYSuAM7iOQ/IB1xQEAX7wWSWp4zhEUUS9XnvoQLFWq1GrVm/r3eoa554VsF1dXQwMDOC6bvxhFkXUGw1u3rrF0NDgAwfXURRRq9ZYWFhotRaIr3HdunWtXrRrBash09PTVKvV9ts9z2NifIJ3fvYOly9eptFs4HoeyUSSZDKB58YtFJZD9sD3CcKQpt+k2WjiBz7pVIrZmVlOnz2L67nt9YVhSOCv0cN4BYPBNS4Xly7zi/FfcmzmRKstgKEeNmiETSwG13gkHA8HQ0hIYEMiG+FgSDoeKTfFiblTLDaWPvuHkrvk1K0Oqa3fx1WmURQSRCGOMUQ2ourXmK8vcGzmBCfmTnNx4RLWRiS9FHv6n+Wlkf28MLyX3IrPH4vFD33qQZ160Ij75zoe63OjpNwk5+fPc6NyC4NDNahxrXyd4zMn2dm3g3wyv+ZaQxsyW5nl3OJFrpWvk3STPNW3i+09Wyj5ZVzjLReWY7GEUUA9qCtYFREREfkCKVgVEREBnPwQoZduDX/5TFztFhFVlrALE9ihJzA96x/TKh+OrS9hK3PY6tLt7Q6Wt5wbg0nlMGsFq7dVXcYRlOe5OM7n26q9ao0WGo06lWqVUqlMpVxmYXGB+fl5pqenmZqaplgsMr+wwNzc3Gdbype3uhvzwNvHo1Zl6PJ1OY6DtZZG4+6Dpu57zjAkCEOMMfHQJmNwPY90KnXXqtV8Lsf6sTE2bNjA7OwMtVqdUqnE0aNH2fnEDroesNVCs9nk6vhVZmdnaTSa8eNZeOKJJxgdXbfmMdZa5ubnqNZqn/VldRyWikVOnT7N1fHxuHo2mSKZTJBIJOK2Bcbc1o44CEOCICAMAoIwwODQbDYoVysU8nmshUQiQSaTua2v7VqMibfwzzcWODN/jonitVb1qiFqtQowGBzjgmlV6hKHqhERxsatBRKOx2R1hnpQv28F88q2tsYaFhuLHJ05RjOqkzAe9bDJUmOJ+cYCN8u3qAV1ulPd7Ox7gvW5MXb372RLYSN96d7bHstiqQY16kGd0IYkjEfGy1BI5elO5dk7+Aw3q1PYKIoD09oc71/7Df2ZfroSXasqdi2WWlDno6mjXFkap+rX6E338Oroy4zlRrlWvkE2kWkXS1ssQRRQ9suEa1Sii4iIiMijoWBVREQEcAojmGSGVaVtxmBtBGFAOHUOZ2gHTs/Y6vf7CrPFSaLyDDZoYNzbv/UbA9Z4kOzCJLJrHt++0hXbjOM91p/vHkRRRLlSYWF+nrm5eWZmZ5mdm2VxcZFyuUK9XqNeb1ApVyiVixgMhe4C3d0F+vv7+PjjT1rtAFb0GI3uX51nbr+q9mUEQfjQwaq94+Xyec09AuhkMsnIyDCvvfYa7733LtVqjXK5zKHDh/n2t9+kp6fnvj1frbWUSiU+PHSI2blZgiAgnUoxODbE7p07GRocXPO4KIoolco0m832/YuiiL6+PtatW0d3oYDjxlXAnpfAdV08zyUK4+39xjF4rhdXeC5v+bfxln/bHnRmsZElshFbt2xlaGjovhXFFkshkWNd1wjdqbhnbRymeniOh9seMBUHksvdaK2N2jffdRzqYZN6UKcRNe//qbriSSv7FS4sXuRm5SaecakHDcp+hWpQZTAzwPaerTzRs40NufVsKKynL91L0l0dGEc2ohbUaUY+kY0wxiGf6MJzPPrTvezp38WByUMsNYqEUUjVr3Fs9iRfG3megUzfqqrVIAqYq87x8dRRpquzZBNZxrpGeWpgN92pAlO1abJetl2xCnGFa6lZIozuXSksIiIiIg9PwaqIiAhgetZjUvm4orPdI7PdeRGMQ3jzBM7gdtwNL2C81GNba6ei2UtExVvcHvu1WDDJNE46B3dpcXBbWMjycKUVvUQ7ZG285XqpWOTSpUscOnyYTz45wsWLFykWiziOoasrx/bt29m9ezcvvfgiGzduoLu7m76+PmZmZnj/gw84evRTrI3irelYGs1Gu19oxwwd9TW9yynil8tBZRjh32N4lTGGvv5+/rv/9i84e/ZMvJW/UubIkSNcuHCB/v5++vv67hpGWmtpNptcv3mTn/3sZ0xNTWEMZLJZ3njjDZ54Ygfd3d13PbZRrxMEQXtrf7PZZP/zz/Nnf/YDnnrqKaLI4iU8XDfueeo4hiiK73f8y4lD1ChqD9yKoiiuwmxt/3cch4Tn4boejuPcM1i11hLYkJ0923l787fZ0bvt9ht7RyR+54iv5TUY4P87/5/57a2DFEslDO5dh4Hd+eHiGpekk2SmNkcQNlvnM0REbOveyrc3fJPnhp+9bw9Yay1Vv4bf6pvqGIfuVIGkkyCXyLGxsJEdPds5MXuKSlQlImKpucSpudOM5daRS+Ruq4Ct+jUuLV7lUvEKJb/M5vxGnh96lv5MPwk3QcpJUUjmcIxDSIghDmMXG0sEkSpWRURERL4oClZFREQAkx/B5Acx6Ry2Vlpdjem4ROVZoqmzRNPncUeffjwL7YSNsGGT8OYJooXrsCoMak1B7+rDJPMYZ40fCywrtt3fcehDqtcbXLx4kX/8yU84cuQIU1OTlMsVxkbHeP2113jhhefZvGkz3T3dZLNZ0uk0yWQyrpp0XWZm4m3z7eDJgOd6pFIp3M/T9/Vz5Kqu6+I4brvi1XWc9iCse92qVDLJxg0b+PM//3OSySQffniIMAz5v/+fv6FWq/Hmm2/S39e35rGNRpNjx4/xd3//94xfHadcLtPb18cLz7/A//iv/zUjI8NrboVfboPgem47VDWtyuxkKkVXV45sNq5eXg5RlznO7YOdjHGwd9zz5XsQ2dZgqPY5zNpFziteZ7E4xsF1XNxWb98HtRy0GhP33H3Q1hArjx/qGuK5wb00wzqHJz9hujqDYwwGl1PzZxjLjbAxP8ZQ19A9zxXZiPnGAvUgHtjl4JD1srgmvueFZJ5vjb3OtdINyn4Fg8EzLkdnTrC1Zyvr82NkvHT7XDfLt/jVjd9QC+ok3QTr86O8OLIfz4mrZVNeinwyt7IOGz8KmKxM0wybHd0HEREREXlwClZFREQAJ9WF07Mekx8hqi6BcVdVINowIJy+gH/hVzj9WyCRwXQY/nyZrF8jnL1MNHcV6qXb+6uyvJvf4PRtxGR71ghe4/danlbfTsA+R6haLBY5d+48f/f3f8+xY8eYnJoklUqzb98+vvmNb/DsM8+wceOG9jb4tYJB3/cpl8utP8W9VeOt6t6qa1zL8jb11W94+OvKZDJks1l834/X4Ti4rkcikbhnvGeMIZ1O89LXvgYW+vr6OX78GBMTE/zkp/+Zm7duse/ZvYysGyGdzgCWwA8oloqcOHGSjz76iE+OHKHp+zz99NPs37+fl19+mQ0b1uO6a39sGmMwjkM2myWRSLSDVWMcms0mzWbznsfe73Xt3rUPdOeIq6Zv/yMP82Tcvg5z36pSsBhzez12wkkwmB1ga2EjjaDBpzPHmanP4RqHil/h05kTZLw039387Tgovcvn/3Lf1ForWDXGkE/kSLTaBqS9FDt6t7GlsIlis0SxWcQ1DvP1BS4sXGRTfj1P9u8CYKG+yOWlK1xcukwzarKtsIUn/3/23ixIsuw+7/udc7fc98za96pepnt6NgAzmCEGA5oQQVIUKZGOIPViK8KSHuwHLY6w3m0/WwpTitCDIZkhK8IOSZBlQaQAggAEzICz9zJLb9VdXUvXvuS+3OX44d7MququXmdAAOT5TdRMV9bNc892u3u+/M73L5yhkigNXNaWDDNcj4rJnvLZ71ZxlRdlR//ixJdoNBqNRqPR/KKghVWNRqPRaACEgSzNIYvT+JtXT75GGgS1Tfylt/HHn8MYeRYSOX4u81YDn6CxjXfzhwT1TVTg3u9IVYCUiOIsIpE/MTNVASpyrB7++AHC5KO6FATcvr3Ed777Xb7zne/Q6/VIJJOcPnWK3/2d3+Hll79EuVR6dA6nUvjeYW6kEALDkFiW9VhFtQzDwIgKVvXfj+IzVU+3rLDAk+/7GEboSjRNE9uyH1lACWB0dJSvfOWXyOfz2LbFD3/wQy5fvszW1hZra3cZHx8nEY8jhKDX63JQrXHt2jW2trYYqlQ4f+4cr776Zb70xS+xsDD/yGxWARQLBRKJUKwVQiClpNls0Wg0n3oengx1/Dj/kYr2T5t1e7Stk2Ih7n3l3rXpR0vMZKd4eeQLdPwO9a0Pcf0eKMVyfQUEjKVGeaZwhlzs5KgFLwiF1Y4fOqsNIUnbKczoGTSEQS6W5XzxLFutbardKgiBF3jcPLjFSGKI+dwspjS5U1vmk71r1Nw6lrA4UzjFmfwCzpE4ElOaxIzYQDwVQoQZq16Dnt87VqxNo9FoNBqNRvP5oYVVjUaj0WgijNIcfmUBee17oQCj1DGxUQgBgY86WKX7zh8S+8r/gLQTP5d5q8rrEOws4l76Fsptg7jHWdcXWgwTozSLeIBAFAqO6ui3kYP1yfvUbnd47/33+Tf/9t/i+WHu41ClwmuvvcZf/Y1ff6Sg2scwDGKxWFg4KRJ9pQyF1ccpqGXbNo4TO5al288HfVoCP8CLCmmp6Ah8KPae7Lq9F6UU+VyOUwsL7O8fcPnyFcxGHQRcuXKFDz74IMwvjdbNcRzGx8f55V/+ZV544QXOnT1LoVDAcezH6q9hGIyOjpJOpQkChWGEc9Fo1Gk06k89D0/K4d4S4eNGGElwb37qk+KrAMXhegpC4TxQ/pHXBKh+FEKUpaoCXL+LAF6oXKDtdVhvbnK7dgchw9zSu411/v3Nb5N9JkvSSgxcqH0UobC63zmg5/fCY/7SJGWnMKLnsL8nni8/y+3aHa5XF1FKYUqD5foqH+1d5SvtV0k5ST7du87lnY8xhEHeyXEqP89UZuLYPQ1hYEnrmGM7UAENt4kXeKFQrXVVjUaj0Wg0ms8dLaxqNBqNRhMh4jmMwjReZR62b6GUx31qhJAor4u6+wm99/4V1vm/ijn7Gsj7K4P/zFAKf+Nj3I//E7RrCOOk4j0KTAeRGUHkJhBO8kGNhRXXgc8asrq8ssLirVs0m01s2yYIAmZmZnn11VefyE3Xz+zsC40oRT9R83FasSwL2z5cLz8SROOx+GOLu/fS7XXpdruDDFIhZfj1mOPyfZ+3336b/+8/fps/+d73+PrXv87rr3+F06dOhU5Yz8Pz/UHxKNu2icdiOI6DbdtYlvXA4/snIaVkYmKCXD6HiFy+hiG5u77O6toavh8MMmJ/WgQoer57n4jqq+Dpi5BFeMonQA2OyoeiqY8XHDqdY0aMmOHgBR6WYQ6u6+fCGtLg+fJ5LGnyz6/8S2q9GgJBz+9xs3qL/3zneyAEzxROHVvnIPDp+V2qvSo9v4dEYgiDuBkbOFb7lBMl5rIzTKXGWaovYyABxWZriz9d+SGleJEb1UWqvRpxI87Xxr/CbHYK2zguoFvSIm7GMIQcPAR+4NPsNen4XTzlY/DzG1ui0Wg0Go1G84uKFlY1Go1Go+kjTWRhCnPuddz9Neh69yt1kSMR5RPc/QjPtCHwMOZeR8jHc0z+dFH4ax/iXf8+wfonYX/UCUeegwAZz2HOvIJMFkGc/FeC0Mmpjumo/SCAJ9W+NjY22NneQSlFEARIKUmmkuTzuScSVn3Pp9PpDI6vCynxg4Ber/dYR8iDQOEHh9cFvo8hJel0+qmPS3c6XTrdTlTEKhTHAt/HdV1s+9Eu0g8vXuKP//N3ePudd8hkMnztjTd44fnnyRfyyGjPDbJuhUD2x/6U/RVCMDQ0xOjoKNlMlnq9hpRhYbDllWX29/cpFPJPLTQ/DkopOkFv4FQFkELSUx6e+myV7P3AOyxmFf3LDXzcI8LqYE6jK5XykUIQj47UCwQpO8V8bpa/Nvtr/NHSd9hq7yAjV+2V3U8YSpRJW0kmM+ODdgMUXb9H023hBh5SSCxpYRv2QOjtY0iD2ew0F0rnWKovR7nHkmq3yk/W3yFmxtlp72IIg4yd5pniaQqxwn3rLoXEMmwMYSCFIFDhByJdv0vP632mmAuNRqPRaDQazYP56VoRNBqNRqP5BUOkyhiTLyFy42DacIIgEToSDYLmHt7KRdyr38Vf+jNUcwfluz+DXgMqQPUaBOsf4V37Ht7SO6jmHkjjuNgbOTyFNBCpMub0y8hY5qGCcF98OryiL7Q+mbJaq1VpNOqHrs5IHHwSpyWA53u0O22ECJ2XSikCpfA8/7GO87uuS6/XC8ccxQAAoXPzKYXKIPDxfZ9+XikqjBZwXfehfVJK4boeb731Fm+/8w57e7uMj41xamGBUqmIGQm1/eJclmVhmeYgx/VpkZGQvDC/wPT09MC122o1WVlZ4eq1q9F4fnooFG7gguhn3YbPlht4n4MQGAqLKtqqEoEbuHSD3uAKX/l4yjuSsRsKrcaR2AwpJLlYltdGX+Zc8SyFWB6lAqSQ7HZ2ubh9hYvbV2i5rUGf/cCj7bVpeW185SGlxDZsLGmeWEBqKFnhTOEUxVgBU5oIoOt3WWuus1i9xX73gJSV5HR+nvH0GAkrfl8bUkpMaYZ9V/0ZIByz3z3m1NVoNBqNRqPRfLZIBAEAACAASURBVH5oYVWj0Wg0miMIO4FRmMaYfBERzwyEyBM1RGmgGrt4t35C7+1/ibf6PjS2UF73z7fTykd16wTbN+le/Le41/8Utb8CJ7gNQ2deAE4KoziFMXwOZcYe0rYiCPxQbxSDl3iaKADP8/D8445B3/dw3ccXo5VS9Ho9Wq0Wx+zE9+ThPoye69LtHq6RFAI/CGi2WoNCXU+KEBKJwPf9gas03DoPLxoUBAHNZpMPPvyQ1dVVHCdGMpnEMJ7ejfq4GFJy/tw5nn/uOYzoKLxSitXVNX704zdpNJqfKXdWKYXnebTa7WPzfRQRFZkKC1YRCdL+ZxJWlVIYSMSRgmQCgas8Ov6hsNoNenR9F3nk+HyAwr0nnsCSFkPJCq+Pvcap3DxSGkAowF4/WOSt9be5dbBEx+ugUPT8HrVenV7Qw1cBhjBwDBvLsE4UVlNWkon0GOcKp0mYsch1LY6ViCvFi7w2+jJZO3NM+O0jEZjSwDLsQc6qUgov8Oh4Xdyf1Qc+Go1Go9FoNH/B0cKqRqPRaDTHEOCksM//VWRh8tFinRDgu/gb1+j+8J/R/eD/Jti6Cn+OQkbQ3MW9/qd0fvzP8a7/ANU6APGQP+J9F2P0Wcy518FOPfRaRShEqkAdE4WeJgIzFosTi8Xoy0W+71Ov19nb33/sNnq9Hlvb29y8uYjb6w2KcEkpMc3Hc3EOHKsRQgo8z6NRbzy1kNhvU4rDWer362F4nsfO7i7dbjdyr/ZYXV2l2Wr91B2jABMTEzz33AWmp6eiPku2t7d56623uHr1KvX60xey8n2f1dVVLl++wuKtW/f9XCBwhBU5SwNA4SkPW5qY8unyQPsH+73Ax1fBYd5oJLbaRzJOe76LG7iDNZNS4gUeB736iZESZ4uneK78LOOpsShSIHRx36kt86+u/T+sNe7i+qErdq9zgB/FGRhCEjMcDHFyITMhBPlYjq9NvE7Wyd7zkYXCkhaVeIVnCmfuy1btI6WBbdjETGcQN9AXZg96VVpe60mnUqPRaDQajUbzGOiMVY1Go9Fo7kWaiOwY1sLXUG4Xf/UyGCcf4w0zTMPMVdXYwbv5I1R1HWPkGYzJLyJz4wgnHR7J/zzxewTNXYKta3jL7+OvXUYdrKDcTtStE/oaVasnO4Ix/hxy+CziEcKfAMzouL2KLIWe5xEoFWavPgGjo6NUKpVBYSIpBSsrq7z7zns8f+HCI4+3d7td/suPfsR3v/td7t69O3CGBr6P33fCPoawKqVAyNBdahhy4Jz1fe+pa9H3ej3anS5CysPxGRLLenhRMykliUQCQ0qkFLiux8bGBv/uW/+eF194gfGxMZLJJE7MwTLNQXSAYZrYtoUhDRCh+9SybSzTfKJcVNu2OX/+PL//e7/Hv/w//5CtrS08z2N9fZ1v/ot/wW//9m/zhS+8xFCl8thtKqU4ODjgk08/5f/9D/+BmekZXnnl5fuu85XPQa+Gr4LQZSlC52XH7x7LQn0iInN5y+/gBl5UDCr8QRBFRvT72DdhB0phRM9xEP1z0qMeM2KcL56l6TbZam3jBmF2adfvcae2wnfvfJ83Jr5C2kpT7zXwg9C9bEqTmBEWljrx9xAgbsaZzU4zlZ5kr71Pw20iEXgqYDo3xtnCKVJO6oHvlwgsaZE046EDl8MPQmrdGi2v/XTzqdFoNBqNRqN5KFpY1Wg0Go3mHoSQYMUxpr6E2T5ANbZR9e0HH+s+Iq4GB2vQ3CPYWyKobSLL88j8BDIzArEMwoqDtB4paN6HCsB3Ub0GqrlLcLCGv3MLf+MTgs2rqPp21BXjRFFoYDE1TMyZVzDHnkMky48xF2Ig6IVHtsHzD/NEn4TR0RFmpmfI5/I0Gg2EkGxtbfHuO+/w3HMXOLWwQD6fO5a5GgSKntujVq3ywYcf8s6779KoN5ifn+PGjRv4PR/P92m12uzv75PL5bDMh//1RgVBeGQ/CEBKlArdld1u76miAPpH3l3PjRIJImFVPDo/1jAMMuk0IyMjLC4ucnBwQNP3+f73v8/ynWXGxsZIJhM4MQfbsgiC8F6WZWHbNlJKpBBYtkUikSCTyVIsFKhUymSzWSzLeqjQKqVgZHiEN954g7t37/LjN99ieXmZRqPBT/7sJ1i2RbVa5fnnn2dqcgLHcU4UwPtz0Gw2WV/f4KOPP+Ltd97hzTffYmR4mEw6c9+9A6VCwW8QbSuQQobC6lM6voUQqCCg5/cGjlERve4FoUN10GcUAX2hNSrUpgL8wDtxawshGE0N80L5Aku1O1zZ/YRatw5K0fE7vL91kVwsz2R6nIPuoWNVInEM577CVUcxpUnGyXC+eJa1xl1q1TqGMDGEZDozyen8/IkRAEf7ZgmTpJkMxXY/HLhQUOs1aEcfuGg0Go1Go9FoPl+0sKrRaDQazQOQhSnM2ddQ3QbulW8j3NbDxVVEqLF6HYLdJfzdJUSigFGaxRh7DlmcQWSGELEcwk4gDAsMMzqKLzhUcw6FWgIP5buobhPV2iOorhJsfEqw/jH+1s2waJUgEmofINz0c2JNG1mewzr/m8ihM48l7vbFpn6V8cAPcHu9MAfzCUXIcqnE+XPnePGFF/izt/8M1w2FuI8++YhvfvOb/OZv/iZnzpwml81imCYqUDRbTba3t7m5uMh//I/fZnxsnDfeeINEIs7/9o//Mbu7u3iex97+Hu+++y5KKSrlCrZjk81kTlyrTrdHt9MdjA+g13Op1WonHgF/5Bwphed7+J5HEITuyyAIQhfsI+YodKzG+eIXv8jOzg6XL1/G9TzW1tZYXl6OrumH2wJR0S/RLwAWtWHbNolEgkqlwuzMDC88/zzzC/OMj49TLBQe6py1bYux0VH+1n/7t8hkMnzvT7/P0tISrVaT733ve9xcXOTL16/ztTe+SqVcIZ1J40SiLoAfBHTabfb291ldXeW9997n/Q/eZ3t7m7nZOc6fP8/o2OhJM4cXePiBT6AUMsoV7fk9POU9Mp/2QWsRBD5u0MMLvCgYIHwyXOXS8fvrruj6PbpeFwbxvAovcGl57WMZq0cxpcl4epTfmf9rVHt1rns36fk9hBJst3d5b+MDVmtr1N06QV9YFRLLMBE8PDdXCsmL5QvcOFhkubGKH/hk7Sxz2WmmMhMPHbdAYBkmSTuJJPywQKBAKGpunbavHasajUaj0Wg0Pw20sKrRaDQazQMRyNI81jOSYH+ZYO0Kql0LxdBHvI++u6xTw1+9RHD3CkpayEwZWZhEFqYRqQoikUfE0gjDDoteCTMsOhV4qE4V1dwjqK4R7C4R7C1Bpw6eh1J+VEbdeIzA0/AIv8yP47z+32OUF0Ln7GPguS47O7uRmBrgRYWfnkb0klLy7IVn6Xkeq5Fw6HnuwB15/cYNzpw5w+nTpynk87Tbba5fv86n166yvbXNr//ar/E3/vpf58yZ02zv7DAzPUO91qDerbO9vcP//gf/lNdefZX5+XkmJif59V/7xolH4z3Po9vt4nrh0f8gCGi321RrtafKWA2CgFarPSh+5UcFtrrdHm7PJR57SHGwaF6+8Y1fJR6PY1kW77733mB+lTpS3V4plO+HVe6jMQ2yQT2PVqvFzs4On37yCX/8x3/M3Nwcv/Ebv8GvfeNXGR09Sdg8xDAMyuUSv/97v8eZM2f5d9/6Fj/4wQ/wvC7LS3e4u3aXP/qj/8TszBwzMzOMjA4Ti8WRUtJoNFhZXuby5Utsbm3huR6zc3P8zd//m/zqr/4VxsfHiTnOfff0g4BWr03PD4/UIwS+Cmh7bbp+j4AAgyeL0FBRTmu916TtdfBVgBQGbiTg9p+VQAW03TYtr4WPjyT8YKLjddnt7D9QWAWImTGms1O8Ovwlat06i9VbmNJECslSfZnlxko4vkhYDQtzqceqrVaIF5jJTnF17zp3GqucL5xlKjNJ3Hz08ypEGAcQoAhUgBFlJ+93wmiBp3lmNRqNRqPRaDQPRwurGo1Go9E8DMNC5iawv/jf4Dr/HrX8Lqq+jXiYuHqkgFG/1LnyffA9guoGQesAuXUTTAcMO8x0PVKVPTTPBSi/Fx3/b4PbRrktiHIbj2YtPlAs6QuugY8xdgHrmW9gVE4/tqiqlEJISTqdZnpmhqHhYaQQtDvd0LnqulExqscnk07z/IUL/IN/8Pd58823+OD991m8tUin02F3d5fLly5x8+ZNLMsEBOl0mnPPnOP5v/kcLzz3HNPT08TjcSrlMn/7b/93/OAHP+TixYvs7u4C0Gg06LkumXQaQz7AIagUiUSC+fl5stksvu+TyWQwDeOpMlYDpYjFHEaGh8lls0gh6bkuuXw+jBx4DBdsKpnkCy+9iGFIhJS8++67tFot4vE4qVSKVCpFPB4W/zIMI8x0bbdptVrU63WazSae5w0KZvmuy+2lJb71rW+xubHB3/27f5dsNoP5kJgEKSWZTIbnn7tAPp/jl157jcuXL3Pt2jVWVlao1xtcvXaV1dUV4okEhmEM8mlVoLAsi9df/yqnFhY4e/YsC/NzDA0N4TjOiesQM2OcLZ5mKFnBU24kcvukrBQTqfEH5ok+CiEkXxh6gZnMFIaQeISxFeVYicn0eDhWITmVnw/7r3y8SASNmzEq8TKmePhfkaWQvFh5DgWs1E8TN2MgBIaQWMLClAae8un5Lgkrzlhy9KFH+Y+2e774DLa0WW6s8VzxHOOp0ccSRONGnBcrFyjHi7S9zqCQV97JhvOpRVWNRqPRaDSazx0trGo0Go1G8xCEkOAkMceehV4DISXerbcIWvsg5CAb8iEN9H8BgPJ64HYJWgeDS1R0nRDy8Nj+vRKfEFENcqLogEdwpNiUMXoe8/QvY8x8GRG7P+vywV0XpJJJXnnlZc6ePRMW/lHQarcZGxt7qEj3IEzTpFQq8uqXv0whl2N2eprrN25wcHBAtVrF8zxMyySTyZBKphgfH+fMmTOcP3+OfD4/yE+NxWK89NJLJJMpTi0ssLe/h1KQyWQYHR1henr6gcWw8vk8zz//HOl0imQqhe/7mIZJqVjEsU+uuv6oeXrmzFlsK8zOlQi6vR4joyPYjv1Ygla1VmNldZWlpSUajQYLCwuUSyWGhobI5XKk0yni8QSOY2NIg57bo9Pp0Gq1ODiosr+/z/LyMiurK+zs7CClpNPpsHjrFkHgMzs3x1/5+tfJ53MP7Y9hGBQKBTKZDFOTU8zOzrC4eIuVlRX29vZoNps0m03a7XYYY5BMkEqmyOVzjAwPs7BwiumpSYaGhkkkHi7gx80YzxRPA6GDNEo7xRAG+ViOhz5XDyB0bZpcKJ3Dj1ybnvIQCBzDJmklw+sQTGcnKcULCCFxAxeBwBAGMdN5LBG0kijz0tBzzOdmsaUVFhETBpYMs1Fd5eMFPoaQJM3EY7UphGAkOUTSSjKbm6EcL5J4DLcqhEL1qdw846kxfOVHTlmwpEnOyWrHqkaj0Wg0Gs1PAaGeJkxMo9FoNJq/jPgu3ur79C59C3/5A3Bb4Hscqb7zc8HA9Wo5iGQR+wu/jznzKjI79lRt+b6PPOL+9IMA2c/6/Izj7na7VKtVtrd3WF1bpdvtkkymGBsbo1DIk0lniMXuP0Z+lCAI8Lywirx5wtH/k8cURO5OMXgtCIIHirGPaq//1Z+nIAiOff+wvtfqdd577z2++90/4YMPP8S2LX7rt36LL7z0ElOTkySTSUzTvK9v/XF3Oh0ODqq89/77/PjNH/Peu++xs7uLFAI/8InF4szOzvK//i//M/Nzc08siHueR7vd4aBapV6rsbW9zf7+HkIIhoaGKZdL5HO50PVrmlq802g0Go1Go9H8QlCr1QD48MMPn/i9L7zwAqAdqxqNRqPRPD7SxBx7HhnL4maGca/+Caq2dZh1+vNC4EeFquZxvvy3kENnkfH8UzUlhLhPiDMfUen+SbBtm3K5TLFY5NSphYGrTkr5SIG0j5QSy7IeW9ALx2Tc99rj3u+k9u699+O21Wg0+OF/+RHf/Ob/wdLSHc6eOcM/+kf/E7MzMySi4/b9e9xLf9yWZZFKpRgeHuLs2TPMzszyT//ZP0MJgZRhbMC1a9dYX19nbHSUdDr9ROMzTZNUKkkymUCNDLOwMB8V6Qpd1lIeiuxaVNVoNBqNRqPR/GVCC6sajUaj0TwuQoDhIPKTWM/+FiI3gX/7Lfy1y+HRfhE5Cn8W4pKK6p+rAJkfw5z8Asb8VzGGzyOc1OPFB/wM6AtxhmEMRMTP0s4vErVajSsffcw3v/lNbt9e4sKFC/z13/5t5ufmSCQSjyXO9scthMC2baYmJ3nttVe5dOkSly5fpl6vI4TAdXtsbW3TaDafWFjtt390rTQajUaj0Wg0Go0WVjUajUajeTKEQNhJRHEWK5ZBZoYRpTn8tSsE2zeh2wgdo30h8ykEv35GzyPfGaX5KBUgDBMjkUNUzmBOPI8cfQ6jcuqxC1Vp/nwJgoAbN27y7W9/m48//phMJstzzz3Hq69+mVQq9dTtJhIJpqem+dobb7C0tEStWkVEQmir3cLtuZ/XEDQajUaj0Wg0mr/0aGFVo9FoNJqnRCRLGFMvI0vzeMUZvJs/RO3dQTX3UN0GqCD8OiqRfhZnZV9IPdqUNJBODpkZQpbnMRe+hjF8FhHP/9y6VDVhtuzVa1f5Lz/6EaAYHh5icmKCSrn8mduOxRyeffbZ0JkqBP0dY8gnz4/VaDQajUaj0Wg0D0YLqxqNRqPRfAaEYSEyw9hnv4E59UX8lQ/wbr2Jf/vPUK2DQ2FVPv7x6Uc7VYNQZBUCEc9gzr+Oeeq/whh+Jjr2r8Wzn3cOqlU2NzfZ2dlBCMnoyAjFQuFzOWZvmiaFYoFYPI5hGARBAEAmk8F5RCEwjUaj0Wg0Go1G8/hoYVWj0Wg0ms8DIRGxHObkFzGKcwSnfgV/6yr+9iLBzm1U7S54PQiOHPS/L49VcVxWVUeyU6M8TWkic6MY5XmM4bPI4iwyN45IlRF2QouqvyBUq1WqtTqe56GUwonFsG3782k8ykOVMtwLUgpsO06pVCQRTzxxc77vD/ppmuaJhcX8IAgLWnG4i6WUx7JZlVIDkVcpxb0cLSDWv+5eoTno3ye69mEO3Hv7bRgnO3aVUnied+ye916rlML3/fvu2x+TUmrwnqPX9sd5tLjXg/oQBAGe5wGHhcnuH7uKCrzdP3cPKsDm+/7gmqM/P7oe/TH15/deHlVMTil1X3tHrz/a7oPa8jzvgevan9MT957vH5v/e9/3oL10Uv9d1x20ZZrmfXsgCAJU9Ot7V/He/dsvxHf0vkf3y9Gx9tfopOcCITCidvvvv3ce7p37/rycRH9f3luUUKPRaDQazdOh/0TVaDQajeZzQhgWJAqIeA6ZG0Xmx5Ej51HVu6iDNVT7gKC1D50aqlNHdRsor4MIfFQQ/U+wEOERfmkgrRjYSUQsDbEMwskgkwVEdhSZn0BkRzFSFZTpIJ7AEav52eO5Hp4b5p0KIfBcFz84WQh5UgLfp9Vq4bouvu+TSCSYm52lXCoRe0zHal9s7Ltqa1ERLNu2KeQLlEolcrksQgiazSY7OztsbG4dCjxC4NgW+VyOUqlMKpWk1+txe2mJVquN64V944iOlMmkOX3qFEop1tbuUqvXKBWLVCoVbNum1+tRq9VYWVmlXC5TOmE8fXFybe0uu3u7tFptlFIkEwlGRoYplUo4jjO4tl6vs7Ozy/bODp7nAgLbthgeGqJUKpFIJPA8j3qjwerqKvF4nHK5TDaTAaDdbrOzs8vW9jZzc7OkkklqtRrLyyv0PBcVBJG5XGCaBtlslmKxSD6XG4h27Xab/f191tc3aHc6KBWE9ymVqVTKOI6D67rs7O6ysbFBr+cOhMA+qVSScrnM8NDQfcLj2toatXqdRDzB9PTU4OeNRoOVlVUARkdHiMViHBwcsLK6OhArgyAUcRPxOMVikVKpRDx+f26z7/us3b3L9vYOQsDIyAiFfJ5YLIbruqyurnJQrQGQy2aYmpo6JgA2m02W7twBBOVyiZHh4UHbnufRqDe4dfs26XSaSqVMNpsFoNvpsrm1yf7BAbMzMyQSCQzDGMzNyuoqe3t7OI7DzPQ0tm3fNz/tdpu9/X22trZoNpsESuHYDplMhqFKhXQ6jWWZtFot7iwv02y18FyXIDiyeQXksllmpqfxg4D19XWqB1VMy2R2ZoZUKoWUklarxe3bt2l3uiQSCUrFIkNDFdbX19nb36fdbuPd81wIKTh35izxRJz9gwNWVlbIZrOMjoyQTCYHgvDtpaXQrZ7P4/k+KysrdDodpDQwDHkozKMwDYMvffGL962jRqPRaDSaJ0cLqxqNRqPRfN4ICVYidJMWZ1FeF9WtoZp7BNV1VHMb1dhGNXbD191uVPAqqvAuDTBsRCyNSBZDN2qqjExVEOkyIpZFmIeCkvao/uJh2Ra2bQ+chvV6nVazNXCyfRZc1+Xu+jqtVhvf90mn07z22i9RKBQfy6WmlKLX67G5ucW169fY2tqi67qYhokKfLLZHJMTE5w6tUA8HqfVarG8ssKly1eIJ+LhdUohpCCbznD2zGkmJibo9Xp8evUq+/sH4RxYUV8UIATlUom52Vl83+f20hLLy8uMjY2SSCTI5XIDcfHSlSs8c+YM6XTqPmHV8zy2tra4eu0ae3t7+EEYmxEEAdVqlbk5j6mpycGc31le5vbt2+ztHyDouw4FOzs7nD1zhuHhYQzDoFat8emnV8lmM8RisYGw2mq1WF1d5eNPP6VcKhKPxdjd2+PipUt4vj9wyvZd55lMhpnpKRzbHoi2W1vb3Lp9i5XVVVDg+T6WZbGe3eDcM2cZHh7G933W19f58OJFBAIr2jvRglEsFrFtm6FK5b71XFldY2VlhXK5zNTU5EB0rNcbfHr1KgDJZAIhJRubm3x48SKGYWL2HbiAFILhoSFmZnvMTE/f5yr1PI/llRU+/fQqSMH5bhfHcXAcZ7Du6xubGIbB1OQE4+PjA4Gz0+2ydvculy5fwfd9zpw+TaVcHjg9gyDgoHrAxcuXyWWznDq1QCKRwDRNut0uq6tr3F6+Q7lcxrbtwftc1+XGjRvcWV4hm8mQy2YplUqD+/Y/PNjY2OD20hJ319cjQTn8rTgWizM9Ocn8/By5XI5ms8nHn3xCtVpDCLCs4w7zkeEhxsbGaLfb3LhxkzvLyyQScVKpFI7jYJomtXqdS1eu0Gg0KZVKnFqYZ2iowsrqKrdvL9FoNnEc55gj2jAks1PTWJbFzvY2H168SC6Xx7ZtHMdBShmO9eZNYo6DaRgESnFneZlqtUoQKLrdLqZhYFoWlmVhmaYWVjUajUaj+ZzQwqpGo9FoND9lhOkgzDIkyxiV0+GLSoHfQ3ldCLzQoGTY4LYRQiJMGwwHDEsf7/8LSC6XI5vNDESgza0t9vb38SMx7rPQ6XT4+ONPqNfrqEh0+8Y3fpVMJv1Y71dKUa1WefOtt9jd26NSqXD+3HkS8Th3lpe5s7LC9s4Otm0xMzOD53n0ej16vR6nTy1QLBRwXZet7R1uLC5imCaO45BOp2k0m3iex8jwMLMz0+H4I3dePBHHsiw8z8N1XXb39qjV60xPTROPxwmUwnU9Op0OvV7vviPrSilarRbvvf8BB9UDJicmmZ6aQqmA9z/4kE+uXqXeaDA2NoppmqysrnLp8hX29vY4e/Ysw5UKoNjY3OTSlY9C56AQjI6M4Ac+7U6HWDx27Ih14Af0er3QaRjFCXR7PRqtJvlslrHxcbKZDJ7nsb9/wO2lJXq9HvFYnPn5OWq1Gp98+ik3FheZmphgZmqKQCmWV1f49No1XNflRSnJ5/P0XJd2p8PUxCQT4+PHnKOxmEM2mz1RlO/2urQ7bTrdzjGXqx/4dDrha57vo4L+WDoszM0xMjIcOYVdrl2/zs1btzioVRkbHT0mYPZdyt1ul1arBUKwubXF5OQkQTYbCe+rtNptEvE4nU73qCGTTrvN4uItDqoHdDodcrksvV5vIBr2YwB6vS63bt9GGmEmcS6XI1ABPbdHp9Ml8A/3g+d5NBoN1jdCx3Xg+9xZXiaTyQwiFoIgoFar8eGlS6yt3WVoqMKZhVNYts3q2ho3bobiqBNzSCaT+EFAvdFACMHE+BjjY2OIIwUCk8kEjm3TqNfpdLu02i38wGdne5tKuYxSoZi9t7dPz+2RSqVwe6FrvdPt0ul2iMdiPP/chej3gPDIvpSCdCaNlALX82g0m+zt7zM+Nko2kyGTyaBUKJ72Jzafy/HsuXM0m022t3e4/NFHDA8NMTExTqlYPNZvjUaj0Wg0nw0trGo0Go1G87NACDCswRH+MJtSgGlzmL9qaFH1LyjZTIbh4WGGhodZv3uXzc1N7ty5w931dSYnJp663V6vx8bmJn/8R3/Ezs4OC/MLvPHVrzIxPn6fw+5BtNtt1tc32N7d5cypBebn5qlUQgdhqVwinU5z89YiFy9fplQqhTmS0kBKg/GxMUZGRpBSMjZWY39/n1azSbVWI53JIITAiTmUSiVmZmZCITASg6QhB6JyXwD0fZ+PP/4YyzIplcuY/bxKIbjXq93Pqmw0GpimRTqdplQqhg49y2J/fx/HiaGUotFosLGxCcAXXnqRhYUFkokESimGhocBwebmJisrK5SKkdP3pEdRcEzMDMejEAjK5TIz09OUikWCIKDd7nBQPaDX69FoNFFKcfPWLarVKuNjY7z65VcisVREcQF54rEYiUQSEKGjFkGlUmF2ZgbbOVxPKeUDM2T7ruij2bGD/E/TJPB9ZP81wmtHRoaZnZnBtCyCIMwc/fTqVbrdUEC/N/8VQCKwLQvbcdjf26fZaIZCbadDEAQ4kUs7WmCAQczCytoaw5Uhmu0W7Xab1dVVJicncRzniIs77OPu7h5Xr17jxRdeOMysjTJPRbRI3W6XO8vLAJTLZWKOFeyzgwAAIABJREFUw+2lO8zOzhKPx5FSDpy0rVabmZlpXnrhBdLpNEJISqUi4+NjbG5uRUJkdJpAQTKZZKgyxNTU1LH57s9vPwfXtmwc22Zra5uZmTa+H3BwcIBhGFjKwjAkqv92BdIwSGcyzM7OHnGshlvdcRy8KP+1v943FxeJx+OcP3fumMNVCDFwybqui2XZfPTxxxQKecbGxhgeGrrv2dFoNBqNRvP0aGFVo9FoNJqfFUKGX/1vAdBZqX8ZcByHZ84+w9d/5Vf4wz/8Q7rdLhcvXWLsT8f4r3/3d0lE4s+T0O12+fjjT/jj7/xnrt+4QbFY5Ctf+SW+/iu/QiIRf+yIgTBzcg/PdalUKoyMDA/ckfF4nMpQha3tbW4s3qTRbJKIxwfilgoUge+HQmKng+u6xGKxQfEdKQ163R47OztcvXoNXylAYVsW2Sijsi+WxeMxctkc27s73F1fJx6PY9kWcDxf9N55nZqa5NbtJW7dukWjUSebyZJMhhmk/azL/f19qtUqjm0zOTFBIZ8fiLqO4zA7M83G5ia1ep1Wq4UhJQIRpRY8YB774psQCClotdtUDw4Ggm+r2aLb7RKPxcmkUyil2NjYwPd9KlFmbP/9jhNGBQgBiUSCbrc7EA03NzcPixdFXSnk84yOjp7odg6FVNjb3ePixUuhGIzgoFql2WqRiMcgElT77VVrdba2dwaC8u7uLn7gk0wmsSzrxL2pUNiOQyGfY2Nzi3a7TaPRoFathWsXFT4L1GGRvkajyfb2Nq1Wi5mXXqTT7rC+scGNmzcpl8uDPNz+OAqFcJ0Wb91iYmKcROJIwb4j4mKj2eTa9etkM2lKpRK9Xo8rH33M3t4eqWSSeDxOt9tlbe0uAqiUy1QqFaSUURGtcJzZTJZUKjlw5xqGQbvTYe3u3bDQVbQX41EG7fDQEP1pdByHfC7H/sEBrXabbrfLwf4+2WyWdruNIY2BwCxkuEa1eo1Pr11DBeFzIaXEsW3m5+cHURWmYVLMF2g2m9xdX2d4aIhUKhXty1AcN00T0zSxTBPbCWMjLMsiEY+Hc6bRaDQajeZzQwurGo1Go9FoNH/OCCGYmZnmV375l/nooytcv36DxcVF/uRP/oThoWGeffY8xUKBWCz2UEG0X7im0Whw9eo1vv+DH/CDH/6AQqHAa6+9yuuvf4VTpxaeKLfV83063S6maRKLxe5zJzq2TTweC4/s93r4tg0iPFq+srZKvdEY5GIGKqBYLJDL58P8UhFmX+7t7eH2egThIHAch5ERl5np6cG44vEEU1OT3FleYXdvj0Q8TjxylT4Ix3E4tbBAs9ViZ3uHO3eWsSybbDbDyMgwoyOjxONxGo0mrufiOA7x+HHRWUpJJipY5Hs+rusiokxRcZLTLzLPiiPCKsD+/gF3jBU2t7bo9np0Oh0cx2F8bIxSqRRFF7QBSN4jfFuWRbFYGHzf7XYH87K7u0uv1zsmrAa+Hxbzcu4vTiYjp2e9ERaAUiikkLQ7HTqdTiSMM+i7QrGxuUGz1QQFfhDQbDRIJpNMTkw+cE8qBaZpksvl2N8/oNlqsr2zw97+HoVCAYGi240iHEQ4lv39fba2tknE41TKZXzfp1qrsnb3Lo3onoK+g1kxVBnCskzurm+wdGeZsdFRAt+P+h9e0+v1qFarrG9s8IWXXmJyYoL9gwMCpdja3BoU1fI8j2azSSKZJObEIrdpwPrGBvV6nSAIkKIvtIbCszQM2s1GKAa3W6DCSIFMJo1hGJGwGs53LBajWCyyt39ArVYDBY1mk3KpxM7uLkLKgVtbhBNCq9liaWkpFFYFSCFJJRNMT09jmmF2sWmajI2OhoJts8Xi4iILCwv4foBlinvWRKH8sJicChQPeXQ0Go1Go9E8JVpY1Wg0Go1Go/kZkE6nuXDhWf7+3/t7/ON/8k/46KOPuHTpEnfvrvN3/s7f4aUXX2B4aIhYLAbc75Ts51ru7u5yY3GRf/1//WsuXbqEE4vx67/+6/zu7/wN5mZnB267x0YpVBA8NIWif2w86Cs1kQB39dr1QWEj0zQZGR5ibnaWoUqFeqMxcHwmEgkqlQpCQKAOHatH24/FYkyMTxBzYizevsWNxUXGx8bx/eDkThEKe6VSiVdfeYWtrS1WV1dZ39hkeWWF5ZUVZqan+cov/RJKHbbxINFZqbCCeigIHz1ufs81fddhX1iN/nFdl/2DKp7rUqvXsEyTV7/8ZRbm50kmk2G+aRBwrAT8kXb7GbIDd2ioMJJKpSiXS6HgHd07m8k8NJtXCIFlmuFR92jB+gW8OOIgjbRJWq1WmBPaatFsNpmemub0winm5+ce6KQOVIAhJel0mkKxQLPZotFsUqvVmBgfp9ls4rpeNOa+SLzD9vY2pVIRICrIFKNWb7C7u0s2m8WOhH0VKMqlEuVSEcMwuXb9OoHv02q1j2WGtlot9vf26XZ7OJaNZVkY0iAei7GyusrQ0BDFYpGonhgqCMLiYoTRE1evXePWrdthbmsQMD83y/PPXcCJxcIEF8Mkk8lQLpdAKfxAkUwkSKdSh+uHwnFsisUid1ZW2Nvbw/M8ut0Oc7Mz1Bv1aNqPZAEAjmNTKZWRMioaJiW2ZR17hoWUDA1VGB4Z5tbt23z0yackk0lct0c8+r3iyMIfxg0cuY9Go9FoNJrPDy2sajQajUaj0fyMiMVinD93jv/xH/5D3nzzLX785pt88skn/MEf/AET4+PMLyxw7plnyOdz2PZhMZ9er8vW1jY3bt7kypXL7O7u4jgxXv/qV/nq66/zpZe/RDGfP8y0fAIsyyIej9NzPdrtNq7rHhPtOt0uzVYbhBhUO0eAbVtcePZZyuUS8VgMx3ZIppKDCu4qigpwHIfx8TEuPPvsoM2+EAtwaKsLC/fMzMxQq9e4eXORRqOJ53snir59B+L6+jqFQoFKpcLQ0BCe57G5ucWlK1eo1mrU6zUymQyO49Dt9mg2m2QymXuq0NcG47ZtOxQ6o/zKo3Oh1KG46gcBitC5q1TAxNgkCwsLGKbB0tISlz/6iGazSafTIZ1OY9s2yWSSRqNOs9k6NpZ2u83m5ia+H4QC3uFEMTk5yZnTp445iU3TxLLtE0XiIBJRS+Uyr7z8Mn1xbX1jg2YrvG+gDsVOgGfOnmV8fJxGo8FP3n6bTrtNq9V6ZHE1ISXxWJzR4RGWV1fZ3d3Fsixy2Szdbq+v2wLQbDap1RvsV6s0mk3+9Ac/REpJs9kkCALW1tcpFouUy+WBk1YIQS6fZ8GyWF5Z5uatxdCpaVlRlIFgd3eX1dUVBHDp8mWu3bgRurqbzVB0Pdin1+3ixBzSqdSg6FbfDXr+3DnGRsfY29vj0uUrA5FbKYXneaTTaWZmppmfm4t2KRjyMB84CAJUoDBMMxTBSyXurq+HMRDxOIVCAXN5mW63d7hG0d7KZrO8+OILR5ZbRNEQDr1eL3w0or02NjxMp9NhY2ODDy9dotFskU6fXKDuUE7V2aoajUaj0XzeaGFVo9FoNBqN5meElJJkMskzZ8+SSWeYn5/jxs1F1u/eZf/ggLt377K9vR3mNgp5RDhTUWEbwdTUNC+99FIoxM7NMz8fFpt6kuP/R4nFYmHBJsNgdXWVRCLB+NgYlmVRrVZZXV3l4OCAifExksnk4Di0EIJKucTo6CiJeAJpyOMxAqEKCTAopnTU/SiEGAhY/ct9PyCZTDA2Fgpdyyur/avv67cQgm63y6dXr5JOp5menmZ8dIx4LM7+/gGgCAIfgGw2SyadYXl/mavXrmHbNplMhiAIqFarfHr1KqjQCZpKJnE9D8OQ1Bt1tra3yefzAOwf7LN/UMWQEtu0wiJQQYAALNsinU6Ry+UwDIOVtTVWVteIOTGSiQSxeJzR0RFu3eqwsbnJxsYG6XQ6PI6+vs5HH39MMpnCccK+HapjKryfZQ1eEkIQ+P4gy/YoKiqmZJomqVRyMOfVWi3MPA2C0KV8ZG2SiSTFQoFsJsuFc+f56OOPWVldJZlKcmrh5GiJflCCYRgUCgXurCzTarXIZDLkcjl2dvcIAh9FKLLv7OxQq9VIJhIDZ7UQ0G532N3bZWtri739fQqFQlTMTxCoUEQtFArMTM9wc/EmjWaDQj6PISWu67K7u0e1Vmd6aopCIY9tOwRBQKfb4dat2+zu7rGzu0elUmZ6aoobi4tsbIau5lKxSCqZJAgC6rUaSgUEKhjMc19Il0JimRZHaq8BoeO1L/AaUoZxAIUCm5tbdLpdCvl8+MwgCPwgylIlaiS00PYLjB2d48O1idzMvo9t24wMDzM1NcWnV6/ieX7UxHFX6nGXtXasajQajUbzeaOFVY1Go9FoNJqfMfF4nIWFeaanp3j5Sy+ztrbG7aUlVlZW2N7ZplFv4Ad+KF0JsEyLTDbD6MgIc7NzTM9MU8jnSSQST370/x5ijkOlXGZyYoJqrcbNmzfDfFDbZntnh/WNDUzT5MypU6RTKRqNJhCKxP3MUid2f9anECIU8nyfvb19bt26hTSMgeMz5sQYGqqgVFiFXkbCkpSSkeFhDg4O2NraxvW8vs52X/uGYaAULC+v4Lou3W4X27JZX19HKUU2kyGRSJBIJBgeGgrdjWt3ScTjZLNZgij3c3Nzk9HRUUaGh3EcB8M0KZdKbO/ssHTnTnQMH1bX1mi1WgwPDZNIhAXHhJRIaQx+HYvFKJfLzM/OcvXadZZXViiXSoxPjDMxNjbIA/306lWKhQKe77O5ucnm5hazc6lBtAKAYUh2d3e5dXsJx7FDB2iUUZvLZikUCvcd1e/Pe1+4PirY9QW8QYaoDL/63ycScU4tLHB3Y4O9vT1u377N+NgY8XuKq/ULdgkpEVKQyaRxHAfLtkmnUqRSKUzTAMJYhSAIouzZLmNjo1x49lkMQwKCVqvF6toqFy9dplqtDoqHDe4XFYs6tTDP7t4u7U4HKeTA7Vqr1xBS8MzZM5TLZWzbQamAdrtNrVqj2WyyubnJ8PAQU1NT7O7vsbu3x7Vr16gODWNZFo1mg+3dnYHgHnOcSDSWoVt8ewvTNI8Iq4JEPE6pVEQaBqZhYMjwv4V8HssyCQKbXC5HPB6PBPDQkR3ucYEQkna7zc3FxVBcJRSSpTQYHqpg2zZCyPCZieY8n88zNzPL6uoajUbjPkGWyAkro3V52g9bNBqNRqPRPBgtrGo0Go1Go9H8nNAvWlQsFrhw4VmCICAIAjzPO1a0yTCMSNj5/MUSwzQplkp8+ZWXefudd1leWWXpzjKWZdFut8lls8zPzXH27Fksy6LVaoVH5i37WNblvQghiMfjNFstlleWWV5ZPpbRWiwUeO3VL5NMJsOq5pY5EJ7S6TTDw8OMjI6wubV1ongso3zPL33xC7z5k59we+kOd5ZXME2TVrsVuvsmJ0mn00gpmZqcxHNdLl6+zMXLlzEMEwiPe5eKJZ555iwT4+NIw8A2DE4tLNDruSzducP6+gYQFvoqFYu8+MLzg3alkFi2hRGtD4Ri9bPnz7O3v8/e3j6Lt28zMjJMpVJhrtul3elw8fJl4rFYKH5KSbFU4sL585RKJdrtNtI0sCyLO8srLK+sDryHQRD24fSpU+RyufuEVdM0sG17sF/6ayGlxIqOr0tpDIRpy7KRhhx8n86kOTU/x0efdNne2WFnZ4ehI9m/h/cJ1wwgmQwjILKZNOVyKRSnDRPbsog5Tugs3dvDcRxmZ2aOxR2kUylsy+LGzUXa7TaNRgPDNAdZoyI6dj8yMsLoyAjNZiuaa8nBwQHtTodMJsPc3ByxWGwwH57nMTU5we07d9ja3kYpxdBQhYW5eTz3Ktdu3GDx1m2kDAtWIQQjQ0PMTE2Rz+ep1WrEnBj7Bwdcv3GT6zduHnGyKkZHRnj1lVcwDXMQTSClJJfLkUgkicXilEthNq5phdcYZriPzWhstVqNH7/51pHnQiENg9dfe42RkREMQ2LbFmbkao3H41QqFeZnZ7l1+zaGIU8Q1uWgfS2sajQajUbz+SPUw0qrajQajUaj0Wg0Go1Go9FoNBrNXzBqtRoAH3744RO/94UXwlz0B9sKNBqNRqPRaDQajUaj0Wg0Go1GcyJaWNVoNBqNRqPRaDQajUaj0Wg0midEC6sajUaj0Wg0Go1Go9FoNBqNRvOEaGFVo9FoNBqNRqPRaDQajUaj0WieEC2sajT/P3t3HifHfdf5/13V3XNodN+HZUm+jzg+EojMKXMkuxBiExKQebDLsSyEY1k2LIvNkcdyRSYEFljIsiQ/yCYBK+SyYhKIkxDntEJsy44vSZaswzpGI2k099HdVfX7o7uqvvWtb/VMSzMaafx65jGPme6q+ta3vlU9zrz1qW8BAAAAAAAAbSJYBQAAAAAAAIA2EawCAAAAAAAAQJsIVgEAAAAAAACgTQSrAAAAAAAAANAmglUAAAAAAAAAaBPBKgAAAAAAAAC0iWAVAAAAAAAAANpEsAoAAAAAAAAAbSJYBQAAAAAAAIA2EawCAAAAAAAAQJsIVgEAAAAAAACgTQSrAAAAAAAAANAmglUAAAAAAAAAaBPBKgAAAAAAAAC0iWAVAAAAAAAAANpEsAoAAAAAAAAAbSJYBQAAAAAAAIA2EawCAAAAAAAAQJsIVgEAAAAAAACgTQSrAAAAAAAAANAmglUAAAAAAAAAaBPBKgAAAAAAAAC0iWAVAAAAAAAAANpEsAoAAAAAAAAAbSJYBQAAAAAAAIA2EawCAAAAAAAAQJsIVgEAAAAAAACgTQSrAAAAAAAAANAmglUAAAAAAAAAaBPBKgAAAAAAAAC0iWAVAAAAAAAAANpEsAoAAAAAAAAAbSJYBQAAAAAAAIA2EawCAAAAAAAAQJsIVgEAAAAAAACgTQSrAAAAAAAAANAmglUAAAAAAAAAaBPBKgAAAAAAAAC0iWAVAAAAAAAAANpEsAoAAAAAAAAAbSJYBQAAAAAAAIA2EawCAAAAAAAAQJsIVgEAAAAAAACgTQSrAAAAAAAAANAmglUAAAAAAAAAaBPBKgAAAAAAAAC0iWAVAAAAAAAAANpEsAoAAAAAAAAAbSJYBQAAAAAAAIA2EawCAAAAAAAAQJsIVgEAAAAAAACgTQSrAAAAAAAAANAmglUAAAAAAAAAaBPBKgAAAAAAAAC0iWAVAAAAAAAAANpEsAoAAAAAAAAAbSJYBQAAAAAAAIA2EawCAAAAAAAAQJsIVgEAAAAAAACgTQSrAAAAAAAAANAmglUAAAAAAAAAaBPBKgAAAAAAAAC0iWAVAAAAAAAAANpEsAoAAAAAAAAAbSJYBQAAAAAAAIA2EawCAAAAAAAAQJsIVgEAAAAAAACgTQSrAAAAAAAAANAmglUAAAAAAAAAaBPBKgAAAAAAAAC0iWAVAAAAAAAAANpEsAoAAAAAAAAAbSJYBQAAAAAAAIA2EawCAAAAAAAAQJsIVgEAAAAAAACgTQSrAAAAAAAAANAmglUAAAAAAAAAaBPBKgAAAAAAAAC0iWAVAAAAAAAAANpEsAoAAAAAAAAAbSJYBQAAAAAAAIA2EawCAAAAAAAAQJsIVgEAAAAAAACgTQSrAAAAAAAAANAmglUAAAAAAAAAaBPBKgAAAAAAAAC0iWAVAAAAAAAAANpEsAoAAAAAAAAAbSJYBQAAAAAAAIA2EawCAAAAAAAAQJsIVgEAAAAAAACgTQSrAAAAAAAAANAmglUAAAAAAAAAaBPBKgAAAAAAAAC0iWAVAAAAAAAAANpEsAoAAAAAAAAAbSJYBQAAAAAAAIA2EawCADDDomBCYXVAwUSv6qOHVRvep+rA05o8+3VNnP6iJvq+oMmzj6l6bo9qQ8+rPvqSgvGTCqr9Cutjc919YBp6pXs86YHdjmW7Jc+T7tmZfXvnPY33XZu8ojXH0jVmLhcyjr07G9s6z9uUGzf6ubPXvfiB5jHYX/PqfBdc27Oyqwca+yoa79Ybn2c/dzuuD+P69DzJu0cyuxRfj65lstd7oM3+AABw6SvPdQcAALhchPVRhdV+hdWzCqv9Cqr9imoDCoNxRcGEFEwoCidmZmd+hzy/S16pS16pW355kfyO5fI7VqjU2fjuV5bMzL6Adu1+v7RL0n1b57onl7/eRxtjKUm7dkq926W1c9qjC3C3dPKhZv97pXvWSXfeY7yHS9buB6Q778+/v/NtjevzsUjaqkZAuq55TrVTuneXtOMx6b7NjfO97gEpui/fzrbtku6Vdv6UtJ2LAQAwfxCsAgDQFEWhovqwwupZBZNpgBpWzyqo9kvh5MXrTFhVFFYV1YckSYFrHa+chq3N737HcvmdjdDV80oXr794ZXn0fkk7GkELLsyjzarCHTuk+++XHu2dveBp7XYp2j47bed3Jt23Q9o1y8cEh61SFE1/9Z33NALSu++Wdu3KLtv+kGReMpu3SorPqXU9bZW0a3ejatU+3Wu3SXdL2vloYzsAAOYJpgIAALyi1cePa+LMVzRy5AMaeuEPNLTvjzRy6H0aP/FxTZ75ompDzyiYOCGFE5KiS+srqimcPKX68POaPPsVjZ/cpdEjf6fh/e/W4HO/o6EX/1yjL/+jJs98VcFE3+wOJF5Bdkv3S9qx7cKaiW9L9wpug3+gYFlyO3vzVmnvAeO9ncZty61uWTZusU5uud6ZvaV5t/nauoW5qG+2KW/n7pV27pK0Q7qvOZ47H7UbKe6Hecu32aedu7O3b8d3dttTAcRjYh77bN7mXnQOplpWdK3Y4xu/To7BurXdbse85T3ef3xd2WPkedLOw9M7vsLpD3Zn9585n73Za/ewY7vpnmd7KoDpnOcHT0p/PY3A81FHVWvc/92S7i6quF7bDF53Fk8XAADAZYhgFQDwilIfP6GJM1/R6JEPauC539XIgb/SxMlPqz60t3E7/yWQl87UVzhxSrWBpzR+8lMafvHPNLTvTzV2/JOqDb2gKKzO9NDilaK3mfhs3nwhjUhvu1e6+8FGZd1jO6Rd96YB2QOedP/d0slIih5rLLPnBb1fjW3N247vPyw9FEknH5S0S3p/c5vdDzQq8h6LGtvskHTv26zgVWlftEu687Dx+v50/9Pp27SHoTkNwI5tkrY2+mUHTw/cqcYt9pEUbWsch23XTumnmv2RpHvvlO4zXt85xdyWhzc3jvXBuxvHMyPzovZKD9zf6Pu2ta3PQW/zlvIHTzrOT4trZWszjD7cvCYPNzu+q/l6dzOk3ra1sY919zZuW4+aY3P/nY4geVtj+X1b037F2+hCQude6Z470+M4+aAy15V5y33019JOR4A5W+d5+0PTqyje/UDjcxef03SB5K2T9KD0UItwdvPdknZZoTEAAJc3glUAwLwVRWESpI4c/qAGn/s9jRz4S02c/LRqQy9c3Fv7LwFh9Yyq/bs1euSDGnz+9zXy0vs00feo6mPHFEXhXHcPl4vDM5iK7Lq3UZ23+b5G4LN9rZKK2KTyrRk43m9VcroqZuP31jZD393Nvm5ttn+4WbnnKrrb2twmDozjtjIB8jT7lrRpHpdDPA3AtuacCtuaoe6jcbLq2N+Dd7t21Fy+uXG7dTJNQ/x6CvH+Nze/Hz7fksJd0rq4gnKdtMuYc3U65+DedY2g875Iiqx5WZ3Xijn+cfWvJN3fCA0P75Z0t7RZzbG+W/qpeP6K5ljaQfY2Y34L+/xsd8wdatr+UKNvziky1jZC/4c2N45/3b3GMqNyeWtz3ft2ONqYw/NszsG64z6rKrU59cD2na0rdi/4+gIA4NJDsAoAmHfqo4c1duKTGty7Q8MH/rfGT35KteHnFYbjivhf439RXbXRgxo/9RkNH/wrDb7whxo5+g+a7P+GwurAXJ9CzHtmcGSEcWYgs+ve9Lbl+yVp9/nfQhzfIn7v1rQi0tZOBe6M9M0O04w+xNMBxNXBW6fo290XUj08k+LK2vjLCEdbnYO129PXydjG1ZdTXCvbmhXFO5vVvw8+2Hj/8O7G+Mah9GFHpW/cZtG/FRzepSSYvWDxrf53NipzTz5o7qjR96nO41yd596dxoOtdhQ/tG5bs1r10RkpeQYA4LJAsAoAmBfq4yc0dvJfNPjCuzR88P9q8sxjimojc347/uXyFdXHVBt4RmPHPq7BvX+koRf/UhNnvqqwPnLe5wSvVNOsnosrGM2QzbyVOb5l2hXStevR5i3pJ6eoOJyumehbPA2A7k9D2riKMa6itCtvL2dTnYP74rFs3tZu3ibf6lqJpwPY2axI3dYMae+9szG+2+PK46KLskVwOpO3rifTPjzmqGBufmZ2XYrnebdRXbsjO/VGkQuaJgQAgMsLwSoA4LIVTPRpvPcRDe59t4Zf/AtNnn5UYa1fc55SzoOvYPyYxk88rMHn36nhQ3+n6sDTisJa2+cI89CUoclaabs9V6ddnWk9XOe+k41g6e7Nys81utv9sJ22NQOy3p3u29Cnpc2+tXp4VXybeTyvaPz1YDPMe7TXvT/XHKuXjYJzkBmnrWk15+bNan2tSOkY7VJyq3wSohpzgW7brsy8u/FYFj5sSfkKzJ1TzGE65cOrlIbk7zenAmh+ZuIpDJL5aS8ByTE7QnH7+n7/vcrPv2qI58DdfL7/QgIAwKWnPNcdAACgHcHkGVUHnlZ14GmFkzzpfvaFqg/vU314n+R3qmPJLepYdrvKPVvkefz77CtSXEV5+LAKE6ntD0m6R7rTM940q922NioTvTslz6yGawZZ90WSvMZt3/GyVg/Fmcp9zQcVxf3ZsUO6//7zq0Sckb7FQbMjhIoDwJ2PStu3N4LE3eua+9vRCF4vx3C11TnYep/0mKQ710nJ5RBXdq5tfa1IaWVpPC9uPIZmaLp2u3RS0ro701B3x2PFt7XH2zx2WLqzuc2DzYeinY+126UHd0r33ts4jrt3SHff3wxatzY+M4e95vjcLT24Q9o11+GqOW/tLuOaV+MfBLbfJz0dJG/AAAAgAElEQVS4uzE37r1SI3xtUb09o1MrAABwafCiKIrmuhMAALQS1gZV7d+j6sA3FUycmOvuQJJXWaLOZberY9lrVOpaNdfdwcX2gCfdP83bgjFP9Er3rJO2n5zeE+SBjOb1owcv7B9JAACYQUNDQ5KkPXv2tL3t7bffLomKVQDAJSwKa5rsf1wTp7+osHpurrsDQ1Qb0HjfFzRx5jF1rtyqrlXfJb/cM9fdwsWybYeSBzaRsQGYSjzH7IPb5ronAADMKCpWAQCXnCiY1MSZr2nizFcU8fCky4NfUefy16lr1Xeq1LF0rnuDWdesPts6xa3UACA15p+9dytV7gCAS8pMVKwSrAIALhlhfVQTp7+qyTNfUxSMzXV3cF58dSy/Q92rt6nUtXquOwMAAAAATkwFAACYF4LqgCZOf0mTZ78u8eT5y1yoav/jqvY/ocqSm9W95i6VF2yc604BAAAAwIwjWAUAzJlgok/jfY+q2v+kpHCuu4MZFak2+Kxqg8+qvPAada+5S5VF1851pwAAAABgxhCsAgAuujAY1/iJf9bkmd2S5s+MNPXqpMJ6TWFQV1ivZ78H9WSZokheqaxSuSy/VJZfrjS/W6+b713u6sMvanj4RZUXXq2eK9+iUufKue4SAAAAAFywy/+vNQDAZSOKQlXPPaXR4/+kqD48191pWxSFqo6OaHJkSJMjg82vxs9hrTor+/T8kjoXLm5+LVHnoiXqXLhEHT2L5ZdKs7LP2VIbOaiBF96t7jV3qXv1XfJKHXPdJQAAAAA4bwSrAICLoj7eq9GXP6r66JG57sq0TAwPamKwPxugDg9c9H5EYaCJoXOaGDqXW9axYGEjZG0Grl2Ll2rB0ku8GjQKNN77OU2e/YZ6Nr5ZHUtumuseAQAAAMB5IVgFAMyqMBjX+MnPaqLvK7qU51GdGB7QaH+fRs+e0lh/n+qTE/mVPO/id6yF6vioquOj0ukTyXueX1L30hVasGyVFixbqZ7lq1WqXHqVoWF1QMMH/1aVxTeq58o3q9SxbK67BAAAAABtIVgFAMyayf4nNHrs0rztf1pBarvK3fJKXfJKnVJ5gVRaIK/cJS9+v9wtr9ItyVdUH1NYn1BUH5eCCSmYUFSfkOpjioJxqT6uqD7WdheiMNBYf5/G+vuS9zoXLtGC5au0aPUGLVy5Vn7p0vnPf23oBQ089y4tWPf96lr9nfL8ylx3CQAAAACm5dL5ywoAMG8EE2c0cvQjqo8cmOuuZEwOD2rgxBENnTyq6mg27PU0jWrUUqf8Bevk92yQ37NOpYXrVVp4hUo96+V1r5RnVLSGYaM61/f9XDNhGCqKInme13K5JEXVQWmsV8HoCQUjxxWMHFc4elzh6AlpmsFrdWRI1ZEhDRw9KM8vqWflGi1avUGLVq9XpXvBtNqYVVFVYyc+pYkzu7Xwyreqsvjaue4RAAAAAEzJi+K/3AAAuEBRMKmx3n/V+KkvSFEw192R1LhdfvD4IQ2dPKLJkaFpb+cvuUal5a9WeckWlRdukN+zXupYIvM/m0XBqLk8DlujKEq2jUPXUqmUCWPNdYq2N0NX1UYUjfeqPnJcwfAxhYP7FJzbp6g2/Qrh7qUrtXTDFi1ev0ml8qVRLdqx7Fb1XPFDTA8AAAAAYNYMDTX+PtyzZ0/b295+++2SCFYBADMkrA1p+NCDqg3vn+uuqDYxpqGTRzV48qgmBvunsYUvf+k1Kq+4VeWVr1bHylfJK3dn1rCrTItC03i5HbiGYZgJRc31XMtc7duha7zM7mMwdkrBuf0KBp5XeO55BUNHpLDWcgQ8v6RFazZoyfrNWrhyrbwWgfHF4Hes0KKr/oMqPRvntB8AAAAA5ieCVQDAJaE2/JKGXnq/ovrInPWhPjnRCFN7X9b4uTNTrO2ptPRqlVe9Rh0rXy1v6Q1SqauxxApOXYGmHZy6AtP4Zykbfsbvt6pE9TxPpVIpWW4Gr67Q1W5Hyk5BUOvfp+rJryoYfFHB6an/T0Opo1NL1l2ppRuvUteipVOuP3t89VzxRnWv2TaHfQAAAAAwHxGsAgDmVBQFGj/5OY2deETSxf/PSVCraqi3EaaaD2sqUlp6nTqvfL06N3yXvOZt/WZgGd+ab4ajmVvvpcx6dugaL4+DWVdgGi+TlL+137FOHKoWibc39xGLokhBEGTaj+rjCs7sUbV3t+p9X5dqrcPwzkVLtHT9Zi1et0mVzu6W686WjqWv0sLN2+WXL4H5YAEAAADMCwSrAIA5E0ye0/ChD6o+cuii7zuKIg2fOq6zh/ZqYuhcy3X9ng2qbHy9OjfeJb97VeF6RZWokjIVqOaXHczG28e399uBpz0na1Elqhnq2sGr2ZYZuroqVc3tXQ/MisJA1VPfUO3lR1Tv+4YU1gvHp9zZrRWbr9PSjVfLb1bTXkx+ZakWXfUTqiy6+qLvGwAAAMD8Q7AKAJgT1cG9Gn7pA4qC8Yu63ygMNXjiiM4e2qvqWHGlpde1QpUN36PKhm3yF23KVaNKaRBphpnTuf2/6GFVZtuS40FUfj5UjUL3g6rM7V2Baby9q9rV3DYIglxwGy+3K1lVH1ft5JdVO/oZBQP7Cse21NGp5Zuu07KNV6lU6Shcb3Z4WrD+Depe9/3yvLmdAxYAAADA5Y1gFQBwUUVhXaPHP63xU1+4qPsN63UNHH9J/YdfVH2yIMwtL1DH+u9Wx5Xfr/KyG5JAslQqTWtO1PjLnrt0ytC1GZh6MpZb0yJ4ckwPYKwTbxvv194+MxZGIOs6jjhwdVW6mm24KlnjeV2D0V5NHP28ai//i6IJ93y1frmspRuv1vIrr1W5s6uwv7Ohsvh6Ld7y4/Iriy/qfgEAAADMHwSrAICLJpg4raGD/0/1sWMXb5+1qvqPHtC5lw8qrFWd63iVherY8iZ1XfXD8io9mQrPotvrzSDRXM9cJ2nDqjSVmqFrJMmTfM/PVYOa3+2pA5IvRUmg6nqYVdGcqZGiXLWryQxWndsblayttlcUKYoC1U9+RbWDH1Y4etw9/r6vJes3a/mma9WxYKFzndnglRdq8TU/rQ6mBgAAAABwHghWAQAXRW3kiAZffK+ieusHHc2UKIo0cPyQTh94TmG95lzH61ymzqt+RJ2bf1BeKX9LumvOVDNkjJeXHPOFep7XCFSt0NQOK10Po7JvzTf3OdU6rodhmfszq1Dt4NUOXc1w2Jzv1QxXzTlX40A1fj9uPx7Dyd6vq3pgp4KB/bn+NTuiZRuv1sqrblSpXHGvM+N8Ldz0FnWv/raLtD8AAAAA88VMBKvlGe0RAGDeqQ7t1+CL75NCd8XoTBsf7NepF/ZocmRQkuRZy70Fa9Vx9VtUueL7VC43AlXXw53i0NQONs3ANQ5Q42rSeLlZSZo86CmKMiGsGcq65jG1H1TlYvYtDjbt7c1Q1Fzfnp4g3t73fUVeJL8UP6AqylXr2m2Z41fU58rqb1F51WtVO/usagcfVHj2mewKUaSBowc03PuyVl37Ki1ee2Vu7GdeqJEj/6gomNCCdd8zy/sCAAAAgCwqVgEAhSbOPqHhl/5eioJZ31d9ckKnDzyrod6Xncv9xZtVuepHVV777ZlQ0/WQKfMWf1NSYeq4vV9q3NYfv+96mJT5vjlnqosZkEr5h2XZbdu35rv2bc+pGi+zv+z92tMHmPsyH5JlP9DKbCOo19PtPE/B4IuqHfgHBaf3SI45YbuWLNfaG25X58KLMw9q99q7tPDKey7KvgAAAABc/pgKAAAwa8b7vqbhwx+e9f1EUaSBlw/q7KG9CoN6brnXsUQd1/+kyuvualSaNgNVs1rTfF0ul5PQ06z4NOdUNas94z7EbRRND5D0xwhMzXlTXbf9m8c41TqtxqfVf6rNalW7n2bYaj4wK4oiRWHabhAEmakB4nUk5aYIiNuOA+ha/35NPP8ehYMH8p3zPC294iqt2HLDRZkeoGvVnVq06a3y/OLzBwAAAAASwSoAYJaMnvy8Rl/eNev7GR/s16l9T6s6MpRf6JVV2fRGVa7eLq/c5QxEpew8p/E6rmpUz/dULpWT6QFcYadrztT4/fh7q2A0+7AsT2GYrSJt9C27fRjmq0zN/zS3ClbtKtW4DTNsbbVtGIYKwkBBPXD2IQxD1ZuVqq524vfDMFTt5c+pduCDUi1/LksdnVp19U1atHbjrE8P0LH0Zi3c8pN64smndfr06VndFwCgYcWKFZKknp4ebd68WYsXX5y7FQAAuBAEqwCAGRVFoUaOflLjvf86q/upVyd0+sDzGj51zLm8tOJWddz48/J71iVBZRyIuuYujZeXjGrWZJnvqeSXnPOtxuvat//bt9nbgav9MKk01J1+aBiGcdhavI0dusbrmoGta35Xc2qBolDUDF/DKMzczR8/3MquVjXHKgiCJHRVFEmeJwXjmtz/D6of/ZSc0wMsXqbV192irkVLpz1O56Oy6FotufanNXbiU6qPHXeuEx9POjaRJK9xLPZrT83309fJ22mLMt/JtR+PUfzwMUXy5JhKItlN5Gg/cwD518YG5u685v7MZhr7N3ttLLf2nxy+sULj+OL1msdhjpOsccy1n+43Ow7Taz/f/6JxiMxhz/bDfp0d8Nw4ucY91769/2T83OOStG9dH/nr0R7O/DhN1b5r6pLseTBPX5Qud1yPpc5F6lq6xdEvFXCPe1H7rmbT69T8HKbXh+cYLnc/Cj4o5nLXODnbj8yt0s9Rwe7y4+Bur+Bj42h/er+P8gNb8Psod7236mf2PJS7lqo+OawwKutcxw264ro7tX79+qIGAAC4JBCsAgBmTBQGGjr4QU32Pzmr+xkfOKuTzz2uoDaZW+Z1LlPHzb+s0so7kpDQvDXfDlXNQNWeN9V+AFVRJWu8D7sKVkrDiHZDU5dGX3xFUXEVaTvCMA1PzQdsxd9dgap9e3/RnKxBGCgK03DVrqA137fDZUmqnXtRk8//tcLB/a6B0MqrbtKyjVdf8Bi0Uupep2U3/qIm+r6o6tABd2hTFOoUhpbF4Wom9HGEq7lQSNlQ0ZXt5EPE1mGqI12x3s6lfdmXBeGt1Z3c/pJwywyrphGuZkPegpB7GuFtLnxrEa66QuaifqVL7ZA5/7nKtN8iXM2M05ThZ3Yc8sPp2H7K9h3hYOY8mMObPYDkOvZ8LVh5Y37KjWmHq+5wsyhczTdvj0vzOC8oXDV37A4j8/9YkV3f7F+uuWl8Tqf9OVHR75PWIbTzF2Dmc3Q+4Wq6w8w/xvhljVS2aOW130u4CgC4pBGsAgBmRBhMaujA36k68Nys7SOKQvUfOaD+w66wraTy5h9Wx9VvkVfqbLzluMXfDD/j90rlkkp+KRcumm24QtXsbfvpg6jyoer0AtU4OJ1J5xPCmtWsU1WqFt3eHwRBEq66liWVrgUP04rXqx//V9VedE8P0LNyjdZcf6tKlY62jq8dpc6VWnrjf1F14GlN9mf/z5IZquYW5FZUGkJMs0KsnYpVVwhjhmSu0La4n1ZvXGGiHYKYy5PmHBWrzrDy/EJVs19UrDaXz3LFquu0ZM9Dfpxc//jQsWiDKgtWFPRLBdzjnv/Hh+JmXWHhzFSs5vvl/Bw528+Hqq12VxyqOvZfEKpmVnCEqrnlbYaqBQ227Gdy/ozt/HKnTvs36MbXvl6LFi0qaggAgDlFsAoAuGBhfUznXniP6qNHZm0ftYlxnXrhSU0MncstKy2/Wd2v/q9S1+pMSGfe+m/fxh+/Vy6XM8vi7e0wtdWDqqZTjZrdd3vhqf2Qq5kyndA1NIJRe+oA8/10/XxgGkWRIjW3C6NMuJrdV5hdFm9fH1PtwIdUP/ZZKcpuU+7s0tqbXzurUwP4HUu19Pq3qT70nCYHns0sc4VGyYLcikpTA0e46go/qVjNHVDBSypWk+WXeMVqpXu5OhZvzG5otjOtMM4VblKxOu3PiYp+n7QOodsJV13DkZe/PrKfE6kellS94s265ZZbihoBAGBOzUSwWp7RHgEALitRGGhg/3tVHz08a/sY6z+t3r17FNbrjb9KY15ZnTf/kjo3fo+kRjBnV6m6AtW4SrVcKuceNGXf+m/PmZppozR1QHqhVah2qFr04KbzCVw9z88MpytozQbGXhK0FlWymqGz+RWGoYLm/3z5zbb9zHb2sSUhd+cilW7+BdU3fJ8mn9qhaDIN1+vVSR176mtaseUGLd2wuXB8LkRYPafB/e/Vspt/VWF9RLWRw83+paGqZIYIRamkHfbZWZcVUlghmV2RmKtYzWVp06xYLQhrzHDDFarO14rVVqFqep6MDdoIVZP27XEy228RqkqtQ095BaGq2V/rhNgVq63bd11nVhhoXk/Kfk5Kle4ZCFWVWfFyrVhNd2OHmvbvE9kXaItxml6oGr8uClVzy9sMVR2LHQp+nzRf18bOqTp2VkF1XONLX1/UCAAA88LM3rMIALhsRFGowYMfUG3oxdlpPwx15qUXdPLZbyiq1+VJyZe/YK16vv1/ZUJVKa00jStR7YC0VCqpUqmoUq4ky80wNa5ibb19OQlV3aFrKfmaqVA1fm3eot8qyGz15drHVO+ZfN9XpVJujkMpNz6usYvPSblUll/yk3lt4/XtaRbicxG3I0n+4qvV8bo/lb/ijsy14EWR+l96QSef+Ybq1fy8uzMhmDyjcy/8lbrX/juVulY3xykOSxpjlYyYPXae1wwPmilD83XydrxaJv5Jz3f2gWdR0n4Smnpe2nzckShdv7Ge2b7VT894bXQo/7axwDruzPJkO2t59vAay5vtxKFM2q/syOQ6FpndT8fBXCHXvnUe4v3l9maPg+cloVi8v8wAWf2yhsEY/+y4mOOUad9xHqJkO2OclL5Olkf5ccifZ2XHwfPaaN+6ziTrPJjLvfRbJPl+SZ1LNhnDkxso5/hlV4i/ZT8n8XG7Ns9fRfbn0BgH8/gK5S5kq9+e65vx+yL7fnIcmf5ZzUV2Q44DleS+cOKX2c9ZZhxcu7HGKT+w1u8ru33rOsnL/z4Jw7omB49q6NjjGjuzX7XRMyp1LjqvfzgEAOByQsUqALxCDR/+uCbPPDErbdfGR9W7d4+qo0O5P8zK679bXTf/UjKXqiRnlar5FT+cKp5L1fWwqSTAsypVXfOk2rf2T6dQ0t6fpNwfjK5A07VdO+wpBIoqQ+3jiH82K1ntcWi89pIHYUVRlJyDeNoASZllnucp9MKksikMQ3lhdvxj8fQAsVLnYpVf89uqHvm06gfeL4X1ZNn44Bkde/LLWnPDHepesrztcZpKMHZSA/vfp6XX/yeNHH5QQXXIqPQzK8zsSry44suulEvDjMb2VgUYFavZA8rtP90vFavp9XGpVqx2LNksv9RpDE9uoJzjl10h/ub+nLg2N5vNfA6oWJV5QvOfutwJtobB+n1lt9/G+ayOnVF15LSCiUFju8by2kiv+vv7ixoBAGBeoGIVAF6BRo9/RuO9X1Djj6OZ/ZoYHtCxpx9TdXRYjb+wml9+pzpv/Q11v/rt8kqdmdDNDFXtKtMkdPX8aYeqjQrLkkol9/ypZsVoGAaKrLk/XczqUruNmGv+UnPeUnP+0qJl9le8T7MStSjYdWkErsWBbvywK3M/8c++7yd9tYPukl9Kqpvs82WfI7vtjk0/oK7XvVte1yqZ10hQq+nEM/+mod6jmo1rsza0T0MHPqieTT/WCImidCzTCjNrrKhYzRx+0gwVq+7252HFaufiTSp3LrKGJzdQzvHLrhB/y35OqFiNuS6c+OWlV7FaGz2jkd5vavzMQQWTQ5nrx5u6AQAA5g0qVgHgFWb89Dc0cvSTs9P2YL9OPve4IuvBRl7PBnXd/lsqL1wvKXvrv3mruflaavxxZlaqmsvi7eP10mC2+A85M5BsBH3n9++L9ryi8c/2vKPmPu3929vb69r7M9uwA92pmNWs9lyscdWqKa5glZSb59YMhmOBApXUuPU/XicIAmMffuacS5K3aJM6t/4vVZ9/j8K+x8yj1ekDzyms17X0ii3TPsbpmjz3jPyXP62FW35cI4c+pDCoNvca794aVypWM4ef7p6KVWf786xitWPxRpW7lzoqSnMD5Ry/7ArxN/fnxLW52Wzmc0DFqswTmv/U5U6wNQzW7yu7/YLzGQY1VYdOqDrapygM8r9PjNf2SAEAMF8RrALAK8hE/zMafPEDs9L2yJle9b34zfQv0KbyFd+vjut/VqVyR/KeGZKaX3E1pCTJUyZQNdePFQWq8UOazPfMIHXqqqZ0G5s9Z6pZiRkvd4Wm9rZm6DZVBarr9v+iaQemCl3jkNX1sKtYY9z83BQA8frx+2ZFceRHitQMZEMl5zLujz0PqySp1KXyzb+qaMWrVdv3t1KUTg1w9sh+1WtVLd90XWHgfL7Ger8kr9yjnivfqtEjH1YY1tMMwU5nzFI147tnZRZpKNF4x7w+ku8yto9DL88KhZJCM2u9TGhm9ivuQPa1l1st3r/dvt3/eDtreVH/klAse3x2HJbpWPwrwuhXen2l4yd7/KLs+MkRrqbrpf2MMucrOw52v+wwKRtuG+0b45Rp396/tV3uOsldB9lxcFxomRNiVvROr33j9Mh1HuLlnjoXbVC5e3l2HJPhyQ3UFOGqOSAtzrO1uZfdOned5a+TqcJV+3q0w0frOk3Os/VrwBoHu392c0Wf06z85yR9mf09kBsHezf25zE3sNnPaa59L9v/MJjU5NAJVUf60h2Zw2WOv2RdxwAAzG8EqwDwClEdPqyBfe+VFEy5brsGTxxR/+F92T+hPE+V639GlY0/kAtD7aA0eYiS3wzqlH9okx2qpg9Iygd2rjlVzerU+Nb/NGh1B5tTVYXaFat26Goeb1HAam7fKkC0wxzXe67K1+KwtriK1WSHqmYFq12FGoZhI/AqS1GtcUzlcjkTyMbVrI11pZLvS+u/T+rZpOCbOxTVRpJ9D504rGByQiuvvVm+Xyocm/MxeuzT8isLtWDDmzT68ifSUNEehySUaIYERuWfmVVQsWr2Kzsyro6Z/aJiNb0+LpWK1Y6F61TuXmGEiVSsvhIrVsN6VRMDL6s2diZ74FG2n1SsAgBeyZhjFQBeAWpjJ3Tuhb+SWRE4U84e2qf+w/vV+COt+eWV1XHLr7UMVc0ny5dKpcbT5v1SZi7VODw1nzyfPKG+XHaGqua+fL8k3y9NGaqa82AWVYK6vuwg1fxyMatZze3tKQRcbdn7Ndsx+21vO1VgG49FY5yy65lz1Ta+p+FmfF4qlUpyfpIvz88ss5enQXr6VV56nSqveWdu3tXRs6d06vk9CoOZv3aHD31EQW1I3Rv+XfqPAvZYpSVYUlIBZrwdr5aJf8wKrvR1sqGMCjSPOVaZYzXeLj8O+fOs7Dh4XhvtW9eZZJ2HxutKzxpVelaly5PzYA5PbqCc45ddIf6W/ZwkFaeOzfNXkf05NMbBPL5CuQvZ6rfn+paEqvbpSI4j0z+ruchuyHGgktwXTvzy4s6xKgWaGDym4ZNPqTZ21j0gxo7t32OefaEBADCPEawCwDwXTA7o3LN/0agEjKIZ+4rCQKcPPNd40JCn9Kvcqcprfl+l1Vsz/YirTs0wtVwuq1RuhKpmZWr8vRGeljLbpgFd8R9sdoVqdpmfC1WLwsii5a7b/VsFmK5AtdVr+1jMNlzbRVGUuT1/uiGsa2zigNX3PecYuyqN7eXJOS43v+Lw3FlxnC7zFqxV6Y4/kNezIXNNTQyf08nnnlAwOTGj17CiUAN73ydFvrrWbItPln3yZJVimd/yFWKOSrz4dbKhjAoxs9JLylSAKQk7zPaNfklGB7Idyr+drzAzXqbLk+2s5dnDU1oBef4Vq/Y4mCvk2rfOg1kZmNmbPQ7RK6BiddrtW9eZZJ0HqbxglToWrskuT86DOTy5gXKOX3aF+Fv2cxIft2vz/FVkfw6NcTCPr1DuQrb6Hbm+JaGqfTqS48j0z2rOsxtyHKgk94UTv7x4FavVkT4NHX9ak0MnCsclMxDm9WF+DqyRAgBgviJYBYB5LArrOrf3rxXWBme03TAIdGrvNzVy+qQyCVjHEnW85p2qLLsuE6TZVaFJONqsUvXi/3nZalbXlAHlsvsBVUUVqq71iqpOXYGlaxs7nHTdhh/3u2gdV6VsUV+m895UIXE7laxFFazZsc5WoGZD7+Z7fuMrDs7NauNKpZJ7MJbnefI7l6p0++9Ki2+QeW1VR4d14rknVJ+cKDy35yWqa2Dv36jcs0mdS25KS67STiktxYqS13YhGBWryQLZI5PrWGR2n4rVZHmUH4f8eVZ2HDyvjfat60zZcaksXKvORevyy5PzYA5PbqCc45ddIf6W/ZzEx+3aPH8V2Z9DYxzM4yuUu5Ctfnuub0moap+O5Dgy/bOai+yGHAcqyX3hxC9nv2K1Ot6vkZPf1Pi5w0rubikYl8xAmNeH+TmwRgoAgPmKYBUA5rGhwx9XbeSIImnGvoJ6TSeff0Ljg2cz+/K6V6vztQ+ovHjTlLf/VyqVRqWql38wlfkgq/z7+T/S4kDVDlOLgsNWt++boaM5p2vRrfnmMlf1qlndFmVCk+z2ZrWpvb/pvjdVte1U77vYAavveyqXS8n0AKVS/lyZPyfTOHjpemala/zdHFff8+RXFqpy22/JX/W6TH/qk+M68dzjmhwdntFrOgzGNbDvfepas02lyhL7glFaiuUlr6lYjZJ2qFg12r9MK1Y7Fq1XR89q9/LkPJjDkxso5/hlV4i/ZT8n8XG7Ns9fRfbn0BgH8/gK5S5kq9+R69u8rlgNg5pGTu/T+JkDCuoT6eLcgVjHYeyYilUAwCsZwSoAzFMTZ5/S2Ml/lWYwggrrNZ3au0e1sWF5npIvf/FV6vzWd6m0YNWUoWq5XG48pMqaS7XVVyPAy4Z/RYFqzA5A7T4VVX2aD2uKH87UqjLU1V68fzuINV/bgXI/OtAAACAASURBVOpcVawWVdFOl+9nxy6Z4qFkBrLZytZ4uRm2JvuP26h0qeOWt6u8/rsz11pYm9SpvU+qOjasmby2ayOHNXLsn9Wz8W55vvFsz6Tiy66US8MMyagQMyrxqFjN7iG7/3TcqFiNt5uDilXfV9fSLaosWJm/DtPdpPsxRsYaKOf4ZVeIv2U/J/FxuzbPX0X259AYB/P4CuUuZKvfnutbEqrapyM5jkz/rOYiuyHHgUpyXzjxy9mpWK2N9Wuk9xkFE4PZ9q3rwDkgxo6pWAUAvJKVp14FAHC5CaqDGtj//2a0WCQKQ/Xtf0bV0RFl/qxccr0qt/22/HJn7tZ/s/IznnPT933Ft/2b69pzqMaKqlSnut1fKg5X48B0OtuZFWrx8jAMWwaq5nEl49cihHUtL2q36D17mdnudN5v1X5jXtp4u7Bwv2b1qV39Kyldrkhe6CmqRcl75v7iwFmS/OvepsBfJB3/VLKvsB6ob+/TWnvza1Xu6Mz15XyNHvusOpfeqO5V36axU1+KD1hpKZaXvD6vitU4nWmuP1XFahqm5NufTsWql3k7crRvrGf9ssgtz+0+rhA8/4rVeL9FFauZ9h0Vq16+9Vdmxao33faz15lX7lDnks0qlbuM9axhSS7b2atYTf4RwrG52Wzmc2BUrHqZcSjaf0FHp1GxmnyOHKcjOY5M/6zmshdQi3FyXTjxy5mvWB3rP6Ta6Gl3+7nz6fh9Y+w483ssuR6zIwUAwHxFsAoA80wUhRrY9z5FwdgMthnpzKEXNDkykClA8Va+VpWb365SqZypOpTSoM0MVUt+Om+qHbxO55b/VmFqvE7cX/v1dKox7VDTbMO13lT7zPY933ar5a363up47PbNdexK21btFx+LLykbrpZK6XkJw/z0BJIyoatZCWyGrpIUBEGznXQf5at/XNGClQoOflCKGtsG9ar69j+tNdffplKlkhuH8xNpYN/fauXtv63SwLOa6H86CaXM8CoX6ljhWBJ25EIjOwyxQyE7DHGEY5nuRtbq7pCoKFxN+ylj/1b7mdWt9h3jkG5XHDLbKVVRuOoKz1wpr/s8pP00Q7fcOCT7d4yDHRqZ45AZJqv9FucvN07m9WGPU7sh87Tab7xd7lqm7uXXqj5+VnU7PJP12jEOrtXz4WZBqGandnY/8xuk4yBXaGiPk3t7e3/5cND9jwyZz1F+t44dTvU5lXOc8v+Y4hi3zIbF4WqrELpeHdFo7zOqT47IHBf37ytj2M7rc+JJ6+wDAQBgfiFYBYB5ZuToP6k6uH9G2+w/8qLG+k/LTFX95bep8qpfaz4wKjsXqR2c2g8pspnBXiN4y1eqNtoOrG383DqN7+Yt9tm+FS03t3e1WcQVslxoG/Z7ruVh2BiLqcLmonamaj+KQoWha4zcFasuZnAaB6V22BqvFweudsjre55CSd76N8iLAtUP/n2yrDY+pr4Xn9GaG26V75em1aephLUhDez7Wy278W2qjRxVMNlvVGC5Q1XJWq58SJYLXc1Q1d7eWYnnChNdYZ6M9gvCRKvCzBWqOkMSZ1jpDlUzYZ8jVDXDmwuqWHWdh4JQNR6XZDfWOMkch4IwsVWomt1/vp+yx8kKPV0Vq/b1kWvfuj5y5yHTfuPtziWb1bFwnbsiUdnX5vXhyLQz18f0QlUpdx23rFi1PictQvfzCVVzYanVg3yYmBlexw6nDlXlGKfG8uzcwfl2pheqxv12jdPk8EmN9u1VFNZVdB7i10W/T5LlmW5QsQoAeOVijlUAmEcmB/Zq5OinG3/LzNDXwLHDGjl9MrMfb9EWVW759Uyomizzsk9/N+dUtasnzafDZx985A5hs9WuraYCiB+6lF+nKFS9lDT66J6uIF0+u3+wFo2hZ51HWzznamNdLzO9Q+Z9v9S4LowpIFzzV3rG8tIVPyj/ih/KrFMdHdaZAy8oCsIZu+arA3s1evyzWnzNTzeOP5LiuRwb4UYzDJY5J6GxXGlYbB5zZnkcunnZOTLN9uVaboxN47vS5XG60mw/szxdYLRvhEqOsTdWz7dfMA6K+y33OMQ79BzjYHYw1356oPn27fNg9TNKhz07Dsn+k2aNfsrYf/pPSq5xyrTv6Kd5/jLjFFnnN3KPQ2Z7u317uX0ejOV+qVsL196qjkXrjAOS/UPmtWePg7WdOS7mOOTbM99OR9SzxyG3unUc6YnJf04y+zd3mLkgZK5ofezS8cvsP7dZsl1+h9brpJ+yrrPs+o3lxnWcOwyrA8o2ZB1lbpykSKOn92r01POKosD4fdLq95UxbMqe/8LPib286DoAAGAeoWIVAOaJoDqoc3vfq0jFgVy7Rk6f0FDv0WwgumCDyrf+jvzm7f+SkrAz/jl+OJE5p6oZwCZPizfC1PiPuqJpANKfzz8Mne1Qdabab7Vtq31cjNDYDnVd0wVIylSqxq/Tc2xUqvqRgjCQLz/zh70d2IdhqCAI5G/5MUX1EenUo8myiaF+nT2yTyu23DBjxzl89FPqXPYqLdjw7zV6/FPFFaVGxVeyXEUVYMbyOHSbwYrVvi98Tnf83lG94Xe2633f051dHoeyyW7G9Ml3/KN++avmUW/UX/7jXXrTcqP9eK9nD+k/b/+KHsmM0m36xGdu0h3JOJzR/3nDI/ojXaG/+Ifv1JuWS09++EG9+e8k3Xmn/u0dm7Qqqcw8rb/+gc/rXVqvv/jQd+qNy8wKt8ZxP/XRj+hH3u86O+v1Zx+4Uz+0rOA8pMM0gxWr5/Q3P/JV/Ymu14c/eo1uU0H7l2jFaqVnjTqXbUmz+ezlZP6QeU3F6uVfsRqFNQ2deErBxFD+95XjPCTLM+eZilUAAIpcmqU6AIC2ndv7PoW14Rlrb3zgrM4dPZh9s9yj8m3vUKmjJxeKSso88d0OVe1KVtecrEWVkHH7MxEWFoWOU1WJXmj7M6WokvRiVuI2zmWpsCrY9z3jK507t1QqpdWnzZ9LpZLKpbL8kp+pXjXXNa+LMAylq35S3rJbMvsc6z+tgWOHZvAoI53b+151r/52dSy6Jq3wKqjUvGQqVuPlspabJYZnD+lnv9cOVSXpZf3yj35AP/uF8bR9Sae+8Kg25UJVSXpKP/yGf9B7XjAqJZtjl6u8e+wxffSFuEPZysxWFatuJ/Sr//Ex/dO5gvNglO7NdMWqXYF3OVSsdq24Tl3LrjIvv/QwksOxf/em14+rItEaxtw45Nsz305HlIpV83M68xWrYVDV0LEnFEwOuX9fGa+pWAUA4PwQrALAPDBy7HOqDuxr/J00A18TQwM689IL2Z2UulS+/Q9U6lxSOKeq/aAq3/OVvcU/e9t343XxFABTBXjtatzG7m6n1bKZaH+mgtvW+78YoWp742RPDWCHpvFX/Md5qVRSpVJJAvrkD/TmtdbYviz/pv8mb8l1mX0Nnzqm4d7jM/Y5CCbOamD/B7T4mp+SV+qWXJVydgVYq4rVTIXZ1BWrci2XjPaS1dMKs3i5rOVJ6dm4dv3ZFxsh6bd/lx7/3E/q5c//pI5+7j/q8d/aKEl65A93a9fZ5vYvPKtveefLkqTf+Iuf0JFHGl+HP/MG/UZzX3/04SPqy6Sg7sq7d739ee1xVGYWzbEaH8+vv/utOvjwW3Twn96igw//oP78dZJ0Qv/0zMRFrFhNR9Z0SVSsFrTvV3rUvfJmVbpXJNvlCgmTw8kel4zrJ1eRmBk/9zjk2zPfTkc0sscht7p1nOmJyX9OMvs3d5i5IGSuaH3s5KpYdWx2WVSshvWqho49rqA2Wvz7ynid/31lDJuy579lxaq5vOg6AABgHiFYBYDLXHXokIYOfVQzlSYFtUmdPbyv0bjnNb5KFVVu/U2VF65rOaeqGarGYWn8Zd/+3wjUGslJXN2Yttf6YVeXksZDnoKWoWm8bLZC14sx52oraRWt+5zZlatm0B4rlRpzrsbBqlm56jWvQ9/3VYq/Sp3yb/p1acG69Dr1PA2cOKSJoXOaqc/DxNk9Gjv1dS3c9CON94xKucuyYvVcrz75VUl6jXb93hatSQrhPK2+6y499J8k6WU9/M0JSdKep/dIkl7/m2/RL94go/BvlX7xz26TdJs+8T83aXWmMi1feff6OzdI+qb+z5cm1H7Fqlmp2a3XfVfjMeOf7Rttjs+4PvWHH9c1b/q4rrn7E7rmTZ/QNe88ptPNcen70td17T0P6Re+PKGnPrZL196zS9f+8C5du+OYzpiVeFG//ubND+u6Nz+s637kYV33wHGduRwrVj1PnUuuVM/qW1TuXJy5PqhYTS546/isz0lm/7nNku3yO7Rez1HFalif0NCxbyisT7T+fWW8pmIVAIDzQ7AKAJe5oUMfk6JgRtqKokj9h/cpqtfkqfEnkef5qtz831Ract0Fhap2hWLRXKpx+DgTFaSzbTq3308VqsbLzvdY4/Znqqr3QsQBqytk9X1PpVI2XG1sk36vlJuBaslXqdxoIwzDpFK1XC7LL5Xk+b4835dfWSDvpt+Q37k8vV4l9R/Zr6BWnbHjGj76KVUW36jKwi1GBdrlWbHa99ShRrXqz67RHUqzmri9O269XZL0yBd61adxvfyCJG3UD726K01v4v3ddLMOZ+ZYjeUr72576436H5I++8DjevhcexWrmdfRuL7+pcbD9L5/dY8ac7F+Wv/169ZJ+/o39DtfnkgqGSXpc3/yL3rrB411/u0JvePL483x69f/ffNX9G6zjX97Ut/+wDGdMY7DrsC71CpW/Y6F6ll9qzoWbZA8P7t/o5+yv1vHJeP6cVUkJodRMA759sy30wuJilXzczozFatBfVxDxx5XWJ+c+veV8ZqKVQAAzg8PrwKAy9hY39c1ObB3xtob6n1Zk6PDmSqc8g0/p9KKO6YVqtoPs3KHqu4Klpm+jX06geZMKOr3xXqQVKMPl1b7rSpoG+c/nUrC9ZCrIAgUKvvQq/grWT8IGvvoWKb69b+u0vO/LwXjzWV19R/ZrxVX3ZQLeM9HVBvR0OFPaNGWH1X/M38sRWFa4WVUXEZG+GFWgCXfZSy3tnNtL2M7LxO6mZV+cebiZTKMtNIvH9rEazTaSbePokhau1Cvl5rzqY7o+Ney+5MnPfngh/TDf2uO0K36xGdepdvTEUv3n/R3ld72p6/Wu97+Tf3KZ0/rh34srWjLHl9agRh394//+0f0x7mzsl5vvKVLnifd9pY36+Bb0hCz70uP6c53n9Tn+sbkeV1GiHWTPvLQdbpNkZ762C699YPS5/rGFalLZ75yQH8iST/xHdr/5mWSpKc+9rB+9O/36OP7N+jnk1knrIpGLxvq5c6jfZ5lXQeu68QaB+dy6/oolbvUsXijKt0rMyFw/jozQkEluzF/yCzIVKzG2xurp+fXDjddMWn8tn2ezfGxe2GNg2P8suNoZ51mZWZkXvDJ5yfztvU5yX2OrO/5HVpHkPuc2hmp2b5xvuzRy+840/F4/SiY1PDxPYqCanZ50e+rVtdZfIKNcclf5+7rI9s+AADzG8EqAFymwvq4hl766Iy1Nzk8qOFTxzLv+eu+V6U13z3tUNV8UNWFhKoXKxS9UFP1bzZD1an2P5dj2KjALQ5YzXA1CILk+jCrU70gvYbMcDUIAtXrdYXNdn3fl79og3T9zyt8/s8VxxGTI0MaPnVMi9dunJFjGjv5ZfWs/U51r7pT46e/WlwBZlR85SrAzEo5o1LTs7c3Q5YoDV1yFWYyK+GiTIaReZp583WWXYnXXN47YjykaqE2fJukrykTouTl4zC78i6KIunGLfqLrd/Ur7z/83rPq7+32d3pVKzaXqWPPHx9s+I2PQ+nm4Fq5ijj8EyS/sNK3dbs0W033yjpBcXh77G+3sY6H/qKrvtQdm9P900oSoJVq6LRCvPmomK1c/EGdSzaaPXOsX9HwWO6wdTXh5WJZpvJhZoFlYpW6JoJ85y9sD4nZqWm83Pi2qHZYetzmAlV85+TzOcoc55lnIf8uKUvI7O7yXb2ONmhbv4wrA4o21AkKQprGjq+R2F9PLsjK7SNx33KitXMeW6jYtX8fVJ0HQAAMI8QrALAZWro8EMKJs/NSFtBrar+owdkJhle10qVr/3p8w5Vs7f9txeqxn/kXYi5DmXnMvQ0A82oOU1EvR5ocnJSI8GoJryqJoIJnZ04p9H6WLLdWH1c482qT0nqLnVrQbk7ed1TXqAVXcvUVepqvPYXaHFlYTInqq1xfMXhahR5mdA0rlaVGnOuRooUhem2QRAkla2S5Hue4lf+8tdIV/x7hcf+OVk+fOq4OnoWq2vRkukOXQuRBg78vVa++u2a7N+jMBhzV4Bd4hWrq2/botfrqB553yk9ee8q3WFVoD0Zz6l611qtVpc23ijpa405V9+0rTEdwB3bf0JHtkuKTus9b/iM/igJr9KxylesepK69UP/5U49vPsx/fHbP5/0dKqK1V9/91v0CzfkQ8V4vSc/8jG99QPSf//jN+vgJ9OK1Xi/8bB93+oFRsWjjP23rqvLLs+uOZcVq365W13LrpVf6bZCdKXb564zY/jS1cwfMguoWLU+R9b3S6ViNQqqGjr+hMLaeOZ8UbEKAMDsI1gFgMtQbeykRo99XjNRDRJFkfqPvqgwqCV/A3mlTlVu+12VSo3/TMSVhHEFYRycxj97yj/53ZxHs1FpGDWXebn9R445Yoveb0cc2l7Iw53MYzjf/Te2z/chioILat/ch9l+EISamJjQ6cmzGoyGNVob0+mJszo3OaDesT5NBJOSpH4rWI2N1xsPLuoud2Xe7/A7tLxrmRZVeiRJXaVOretZq9euulVXL940rf6GYZQPCJviayypePZLivzmNADN7cIwTK6xKIpUam6nKJKu/FFp6EVp+EDS5rmXD2j1Na9SqdIxrf61Uhs6pPHTT6pn4xs1dOjD7gowo+LrkqxYXbZWb/p26ZGvPqG7vzfSQ5+7Ra9ptt/3hS/onv9PSuZUlXT7rbdL2qNH3vlR/Wf9iN67rTvZ/54Pf0Z/1DiLyv4uKqhYlaRlV+oP7zuqzz5wPOlpe3OsRkn7nqSo/6j+5gOSdLNed31jP8f60qrVTMWqOQ5GxaAnaf3qtZJ606kA7Eo8jcvaMNN+ppLP1U/jdXNFnW/Fqlcqq2PhenUsXJ+5DrK9c+zfUfBojkNWfJ0puf6sTDTbTC7ULPh9ZoWuVKwa/XB8brLtOE5gFCkKAw2deFJhbdw4zwXjZP++cpyHZHnmPFOxCgBAEYJVALgMDez/oGbqD5bhvuOqjY7IfBpy+cZfUal7uaR8qBo/tb1cLsvzPfleqyrV7EOKiqpWXaYTOE5V1WqGs672plMVm1aVhoXL4wpUs/3phrpTBap2H139r1YnNTA5rL3DL+rA4CH1jvXpzES/RmtjGqwOaag6rMlgUmEUym8eT/yz7/kKo1BhlD++IAoURKFKnq+KX2lsNxAqaI5pySvpO9a9Tq9ddWthf80xalSlejITwDCMkipUc9v4eovD1MBLz2N8raVthM1q1kjBVW9T+bn/KdVHG+NVr+vcyy9pxZbrp3W+pzJ08CNa/a2/r8rpr6k28nK+AuwSqFj9zO/v1Mbft3t+pf7yo9+ju5d36+5f/W598qtf1CN6Uvd835O5Y3z9b23V3Sua7d/4Kn3jN8/oW975sh5558e06Z2OQfmZ1c0HWMWKKlYbx7fqu27Q/3jguN7VWFJYQZcJPx2VoFIkb3mPbpX0WT2nt77puVzXzIrVxt7cFaurv/Ma/dqf9upPclMBrNWfvu+1euOydP18+xenYlVeSZ0LN6jcs0ae71vXhxkOKt0+d50ZoWC6mvlDZgEVq+k4RPnNld+hdQSzXLEaedLIqWcUVsem/H1CxSoAALODYBUALjNjp2bugVWTI0Ma6TuRec9f970qr7xDUhqqSnEwmk4BEIsrilzhavpee39cmaFk0XLp/ELJdqpYG38cuteL2w7DwPl+Y39pYGi3MdUxtFoehpEGq0M6NHxUz/S/oP2DL6l/4pzOTJzVwORgLiSNA1TfmHrA/tl3TEtQdvzfBN/zVVZZYRRq3YI1+rbV36JNC64wjjl/nNN5mJVZiWq20wjH02swnnO1MQ5hI5Q11vE7lym46udU2v9niqOJ6uiQhvuOa9GaDc4+tCOoD2vo0Ce0aPOP6dyzf5KvADP6PZcVq4UiSSu26H2fX6NPvuMf9ctfNRdu1F/+411603KjfUlr7tqmI9v69J7XxxWqsdv0ic/c1AxVs+FSYcVqFEnGg6xkjEPawTYqVqPl+oU/fpXe/evPNte9WR/55Ep9/U1f1Ls/cEZ73rxMVxjjUlSxGkXL9fOf+A7ph7/SeIiVJDNUNUPjzHBaYd5sVKz6XkmVRetU6VnX+Ices317/5l+UrGaO1D7c5gJVY3rI7P/3GbGOLjHLX0Zmd1NtrPHyQ5184dhdaB5XONnXlRtrD8zTmnFqGOc7N9XjvOQLM+cZypWAQAo4kVT/VUJALhkhPVxnfq3356RuVWDWk1nDj6rMKinb3auVPm1fyLfbwSnZqVq0byqyW3bxoOqsiFrPu1pFRpOFXxOFbqaiqpT29m+VQWmaz/TcT5TFMRh6nMD+/T46af0XP8+nRw9pVpYSypOiwLS2fJta79FP3HdW3X14k3OcZKyY1h0rEEQJiG++Yd9HJwGQaB6UFdQD5J14vWDIFC9VlM9CJL5WX3fl45+WNGJf8nsZ/mm69S5cCbmW/W0+jW/pfG+L2vyzONWeOUOV3OhkKzQyBGGuMM5Qy60yYYh2dDGChWNlMQMz3LtZ1a32i8Ibez0zQ5tcuFWQbjqCs9c6V6u0s8OhYzQLTcOyf4d42CHRuY4ZIbJar/F+cuNkxWuZsbJkzp61quycK08v5Ibl3z7dr2kY/+u8HGKcNU1Dq7Vpx+uusPOonA1OY6CcLUoZLa3t/en3Hl2h6uZz5EjJD2fcNU1Ti0rVh39nhw+odG+vdP+feL8nLQMuWfic+Jp+I736o1vfKN9NAAAXBKGhoYkSXv27Gl729tvv10SFasAcFkZOvSJGQlVoyjSwLGXFAaBkrKwUqf8W97RDPwafzDF4ajneblQNTaToWrav6lD1ekst8NU1zi06pvr9UzM2TrVMZj7HJ+Y0EtDR/Ro39f0jdNP6cz42cxt/a5q1NkWRqFWdq3Qa1bcmlSrthqz+PVUx25Woprbel5zyomylwSrgRGkxkqlkvzmNsGVPyp/eL/C4UPJ8oHjh7TyqptmYL7VSOf2f0irXv2rmux/Wgqr2RBD2ZAiGY+LUbHqCkFkhSRWhZkrVHWGJM6w0h2qZsO8fKhqhjdFFaueNQ7TCStbharxuCS7scYpU2lXECa2ClWz+8/3U/Y4tahYrSxYqY5FG+WV4mt1emFiq1DVuDxzWWM+xrPDRCpWL6WK1frEgEb79jl/n6TXsTtUjce91T9+tPp9km6fDq99fWQ/zwAAzG8EqwBwmaiNntTIsc9pJv5QmRw+p+rYcOa98vU/J797eS448H0/eep7JlBVfk7VOFRtNZflVIFk0XL71vupKknzt9+HMh8k5Woj3r4oHLS3NdtvZ07VoodyxW0EQaDx8XE9cfab+uSxf9Fz/fs0GUzOWZBq8z1fNyy7RjeuuE7lcinpuykfqMbjla8UjsP5eH3f95NwNV5eLpcbFaxR8/Z/Ywj9UkllY/+NaQV81a/+JfnPvkNqPqArrNc1cqZXS9ZtvOAxqA0f0vjZp7Xwih/Q8NGH0uNrhh9zMceqGYbk5oaMQ5V4edH2dvtqZid2+/ZxKn98ms7xyT6+dDvXOBa2b7dj9DNbUXqec0fa42CMU+Q8DwXn2R6nzPUhdSxcq0rPWnmlrniP2e/pjqzrwwwHlY5j7jozQkEZzedizfT6yY2jsXrSjN2+MyaN325xnnO9cJ9n5+fEGa5ONX7W22b4ndm/FcIm42jv0DqC3OfMzkjN9ltUrBobhvVJjfY+Kyls6/eJ83NS8DlNf1/F53manxPP/pwU/38BAADmC4JVALhMDB78iKM6pn1RGGqo91gmCPOX3ix/xbcqrgaUlNz6b4aqSXBqhKpxtaoZqjYqVqf/B1U7840Wreuay9N1+3/r0NM9X2qr/cbrTdV+q1vlzTZqtZqeOfu8Pnbkn/Rvp/aoFtZU8Ssq+5fGf7LjatXXrrxNm3saAeVUYxMvK1rPvFYaU6bagbWX/hw2/nKPw1ezqjoRRQoleR1LFW75GZUO/FWyaPzcafUsW6lyZ/cFjELD4MGPa+3WP9RY31cVjPfJLEWjYpWKVbufssfJCLHK3avVsXiDPK+SGQdjz5nrI2k/d3zKrE/Fqt1h63OYCVWN6yOz/9xmxji4xy19GblOW26c7FA3fxjN6yUMNHLymwqCyUxDVKwCADB35q7cBQAwbbWxXk2caX/eF5eRs70K67X0jVK3dMOvpqFqFMn3vCQsjdkBV1Go2q44UJzucjP8NfuVDSjt9/zc+kVfJnNf9n6n23+7LfsrbkOS+sfP6SOHHtY7n/pzffnEboVRqIpfadXseQujUPWwrpJXUk9lQVv7uX3lq/Sa1beqVEofNGVWppqmM4Ym30/bKLrG4nbMeX/L5XKmojqx9Fb5y27OvDXUe2zax9pKWB3QWO9uLdz4xmafm+mLzAqu9HVmuVk5Zi+P0te55U1pu0qXx1mJ4ko7Y3m6wGjfLITLnrdkuQraN/oZhzpJg8ZrexzMCjp7HMwO5tpPDzTfvvXa7meUDnt2HJL9J80a/ZSx/7TuzjVOmfYd/TTPX2acokgdC9dowerb1LV0szyvorR5M9bOdCjbvmf031g7GUdz/0Y/ZX9X9riUjKc1DtZ25riY45Bvz3w7Pa5MxamzF9ZxWuOQ+Zxk9p8dB1njnn5OlR1WqweZz1HmPEvZASk4bmPcs9dZdv3GcuM6zh1GowNjhAYA8AAAIABJREFUZ/apPjmUHQdZnyNjXMxxyn1OrPOQ/31lDJus66zoc2IvL7oOAACYRy6N8hcAQEtDhx/OVdKcj/rkhEb7+zJ/DHrLbpXnVxTFt157nrxmoBWHVb7feBK15zeqVeNgNQ6y/n/23iw6juNO9/wiMmtDoQr7TpDgToparc1aWqJsWbp2y4vcbvWdabt77ul7eu615mHe5mXOPM3bPLs959yHOeO2u+/Qbqvdlt1etdiy1LLk1kqCm0iAJABiB6oKtWVmxDxkZVZkVmatALj4/9PBIVGRsWRUFkl9+OL714quzf/PlC2S1T8a32whqyAXayuZrO2yHZmrFzcv479feAlvLLwNQxiIabG211MPp9BVb6wHB9JTmEiOYrW0jjNK3EC9vmNdI7hv8C4Mxwc96+90DwG7QJdTlCpIRFUdqpqmea5zogPsuAB7Hc7zae79K/DN/x2QdqG2ciGHQmYN8XRfR+sFgOzVn2P04f8TPNIDq7ypOOHIscpQuw+u805xIP7ROVYZRyTej0hqAkyL+eZ3R/a838qCvOPX3J+3PzlW/Qv2fQ6Vbz2fE8/8Nd2UfQjet+q3Muhtq9knu72+Y7WUuYZSZsFdlzoQOVYJgiAI4sZBwipBEMRNjpG/jvz1t7bl/0+yi3Pe/xGMjwKH/haWZXnEUjVPVUpb7NK4BgZvoSqHeo7FTqgnuu5Ge7Nr7LT/xc1L+O757+ONhbcBYNvzUx0x1ZIWemM9eHD4Pjw8cj+6tATeW/kIFzcuI1PONjXvnf3HcNfAHa54vh176BDkaHWeJyGER3Tlmi20cnCPGBD0fvD4INj4M5BzP3Vfyy7NI9qVBq9ku7aLmV9EfukP6Br/LLIz/+SqL6oDzP3VdZA1l4kIpZ9HnHT2RRGTqv0BSNXp5xNtFIdZYH//+IDrePSM779P1N4fmrk/+O+v2i9oH0PH94+jOulknX1w+4Xso0/0C9onGfg+1N4fj3Qj2jUCrWsAlQe2KjK7/Z0/oj2yNpQFeS6sPh+qOFjtTxmrjfbP97L6QwLP/D4R1t1H/4S+O6j5nAW/z/4fUvj3wTK2sLV8vu7njTJWCYIgCOLGQMIqQRDETU529l+BbRCuitlNb8EqxsGOvOiKBKoTUC1GpeIXTmudqhycMwhhj9mKc/VmoNN1t9P/en4ZL8/+Am8v/rvddxtFVSEFDGHHPgzE+/GpobvxzOhJHOqawsX8DE5d/hHeWXoPnPGGUQCGMGrcqoFzbsN77zx7jlDqF0s552DSdk9bsMCENz4AqAqyzg8GrJE/BV95Gyit2us0DeRWFpAemWh7nQ7ZK/+K4U/9b8hd/SmkVXDnJcdq7T54xETfPqgLvJ0cq5F4HyLd4+CRbnVh3n1Q3n7PAuDdF/jHr7k/b39yrPoX7PscekRV5fnwzF/TTdmH4H2rfiuD3raaffKLuv5Rc9c/9v55Au9A5FglCIIgiBsHCasEQRA3MVZpHfnrv+t4HCkEcsvzXqE0dQRIjMNxszhfjriqCqaarkHXdI/oqgqvqqgKbK+guhsibaM5dqq9WCzhN1fexG/m34IhjG0TVR1B1ZICe7sn8OT4o3hg6F7sT+1F0Srh+7M/xk+v/AobpU1EeKThvEIKaEzDIyMP4sHh+wLvs9M9AqrPkRMnoRayctpUodX5XjDhucZ53bKs6v/g8wjEnr+Adunb7nzFzVV09Q5Aj8Xr3n8jjOwMimvTSIw8ivz8K0CYA0x1kPkdZq4DDahxgCnfq3sV6KRUHGZQ+/vHr3Hi1XOs+p2gQU7DG+1YdTQ7j0pWu48B+7AjjlXOEUkMI9o9DmiRWhE4yGmpLL/GaVldkEfla8axGvw+ODfgbpzbU21gQfuoXO4OU+MYDZJJa+djlQFvNseq+qt3/5Tu6vNWe4POxng/hyHvs//5UUcprF2CMPKe58/JPK19jgI+L+rnyf95C93HNj/PzDt+cvgElB/nEgRBEMRtCQmrBEEQNzHZq7+AFEbjCxuwtbbkK1gVBw7/z5BSekRS55g/ALdN0zRwxgMFVQdHCNsJdsP12miOnWi3LIG3V/8dP1t4FeuljW0rUmUIA4YwMRDvwxf2Po1nRk9ipGsIAPDu8gf4wZUf48zaOQBoOsfVkhaO9R3Bp0fvR28sHXhNp3vkCK9OQSw/jmhqX2tHAji5qs5z6rQBgGXVurxl7z2QPXeBbX7kvpZdmkff5IG6a2uG7OzLGH7g/0B8/Isdj0UQBHG7cP3nP7/RSyAIgiCIHYWEVYIgiJsUYWwhe+1VjzuqHcxyCfn1FVS9RYDsuQvQUu73jqjqF0ydttCK63BEre3NBL1Z2Ekn6/Tmefz06q9wNTcHjXWW8wlUXaq9sR48Of4onh19CgfS+xCPx3A9v4xfz/0GP7/yKua2FmyhvEl3rJACcS2Oh/ruxYnU0dbX1cYeOa+pqI5V+5pqISshhScCwBFXVZx2a/J/gJ45C6eQlVHYQiGzjniqt+V7UyltfoLS+jQiPUcD5ycIgiAIgiAI4vaDhFWCIIiblOy1VyDNfMfj5NcW4TmzGR8GP/BXEKg6/dQj/uoxa13Xoeu6JyagNjaA1whhu5WtutMxATvlZC0WSzizdA7nNi7CklZHblVHUI1pMTwz+RS+sufzrqBaLht4c+5dvHTlJzi9dg6GMKDz1v7qt6SFh4fux5/sfQSJeOtH5tvZIyenVy1WFQZjDBrXIJioOabtjsdY5UgsoCVHIMc+A7nwC7c9v7aEWHdP3XmaITPzMobuO07CKkEQBEEQBEH8kUDCKkEQxE2IsErIXv05Oi38YJZLKOeylXw0G5m+G4LFK4KUt1gVUHWv6pHGmarVgkG7I6T62akiUzvdPle+jg8z027Gabs4hanuGbwTX9z3LO4fvBs90TQ4Z9goZfDrud/iR5f/tWWXqjp+OprCvb0nMBkf97Tt9B45WapqgTQ1b9XBjQgQgMUsz/XOM60WZBFCwBx+DvrSm2DWlr0Ww0A5t4lYqqfedjSkuPYRypnL0JJ7O3aaEwRBEARBEARx80PCKkEQxE1I7tqrEKXNjscpbqx6vpdde2Ht+Ro0xqBrGrjmPYLuiqq67uaqBuWpVh2rbFeKS203NyJT1aFQLOLd+ffw8dp0W2InUHWpHkhP4asHnsMjQ/ejJ5qGrtvv5yeZWfzLzM/wxsLbyJSzLbtUVR4evh+P7/k0olGvALzTe6hpXuFeCOkRVtUv57WgQlaqi9U0TVus1aKQ458Hu/oDd77CxiqiyXTHrtXs7E8xcNeLME2zo3EIgiAIgiAIgrj5IWGVIAjiJkMKE5mZlzsexzINFHMZ9wg0AKD7IHRdd4//1xNNnXa1aJB6nSOM3UqC6k7TjMg8X17ER5mzyJSzLbtVHUF1ODGEL+x7Gk+PPYHRriHouv3XuWmaeHf5A/zjpZfcAlXtCLeA7VadSu3FI8MPYDDa39YY7aDuobqPnDNIyTziqqZpblyAihNjoRayckRV5/py7+OILfzMda2a5RKMwhaiXd0drT+/9A568tfBYkPkWiUIgiAIgiCI2xwSVgmCIG4yimunIcobnY+zuQYowo6Mj0NO/oWdN4nqUWsArrOPcw5N1zxHqNXK647Qar8uW3asdupu3Y3+nczRqI9pWriamcP81vWWxhVSQEiBmBbDUxOPe3JUHcplA7+e+w3+8dJLWMgvti2oOvPFtTgeHrkf9w7d6Tphm+7fZgxAWCEr51l1nkW3aFXle6ddjQ5Qn9XKRR6hU4/EwMaeAa695L6W31hBtCvZ0r3WIC3k5l9Hz8EXYFlWZ2MRBEEQBEEQBHFTQ8IqQRDETcbWwlvo1OgmLAvF3Aag6lapA+C+PFUg+Fi1vy3sOr8QFva9Q5DQVu+aG9k/qDJ9s/OEkbO2cC7zCea2Fpq6HrBFTgC4c+A4vrjvWTwwdA96Y2nPNU6e6g8vvYyF/GJHua2AXbDqrr478MjIA0hHUvY6OtjnZtuDxuScwbJkwyJWAAId1v5CUmqbOfAk9Ov/ClhF+/tSAeVCAZF4ou48jchffwe9h17oaAyCIAiCIAiCIG5+SFglCIK4iRBmAfmldzoep5TdAIR0i1bJ2BDk3q9D47UuRudIteNW1bg3IsBfqKr6GvMIZqoQ1qzrs9512+EubSTg1evf7NqbvR4AVkvruJqbgyGMhuKn41IdTgzh2b1P4dk9T2EkMVQjPi4WlvHj2Z/jp1d+1Va8gB9DGBjrGsFnhh/D4eT+hpEP7bhTmxWz/dmqKkERFc7rQgrFWV2JCnCur4wlpATX45CDfwK++Cu3f3FzDZH4ROC9NItZWERp/SwiPUdrhF2CIAiCIAiCIG4fSFglCIK4icgv/h6y4p5rFykEitl1z2us+5CbmaqKUU4WpVOwKsixqkYA+F2t/gxMIbwRAapQFuZGVPuo1BujVadsvf5B89fr3+gYexhCWFjeWsFaqXHMg5ACER7B/cN348/2PYc7+4+5OaoOpmnhUmYW/3jph3hj4W0A6FhUdSIAnhh/FI9PfhqJWLyhgNzqe+LPTg261nnNeV8412BZwnWt+o/9Az6hVQAW8x7DV+MtpJRARXQ1+z+LxPLrgDAAAEYhB8soQYtEW9o7P7m532Cg7zgJqwRBEARBEARxG0PCKkEQxE3E1sJbQIcxAKVcBlKIatGqSA/Y1H8EKoKUZVkeEcoVpxhqRKqgo9VBblWVMPExzI3ov069tpETNey6ZivSt9O/2ZgD/9iGISr5quExAM6x/4nkGD43+SQ+O2EXp/JjmhY+Xj+L71w4hfdXPupYUHUIigBoxjHs4Bfa1WuaiQcIeqYccVXTuOtedZ5T5/fO86lmrlbH5a6YyjmHZVme7FOmJ2H1PQRt7U33tcLmGroHRkPvuxnyi+9g4MR/pgJWBEEQBEEQBHEbQ8IqQRDETYJV2kRx7TQ6UVallChmfY7I7sOQPOHGrTpClONWdTNXJTyilT8CoNov/Gh4K47VIJdqmJO0kQPV3z+MZiIAms1LDbofFX8maAFFLJSWkC3noLHaYlCqS/Urk1/AnX3HEIvVuiaLxRLeXf4A37/yLzizdi5wrHZwIgCeHv0THO0+2PB4vvP7MFrJ2w1zDTebq6oWsvK3hQmvlmW5Ymt58Bkk1v8NqAjb5a0sRM8AuN7+P5OkVUBh+T1EB+4j1ypBEARBEARB3KaQsEoQBHGTkFv4HaTsrIq4USpCmCbcqlVaFzD1lwCCRVN/dqq/zR8D4NDKUfuwPkECXVj/ZvM7W810bSVzNWws9X7U1zXNm/9ZtErYMvOQkOBMKa4kBQxhYCI5hi/sezrUpQoApVIZr8z/Ft+79E+Y21pAhEc8Y7WLGgHw6MRDrqDbqKhUM47jThyr/j20r0GNa9UPYwwM1efY71K1x1Jc2IlBsL67Idc+cF8r5jJI9PbXjN0K2bnfYHj4ARJWCYIgCIIgCOI2hYRVgiCIm4Tc3G86jgEob2Xg0UlTtlsVleI9nkJVlV9dgYkBnHG3zclkdXAiAID2ChXVcyi2WlVevS7ILaq2BY1bT1BtlOsatMZ67lynPVfewpaZ975eKVB118Ad+PLU5/HA0D3ojaUD79U0Tby19C5+MPsyFvKLiGmxwOtaxVnDg8P34uk9T6A3lm64H606jtU2dRy1n9+dXC8GwhFXHZwfBvgjAMAAKWTNDwac753rOecoD3wO0fWqsGrks4in+xo6ZutRWH4forwJxpMUCUAQBEEQBEEQtyEkrBIEQdwElHNzMLKzHY0hhYBRyMN1qwIQsSEIYVdI5yHCkhDCk7fquFSd173V1ZkrsLaSsWofvZZu3yCxrZqXGe5k9ePvb78msLm5iYWFBWQzGYyOjWHPnj3QNA1CBBdPClqjf45GGaqOKzGoUr0QFnLlHPJmofpa5ej/42MP48+mnsPB9L6aAlUOxWIJv577Df7h8g+xkF/ctkxVwM5VPdZ3BH+69xlMJSdhWSJQRHeO5jt7WHuPUnkPms9Ydd4PISRMs3o8X32O/f3sZ9H73quvucf/BSC4ABPV51DNZVX7yMReSD0NZmbteSwLVrkIPRZvcUcVpImtxXeQnPhMjWOWIAiCIAiCIIhbHxJWCYIgbgK2Ft5sfFEDjGLedqZWkLERiPHnAXiP9wNegcltZ95oANXRF+Taa6bAk7uWkHEcQU0VVdX+zWSmqoKeLRgDKysrOHv2LDKZDCwhMDQ0hK6urrpjOf0buVr996iu3y/KOhimieWtVWyUNu3vhYF0NIUv7H0aX9z3LEYSQ6H7aZomXrv+5o6Iqk6u6pcmn8W9fScAIPAe1D1uRJg43sixqrpH/REAan+7X7Uglfe9Z/C7UaXln5d7fthgVmIChBCw+j8NfemX7rXlwlZnwirsgnSpyadJWCUIgiAIgiCI2xASVgmCIG4wUgpszf3WI4q2Q7mQ85j8ZNcEAFtw0pS8VEdgVYUsxhh0XXfjAfyoglWzoqd9b17RK0ywC3PBNpOZ6hdlpawW5QKAfD6PfD6PZDJZVzD0r68Zx2XtcfRgJydnHJtGBpvlDIQUOJCewlcPPIfHRx8KPfoPAIViEW8svI1TMz/adlFVzVV9ePRTlT2r70RtJLrWE8frxTv4n5OwNThtQXEATn/bmSzc7/3iq9+FXR2To9TzGPTlqrBqFHKQHcYBlNbOwMxfB4sOUhwAQRAEQRAEQdxmdF7xgiAIguiI4to0zMJSR2MIy4JVLII5/zEd5tjXAFRconWEIcZZYJ6q86u34JU3OzPsC7CPxjsCl6bxGoeiZYlAp6o/KqDeV9DYmsaRSqWQTCYBALlcDplMpm4BoTDB0FljI8JEVeeeHNHakhbu6D+Gvzn8l/jc6BN1RdVSqYxfXHsN/+3CdzGTvbLtTlXOOL68//P4i4NfRl+8J3D9liVgWVbN+xREvXZbxAwWzVXRM+g5cZ41f1vYGuyxa4uycc7d98EV3qWEqNwfAOjxPrCuve7nCELCLBZq5mmVretvB/7AgiAIgiAIgiCIWxv6Vz5BEMQNprD8ASTQ0Ve5sGW7VStfIj4K6N2hblX19/4IAACBLj+/+FlP8HSEOLsIVmd/1dQTcIPWAQBdXV3o6elBJBLB1tYWstmsR1gNE3bV9nouTZV6TlVnPWWjjM1CBncNHMffHv06Hh69D7FYNHRMyxJ4f/00fr7wGlaKqzviVP3qgefwwoEvIR1JBV/XhFO10R7Wa1dp1N4I1YnqoMZdOMXYnC/1+faPI/of9HyWysWtjj+fheUPSFglCIIgCIIgiNsQigIgCIK4wRSW3+84BsAseotWyfgeAOFuVVcs1by5qwDcolVBrj+7vX7Vdqe9nuDYSLSsN4f/+H+QoBePx5FKpaDrOgqFArLZLIrFIqLRiFv8yB6/1gXZqD1oDfXaHU70H8N90btxZ9+xumKzEBKnN87h/7v0zzi7fn7bnaoRHsGX938eLxz4Enqi6TqicFUU9T8Hrexh2DH6dvZQJUwctft6C1kxzsCkN3tVCAEhJRjn0JQ5yqmHEGc/BqQJADBLRUjLAutAGC1tXIAUhmf+nWRlZQXZbBamaaJYLO74fARB7A6apu14XrNTRFHXdezbtw/RaPgPAQmCIAiCIGGVIAjihmIZOZSzsx2NIUwTllF2v5c8DnP0KzXH+51MSQCuc48zXlP0R3XWqYWAHMNnPbGrWbHMGTssh9N/HHx9fR2ZTAY9PT1Ip9Oh81uWcHMz0+kUuruTKBQKyOVyyGazSCaTnmzZMEEw7B7bzRtNxOP41Mjd7uuWJUL7X8rM4qXLP8HptbPbJqoKab95h3sO4otTz+KxkQdDnarOHgLBhaSaFVXDCnq1sof1cJ7VIHe1N15AA5d2wSpL2IKE+4w6P3hgDMJxuOoJIHUQyJxD5WIYxQKiXcmGawpDCgOljQvQ00d2XFidmZkB5xzJZLLmzwCCIG5t5ubmMD4+vuPzmKaJQqGAc+fOoa+vDxMTEzs+J0EQBEHcqpCwShAEcQMprp7peIxyccvjSpWJcUDv8oikQgi3MJUrtrBgN6F6rNovzFbbW3dxesf3518y9+i42m6aFq5du4oPP/wQGxubuOOOO3DixAnEYrEGhbA4upPd6OpKAlhBPp9HLpeDZVnVCIQ6Lkt7r1qLB2h0/2ohpbBrMkYWP7v6Ct5YeNveF9aeS1JIASEFOOOIaTGMJUdwcvxRnBx9DMPxQSUOIvweOxFVgc72MKxdvUYV/R38ImsQnvE1DbxS7EpaFqzKV6HrPiSy590+RnGrI2EVsJ3pPb3H6mb9dsrFixeRSqUQi8V2bA6CIG5/dF1HKpVCKpXC6uoqlpeXMTQ0dKOXRRAEQRA3JSSsEgRB3ECKa6dhpzC2h5QSZiEPj4QUH3PFU1UEc3AFU1kVmVSxSRWngqquA4BlBYtZ1TG8opYqKNqOzaojVD22rfZnjMEwDaxvbCCX24JhGJi7dg2DAwPYMzkJJyY8uL9EoqsLvb29mJ+fRyaTwdraGiYnJxGNRiGEgGHYRYscodW/B63co1/Qc9avtvkFP//4lmXh11d/i1fn37DfsxZFVceV6oipg4kBnOg/ikdGHsAdPUdch6q6FtWF7L9HteBUULv9bPG67WF71Mwe1ltfkGiqOrL976XjVrXM6nteXaMElPGllLBS94AtvwQI2wkujDKEZYJrWr23oC6F5ffRd/R/bLt/I65cuYLu7m7E4/Edm4MgiD8+BgYGsLq6ilKphD179tzo5RAEQRDETQcJqwRBEDeQwsqZjuJVhWVBCm/eGo/0QKCSlapkrLrHoitColvoquJmVeMAgghqUwVT9Tr/NWGvB4lt6jzRSBR7J/dibXUNMzMzWFldxeWZGfT19yGVSgcKv85XLBZDT08PEokEDMPA1tYWNjY2EI1Gsbm5icXFRZSKRUxNTWFiz57Q+290j/WyPptpd655b+1jvHb9d8iUs3VFVceN6uAIqeloCoPxfhzo2Yc7+4/jWOoQhuOD0HxioHo833F/+kVLdR/abQ/ag53aQ3+7XzhljIGh+jlQ3dymacISApZlVX8QoUVgRQahlebdMc1SEZFE+67VUuYKhJEDsP15hblcDuVyGb29vds+NkEQxMDAAObn5zE8PEyZqwRBEAThg4RVgiCIG4SdrzrT4RglTwyAiI+jPPgMuONIBKBXjv/XFKSqlCznWm3OqiqaAeEOQb9Y5i+E5XeqBvV3CBPs0uk0Dh44gFw2i5XVVSwsLGB2dgBHjx51K7yr/dX54/EY4vEYMhlgaWkJuVwO+XwehUIBABCJRNCVTGJwaAiJRKKpNYa1Ba0h7B79YyyXVvHG4r/h7PoFALXiqbu/iojaE02jP96Hye4xjHWNYjI5jqnuSaQjKc/7EPYe1BNVg95D/30G3WOz73Oj9lb2MGjMoPWrP1hwjvwH4ea09j8EXP+R+7pllBFJdAX2aQ6J4toZRAc+te1xAGtra0ilUh5nOkEQxHaSTqdx5coVHDp06EYvhSAIgiBuKkhYJQiCuEEUV093PIZVLntfiAzUHvt3M0XDRRc1VzWsPSxvVf3Vf5Q8TFQNGz9MUBseGcG+qSlsVUTR2dkZ9Pb2YGxsPHB9zhhdXUkkk90AllEoFDyCaiKRQF9fHwYG+j2O3aD5m6HRfYa1W5aFN+d/jzeuvw1DGOjSuxDXY4hrcfRE00hGutAdSWK0awi9sR4ktASG4gMYj45gMNqPaDQaKoq34vRsRfwOEl07nb+TPVTbnXH9fRizc4WDkjcc0dWBcw6z67DnH0lqgbh2KayeQXzogW0XVg3DQE9PT8PPGUEQf7yUSiWsra2hu7sbqVRw8cJ6xONx5PP5HVgZQRAEQdzakLBKEARxgyisnOkkXhWAI/Yogme031M8qK7QwlDrYoW/SFWt2NrIgaheEyaE+QU5pxBSmIsyFothz549WFlZwezsLJaWlnH58gzS6R50d3e782SzGWQyWaRSKSSTSSSTSfT29qKrqwu6rqMn3Y2+/n709Q2gr68PyWQSuq43dGmGOU3D2lvZgzVzA/FYAv9h72fRF+tFf6wXSb0LyUgX4loMvTyNbi2JaDTqEcc7OZ4f5mRtx20bdF+7vYf+tQeNxxiDxjUIZscDODEBQRECACBjY5A8ASaK9vdCQJgmuNb+P52KK6d3zFWq6/RPOoIgaslms3j99dcxP1+NNhkcHMQTTzyBwcHBpsehP2MIgiAIIhj6G5IgCOIGUVz9GJ0oq8KyACncJADJYygPfA4M8Bz9DxLjHJGpWh2+ObGnUVamSphgF9QOND6a3tfXh/3792NzcxMbGxuYm5vDwIAdCSCEwNLSEqanp7GysoJ9+/bhjjvuQHd3N/bt24fe3l4kuhJIp9KefLhWXJrNtLciFjrtg9F+PD3yJ+57FkbQHqpzBK3Bv//qGvyvdyKq7mR7M4JrkNCvFjVTr5OW91rHqcqYXezN+bIsCyJ5EHqu6iy3jHJHBazK2dkdyVktFArkViUIooZSqYQf/vCHKJVKntdXVlbwk5/8BF/96ldbcq+aprndSyQIgiCIWx4SVgmCIG4AVjmHUna2szF8blVE7CPtTR0yZrWCHGALVo7YWk/sCnMRNhMRoL7u79fIoTg2Noa1tTVsbW2hUChgZmYGuq6jUCjg4sWLyGQyAIB8Pg/TNMEYQ29vr1vUp5Wj7804NIPGqCc6B42haZrnGLo6v5QS0sgDhUWwzTkgu2a3mSWwUg4s1g2px+y43HgPZHIASA4C8X5Ai7R0j/WO99e7h50SVcOEwrDnsJFT1nGpCilq2jVNg2VZ9pzK/Eb8IPTcGfdayzSgIxG4ruaQKKyeQWxw+3NWSVglCMLPW2+9VSOqOpRKJbz55pt49tlnd3lVBEEQBHF7QcIqQRDEDaCwehqokz3ZDJZZ9uiqIjrxMO21AAAgAElEQVQAwWIet6r6e0cs4pyDs9oIgHq06jBUX2+FeuuRUiISiWBychJra2u4du0aFhcXsbZmi42GYSCRSODAgQM4dOgQ0ul03XsIGl9dQ6O9addlGdbfvcYsA8VF4PppsLlp8PWrwMZ1YGsdspgDSvbRdHAOCGE/ArE4WLwbSPYB3X2Q3UOQ/Xsh+/ZC9k+B9UyARbo6ig9o5h52QpRtpb//eL/jAPa7VzVNgxACnHNPdAakhOAcrHKt6Dro/YyZ5Y4/t8XV00gMb3/OKkEQhB/1+H8Qs7Od/YCXIAiCIAgSVgmCIG4I5czljscQpglPvmqkv+YaKSUsy4KU0uOKDLrGHwngdwb63YGqwOV3GTYrqF6/fh2XL19GJBLBxJ4JDPQPuEf1w8bo7+/H1NQUMpkMMpkMDMMAAIyOjuL4HccxMjziFnRSxcKgY+FB9xp0D2H9W9mDuntoFoCNK2BL58CvT4MtnIVcuQrkM5AyQIBjvsiAUhGymAc2lqqXMA7WlQbrHYEcnALGjgMT9wADhwA9EXp/6mv+9lb2MGx/dmoP/Wt0UMVW58v/vFuWZX9VIgCktJ3bVmzUl7MqISyroziA0ublmr3bDsixShCEn1wut+1jbvefXQRBEARxq0PCKkEQxA2gnJvrqL+wLEjF8ebkq2qOI1XJVlWdiZxzcI17nHxqe5A44xezwo6Oq22NBFbGGDY3N3H+/HnMzMwAAC5cuIDe3l6MjY1hYmICfX19gcUyGGMYHx/H8vIyMpkM0uk0Dh06hKmpKSSTycA1qn0b3YP7umWASTtPjgEA093j9Y32qOk9NPJg8++DffxT4PK7tjBqGXbyLtcALQLUK5bkyWT1ia1CAFsbkFsbwNw5YPp18PQA5MgRyAOPQO77NGR63LMHzh7Vo9k9bJVW97AR9eIBHKeqZ6wAN6ymaZDJKbDsWfd1YRodCatmYWlHClg1u+9n//nv8Ao+g29+5ZjntXf6XsA3nmy+kA1BEDc/AwMDWF1dDW3v7u7exdUQBEEQxO0JCasEQRA3ACN7raMjxcIsw6OjRHsRieiQFcFGdeVpmuaKqkF5oEFfDu2KXY0cLfl8HhcuXMDcXFVgNgwDy8vLWF5exvT0NHp7ezE5OYnJyUmk02nP+PF43D3u39PTg5GREU8RInUNQWv0uyRhFsA3r4ItnQNbuQS2fhXIrQJm2b5IjwLdA/YR+/QIZN9eoH8KMjUGqcXr3mvdPWQ6rKFjwEMD0I5/Dmz9CrD8CdjKjOtYhVHJx9MiPiG1AZzDI7ZaJuTqArAyB3bhLfDhKciDj0AeegJy4BCYXs0ObWcPOxFFg5ymjfrXizAIgzEGzjgEE248hhoTYG9bdc+EELC6DkPLeYVVRGOhczTCzK/CMrYAtC/OEgRBNMORI0fw1ltvhbYfPXp0F1dDEARBELcnJKwSBEHcAMz8ckf9/TEAVmQIpozaUo2UkPBmhTqiqiOy2pcFZ206NBJNW3UQqhiGgXw+7+aijo2NAQAWFhZQKBRqRNbh4WFMTIxjdHTMdaX29/ejr6+vRmzzOxUBBDsELQNs9SL45d+BffIW5PULgFEGhKg4RgMcoAAY52CRqJtpKgenIPfeDzl5P5AatwXQZveQ60CsB4j1QAwcBqZQdcqWs0BmAWz9CpgvHgBS2HEArTofHbHVMiHnzgNz58Hefxns8GMQd30JGD4Opkeb38MK9Z6BZkTVeuM3+xw2uy7GGBhngPD1daIBpIRQXjfjhxBVPmui46rYAmZ+ESw+sa1Halv9DAZdzxjD8mvfwanTWfuF1Am88FcnMQR4Xx//DF58/jgw/RK+9Q4wjnnMpz6DF/rewan1FMbn5zGvXgdg+qVv4RU37nEcn3nxeRyffgnfeqcPJ1KncXq+Mt+D6zj1yjyAFE688Fc4aU+O75w6jazat7XtIYg/Su666y6srq7i/PnzNW1HjhzB/ffffwNWRRAEQRC3FySsEgRB7DJmcR2Wme9ojJrCN5HeGmFKzZAMEqUauVTVfvXcge0c/U6lUjh48AC2tnJYWlpGLpfF3XffjXvvvRfzc3OYnZ3FyuoqDMNAoVDA7OwsZmdnkUgkcPjwYRw5cgSJRCJUVA1yMNYcv//gR8Anv7dzTFWRMkxAVF83ypDGGrC5AsydA/vwl2BdaeDAA5B3PAU5egIyNgzJ9aZcmp5r9CiAKBDpApIjEKP3AMe/CGYVgcIisDYDPvs+2NUPOhNanWtz68B7L4Nf+B3kiWcg7/oSZO9eVyBW195oj4NoVnRt1N6MUzWoLTDX1ZKQ8EY/qPEYqDhZLcsCtLQdA1GJhZBSQHQQeQAARn4Jsa5Je/ybimm8cRo48cKLODm0jNe+cwpvTJ/E83gJp67sxQsvnsQQ7Ndfmj6O5wEgm0XfCy/i+SFg+bV3gHng2Isv4vnl1/CdU+/gteXjODk0DRx7ES8+D6DS/+w0bHE0exrrD76IF5+fxkvfegWnzn4GL774OF77zilcOb0MnFzBS6euYO8LL+LkUEXgfWkax58naZUgmuHkyZOYmprCuXPnUC6XEY1GMTU1RW5VgiAIgtgmSFglCILYZcodxgAAtrijZgEwPRko9HDOoet6qAjkjwjwZ0wGvR7U3iqMMYyOjqFQKKJYLGFpaRnT02dxzz33YGr/fpRNAxubm25hKpVoNIpIxCv6Ob+qgnONA9cs2w7V9/8J+PiXtiDZKMO0Eepx+3wG+ODntsg6uAc4dhLy2NMQ/Qch9URD8ToM9x4jXUBkP2RqCmLfyWrBq7kPwGbeAVs8D5lZBcrFSscWhdbMKtib3wO78Abkg38OceRzQKI/1Mmsrq0Tmrn/Rk7VMMc1UHXC+q8XQrjPixML4PZVilhZMgKhJcGtjNJugfH2j/KXs3OIDz3Qdv8gWnW/Bl0v5TEcG38Fr5z6Fk6nTuCFb3wTg5BYfj0LZOdx6lunqxefnYY8BgApjAzK6h9pqT4MSgk5OIIUrgCQ9rjHJKZf+jvXtToO21kPjOPYMQkpB9GXAnDsGKQERlKwey8vIoss5k99C9XZz2JaHkM1JZYgiHpMTU1hamrqRi+DIAiCIG5LSFglCILYZczCUuOL6iClAPOJIhJVFyoAcMag67onX9V1r6L6fdhx4E4dhM2Irpxz7NmzB5lMBmfPnsXS0hIuXryIvr4+XLt6FaZp4siRI5gYH8fK6iqWlpYwMTGBgwcPusKquq66FBbBTv8Y7O0fAusLtqAaaT8nM+SGAF4Zc20B+O13wP7wz9COn4S458vA8HFATzTcQ/XXurm1egIYPAo5eBTyzueB4iLY5TfBT78Cef2iLfRaZvMCqyMSL82A/eT/gnb+DchP/yXk+L22qBu0hgp+J2uz7WFu47A9UPcizFWtCqZBqLmqTjyG4xwN++EEtC4wRViFEHZxsTYxcte2RZRuh8G+FLAe3n7sK9/EMazg9b8/hVN/dxqpEy/g8wAw7i14BQA4ezZoiFpWXsffnzoNnHgB3/wK8Prfn6q3hADG8ZlvfoWEVIIgCIIgCOKmg4RVgiCIXaacvQagfceqFAJqvqrQe1FKPwpUilVB0zz14Z1CVkKIUDHVX4jIf129HEv/ket61zg4QlgsFsOBAweQzWYxMzPjyYHbs2cPDh8+jIGBAUzu3esRw2oquofNYRWBpWmwf/se2Lnf2g3bLagG4YispQLwh38Bn34NuPNzkPd8GbL/IOAreBXmwvQT6tLUIpBdExB3fA3iwGfBFz4AO/cqcPldYGMJsIzmi1/pEVs4PP87sOVLwMNfhbjjOSAx4llr0NF79feN2tUxgo7uB+1B2HOktoWJqk6b86WOwzm3HapCwDJNGKbpWaPVdQhaedG9XggLvIN/QpWz1+pm1rZDs47VgeEUcPospuVRW6hceR3vzAOpowOQcho/+vY5HP2vX8YTX/+vGP7Rt/GulBgYSQGn38Fry0fx5OAKXv/u93F18s/x9ZHq3PYPdwDboSpdP2r19+N44IkByOXXcSULpKR0/xR0rrG72+5X9/cDw0jhNN55bRlHnxzEyuvfxfevTuLPv/4kBrdt9wji9iObzWJhYQGrq6tYXV2taR8YGMDAwADGxsaQSqVuwAoJgiAI4vaAhFWCIIhdxsjOdaKr2sKqojdJLWGLphpcJ6qmHP9Xj0RrmlYjmqrHoZ1fGwqWLbT78ben02kcPnwYhUIBi4u2eDU4MICjR45gYGDAcw9BmbD+NbjtZgHs4mtgb/09sHC+vWJPneIIrIUc8G+nwC6/C/6pr9jH7NPjje+hhXb3ungfrP0nwfZ+Gmz5LPjF3wDnfgssXgIsNCewOuveWAT7+behzV2EfOSvIfoPAiG5se2K69vV3gqMM2jQXIHVGVdIu3CVMz7nHEIIlPURRNXPnBAdfYaN7Ny2O1abjgI4+iV8bfF7+MG3v41XKy+l7vgavnRUQsqj+NJT5/B/O22pO/C1Lw1AotLn+9/GGQAYfwr/5YkByHPu5LawqqzFXY2UkIN3YDL1A7z67W/j1dQduGMcuLq4DDmi9nd7K0kplTV9bRHf+8H38W17cjz1X57AgDoHQRAuMzMz+PjjjzE/P1/3OrV9fHwcd955J8UFEARBEEQbMNlqKBdBEATRETO/+iaMXP3/4amHWS5CGGX3eyNxBFsj34Cu6/aXpnmEVabEAmi6Bl2rRgQ4qFmrYU5D57pWxa5mBEPLstz/GcxkMujt7cWdd96Jffv21eRfNrWG4jrYuV+Avf3fgeXZ5t2aO41pZ8bK4ychH/lrYPg4JNe3ZQ9DxzALdrGus7+yi3WtXrNFZt0bpxCKELbj9eBDkI/9TxBj9wB1MmOD1rhbz1FwbmjVqWpZFoSsiKlCus+eYRiwLAuWacK0LDdf1b59AV6YQffCf6uuj2uIJJLN7V8IB77wXRhie36+ffr0aRw8eHBbxiII4ublk08+wfj4eGBbqVTCL3/5y4aCaj3Gx8fxuc99DrFY8MmO+fl5nDhxoqUxf/WrX+G5555re00EQRAEsZNkMnbc13vvvddy3/vuuw8AOVYJgiB2FSksGLkFdGZZlZ7CVVLvtt2oTo6qcrTan+PJGfccvfbnr3qn2VkxTG3jnGNiYgKZTAbnzp3DxsYGzk5PQ+Mc4xMT0DSt+TVkF8A++Cewf/+RXfG+3aP/jqDofm9VczWd3zvfN+uGrRyzZ2deAVu/Bvnwn0EeeAKIDwfen/8eWxVVpZSQPAbseRhs8Aj43vvB/vBDYOY9W+RtRlzlHEAE+OT3YPkN4JFvQB48CRbrbjj/drS3swdBuM8a45CQEFwAoiq82qJr9XlU3ayW1mO/x87xdo8/sz3KuWvgyf1182BbgX5OThB/3PziF7/AwsJCR2PMz8/jl7/8ZV0hlP6sIQiCIAgvJKwSBEHsImZhBZAdCilCqEkAYFqXfcS/cszfL5K64qkWnK+qXlevyFArx/vb6Z9IJNy81dnZWaysrmJmdhbpnh709vY2J7Zl5sH+8N/B3vuRffy+WVemiiqoahEgPQDWOwJ0DwB6DDBLdlsxC2wuQubWgVIRMEpVwbWeQ9YRKhfOg/3iW+D3XYP41F8A6fHtF1WVNhnvgzj0NNjoCbCP/qUqPLciri5+Au13/w+kMCGPPQupxXf8OWk1IsF5zflVzeZVf8ggLQlLVJ2pnPPqDy0YA6SEVWkzkIRkMXBZdCaFFLLuvTainL2GRPeBtvurJBIJEjsI4o+cTkVVh3qOV12n/3UkCIIgCD/0tyNBEMQu0mnhKsARjRRBR4u7R/udo82MMTdP1Z+rqgpJYZmlKu06Uf1RA2H9VXp6enD48CEUCnlkszn09/cjkUg017+wBvbhP7cvqjqCalcamHoUmHoAcvgIzHgvBI9Ai3WDa9VK8FYxBxQ2oBl5oLgJtjkPtnQRuPYxsHINMIrhIquSvcre+xE4AHn/f3RzV5vJU21FVHXbeBTo3Qfrof8ENnIc2u//AbjyYXOOW84BcGDlKtg7pwA9BnnwSbcQVye5sO32D2pXRdWgOdR+/mu4pgGMue5VtciV5HHAKimTi4qLtT3M/NK25qyapkmiB0EQO4apFPUjCIIgCKIK/QucIAhiFzFL6x31l1J6NFUArpgkhACvuO08x/9Djvo77dvtIKwnqDbTf2BgEEePHkUhX8D4xERN1lvgGq0i2LlfgX3wcnuiqmkAkShw7HHIu5+FHD0BGRsGtAg0xqD5LpdSgkV7gfQeSEfQswxY5RxQzkLLXgf75HfAmVfsTNOwolF6xBVXEYnb4mqi33tvLe5hM8fiWTQJ7H8UMp4E+7fv2dmrQjQXZ8A5cP0i2LvfB2I9kHsfrlvwrJ172I726nK557i9K6rC+wz5s3z940utCxCbSrsAQ/vCqrGNwqqu6ygWi0gmO8t9JQiCCKNQKNAPbwiCIAgiAPrbkSAIYheRVrkzw6rwulWF3o9S+lHb8Vg5umxnqXpFLsuywCWH5NIWWn2CUD13n9MeJGg2EvFU56rfSai6C9U5dF3HxMQeAICmaZ45ahyGnIMJE+z8r8He/gdgY7E1UdVxqQ7ts/NODz8FERuCZPZfj8znvg27X1vw1myhMZqG2T0BOXgM/MSfQlv4GOzDn9q5ppZRK7A64uqbfw9YBsSDX4eM93nm80c0NNpDFf/75LbzGOT4p8CfGQd76/8Fe//l5sVVALjyIbTId8GiCbugVZ011HsOPHsY8Puge1R/Db0/oCYGQN0/KaQruGqaVi1YJSWEZXkyVjnnMLsOQ9+8Xl2HADrQVSHN8rYJq/39/VhcXEQikdiW8QiCuPX427/92x0dP5vN4siRIzs6B0EQBEHcipCwShAEsYsIY8vjlGsVf1/JI57j/44zNcip6h77R/0j2TVzhoiqQdcFtQcJXqqjVp3DwYk2CBvf6SuEAF/4CPyDHwMrV1sXVQHgyGOQn/5LiLF7PJmhQffgf73u+iJJoP8QRO8U2IHHwK7+oVo4SljeteoRwCiDffxz8L5JiDueg+S6Z+wwUbee6NtoD8EjkD17gcf+MxCJgf37PwNGufE+cg4IAJfeBRuYAO8fh4wP152/0dpC14j691h/mdXn3xFKhRCwhC2cquM6zlZLCLeIlccJq3X5V9rRZ9kycm339ZNMJhGNRpHP50lcJQhi21ldXUVfXx85VgmCIAgiAPrbkSAIYhexjK2Ox/Aetddr2nRNg6br7tFmVUByRFXVwecXZZ1xmhWzmhG6tlsQdNp55hr4ez8ELv/BzjNtBc6B/Q9APvLXEGP3QDDNLl4UMH87uPfHdcjEENihp8Em7we78CrYO98Hlme92aZ6BMisgH34Mlh6DHLvw57xgvZgO/YQAGRqDPLRvwaPaGDvVMTVZjJXTQPs3O+AwcOQJ56D5NXYhnb2MGyNYS7XhsKxr011AGu65rpWnc+BEMKTq+rMIaWEYLFtzUSVwtjW8fbs2YNLly6BMVYTn0EQBNEuq6ur6OnpweDg4I1eCkEQBEHclJCwShAEsYtIq9xZf//xaabbx5mZqLo8GxQI8udhBl3jF7T87WHr8bc71+TzeczOzmJ9fRUjIyOYmJh0nXXtCoLMKoKf+RnYudeaK77kZ/8DEI/9je1UbcKRWo9m3JiCaUB8EOzO58EnHwR7/5/APvqZnQnrrJ1zYO4M2MVXwIb3Q8aH646/XYIjAMjYEORdX4OWzdjraiYWQI8AG4tgH/4E6NkDVMTg7RSmm22vd4+qWOrpp/xWPfbvXOf0sSzLjnrwztjgDurT6Z8FQRw4cABXrlxBsVhEIpGAruvbKt4SBPHHgWmaKBQKyGaz6O3tJVGVIAiCIOpAwipBEMQuYmesdiDI1PQNFr4cBx5gH4fWNA1gzYlV9TJRGxEmdpmGgUwmg2vX5pHPF5FK9SAejzfd34+UEnzmbbCzrwClQusRAAeaF1X97f68zqB+QcK0ew2LQPTtB3vifwEfOQL29veApVm7jXNACLDL/w42cT/k0WeaPkIf1t6s+A0AsmcS4rG/AQeaF1e5BsxNg3/yKjBywBWDw9YQFAMRtK5G7WHjh/X1tFec2xaz3M+K+l46P4AQQrhOVlP6nleJjj7LVjm3I6Ln3r17sba2hlwuB8MwUCqVtn0OgiBuDJxzzM/P7+gcznH/SCSCI0eO0PF/giAIgmgA/U1JEASxi3QcBcDgcaQKHoXkcfv4v5JLqrrveIAwph6Jdq4JE6NaFbOC2uOJBFKpFHRdR1dXF7q6ujyOwEaCpv8aXloG++R14PrF1kXVwUnIu74AOXKi7vr9awgq5hVGU/EIWhzi2BfAeybA3v1H4JPfV4/gr82BzfweGL8L6B4NXZ86V6t7GNZfpPcA934FWnbRXhMi9cVVJxJg9kPwPe9BHHwSUquKkI1iIMJoNku10T363apOQTTLsmpMp/5MVmd8JwpA/ezJDjVRsQ2xIGH09/ejv79/x8YnCIIgCIIgCMKGhFWCIIhdxDJyHRW8qYH5jvpWKppDSnDNPrrsKcCjdg0ocFUdpnkXZ9A1anu5XMbS0hI2NjYAAJnMBlZXlxGLxxDRIy07YZkwwc++BnbhrdZyVYUAEt2wTnwe1oEnwBpkqtZzy/p/367oKZkGMf4psCeHoHV913aJGvYRcXb9LPjSeVgVYbXV8f00e4+MMWDkGORdnwfLLNpFwZpxrS5dBjv3OtjgIcj+g4HjBwmqne5h0PhOmz8v1d83yKnqund9fdX8WPe1Dj7Lwip55iMIgiAIgiAI4tajxUA6giAIohOkWa4cIW7/Sz2ODqZ5xFEhpVvRPHD+BmKTc41Dp6IqAGSzWVy4cAGXL19GoVDA6uo6PvzwY3z80cdYXFxEoVBw3bNhY3hYvQh88iaQWWk5V1UefBTy2NNgkWTo+oPmDxP9wkTrejEBQeOjdy/EQ9+AvOs/AJEoIAWweR1scRq8tNHU/P61NBLs6r3PgsdgHfg05LHH7fWYRt2x7AgDC7j2Idi198CsYlt7GFaQq5P3qBmcuAx1blHzWdE9nz0GdPQ53omMVYIgCIIgCIIgdhdyrBIEQewiUmyvmMK5LQY5x5ZVgVXzC21CwoIFreLyrCmE1YIQ10o75xzd3d1IJBIoFAoAgEwmgzNnzuDChQsYHBjAxMQERkZHkUql7DzYkLGZVbSzVec+bt2tOjgJeehxyJ7Jlu+hXnuQmOl/P5oZX/ZMQjz0jWq+aSEHtnoFLL8GGe9ruIawQlbNzB10nYwNQRz8DLTrl+xIgEZ5q1wDNpeAuTOQ+x9zIwyaWUeQmKruoSq8N3MfQojQglXuDxcga37QIKV0nap+YVfy7f0nkxQmhEX5pwRBEARBEARxK0OOVYIgiF3EKufQmWUVqAStAmCQLOIRgYQQ9hH/iqjquPCcNge/u9ERosIILQLUqEgQY+jv78d9992HJ554AnfffTfGx8eRSCQAAIZhYOH6dXzw4YeYnZ11C26FrZNtzoEtTAOFXOtu1X0PQux7MHD9YfcQVMyrmf5BEQvN7KFI74H16f8EefQpwCgCK5eB9WsN19jsPdSbPwg5fBTy6EmgZ9h2pNaDc0BKsOvT0BbPgEmzqTma2cNmnjOn3S+I+vODHVFV7ev8cMJxqjrPoVrISot0AdCgfv46tZ+Ta5UgCIIgCIIgbm3IsUoQBLGLSMsAgrWh5vDrU1x3BSFN01wRiVV+dYQkVVwKElX9R/FbqTxfT+xy2nRdx+DgIAYHBytxAKtYXFzE8vIyMpkMdF1HIpHwVB/2r4FJE3zhY2Bhuu7aajANYPQQ5P6HIWO9Td9Dp+3+a5rtL7tHIe57HlpuCVi7ClZYB4QByWr/ym5WcGx1De5rWhxi7E7w4UNg6wvNuVaXLgNX3gPb8ymgCadtvfZW7yGojXPuPuMeV68Sq+G6ZC3L8wMGtS8ASM7A1GV2GI8qLQOM6ZSzShAEQRAEQRC3KCSsEgRB7CLCKnVcvIpBFUVZjRNV87klVScrQ/s5nOoczbSHjZ1IJDA5OYmJiQlks1msrKxACIHh4WGPQ7Gm/9YKMPcxkFluza3KNcjJ+2CN3VkjMnd6j/Xus941jcRCOXoC8rP/K1Beg9m7H0JycF+XZgTHeu9vs/coeiaBibuhzX1sO4XrwbktZK9fAzLXIWO9oevodA/rtQe5hd0v2D9EkIpCqkYH+ItWOf2FWQYDB4P9eZOV/zrBMnJAJNHRGARBEARBEARB3DhIWCUIgthFmBbd3gGl7bBzjvzbBa2qwqZlWWCMQdf10CJTNc7QJo++B9FKdXrGGNLpNNLpdMM+AMDWZsFWZxq7JlVMw85WnbwXSPTb+aW7KKo240QMvIZHYA0eddv8d9uKOF5vfc30l3oCcmA/0DMKFC42N/7SRfDrp4GB/RA81tb8rbhx691Do2JtNeNyDk2JBthJtEg3wgM4CIIgCIIgCIK42SFhlSAIYhfhPNJ5FIBHuzSrOZDKsWbLslxnppNVqema6+Tzi6pBWZT1aKVdCIFcLodMJgMpJbq7u5FKpTzH/j23GCDOMqsIvnoJWJ+rO2/gWsbvghi/q2bsnRBVt1swbKd/vTHCxPWwa5yICNY/CfTvBa5fbC4OILMCsTYPyzLBAoTVRmxHFAVQK6o6rm0ArtvUU8DKFw2gtjMpwWBVP39q7HGbMC0CaVIMAEEQBEEQBEHcqpCwShAEsYvwSBLbqawyaQuomqaBVYoHSSkhK8KTpmnVrtJbdd0vqrqXdSgIqu2ZTAYXL17E3NwcCoUCACASiaC3twdHjx7F6OiYZ+6wOVhhA9iYA0pbIfsSgGkAkSjQvwesq8918obdw05HJPivadTejmNYvaaTe/C3mfFeyN4J6F1poNhcHIC2cRUyswCr70BT77HaVm/9zexRM/cu4S10pfZ3YxDUbFbhFONS34PO/LJICwIAACAASURBVKaMRwE0KApGEARBEARBEMRNCwmrBEEQu4gW6d7W8RiqRauklLAqDkPuE00dFytgO/U4q62UzjmHZVk1Dj+/y1V1AdZrz+VyOHfuHGZmZmAYhjumYRjI5/PI5wu4804Tk5OTnjGCXIY8uwi2OgsY5dbyVUePQIzfZR9HD1h/O/cY1t/v0m1mj5ppD5qj0T20ssZm5teiXdCSfbYbtdkohvVr0NYuQfZMQCC2q3uoCqJBIquUEsKyc1X9zzwAyMrrajuXpcb33AKMR8D1GFDOb+u4BEEQBEEQBEHsHiSsEgRB7CI8kuzIsKq66ezvvUIUYLtUOWNu7qqDI65q0CB540X4naz1xDz/NZZlYXl5GYuLizAMA4lEAul0GqZpIpPJwDAMbGxs4OrVq+jr7UW6pycw05IxBo0J8Mw8kFlscpeqyJ5xyJ7xhvfgqQyv7KOfVvZgO9qDrum0PeiaejDGwHgE6OoF4t1Abr2pfti8DrE2BzklOlpfO+0AakRV1YUqZLVYldPXed+llBCKKFuN2hC1UQodGFa5nnTnIwiCIAiCIAji1oSEVYIgiF2EaZHOKolL6TmIrKMEDWVYll0Uyyu61rr87OJWwVmbjqPV3zfwPhqIXYZhIJPJoFAoYHx8HCdOnEBfXx8AIJfL4fz585idncXm5iY2Mxl0p1KhYpswCmC5VWiNjqB7FwNwDSI1AtHVD4bWnKrNHrm/mUTVMGE6bI5G77HaX4JDRpJgepN5qVwDSgXw/BqkMEKf+J3cQ/976DnW71uQ65aVEsKyPC5WNzLDf2S/EifQNlqERFWCIAiCIAiCuMUhYZUgCGIXYVq0wwHgyQoVwoRhGBDMFpd0Xa84DGsLUakFrPzOV/91nYpdAFAqlaDrOkZGRpBOp90+6XQa+/btQzabRaFQ8Ai6QePzUhY8c721fFVhAd194OlBSK7VyF9hTtVmCyHtlMvSv76w/o3G6HT+QAeoHgMi8dA+vgHsjNtCFjCKQKy5NWznHjrXANVnWypiKKu4up3ogKC+av8Ict6c3sbae124FiVhlSAIgiAIgiBucUhYJQiC2EU0PelmfbaF35GIirOOVYRTRSxUnXuO4Gr38QpG6nHn7Ra7CoUClpaWMDg4iL6+PlfIMowSTLPsWUPY+LAMoLhl56s2C9eArh6IaAJCWJCs9czUmiHriHg7LRi26nRtdX3ONY3uE4y3lHHLcktg2UXI7tGGY+/0HnjWVRFV1RxVy7JgCQHhiwdwP0fS9/xJdPRZ5npX230JgiAIgiAIgrg5IGGVIAhiF+HRzopX+XUcKQwIywDXEnamqk8wdHJC/XmTfjEz7Oh7u2JXJBJBT08PEokE5ubmsLW1hfHxcXR3d6NcKuDqtWtYXV13XwsbHwBYeQsoZe1AS9akqCcsINYNnuyHYBwi5B6aFVXDRMfdzlzdCSerQyPRk7XiWHUwivaXMk7QXDu1B6owamenVnJUEfx58I/jRAQIIcBqild15jbVot3kWCUIgiAIgiCIWxwSVgmCIHYRpkU66w9fjioChFGn8A4AqRz7Dzv67zpZ6+R1tip2RaNRDA8PY3FxEYVCARsbG9jY2PD0j0QiGBgYQDqdDr1fIQTY5nWw3DKgtfhXViQORLsBprctSLaTR9rO+GFsh6ja6B7qOVXV8aUeg9RjaOkEfGETMr8By7Lqzr9dbtwwVGe2M4+AgLRkNU+10u78MMJxsjrj6yj6PnusI2mVRzr7IQtBEARBEARBEDceElYJgiB2EcY7zVX09o2IVaSMD1FMPOm66yxHCAPAhHBfd4r2CCncYbjiAFWzJlUxLqwIUBhOe09PD44cOQzGgKWlZRiG4V6TSCQwNTWFffv2uTEFoaJkJA5o0UpBquaPoQOAKRlMycB9amCrRaKcvfFf4+xX0B61uoeNClH58c/f6B6C+qvtQffn2SOzBGb6XZsNMMv2F7ZnD5sp1uXMZZqm14kK771apuXOYVmWHQHAGASqQqwTESCEACvOe+byu8BbhVHxKoIgCIIgCIK45SFhlSAIYhfRosmO+tvikN8zqBazCnYnOqKUI65yzsHA3EJV/iI/ap9WKs+r7ZxzjI6OIZ3uwcrKCtbW1lAqlRCLxTA4OIihoSHEYrFAQTBMbGuHVp2krbpA6+1Bp3vYaI1B82/HParH5wF4npGm4ZodA1ApOhYa9bDNe6gWovI4VSU84qrTpl4j7QZP7qrzPHJRgPpZkx1GATDeYSE7giAIgiAIgiBuOCSsEgRB7CJ6vB8dZTNKu6q5V+SquutUnGPNak4kAGhM84hy1aHDhSygfUEwlUohlUph//79LQt+AGpyOpvGKEI3smAwIFE93t3y/A2oJwjWa2/UP4x2RNF2nayeZ6TV94FzQJiAWW4pSqLRHgbhbw/KFAbs4/tCCghLeD8TzvF/y4IIGYOj5P2ZhhTo5LMcTY6QY5UgCIIgCIIgbnFIWCUIgthFounJzgeR0lvEycq7GZYOEV0HrzhUnePXqgtU45pvSFkj1qlsp8uymfZ6BbWaxihClLYghAWmdS6aBq2xHeHZf487vYediOM1gqYUrUUyGGUwy2j6Hprdg3oRCEF77HenBsUMSCkhKj+gME3Tkwsb0wU0lOBxrCrO2HaIpic97lqCIAiCIAiCIG49SFglCILYRSKJAXA9CWFstT2GFAJcEUaZlfdkV2qaBuYTmoQQrisPsJ17Qcf/3fYWBcFyuYxi0XYzxuNx6LqOYrEIwzAQjUYRjUa9hX/aONbdMsUseDkPyTVYHQrD7RRQupGi6na3CyHA8htAYTN0D5phJ0VVVSwNwhZOhcdk6jxj6tF/p5iV6tyWRg5cGspYoiPjOQBEkqM7Jqyura1ha2sLpmmiVGoxF5cgiJsWTdNqTqdsN7quQ0oJXdcxMTGBaJRiSwiCIAiiHiSsEgRB7DKx9B4UVs+2P4CUgCJS6ihAQxlgCTcLkzEGKE495zVN08A1b6ZqUHGgVgXBhYUFnDt3DolEAsePH0dXVxemp6exvr6Ow4cPY8+ePZ5j3VJKFAoFAEAkEnHvxT8+5xwsmrALWLXKxiKwsWivH80LikHX1Gu7WUTVVgpZtdquMQHNKrqFqJomEgWLxJqaw0/YHqrPaysRCgA8kRk1wn3lBxBBrmlN5DyfOSkkOlJWGUc0NY5CafsFkqtXr0LTNHR3d9s/ZOnU+U0QxE3D3NwcxsfHd3we0zRRKBRw6dIl9PT0YHR0dMfnJAiCIIhbFRJWCYIgdplIei/yHQirQgp4DvJbBQjLANcSrtgkFZGIMQZd16silqy6VCUkGLxOUneeBoKgg5QS5XIZ+Xwe+Xweq6ur0DhHqVTCxsYGrly5YrvnjBLyhQLy+SJM04RhGBgaGsLRo0eRTqfdOfyCHysXAKvc/PFzwC6cJAWwtQrk14HkSOj4zRaqaqa//5pGgqC6h/X2OGx8dY6wPNJtKdZllsCKWWitCqtGGdIo1d3DRmsI2kN/bixQPwLAaXcKt/ljAIRlwaw4VdX+zvwxueSdS4iODKuRxCC4nnALe20Xs7OzSKVSiMVi2zouQRB/XOi67uajr66uYnV1FQMDAzd6WQRBEARxU0LCKkEQxC4TTY50Vr/KEp4iOhG5grT1MfL88eo1SraqKri5TlUohXu45opVqpjUTBEm56u7O4nu7iSWl1fw0UcfIRKJwDAMGIaBa9eu4dq1a4H3kkgk3KPKoYJfJA7ocTvbE2hOYOUcMC2w/5+9Nw+y6zoPO3/33rf23ugVDaCxLwRAkQQpURQ1XCTLsqxdkSXHHtlJPBnL4ngSZ6omcaZqPDVTsSeVycwfiSSPK1WZSEnsoW0tcRyXkwxFRpZsieJOEAsBorE10Pveb7nLmT/eO/ede999vb0HogF8P1UX0fcs99zzXgPq3/vO9y3ewFqehPahLQvLRmwmEjUeEWzOEZd82+X4v9nHLixgL97cvAhMZ1BOuuE+tmoP489gfkAQfshQV/StFsHqm/mHHSeyLt/3yZQuRn7mVNBcKoB0+/Cm8/2ux/j4OB0dHeRyW4juFgRBaEBfXx8zMzO4riuRq4IgCIKQgIhVQRCEd5ls1x6asTIq8CNRplATdLZtR4rumPJGSyKlVJhvVUf16Xb93yRRZR6jjsuwHTv6GBwcYn5+IRSq65FOp0mn05G5kuZX7X3QvqMSgWptImoVYHECZ+kGaugEOs7XFHFmFKR5f3M/zH1Yaw80cems29cab96z0fzrjY8/w3rtjZ5BC/fIWHcVa2UOfG/jkcNBAHYKUpnIPba6hxt9RjNSVd/LfM31z0oQBJUiVZ4X5liN/7zoyGorKEV+5lTg08zPcLbFhatWVlZwXZfe3t6WzSkIgqDp6+tjfHyc/v5+Uin59VEQBEEQTORfRkEQhHeZTNdokzMoVBBEClRhSCSoCSgz52pcVDmOAxZ10X1JEYKRuycIwUwmw+HDh8lms1y+fJlCoRAK1nw+z+DgID09PeRyOXK5HNlslkwmE8rVRmsAUE4GlcphbVaqptIwOw7X3sTa9xh2tqfh0f1Gz5jUtt4+JQnBtcbrOXQUZiMpuxZJUZrrRXE2ak9c9/I0LE1WZelGxaoP6Rwq0xbew2Sze7iVZzQjVc0PEaAmb4MGcjeU74GHowrRtTcpRbNdoy0Vq/Pz83R2dq4ZkS0IgtAMXV1dXL9+nb17997upQiCIAjCtkLEqiAIwrtMpn24UoCqCZQKsKxaplVLFSNSVUek1vqrSCSrjm51LCeUr42iB+PzNJJhuVyOw4cPc+jQIVzX5erVq1y6dImuri6OHj1KT0/P1mSZk4b2Hsh3QGF5cxsV+FjLU7A8TZDuitxjI9K0UVt8n7YqBNcTipsRu43Wv9n2+B6lLIWzPAFLU4l70hDbgUweK51NnN8stqX/a+Y/bUYM16Wy0EMVWIEV9tE/M47xMxAK1+p/s46PY5XRkyilqhGrWyfT4ohVz/PI5XLrCnhBEO49lpaWuHz5MqVSieXlZTo6Oujs7GTnzp10dnZueJ5cLsfq6uotXKkgCIIg3JmIWBUEQXiXcbKd2Lle/OLclucIggAzNi0dzGOrEp5KJxb1iUssx3GwnXqharIRIaivx9vT6TSjo6Ps3LmTVCpFJpPZsiwLsl0E7X04TnrT+4TtwJVXcC79ENW9C9/KrNl9I1JVr81cY6Mo1fWe0by+3v2T2lslVZPEbni9vAhbya8a+JDtgHx34v2T9tDzvE3vYaN2pRQqdlw/8CvH//V9bNsGpfAMmer7fiR9QNaawcJIn9Bk4SqAbPdoeM9WYFmWHM8VBKGOc+fO8cILLyS2ZbNZ3v/+93P06NENzaX/jmnV31uCIAiCcLcg/y9cEAThNpDtGmW1GbHqeZCpFamxvEUCr4yVylSkqXGsXEtVHZnqOE5NpBGTVNQqricVEIK1IxzNPplMhkwm07B9o7IscHIEbf04uQ5Y3uSe2TasLMDN86ilSYKOkcix+43cP6k93mezUnWje9jKSNT1ojwbPQdLEzB5EUqrG08DoO+Z70ZVxWqr93C9dsuyQBHKVZ1XtY7qHFqoxnOy5oNxzMpVge9tag/q72eTbhuktNK6yK9CoSDRqoIgRBgbGwul6pEjR9i3bx+ZTIZyuczY2Bjnz5/nhRdeIJvNsm/fvg3N6XlN/v0nCIIgCHchIlYFQRBuA5n2IVabiPoIvDKmR8kwT6f/Jkvpx0LZpItXmTIpIhQVqMAQUXYtejGej1Jzq3Jhridu6RqqfE1f3eAOxdZ97TWsa6/BsZG6tlatPy5N18uZ+m7u4WaO/5vtDgGpuTGsmbHN5VfVZNoh097yPdzIM+o+KAhUUHm/J4lj41r8gwilFJnyWORnLfDcplJ5ZDpHNl+EbQOIWBUEweSNN94A4OGHH+bhhx+OtO3bt4/Ozk5eeuklzp07t2GxKgiCIAhCPVLlQBAE4TaQ7W6ugJUKAgI/mufRUuUw0lQpFYnAM492m+I0kouyGq260aPrSTIsPj6yvoT2DQu3th2onhFIZyqCbzOk0rA4TerqS6RXbmzo+eJH/ButL2me9YRg3bNtYg+T1tAK6RrPSWrbdiWy2VuBqYuwMNFwPYkEQSUNQ3tvJR3AGutPWudWpar+iu9jfLz+OQnbqykAzLGVPMWKVLAYfTTP3dxexGh14SpBEIQkbty4AcDJkycT2/X1y5cvv2trEgRBEIS7EYlYFQRBuA3k+++DJjM1Bp6L7dT+Gs+oOWxVwvej0ipeyEofidYCybZtnJRTJ6HWE36NhOF6bY36rCX8/FwvTu8enGw7uOU1522EdfGHpIaOwoM/h4+95tHzRnsQX3+SkEwanyT7NrJPrZSmjaJUzfy75vP7vk9qZgxr/C0oFSqCejOkM5DvRqVydTl+k9an2809THqGpD2sK1ZF7X0evoeMDxn0ON/3cT0P1/PqUgUopcj609i46FQAge83Xbgqt+PgLTlOKxGrgiAkkc1mN3VdEARBEITNIWJVEAThNtDWfwLLyqCCrUlCAN9zSeXy4feOWgaSq96bEYDxo87rHcuOR/eZfTTN5MosFAqUy2Xa2trCX/TiQlOl8gRdu3A6+jafZ7XyEJVcq5dfhD0PoXYcXnONSVI03t5ICG6kvdV7uF57PFo5vsZ4G0BQXia49lolv+pmCXzo7Cfo7Mf3PJTtNEyBYK5/LWm6Ualqiu1A1YpSAZFobqVU5Uh/bA3mvB1cNNOrEnjlZj8PoX3oQXy/OTmbxEbF6tnvfI3nxqPXOk98gS892d/yNbWOs3znay/S+4Uvsa2XKQiCIAiCINxziFgVBEG4DdipLPmB+1iZeG3Lc/huGdP6pPw52oovs5B5H0pVKp6nUikc28Y2jv6bOI6D7dRkVRAEYbEfs5DVZvN1mqwl/BYWFrh06RLLy8scOHCA3bt3NxaCO/bAjlGYfGdrG2Y7WJdfxur7j3CqD5XtqbuHub6NHivfbHsr9nC99qRI2/XErYlSitTiddLXXq2I7M1GqwJqxyhe32F8O9twj9bb461E+0Y+GKg227YdCthQugYBfvXLlMthm++TKl3G/BnzPbcpr2rZadoGTrCyuvUPVFrCyIf4ymeOVf48/QLffPbPeOGESEtBEARBEARB2CwiVgVBEG4T7UMPsjLx6pbHq6ByLNk2j/oHRXzfDyWUbdtYtk2gFMr3kwVWoMCuVU+HilRdLw8mbD3KMggCJicnuHDhAlNT0wD09vYyMDBAOp1OHO93DGMNHMK59GMoLG++kJJtg1smde57WD07cY9+jMDJrRnFqffqVgrBZiJRm21vGMlaXsa5/GIlDcBmCQKwLPyOIfy2/lsuVRu+x1QQRoaaRdvC9ADG66zTZURSB3hl0ixh/hhUPszYulptG7gPRQqlSlueoxGbTQUQ9h84wWjnaeamLawBOPPtrxoRrSN86JnPch9n+PZXn0NfHvnQM3z2Pph6/hs8e3qpcrHzBF/4pROc/sazzL230n7m21/lxd4v8EtPDVT6zr2XZyoNfFXfZORDtWsvwgjjjHd+iGc+28/z33iW00vAyAiVsnMWm3xMQbhn+OM//mNmZmbqrv/e7/3eumPNPv39/Xzuc59r2HetD+UEQRAE4V5ExKogCMJton3owaaPFftuGdtpC793/EVUKiqj9NFnMx1AKpWqRKvaNpZt1QQrYNn1sg2ak6pmu1KKa9eu8dZbb7G4WCkMlM/nyWQykfvVHU13cgRDx3D698HVN7e2YbYN8xM4b3+foP8wauj+TT+D7rNZ6drsHq43vpXtmblLpMd+tLVo1cCHjl6svt3YmTbUuxSpqtsqkag+KlARoRpp9zy8WM7VeE7WrtQUjmfmV/VQTR7hbx966JakAWiKqdNcWepktB/gDBx7hmc+CzDF8994lrNnoH/iRcYjAvR5pu4b4i9Ow4kvPMNTA5W+f3HmKT442smzZ8/Aff1MMELn3GmmeIrpuSU6e/th6nm+8dxSZNw3nu/nl4aApSV6v/AMnx2oSNvTnOALzzzFwJlv89Vx6L2tGyUI25skqboVpqenWzKPIAiCINwriFgVBEG4TbQNnMCym8yzWi6TztXEaru6TJ96hWXn/dHj/SqaRzMSCer5oYBKOjYOGxOCSVGQpVKJa9euMTY2RqlUYnh4mJ6eHq5evRpK1Z6eHo4cOcKuXbtIpVJr3t/rO4g1cJjU9S1EUpq88xNS7f3wWB9+56665rWO9691tH6rQtDsY84dH59UaKrR/Fttt4pzWBf+C1x9fc21rknvLvwdBwicHHaDPUx6hsg6trCHOlI1/oGFPtrveR6+7xMYcly3m/P7vk97+Y3IHP4Wi6aZtA89eEsKV8Emo8jGn+OrX30u/LbzxBd4sl+h1DGOHVOc+XYtD+sIiv4To3Q+Wxkz8qGv8JUvAQqOjTzHc89+ldOdJ/jCl75CPwrohCsTTE1NcIVjvJezTKspJpY6Gf1gP2p6jqXOUU70K5Tq58RoJ6fnplFDAJ0M9SuUmub0lSU6R0/QrxTq2DFGnnsRUEiwnCAIgiAIgrCdELEqCIJwm7BTWdoGjjWZZ7VE/GysZRGJVDWj9syoVVPUKaUqx6EtsK2ozIpXdF9PKOqvYrHIxYsXuXDhAoVCASCUqZqdO3dy3/H72NG7IyJ3GwlFle0hGDwKXQMwP7H5dABQGRMEWGefI5XOoB7+BbyOkYZSs1WRrI3Gm88Y30Oz/d2IVE3hkh77PtaZ/wxueQvRqpU0AKp3D1bv7sh7bbN7sFbe2iTC8UG9BNc/CzoFgPmeNiOpdR+ANAuRn61m0wBYdpq2wW2QXxWiOVZNpl/gm8+ehhNf4CufgRe++SxzAP1P8qWvPAlnv8PXnvsaX3tuhA995TMc+8xXOMY0L3zzWZ792ulqEaxjjDx3lulp6Dz2JP0TL/IXL5xmiVE+1g9IMJwg3DZ27tzJzMwM5fI2+HtIEARBEO4StvAbqSAIgtAq2oYeQhnFyTf7Ffg+gR+NgHP8hfCIc1wWmZgiyxSjZptZcR0aH13XIsyUYYuLC0xM3AylajqdjuRPHRjo5+jRI/T39TcUcHFha9s21uhDqN0PNLfx1Xyr1pnnSL/xHZyVicjzbUaKJu1FI/GcND4eodkoSjMubpPuvdb8jdDtQRCgrr6C9fqfVqT1FgpWEfjQPUiw6wRBfkfDbluRqmvtsTkWK/oBQihUjT2wY2M9z8PzvLBPRi2RIfohgFcqNfWzmu8/DlZ6c5GlmyC+Tw2/Kr0btsMIjzzRh5p6kytLgFJMPf9Nvvn8FOrop/m1nztOJ6DUGb7zte9wRvXxxH/9azw9UumrVB89nUu8+OISPX2KvuN74MoVljoH6VMK1ddD59IV3pxSKDXFm1eW6OzpQ2+Lqs5xfE8nS1feZEop1JmzjG/mGeVLvu7Sr2Y4efIkn/zkJ3nqqaeamkcQBEEQhCgSsSoIgnAb6Rh+iMnX/mVTc3ilAtm2zvD7jD+B5S3jO+0oVckzqY/YK6XCHI9atpq5WJVSKKv+FzhLRSNdNeYve3HRVSgWKZdd0uk0u3fv5siRIziOw/nz57l8+TK27WBZNp7nsbqywvXxcebm5hgeHmbPnj2k0+nk+TuGYddJGHuxkgN0K1GrlQeHwjLWa/+eDGA98Hm8tsHIPeO/zJrPmNQev9bol+GN7GGj+8evrTU+qT1JWAZBQGbxMtk3vlvJX7sVqarvN3gIf/gkvp2tRLBu8hnj1zYiFJSqpgCIXfOreVQ9zwvTAajKIkBFpaopX3utc1hGdKrvllFBc0f424cfumVpAGCTqQAa9e87zp7OP+J7X/863+s8zvERuDoxRd8TH2XPv/lDvv71SreRp7/MUQVHnz7H737963wPoPM4n/9URZAe3wNvvdXJUJ9CMQRLbzHyyNHKPfue4Bef/nf87h9+nbcqk/HlJ/pQ58KFoYC+Jz7K8X/zR/zh19+qFa9SiibdkiDcs8zOzgKwtLR0m1ciCIIgCNuPhx56aMtjRawKgiDcRtoGTmA5GZS/9WN5bmGVbHtX+H2aRTq815m3Hg2lqY6E1BIN6iMf49JNeyXLsrCdaN+kMXEc28JxLPL5PIODg3R2dmLbNrt372JhYZ7FxUXGxsYYGxvj5s1aZKvneXR3d7Njx45EIegpC2vXg6R3nYQzz29drFY2oSJXX/oW6fIqVNMC6D1Iur8mSXpuJpJ0vesbGZ+0xvVy3+o2s09m9SaZl/4Azn0fbGfNLWtIEEA2j9+3D7+tf0PP0Ir2IAhQqMRxWq6GUtUUztVrSRGtOe9iJA2AW1zd2p4YdO569JaK1Y1y9FNf5mjD1n6e+MUv80T4vfGnyPVwMr6cMFn/E7/Il8POR/lUvFPSuLpr8bUIgtAM4+OVxMmtKnIlCIIgCEIFEauCIAi3ETuVpa3vOCsTr255jsB18d0yTjoTXkurhdo9jAI9tm1H0gI4jhPKKqUUgR+N+rNsC9vanLjUgiqTyZFOZ1ldXaBYLBopCSwcJ0WhUODSpUuRsel0Gtu28Dx3Tanpdwxj73sE58aZrR9b19g2lApYr/0paUCd+uu47TvD5lspVRuxVamqr6/VHh+fnrtA5kf/Cuvc92v7sRUCHwYPEoy+lyDbU40ufHfEtJn6NFBBKFRd1w2Favhz4Pv4QUDQQDy3BVdIqVpEl1IKt7DaTHpV7EwHbQPHWVpabvo4byNu1byCINwd9PX1AdDZ2blOz7WRv2sEQRAEIYqIVUEQhNtM+84HWZl4pak53MIqTjobfp8NpkmpAsrqCKP6bNvG9/1QTsXzTOo/hzkubQvHdrYsBPP5PF1dXczMzHDjxjiWBUtLy4yPj4fRqZp8Pk9/fz/Dw8MMDg6Sz+eBxkLOszIE+58kc+NtUq9+d5O7lUAqDb6P9dJ336L+WwAAIABJREFUyM6Pk3rfL1AeOEHg5DYlBJOOrbdaqrZCSEaO///k38LbP2gu8jcIwHZQAwdhx97wHs0+o+6zXt7Z8IMBFYAikh/Y/ODAr0pVnR5A51U15+5UbwO1771SARX4W98boGPoAYKg/r3RKvL5vMgOQRDWRIvVnTt3rtOzMTqtkCAIgiAINeRfR0EQhNtM9+gTTLzaXJ5Vt7hKrqsnFERplukOXmfR/mBEKmlpqoIAnNqRb91u2zaOk3wUPJ4jM6ndlDtalk5OTjI5OcXk5FSkfzqdpquri8HBQUZGRujp6QnTFej7NDrablkW5HegDn4Abp6Gmxeai1qFilgMgLf/Emd5hvQjP4e793FUrrfhM243qRqn4R66K2SnTpN56Q/h0k82vL6GBD4MH8Ld9xjlXD808QxrpTdIajcx3yOJolEpgphUNfF9n7R73cwCgFtYbiZYFYD2nadwXbfJWRqjlMLzPJEegiA05Pz585w/f37L45P+zhQEQRAEQcSqIAjCbSffd4Rc70GKcxe2PEfgu/jlEqlsPryWVdNYQZHAqkSyrpXLU0tXLWEtu1asSvcx2WgUZ09PD93d3czPz9eeN59nYGAgjE5ta2urk2FKKTzfw7EdUqlUQ1mmdr0HdegDWDNXwC23Rq6ShhvnST3/uzgPXKV84lORvKvm88VZSwjG29ejVZGqcamachfJXPkh1ot/CDfOg2U3F63quZDO4O1/FG/4xIafYa1I2qT1r0U8WtWMdNXRq2G0avX7+N4EQUCHf4EURXTEqgqC5vOrWg49Bz5C8RaKVcdxKBaLtLe337J7CIJwb1MoFBp+8CoIgiAI9zIiVgVBELYBPft/ipuzWxerAOXVZVI5Q6wG43R4r7OQegSoyTzLssCyCJTCThBd8V+clFKV4kBYdUeykzCFVVtbGyO7RlhdXSUIAgYHBxkeHqanp4d0Ol2b3xCCxWKRa9euMTs7y8jICCMjI5FIPHN+L90Fhz9EevIi1vkfbGnf6rBtsLOwPIf1g39N9vppnAc/TXnkYcj1NhSq6wnBzUT8tvL4fygZ/SLphTGcM38Ob/4nWJoBJ92cVNUMH6nlVm2wRpOtStWGkajrtEFFuHqeh+/74T3i/bs5Y2YBwC2uNJVbFaBz5GHsTDdBebm5idagu7ubmZmZMIWGIAj3Hnv37uXy5ctNz9MoVcDS0hL79u1ren5BEARBuNsQsSoIgrAN6Nn3NDdf+t2m5igXVsgH/ViGKLODYnh0vi7aM5YeQEvVuqPt1tYiLPW1gf4B2vJtZDIZOjo6Gs7l+z6zs7NcvHiRiYkJXNelXC7T3t5OX19fQ1EXdO8hOPokzuwVmL7afNSqJpWu5A699BKp6TFS9z2Fd99H8XYcJnByYbdIeoIG+xDv0whTKIZ5Q2MV6zd6/D/yKKuTpK//BOu1fw9jr1SiVI2cvFvGc6GjF//Yh/CHT0bWoN9TSflS42xmD5PG6mjVJJRS+J4X7mP8ddARrba3TFbNYprV8mrzMrRn/09RLpebnmct2traWFxcZHV1VeSqINyjfPSjH71lc8/MzNDV1SXpRgRBEAQhAfnXURAEYRuQ7d5D+/ADrNx8deuTKIVbWCHTXqv467g38PwFnGxXLb+qLuJTlar6FyXdFgQBeDUBZlkW2NEIP1OYaRpFIKbSKXp6etYUZYuLi4yNjXH16tVIYSst5+JHt83xgZXB2vUI9sELWAsTrUkJUFtAGL3Ki98mdfU1Uocfx9v/OG7vIXw7u2ZE73pRlPE+SflkgyAI599MBCeAVZwjff0npE7/WUWolouti1INArAs2HsKb897ca00llKJQrVRKol4+gdYu1BVfB+0VFVBba9MER0EAb7n4TXIq2qmCehPncUq14pU+Z6LV4oWWdssdipP9/6nWSncujQAmuHhYa5evYplWWSzLZDmgiAIVKRqZ2cnPT0963cWBEEQhHsQEauCIAjbhJ79H2HlRhNiFSivLJLtqInVdmeWfucc89b7Qhmlj1vHIwe1cDUJi0kpIpGreg5Y+1j3esKxXC4zPj7O5cuXmZ+fDwv8dHV1MTo6ys6dO+no6Fj3ud38ANbJT5FZnoG3nqtWqW+BPNTo6NUbF+DmO6Te/gGpw49T2vt+3N5DWKm2uiHNFqLa6B4mjbeKc6Qn3yR14b/AxR9Xjv23KkpVUy1YVTr6U5S6Rje9xrh0bZRiITJ+HalqSlpfy9TqhwimnNftWqp6XomcfyFatGp1qfk0ALs/gLKyBMGtSwNgsnv3bm7cuEGxWCSfz5NKpTYUbS4IgmDieR6FQoGlpSW6urro7u6WwlWCIAiC0AARq4IgCNuE7r1Pcu0v/09Q/vqdG+CWiviui5POhNdy/g1sawWV6gijVKEiR5OO9WnppH+JclJORbCiQjmVFD1ojl9PCAZBwMzsDBfevhAe+wdIp9Ps3LmT/fv309vbG64vSciZWJaF270PTn6SzOIEXH2ztWIVatGrQQATl2DyMtk3/pzs7pOoA49RHnkYr20wcY23SqrGI4hTy+NkLv8A++IPUTfOw+piRag6Lf7nPgigqx///p8l2PNebMteV5o2PN5ffcb4PqwVEa3HxVMMNJKrqhpJW1l6NKI1CHwG0mNk/BXColVKUVxebNar0nPgI7c8DUCcnTt3srCwwPLyMp7nvev3FwTh1mHbNuPj47f0HvrfXcdx2Lt3rxz/FwRBEIR1kH8pBUEQtgnptj669jzG4pXvNzVPYXGOjr6h8Psck3SpM8wFDwM1eZUk63QUn23btYhWRS1PK80LwZWVFS5dusTY2Fjk2D9Ad1cX+/buZWBgIPEejaRqKIt33o9/8mdwlqZgfqJ1KQFMbBuwK3JxYQoWvof19l+SG9yH2n0/3u5TFPuPE2S6w+e/VVI1UAFOeZHc9Fukxv4K69rrqNkbqHLx1ghVqDw3oA49jnfwKXw721CqmvK9oTCNPeNG0idUllGJVo3LVF2kynPdSGS1xnyfV/p7dKo3I0WryitLKN/b2v5USeV66drzAZaWV5uaZyt0d3fT3d39rt9XEARBEARBEO41RKwKgiBsI3oPfITFy82J1fLyIkFPP7YRZZIKZvCUFwosMw2AeYzazMMaQdWO/1t2VZQZ0X2RQktrCMGpqUnefvttJienwijVfD5POp2mUCiwsrrK7NwcXd3d5PP5cPzq6iqlUinsC/VRkEopXNL4+58g6xZI/eSPbp1chZpgBXDLqGtn4fp5Uq/+KZ0dvdA3itp5HHf4BEHPHlS2N8zJ2ohIlGfCHtp+Eas0h7N0k9TMRbhxBmviPGp+AkpFlApunVA1nlsdfpzSyU9RzvbhbECqJj0fJOflXU+qhiLVfE8aOV11/mC/2s+MVDWFaiUqO6DbHidrLWNGqxYWZptOA9C990kCVV80ThAEQRAEQRCEuwcRq4IgCNuIrj2PY6fzBG5zUW6FxVnadwyG33dwlX7rNWZ5CKiPAg0LWTlO3VxbyYPZKMrScVIEgcJ1XdLpNENDQxw6fAjHdjhz5gzj4+Ncu3aN7u5u2traCIKA6Zlpzrx1hsXFRY4dO8a+fftwHKfuGbTU9TPdeIc+hLM0hfXqn1SKWbU6LUCcuGSdm4C5CbjwIul0BivXAe290DOM6t2D6hpCte2AziH8dFtdblvHcXDcVazVWSivwPI01uwVrPnrsDCBWp6rPFcQVPyfbUfXcKsIAjjwCOVTX8TdcRgnFmmqXwMgEqmaVOxMs167iZlXFYhIUx2pWolkjR7312vzjXyrldQB0McbkXu4hWUCr/nj8z0HfkqO4QuCIAiCIAjCXY6IVUEQhG2Ek2mne99TzL39H5qap7Q0T1tPP7YhStPBHIEV4DhOKJqgVo3dsW0whKUZ/acjWW3bBkWYU9Mcn5RDU7frPr29vezduxfHcRgcHGTPnj1kMhlc12VgYIC5uTlWVla4efMm+Xyeqakpzp8/H6YMuHHjBr29vfT19a0p9Py2IdxTf510tg3r5e/C8tyti1xdD7eMKk3D/CRcP1dZo2VjVaWgDaQBdF5cNybjggBU9bWCSkSqFsW3WhibeC7sOUnp1M9THjhRJ89NNipVNY1yskbaqjl+tVTVaKlqFqMK1Np9NG3qGjlrnki06vzMprcmTqZzhI6dp1hcXGp6LkEQBEEQBEEQti8iVgVBELYZvQc+wuz55sQqSlFcnKOttz+81GldwbNfZ846FSlQpaP3LMvCDwKs6vfxwkCQILzM89Iq+Xh+XKjt2rWL3bt3h/cIggDbsRkZGWFhYYGxsTGuXLnCjRs3cF03kjKgr6+Ptra2RKkal3le2yD+/Z8nHUDqlW9DYfndFZEmG4kmjQvVzYy91QQBjByl9MgvUtp5KhKpCkREfaNCVo0w86OahaziY5KkqnnviDhVCrv6ftb319Gs5nx9vB6Zyy2s4JVKm9mZRLr3fRjX9SQNgCAIgiAIgiDc5YhYFQRB2GZ0jLyXVL4XrzDb1DyFhRlyXb2RqFXbX8ALvFCU+r6PbdukUqnwmimqzLyrlmXhOE4lt6WKRrvqvKv6mhllqIkXMfJ9P1IMK5PJ0N/fz+zsLIuLi6FQ1SkDDh8+TF9fH1A73h0ppmUR5sUMizulOvDv/xw5toFcvRMJAvBd2HmE8iNfpLzroboIVH08H6qpIozXIKndzLsafw11gTQt6c2j/xF5a9uR4/86stoUmYFSla+qcI1LzjZ1jbwVjU6tRKs2L0N7D36EYrEoYlUQBEEQBEEQ7nLkt0tBEIRthu2kGXrgl5qeRwUBxaV5sKzwq9seo9+uROlpMQW13Kme51VEVVVWBUFQE6oQXjPFK1aDIkQJUjWp3bIsSqUSV69e5cKFCywuLob9urq6uP/++zl16lQoVeOEUaokpyLw0124Jz6Jeviz0NEbVrUX1kGnINj3EOXH/xal0Q9Aqq0+UrWBNI20h+67gVQ1/KOOWA1UEJGqQC0dhTm/kU81XLpZxMooWKXxfZ8d1psVGV/92XBLBdxic7mNAbr3PkG6+0Bd3lxBEARBEARBEO4+JGJVEARhG9J/3+e4+dK/wC83l6OxOD9DvntHmM8TwPEX8JSLbTt1Uaq2bYdCSEsss7iVGTUI1IpINZCaUC9VTdyyy+zsLJcvX2ZiYiJy7H/nzp3s3beX3t7eULZpImI2Yf6I0LPAyw9QPv4pMrlOrJe/A9NXb1/O1TsBHal68H0UHv2blAaO49hOYhoIfW1NqWpF8/KafeLtjYRrdHlBJBI1Lk5VrFBVvPhaOzdos6YjcxbmpqEFEabDD/0KxWKx6XkEQRAEQRAEQdj+SMSqIAjCNsRO5Rg4+cWm5wl8j9LSApbxvx77MgNWJWo1XlxISygtrOK5MuNHrs0j/+Ecqr4yvIkp5ZaWl7hw4QLXrl3DdV3S6TTDw4O85z0nOXHiRChVG0W7xtH3TxJ6bn6AlaOfoPyBvwnDh8AtSfRqEp4LjgMnnqb4/r9FefBEolSNFJtq8BpZloVlW3VSdT3pqqVqUn5WM2Jay1UgIv4D4/1sprSASlT2gPVyJVi1+j+vWKS80nyhqc7d7ye74wie5zU9lyAIgiAIgiAI2x+JWBUEQdimDJz8eabe/H+bjlpdnZsi29WNbddyrea5Ad4RcLqAmjTV8kkf/TfFls7Hqr8Po1W1cFvj6L8mHmna3tZOd3c3s7Oz5PN5RkdH2bVrF+0d7YnzrJViIC7rLDshn6eTY3Xf0/jtQ+Rfexbe/stK0SiJXq1FqbZ1oR74OMWTn6XcPhyRnnXRpNbmX6O68bGxfuCjApX4/jGFqi5GpaOuzQ8F4jlVzfsPps+RC+Yj867OTTa3d1WGHvxlCoVCS+YSBEEQBEEQBGH7I2JVEARhm5LKddN37DNMvPaNpubx3TKrM1N0DOwMr7U7cwylzjPNI3VH+6EqKX0fpypStaTSIksXs9LFisyoQLOQVSO0bMvn8+zdu5eOjg46Ozvp3dEbirIkIZc0R8LkDdMT6DW6QyexHu8nO3AQ67U/hbkb4KTv3cJWOp/qrvvwTn2O0uhj+Jlu7AZ7bFlWy6Sq7mNKVd0/usR6qWq2+b5fyxFcFatmpKpSCidYoYc3KjevUlpZorS8SLO0DZ6gffgUCwsLTc8lCIIgCIIgCMKdwT36G6QgCMKdwcD9P4/lZJueZ3V+Gq8UzfvYHlzG9lciUX6RY9OWhef7eK4bEVlm+oBIESuSj26bx/MVqk7GdXd3s3//fvr6+yrCFisxSlKj27XcNfuYhazi7fEiSl7HCCvv+SLln/n7cPixSrSm5za913ccnguBD4feT/mJX6Ww70n8THfDPdTFpPTrGHk/KCOf6SalauT1saL3Du9v5FXVmFLVfA9Hcq4qhed5DDovY1OuXQ8ClifHW7KNww/+DcmtKgiCIAiCIAj3GBKxKgiCsI3JtA/Sd+TjTJ/5VnMTKcXy9A16dx+ozW2t0h+8xLj/GACWVV9t3bZtfCPqz7IsHMdJLBhkWRZOyqmr2r5eioC1ClE1Gh8Rdg36mLI3rFwfSw9Aqo3i0MP4H95LbvTPsV7+7r0TvaqjVHeMoB78BIVDP005V5PbG91DM7duo/QAul8jqRrP2RovNhUXphF5X42u1vLf/ABA9/V9n3T5Bh2pK5F1rc7P4Lulprcy33+Urr1PsLCwWPfBgiAIgiAIgiAIdy8iVgVBELY5g+/5BabPfAeU39Q85eVFiksL5Dq7w2vd9mVc1c6Uek8k8lDnW9WFgdKpFLbjhDlWzWPYOjWASRidaLBRqWoKu0ZEImTXELdmJGujdiwo5/oITn6e3N5HcV79Frz5n6BcvHsFq+dCOgOHP4j/4OcoDRzHszLYJO9RKFUTUixEXoMGhajC18DS3aJzBEEQpgAAwnQSvhcVqnGZH/g+rutSdt3wvarvaRL4LrtyL2MZ7xXfLbMycxNaIEKH3vMlSqWySFVBEARBEARBuMcQsSoIgrDNyfXso+fAh5i/+J+anmtp4hrZjk4sQxa22xMsBGUCuz08Mg21I/+O4xAoRaAUtiG3tESybZt0Ol3Jz6oIj4rrOUKMQkVJOVM1SVGoleENjpbTWPg1qjwfP3qOBb6dZaX7ENbjv0726IfJvP5duPjjSnGru0Wuem4lSnXfQ3gPfZbizlP46UoBM4s1pGpCJOpGClGFkahVaaqFqRmhar5fwrFBJd+qmWoinnYiLlWTjv/rDwl2OOfIO9E8qktT4yjjA4Ktku3eQ++BD7OwtNL0XIIgCIIgCIIg3FmIWBUEQbgDGHrgS8xd/I9Nz+N7ZVZmJiOFrPL2LDusM0zzSERO6TyXAHZVmOlIVZ2H1XGcUKbp1AF1kap2fRTqetI0IvNi0nSjlekbHv+PE79Hup3i0MOUnzxE7sjLpF79Llx5vdL3ThWsWiAOH0Cd+GmK+5+i3D5cuWbknd2omDb7NHqdTMJiV2tEqYb9qB39b5S/NwgC/OpXXOKb6QKCIEC5S/TnzhEvWFVcnNv4/q3B4Ht+kbIXRKK4BUEQBEEQBEG4NxCxKgiCcAfQPniC7n1PsjD2QtNzLc/cJN/Th5POhNfagsuo8l7I9oeCSEtTy7IIlIJqgSuzsJApXzV6fPw6EMpOTZI03axUXfPoOeukB2ggZbEgyHazuu9pnJFTZMdfJnX6z+Dam6CLgG13yapzqFo2DO7Fe/AzFPc/hZ/pqjzvRvewwR6Zx/8bvU5Qi3yOS9V4wHIjMRrE5KkutObGiqpF1laNVPW8EgezPyJllyPtizevNLe3VVJt/ew4/HGWVgstmU8QBEEQBEEQhDsLEauCIAh3CLse/e9ZGPt+RZY1g1Is3rzGjtGD4aVcqsge+1Wuee9HkYsUsqoMUWEOSy3AbF3NvSq2giCISLQgCHBSTlSY6YrythUpkhS2b0DWNZKqG00PsJGcrGa7yvZS3P9h2PMY6bkLZC/+F6yxF1GzNyp5WC17e0lWLRrbumDPSdThJyiNnMLNDQBE8ow2kqobzam6lT2Oy1I9jx5rFqqK59zVUtXzvPD4v1lkS+P7Pr7n0e9cpD01gxmtujo7iV9qvmAVwMipv03ZtyRaVRAEQRAEQRDuUUSsCoIg3CHke/czePILTL7x+03PVVqao7S8QLajVsiqzZ6k3znNRPDeMNrUlFlQEWCpVKoayVhLAaClqo5kdaqFrlBGBGIQlXGoyjF9fZ+NRKqGbORo+jrCL8660tXJU+w7QaH3OJnjnyE/8SrWtdewJs6j5icqkaxaer9bslVHpep7tnVh9Qyhdh6jfPAJygMnINWmHzB8vjA/biOpeov2cDNSNbFYVRDgeV5dpKoW+brd9zxS3jRDuTPR7fJcliavUxcuuwXaBo6z49inWZTcqoIgCIIgCIJwzyJiVRAE4Q5i5H1fYebtP8Mvzjc91/z1MfoPnMBJp8NrPfYYi8Ve3LZjYSSg53kopcIiVXWiLVYwKJVKRdv9BIlVqZQUjvUDHxXUIhTXkqpbTQ+wXhTmhtqrMtjv3MVK127UoY+TXrlB9sbLFck6PQYrc6jiclS0hovfonA1BapJJofV1gXdFZk6P/gein3HyXfuSIzm1X/Wz2k+363ew81KVaikk9DjXNelXC6H70f9XjHHaqkaBB4H2l/BsX10tKpSirlr77SkYBWWzegT/5DVQkmiVQVBEARBEAThHkbEqiAIwh2Ek+lg9/v/LmPf+62m5/LdMnPXLtK3/6hxvD9gOH+OsdIITrYrkgLAzJmaFE2oo1XNdi3GtAizbTtSxMjMuWpZVl3VePN+jSrPhxGWsHZ6gPUKXW203WizLAu3fSelgx9D7f8ZHHeR3MI7pGYuYs1ewVqeguW5mmx1y9Hcp5UXAgK/uokOOOmKfDX72Takc1i5DmjvhZ5hVO8e6N2N27WLYucoXqoTgPwG91A/56ZSLGxwj+KsJ1VNoRqPUA2CIIyajr8X40JWM5r/CdnUUmQNy5PjlJYX6xe3Bfrv+wyZ3iMsLrZmPkEQBEEQBEEQ7kxErAqCINxh9N/3aWbO/ylL13/c9FzllUWWJ8fpHNoVXss5y4xkXuK6918BoFSQmHPVdV2gUuQqVS10ZVZw18IrIiJtKyLFwpyrhlS1dIShGWG5hvCrTZ7crgslWba17tH3dY/GN4iWtSwLy7FQTg/F3MNYw49U1u2tkilOk14axyouQGEBq7AAbrEiXb0SpLLRF8Wr5v/MdaFyXZDOofLd0NGPynVTbhugnOsPj/iH0jNQkTVuZg/XEtcbjmRtsEcbkarxPqZo1YWq9PstSchW3muVnKvd1kV6UuORLS0tL1ZTADRPKtfDrkefYWVlG6YAUC6Oe4mUP4VtSSRtKwiUjecM4Kf3g5Vef4AgCIIgCIJwTyFiVRAE4Q5k9Il/wOk/+HzzhayApcnr5Dp7yLR1hNe6nRt46ifc8B7Cth0cJ1qESkcOQqVQUEWM2uH3ZnSrbdt1OVeBUKpqLCris07mVRrXFYK3SqqqqrB0LGdTQhEgcHIU8rso5HdV8tNSxvaLKLdAurSA4xXwU/lKlGoVx12FwMNP5XGz3QROBt/Kopx85Dki66P+GcPozy3uofmczYjnQG3u+L8pWXUKANd16wpU6b6VfKsVqZpyp9nd8Ra2ETbruy5zVy/Wjd0qI+/7Cr7Vhu9vL7Fq+cukCy9hWR4AolVbRyq4ilO+gZt/GOV0rD9AEARBEARBuGcQsSoIgnAHku89wODJLzL5+r9tyXyzV95m8Mj92E7tn4Ve5x0WlnMU206G+Szjx65t2yaVSoWSTOdi1bJVpwcwI1l1zlWdm1KnB8AilHCmdA1zaVI7Kp7UHs5PtE/YZhyNr4uWXePofKVQVzX6s9qshWYkX6lNmDe2UTSuTxbfzkK6Gzc/FCnoZUaLRoQoVKVm9DmCIIiON9o2sodmYbGN7GF8j5LaG63PRI/XR/t1X00oVXWkajWnqjneLFQVBD6BH4C/yoH2n+A4XqTv7NW3Cdxy3Tq2QtvAcfqOfYaFxeWWzNdKnNWXUcFqC8pyCcmUSa2+itv5wdu9EEEQBEEQBGEbIWJVEAThDmXXo88we/4/4LWgkJVfLjF39R369h0Nr9k2jHSOMVYcQTkDkcjCMF8qhDkwATByq9q2HZFwWp7FoxfN9ABxGWdKST22ThhWIzWBZCFoR6NIk9rj4+NSs05cxoViAymadH+zT3h9HanaMIp0E3u0kT0Mc65uYQ/jhaqSpKrGlKoQLVJlSlU/VhjKjHKtjK++p/AZbXuNbKqAmeR1eWqccovyqmLZ7H3yf6JQLCdGz95OrNUzqPKsSNVbTgm7cJ4gf+R2L0QQBEEQBEHYJohYFQRBuENxMh3s/sBvMPZc84WsAIoLsyxP36BjYGd4LZcuMGq/ynX3A/h2W3jdPLqtv/c8D8uyKsf+Y3kwdbSrKdJ0igALK5R0SdL13RCCZi7StcYnEpOia+WN1cfmw2dIWN9GpKqWlvFiYPHXZit7aEbjbmYP9TP6gY8KVDQi2SAuVeOFqzzPq0hVo4++rylV9fF/FSgGUhfozUxG7lNeXWbx5tW1X7tN0H/8c2T7jrGwsNCyOVuFWrlEEJRu9zLuCdTyBRCxKgiCIAiCIFQRsSoIgnAH03/fZ5g+9+9ZutZ8ISuA+etjZNo6ybR3htfanFlGeJGrpVN45LBtJ4xG1ZGqkSPx+r9VyRo/6m32j+fWhHoRF/a7RUIwsqZNRJomRapG8sYmRLrGj983ekbzaH3DPnZljevt0bshVfUz6kjVpNcyqYhVklQtl8t4nheuUd83qVAVQJd1iZ35c4SbDgSex8ylc6igNZlGdcGq5eXlbRetCoA7h5Ksqu8O/hxsx/eAIAiCIAiCcFsQsSoIgnCHs/eJf8ibv/+5lhSyQilmxs4xfPRB7FTtn4jBbiuwAAAgAElEQVQOZ4LB1BtcLT2IZdlG91qkqk4PYMo0LcK0gE3qA0SEm04lUJmAiHjTc5iRphuNVF1Lmm5mfGWShCjRBnlfG7avIT2T7hHPqZooZpu4fzxvbNIzbiT9gH4t42uPS1RzXv0e8TyvLlLVHO+6LkFQlfmBop2b7O04jR07BD935W38cusiOHc//vfwyON526tglcYvzGCl8rd7GfcEyi/g3O5FCIIgCIIgCNsGEauCIAh3OPkdB9jz+N/j6l/8k5bM55eLTI+dYeDQ/RE51pe9juVkuOGeAurTAehCVbqokO6j0WkC9PW4aDOlq76vjnyMF7paSxquJwSbGb/W0fxG0jLOZnOi6uePSNX12o3nXE/aJuWVNfPerreHev4wzy41ga7X1ihaNbymKnlVTalqvgf0e0oZ8jfjT7Ov5xVsO8DMq7pw4zKFhZnEvd8KPfufpvfwJ5ifbz6X8a2itHCFdOceLOvdUn6fpv/RB0l5Yyy+9K9YbdTtwDMMD/QbF4qUL/9jZm82mM+8ZM49/MsM7t2HXXiVm69/t/Y90xR+9FV0cobu9/wW+XyjezSP8ku4K+O0rd9VEARBEARBuEcQsSoIgnAXMPzgL7F0/SXm33muJfOVFheYHTvPjn1HIgKvx77EYilNIf8AoCNNAyzLDqWoThPgum5ElmqpCtFiVhCVlVoMxqUtJAu/VkWarhvJahS5ipOUGiBpDZuVquFYPT72/JudfyN7aDv2hvfQlKrmM8TnX0uqBkGA63lhoSrz9dftWqrq9VveCoe7XiJlu5G9WJ66weL4lfjLs2UynSPs+9D/xtLSUsvmvBX47ir+3AVSuR7sTPe7ccfqWyIg8Ir4CT3aT/7P9HTncSd+k8kLlWs9D/0O7Xt/i75c7RqHfoNdQ4Ow+hLXX/mj6sXPM/j4w3Q9+ms4P/i/mPerf1coH98rgv6efrLHHsZ/8weV1SgAhfKL+F7rntZC4ZcW8IqzrZtUEARBEARBuCsQsSoIgnCXsP/D/ytv3HwNb7U10Xqrs5PYjkPv6KHwmm3Dnq63GVvMspo+aOQDrR3pNtECLik9gG7XEaqmlF0vj6WZrzScv4E0DdexiaPt5vi11rJWNGtSFOhmj+cnPWP8/msVsorTKEVAo/GN9tBcWzwqOSlSNakQlapGqbqui+t5de3xSNVwDd4qR9p/SDpVjjzbyuwkc1cu0CosO8XBj/0fFD0b33fXH3AbCTwXcCm7N7HsaZxMJ3a6HUj+IKB5qj/nKkCVC/XZXXf/d3R152Hlx9x8qxBenv3Rt3E++FlyQ3+Xnrd+h1l+geGhQXAvMPejbxrzfJOb3/umcbuaWA3KBUOsgt39YfoG/zNT1wh/3pRfIIi+PbaEUj6Bu4xfXgaVpI8FQRAEQRCEex0Rq4IgCHcJqVw3B376dzj3nf8WWFtMbpSlqXHsdJqekX21+ziwr+stLi3AavpAGK0KtZyrQJ0sJSG/plnsyoxgTYp+jEQyxoRkPIqyrkhUE5Gq5r1NItKxQaRsOH4LUnWtZ6y7/0aescER/qQ9WmsPk/KpxvGNY/1JaQCANaVqpUBVEClUpaXq4fwPyWWKmJa5uDTPzNg5WvW+B9j16FdI9xzZ9tGqAIEZnul7+G4RmMJ2clipHHYqBy1NE6AlY4DySnURq119I9iAu/AvY5Gj/5HVpY+S29GJM1LC7xwlDQRLr7DgrZETN/y7wcf3Ssb3AHlyI1/EH/tG9dVXEJS2HrEauARekcAvovwW2FlBEARBEAThrkbEqiAIwl1E957HGHnvlxn/8ddbNufC9cs4TprOoV3htZQTsK/rLcaWbErZWkSrKdDMnKs6QtU2ihppaar7rxfxqpRC+QnibB3huNl8pRs+ng91sjU+fivzh33WaUcZ97cI0xSEBb3Wyqu6wTVGHyxaSEyL0/jrqaWqlqNJ4jVJqppH/3Wkqi5UpaXqwdxfkc9GC0iVVhaZPP+mPgfeEjp3vZehB/8G8wuLLZvzVhJ4yRYx8JahtAyAZTlYTgbLTmM56SbzsRqpABIiVtOZNmAVb64+crTyMrVhtxXoyHYB4K386doRpl5QuZ+OWNXfL5+lkD1Gvv0BhkYKeDpi1dt4xKoKXFTgEvguKijDOtHygiAIgiAIgmAiYlUQBOEuY9f7vszy+EssXvtRy+acvfI2TiZHW2+tEE06pRjteIsryxal7MFQqlVyrloEQUX0aSlqRrI6jhOJRPU8ry43pxmh6vt+RApG+ipCCRiPiDUFZDzSEqjL+7re0X9TyobrNHKvxtvjAjRpvCk8E9sNGuZMtezGQlWPS5LSG3xGc1/NI/5QE+j6Na5J0VrhMVOe6nYtZs0v3dfzPHxDFlpBgQO5l2jPLWNGqpYLK0yefwMVtC6hZirfx8Gf+ScsLa9Eoqi3M763kVQFLrjFyBXLTmHZKbAcLNup/DmebyL5jtX/BgRukfjuh7lOgyLxpQX6vamKkT9X+n2M3R//ZdrStf7lKz/P2EItFYDnFmsRq2qCq2cDDt5/nPyR/5HVYvy+qpKuQAWoIAj/DAEEPmqLx/vXS1UiCIIgCIIg3DuIWBUEQbjLsGyHAx/9x5z+/b+G26J8qwDTF08zePQ95Lp6w2vZjM++rjcZW/BZcfajlKoc/085obT0qlGJZmSjxjaKFEFFwmmhakpP3RY51m7QKC+rWajJ7KNlYN3x+9gcug9A4EejL83xjYSmef+GUnatdv2sisToT3MvEqWrscb1pG18DaY4Ndvjr4N5f1OqxvuZkaheg5yqSVI15c9zsP1l2vK1XJ0AXrnE5LlXq/lFW4XFoZ/5J7jkcd2Gte63HcFWz70njrMgTB1hY1W/rwlXCyjXIkhLy3hU8izrPoXCMt2dHTgdBeKn6QP9IYhfYGZpjsH+dpzcT+GX/wT4Fpe//S0Aep/6NwwPdqD8VXxP53R18UvLEH5fxjv9P7C498/o7TpeFbIKVZqivHxnSHFBEARBEAThzkbEqiAIwl1Ipn2AAz/9jzn37b9Nq/JOKhUwef4Nho49RLajK7yeTikO9LzFOzMFltP3xcaoMBWAbds4TkW4msf+7SCoipuKaHVSqVBWatEayTVat65otXmoilO7lmpgLeGoxzWSnhsZnyhlY1I3/jJsVKo2ksaVTtXn9pOP3MeLTdXNb4hhPYcpRCPrU9Fo33jqADMK1ZxDj/c9D7cqXeOvmb7m+z6BkQ4i5c9xuPMlctkyZiSl77pMnn0Nv9zaHJgjj36Z/PAp5ufnWzrvraa1cnkjuNW3k0dQmK+LWJ0ce5uBwYfI7vhV3NXfNlp+jo6eDuAyKy/M4PLHLO/6O3T0PEz36v/DtNGzJmBncd3qHVQZtzAP4fcuXnGJq2dfoet9D1H5KEahghItDGIWBEEQBEEQhIbcqnKxgiAIwm2me/QxRh79MhWj1pov5XtMnn2F8soCVjWQzbIglYJDA5fo9t/Crh7zj+fMjFeH1yLN9Txc1630iRUuMvN0NhKMZl8wolGxCPwgIgzDiNgNSlW9zrUiVQN//UjUumjX9aRr9R76eH8cLT3XEq860tX3/DWjbc1nTJKq5mtlvn7m/m1EqpZdt+41jUtVvxrJqpRPmzXBfb0vks+VI++1wCszceYl3MIyrXxvd+5+Lzsf+VUWF++MvKomge+9y1/6CH/l74S69jd+jZs3lqD7Zznx0b8WXt/9mb9DRwaK57/IFd8j8H+fC2NjkHmIkc/8Zm38B/41I8Od1YfzQsmKUpX2+Pf6fuGG3NrnFwRBEARBEASNRKwKgiDcxex6368xP/Z9VibeaNmcvu9x461XGDx8krbegfC6bcOB/svcnCuxYD2AS66azxAsqyYRtQCN50yNX9PX1xJ9+s/m2Hikpyn6HMfZlFRdLydqw/QBm5G2STlTdVGvpCDUmNht1Mfcm/oORNIDmFGk8b1OEqrm/poi3IxmDdurUtU8/m9GJFfG1eSvUj4djHOo8zROSmFGqrrFVW6eeQWvFE0L0Cw6r+ryyuodk1fVpFHxqlt4x8p/sqfY9St/xS6jxRv/p7z+J7/PxL97momn/ohTR3+DB3/lN6qtSyz98GneNv86+t7nefl7v8XxX/0kD/7KxyN3KZ57hLeeB+5X1dQDQeVZg9j3wMS/e56+X/0kOUAFnkSsCoIgCIIgCO8KlpIM/IIgCHc1bmGO03/w85QWrrZ2Ysuib/8xuoZ21TXNFge5snICZecBcFIpUtUj/rXhtahL27YrqQJsO0wFYAo+s09c7JnzxKVgXBg6jlPNHVmTmpFHalVO1Ebzr5PzdEPzV3O+rlVoq5FYTRofP5ofl8bmV5K0biRVqUrXJKkaPl9CpGqXdY0DPWdx7KjgLC0vcvPMKy0/9m45GY5//htYXQdZXb1z8qqaXP6jj0HwbqcDuDex0u2Mfva7t3sZgnDH8KMf/YhPfOITt3sZgiAIgpBIK06rScSqIAjCXU4638uxz/4ep//gi3jFhdZNrBQz77yF8l26d+2LNO3IT+JQ5PLSCfxUb7V7tFgRVOSalqJQrRhuRLSGwtUoZBWPEtWCT8/TqMiTlqpaeG41knW9nKtbLmS1TqRrpRMNn9FcB7BmIax4NK/Zx9zjRveBSiSrLlSF7mNEouoiVXHpGk0DUIlUrTQG9FiX2d/7NrYVlaqFhTkmzrxcqezeSiyHwz/7T3F6DrO8vNzaud9FUp17Kc+evd3LuCfI9tR/kCQIgiAIgiDcu4hYFQRBuAfI9ezl6Kf/b858628RtLja+ezlt/HdMr17j0QiUrvzSxzgFa4sH8dP7wGiQlWpAMuq5QnVctRMFaD7xwte6XYz4tWsPK/bTTmr77+l9ABGzta1ikSZ94g0byIStdE99ByNpGtcqurj+3oP4utqtFdmTlzdDwjnCI/+a6lamSDyOmqpmlSoqnbv2vF/KygwlD7Hrp6btQ2tsjJ9k6m33wzTSrSSgz/9j8jvevyOzKtq0nHgE0xPvnm7l3FP0HHg441TbAiCIAiCIAj3HCJWBUEQ7hE6dj7AkU/+c85++78B5a8/YBMsjI/hlYsMHr4/zKcK0Jkvcch5jUsLRYqZA2GkqGVZOKlUnazTgs+M3rRtG8/zItLWjHLVMjBepV4pVZeX1SyWFApXy8gJukYkasMo0WbTB8TbG0WiNkgfYLbHj/fHUyPoe8RTJOj90TI2Hq1qPn+8AJVlWdjV/fM9D7cqVON5WfWf40f/U/48u9vO0d9ZLzcXxseYGTtXd70V7Hr0GboOfoz5+flbMv+7Sdehj7Nw7o8pTb91u5dyV5PtP07nwZ+93csQBEEQBEEQthEiVgVBEO4hukcf48BHfpuLf/4PSKx61ATLUzcJfJ+how9gO7V/XrJZxZG+M1ybnmLaOgHVvKtQk3pmJKo++q+P/2sRqAWePm4eF62NikgppSI5Ps1coZULtXyjiZFoan3hqdfZjFRds1hV9Qh/o5dsI0f39RoaSVUz4jQ+h1moSqcAMCN+tUg1v+KvUXh/3RYU6OQ6o73vkMtGi1QBTL9zhoXxyw2fpRmGHvgFhh758l0hVTXDT/421//81ynPX7rdS7krSXfvZfjJ377dyxAEQRAEQRC2GSJWBUEQ7jEGjn8arzjH5Rf+95bPvTo7xfgbLzJ8/BSpTDa8bjsWo0MzdBde4fLSCVS2PzzeD/WpAXRagKTj/47jhBGrZhQqEDn2H5Gn1ORgvLBTowjNsNDVehji1VzHZqVqYrSs8Yy1fYoW7NLj40f7TeJCNbIOQwx7RnX5eB5bHaUaGJGo5r09z8N13Vp6AGN+s0iV77vYQYHBzAV29UwQ32KlFFMX3mRp4nridjdL74Gn2f3Bv8/8/PxddaQ73THM6Ke/ycK57zL7+jdxF6/d7iXdFaS7drPjPV+i++insVO5270cQRAEQRAEYZthqbvptwpBEARhw4x97x9x89Vv3JK5U9kcw/c9TLaju66t7NpcmjtEIXMQqElFACeVIlVNERA/wq5loo5mNcWi2R7Pq5qE2TcuRONjzbZGxKVs0vH7ZtrNPvFIXTMnqild4+kFzIhc8x7msf1GUbuB7+MZ0ajmfmip6seEa3ztWqqm/HlG28+yo3Olrp9XLjFx9mWKi3OJ8zRL155HOfzJr7OwVKgTwIIgCELr+fGPf8wnPvGJ270MQRAEQUikFbUWJGJVEAThHmXvk/8ArzDH9Nk/afncXrHItVd/yI59R+jZfSAiAzOZgCMD57g6Oc20dQJVTQ0Qjy41oyeBUKbq9qRCVrqfmS/UnDse6RmXgVq2JQlC3/dviTTdSHtSH1OqJq3XFKVJwtSMsk2aw2zXR//NfnrvwmJWvh9GHZvSNQh8fN/F8lbptm4wuuMS2Sx1rM5NMXn2NXy3XN/YAvJ9hzn88X/O4nJRpKogCIIgCIIgCC1BxKogCMI9imU7HPjo71BemWTx6l+1/gZKMXvpLIX5aYaPncJJp417W+wdnqWv8CPemTtMObMT20nXikglRU1W5V1l6sb5VH3fD6Vj/Ni8eezd/G+8PS4kdVs8kjUuPE05vNbRfLNP/D7xY/bx9ABaqpq5TOPta+VL1fPq9SVFoIY5VT0Pfw3xGqYHMFI5RCJhjSjV4exFhnvn64/+BwEzl84yf/3W5QbNdu/h2Of+BUsFLyLkBUEQBEEQBEEQmkFSAQiCINzjeKVlzvzxL7Ny841bdo9UNsfQfafId++oa/PdgGvT/cw6J7EznUYkpo9l2WGu0/XSA4RpACyLwBCSZvqAeFSsnsPMqRpPD2D2ibfHc7KaBbe0dDSlbLwgVyMpmyR2k3KqmlK0kVRtVKxKi9Mgll7AnNvzvIgcjue1rUSy6vZ6qaq8FfL+dUa7L9HRUf++cIsFbp7+CaXlhcT3TStI5Xo48defpaC6cF33lt1HEARBqOfFF1+UVACCIAjCtqUVqQBErAqCIAgEXolzf/LrzL/z/K27iWWxY/QQO/YdSYzgLJRSXJg5RCm9C4uKgLQdG9uOStG4bEylUhH5miQ8U46DXZWaEM1XqqVsPGLTHB+XqknRrGtJ1yQpmtTe6Oj+WtIUqNsfLXWTxG2kEFUsb6vur6WpTscQj/Y1j/5X2mv7VxGyJRx3lj3t5+nrWqmLUgVYnr7JxNnXCLxbJzuz3Xs4/oVvUvDzlMu3JsXAdmL2L/8Zv/OtK/UNo5/jN3/9Meo/1hDuTGb5y3/2O/zkkd/k1x/bEX4fvvTyegvbCBGrgiAIwnZGcqwKgiAILcFOZTn6qa9y6f/7X5h849lbcxOlmL18ntX5aXaeeIRUJlphO5/1ObnzLBPTV7jhHsNP92JZlUJWpmg0j++buVTjslZLUaASwaqPzZvCskG+U1NIxnOw/v/t3X2MHPd93/HP7t4jySN5R/IoHqU1pZNEyYlMJVTcYx07tpG4kSqj5bFpUyOo26KpBERKixZipKAFCqSBGLIFHEgFpKRBEbRO/mhJtgkgOVBRK0VlXmwyluIHhRJPIo/iUeLDPfGO97C7M/1jd+5m9+bh95ud3b3jvV/AYfY3v8eZXTvM19/5jX8uf0A1qL+/TfkWRD+eHxZUDepfex9qH++vDdwu37/Ki6hqtxzw1l+9Z2r1OvzjO87Kfc9kVvZTdQtz6ste1N27PlJHuyRVfy+u4+jGB+9q6qPRVfcgTZt3/6QeOvz7ml3MqtCgfVvXpDUQVJs485JePPtYy9exUYyefFGnBp7WiWcHK+Xn9OLJfp04MtjilQEAANz5CKwCACRJ2Vy7Br/y2+rsGdDl73yjYfMsTE9o7Oyf666Hf0qb+/qr6jKZjPb0z2tn4S91+ZMe3XI+LadzpyQtB/IkKZstB0yDApVBGaLeI/O1e6pmffX+NrWBWi8wGfWiKX9w0z+HyeP7/v61e55684VlotbO7wVEXddV1je+F1CtDZh6qvZWDQi8eufK2wOU5DqVNeQyywHVruJHumf7R9q6pbhqfElamp/T1R+d1eKtxj36L0nb931B9z/5u5qZXVSxgRmxQOuN6u2RvIZfWAmiDn5pWPkX39bokUERWgUAAGgsAqsAgCp3H/o1tW/aoQ/e+LcNm6O0uKgrb4+oa1uf+h98RF0926vq29szuu/uOS0sntWH1+/SXO5eudluSZVgYiWeGfSiq6AXQEnVQVXHcZTL5eS4rpxisZzF6nuU3z9O7QumvLrawG3Qy51yuVxVQNUbyx809Qd0/fuZep/9gdXawK3Xz5+tupyRm8nIlZbnLRaLoS+7Csp09W914JUdx5Hj3zs2m5FbmFOuOKG9Wy5p57bblcf+q7NUi0sLunHhx5r5+HLtTyF1fQ/+ogYf/w+amr7Fi6oCVG0X4M9uHT2p516ThjSikbG8hl94Vod0Ri+9eEpjkpQf0pBGNL78+Hk5M/IV7713Q0+XMyRHT1bGH9OLL6kma7X8yPr4EyfkJVNOnHlJL44/sZxdGTimd14r5aqs2KC1+1Jly32HNTx+qvK4/JCePnFkJeg4elLPvbLyAr/8cMg1+u/XhO/eSBp6+oSODNZe36hOPveK9LS//JoGKuur77vwDOrIiWerv+TJcQVsCAEAAIAGILAKAFhl94FfVq5jsy586zfklhr3GPXC9E2Nfe9Nbb97UDvue0i5tvaq+q5OVw8NjOv6jU/0yeKntNi2R9mOnuVH/KN4AUd/cM0LEnoBz9rAm/fyK0nLAUp/pqik5f1Y/XuU1gY7/futhmWZ+gOn/vH9Wxh49VEvoZKCH+/3v8gr6kVU/oBrUKDaK5dKpfILqZYD1UW1FabUl72ogf4JdXRUb6vg9Z0ev6gbF34kpxScxZqmu376H+ueL/yGJienql4+tqGMndKLz53ynfAFEUdP6sVTA3r6xLMarAQ5qx4ZHxuRnj6hE4NSOQh6Shp+QScO9VWCj1L+sXLTiTMv6ZXxYb1w4pD6KgHElwZe0LOHjuiF4fGQrQD6tP+xvE69Paojg4OSJnT+7JiGnhiMGdNgQ4GqtQcYOaXxSv3oyef0yksDlfWN6uQr4xp+4UQ5GDt6Us+98m2NHjqiwdGTvvWU+33zzH49e0g6881TGnj6hJ4dVCXIelKjJ45UX9/o2xrP5zXmK4/kH9MLfel+F1UmzuilV0Y09PQJslUBAACaYPX/FwQAgKSdD39VDx/5A2XauuVKDf2b/GhUH478b01fHZMrSZnM8l8ml1X/blc/MfCBPtU2ovbb51VcmPa9mb6gYrGgUqlYFaz0MjC9P39g0v/4f6FQUKFQWGnrOOVMVsdRsVDQ0tKSCoXCqkCd6w9Ylkrl4GYleOnVLS4uLvcvFgqrgphVmaQ166sN3DqOU9VGKgdnC4WCFpeWlsfx34NCsVi1fn/gtHb+sL1fvXvsBVVdt6Rc8aZ26/t6eMc57RuYVkdnruo7Uyaj+ZlJXfrem/rk/DsqlYoN/w196ou/qbs/v8GDqlI58/HECZ1Y/lvJzBx9e0QaerRS7tOhJ4akkbe1stvtkB71Gk+c19mxvB7bXwlqDn5Jw3mvXTkgmn9sfyVwOqgvDec1dva8JmKW17f/MeW9OSfO6+yYN2fyMVetPUh+WF8a9C5lWPmxszo/UZ7nyImVDNeJa+PV/cZO6duVGzR45ERVkHfktTPltfUd0rOV+9zXPyCNX9NEZayBJ57QUKU8+vbI8vWl9134VLJoNfyC2F4VAACgOchYBQCE2pY/pJ/4+/9V757+VRVvm4U3kiotLujjH5/T1JUPtXv/AXVt7a2qz7Zltavf1U7noianxnR17h7N5/ZKuU3K5rLLb6YPyrqUFPj4vT/bNJfLlbcHcBxls1mVQrYQ8PoF7rnq2/PUC4Yu96/UV71sqhLQdLy9YwP6+1+25Xgv3/JlmtZm3frX6QV+a/d1DQrc+u9R9RpKckqOVLqt9tKk+rs/0s4d0+royCnonxHFxQVdv/BDzVxt0sPImawefPIb6rn35zUxMRH43W8U5UuvZB6vqp3QJ+NS/uD2lXvkHVx3+We23HdiXGMa0OO97sq4lUlcd1LjY9LA472+QP3K3IpaR++DOpg/pbcvDOs+jWts6IDuc125mogcs3ImuK527bX3RZIGdqnXq+/dpYHl657QmZeP6bT3RH4+vzLWfcM6/pR09JXntLw7wVPHNTzYq6Fnnpf78rGV7OD8YT3/zCH13XdAQ2Ov669vPiidlfZ8bbuk18rl8bwOfrFXrnuzzu+iV7sGvO9i5YpHv31KY0NP6fhQrzbyfw4AAACaicAqACBSz8CjeuRr/13v/o9/qoWpSw2fb2F6Qpe++2313jOonYOfXrU9QCab0Y4+V329lzQ7c1FXZ+/SjHO/3I6eVWP5A4a1+6V6vH1EvX1Ds9msCoXCqsfqvXFqX3Ll1edyOalmP9WqtZQnk1vJWA166Za3nkIluzXsRVmFyhheYNXbnsBr48/S9b+My7/fbFxWZzkou6hM8bY63Sndtfkj7dg6p1wuI2n1Vgyu42jy8qhufPBuUx77l6RsW5f2/53/pPb+xzQ5OdmUOdevPvUPSGNXJyUZPFrfu0d5ndO1CWlwVfNe7clL54IrY9ex/2Bep98Z1QGNaOjAcApjGhi/pgkNVvZHvaZxSXskafRNnR4b0lPHhyvbJZzS0Vd9/QaHdfx4eY0TZ17WsVdP6cDxYQ2qT4eeOa5DkqRRnTr6qv7ozH49c2hQB4bG9M7kpKSD+mJfn3RQevP8eY3roL7WV74H9X0XE7q2fAHV8nt6V58EAABAw7AVAAAgVnfvPj3yK6fUd/8vNG3OycujGn3rz3Tjg3dVKiytetQ8k82qZ3tOD959XZ/e+pb6CiPKzY8pU5pVqVQsP37urt5T1L89QO1j+f6tAWpf9uT1LRQK1Y/4Lz8i76pUeTTf/+d/zN7LIPWPX1vvjRtU5/8rFrS1D34AAB7tSURBVIvLc/tfPhW1fn/Qt9x2ScViQa7ryHWd5fu2tDSv0sKktpbe1/6t39Mje99Tf9+8cm3ZVd+D67qaGr+kD868oWvv/6BpQdXuHQ/okV85JfUe0OzsbFPmXO8GDwxJI+9UHjef0JnXR6ShA8F7cfbt18H8mM6dr2Sqj765nNXpBUfHznmP6Y/qzdNjyh/cbxImVN/+g8qPvKpXR/JaiQNGj9m7J1+19vPnLDOix85p5VJOayx/UPuXFzuuaxPlcc+8vvISq4kzL+voy2eWtyLo6x+Q8nvUq1GdOnpUp5af2y8HhQf6ywP27slr5PXXNT7Qr75Kv/Fz5yTf/UnyXZx+szLhxHkFXf7g8HE9Y7IfLQAAAFJDxioAwEh793Y9dPgVffz9/6aL3/5tOcXFhs/pLC3qxuiPdfPieW3fe6/69j2o9q5Nq9pt2pLVvi0zcko/1PR0Rh/f3qtZDUjtm9XW1lmVpVoOVDpVWwdI1S+R8uq9l1x5df4gplTOYG1ra1su+wOXXpZoW1ubcrlcVaarvz6bzS6/rMq/56nHn6la+zIsb4zabNTyWr2gcrZqDP/j/cv9sxk5TlGZ4m21u9O6q+uK+vpuqWuT129li4LlcYpFTV35UBMXz6u4uGD/5dZh94F/qPzP/aamZ+dVXGz87/COMTis5w+/rGNHj5bL+cN6fjhsM84+HfraYZ07dkxHT0saOqzDeemcV3voGT119aiOHT1dPjH0lI5Xgnp9+w8qf/q0jh29upIJWjX0fh3MS2PyBzdjxjz0uIZOv6pXj45Iyuvw4aGVxZgYGtDVY0dVvvIhPXW88mKtwS/qcP6YTh87qtPK6/BTh5V/tZIdWrse5XX4+WH1SRp+/rBeXh6vstZB7/LK16+Dlahx7x5pbFwHv+a7WNvv4pmndPXoqzo6Ul7/0JBUsxusRk8d1et7nie4CgAA0EQZl02YAACW5q6f1/k/+XXN33y/uRNnMtq251Pace9+dW7ZGtl0Yb6oybmtuj4/oKXsTqmtOiCbzeaWA5qeUqmkUrFYfrS/rW15T1IvcFn76L7/8fvafVf9QVN/f3+9V+f192eYenN4f/6A7OrbsjKGFzh1XXfVNXrX5zhFVTYnUNZZVJtzS1vbrmvXlglt2eIomwt/oKVUWNLEpfc1cel9OcVC5HeQtlznVj3w+O+oZ9+XNDW1wV9S1XTlvUivPn5cofE/C80MAo6eOqpX9ZSOp7FwAFbOnj2rJ598stXLAAAg0MzMTN1jkLEKALC2edd+HfhH/0sf/p/f0ifv/FHzJnZdTY9/qOnxi+rpH9CO+x5W97bgwExXd5v2dN/WHveC5m+/p4nZHl1fGFAhu01u2yZls9UBR8cpyXVWskBXpvQHRKuzQGtfAOXPhPX392854N83VVLVOF6mqTdGbVA3ao6qF01JlRd6ledwHEelYlGlUnmLgay7pE7NaFv7de3omdSWTUXlOrx/EgQHVQsLtzVx8T1NfjQqt+aFWc3Qs/cx7f/qN1Rq69XERGNfpLYevfHGG3rjjTdSGev48eMq7xv6uvY8/4wO9amyFUBeh3ulo0ePxg0RMa4kjeqdkbwOPt+XeCz7OcsaPd9a8uSTT+oLX/hCq5cBAABwRyNjFQBQl5vv/Znef+2oSov1/699SWzq69fO+x7Wlp13xTd2Xc3eKujmXK9uLg2omN0qJ9vpa5BVNtumbC6rbDbnC3quBCxzlUf7/bw2kpb7eYHRsEfzTYKmtdmsjlOqZMLmltt4/VzXXfV4f7m+qGKhqKy7pC5Nq7fzurZ3T6tnc0m5ttUvoaq1cGtKNz/4a01/fFlyW5AhmsnqnkO/prv/5rOauTWnhYXmbjuwkU2ceVnHVjZW1dBTKWSrjp7S0VdHlD/cvEfWyVgFWoeMVQDAWpZGxiqBVQBA3RZnruj8n/xL3bpytmVraOvs0tY9eW0b+FRoFquf67ian1vS7EKnZpZ6NVPYKSfTJTe3SZn2zctBT3+w0h9wlVYyQf17rnqBV69/sVhUqVh+oZPX3wvM1j66Xxs09ebwAqflOarn9++XWh6zJMlZfsS/SxPa1jWlrd2L2tyTqRo7TGlpUdNXxzQ5NqrF2WnDbyB9HT179OBXv6Hu3Y9qamqqau9ZAMDad+HCBX3+859v9TIAAAhEYBUAsGa4TlGXv/OSLn/npdZkNvp0bO7RtoF92jaQV8emHqM+rutq4XZBcwsdmlnarrnFHhXULSfTKSfTIbdtk3K59uUtBFzXkVNaeZGVty9r0J6m5f1Os8v7tnpsgqr+NuW6kkqlwnI2antmSVl3UVtyN9TTMaMtXYvq6iypvavD7PodR7M3rmrqow81e218OcO2Vfoe+IoGf/F3tFhq0+zsbEvXAgCwVygUdPnyZX3uc59r9VIAAAhEYBUAsOZMX/6u3vvTf6GlW1dbvRRJUve2Hdq2d5+27smrraPLqu/S/KKWlhwtFLt1u9ijheImzZc2q+CuvAjLyXTIyXYvbyHgz3RdeUlUVrlc+3JgtTbTtDYb1h+Q9TJQpfKLprLuknKa16bcnLrabqs7N6PO9iV1tksdXW2RL56qVVxa1NyNq7p1bVyzN67KKSxZ3Z9GyOQ6dO+X/412feZrmpycVLGS7QsAWF8mJiZUKpX0mc98ptVLAQAgEIFVAMCa5BQXNfb/vqEr3/19uc4aCYxlMurpH9C2vfvU079X2Vz8/qJhSiVHhSVXhSVHi8V2LRa7tFDsVMHpVsnJqVgqj13KdMrJdMaMVi3rLqojc1vt2dvqyC6qvc1RZ3tBne0ltbc5au+Q2trMg6d+rutqfuqmZq9f1ey1cc1PT0paO/8M6HvgKxr8ym+pmN2iW7duiX+iAMD6deHCBT366KPq6TF7cgQAgGYjsAoAWNPmrr2r9197TrMf/6DVS6mSyea0qXenNvX1a3PfLm3avkvZtrZU53AcR07JVakklUquHMctH0uuXFfK5TLK5jLlYzajXM5VLpe1yjiN47quFmYmdXvyum5PXtfsjY9VWlpMbfy0tG/epfv/1r/Xtvt+XlNTUyoUCq1eEgCgDh9++KH27dungYGBVi8FAIBQBFYBAGue65T08Tt/rItvHlNp8VarlxMsk1FXT285yFoJtrZ1drd6VYkUFuY1e+Oqbl27orkbH6u0Bh7vD5fRnoNfV/5n/5UWiln2UgWAdaxQKOjWrVu6efOm7r//foKqAIA1j8AqAGDdWJwZ18U3j+v6j061eilGOnu2qaunV51btqqzZ5s6t2xT19beVi+ryuLcLS3NTmtxdlqLszOan7qphZnJVi/LyJY9j+q+X/h3Wuy4R3/1V3+l+fn5Vi8JAJDQ9u3bJUlbt27Vvffey+P/AIB1gcAqAGDdmbnylxr91guau/Zuq5eSQEYdmzarc8s2dfZsU8eWberaslWdW7Yp12G3l6opp1isBE7LwVPv89LcLbmO05A5G6l9007t++JvqP8zvyTXLW+Z4L3wS9Lyy7z8x9rzaZaj5vfKtv1NxonqZ9suqH3t0aR/msegdSTtX087m3XU/u4ymYwkGR+z2axc11U2m21qu3rWaXNMY37T8Wza2Z4PGtd0nKCyyXj+ssd0/KTtguYJqgcAYCMjsAoAWJdcp6RrP/6fuvR//6MWpz9q9XJSl8nllM3mlMlmlclWPufKnzPZXDnAUyrJdUpyHUeOU5JbKTuOI7e0Rl74laJcx2bt/eyvau9nf1XZ9s1VL6YK+qeIybk0y1HrqQ3CmfZPqz6t9lH9k5b9R5M2YUfTc1H9kwaBg+6Jxx+ECgq81dabBBfDPieZI61ga1rHoDXb9m9Even5qM+m/ZOUbc/HBWlNxwUAYKMjsAoAWNec4qKufv+buvzW76pwe6LVy0EDZLLt2vPTv6J7Pvfrat+0wyhDtDbDKq5dWuV628WdT6ve366RmaneuGmNZ3KsN9PV9vqifndxGYpxGZVRGaBB7eOOaY9Xz9HmPsT1r6edSb3J+bBxbPonKTerXVTQFQCAjYzAKgDgjlBcvKUr3/3PuvIXr6q0NNfq5SAVGfX/5GF96gv/Wp3b7qnKBjTJFDRp16hyVDuT64hrn1Z92DFpv7V4rHeMuDo///mwYFRcZmMjj41q678Gm2tKMr5p/7Trk3w2mc+2X1jZpl9UkNT2PAAAGx2BVQDAHaUwP6mPv/9NjZ/9L1qa/aTVy0EC2bYu7f7ML2nvZ/+5uvvuXZWJWJsp6InKIKwtZzKZVePZlE3ni2oXliHqvx6T9ib1ceuLO5qOf6ccTe532O8q7ijZZVIGtbc5xo1nWrbtF3d9pkfb/nHtbetNviebctJ+UWWPTb+k56OCsgAAbEQEVgEAdySntKTrP/5TXfmL39PcJz9q9XJgoHPrXg38zD/R7gP/QG1d5bdDRwVRg8S1iwuG1vYzDZ6azB/0OWq8sPZh67TtH1Uf1j5p/3qPYfPbluPqbL8vP+9cbb1JBmDc56hzzT56n03WmWTdttdtUh83ts34Jmu06d/IclQQNK5/XHsAAFBGYBUAcMeb+eicrvzF7+nG+dcl12n1clCjZ+CntPez/0w7H/7bymTbIjMBTc8HlT22/ZIGV8P6mWS+xrWP62dTb5OJ6m/fyD1ZTY5pzWNz/+J+hyZHyTyz0HYP0TQzRW2P9c5v2z+uXRr1JufDxlkrZdvzfmHtAQDACgKrAIANY2Hqsq587w/08dt/rNLSbKuXs7Flstq5/3Hd/Tee0ta7Dy6fDvsnRVxwNEn/ZpTrbWdyPuizaX3c+FHtTcZt1jhJx4v6XNveJEgfxTZz0OR80Oe4o+k522O949r2i2uXtN70fNTnpO1My2FB0Khy2ucBAEAZgVUAwIbjOiVNXTqjaz84qRt//RpB1qbJaPu9P6vdjxzRzoeeUK5jsyT7zFSPafu4sn+8NMph89lmqpr0b1Z9Wu1b0d9ju6etTVC1tj6sbJIZ6C8nyagM6m+TAWo6ftrz2rRvRH3Y/Kb337R/o8q256PaecLOAwCAFQRWAQAbWqkwr5vnv6VPfnBKkx/8ueSWWr2kO073jkHtfuSIdh/4ZXX27I5sG/ZPCtPzpkFT03M25SR1YcHVsM9J2qdRv97bR9XHBVtNf0+mTDMDw8pR7YLahAUZ4+qjxrLtZzpuGuu2ra+3fdQ1pNGulmnw03S8pO0BAEAZgVUAACqW5m7qxrt/ok9+cEq3rpxr9XLWtfZNfdr1E39Xux/5e+oZeNSoT1gGYD3nk7ZrVLnedibn18KerEnapTGu7fXHtTP5HXmC6qOCYEHtkpTjztvU2+yNato+rXZp1NdzPmx8m/5plBvVzmQcAACwGoFVAAACzE9e0rUfnta1H5zU/M3RVi9nXdhy10+q9/4vq2/wy9p6908rk22zHiPunxRh9VFBrrh2JnPYjBP2Oapcb7u4+evtF9c/7XFs5qvnvE056PdUK0kwKqxdUFA2qJz0fFr1NuMEfU6zPsn6TM8nbdfIcljwPkha5wEAQDUCqwAAxJif+FBTF9/S5MW3NHXxLRXmrrd6SWtCrmOLeu/7vPoGv6wdD35FHVv66xovSUZg7fmw9kH9/ZmNUeM1qtyoPVf912/S/k6pT3p/TX8vJr/HJEepvszDuP5B7cIyL032Og07v1br620fdb+SjpekHNXOk6Rd3Hw2/yMBAAAbEYFVAAAszV1/T1MX39LUpbc0femMCrcnWr2kptm86yH13f9l9d3/ZW2952eUzXU0ZJ6wf1pEZQ6GnQsLipn0bVQ5LggaFywN+xzVP6x9kvGi1l/vfKb1Ju3TKvvPh/3+TMUFqeKCZUHtwj5HlWuPpuPG9TPtb/u5nuuwnT+unLRf0nLc9x9Uruc8wVQAAMwRWAUAoE6zH/9QUxe/o6lLZzR96YyKC9OtXlJqNvc/pM39n1bP3kfVe9/PafOuBxs+p02mYJLzteO3OnM1KGhZT7s0Mjtt57UZL+35GlUO+v2YBFWD2ptkDPrbmWYqmpSj2tlmYibdwzTtvU/jMm6TXKdNO9P7m6Rs0y/o92Q6Xtx5gqsAAJghsAoAQIpc19HizLhu33hft6+/r9s3L1Q+v6fC7ZutXl6gXMdmbdr5gLp33K9NOx/Qpp3lY3ffvoZlpJoK+ydGkuCqyfhB7UzOJS03ol/Y57D+abS3XWda5+OuoZ7vPep8ULuo4JRJkCquXVAwLWk57LO/3IjzQZ9t15nkukyu12aeVpTrbWdynmAqAAD2CKwCANAkhflJ3b5RCbT6/hYmxyQ1/v+UdmzpV/eO+7V514OV4wPatPMBdW4daPjcScRlCtbWh2WeBrW36W+T2WhSth0/aH1h7aLmWyt7uta7vnrvr7991O8h7vcW1d4kyBoXRPXXJ8lAjBun0e2SjFvPXqatut5GlaPamfxOwtrFzUdwFQAAOwRWAQBYA4qLs3IK8yoV5ivH23IK83KK/nMrR9cpKdferWx7t3LtmyrHsHK32rq2tvoS6xKVURgUBAvrYxoUNT3XzHLYZ3/ZJhhpOp5N/6j5015/0rLp9x/VPk1xQa2o4KvJedNy1PmgoKNp/6h2YZ9N+qd9nUnbpVW2PV9vf9t6AAAQjMAqAABY05JkEtaeD2tv0z/JeGmV6xmn3kxV03Ym89i0q/f66/m+bevrOfrZ1Ee1T6vcyD1HG9U/abu1VK7n+056Pmh+AAAQj8AqAABYN8L+yREWVAvrFxWEM+2fxvim5WaPExbcDOoX9rkZ12NaTnreXx/1+6qHaVArLugW1i6qv0m50f1sxg/7nLTdWijX2y7t8wAAwA6BVQAAsC6EZRLG1ddzvnb8sPmCxqvds7WR5bj1hJWDri+sXxrz28xnWk76fZj+fqLq0zhK5hmEJv2TtmtkuZ69U+stt/K66x0nje89ye8MAACYI7AKAADWpah/fkRlJpoETcPO1xOENRk7rXLSvkmDo2muwbQc1sb2+w1qb1qfBtMgV1TQrZ72jSo3c96wz60o1zNO3PdvMq/J+ARTAQBID4FVAACwrkRlAIbVh/WPam9yPmm7oLJ/fabrDSsHjVfv+pKWbTNxk8xnel9Nv2fT/mkepXQzV8POJ23XqHKr5m1UuVntTM7H/V4AAED9CKwCAIB1L+yfIlHng4JnYf1Mg6Cm52yDpzbjNKKcdtA1rfXVcz7u+4+qbwTToFdYvUlQLWqcqHEpR5dN769Ju0acJ5gKAEDjEFgFAADrWliGX9I9Nes5H1QOmi9ovEZkcjaj7L8+k3qT+2Fyf2zvr+n3X1sf1b4RR6lxmatB/UzKSfutp3La7ZJ8P7a/g6TfPwAASA+BVQAAcMcIC5L566P6mo5nOr5N/zTa1BO8tFmvbbme67G9/0m/f5P+zWAbFAurNz1vGkSN6p903rVUTrtdVD+T+5q0vWk9AABIB4FVAABwRwnLRIzKFKyttx0vrL1N/yTjBY3fqEzXJOtp9PUn/b5s+8cdw9iOExdMjWuXVmZjM9vVW65nnKD7llY/2/71fF+mvw8AAJA+AqsAAOCOFfZPlLigWFTQzXYek/P1tDM5FxestOmXZJ1p3weT83FBT5t2Uf3SDp6GsQm6htU34nxcsNG0n834jRin3naN6m/Tj2AqAADNR2AVAADckZJmNsbVN6J90v4245lmsjZzfNvrNzkf931E1Ue1r1VvMDUoE9ET1980WJu0f5IMTdv5bMdrxvhh12l6/Tb3Pe3vqZ6gPQAASI7AKgAA2DDigmZJzoeNF3bOJIgZdt6mv8k5m6Bq2uuz6W87Tj1twoKczRIWfDVpn0a9bbAxahyTdayl8eq5vnrOp3G/AQBAaxBYBQAAG0JcZmKS+rVyvhHtgu5bs/qn8b2YfO9J2zfjGMS0fdL6Zp4PW0/SdlH9612nzf1sxP03/V4BAEDzEVgFAAAbVtw/YcLqw4JyJv0acT4qSNjq/jbnbee1rTed36Z/2sHTOKb9G1Vf7/mooOF6Gjet9jb9CKYCALD2EFgFAAAbUpLMxXrqw/YgjRuvEeObzmd73vZ6TM438vsKa5+0fz3B1bjMxaj+tsHbpPX1ZGAmaW+TwdmK9dm0N62PG5fgKgAAawuBVQAAgIq4TEaT+qix6x0v6fxpjN+s9Teyvt72rRAWfI1qX087m/42/VrRvlnrD7uPNvPb1gMAgLWBwCoAAIBPozIn4zIl0xgvzfNB86d9/Wnct6j+tu3ijmlLug6bzMZ6MyjrzbBM83zQPGm1T3tdad53AACwdhFYBQAAiBH3T52k9UkzL9fqeEnnSavedB1R7RsdTDWVNLhm2s+kPmoc0yBmknlbcd6kX5LrSnofAQDA+pBGYDWbwjoAAADWpNrMMv/Rk7Q+k8ks//nPZ7PZ2H5rZTx/vXc+m82G9stkMqHrsan3zx22viTto/qHjZe0HHUM+96C/qL6hbWP+r5NxjH5HYSNGzdv3O/PZLyoo8dknqDfic18Uf/9UVsPAAA2JjJWAQDAhmKTCZm0PkmdScZoXH2z54uqN1lD0vFM+9cznomw+ZIG3fztm5G5ajOOzfhx8zZyvqTrMa0nmAoAwJ2DjFUAAABLJhlx9Wa6xmXQBdXHZdQlzfCLykBNuz4uQzGqnUmmatR9DeofNF6ax7D54r4v/19Ypm9YxmlcZrC/Xdg6asdLWh91nUl+r3H/uQkb1/+f17j6oGNYMLa2nqAqAACoRcYqAACAmpPJeqfUe0GmesaxHc+kf+2xWcLmTxqMs+1n2t6kPq3MzkbVN3L9tu0AAMD6RsYqAABACuIy2vxaVZ/WMSwDNag+qF3Y3pxh46S9p2pUf5PxGrHHatw6wtYf9Jck4zWsfVC7qPHixolbVzOOnqB6m8xU2/kAAACCkLEKAAAQI409QtPcs9RkTa1YTzPaJ+3fCv5gXj2Zq/6y7bym7eutT2OPUtN1p7leMlMBANi4yFgFAABoEpMMuiQZcUGZgFGZmnHrSTJfVH1chqvt+qPGr/2LWq9tZqrJX+36bf5MM1lNvp/a/v5yWPva67DNeI1qZ7rusGPcHqhR33PS9Xji1lPbHgAAwAYZqwAAAHVIK8PU384L/iSpt513rWWmpt1/LfIH9+rdgzXNzNSg8ZvdrhXrAwAAGxMZqwAAAC1mk7kXlXHnHy8q8zXtzNakmaaNah/XP2oP1rQyLJMew9bj/0srk9UmwzOon819j7vOesfzjkHbHsQdo9oTVAUAAI1GxioAAEADtDoT1B9USmOPWJP2zewfNl7Q+LXHsPlMy0FBu7hyElHz2fZPc54k7W3Xneb8AAAAQchYBQAAWKNqgz5JMu7i2ptktnrnbDIKbdqb7sFq0z+NjMiwzNCgPVBty1Hz2WRo1l5vUIapTWZrVP80M0uTtPekmYlKUBUAALQaGasAAAAt1OrM1rXSL2qcNMZbS9IODiYdL41+jWjv7wcAANAoZKwCAACsc0kyW732jchErfeY1nxBGZdhf828PpOM0ahyPZmtcfOZjuf9+X93STNVPWlkogatDwAAYC0jYxUAAGAdqDdzs1mZrrX9vc+SUg2WNXNPVdtyUIZmmpmp/nKS8aPGsekfdJ2m/QEAAFqNjFUAAIANojaIlSRD0KZ/vZmnUXu8ppFZarPHqUkmab3lNPdcjTuazJc047VZRwAAgDsBGasAAAB3sGZnupqM08rHvOMySeMyMFvxwqR6M0RNxkuaecqLpAAAwHpFxioAAAAipZnpmnamaSMyWdPKdPVff1T7Rh6D7kfSvU1t74vJMeh3BQAAsJGQsQoAAIBVTPYoTTJeo8a/E4Tdj6CM0HoyRIPmSWNcAACA9YSMVQAAADREUEZiksxXk0xL76+e8e+Eo0lmsKeezNmgeTwEVQEAAMyRsQoAAICGCdvLc63suboeRGWuAgAAIBkyVgEAALCmmezNudEzVcOOUZm8AAAAaD0yVgEAAAAAAABsKGSsAgAAAAAAAEALEFgFAAAAAAAAAEsEVgEAAAAAAADAEoFVAAAAAAAAALBEYBUAAAAAAAAALBFYBQAAAAAAAABLBFYBAAAAAAAAwBKBVQAAAAAAAACwRGAVAAAAAAAAACwRWAUAAAAAAAAASwRWAQAAAAAAAMASgVUAAAAAAAAAsERgFQAAAAAAAAAsEVgFAAAAAAAAAEsEVgEAAAAAAADAEoFVAAAAAAAAALBEYBUAAAAAAAAALBFYBQAAAAAAAABLBFYBAAAAAAAAwBKBVQAAAAAAAACwRGAVAAAAAAAAACwRWAUAAAAAAAAASwRWAQAAAAAAAMASgVUAAAAAAAAAsERgFQAAAAAAAAAsEVgFAAAAAAAAAEsEVgEAAAAAAADAUlurFwAAAAAAAAAArfb1r389tO4P//APV50jYxUAAAAAAADAhhcUPI06T2AVAAAAAAAAALQ6iBoWVJUIrAIAAAAAAADAMi+YGhVUlaSM67puMxYEAAAAAAAAAGvBzMxM3WOQsQoAAAAAAAAAlgisAgAAAAAAAIAlAqsAAAAAAAAAYInAKgAAAAAAAABYIrAKAAAAAAAAAJYIrAIAAAAAAACApf8Pnf5e43qcgREAAAAASUVORK5CYII=" height="600" width="800" />]]>
  </system-out>
  <testcase name="loginUnsuccessful_002" time="19.993" classname="testcases.LoginTest"/>
  <system-out>
    <![CDATA[<img src="data:image/png;base64,iVBORw0KGgoAAAANSUhEUgAABVYAAAJcCAYAAAASBf/6AAAAAXNSR0IArs4c6QAAIABJREFUeJzs3deTXOeZ5/nve85JW5lZ3qAK3hAAQQOQhEiKRqIokeqW1KOdi57ejZ3diJ7dvZ5/Ynrvd252YqfXdGsnutUR2y1NjCg1KVIaSQABkgDhvamCK2/SZx7z7sXJShZQBZMgSFDS78MAC6iqc/I9J8vhh+d9HmOttYiIiIiIiIiIiIj8kSgWi5/7HM4jWIeIiIiIiIiIiIjIHxUFqyIiIiIiIiIiIiIdUrAqIiIiIiIiIiIi0iEFqyIiIiIiIiIiIiIdUrAqIiIiIiIiIiIi0iEFqyIiIiIiIiIiIiIdUrAqIiIiIiIiIiIissJPf/rT+76PglURERERERERERGRluVQ9X7hqoJVEREREREREREREVaHqfcKVxWsioiIiIiIiIiIyB+9u4Wod3u9sdbaL3JBIiIiIiIiIiIiIl8lxWLxc59DFasiIiIiIiIiIiIiHVKwKiIiIiIiIiIiItIhBasiIiIiIiIiIiIiHVKwKiIiIiIiIiIiItIhBasiIiIiIiIiIiIiHfIe9wJEREREREREREREHoejR492fMy+ffsAVayKiIiIiIiIiIiIdEzBqoiIiIiIiIiIiEiHFKyKiIiIiIiIiIiIdEjBqoiIiIiIiIiIiEiHFKyKiIiIiIiIiIiIdEjBqoiIiIiIiIiIiEiHFKyKiIiIiIiIiIiIdEjBqoiIiIiIiIiIiEiHFKyKiIiIiIiIiIiIdEjBqoiIiIiIiIiIiEiHFKyKiIiIiIiIiIiIdEjBqoiIiIiIiIiIiEiHFKyKiIiIiIiIiIiIdEjBqoiIiIiIiIiIiEiHFKyKiIiIiIiIiIiIdEjBqoiIiIiIiIiIiEiHFKyKiIiIiIiIiIiIdEjBqoiIiIiIiIiIiEiHFKyKiIiIiIiIiIiIdEjBqoiIiIiIiIiIiEiHFKyKiIiIiIiIiIiIdEjBqoiIiIiIiIiIiEiHFKyKiIiIiIiIiIiIdEjBqoiIiIiIiIiIiEiHFKyKiIiIiIiIiIiIdEjBqoiIiIiIiIiIiEiHFKyKiIiIiIiIiIiIdEjBqoiIiIiIiIiIiEiHFKyKiIiIiIiIiIiIdEjBqoiIiIiIiIiIiEiHFKyKiIiIiIiIiIiIdEjBqoiIiIiIiIiIiEiHFKyKiIiIiIiIiIiIdEjBqoiIiIiIiIiIiEiHFKyKiIiIiIiIiIiIdEjBqoiIiIiIiIiIiEiHFKyKiIiIiIiIiIiIdEjBqoiIiIiIiIiIiEiHFKyKiIiIiIiIiIiIdEjBqoiIiIiIiIiIiEiHFKyKiIiIiIiIiIiIdEjBqoiIiIiIiIiIiEiHFKyKiIiIiIiIiIiIdEjBqoiIiIiIiIiIiEiHFKyKiIiIiIiIiIiIdEjBqoiIiIiIiIiIiEiHFKyKiIiIiIiIiIiIdEjBqoiIiIiIiIiIiEiHFKyKiIiIiIiIiIiIdEjBqoiIiIiIiIiIiEiHFKyKiIiIiIiIiIiIdEjBqoiIiIiIiIiIiEiHFKyKiIiIiIiIiIiIdEjBqoiIiIiIiIiIiEiHFKyKiIiIiIiIiIiIdEjBqoiIiIiIiIiIiEiHFKyKiIiIiIiIiIiIdMh73AsQERGRB2OxNIMmxWaJ+doCc/V5lppFFhtLLDSWKDaKlP0ytaBOEAVEWABc45JwE6ScJN3JAvlkjpfW7efJ/l0k3cRjvioREREREZHfTwpWRUREvsJqQZ2F+iLT1Rkmq1NMV2aYbyxS9svUwzqNoIEfBTTCJoENCKKA0IZENiKyFgOAwTUOjnGYdKbY2buDyEa4RhtXREREREREHpaCVRERka+YZtik1CxzqzrFZHmKqeo0k5UppmrTzNXmqQRVGmETa5drUmkHqO0XdvV5jYmrVwfSfXSnCriO+6Vcj4iIiIiIyB8iBasiIiJfERZLI2gwXZ3lwuIlDt76iIuLlyk2iwSRjzEGBweMwWAwxm0fiQVjDMaY5ddgiWiHrVhc49Kf6eO5oWcZy617DFcoIiIiIiLyh0PBqoiIyFeAtRY/Cvhk6hgHbh3i5Nzpdq9UAM/c/Vu2tZYIS8J49KX6CG1ELahSC+vtWDW0lkIqx0sj+1mXGyHlpb6EqxIREREREfnDpWBVRETkMbNYZurz/O7mIT6dPsZE6RpLjWJ7e78xtCtRVx4T2YgI6E11M9Y1ymB2gJpf53r5BtWgctv7eo5Lf6qXl0b2U0gVMNx+PhEREREREemMglUREZHHrNQoc27+Ah9c/w3TlSnqQR3njsFSdsX/l6tTu5PdrOsaYTg7RG+6hyAKma8tUA/jStfl6DSyEf3pPnb27mBL9yaSTvLLvDwREREREZE/SApWRUREHqMwChkvXePgzUNcWbqMh7s6VLUWWlWrDg65RJbBzADbCpt5bmgvABeXLnNm/hSXlq4Q2QjHGLDtmle292zla+ueVwsAERERERGRR0TBqoiIyGNU9iucnjvL4alPcHFXbfmPWaIoDld7M718c+xVnh/ey2Cmn+ulm/xi/H2Oz52kHtRa4etnA6tCIgqpAtt6trCzd/uXeWkiIiIiIiJ/0BSsioiIPEbn5s9zcfESzbCJ57gAGOJN/9ZaQkJSboqRzDDPDOxhT/8uxnLrqAV1fnPjAJ9Mf8r18i3qQT2ubCWuULVARERoQ/YPPcfu3p2kXFWrioiIiIiIPCoKVkVERB4Day1BFHBu4SLXSjcwxrQHSlks1locx2V91zo25jeyo2cbT/btZDDTz3jpOsdnT3J0+jjXytcJojA+fkULAWstnuPRn+zl2cGnWJ8fXdViQERERERERB6eglUREZHHILQRZb/CeOk6M7U5HONgsWDBGIdMIsVApp+Xhl9g3/CzrM+NYbFcXrzKLyd+xaezJ1hqLOEZb41BV3HbgK5ElueG9rKtewvdqcJjulIREREREZE/TApWRUREHgM/bHK9eINis0hgw1Y4agkI6U3m2dO3mz/b+ieM5UfJehlKfpnTc+f4T2d/zHRtBj/08cza38Zt6+VQZpDvbXmbgUxfuxpWREREREREHg0FqyIiIo9BM/K5Xr5J1a9ibYQ1cSC6d+Bp9g0+w+7+nWzMbyDtpbhWusGR6WP89uaHzNRnCWzQGnJ1e1i6/KcgCtnavYVvrn+Vka5hkm7iy748ERERERGRP3gKVkVERB4DP/K5VZ2kFtZxHZfBzAB7+nfx/NA+tvdsZTDTD8C14g1+d+tDDk1+wkTpGhAHqMsDqpbFA68soY3oS/fyVP9unh/eR9rTwCoREREREZEvgoJVERGRxyCIAmZqswAMZ4fYN/gMb274JmP5dWS8NEEUMFub49Dkx3x46yOuFMdJOHHlaRyi3i7uq2rwnAS7+3by7OBTDHcNfrkXJSIiIiIi8kdEwaqIiMiXzGKph3VuVibJJ/K8OPIC3938Jr3pnvb7FBtFPrx5mP9y9Rcs1BdJOIl7dkkNbYRnPIbSA3xr/evsHXxafVVFRERERES+QApWRUREvmRRFJEwCfb07mZn33a2924jn8y1336zfIuPJo/y0ys/p+JXcY172/H2jt8FUUjGS7OlsIl/uf0HbO/diufqW7yIiIiIiMgXSX/rEhER+bIZyCfzvDz6Ncby6+hOFdrh6WJ9iWMzp/jdrQ+Zqc3iOV5rUFVruz9gbfw7i8XBMJgZYGfvDp4beoY9/bvJJDKqVhUREREREfmCKVgVERH5krnGJZfM8eTALlzjAMthqeXs/HkOT37C2fnzeK2wdTlIdYzBGEPSTZB0kmS8NIVUnm3dW9k/vI8n+3aR9lLtIFZERERERES+OApWRUREHgPHGFhRVWqx1Pwa74y/x8m504AlwoK1RLa1+d84JJwUw9lhthQ2saN3G3v6djHUNUjGS6tGVURERERE5EukYFVEROQxs9YyW5vjV9d/y1RtllQiS392iJ5kDz2pPH3pHrqTBbqTebpTBfrSveQTObKJDFkvS8K992ArERERERERefQUrIqIiHwFJJwEo13r+P6Wt3CMS9bLkvEyZL00GTdJ1k2R9tKkvQxJL4Xn6Fu4iIiIiIjI46S/lYmIiHwF5BJZnunfRSKKSAQNnGYV0yhj60WioAE2AmMwbhKTSBMlMpDMYlI5TCILXhJa/VpFRERERETki6dgVURE5HOJ+6BiLRBhrcUYB5Z7qN7RS3UtBkhgcI2DLU/B7CWiqTPYyXPY8hyRX8FGAda4OMkMpqsfCiOYvg04g09gejbg5AYxySw43orHFRERERERkS+KglUREZGHZS02qGPrRWxlFluegTDAJLOY/DCkCzjJrria9F5b9yOfqHiL6OYxwuvHiGavEJWmoF7GBo04tDWAcYmaFUxlATt3FSY+AS+N6erHHdyKO/Ik7ujTmMJoHLKKiIiIiIjIF0bBqoiISEcs+HWi8gzh9Hmi+XFsaQpbW4JmNd6y7yYg1YVJdmEy3Tj5IZyeMUzPBkxXP8ZL375t37iYdDfO4A5I5DDDu3HqJUyjRFiZx1bmsOUZovIsNMpEUb11nAEcTHUeW54mmr1MOPEJztAOnJEncYd2YtKFx3KXRERERERE/tApWBUREXlQQSMOVGcvEc1cILxxjGjuKrYyD2GwYvt9qzWA42DSBUx+ELdvE87ANkzvZpzuUZxCXNFqHBccF5PpwWR6cAZ3QhS2KmFLuJVZouIk0eINosVr2OIUtraArS7EYW4UYf06+HXC4hThzZM402dx569iy7O4w7sw+SFMIqMerCIiIiIiIo+Qsdbax70IERGRrzRrwUZEi9cILv8W//TPCSfPArT6qd4lsGx/i42PB4vp2YC78Tm8ba/ijj6DSeUxXpL79WGNw9YaUXGKcPIk4cQnhNeOYKtLEPnth4lfRoDB6R7Be+INvF3fxunbHA+5UrgqIiIiIiJCsVgE4OjRox0fu2/fPkDBqoiIyH3ZZpVw6jT+kR8TXD8GjRI2ioA749CVg6ws7SFS7UpWA8bBuIm4RcDQDrw9f4q3fi8m2/8AC4mwUQihj22UsMVJwpsn8M+/TzR5FsLm7b1cjYPxkpjBrSR2v42341s4ucFHck9ERERERER+nz2KYFWtAERERO4hKt4ivH4E/8y7hJNn4+33gFkOS63FWttqd+ph0jlIdsV9VKMA/Bq2UcH6VQhDIMCGPjZsYv1aPPhq7grejjdwBrbdezHGwbgOuAmMl8Km8piuPpyeUYKJTwivf0o0exkbRfH6bIRtVrGzl/FPvYMtz5F4+vs4+RFwk1/ofRMREREREflDp2BVRETkLmx1gfD6UYLTPyecOIKNAgyfVaBaG+G4SUw6j9O3EdM1gMn2YTLd7WDVNsrY+hK2toitl+P+qJV5bHUxPn9tMa4+tREJx8PkhzGJ9P0X57iYZDb+1TWAyQ3j5IcILv2WaO4Ktl4CDDgutlkjmj5P0Khgkmm8XW/j5Idvr24VERERERGRjuhvVCIiIqtYbBQSTJ4muPhr/EsH4mrU1rb+dhcdx8PkBnFHn8R78m3c/u2YdDd4qVYvU4sNffCr2EaRqDRLOHmG6MYxosnTcSVr0CCavkhQL4NxSOx6C7pHMR2EniaRwV33JE7PGKYwjH/8p0STZ7CNavx2DEQh0cI1Gp/8GHLr8Da9gJMb4L69XUVERERERGRNClZFRETuYKOQqDiFf/wnhOOH4spOc0cAGTbxhp/C2/0W3vbXMV2DGDfRClSXq1pNPJjK8SCZw8uN4A7uwG5/jWjuMv6Vg4SXD2KXbmHLM/iH/19MuoC37VVMYbTDVRtI5fG2vo6TLuCfegf/7HvtQVbxmsDWlvA//hHGgLPz2+AmHsk9ExERERER+WOjYFVERGQlG0JtEf/4PxJNn8U2axjjxG8zJu5fmszgjOwi8cy/wF2/D6cweo9t9fF2fIMb/8lLYRIZSOVJ5keIhp4gGP+E8PpRouIk/plfYFI5nJ0DHfdBNY4LySzOyJO4fgMb1AnO/7pVlGqwFgyWaG6cYOJjTGEd3vq9D32rRERERERE/pgpWBUREVnB1ksE0+cIL/2WqDwXV56uGFRlXBdTGCGx50/xNr+MyQ+1qlQ74CZwsn2Q7cMpDMd9VVM5gvFDcVuAG8dxRp7C7dv4UNdg0j14Y8+AXyNamiSanwC/jnGcuI1BUCe6dZKwMII7uB0SmTiUfYTigV6fr82AtRZLq972c57rUYpaw8G+7DV9Fe6HbQ1rA3CcDj/u/0hZLFEUYY3FNW7cmuMLEtkIi8VgcDr9uiQiIiIiHVOwKiIisiwKiRavE174FdHSTQgDzMrwyEaYbD/epudJPPWDuKL0c4YXJtMXB7TdY9DVS3D6n7Hz44Q3j+H2bljdguBBz5vtx9v0IoQ+/kf/iWhholWxCjge4ewVSB3G3bQfd/AJSGbXPI+1liAIbgtKoyjC8zwcx7kt4Gs2m9RqNcqVCn6ziZdIkOvK0d1duG8QuPw4jUaDer1Bo9nAbzaJWo/ruS6pVIp0JkM6lSKRSDx0uBhGEVEYEUUhruvGjwG4rntbWGhtHIg1m01q9TqNRoNGo0EYhriOSyKRIJlKkkmnSaVSeJ73yALPMAxpNps0Gg1q9TrNRgM/CIiiCNdxcF239cvDcR1cx8FxXBzH4DgOjutio4gwjOKwzVoK+Xz7eXsQ1lp83//s+usNfL9JEIZgwfNckskk6db1p9NpXNd94HsQ2YhG2IjD4lbb4ogICySdBMkOK7ZXrrseNrA2aoeYoY3DcM/xSLlJLJYgCmiGfiuMjDA4OMZgjEMYhfHzT9QOkpfDdAcHz/FwjYvnuPcNMKt+jbnaPLWwxkCmn0IiT+IRt+Cw1hLYgNnaPBW/Qj6Zpz/Ti2f0o76IiIjIF0k/bYmIiCzza4STZwjOvAehvzrUtBZ35EkSe76P8dIPHXqu4ni4vZtw9v8PGMclHP+Y8MpB2P3dtfu7PiCT6cF74k3CiSNEtQWoLn4WBFuLLU0RXvgVbve6NYNVa8H3A6amp8FavEQcHJbLZQYGBsh1deF58Y8SYRhya3KSEydO8uGhQ0xNT9Hf18/XX36Zt99+i+Q9gtDlUHVqaoorV69y7vwFLl++zNLiIo1mE8dxyOdybNq0iT179rB9+zbWrVtH4iGDzHq9TrlUplarkslm8X0fxxhyuRy5XK4dPEZRRKVS4crVq5w9d45z588zNTlFvd4gmUzQ39fH2NgYzzzzDFu3bGFgoJ9E4tEEZsViies3rnPhwkVOnTrFtevXWSoWCXyfZCJBLp+nK9tFPp+ju7ubrlyOdCpNJpMm29VFPpej2WxSLpepVKs0Gw3e+s53GB4eJpW6f2AZh6oBMzOzXLl6lTNnz3Lm7FkW5uepVqpYLPlCnuHBIXbs2METTzzB9m1b6e3tI5l8sHvQDJtcWrhCM/LxWpWcRb+MxbKpsIHR3Aiu6ayS2lpLM/S5sHAZP2yQdJI4xmHJL+Eal6HsAFu6N2GtZbI8zWRlilpUpx7USDpJMm6ahJOg1CzTCJs0omYc0mJJOQk8J0EmkWEw009/qo++TA9pL3339WC5Wpzgv1z+Zy4tXebtjd/iayPPs74w1tF1PYi52jz/cO6fuFy6wksj+3lr07foS/c+8scRERERkc8oWBUREWkJ568SzV7CNiutvqgt1oINcfo24I48idu78dGFqsscF5PMktj1FiaVw1aXsEETk3Af/rFa53S3fp2oPE1w9TDGawVVxoHaEsH4R3g738TN9K0aZGUMzC/M8+Mf/5jx8XFq9TqO4xCGIf/L//w/8fRTT2GMoVgq8ctf/pJDhw5z8eJF5ubnqdfrjI6OsnXLllWVrcustczPz3P69BkOfniIi5cuMjc7S6lcol5v4Ps+YRgS2QjP9Th2/Di/+vWvGR0d5cknd/Pmt95k/foxurJrV9vezY0bNzlw8AAffPABmXQGPwjYsGE933j9dV568UXS6TSTU1OcOHGS9375Hjdu3GRubpZSuUyz0QTAdZx2teYHH3zApk2beO655/jWt96gr7f3oQLWer3OzVu3+Ojjjzl06DA3b96gUq5ggY0bN7Jt61ZSySRBEDI1PcWFC+cplUq4nkcymSSZSrWrZ5vNZrvqNYoiHMewf/8LDA8P3Xcdi4uLnDl7joMHDnDpyhWmJicplkpEUcS6daMMDA7gui71ep1Tp09z7PgxMukM/f39PPvss7zw/PPs3LmT7u7CPR+n4lc5OnOC84sXqQd1jIFmGNCf6eXtTW8yllvX8T20WEIbcuDWIa4ujceVqMZQDxtsyW/ia8PPtYPVMwvn+M2NA5T8Moa4GtXFIe2mGMgM4BiHMIqoR/V2xam1Fs9JkPZSZNw0mwubeLJvF08N7CbtpVZVr0Y2otQsca10nbn6HIenPqGQKrAuN4L7CNtvLDaWuLBwieNzJyk2i8zXFig3KwpWRURERL5gClZFREQAopBw5gLhzEWsjcCuDAMt2AhneDfO8C5IdBbkPTDj4PRuwrOWqDqPcR++WnXlOd2R3YTXP8Xc+BSiz7Y1R0Eds3iDaPEGTs8GTKZn1eGNRoMrV69y9OhR5ufnSSQSpNIparU4ZJqZmeXX//W/8s4773D23Fnm5xcwxhCGIYODg/F29Tu2ni9vMT995gzHjh3j40+OcP78BTKZDL29PWzYsAGvFUxaG1eNTk1Nc+XKFa5du8aVK1e4evUq09MzvPHGN3n26afp6Vm99rvx/Sa3bt3idwcOkEqmCMOQvXv38tKLLxKGIRcuXOR3Bw9y8OBBTp48iTEOmUya7kI3BkOlWmFpaYmFhYW4RYLjMD4xwY0bN1hYWOC7b7/Nhg3rOwpXi8Uix44f58DBgxw9epRz587R39/P9u3b2bZ1G9u3b6e3t4dUMhVX905Pc/nyZU6ePMmJkyepVMpksl1s2byZrVu20NXVRbPZJGi1DwBLNpO9Z9VwGIZcuXqVY8eOc+DAAY4fP87s3Bx9fb08seMJNm/ezIYNG+ju7sZ1HSrVKtevXWd8fJwrV6/yuwMHuHb9OpevXOGVr7/M119+mf7+/nZV851CG7LUWOJqcZzFRhHHGCIbEdqNNMLGQ/cidRyHhfoCV0vjVP0ajjGENiLrZqiG9fidjGGpUeJ6+RZz9Tk84xHakHyii82FTWzt3kLKTYKJK2sXGovM1Oa4VrrBZHWKil/BNS43K5NMVadZaCywb+hZ+jK9eCuqbMMopBbUWGoWCaKQ8dJ1Li1d4ZmBPQxmBx5J64jIRtwo3+ST6U+Zry/gRz6VoEqpWf7c5xYRERGRe1OwKiIiAhDUiOauEC1MYFZuP7Y2DjfdBO66J3EGtj76atWVjIPTvxWnf+sjO6WTH8bpHsVkeloDuVqhcRRh/Sbh7CXc4V1rBquu45LNZnEcJw7oDBTyebq6ctRqdU6cOsnf/uhHTExMYK0ll8thraVWq9HV1UVXV3ZVT8+m7zM5OcnP3nmH3/32dywVi4yNjfH666/z1J49jI6ui0PJ1rCm+fl5Tp0+w7vvvsuFCxcolYpcuHCe8xcuUC6XyaQzvPD8cw/cOzSbyZDr6sLYeLt/GIak02n6+vpZKhb54Fe/5t1332VmZpr1Y2Ns2ryZkeER8oU8UavlwcTEOBMT15iZmSEMQ5aWljhy5AjnL1ygUCjwZuZbjIwMP3Bv2ZOnTvFPP/kJ7777HuVyiZHhEb75jW/yJ3/yXfY8uYdkMrGq/+vi4iKHDh/m7/7+xxw9egTPcxkeHuaVV17h9ddeww98giDA930ajQZDraD7bmu4efMmv3z/fd577z2OHz+BMYb16+Pn5ft/+j12795NOp26bR21Wp2JiWscOHiAf/iHf2B8fJyLFy9y/do1sPDaa6/S09OzZrjqGIeUl8Q1Lq5xWlWjkHLTeObheugaDJ5x6UpkSbkp6kGjVUVqcIwHNj6nMYa0lyLrZVjAif/txFoKyQJP9+/mrc3fioPV1v1pRj4z1VmOzhznw1sfcXbhPNZGTFanmK/PM16coJAskHKTdKc+q9T1Q5+aX6cRxuuoBFWulW9wcfEyvemeR9JrtRrUuLx0laPTJ9o9iWtBjbKvYFVERETki6ZgVUREBIhK09ilW1BbWh2cGheTLmC6xzDZ38OttV4KkxuE/AiUZmkXAhoDJiK8dQa7+SXo2wR3VAm6rkt3oYDnuvE2aNejp7uHhOdx5uxZ3nnn55w6dYre3l5GRkbo7u7GDwImJiao1WqUSqvDnXKpxAcffMD7779POp3m3/zlX/Ldt9+iUCiQTCbbwd1ysLZh/Xp279rF8/v28df/51/zm9/8llK5jAE++OADhgYH2fPkbrLZu1dkrmRag55c120NK4p/1ep13vvl+7z73rtkuzL82//+3/Lc3n10d3eTSiXb5w6CgOmZGT7++BP+41//Nbdu3WoPOKpUKvztj37EwEA//f1vkEzeu59pEATMzc3zf/zHv+bIkSM0m00whh/+8If86Z/+Cbt27lwzlDTG0N3dzauvvkqhu5t/91d/xbWJaxw8eJClxUWeefpphoaGSKWS8XAoPhu+dKc4pF3iR//p7/jVr37F9evXSCQTJBJJ/uJf/QVvvfUdxkZH1xxMlU6n2L59K/0DfWzbtpV/91f/K+Pj4xw/cYKZmRlyhTzPP/ccfb1rf94Y03oOVrwu6Xgk3If8EdUAFoxxcIyD0zpzZCOSjkem1Q/VACk3SdLxiIjarQCMMUSr1mhIuglGcyP0prtZlx3m/zr9I2Zqs9jQEkYhk7Vpjk5/Sl+657ZgtR42qAY1/MhvP+6N0k0OTx3hmaGn8FzvoStzl11dmuDi4hUWmgskHA8bxVW2Vb/2uc4rIiIiIvenYFVERAQI565iG6V4krjz2bfH+M8pzMAWnK5ejPNop3l/WUwijZPO3xEatSKd0i2i6gJOGGDuqKBzHEM6lWoFahbPc8lkMly6dInTZ85DygA9AAAgAElEQVRw5swZ/uwHP+DFl15kbHSMbDZDGIZMTU3TaDTYvGnTqrWEYcji4hL79u5j165dvPWdb7fbBqwV/DmOg+u6bNmyme9973tEFn72s5/heR6VSoWzZ89y6PBhXnv11Qfafp9MJEmlUkTW4hBPt7954wY/+clPuHLlCs88/TTf+MbrPPXUU/R0d+N53qpq0dFEgle+nqRQKPC//ft/z7Vr1wjDEGMMN27c4MyZs+zYsYNtW+9eeWytZWlpiX/8p39ifHycer1OKpViaHiYl19+iU0bN951G/3yfclmMmzZtIkffP/7/OM//hNXr17l6vhV/vf/8B/4N3/5l2zbthXnPmHz9PQ0vztwkAO/+y3T01NEUURvby//6s//nFde+TrDQ8N3XYcxBtd16enuZveuXbzxxhu8//77XLlyhZnZWf7mb/6WZCLB119+edVz4xqXvlQ3xjhExM9FaEPSborE55hm7xiHjJvCa4WmLm5cdO44OM5n98K2KqIdHIyBVs0smNVR53LwmvEyjOXW8frYK7w78T6z1bn258bZxYs8ObCbbT1b8FpfQxphg1pQI7QhTuu/kl9mvDjBlYWrbO/b1g57O2WtxY98jk4f58LiJYw1rYDf0IiaVPzKQ51XRERERB6cglURERHALl2H5l2CCC+J278Zkrkvtg3AFymRxqS6bnuVAbAQVeax9RKEzVUDrCzgBwHGmHY7gKXiEr/4519gjMO+vXv54Q//Bdu2baNQKLT7qVZrNaqV6poT4hOJJBs2buSpp55i69YtjI3df0K6MYZsNsveZ/dy69YtDh06RKlUIgxDxicmOHDgQ/a/8AKe592/atXEgbHbHqplmJ6ZoXn0CFu2bOGVV77O1/bvJ5fL3XUt6VSKdevW0dvby6nTp3nv3Xe5fOUKnufRaDQ4eeokO3c+wdYtW+66niAImJya4p2f/5zFhQUAcrkcL730Ilu2bLnr46/kOA49Pb289uprHDxwkGsTE5RKJd7/4H1effUVBgYG6OnpvuvxzWaTs+fO8ZOf/JRr16/TbDbo6uriiR07ePvtt9i0cSPpdOq+6/A8j97eXr75jde5euUKExMTBEHAkSNH+GTvXtavX78qZDbG4Dleqw0AxNv1HTBmecd+52wcgqbcJAnj0coZcXCwQESrx3DrsVYOm4qsjVtfuBnurNxe5hiHQirP7t4n+O3Ng8Q5rAELM9VZFhtL+JHfDlbrQYN60ABr4y8dxhBGAXONeQ7e+oj+bB+pruFVQ68ehB/5XFq8yvnFC8zUZuJz2Hjl9aBOJahgsZ+7IlZERERE7q7zn+JERET+ANnyDLZZZ81AxfEwuSFM4uEqy74S3AR4abDxIKM2Y8CvQ7OKDZqrDrNRRKPZbIWRLr7vMzU1xdFPj9HT082//G9+yNf276e/r49Eq7LTcRxyXV0MDQ2uOVQqm82w95lneOGF59m0cWNHl9HX18umTZvYvHkzTisYnZ+f5/yF81SrNcLwzo3cqy1X9Tkr+o02GnUa9Qbf+fZ32LNnzwOHmtlslm+98QZbt25tB6iu6zAxMcHly5cJw/Cux1erVW7dusX58+epNxoA5PN5Xn7pJfK53AP3GE0mk2zauJGBgQHSmQxRGDE7O8vZc+eYnJy857Fzc3OcOHGSwx8dJggCrIX+/j72PfccGzduJJ3JPNAa4ut22bVzJxs3biSbzWKtjUPmkyc5ffpMa4jW7YKotQ2/9SOpQ1y9ald+jHZg+Z45rT7CK++gbf8vlnQSJJ0EkY2wthWsGpecl7lnFOkal+5kgaSbpP31whhCGxBGAeGK62yEDepho/2wpvW+taDGx9NHmaxM0wz9jq/TWks1qHF48mMmK1P4od9uawFxoFvyK/G1PeS9FBEREZH7U7AqIiJCq2ozXB0sGmsxxsFk++H3tA0AEG/x9xKtYHX5lfHWYRuF2GYF1urJaAxeIoFx4hAy8AOKS0X6+/rYu3cv+/bt63gtqVSKbdu20tPdveYwpXtehzH09fayY/t2PM8FLH6zSalUolKtEkZ3DzKXJZPJ23qfWmtJJJIMDw+zf/9+hoeGOlrTjh3bGR0bJZVOYa3FcVwWFhaZnpmh0WisGSgCFEslbk1O4vt+67g4qN2+bTup1P2rRJc5jiGVStLb2xsPDyMOwU+dOs31G9fveey58+c5ceIEQRC0Xze6bpRXX/k6yUSio1pHYwyFQoENG9YzNDiIjSI81+XsuXOcPnP6tsf47Jh4sNTyA1nAMwkc09nHxZ3rCGzYvg8QV6qmnCQZ97N/HEm5SZJukqjVIMMQB7Ku492zMt0xTrsidXnN2DhwdVqDuJbVgwaNsHFbuGkw+GHAjepNrpWus9RY6vga/chnrjrHB9d/y3xjsX2drRtAPWpQbJTizwflqiIiIiJfGAWrIiIigPVr2Gh18NPOfMLm7aHk7xkb1OPg1Lisrso10Chi66sDHoNpDdhpnYe4R+rLL7/Mrp27Og5GH4VkMkVfX9+KUM4QRRGNRv2eFaLLEl6C5Ip+n1EUUSgU2L5jB/l8ruNrSqdSjK4bZXRktP34vt+kUa9Trzfag63uVClXmJ6awXE+G5zkee5tg7Ie1HIom0oth7uG+fk5lpaKawa71lqazSYXL1zg0qVL7WtOp9MMDg4yNjZ2W1/ZTtYxMDDI0PBw3MPWdSmXy0xNTTE/v3DbWhziXqjLPUoxEBGRcj0SnyNYBXCdBI5xsK3N/9ZaEo5H8o5WF3FNa6vS2HGxWGphHe7ynEEcas7W5vFDP153a+1DmSH6Ur0kvc9C8YpfpRJUMZgVrQji7fkuLgcnP+LswgXCDr+2TFdn+GjqKNUgrkoFWnW+thXc+lSDKo2w2fG5RUREROTBKVgVERGBFRVqtwcqFrBRQFSdh4fYsvuVEfjxlv81A7u4apU1qj2NoRW62XZA6Lgu27dvY2TdyBe75rtIJpN0dXW1LuWz5yuK7ANV53mei7ciWLXWks/n2bp1K+lUuuNQ0/M8Bvr7GRwcbN+jMIxo+j71ev2uwWqj2aBSrbQCYpb3iXf02Cs57Z6xcdVmrVan2WwQ3eXxFxcXuXHjJnNzc7iuSxRF9PT0MLJuhN7eXsxDBKsAPT3d9Pb2xnmjMTSbTYrFEvMLC7fdC2MMSTcRh46tsk/b2o7/MD1HV/KM1w4zW2fGdVy8FUOxAhsR2LDd43W5cUB4n83zFb/KmYVz1MK4wnu5tcSe/t2M5ta1K1YtlpJfotws4xhDykuSdtN4TgKwOMZhvHiNS4uXma7MPPC11YM6V4vXODx1BD8KSLspcokukm6K5Y+fIAqoh3F/V7UCEBEREfniKFgVEREBcBKfBVy3MdgowBZvYdfaKv/7ImwSNaqrXm2I2x1g7xK/GIPjtipDiberZzIZBgYGyXV1rXXEFy6y0WdVeq1FG5aDxfsfb629I+y05HJdjI2N4XkPN9czn8/T3V247XXL4erduK5LYuXjtQYP2bs9F3exHKYGQUAUhu17sDwsaa2gOIoiZmZmmZubo16vY1ptIfr7+hgeGiaVTD5UxGutpasrRz6Xv+2xGo06peLt1bMG8Izb+siy2FYu7uB87oFL7vIgrBXPc7zN/7NK2MAGrWDVbd2sVu/de4S6Vb/KjdJNPp05TrlZxQIpL8Vo1wj7Bp9mODsY3wcsURRRbJYoNUs4xiGfyDGWG6Uv3YvF4mCo+BWuFMe5sHCx/TF9P1PVGS4sXuTi4mWiKGJ9bowNufXkE7n2ZUQ2wo986mHjgc8rIiIiIp1TsCoiIgIYL4VxvDUCHQOhTzQ/Ds3KPbcIf2VZi23WoFFe++2OCzbE2DUqVgG3VQlprcV1HfL5PLmurtv6lH6ZKuUyN2/eJGyHiBaMwXWdB6o2bTQa1GsrQ3JDJp1haHAQ1324H40SyUS7x+rKtPde68nn84yMjBCGYTvstdaSTCRxOqiatdYSWUulUqFeXx7AZshksqSSqTXPFUWW6ZkZSuVyu6LVRhH5Qp58IX/XKtsHkcmkyWTSraFQ8Xl8P6DeqN/xnua2fqTLnEdQseq0qlDjqJRWaG1wVn1+2xXNAJafr7U/jiIbMVG6zuGpI5xeOEctqBHZiMHMAN/b/BZP9G2nkMovnxY/8llqFikHFRzjMtI1wutjX2dP/+5WSwBwjOFqcYKPpz8liIL7hqDWWk7PneHU3FlsqzfsSyP7eWnkBfrSPe2KbWstQRTSCBSsioiIiHyRHq4sQ0RE5A+MyfaCt0ZQaAxEIXbpOlF1ASdoYBLp1e/3FWbDJrY6j63Mrt0KwEaQ7Ip/rWLag3GsjYcNZTJZEsnkQ/XgfBhBEFCvN1hYXOD06TP87sABfv3rXxMEYSuAM7iOQ/IB1xQEAX7wWSWp4zhEUUS9XnvoQLFWq1GrVm/r3eoa554VsF1dXQwMDOC6bvxhFkXUGw1u3rrF0NDgAwfXURRRq9ZYWFhotRaIr3HdunWtXrRrBash09PTVKvV9ts9z2NifIJ3fvYOly9eptFs4HoeyUSSZDKB58YtFJZD9sD3CcKQpt+k2WjiBz7pVIrZmVlOnz2L67nt9YVhSOCv0cN4BYPBNS4Xly7zi/FfcmzmRKstgKEeNmiETSwG13gkHA8HQ0hIYEMiG+FgSDoeKTfFiblTLDaWPvuHkrvk1K0Oqa3fx1WmURQSRCGOMUQ2ourXmK8vcGzmBCfmTnNx4RLWRiS9FHv6n+Wlkf28MLyX3IrPH4vFD33qQZ160Ij75zoe63OjpNwk5+fPc6NyC4NDNahxrXyd4zMn2dm3g3wyv+ZaQxsyW5nl3OJFrpWvk3STPNW3i+09Wyj5ZVzjLReWY7GEUUA9qCtYFREREfkCKVgVEREBnPwQoZduDX/5TFztFhFVlrALE9ihJzA96x/TKh+OrS9hK3PY6tLt7Q6Wt5wbg0nlMGsFq7dVXcYRlOe5OM7n26q9ao0WGo06lWqVUqlMpVxmYXGB+fl5pqenmZqaplgsMr+wwNzc3Gdbype3uhvzwNvHo1Zl6PJ1OY6DtZZG4+6Dpu57zjAkCEOMMfHQJmNwPY90KnXXqtV8Lsf6sTE2bNjA7OwMtVqdUqnE0aNH2fnEDroesNVCs9nk6vhVZmdnaTSa8eNZeOKJJxgdXbfmMdZa5ubnqNZqn/VldRyWikVOnT7N1fHxuHo2mSKZTJBIJOK2Bcbc1o44CEOCICAMAoIwwODQbDYoVysU8nmshUQiQSaTua2v7VqMibfwzzcWODN/jonitVb1qiFqtQowGBzjgmlV6hKHqhERxsatBRKOx2R1hnpQv28F88q2tsYaFhuLHJ05RjOqkzAe9bDJUmOJ+cYCN8u3qAV1ulPd7Ox7gvW5MXb372RLYSN96d7bHstiqQY16kGd0IYkjEfGy1BI5elO5dk7+Aw3q1PYKIoD09oc71/7Df2ZfroSXasqdi2WWlDno6mjXFkap+rX6E338Oroy4zlRrlWvkE2kWkXS1ssQRRQ9suEa1Sii4iIiMijoWBVREQEcAojmGSGVaVtxmBtBGFAOHUOZ2gHTs/Y6vf7CrPFSaLyDDZoYNzbv/UbA9Z4kOzCJLJrHt++0hXbjOM91p/vHkRRRLlSYWF+nrm5eWZmZ5mdm2VxcZFyuUK9XqNeb1ApVyiVixgMhe4C3d0F+vv7+PjjT1rtAFb0GI3uX51nbr+q9mUEQfjQwaq94+Xyec09AuhkMsnIyDCvvfYa7733LtVqjXK5zKHDh/n2t9+kp6fnvj1frbWUSiU+PHSI2blZgiAgnUoxODbE7p07GRocXPO4KIoolco0m832/YuiiL6+PtatW0d3oYDjxlXAnpfAdV08zyUK4+39xjF4rhdXeC5v+bfxln/bHnRmsZElshFbt2xlaGjovhXFFkshkWNd1wjdqbhnbRymeniOh9seMBUHksvdaK2N2jffdRzqYZN6UKcRNe//qbriSSv7FS4sXuRm5SaecakHDcp+hWpQZTAzwPaerTzRs40NufVsKKynL91L0l0dGEc2ohbUaUY+kY0wxiGf6MJzPPrTvezp38WByUMsNYqEUUjVr3Fs9iRfG3megUzfqqrVIAqYq87x8dRRpquzZBNZxrpGeWpgN92pAlO1abJetl2xCnGFa6lZIozuXSksIiIiIg9PwaqIiAhgetZjUvm4orPdI7PdeRGMQ3jzBM7gdtwNL2C81GNba6ei2UtExVvcHvu1WDDJNE46B3dpcXBbWMjycKUVvUQ7ZG285XqpWOTSpUscOnyYTz45wsWLFykWiziOoasrx/bt29m9ezcvvfgiGzduoLu7m76+PmZmZnj/gw84evRTrI3irelYGs1Gu19oxwwd9TW9yynil8tBZRjh32N4lTGGvv5+/rv/9i84e/ZMvJW/UubIkSNcuHCB/v5++vv67hpGWmtpNptcv3mTn/3sZ0xNTWEMZLJZ3njjDZ54Ygfd3d13PbZRrxMEQXtrf7PZZP/zz/Nnf/YDnnrqKaLI4iU8XDfueeo4hiiK73f8y4lD1ChqD9yKoiiuwmxt/3cch4Tn4boejuPcM1i11hLYkJ0923l787fZ0bvt9ht7RyR+54iv5TUY4P87/5/57a2DFEslDO5dh4Hd+eHiGpekk2SmNkcQNlvnM0REbOveyrc3fJPnhp+9bw9Yay1Vv4bf6pvqGIfuVIGkkyCXyLGxsJEdPds5MXuKSlQlImKpucSpudOM5daRS+Ruq4Ct+jUuLV7lUvEKJb/M5vxGnh96lv5MPwk3QcpJUUjmcIxDSIghDmMXG0sEkSpWRURERL4oClZFREQAkx/B5Acx6Ry2Vlpdjem4ROVZoqmzRNPncUeffjwL7YSNsGGT8OYJooXrsCoMak1B7+rDJPMYZ40fCywrtt3fcehDqtcbXLx4kX/8yU84cuQIU1OTlMsVxkbHeP2113jhhefZvGkz3T3dZLNZ0uk0yWQyrpp0XWZm4m3z7eDJgOd6pFIp3M/T9/Vz5Kqu6+I4brvi1XWc9iCse92qVDLJxg0b+PM//3OSySQffniIMAz5v/+fv6FWq/Hmm2/S39e35rGNRpNjx4/xd3//94xfHadcLtPb18cLz7/A//iv/zUjI8NrboVfboPgem47VDWtyuxkKkVXV45sNq5eXg5RlznO7YOdjHGwd9zz5XsQ2dZgqPY5zNpFziteZ7E4xsF1XNxWb98HtRy0GhP33H3Q1hArjx/qGuK5wb00wzqHJz9hujqDYwwGl1PzZxjLjbAxP8ZQ19A9zxXZiPnGAvUgHtjl4JD1srgmvueFZJ5vjb3OtdINyn4Fg8EzLkdnTrC1Zyvr82NkvHT7XDfLt/jVjd9QC+ok3QTr86O8OLIfz4mrZVNeinwyt7IOGz8KmKxM0wybHd0HEREREXlwClZFREQAJ9WF07Mekx8hqi6BcVdVINowIJy+gH/hVzj9WyCRwXQY/nyZrF8jnL1MNHcV6qXb+6uyvJvf4PRtxGR71ghe4/danlbfTsA+R6haLBY5d+48f/f3f8+xY8eYnJoklUqzb98+vvmNb/DsM8+wceOG9jb4tYJB3/cpl8utP8W9VeOt6t6qa1zL8jb11W94+OvKZDJks1l834/X4Ti4rkcikbhnvGeMIZ1O89LXvgYW+vr6OX78GBMTE/zkp/+Zm7duse/ZvYysGyGdzgCWwA8oloqcOHGSjz76iE+OHKHp+zz99NPs37+fl19+mQ0b1uO6a39sGmMwjkM2myWRSLSDVWMcms0mzWbznsfe73Xt3rUPdOeIq6Zv/yMP82Tcvg5z36pSsBhzez12wkkwmB1ga2EjjaDBpzPHmanP4RqHil/h05kTZLw039387Tgovcvn/3Lf1ForWDXGkE/kSLTaBqS9FDt6t7GlsIlis0SxWcQ1DvP1BS4sXGRTfj1P9u8CYKG+yOWlK1xcukwzarKtsIUn/3/23ixIsuw+7/udc7fc98za96pepnt6NgAzmCEGA5oQQVIUKZGOIPViK8KSHuwHLY6w3m0/WwpTitCDIZkhK8IOSZBlQaQAggAEzICz9zJLb9VdXUvXvuS+3OX44d7MququXmdAAOT5TdRMV9bNc892u3u+/M73L5yhkigNXNaWDDNcj4rJnvLZ71ZxlRdlR//ixJdoNBqNRqPR/KKghVWNRqPRaACEgSzNIYvT+JtXT75GGgS1Tfylt/HHn8MYeRYSOX4u81YDn6CxjXfzhwT1TVTg3u9IVYCUiOIsIpE/MTNVASpyrB7++AHC5KO6FATcvr3Ed777Xb7zne/Q6/VIJJOcPnWK3/2d3+Hll79EuVR6dA6nUvjeYW6kEALDkFiW9VhFtQzDwIgKVvXfj+IzVU+3rLDAk+/7GEboSjRNE9uyH1lACWB0dJSvfOWXyOfz2LbFD3/wQy5fvszW1hZra3cZHx8nEY8jhKDX63JQrXHt2jW2trYYqlQ4f+4cr776Zb70xS+xsDD/yGxWARQLBRKJUKwVQiClpNls0Wg0n3oengx1/Dj/kYr2T5t1e7Stk2Ih7n3l3rXpR0vMZKd4eeQLdPwO9a0Pcf0eKMVyfQUEjKVGeaZwhlzs5KgFLwiF1Y4fOqsNIUnbKczoGTSEQS6W5XzxLFutbardKgiBF3jcPLjFSGKI+dwspjS5U1vmk71r1Nw6lrA4UzjFmfwCzpE4ElOaxIzYQDwVQoQZq16Dnt87VqxNo9FoNBqNRvP5oYVVjUaj0WgijNIcfmUBee17oQCj1DGxUQgBgY86WKX7zh8S+8r/gLQTP5d5q8rrEOws4l76Fsptg7jHWdcXWgwTozSLeIBAFAqO6ui3kYP1yfvUbnd47/33+Tf/9t/i+WHu41ClwmuvvcZf/Y1ff6Sg2scwDGKxWFg4KRJ9pQyF1ccpqGXbNo4TO5al288HfVoCP8CLCmmp6Ah8KPae7Lq9F6UU+VyOUwsL7O8fcPnyFcxGHQRcuXKFDz74IMwvjdbNcRzGx8f55V/+ZV544QXOnT1LoVDAcezH6q9hGIyOjpJOpQkChWGEc9Fo1Gk06k89D0/K4d4S4eNGGElwb37qk+KrAMXhegpC4TxQ/pHXBKh+FEKUpaoCXL+LAF6oXKDtdVhvbnK7dgchw9zSu411/v3Nb5N9JkvSSgxcqH0UobC63zmg5/fCY/7SJGWnMKLnsL8nni8/y+3aHa5XF1FKYUqD5foqH+1d5SvtV0k5ST7du87lnY8xhEHeyXEqP89UZuLYPQ1hYEnrmGM7UAENt4kXeKFQrXVVjUaj0Wg0ms8dLaxqNBqNRhMh4jmMwjReZR62b6GUx31qhJAor4u6+wm99/4V1vm/ijn7Gsj7K4P/zFAKf+Nj3I//E7RrCOOk4j0KTAeRGUHkJhBO8kGNhRXXgc8asrq8ssLirVs0m01s2yYIAmZmZnn11VefyE3Xz+zsC40oRT9R83FasSwL2z5cLz8SROOx+GOLu/fS7XXpdruDDFIhZfj1mOPyfZ+3336b/+8/fps/+d73+PrXv87rr3+F06dOhU5Yz8Pz/UHxKNu2icdiOI6DbdtYlvXA4/snIaVkYmKCXD6HiFy+hiG5u77O6toavh8MMmJ/WgQoer57n4jqq+Dpi5BFeMonQA2OyoeiqY8XHDqdY0aMmOHgBR6WYQ6u6+fCGtLg+fJ5LGnyz6/8S2q9GgJBz+9xs3qL/3zneyAEzxROHVvnIPDp+V2qvSo9v4dEYgiDuBkbOFb7lBMl5rIzTKXGWaovYyABxWZriz9d+SGleJEb1UWqvRpxI87Xxr/CbHYK2zguoFvSIm7GMIQcPAR+4NPsNen4XTzlY/DzG1ui0Wg0Go1G84uKFlY1Go1Go+kjTWRhCnPuddz9Neh69yt1kSMR5RPc/QjPtCHwMOZeR8jHc0z+dFH4ax/iXf8+wfonYX/UCUeegwAZz2HOvIJMFkGc/FeC0Mmpjumo/SCAJ9W+NjY22NneQSlFEARIKUmmkuTzuScSVn3Pp9PpDI6vCynxg4Ber/dYR8iDQOEHh9cFvo8hJel0+qmPS3c6XTrdTlTEKhTHAt/HdV1s+9Eu0g8vXuKP//N3ePudd8hkMnztjTd44fnnyRfyyGjPDbJuhUD2x/6U/RVCMDQ0xOjoKNlMlnq9hpRhYbDllWX29/cpFPJPLTQ/DkopOkFv4FQFkELSUx6e+myV7P3AOyxmFf3LDXzcI8LqYE6jK5XykUIQj47UCwQpO8V8bpa/Nvtr/NHSd9hq7yAjV+2V3U8YSpRJW0kmM+ODdgMUXb9H023hBh5SSCxpYRv2QOjtY0iD2ew0F0rnWKovR7nHkmq3yk/W3yFmxtlp72IIg4yd5pniaQqxwn3rLoXEMmwMYSCFIFDhByJdv0vP632mmAuNRqPRaDQazYP56VoRNBqNRqP5BUOkyhiTLyFy42DacIIgEToSDYLmHt7KRdyr38Vf+jNUcwfluz+DXgMqQPUaBOsf4V37Ht7SO6jmHkjjuNgbOTyFNBCpMub0y8hY5qGCcF98OryiL7Q+mbJaq1VpNOqHrs5IHHwSpyWA53u0O22ECJ2XSikCpfA8/7GO87uuS6/XC8ccxQAAoXPzKYXKIPDxfZ9+XikqjBZwXfehfVJK4boeb731Fm+/8w57e7uMj41xamGBUqmIGQm1/eJclmVhmeYgx/VpkZGQvDC/wPT09MC122o1WVlZ4eq1q9F4fnooFG7gguhn3YbPlht4n4MQGAqLKtqqEoEbuHSD3uAKX/l4yjuSsRsKrcaR2AwpJLlYltdGX+Zc8SyFWB6lAqSQ7HZ2ubh9hYvbV2i5rUGf/cCj7bVpeW185SGlxDZsLGmeWEBqKFnhTOEUxVgBU5oIoOt3WWuus1i9xX73gJSV5HR+nvH0GAkrfl8bUkpMaYZ9V/0ZIByz3z3m1NVoNBqNRqPRfLZIBAEAACAASURBVH5oYVWj0Wg0miMIO4FRmMaYfBERzwyEyBM1RGmgGrt4t35C7+1/ibf6PjS2UF73z7fTykd16wTbN+le/Le41/8Utb8CJ7gNQ2deAE4KoziFMXwOZcYe0rYiCPxQbxSDl3iaKADP8/D8445B3/dw3ccXo5VS9Ho9Wq0Wx+zE9+ThPoye69LtHq6RFAI/CGi2WoNCXU+KEBKJwPf9gas03DoPLxoUBAHNZpMPPvyQ1dVVHCdGMpnEMJ7ejfq4GFJy/tw5nn/uOYzoKLxSitXVNX704zdpNJqfKXdWKYXnebTa7WPzfRQRFZkKC1YRCdL+ZxJWlVIYSMSRgmQCgas8Ov6hsNoNenR9F3nk+HyAwr0nnsCSFkPJCq+Pvcap3DxSGkAowF4/WOSt9be5dbBEx+ugUPT8HrVenV7Qw1cBhjBwDBvLsE4UVlNWkon0GOcKp0mYsch1LY6ViCvFi7w2+jJZO3NM+O0jEZjSwDLsQc6qUgov8Oh4Xdyf1Qc+Go1Go9FoNH/B0cKqRqPRaDTHEOCksM//VWRh8tFinRDgu/gb1+j+8J/R/eD/Jti6Cn+OQkbQ3MW9/qd0fvzP8a7/ANU6APGQP+J9F2P0Wcy518FOPfRaRShEqkAdE4WeJgIzFosTi8Xoy0W+71Ov19nb33/sNnq9Hlvb29y8uYjb6w2KcEkpMc3Hc3EOHKsRQgo8z6NRbzy1kNhvU4rDWer362F4nsfO7i7dbjdyr/ZYXV2l2Wr91B2jABMTEzz33AWmp6eiPku2t7d56623uHr1KvX60xey8n2f1dVVLl++wuKtW/f9XCBwhBU5SwNA4SkPW5qY8unyQPsH+73Ax1fBYd5oJLbaRzJOe76LG7iDNZNS4gUeB736iZESZ4uneK78LOOpsShSIHRx36kt86+u/T+sNe7i+qErdq9zgB/FGRhCEjMcDHFyITMhBPlYjq9NvE7Wyd7zkYXCkhaVeIVnCmfuy1btI6WBbdjETGcQN9AXZg96VVpe60mnUqPRaDQajUbzGOiMVY1Go9Fo7kWaiOwY1sLXUG4Xf/UyGCcf4w0zTMPMVdXYwbv5I1R1HWPkGYzJLyJz4wgnHR7J/zzxewTNXYKta3jL7+OvXUYdrKDcTtStE/oaVasnO4Ix/hxy+CziEcKfAMzouL2KLIWe5xEoFWavPgGjo6NUKpVBYSIpBSsrq7z7zns8f+HCI4+3d7td/suPfsR3v/td7t69O3CGBr6P33fCPoawKqVAyNBdahhy4Jz1fe+pa9H3ej3anS5CysPxGRLLenhRMykliUQCQ0qkFLiux8bGBv/uW/+eF194gfGxMZLJJE7MwTLNQXSAYZrYtoUhDRCh+9SybSzTfKJcVNu2OX/+PL//e7/Hv/w//5CtrS08z2N9fZ1v/ot/wW//9m/zhS+8xFCl8thtKqU4ODjgk08/5f/9D/+BmekZXnnl5fuu85XPQa+Gr4LQZSlC52XH7x7LQn0iInN5y+/gBl5UDCr8QRBFRvT72DdhB0phRM9xEP1z0qMeM2KcL56l6TbZam3jBmF2adfvcae2wnfvfJ83Jr5C2kpT7zXwg9C9bEqTmBEWljrx9xAgbsaZzU4zlZ5kr71Pw20iEXgqYDo3xtnCKVJO6oHvlwgsaZE046EDl8MPQmrdGi2v/XTzqdFoNBqNRqN5KFpY1Wg0Go3mHoSQYMUxpr6E2T5ANbZR9e0HH+s+Iq4GB2vQ3CPYWyKobSLL88j8BDIzArEMwoqDtB4paN6HCsB3Ub0GqrlLcLCGv3MLf+MTgs2rqPp21BXjRFFoYDE1TMyZVzDHnkMky48xF2Ig6IVHtsHzD/NEn4TR0RFmpmfI5/I0Gg2EkGxtbfHuO+/w3HMXOLWwQD6fO5a5GgSKntujVq3ywYcf8s6779KoN5ifn+PGjRv4PR/P92m12uzv75PL5bDMh//1RgVBeGQ/CEBKlArdld1u76miAPpH3l3PjRIJImFVPDo/1jAMMuk0IyMjLC4ucnBwQNP3+f73v8/ynWXGxsZIJhM4MQfbsgiC8F6WZWHbNlJKpBBYtkUikSCTyVIsFKhUymSzWSzLeqjQKqVgZHiEN954g7t37/LjN99ieXmZRqPBT/7sJ1i2RbVa5fnnn2dqcgLHcU4UwPtz0Gw2WV/f4KOPP+Ltd97hzTffYmR4mEw6c9+9A6VCwW8QbSuQQobC6lM6voUQqCCg5/cGjlERve4FoUN10GcUAX2hNSrUpgL8wDtxawshGE0N80L5Aku1O1zZ/YRatw5K0fE7vL91kVwsz2R6nIPuoWNVInEM577CVUcxpUnGyXC+eJa1xl1q1TqGMDGEZDozyen8/IkRAEf7ZgmTpJkMxXY/HLhQUOs1aEcfuGg0Go1Go9FoPl+0sKrRaDQazQOQhSnM2ddQ3QbulW8j3NbDxVVEqLF6HYLdJfzdJUSigFGaxRh7DlmcQWSGELEcwk4gDAsMMzqKLzhUcw6FWgIP5buobhPV2iOorhJsfEqw/jH+1s2waJUgEmofINz0c2JNG1mewzr/m8ihM48l7vbFpn6V8cAPcHu9MAfzCUXIcqnE+XPnePGFF/izt/8M1w2FuI8++YhvfvOb/OZv/iZnzpwml81imCYqUDRbTba3t7m5uMh//I/fZnxsnDfeeINEIs7/9o//Mbu7u3iex97+Hu+++y5KKSrlCrZjk81kTlyrTrdHt9MdjA+g13Op1WonHgF/5Bwphed7+J5HEITuyyAIQhfsI+YodKzG+eIXv8jOzg6XL1/G9TzW1tZYXl6OrumH2wJR0S/RLwAWtWHbNolEgkqlwuzMDC88/zzzC/OMj49TLBQe6py1bYux0VH+1n/7t8hkMnzvT7/P0tISrVaT733ve9xcXOTL16/ztTe+SqVcIZ1J40SiLoAfBHTabfb291ldXeW9997n/Q/eZ3t7m7nZOc6fP8/o2OhJM4cXePiBT6AUMsoV7fk9POU9Mp/2QWsRBD5u0MMLvCgYIHwyXOXS8fvrruj6PbpeFwbxvAovcGl57WMZq0cxpcl4epTfmf9rVHt1rns36fk9hBJst3d5b+MDVmtr1N06QV9YFRLLMBE8PDdXCsmL5QvcOFhkubGKH/hk7Sxz2WmmMhMPHbdAYBkmSTuJJPywQKBAKGpunbavHasajUaj0Wg0Pw20sKrRaDQazQMRyNI81jOSYH+ZYO0Kql0LxdBHvI++u6xTw1+9RHD3CkpayEwZWZhEFqYRqQoikUfE0gjDDoteCTMsOhV4qE4V1dwjqK4R7C4R7C1Bpw6eh1J+VEbdeIzA0/AIv8yP47z+32OUF0Ln7GPguS47O7uRmBrgRYWfnkb0klLy7IVn6Xkeq5Fw6HnuwB15/cYNzpw5w+nTpynk87Tbba5fv86n166yvbXNr//ar/E3/vpf58yZ02zv7DAzPUO91qDerbO9vcP//gf/lNdefZX5+XkmJif59V/7xolH4z3Po9vt4nrh0f8gCGi321RrtafKWA2CgFarPSh+5UcFtrrdHm7PJR57SHGwaF6+8Y1fJR6PY1kW77733mB+lTpS3V4plO+HVe6jMQ2yQT2PVqvFzs4On37yCX/8x3/M3Nwcv/Ebv8GvfeNXGR09Sdg8xDAMyuUSv/97v8eZM2f5d9/6Fj/4wQ/wvC7LS3e4u3aXP/qj/8TszBwzMzOMjA4Ti8WRUtJoNFhZXuby5Utsbm3huR6zc3P8zd//m/zqr/4VxsfHiTnOfff0g4BWr03PD4/UIwS+Cmh7bbp+j4AAgyeL0FBRTmu916TtdfBVgBQGbiTg9p+VQAW03TYtr4WPjyT8YKLjddnt7D9QWAWImTGms1O8Ovwlat06i9VbmNJECslSfZnlxko4vkhYDQtzqceqrVaIF5jJTnF17zp3GqucL5xlKjNJ3Hz08ypEGAcQoAhUgBFlJ+93wmiBp3lmNRqNRqPRaDQPRwurGo1Go9E8DMNC5iawv/jf4Dr/HrX8Lqq+jXiYuHqkgFG/1LnyffA9guoGQesAuXUTTAcMO8x0PVKVPTTPBSi/Fx3/b4PbRrktiHIbj2YtPlAs6QuugY8xdgHrmW9gVE4/tqiqlEJISTqdZnpmhqHhYaQQtDvd0LnqulExqscnk07z/IUL/IN/8Pd58823+OD991m8tUin02F3d5fLly5x8+ZNLMsEBOl0mnPPnOP5v/kcLzz3HNPT08TjcSrlMn/7b/93/OAHP+TixYvs7u4C0Gg06LkumXQaQz7AIagUiUSC+fl5stksvu+TyWQwDeOpMlYDpYjFHEaGh8lls0gh6bkuuXw+jBx4DBdsKpnkCy+9iGFIhJS8++67tFot4vE4qVSKVCpFPB4W/zIMI8x0bbdptVrU63WazSae5w0KZvmuy+2lJb71rW+xubHB3/27f5dsNoP5kJgEKSWZTIbnn7tAPp/jl157jcuXL3Pt2jVWVlao1xtcvXaV1dUV4okEhmEM8mlVoLAsi9df/yqnFhY4e/YsC/NzDA0N4TjOiesQM2OcLZ5mKFnBU24kcvukrBQTqfEH5ok+CiEkXxh6gZnMFIaQeISxFeVYicn0eDhWITmVnw/7r3y8SASNmzEq8TKmePhfkaWQvFh5DgWs1E8TN2MgBIaQWMLClAae8un5Lgkrzlhy9KFH+Y+2e774DLa0WW6s8VzxHOOp0ccSRONGnBcrFyjHi7S9zqCQV97JhvOpRVWNRqPRaDSazx0trGo0Go1G8xCEkOAkMceehV4DISXerbcIWvsg5CAb8iEN9H8BgPJ64HYJWgeDS1R0nRDy8Nj+vRKfEFENcqLogEdwpNiUMXoe8/QvY8x8GRG7P+vywV0XpJJJXnnlZc6ePRMW/lHQarcZGxt7qEj3IEzTpFQq8uqXv0whl2N2eprrN25wcHBAtVrF8zxMyySTyZBKphgfH+fMmTOcP3+OfD4/yE+NxWK89NJLJJMpTi0ssLe/h1KQyWQYHR1henr6gcWw8vk8zz//HOl0imQqhe/7mIZJqVjEsU+uuv6oeXrmzFlsK8zOlQi6vR4joyPYjv1Ygla1VmNldZWlpSUajQYLCwuUSyWGhobI5XKk0yni8QSOY2NIg57bo9Pp0Gq1ODiosr+/z/LyMiurK+zs7CClpNPpsHjrFkHgMzs3x1/5+tfJ53MP7Y9hGBQKBTKZDFOTU8zOzrC4eIuVlRX29vZoNps0m03a7XYYY5BMkEqmyOVzjAwPs7BwiumpSYaGhkkkHi7gx80YzxRPA6GDNEo7xRAG+ViOhz5XDyB0bZpcKJ3Dj1ybnvIQCBzDJmklw+sQTGcnKcULCCFxAxeBwBAGMdN5LBG0kijz0tBzzOdmsaUVFhETBpYMs1Fd5eMFPoaQJM3EY7UphGAkOUTSSjKbm6EcL5J4DLcqhEL1qdw846kxfOVHTlmwpEnOyWrHqkaj0Wg0Gs1PAaGeJkxMo9FoNJq/jPgu3ur79C59C3/5A3Bb4Hscqb7zc8HA9Wo5iGQR+wu/jznzKjI79lRt+b6PPOL+9IMA2c/6/Izj7na7VKtVtrd3WF1bpdvtkkymGBsbo1DIk0lniMXuP0Z+lCAI8Lywirx5wtH/k8cURO5OMXgtCIIHirGPaq//1Z+nIAiOff+wvtfqdd577z2++90/4YMPP8S2LX7rt36LL7z0ElOTkySTSUzTvK9v/XF3Oh0ODqq89/77/PjNH/Peu++xs7uLFAI/8InF4szOzvK//i//M/Nzc08siHueR7vd4aBapV6rsbW9zf7+HkIIhoaGKZdL5HO50PVrmlq802g0Go1Go9H8QlCr1QD48MMPn/i9L7zwAqAdqxqNRqPRPD7SxBx7HhnL4maGca/+Caq2dZh1+vNC4EeFquZxvvy3kENnkfH8UzUlhLhPiDMfUen+SbBtm3K5TLFY5NSphYGrTkr5SIG0j5QSy7IeW9ALx2Tc99rj3u+k9u699+O21Wg0+OF/+RHf/Ob/wdLSHc6eOcM/+kf/E7MzMySi4/b9e9xLf9yWZZFKpRgeHuLs2TPMzszyT//ZP0MJgZRhbMC1a9dYX19nbHSUdDr9ROMzTZNUKkkymUCNDLOwMB8V6Qpd1lIeiuxaVNVoNBqNRqPR/GVCC6sajUaj0TwuQoDhIPKTWM/+FiI3gX/7Lfy1y+HRfhE5Cn8W4pKK6p+rAJkfw5z8Asb8VzGGzyOc1OPFB/wM6AtxhmEMRMTP0s4vErVajSsffcw3v/lNbt9e4sKFC/z13/5t5ufmSCQSjyXO9scthMC2baYmJ3nttVe5dOkSly5fpl6vI4TAdXtsbW3TaDafWFjtt390rTQajUaj0Wg0Go0WVjUajUajeTKEQNhJRHEWK5ZBZoYRpTn8tSsE2zeh2wgdo30h8ykEv35GzyPfGaX5KBUgDBMjkUNUzmBOPI8cfQ6jcuqxC1Vp/nwJgoAbN27y7W9/m48//phMJstzzz3Hq69+mVQq9dTtJhIJpqem+dobb7C0tEStWkVEQmir3cLtuZ/XEDQajUaj0Wg0mr/0aGFVo9FoNJqnRCRLGFMvI0vzeMUZvJs/RO3dQTX3UN0GqCD8OiqRfhZnZV9IPdqUNJBODpkZQpbnMRe+hjF8FhHP/9y6VDVhtuzVa1f5Lz/6EaAYHh5icmKCSrn8mduOxRyeffbZ0JkqBP0dY8gnz4/VaDQajUaj0Wg0D0YLqxqNRqPRfAaEYSEyw9hnv4E59UX8lQ/wbr2Jf/vPUK2DQ2FVPv7x6Uc7VYNQZBUCEc9gzr+Oeeq/whh+Jjr2r8Wzn3cOqlU2NzfZ2dlBCMnoyAjFQuFzOWZvmiaFYoFYPI5hGARBAEAmk8F5RCEwjUaj0Wg0Go1G8/hoYVWj0Wg0ms8DIRGxHObkFzGKcwSnfgV/6yr+9iLBzm1U7S54PQiOHPS/L49VcVxWVUeyU6M8TWkic6MY5XmM4bPI4iwyN45IlRF2QouqvyBUq1WqtTqe56GUwonFsG3782k8ykOVMtwLUgpsO06pVCQRTzxxc77vD/ppmuaJhcX8IAgLWnG4i6WUx7JZlVIDkVcpxb0cLSDWv+5eoTno3ye69mEO3Hv7bRgnO3aVUnied+ye916rlML3/fvu2x+TUmrwnqPX9sd5tLjXg/oQBAGe5wGHhcnuH7uKCrzdP3cPKsDm+/7gmqM/P7oe/TH15/deHlVMTil1X3tHrz/a7oPa8jzvgevan9MT957vH5v/e9/3oL10Uv9d1x20ZZrmfXsgCAJU9Ot7V/He/dsvxHf0vkf3y9Gx9tfopOcCITCidvvvv3ce7p37/rycRH9f3luUUKPRaDQazdOh/0TVaDQajeZzQhgWJAqIeA6ZG0Xmx5Ej51HVu6iDNVT7gKC1D50aqlNHdRsor4MIfFQQ/U+wEOERfmkgrRjYSUQsDbEMwskgkwVEdhSZn0BkRzFSFZTpIJ7AEav52eO5Hp4b5p0KIfBcFz84WQh5UgLfp9Vq4bouvu+TSCSYm52lXCoRe0zHal9s7Ltqa1ERLNu2KeQLlEolcrksQgiazSY7OztsbG4dCjxC4NgW+VyOUqlMKpWk1+txe2mJVquN64V944iOlMmkOX3qFEop1tbuUqvXKBWLVCoVbNum1+tRq9VYWVmlXC5TOmE8fXFybe0uu3u7tFptlFIkEwlGRoYplUo4jjO4tl6vs7Ozy/bODp7nAgLbthgeGqJUKpFIJPA8j3qjwerqKvF4nHK5TDaTAaDdbrOzs8vW9jZzc7OkkklqtRrLyyv0PBcVBJG5XGCaBtlslmKxSD6XG4h27Xab/f191tc3aHc6KBWE9ymVqVTKOI6D67rs7O6ysbFBr+cOhMA+qVSScrnM8NDQfcLj2toatXqdRDzB9PTU4OeNRoOVlVUARkdHiMViHBwcsLK6OhArgyAUcRPxOMVikVKpRDx+f26z7/us3b3L9vYOQsDIyAiFfJ5YLIbruqyurnJQrQGQy2aYmpo6JgA2m02W7twBBOVyiZHh4UHbnufRqDe4dfs26XSaSqVMNpsFoNvpsrm1yf7BAbMzMyQSCQzDGMzNyuoqe3t7OI7DzPQ0tm3fNz/tdpu9/X22trZoNpsESuHYDplMhqFKhXQ6jWWZtFot7iwv02y18FyXIDiyeQXksllmpqfxg4D19XWqB1VMy2R2ZoZUKoWUklarxe3bt2l3uiQSCUrFIkNDFdbX19nb36fdbuPd81wIKTh35izxRJz9gwNWVlbIZrOMjoyQTCYHgvDtpaXQrZ7P4/k+KysrdDodpDQwDHkozKMwDYMvffGL962jRqPRaDSaJ0cLqxqNRqPRfN4ICVYidJMWZ1FeF9WtoZp7BNV1VHMb1dhGNXbD191uVPAqqvAuDTBsRCyNSBZDN2qqjExVEOkyIpZFmIeCkvao/uJh2Ra2bQ+chvV6nVazNXCyfRZc1+Xu+jqtVhvf90mn07z22i9RKBQfy6WmlKLX67G5ucW169fY2tqi67qYhokKfLLZHJMTE5w6tUA8HqfVarG8ssKly1eIJ+LhdUohpCCbznD2zGkmJibo9Xp8evUq+/sH4RxYUV8UIATlUom52Vl83+f20hLLy8uMjY2SSCTI5XIDcfHSlSs8c+YM6XTqPmHV8zy2tra4eu0ae3t7+EEYmxEEAdVqlbk5j6mpycGc31le5vbt2+ztHyDouw4FOzs7nD1zhuHhYQzDoFat8emnV8lmM8RisYGw2mq1WF1d5eNPP6VcKhKPxdjd2+PipUt4vj9wyvZd55lMhpnpKRzbHoi2W1vb3Lp9i5XVVVDg+T6WZbGe3eDcM2cZHh7G933W19f58OJFBAIr2jvRglEsFrFtm6FK5b71XFldY2VlhXK5zNTU5EB0rNcbfHr1KgDJZAIhJRubm3x48SKGYWL2HbiAFILhoSFmZnvMTE/f5yr1PI/llRU+/fQqSMH5bhfHcXAcZ7Du6xubGIbB1OQE4+PjA4Gz0+2ydvculy5fwfd9zpw+TaVcHjg9gyDgoHrAxcuXyWWznDq1QCKRwDRNut0uq6tr3F6+Q7lcxrbtwftc1+XGjRvcWV4hm8mQy2YplUqD+/Y/PNjY2OD20hJ319cjQTn8rTgWizM9Ocn8/By5XI5ms8nHn3xCtVpDCLCs4w7zkeEhxsbGaLfb3LhxkzvLyyQScVKpFI7jYJomtXqdS1eu0Gg0KZVKnFqYZ2iowsrqKrdvL9FoNnEc55gj2jAks1PTWJbFzvY2H168SC6Xx7ZtHMdBShmO9eZNYo6DaRgESnFneZlqtUoQKLrdLqZhYFoWlmVhmaYWVjUajUaj+ZzQwqpGo9FoND9lhOkgzDIkyxiV0+GLSoHfQ3ldCLzQoGTY4LYRQiJMGwwHDEsf7/8LSC6XI5vNDESgza0t9vb38SMx7rPQ6XT4+ONPqNfrqEh0+8Y3fpVMJv1Y71dKUa1WefOtt9jd26NSqXD+3HkS8Th3lpe5s7LC9s4Otm0xMzOD53n0ej16vR6nTy1QLBRwXZet7R1uLC5imCaO45BOp2k0m3iex8jwMLMz0+H4I3dePBHHsiw8z8N1XXb39qjV60xPTROPxwmUwnU9Op0OvV7vviPrSilarRbvvf8BB9UDJicmmZ6aQqmA9z/4kE+uXqXeaDA2NoppmqysrnLp8hX29vY4e/Ysw5UKoNjY3OTSlY9C56AQjI6M4Ac+7U6HWDx27Ih14Af0er3QaRjFCXR7PRqtJvlslrHxcbKZDJ7nsb9/wO2lJXq9HvFYnPn5OWq1Gp98+ik3FheZmphgZmqKQCmWV1f49No1XNflRSnJ5/P0XJd2p8PUxCQT4+PHnKOxmEM2mz1RlO/2urQ7bTrdzjGXqx/4dDrha57vo4L+WDoszM0xMjIcOYVdrl2/zs1btzioVRkbHT0mYPZdyt1ul1arBUKwubXF5OQkQTYbCe+rtNptEvE4nU73qCGTTrvN4uItDqoHdDodcrksvV5vIBr2YwB6vS63bt9GGmEmcS6XI1ABPbdHp9Ml8A/3g+d5NBoN1jdCx3Xg+9xZXiaTyQwiFoIgoFar8eGlS6yt3WVoqMKZhVNYts3q2ho3bobiqBNzSCaT+EFAvdFACMHE+BjjY2OIIwUCk8kEjm3TqNfpdLu02i38wGdne5tKuYxSoZi9t7dPz+2RSqVwe6FrvdPt0ul2iMdiPP/chej3gPDIvpSCdCaNlALX82g0m+zt7zM+Nko2kyGTyaBUKJ72Jzafy/HsuXM0m022t3e4/NFHDA8NMTExTqlYPNZvjUaj0Wg0nw0trGo0Go1G87NACDCswRH+MJtSgGlzmL9qaFH1LyjZTIbh4WGGhodZv3uXzc1N7ty5w931dSYnJp663V6vx8bmJn/8R3/Ezs4OC/MLvPHVrzIxPn6fw+5BtNtt1tc32N7d5cypBebn5qlUQgdhqVwinU5z89YiFy9fplQqhTmS0kBKg/GxMUZGRpBSMjZWY39/n1azSbVWI53JIITAiTmUSiVmZmZCITASg6QhB6JyXwD0fZ+PP/4YyzIplcuY/bxKIbjXq93Pqmw0GpimRTqdplQqhg49y2J/fx/HiaGUotFosLGxCcAXXnqRhYUFkokESimGhocBwebmJisrK5SKkdP3pEdRcEzMDMejEAjK5TIz09OUikWCIKDd7nBQPaDX69FoNFFKcfPWLarVKuNjY7z65VcisVREcQF54rEYiUQSEKGjFkGlUmF2ZgbbOVxPKeUDM2T7ruij2bGD/E/TJPB9ZP81wmtHRoaZnZnBtCyCIMwc/fTqVbrdUEC/N/8VQCKwLQvbcdjf26fZaIZCbadDEAQ4kUs7WmCAQczCytoaw5Uhmu0W7Xab1dVVJicncRzniIs77OPu7h5Xr17jxRdeOMysjTJPRbRI3W6XO8vLAJTLZWKOFeyzgwAAIABJREFUw+2lO8zOzhKPx5FSDpy0rVabmZlpXnrhBdLpNEJISqUi4+NjbG5uRUJkdJpAQTKZZKgyxNTU1LH57s9vPwfXtmwc22Zra5uZmTa+H3BwcIBhGFjKwjAkqv92BdIwSGcyzM7OHnGshlvdcRy8KP+1v943FxeJx+OcP3fumMNVCDFwybqui2XZfPTxxxQKecbGxhgeGrrv2dFoNBqNRvP0aGFVo9FoNJqfFUKGX/1vAdBZqX8ZcByHZ84+w9d/5Vf4wz/8Q7rdLhcvXWLsT8f4r3/3d0lE4s+T0O12+fjjT/jj7/xnrt+4QbFY5Ctf+SW+/iu/QiIRf+yIgTBzcg/PdalUKoyMDA/ckfF4nMpQha3tbW4s3qTRbJKIxwfilgoUge+HQmKng+u6xGKxQfEdKQ163R47OztcvXoNXylAYVsW2Sijsi+WxeMxctkc27s73F1fJx6PY9kWcDxf9N55nZqa5NbtJW7dukWjUSebyZJMhhmk/azL/f19qtUqjm0zOTFBIZ8fiLqO4zA7M83G5ia1ep1Wq4UhJQIRpRY8YB774psQCClotdtUDw4Ggm+r2aLb7RKPxcmkUyil2NjYwPd9KlFmbP/9jhNGBQgBiUSCbrc7EA03NzcPixdFXSnk84yOjp7odg6FVNjb3ePixUuhGIzgoFql2WqRiMcgElT77VVrdba2dwaC8u7uLn7gk0wmsSzrxL2pUNiOQyGfY2Nzi3a7TaPRoFathWsXFT4L1GGRvkajyfb2Nq1Wi5mXXqTT7rC+scGNmzcpl8uDPNz+OAqFcJ0Wb91iYmKcROJIwb4j4mKj2eTa9etkM2lKpRK9Xo8rH33M3t4eqWSSeDxOt9tlbe0uAqiUy1QqFaSUURGtcJzZTJZUKjlw5xqGQbvTYe3u3bDQVbQX41EG7fDQEP1pdByHfC7H/sEBrXabbrfLwf4+2WyWdruNIY2BwCxkuEa1eo1Pr11DBeFzIaXEsW3m5+cHURWmYVLMF2g2m9xdX2d4aIhUKhXty1AcN00T0zSxTBPbCWMjLMsiEY+Hc6bRaDQajeZzQwurGo1Go9FoNH/OCCGYmZnmV375l/nooytcv36DxcVF/uRP/oThoWGeffY8xUKBWCz2UEG0X7im0Whw9eo1vv+DH/CDH/6AQqHAa6+9yuuvf4VTpxaeKLfV83063S6maRKLxe5zJzq2TTweC4/s93r4tg0iPFq+srZKvdEY5GIGKqBYLJDL58P8UhFmX+7t7eH2egThIHAch5ERl5np6cG44vEEU1OT3FleYXdvj0Q8TjxylT4Ix3E4tbBAs9ViZ3uHO3eWsSybbDbDyMgwoyOjxONxGo0mrufiOA7x+HHRWUpJJipY5Hs+rusiokxRcZLTLzLPiiPCKsD+/gF3jBU2t7bo9np0Oh0cx2F8bIxSqRRFF7QBSN4jfFuWRbFYGHzf7XYH87K7u0uv1zsmrAa+Hxbzcu4vTiYjp2e9ERaAUiikkLQ7HTqdTiSMM+i7QrGxuUGz1QQFfhDQbDRIJpNMTkw+cE8qBaZpksvl2N8/oNlqsr2zw97+HoVCAYGi240iHEQ4lv39fba2tknE41TKZXzfp1qrsnb3Lo3onoK+g1kxVBnCskzurm+wdGeZsdFRAt+P+h9e0+v1qFarrG9s8IWXXmJyYoL9gwMCpdja3BoU1fI8j2azSSKZJObEIrdpwPrGBvV6nSAIkKIvtIbCszQM2s1GKAa3W6DCSIFMJo1hGJGwGs53LBajWCyyt39ArVYDBY1mk3KpxM7uLkLKgVtbhBNCq9liaWkpFFYFSCFJJRNMT09jmmF2sWmajI2OhoJts8Xi4iILCwv4foBlinvWRKH8sJicChQPeXQ0Go1Go9E8JVpY1Wg0Go1Go/kZkE6nuXDhWf7+3/t7/ON/8k/46KOPuHTpEnfvrvN3/s7f4aUXX2B4aIhYLAbc75Ts51ru7u5yY3GRf/1//WsuXbqEE4vx67/+6/zu7/wN5mZnB267x0YpVBA8NIWif2w86Cs1kQB39dr1QWEj0zQZGR5ibnaWoUqFeqMxcHwmEgkqlQpCQKAOHatH24/FYkyMTxBzYizevsWNxUXGx8bx/eDkThEKe6VSiVdfeYWtrS1WV1dZ39hkeWWF5ZUVZqan+cov/RJKHbbxINFZqbCCeigIHz1ufs81fddhX1iN/nFdl/2DKp7rUqvXsEyTV7/8ZRbm50kmk2G+aRBwrAT8kXb7GbIDd2ioMJJKpSiXS6HgHd07m8k8NJtXCIFlmuFR92jB+gW8OOIgjbRJWq1WmBPaatFsNpmemub0winm5+ce6KQOVIAhJel0mkKxQLPZotFsUqvVmBgfp9ls4rpeNOa+SLzD9vY2pVIRICrIFKNWb7C7u0s2m8WOhH0VKMqlEuVSEcMwuXb9OoHv02q1j2WGtlot9vf26XZ7OJaNZVkY0iAei7GyusrQ0BDFYpGonhgqCMLiYoTRE1evXePWrdthbmsQMD83y/PPXcCJxcIEF8Mkk8lQLpdAKfxAkUwkSKdSh+uHwnFsisUid1ZW2Nvbw/M8ut0Oc7Mz1Bv1aNqPZAEAjmNTKZWRMioaJiW2ZR17hoWUDA1VGB4Z5tbt23z0yackk0lct0c8+r3iyMIfxg0cuY9Go9FoNJrPDy2sajQajUaj0fyMiMVinD93jv/xH/5D3nzzLX785pt88skn/MEf/AET4+PMLyxw7plnyOdz2PZhMZ9er8vW1jY3bt7kypXL7O7u4jgxXv/qV/nq66/zpZe/RDGfP8y0fAIsyyIej9NzPdrtNq7rHhPtOt0uzVYbhBhUO0eAbVtcePZZyuUS8VgMx3ZIppKDCu4qigpwHIfx8TEuPPvsoM2+EAtwaKsLC/fMzMxQq9e4eXORRqOJ53snir59B+L6+jqFQoFKpcLQ0BCe57G5ucWlK1eo1mrU6zUymQyO49Dt9mg2m2QymXuq0NcG47ZtOxQ6o/zKo3Oh1KG46gcBitC5q1TAxNgkCwsLGKbB0tISlz/6iGazSafTIZ1OY9s2yWSSRqNOs9k6NpZ2u83m5ia+H4QC3uFEMTk5yZnTp445iU3TxLLtE0XiIBJRS+Uyr7z8Mn1xbX1jg2YrvG+gDsVOgGfOnmV8fJxGo8FP3n6bTrtNq9V6ZHE1ISXxWJzR4RGWV1fZ3d3Fsixy2Szdbq+v2wLQbDap1RvsV6s0mk3+9Ac/REpJs9kkCALW1tcpFouUy+WBk1YIQS6fZ8GyWF5Z5uatxdCpaVlRlIFgd3eX1dUVBHDp8mWu3bgRurqbzVB0Pdin1+3ixBzSqdSg6FbfDXr+3DnGRsfY29vj0uUrA5FbKYXneaTTaWZmppmfm4t2KRjyMB84CAJUoDBMMxTBSyXurq+HMRDxOIVCAXN5mW63d7hG0d7KZrO8+OILR5ZbRNEQDr1eL3w0or02NjxMp9NhY2ODDy9dotFskU6fXKDuUE7V2aoajUaj0XzeaGFVo9FoNBqN5meElJJkMskzZ8+SSWeYn5/jxs1F1u/eZf/ggLt377K9vR3mNgp5RDhTUWEbwdTUNC+99FIoxM7NMz8fFpt6kuP/R4nFYmHBJsNgdXWVRCLB+NgYlmVRrVZZXV3l4OCAifExksnk4Di0EIJKucTo6CiJeAJpyOMxAqEKCTAopnTU/SiEGAhY/ct9PyCZTDA2Fgpdyyur/avv67cQgm63y6dXr5JOp5menmZ8dIx4LM7+/gGgCAIfgGw2SyadYXl/mavXrmHbNplMhiAIqFarfHr1KqjQCZpKJnE9D8OQ1Bt1tra3yefzAOwf7LN/UMWQEtu0wiJQQYAALNsinU6Ry+UwDIOVtTVWVteIOTGSiQSxeJzR0RFu3eqwsbnJxsYG6XQ6PI6+vs5HH39MMpnCccK+HapjKryfZQ1eEkIQ+P4gy/YoKiqmZJomqVRyMOfVWi3MPA2C0KV8ZG2SiSTFQoFsJsuFc+f56OOPWVldJZlKcmrh5GiJflCCYRgUCgXurCzTarXIZDLkcjl2dvcIAh9FKLLv7OxQq9VIJhIDZ7UQ0G532N3bZWtri739fQqFQlTMTxCoUEQtFArMTM9wc/EmjWaDQj6PISWu67K7u0e1Vmd6aopCIY9tOwRBQKfb4dat2+zu7rGzu0elUmZ6aoobi4tsbIau5lKxSCqZJAgC6rUaSgUEKhjMc19Il0JimRZHaq8BoeO1L/AaUoZxAIUCm5tbdLpdCvl8+MwgCPwgylIlaiS00PYLjB2d48O1idzMvo9t24wMDzM1NcWnV6/ieX7UxHFX6nGXtXasajQajUbzeaOFVY1Go9FoNJqfMfF4nIWFeaanp3j5Sy+ztrbG7aUlVlZW2N7ZplFv4Ad+KF0JsEyLTDbD6MgIc7NzTM9MU8jnSSQST370/x5ijkOlXGZyYoJqrcbNmzfDfFDbZntnh/WNDUzT5MypU6RTKRqNJhCKxP3MUid2f9anECIU8nyfvb19bt26hTSMgeMz5sQYGqqgVFiFXkbCkpSSkeFhDg4O2NraxvW8vs52X/uGYaAULC+v4Lou3W4X27JZX19HKUU2kyGRSJBIJBgeGgrdjWt3ScTjZLNZgij3c3Nzk9HRUUaGh3EcB8M0KZdKbO/ssHTnTnQMH1bX1mi1WgwPDZNIhAXHhJRIaQx+HYvFKJfLzM/OcvXadZZXViiXSoxPjDMxNjbIA/306lWKhQKe77O5ucnm5hazc6lBtAKAYUh2d3e5dXsJx7FDB2iUUZvLZikUCvcd1e/Pe1+4PirY9QW8QYaoDL/63ycScU4tLHB3Y4O9vT1u377N+NgY8XuKq/ULdgkpEVKQyaRxHAfLtkmnUqRSKUzTAMJYhSAIouzZLmNjo1x49lkMQwKCVqvF6toqFy9dplqtDoqHDe4XFYs6tTDP7t4u7U4HKeTA7Vqr1xBS8MzZM5TLZWzbQamAdrtNrVqj2WyyubnJ8PAQU1NT7O7vsbu3x7Vr16gODWNZFo1mg+3dnYHgHnOcSDSWoVt8ewvTNI8Iq4JEPE6pVEQaBqZhYMjwv4V8HssyCQKbXC5HPB6PBPDQkR3ucYEQkna7zc3FxVBcJRSSpTQYHqpg2zZCyPCZieY8n88zNzPL6uoajUbjPkGWyAkro3V52g9bNBqNRqPRPBgtrGo0Go1Go9H8nNAvWlQsFrhw4VmCICAIAjzPO1a0yTCMSNj5/MUSwzQplkp8+ZWXefudd1leWWXpzjKWZdFut8lls8zPzXH27Fksy6LVaoVH5i37WNblvQghiMfjNFstlleWWV5ZPpbRWiwUeO3VL5NMJsOq5pY5EJ7S6TTDw8OMjI6wubV1ongso3zPL33xC7z5k59we+kOd5ZXME2TVrsVuvsmJ0mn00gpmZqcxHNdLl6+zMXLlzEMEwiPe5eKJZ555iwT4+NIw8A2DE4tLNDruSzducP6+gYQFvoqFYu8+MLzg3alkFi2hRGtD4Ri9bPnz7O3v8/e3j6Lt28zMjJMpVJhrtul3elw8fJl4rFYKH5KSbFU4sL585RKJdrtNtI0sCyLO8srLK+sDryHQRD24fSpU+RyufuEVdM0sG17sF/6ayGlxIqOr0tpDIRpy7KRhhx8n86kOTU/x0efdNne2WFnZ4ehI9m/h/cJ1wwgmQwjILKZNOVyKRSnDRPbsog5Tugs3dvDcRxmZ2aOxR2kUylsy+LGzUXa7TaNRgPDNAdZoyI6dj8yMsLoyAjNZiuaa8nBwQHtTodMJsPc3ByxWGwwH57nMTU5we07d9ja3kYpxdBQhYW5eTz3Ktdu3GDx1m2kDAtWIQQjQ0PMTE2Rz+ep1WrEnBj7Bwdcv3GT6zduHnGyKkZHRnj1lVcwDXMQTSClJJfLkUgkicXilEthNq5phdcYZriPzWhstVqNH7/51pHnQiENg9dfe42RkREMQ2LbFmbkao3H41QqFeZnZ7l1+zaGIU8Q1uWgfS2sajQajUbz+SPUw0qrajQajUaj0Wg0Go1Go9FoNBrNXzBqtRoAH3744RO/94UXwlz0B9sKNBqNRqPRaDQajUaj0Wg0Go1GcyJaWNVoNBqNRqPRaDQajUaj0Wg0midEC6sajUaj0Wg0Go1Go9FoNBqNRvOEaGFVo9FoNBqNRqPRaDQajUaj0WieEC2sajT/P3t3HifHfdf5/13V3XNodN+HZUm+jzg+EojMKXMkuxBiExKQebDLsSyEY1k2LIvNkcdyRSYEFljIsiQ/yCYBK+SyYhKIkxDntEJsy44vSZaswzpGI2k099HdVfX7o7uqvvWtb/VMSzMaafx65jGPme6q+ta3vlU9zrz1qW8BAAAAAAAAbSJYBQAAAAAAAIA2EawCAAAAAAAAQJsIVgEAAAAAAACgTQSrAAAAAAAAANAmglUAAAAAAAAAaBPBKgAAAAAAAAC0iWAVAAAAAAAAANpEsAoAAAAAAAAAbSJYBQAAAAAAAIA2EawCAAAAAAAAQJsIVgEAAAAAAACgTQSrAAAAAAAAANAmglUAAAAAAAAAaBPBKgAAAAAAAAC0iWAVAAAAAAAAANpEsAoAAAAAAAAAbSJYBQAAAAAAAIA2EawCAAAAAAAAQJsIVgEAAAAAAACgTQSrAAAAAAAAANAmglUAAAAAAAAAaBPBKgAAAAAAAAC0iWAVAAAAAAAAANpEsAoAAAAAAAAAbSJYBQAAAAAAAIA2EawCAAAAAAAAQJsIVgEAAAAAAACgTQSrAAAAAAAAANAmglUAAAAAAAAAaBPBKgAAAAAAAAC0iWAVAAAAAAAAANpEsAoAAAAAAAAAbSJYBQAAAAAAAIA2EawCAAAAAAAAQJsIVgEAAAAAAACgTQSrAAAAAAAAANAmglUAAAAAAAAAaBPBKgAAAAAAAAC0iWAVAAAAAAAAANpEsAoAAAAAAAAAbSJYBQAAAAAAAIA2EawCAAAAAAAAQJsIVgEAAAAAAACgTQSrAAAAAAAAANAmglUAAAAAAAAAaBPBKgAAAAAAAAC0iWAVAAAAAAAAANpEsAoAAAAAAAAAbSJYBQAAAAAAAIA2EawCAAAAAAAAQJsIVgEAAAAAAACgTQSrAAAAAAAAANAmglUAAAAAAAAAaBPBKgAAAAAAAAC0iWAVAAAAAAAAANpEsAoAAAAAAAAAbSJYBQAAAAAAAIA2EawCAAAAAAAAQJsIVgEAAAAAAACgTQSrAAAAAAAAANAmglUAAAAAAAAAaBPBKgAAAAAAAAC0iWAVAAAAAAAAANpEsAoAAAAAAAAAbSJYBQAAAAAAAIA2EawCAAAAAAAAQJsIVgEAAAAAAACgTQSrAAAAAAAAANAmglUAAAAAAAAAaBPBKgAAAAAAAAC0iWAVAAAAAAAAANpEsAoAAAAAAAAAbSJYBQAAAAAAAIA2EawCAAAAAAAAQJsIVgEAAAAAAACgTQSrAAAAAAAAANAmglUAAAAAAAAAaBPBKgAAAAAAAAC0iWAVAAAAAAAAANpEsAoAAAAAAAAAbSJYBQAAAAAAAIA2EawCAAAAAAAAQJsIVgEAAAAAAACgTQSrAAAAAAAAANAmglUAAAAAAAAAaBPBKgAAAAAAAAC0iWAVAAAAAAAAANpEsAoAAAAAAAAAbSJYBQAAAAAAAIA2EawCAAAAAAAAQJsIVgEAAAAAAACgTQSrAAAAAAAAANAmglUAAAAAAAAAaBPBKgAAAAAAAAC0iWAVAAAAAAAAANpEsAoAAAAAAAAAbSJYBQAAAAAAAIA2EawCADDDomBCYXVAwUSv6qOHVRvep+rA05o8+3VNnP6iJvq+oMmzj6l6bo9qQ8+rPvqSgvGTCqr9Cutjc919YBp6pXs86YHdjmW7Jc+T7tmZfXvnPY33XZu8ojXH0jVmLhcyjr07G9s6z9uUGzf6ubPXvfiB5jHYX/PqfBdc27Oyqwca+yoa79Ybn2c/dzuuD+P69DzJu0cyuxRfj65lstd7oM3+AABw6SvPdQcAALhchPVRhdV+hdWzCqv9Cqr9imoDCoNxRcGEFEwoCidmZmd+hzy/S16pS16pW355kfyO5fI7VqjU2fjuV5bMzL6Adu1+v7RL0n1b57onl7/eRxtjKUm7dkq926W1c9qjC3C3dPKhZv97pXvWSXfeY7yHS9buB6Q778+/v/NtjevzsUjaqkZAuq55TrVTuneXtOMx6b7NjfO97gEpui/fzrbtku6Vdv6UtJ2LAQAwfxCsAgDQFEWhovqwwupZBZNpgBpWzyqo9kvh5MXrTFhVFFYV1YckSYFrHa+chq3N737HcvmdjdDV80oXr794ZXn0fkk7GkELLsyjzarCHTuk+++XHu2dveBp7XYp2j47bed3Jt23Q9o1y8cEh61SFE1/9Z33NALSu++Wdu3KLtv+kGReMpu3SorPqXU9bZW0a3ejatU+3Wu3SXdL2vloYzsAAOYJpgIAALyi1cePa+LMVzRy5AMaeuEPNLTvjzRy6H0aP/FxTZ75ompDzyiYOCGFE5KiS+srqimcPKX68POaPPsVjZ/cpdEjf6fh/e/W4HO/o6EX/1yjL/+jJs98VcFE3+wOJF5Bdkv3S9qx7cKaiW9L9wpug3+gYFlyO3vzVmnvAeO9ncZty61uWTZusU5uud6ZvaV5t/nauoW5qG+2KW/n7pV27pK0Q7qvOZ47H7UbKe6Hecu32aedu7O3b8d3dttTAcRjYh77bN7mXnQOplpWdK3Y4xu/To7BurXdbse85T3ef3xd2WPkedLOw9M7vsLpD3Zn9585n73Za/ewY7vpnmd7KoDpnOcHT0p/PY3A81FHVWvc/92S7i6quF7bDF53Fk8XAADAZYhgFQDwilIfP6GJM1/R6JEPauC539XIgb/SxMlPqz60t3E7/yWQl87UVzhxSrWBpzR+8lMafvHPNLTvTzV2/JOqDb2gKKzO9NDilaK3mfhs3nwhjUhvu1e6+8FGZd1jO6Rd96YB2QOedP/d0slIih5rLLPnBb1fjW3N247vPyw9FEknH5S0S3p/c5vdDzQq8h6LGtvskHTv26zgVWlftEu687Dx+v50/9Pp27SHoTkNwI5tkrY2+mUHTw/cqcYt9pEUbWsch23XTumnmv2RpHvvlO4zXt85xdyWhzc3jvXBuxvHMyPzovZKD9zf6Pu2ta3PQW/zlvIHTzrOT4trZWszjD7cvCYPNzu+q/l6dzOk3ra1sY919zZuW4+aY3P/nY4geVtj+X1b037F2+hCQude6Z470+M4+aAy15V5y33019JOR4A5W+d5+0PTqyje/UDjcxef03SB5K2T9KD0UItwdvPdknZZoTEAAJc3glUAwLwVRWESpI4c/qAGn/s9jRz4S02c/LRqQy9c3Fv7LwFh9Yyq/bs1euSDGnz+9zXy0vs00feo6mPHFEXhXHcPl4vDM5iK7Lq3UZ23+b5G4LN9rZKK2KTyrRk43m9VcroqZuP31jZD393Nvm5ttn+4WbnnKrrb2twmDozjtjIB8jT7lrRpHpdDPA3AtuacCtuaoe6jcbLq2N+Dd7t21Fy+uXG7dTJNQ/x6CvH+Nze/Hz7fksJd0rq4gnKdtMuYc3U65+DedY2g875Iiqx5WZ3Xijn+cfWvJN3fCA0P75Z0t7RZzbG+W/qpeP6K5ljaQfY2Y34L+/xsd8wdatr+UKNvziky1jZC/4c2N45/3b3GMqNyeWtz3ft2ONqYw/NszsG64z6rKrU59cD2na0rdi/4+gIA4NJDsAoAmHfqo4c1duKTGty7Q8MH/rfGT35KteHnFYbjivhf439RXbXRgxo/9RkNH/wrDb7whxo5+g+a7P+GwurAXJ9CzHtmcGSEcWYgs+ve9Lbl+yVp9/nfQhzfIn7v1rQi0tZOBe6M9M0O04w+xNMBxNXBW6fo290XUj08k+LK2vjLCEdbnYO129PXydjG1ZdTXCvbmhXFO5vVvw8+2Hj/8O7G+Mah9GFHpW/cZtG/FRzepSSYvWDxrf53NipzTz5o7qjR96nO41yd596dxoOtdhQ/tG5bs1r10RkpeQYA4LJAsAoAmBfq4yc0dvJfNPjCuzR88P9q8sxjimojc347/uXyFdXHVBt4RmPHPq7BvX+koRf/UhNnvqqwPnLe5wSvVNOsnosrGM2QzbyVOb5l2hXStevR5i3pJ6eoOJyumehbPA2A7k9D2riKMa6itCtvL2dTnYP74rFs3tZu3ibf6lqJpwPY2axI3dYMae+9szG+2+PK46KLskVwOpO3rifTPjzmqGBufmZ2XYrnebdRXbsjO/VGkQuaJgQAgMsLwSoA4LIVTPRpvPcRDe59t4Zf/AtNnn5UYa1fc55SzoOvYPyYxk88rMHn36nhQ3+n6sDTisJa2+cI89CUoclaabs9V6ddnWk9XOe+k41g6e7Nys81utv9sJ22NQOy3p3u29Cnpc2+tXp4VXybeTyvaPz1YDPMe7TXvT/XHKuXjYJzkBmnrWk15+bNan2tSOkY7VJyq3wSohpzgW7brsy8u/FYFj5sSfkKzJ1TzGE65cOrlIbk7zenAmh+ZuIpDJL5aS8ByTE7QnH7+n7/vcrPv2qI58DdfL7/QgIAwKWnPNcdAACgHcHkGVUHnlZ14GmFkzzpfvaFqg/vU314n+R3qmPJLepYdrvKPVvkefz77CtSXEV5+LAKE6ntD0m6R7rTM940q922NioTvTslz6yGawZZ90WSvMZt3/GyVg/Fmcp9zQcVxf3ZsUO6//7zq0Sckb7FQbMjhIoDwJ2PStu3N4LE3eua+9vRCF4vx3C11TnYep/0mKQ710nJ5RBXdq5tfa1IaWVpPC9uPIZmaLp2u3RS0ro701B3x2PFt7XH2zx2WLqzuc2DzYeinY+126UHd0r33ts4jrt3SHff3wxatzY+M4e95vjcLT24Q9o11+GqOW/tLuOaV+MfBLbfJz0dJG/AAAAgAElEQVS4uzE37r1SI3xtUb09o1MrAABwafCiKIrmuhMAALQS1gZV7d+j6sA3FUycmOvuQJJXWaLOZberY9lrVOpaNdfdwcX2gCfdP83bgjFP9Er3rJO2n5zeE+SBjOb1owcv7B9JAACYQUNDQ5KkPXv2tL3t7bffLomKVQDAJSwKa5rsf1wTp7+osHpurrsDQ1Qb0HjfFzRx5jF1rtyqrlXfJb/cM9fdwsWybYeSBzaRsQGYSjzH7IPb5ronAADMKCpWAQCXnCiY1MSZr2nizFcU8fCky4NfUefy16lr1Xeq1LF0rnuDWdesPts6xa3UACA15p+9dytV7gCAS8pMVKwSrAIALhlhfVQTp7+qyTNfUxSMzXV3cF58dSy/Q92rt6nUtXquOwMAAAAATkwFAACYF4LqgCZOf0mTZ78u8eT5y1yoav/jqvY/ocqSm9W95i6VF2yc604BAAAAwIwjWAUAzJlgok/jfY+q2v+kpHCuu4MZFak2+Kxqg8+qvPAada+5S5VF1851pwAAAABgxhCsAgAuujAY1/iJf9bkmd2S5s+MNPXqpMJ6TWFQV1ivZ78H9WSZokheqaxSuSy/VJZfrjS/W6+b713u6sMvanj4RZUXXq2eK9+iUufKue4SAAAAAFywy/+vNQDAZSOKQlXPPaXR4/+kqD48191pWxSFqo6OaHJkSJMjg82vxs9hrTor+/T8kjoXLm5+LVHnoiXqXLhEHT2L5ZdKs7LP2VIbOaiBF96t7jV3qXv1XfJKHXPdJQAAAAA4bwSrAICLoj7eq9GXP6r66JG57sq0TAwPamKwPxugDg9c9H5EYaCJoXOaGDqXW9axYGEjZG0Grl2Ll2rB0ku8GjQKNN77OU2e/YZ6Nr5ZHUtumuseAQAAAMB5IVgFAMyqMBjX+MnPaqLvK7qU51GdGB7QaH+fRs+e0lh/n+qTE/mVPO/id6yF6vioquOj0ukTyXueX1L30hVasGyVFixbqZ7lq1WqXHqVoWF1QMMH/1aVxTeq58o3q9SxbK67BAAAAABtIVgFAMyayf4nNHrs0rztf1pBarvK3fJKXfJKnVJ5gVRaIK/cJS9+v9wtr9ItyVdUH1NYn1BUH5eCCSmYUFSfkOpjioJxqT6uqD7WdheiMNBYf5/G+vuS9zoXLtGC5au0aPUGLVy5Vn7p0vnPf23oBQ089y4tWPf96lr9nfL8ylx3CQAAAACm5dL5ywoAMG8EE2c0cvQjqo8cmOuuZEwOD2rgxBENnTyq6mg27PU0jWrUUqf8Bevk92yQ37NOpYXrVVp4hUo96+V1r5RnVLSGYaM61/f9XDNhGCqKInme13K5JEXVQWmsV8HoCQUjxxWMHFc4elzh6AlpmsFrdWRI1ZEhDRw9KM8vqWflGi1avUGLVq9XpXvBtNqYVVFVYyc+pYkzu7Xwyreqsvjaue4RAAAAAEzJi+K/3AAAuEBRMKmx3n/V+KkvSFEw192R1LhdfvD4IQ2dPKLJkaFpb+cvuUal5a9WeckWlRdukN+zXupYIvM/m0XBqLk8DlujKEq2jUPXUqmUCWPNdYq2N0NX1UYUjfeqPnJcwfAxhYP7FJzbp6g2/Qrh7qUrtXTDFi1ev0ml8qVRLdqx7Fb1XPFDTA8AAAAAYNYMDTX+PtyzZ0/b295+++2SCFYBADMkrA1p+NCDqg3vn+uuqDYxpqGTRzV48qgmBvunsYUvf+k1Kq+4VeWVr1bHylfJK3dn1rCrTItC03i5HbiGYZgJRc31XMtc7duha7zM7mMwdkrBuf0KBp5XeO55BUNHpLDWcgQ8v6RFazZoyfrNWrhyrbwWgfHF4Hes0KKr/oMqPRvntB8AAAAA5ieCVQDAJaE2/JKGXnq/ovrInPWhPjnRCFN7X9b4uTNTrO2ptPRqlVe9Rh0rXy1v6Q1SqauxxApOXYGmHZy6AtP4Zykbfsbvt6pE9TxPpVIpWW4Gr67Q1W5Hyk5BUOvfp+rJryoYfFHB6an/T0Opo1NL1l2ppRuvUteipVOuP3t89VzxRnWv2TaHfQAAAAAwHxGsAgDmVBQFGj/5OY2deETSxf/PSVCraqi3EaaaD2sqUlp6nTqvfL06N3yXvOZt/WZgGd+ab4ajmVvvpcx6dugaL4+DWVdgGi+TlL+137FOHKoWibc39xGLokhBEGTaj+rjCs7sUbV3t+p9X5dqrcPwzkVLtHT9Zi1et0mVzu6W686WjqWv0sLN2+WXL4H5YAEAAADMCwSrAIA5E0ye0/ChD6o+cuii7zuKIg2fOq6zh/ZqYuhcy3X9ng2qbHy9OjfeJb97VeF6RZWokjIVqOaXHczG28e399uBpz0na1Elqhnq2sGr2ZYZuroqVc3tXQ/MisJA1VPfUO3lR1Tv+4YU1gvHp9zZrRWbr9PSjVfLb1bTXkx+ZakWXfUTqiy6+qLvGwAAAMD8Q7AKAJgT1cG9Gn7pA4qC8Yu63ygMNXjiiM4e2qvqWHGlpde1QpUN36PKhm3yF23KVaNKaRBphpnTuf2/6GFVZtuS40FUfj5UjUL3g6rM7V2Baby9q9rV3DYIglxwGy+3K1lVH1ft5JdVO/oZBQP7Cse21NGp5Zuu07KNV6lU6Shcb3Z4WrD+Depe9/3yvLmdAxYAAADA5Y1gFQBwUUVhXaPHP63xU1+4qPsN63UNHH9J/YdfVH2yIMwtL1DH+u9Wx5Xfr/KyG5JAslQqTWtO1PjLnrt0ytC1GZh6MpZb0yJ4ckwPYKwTbxvv194+MxZGIOs6jjhwdVW6mm24KlnjeV2D0V5NHP28ai//i6IJ93y1frmspRuv1vIrr1W5s6uwv7Ohsvh6Ld7y4/Iriy/qfgEAAADMHwSrAICLJpg4raGD/0/1sWMXb5+1qvqPHtC5lw8qrFWd63iVherY8iZ1XfXD8io9mQrPotvrzSDRXM9cJ2nDqjSVmqFrJMmTfM/PVYOa3+2pA5IvRUmg6nqYVdGcqZGiXLWryQxWndsblayttlcUKYoC1U9+RbWDH1Y4etw9/r6vJes3a/mma9WxYKFzndnglRdq8TU/rQ6mBgAAAABwHghWAQAXRW3kiAZffK+ieusHHc2UKIo0cPyQTh94TmG95lzH61ymzqt+RJ2bf1BeKX9LumvOVDNkjJeXHPOFep7XCFSt0NQOK10Po7JvzTf3OdU6rodhmfszq1Dt4NUOXc1w2Jzv1QxXzTlX40A1fj9uPx7Dyd6vq3pgp4KB/bn+NTuiZRuv1sqrblSpXHGvM+N8Ldz0FnWv/raLtD8AAAAA88VMBKvlGe0RAGDeqQ7t1+CL75NCd8XoTBsf7NepF/ZocmRQkuRZy70Fa9Vx9VtUueL7VC43AlXXw53i0NQONs3ANQ5Q42rSeLlZSZo86CmKMiGsGcq65jG1H1TlYvYtDjbt7c1Q1Fzfnp4g3t73fUVeJL8UP6AqylXr2m2Z41fU58rqb1F51WtVO/usagcfVHj2mewKUaSBowc03PuyVl37Ki1ee2Vu7GdeqJEj/6gomNCCdd8zy/sCAAAAgCwqVgEAhSbOPqHhl/5eioJZ31d9ckKnDzyrod6Xncv9xZtVuepHVV777ZlQ0/WQKfMWf1NSYeq4vV9q3NYfv+96mJT5vjlnqosZkEr5h2XZbdu35rv2bc+pGi+zv+z92tMHmPsyH5JlP9DKbCOo19PtPE/B4IuqHfgHBaf3SI45YbuWLNfaG25X58KLMw9q99q7tPDKey7KvgAAAABc/pgKAAAwa8b7vqbhwx+e9f1EUaSBlw/q7KG9CoN6brnXsUQd1/+kyuvualSaNgNVs1rTfF0ul5PQ06z4NOdUNas94z7EbRRND5D0xwhMzXlTXbf9m8c41TqtxqfVf6rNalW7n2bYaj4wK4oiRWHabhAEmakB4nUk5aYIiNuOA+ha/35NPP8ehYMH8p3zPC294iqt2HLDRZkeoGvVnVq06a3y/OLzBwAAAAASwSoAYJaMnvy8Rl/eNev7GR/s16l9T6s6MpRf6JVV2fRGVa7eLq/c5QxEpew8p/E6rmpUz/dULpWT6QFcYadrztT4/fh7q2A0+7AsT2GYrSJt9C27fRjmq0zN/zS3ClbtKtW4DTNsbbVtGIYKwkBBPXD2IQxD1ZuVqq524vfDMFTt5c+pduCDUi1/LksdnVp19U1atHbjrE8P0LH0Zi3c8pN64smndfr06VndFwCgYcWKFZKknp4ebd68WYsXX5y7FQAAuBAEqwCAGRVFoUaOflLjvf86q/upVyd0+sDzGj51zLm8tOJWddz48/J71iVBZRyIuuYujZeXjGrWZJnvqeSXnPOtxuvat//bt9nbgav9MKk01J1+aBiGcdhavI0dusbrmoGta35Xc2qBolDUDF/DKMzczR8/3MquVjXHKgiCJHRVFEmeJwXjmtz/D6of/ZSc0wMsXqbV192irkVLpz1O56Oy6FotufanNXbiU6qPHXeuEx9POjaRJK9xLPZrT83309fJ22mLMt/JtR+PUfzwMUXy5JhKItlN5Gg/cwD518YG5u685v7MZhr7N3ttLLf2nxy+sULj+OL1msdhjpOsccy1n+43Ow7Taz/f/6JxiMxhz/bDfp0d8Nw4ucY91769/2T83OOStG9dH/nr0R7O/DhN1b5r6pLseTBPX5Qud1yPpc5F6lq6xdEvFXCPe1H7rmbT69T8HKbXh+cYLnc/Cj4o5nLXODnbj8yt0s9Rwe7y4+Bur+Bj42h/er+P8gNb8Psod7236mf2PJS7lqo+OawwKutcxw264ro7tX79+qIGAAC4JBCsAgBmTBQGGjr4QU32Pzmr+xkfOKuTzz2uoDaZW+Z1LlPHzb+s0so7kpDQvDXfDlXNQNWeN9V+AFVRJWu8D7sKVkrDiHZDU5dGX3xFUXEVaTvCMA1PzQdsxd9dgap9e3/RnKxBGCgK03DVrqA137fDZUmqnXtRk8//tcLB/a6B0MqrbtKyjVdf8Bi0Uupep2U3/qIm+r6o6tABd2hTFOoUhpbF4Wom9HGEq7lQSNlQ0ZXt5EPE1mGqI12x3s6lfdmXBeGt1Z3c/pJwywyrphGuZkPegpB7GuFtLnxrEa66QuaifqVL7ZA5/7nKtN8iXM2M05ThZ3Yc8sPp2H7K9h3hYOY8mMObPYDkOvZ8LVh5Y37KjWmHq+5wsyhczTdvj0vzOC8oXDV37A4j8/9YkV3f7F+uuWl8Tqf9OVHR75PWIbTzF2Dmc3Q+4Wq6w8w/xvhljVS2aOW130u4CgC4pBGsAgBmRBhMaujA36k68Nys7SOKQvUfOaD+w66wraTy5h9Wx9VvkVfqbLzluMXfDD/j90rlkkp+KRcumm24QtXsbfvpg6jyoer0AtU4OJ1J5xPCmtWsU1WqFt3eHwRBEq66liWVrgUP04rXqx//V9VedE8P0LNyjdZcf6tKlY62jq8dpc6VWnrjf1F14GlN9mf/z5IZquYW5FZUGkJMs0KsnYpVVwhjhmSu0La4n1ZvXGGiHYKYy5PmHBWrzrDy/EJVs19UrDaXz3LFquu0ZM9Dfpxc//jQsWiDKgtWFPRLBdzjnv/Hh+JmXWHhzFSs5vvl/Bw528+Hqq12VxyqOvZfEKpmVnCEqrnlbYaqBQ227Gdy/ozt/HKnTvs36MbXvl6LFi0qaggAgDlFsAoAuGBhfUznXniP6qNHZm0ftYlxnXrhSU0MncstKy2/Wd2v/q9S1+pMSGfe+m/fxh+/Vy6XM8vi7e0wtdWDqqZTjZrdd3vhqf2Qq5kyndA1NIJRe+oA8/10/XxgGkWRIjW3C6NMuJrdV5hdFm9fH1PtwIdUP/ZZKcpuU+7s0tqbXzurUwP4HUu19Pq3qT70nCYHns0sc4VGyYLcikpTA0e46go/qVjNHVDBSypWk+WXeMVqpXu5OhZvzG5otjOtMM4VblKxOu3PiYp+n7QOodsJV13DkZe/PrKfE6kellS94s265ZZbihoBAGBOzUSwWp7RHgEALitRGGhg/3tVHz08a/sY6z+t3r17FNbrjb9KY15ZnTf/kjo3fo+kRjBnV6m6AtW4SrVcKuceNGXf+m/PmZppozR1QHqhVah2qFr04KbzCVw9z88MpytozQbGXhK0FlWymqGz+RWGoYLm/3z5zbb9zHb2sSUhd+cilW7+BdU3fJ8mn9qhaDIN1+vVSR176mtaseUGLd2wuXB8LkRYPafB/e/Vspt/VWF9RLWRw83+paGqZIYIRamkHfbZWZcVUlghmV2RmKtYzWVp06xYLQhrzHDDFarO14rVVqFqep6MDdoIVZP27XEy228RqkqtQ095BaGq2V/rhNgVq63bd11nVhhoXk/Kfk5Kle4ZCFWVWfFyrVhNd2OHmvbvE9kXaItxml6oGr8uClVzy9sMVR2LHQp+nzRf18bOqTp2VkF1XONLX1/UCAAA88LM3rMIALhsRFGowYMfUG3oxdlpPwx15qUXdPLZbyiq1+VJyZe/YK16vv1/ZUJVKa00jStR7YC0VCqpUqmoUq4ky80wNa5ibb19OQlV3aFrKfmaqVA1fm3eot8qyGz15drHVO+ZfN9XpVJujkMpNz6usYvPSblUll/yk3lt4/XtaRbicxG3I0n+4qvV8bo/lb/ijsy14EWR+l96QSef+Ybq1fy8uzMhmDyjcy/8lbrX/juVulY3xykOSxpjlYyYPXae1wwPmilD83XydrxaJv5Jz3f2gWdR0n4Smnpe2nzckShdv7Ge2b7VT894bXQo/7axwDruzPJkO2t59vAay5vtxKFM2q/syOQ6FpndT8fBXCHXvnUe4v3l9maPg+cloVi8v8wAWf2yhsEY/+y4mOOUad9xHqJkO2OclL5Olkf5ccifZ2XHwfPaaN+6ziTrPJjLvfRbJPl+SZ1LNhnDkxso5/hlV4i/ZT8n8XG7Ns9fRfbn0BgH8/gK5S5kq9+e65vx+yL7fnIcmf5ZzUV2Q44DleS+cOKX2c9ZZhxcu7HGKT+w1u8ru33rOsnL/z4Jw7omB49q6NjjGjuzX7XRMyp1LjqvfzgEAOByQsUqALxCDR/+uCbPPDErbdfGR9W7d4+qo0O5P8zK679bXTf/UjKXqiRnlar5FT+cKp5L1fWwqSTAsypVXfOk2rf2T6dQ0t6fpNwfjK5A07VdO+wpBIoqQ+3jiH82K1ntcWi89pIHYUVRlJyDeNoASZllnucp9MKksikMQ3lhdvxj8fQAsVLnYpVf89uqHvm06gfeL4X1ZNn44Bkde/LLWnPDHepesrztcZpKMHZSA/vfp6XX/yeNHH5QQXXIqPQzK8zsSry44suulEvDjMb2VgUYFavZA8rtP90vFavp9XGpVqx2LNksv9RpDE9uoJzjl10h/ub+nLg2N5vNfA6oWJV5QvOfutwJtobB+n1lt9/G+ayOnVF15LSCiUFju8by2kiv+vv7ixoBAGBeoGIVAF6BRo9/RuO9X1Djj6OZ/ZoYHtCxpx9TdXRYjb+wml9+pzpv/Q11v/rt8kqdmdDNDFXtKtMkdPX8aYeqjQrLkkol9/ypZsVoGAaKrLk/XczqUruNmGv+UnPeUnP+0qJl9le8T7MStSjYdWkErsWBbvywK3M/8c++7yd9tYPukl9Kqpvs82WfI7vtjk0/oK7XvVte1yqZ10hQq+nEM/+mod6jmo1rsza0T0MHPqieTT/WCImidCzTCjNrrKhYzRx+0gwVq+7252HFaufiTSp3LrKGJzdQzvHLrhB/y35OqFiNuS6c+OWlV7FaGz2jkd5vavzMQQWTQ5nrx5u6AQAA5g0qVgHgFWb89Dc0cvSTs9P2YL9OPve4IuvBRl7PBnXd/lsqL1wvKXvrv3mruflaavxxZlaqmsvi7eP10mC2+A85M5BsBH3n9++L9ryi8c/2vKPmPu3929vb69r7M9uwA92pmNWs9lyscdWqKa5glZSb59YMhmOBApXUuPU/XicIAmMffuacS5K3aJM6t/4vVZ9/j8K+x8yj1ekDzyms17X0ii3TPsbpmjz3jPyXP62FW35cI4c+pDCoNvca794aVypWM4ef7p6KVWf786xitWPxRpW7lzoqSnMD5Ry/7ArxN/fnxLW52Wzmc0DFqswTmv/U5U6wNQzW7yu7/YLzGQY1VYdOqDrapygM8r9PjNf2SAEAMF8RrALAK8hE/zMafPEDs9L2yJle9b34zfQv0KbyFd+vjut/VqVyR/KeGZKaX3E1pCTJUyZQNdePFQWq8UOazPfMIHXqqqZ0G5s9Z6pZiRkvd4Wm9rZm6DZVBarr9v+iaQemCl3jkNX1sKtYY9z83BQA8frx+2ZFceRHitQMZEMl5zLujz0PqySp1KXyzb+qaMWrVdv3t1KUTg1w9sh+1WtVLd90XWHgfL7Ger8kr9yjnivfqtEjH1YY1tMMwU5nzFI147tnZRZpKNF4x7w+ku8yto9DL88KhZJCM2u9TGhm9ivuQPa1l1st3r/dvt3/eDtreVH/klAse3x2HJbpWPwrwuhXen2l4yd7/KLs+MkRrqbrpf2MMucrOw52v+wwKRtuG+0b45Rp396/tV3uOsldB9lxcFxomRNiVvROr33j9Mh1HuLlnjoXbVC5e3l2HJPhyQ3UFOGqOSAtzrO1uZfdOned5a+TqcJV+3q0w0frOk3Os/VrwBoHu392c0Wf06z85yR9mf09kBsHezf25zE3sNnPaa59L9v/MJjU5NAJVUf60h2Zw2WOv2RdxwAAzG8EqwDwClEdPqyBfe+VFEy5brsGTxxR/+F92T+hPE+V639GlY0/kAtD7aA0eYiS3wzqlH9okx2qpg9Iygd2rjlVzerU+Nb/NGh1B5tTVYXaFat26Goeb1HAam7fKkC0wxzXe67K1+KwtriK1WSHqmYFq12FGoZhI/AqS1GtcUzlcjkTyMbVrI11pZLvS+u/T+rZpOCbOxTVRpJ9D504rGByQiuvvVm+Xyocm/MxeuzT8isLtWDDmzT68ifSUNEehySUaIYERuWfmVVQsWr2Kzsyro6Z/aJiNb0+LpWK1Y6F61TuXmGEiVSsvhIrVsN6VRMDL6s2diZ74FG2n1SsAgBeyZhjFQBeAWpjJ3Tuhb+SWRE4U84e2qf+w/vV+COt+eWV1XHLr7UMVc0ny5dKpcbT5v1SZi7VODw1nzyfPKG+XHaGqua+fL8k3y9NGaqa82AWVYK6vuwg1fxyMatZze3tKQRcbdn7Ndsx+21vO1VgG49FY5yy65lz1Ta+p+FmfF4qlUpyfpIvz88ss5enQXr6VV56nSqveWdu3tXRs6d06vk9CoOZv3aHD31EQW1I3Rv+XfqPAvZYpSVYUlIBZrwdr5aJf8wKrvR1sqGMCjSPOVaZYzXeLj8O+fOs7Dh4XhvtW9eZZJ2HxutKzxpVelaly5PzYA5PbqCc45ddIf6W/ZwkFaeOzfNXkf05NMbBPL5CuQvZ6rfn+paEqvbpSI4j0z+ruchuyHGgktwXTvzy4s6xKgWaGDym4ZNPqTZ21j0gxo7t32OefaEBADCPEawCwDwXTA7o3LN/0agEjKIZ+4rCQKcPPNd40JCn9Kvcqcprfl+l1Vsz/YirTs0wtVwuq1RuhKpmZWr8vRGeljLbpgFd8R9sdoVqdpmfC1WLwsii5a7b/VsFmK5AtdVr+1jMNlzbRVGUuT1/uiGsa2zigNX3PecYuyqN7eXJOS43v+Lw3FlxnC7zFqxV6Y4/kNezIXNNTQyf08nnnlAwOTGj17CiUAN73ydFvrrWbItPln3yZJVimd/yFWKOSrz4dbKhjAoxs9JLylSAKQk7zPaNfklGB7Idyr+drzAzXqbLk+2s5dnDU1oBef4Vq/Y4mCvk2rfOg1kZmNmbPQ7RK6BiddrtW9eZZJ0HqbxglToWrskuT86DOTy5gXKOX3aF+Fv2cxIft2vz/FVkfw6NcTCPr1DuQrb6Hbm+JaGqfTqS48j0z2rOsxtyHKgk94UTv7x4FavVkT4NHX9ak0MnCsclMxDm9WF+DqyRAgBgviJYBYB5LArrOrf3rxXWBme03TAIdGrvNzVy+qQyCVjHEnW85p2qLLsuE6TZVaFJONqsUvXi/3nZalbXlAHlsvsBVUUVqq71iqpOXYGlaxs7nHTdhh/3u2gdV6VsUV+m895UIXE7laxFFazZsc5WoGZD7+Z7fuMrDs7NauNKpZJ7MJbnefI7l6p0++9Ki2+QeW1VR4d14rknVJ+cKDy35yWqa2Dv36jcs0mdS25KS67STiktxYqS13YhGBWryQLZI5PrWGR2n4rVZHmUH4f8eVZ2HDyvjfat60zZcaksXKvORevyy5PzYA5PbqCc45ddIf6W/ZzEx+3aPH8V2Z9DYxzM4yuUu5Ctfnuub0moap+O5Dgy/bOai+yGHAcqyX3hxC9nv2K1Ot6vkZPf1Pi5w0rubikYl8xAmNeH+TmwRgoAgPmKYBUA5rGhwx9XbeSIImnGvoJ6TSeff0Ljg2cz+/K6V6vztQ+ovHjTlLf/VyqVRqWql38wlfkgq/z7+T/S4kDVDlOLgsNWt++boaM5p2vRrfnmMlf1qlndFmVCk+z2ZrWpvb/pvjdVte1U77vYAavveyqXS8n0AKVS/lyZPyfTOHjpemala/zdHFff8+RXFqpy22/JX/W6TH/qk+M68dzjmhwdntFrOgzGNbDvfepas02lyhL7glFaiuUlr6lYjZJ2qFg12r9MK1Y7Fq1XR89q9/LkPJjDkxso5/hlV4i/ZT8n8XG7Ns9fRfbn0BgH8/gK5S5kq9+R69u8rlgNg5pGTu/T+JkDCuoT6eLcgVjHYeyYilUAwCsZwSoAzFMTZ5/S2Ml/lWYwggrrNZ3au0e1sWF5npIvf/FV6vzWd6m0YNWUoWq5XG48pMqaS7XVVyPAy4Z/RYFqzA5A7T4VVX2aD2uKH87UqjLU1V68fzuINV/bgXI/OtAAACAASURBVOpcVawWVdFOl+9nxy6Z4qFkBrLZytZ4uRm2JvuP26h0qeOWt6u8/rsz11pYm9SpvU+qOjasmby2ayOHNXLsn9Wz8W55vvFsz6Tiy66US8MMyagQMyrxqFjN7iG7/3TcqFiNt5uDilXfV9fSLaosWJm/DtPdpPsxRsYaKOf4ZVeIv2U/J/FxuzbPX0X259AYB/P4CuUuZKvfnutbEqrapyM5jkz/rOYiuyHHgUpyXzjxy9mpWK2N9Wuk9xkFE4PZ9q3rwDkgxo6pWAUAvJKVp14FAHC5CaqDGtj//2a0WCQKQ/Xtf0bV0RFl/qxccr0qt/22/HJn7tZ/s/IznnPT933Ft/2b69pzqMaKqlSnut1fKg5X48B0OtuZFWrx8jAMWwaq5nEl49cihHUtL2q36D17mdnudN5v1X5jXtp4u7Bwv2b1qV39Kyldrkhe6CmqRcl75v7iwFmS/OvepsBfJB3/VLKvsB6ob+/TWnvza1Xu6Mz15XyNHvusOpfeqO5V36axU1+KD1hpKZaXvD6vitU4nWmuP1XFahqm5NufTsWql3k7crRvrGf9ssgtz+0+rhA8/4rVeL9FFauZ9h0Vq16+9Vdmxao33faz15lX7lDnks0qlbuM9axhSS7b2atYTf4RwrG52Wzmc2BUrHqZcSjaf0FHp1GxmnyOHKcjOY5M/6zmshdQi3FyXTjxy5mvWB3rP6Ta6Gl3+7nz6fh9Y+w483ssuR6zIwUAwHxFsAoA80wUhRrY9z5FwdgMthnpzKEXNDkykClA8Va+VpWb365SqZypOpTSoM0MVUt+Om+qHbxO55b/VmFqvE7cX/v1dKox7VDTbMO13lT7zPY933ar5a363up47PbNdexK21btFx+LLykbrpZK6XkJw/z0BJIyoatZCWyGrpIUBEGznXQf5at/XNGClQoOflCKGtsG9ar69j+tNdffplKlkhuH8xNpYN/fauXtv63SwLOa6H86CaXM8CoX6ljhWBJ25EIjOwyxQyE7DHGEY5nuRtbq7pCoKFxN+ylj/1b7mdWt9h3jkG5XHDLbKVVRuOoKz1wpr/s8pP00Q7fcOCT7d4yDHRqZ45AZJqv9FucvN07m9WGPU7sh87Tab7xd7lqm7uXXqj5+VnU7PJP12jEOrtXz4WZBqGandnY/8xuk4yBXaGiPk3t7e3/5cND9jwyZz1F+t44dTvU5lXOc8v+Y4hi3zIbF4WqrELpeHdFo7zOqT47IHBf37ytj2M7rc+JJ6+wDAQBgfiFYBYB5ZuToP6k6uH9G2+w/8qLG+k/LTFX95bep8qpfaz4wKjsXqR2c2g8pspnBXiN4y1eqNtoOrG383DqN7+Yt9tm+FS03t3e1WcQVslxoG/Z7ruVh2BiLqcLmonamaj+KQoWha4zcFasuZnAaB6V22BqvFweudsjre55CSd76N8iLAtUP/n2yrDY+pr4Xn9GaG26V75em1aephLUhDez7Wy278W2qjRxVMNlvVGC5Q1XJWq58SJYLXc1Q1d7eWYnnChNdYZ6M9gvCRKvCzBWqOkMSZ1jpDlUzYZ8jVDXDmwuqWHWdh4JQNR6XZDfWOMkch4IwsVWomt1/vp+yx8kKPV0Vq/b1kWvfuj5y5yHTfuPtziWb1bFwnbsiUdnX5vXhyLQz18f0QlUpdx23rFi1PictQvfzCVVzYanVg3yYmBlexw6nDlXlGKfG8uzcwfl2pheqxv12jdPk8EmN9u1VFNZVdB7i10W/T5LlmW5QsQoAeOVijlUAmEcmB/Zq5OinG3/LzNDXwLHDGjl9MrMfb9EWVW759Uyomizzsk9/N+dUtasnzafDZx985A5hs9WuraYCiB+6lF+nKFS9lDT66J6uIF0+u3+wFo2hZ51HWzznamNdLzO9Q+Z9v9S4LowpIFzzV3rG8tIVPyj/ih/KrFMdHdaZAy8oCsIZu+arA3s1evyzWnzNTzeOP5LiuRwb4UYzDJY5J6GxXGlYbB5zZnkcunnZOTLN9uVaboxN47vS5XG60mw/szxdYLRvhEqOsTdWz7dfMA6K+y33OMQ79BzjYHYw1356oPn27fNg9TNKhz07Dsn+k2aNfsrYf/pPSq5xyrTv6Kd5/jLjFFnnN3KPQ2Z7u317uX0ejOV+qVsL196qjkXrjAOS/UPmtWePg7WdOS7mOOTbM99OR9SzxyG3unUc6YnJf04y+zd3mLkgZK5ofezS8cvsP7dZsl1+h9brpJ+yrrPs+o3lxnWcOwyrA8o2ZB1lbpykSKOn92r01POKosD4fdLq95UxbMqe/8LPib286DoAAGAeoWIVAOaJoDqoc3vfq0jFgVy7Rk6f0FDv0WwgumCDyrf+jvzm7f+SkrAz/jl+OJE5p6oZwCZPizfC1PiPuqJpANKfzz8Mne1Qdabab7Vtq31cjNDYDnVd0wVIylSqxq/Tc2xUqvqRgjCQLz/zh70d2IdhqCAI5G/5MUX1EenUo8myiaF+nT2yTyu23DBjxzl89FPqXPYqLdjw7zV6/FPFFaVGxVeyXEUVYMbyOHSbwYrVvi98Tnf83lG94Xe2633f051dHoeyyW7G9Ml3/KN++avmUW/UX/7jXXrTcqP9eK9nD+k/b/+KHsmM0m36xGdu0h3JOJzR/3nDI/ojXaG/+Ifv1JuWS09++EG9+e8k3Xmn/u0dm7Qqqcw8rb/+gc/rXVqvv/jQd+qNy8wKt8ZxP/XRj+hH3u86O+v1Zx+4Uz+0rOA8pMM0gxWr5/Q3P/JV/Ymu14c/eo1uU0H7l2jFaqVnjTqXbUmz+ezlZP6QeU3F6uVfsRqFNQ2deErBxFD+95XjPCTLM+eZilUAAIpcmqU6AIC2ndv7PoW14Rlrb3zgrM4dPZh9s9yj8m3vUKmjJxeKSso88d0OVe1KVtecrEWVkHH7MxEWFoWOU1WJXmj7M6WokvRiVuI2zmWpsCrY9z3jK507t1QqpdWnzZ9LpZLKpbL8kp+pXjXXNa+LMAylq35S3rJbMvsc6z+tgWOHZvAoI53b+151r/52dSy6Jq3wKqjUvGQqVuPlspabJYZnD+lnv9cOVSXpZf3yj35AP/uF8bR9Sae+8Kg25UJVSXpKP/yGf9B7XjAqJZtjl6u8e+wxffSFuEPZysxWFatuJ/Sr//Ex/dO5gvNglO7NdMWqXYF3OVSsdq24Tl3LrjIvv/QwksOxf/em14+rItEaxtw45Nsz305HlIpV83M68xWrYVDV0LEnFEwOuX9fGa+pWAUA4PwQrALAPDBy7HOqDuxr/J00A18TQwM689IL2Z2UulS+/Q9U6lxSOKeq/aAq3/OVvcU/e9t343XxFABTBXjtatzG7m6n1bKZaH+mgtvW+78YoWp742RPDWCHpvFX/Md5qVRSpVJJAvrkD/TmtdbYviz/pv8mb8l1mX0Nnzqm4d7jM/Y5CCbOamD/B7T4mp+SV+qWXJVydgVYq4rVTIXZ1BWrci2XjPaS1dMKs3i5rOVJ6dm4dv3ZFxsh6bd/lx7/3E/q5c//pI5+7j/q8d/aKEl65A93a9fZ5vYvPKtveefLkqTf+Iuf0JFHGl+HP/MG/UZzX3/04SPqy6Sg7sq7d739ee1xVGYWzbEaH8+vv/utOvjwW3Twn96igw//oP78dZJ0Qv/0zMRFrFhNR9Z0SVSsFrTvV3rUvfJmVbpXJNvlCgmTw8kel4zrJ1eRmBk/9zjk2zPfTkc0sscht7p1nOmJyX9OMvs3d5i5IGSuaH3s5KpYdWx2WVSshvWqho49rqA2Wvz7ynid/31lDJuy579lxaq5vOg6AABgHiFYBYDLXHXokIYOfVQzlSYFtUmdPbyv0bjnNb5KFVVu/U2VF65rOaeqGarGYWn8Zd/+3wjUGslJXN2Yttf6YVeXksZDnoKWoWm8bLZC14sx52oraRWt+5zZlatm0B4rlRpzrsbBqlm56jWvQ9/3VYq/Sp3yb/p1acG69Dr1PA2cOKSJoXOaqc/DxNk9Gjv1dS3c9CON94xKucuyYvVcrz75VUl6jXb93hatSQrhPK2+6y499J8k6WU9/M0JSdKep/dIkl7/m2/RL94go/BvlX7xz26TdJs+8T83aXWmMi1feff6OzdI+qb+z5cm1H7Fqlmp2a3XfVfjMeOf7Rttjs+4PvWHH9c1b/q4rrn7E7rmTZ/QNe88ptPNcen70td17T0P6Re+PKGnPrZL196zS9f+8C5du+OYzpiVeFG//ubND+u6Nz+s637kYV33wHGduRwrVj1PnUuuVM/qW1TuXJy5PqhYTS546/isz0lm/7nNku3yO7Rez1HFalif0NCxbyisT7T+fWW8pmIVAIDzQ7AKAJe5oUMfk6JgRtqKokj9h/cpqtfkqfEnkef5qtz831Ract0Fhap2hWLRXKpx+DgTFaSzbTq3308VqsbLzvdY4/Znqqr3QsQBqytk9X1PpVI2XG1sk36vlJuBaslXqdxoIwzDpFK1XC7LL5Xk+b4835dfWSDvpt+Q37k8vV4l9R/Zr6BWnbHjGj76KVUW36jKwi1GBdrlWbHa99ShRrXqz67RHUqzmri9O269XZL0yBd61adxvfyCJG3UD726K01v4v3ddLMOZ+ZYjeUr72576436H5I++8DjevhcexWrmdfRuL7+pcbD9L5/dY8ac7F+Wv/169ZJ+/o39DtfnkgqGSXpc3/yL3rrB411/u0JvePL483x69f/ffNX9G6zjX97Ut/+wDGdMY7DrsC71CpW/Y6F6ll9qzoWbZA8P7t/o5+yv1vHJeP6cVUkJodRMA759sy30wuJilXzczozFatBfVxDxx5XWJ+c+veV8ZqKVQAAzg8PrwKAy9hY39c1ObB3xtob6n1Zk6PDmSqc8g0/p9KKO6YVqtoPs3KHqu4Klpm+jX06geZMKOr3xXqQVKMPl1b7rSpoG+c/nUrC9ZCrIAgUKvvQq/grWT8IGvvoWKb69b+u0vO/LwXjzWV19R/ZrxVX3ZQLeM9HVBvR0OFPaNGWH1X/M38sRWFa4WVUXEZG+GFWgCXfZSy3tnNtL2M7LxO6mZV+cebiZTKMtNIvH9rEazTaSbePokhau1Cvl5rzqY7o+Ney+5MnPfngh/TDf2uO0K36xGdepdvTEUv3n/R3ld72p6/Wu97+Tf3KZ0/rh34srWjLHl9agRh394//+0f0x7mzsl5vvKVLnifd9pY36+Bb0hCz70uP6c53n9Tn+sbkeV1GiHWTPvLQdbpNkZ762C699YPS5/rGFalLZ75yQH8iST/xHdr/5mWSpKc+9rB+9O/36OP7N+jnk1knrIpGLxvq5c6jfZ5lXQeu68QaB+dy6/oolbvUsXijKt0rMyFw/jozQkEluzF/yCzIVKzG2xurp+fXDjddMWn8tn2ezfGxe2GNg2P8suNoZ51mZWZkXvDJ5yfztvU5yX2OrO/5HVpHkPuc2hmp2b5xvuzRy+840/F4/SiY1PDxPYqCanZ50e+rVtdZfIKNcclf5+7rI9s+AADzG8EqAFymwvq4hl766Iy1Nzk8qOFTxzLv+eu+V6U13z3tUNV8UNWFhKoXKxS9UFP1bzZD1an2P5dj2KjALQ5YzXA1CILk+jCrU70gvYbMcDUIAtXrdYXNdn3fl79og3T9zyt8/s8VxxGTI0MaPnVMi9dunJFjGjv5ZfWs/U51r7pT46e/WlwBZlR85SrAzEo5o1LTs7c3Q5YoDV1yFWYyK+GiTIaReZp583WWXYnXXN47YjykaqE2fJukrykTouTl4zC78i6KIunGLfqLrd/Ur7z/83rPq7+32d3pVKzaXqWPPHx9s+I2PQ+nm4Fq5ijj8EyS/sNK3dbs0W033yjpBcXh77G+3sY6H/qKrvtQdm9P900oSoJVq6LRCvPmomK1c/EGdSzaaPXOsX9HwWO6wdTXh5WJZpvJhZoFlYpW6JoJ85y9sD4nZqWm83Pi2qHZYetzmAlV85+TzOcoc55lnIf8uKUvI7O7yXb2ONmhbv4wrA4o21AkKQprGjq+R2F9PLsjK7SNx33KitXMeW6jYtX8fVJ0HQAAMI8QrALAZWro8EMKJs/NSFtBrar+owdkJhle10qVr/3p8w5Vs7f9txeqxn/kXYi5DmXnMvQ0A82oOU1EvR5ocnJSI8GoJryqJoIJnZ04p9H6WLLdWH1c482qT0nqLnVrQbk7ed1TXqAVXcvUVepqvPYXaHFlYTInqq1xfMXhahR5mdA0rlaVGnOuRooUhem2QRAkla2S5Hue4lf+8tdIV/x7hcf+OVk+fOq4OnoWq2vRkukOXQuRBg78vVa++u2a7N+jMBhzV4Bd4hWrq2/botfrqB553yk9ee8q3WFVoD0Zz6l611qtVpc23ijpa405V9+0rTEdwB3bf0JHtkuKTus9b/iM/igJr9KxylesepK69UP/5U49vPsx/fHbP5/0dKqK1V9/91v0CzfkQ8V4vSc/8jG99QPSf//jN+vgJ9OK1Xi/8bB93+oFRsWjjP23rqvLLs+uOZcVq365W13LrpVf6bZCdKXb564zY/jS1cwfMguoWLU+R9b3S6ViNQqqGjr+hMLaeOZ8UbEKAMDsI1gFgMtQbeykRo99XjNRDRJFkfqPvqgwqCV/A3mlTlVu+12VSo3/TMSVhHEFYRycxj97yj/53ZxHs1FpGDWXebn9R445Yoveb0cc2l7Iw53MYzjf/Te2z/chioILat/ch9l+EISamJjQ6cmzGoyGNVob0+mJszo3OaDesT5NBJOSpH4rWI2N1xsPLuoud2Xe7/A7tLxrmRZVeiRJXaVOretZq9euulVXL940rf6GYZQPCJviayypePZLivzmNADN7cIwTK6xKIpUam6nKJKu/FFp6EVp+EDS5rmXD2j1Na9SqdIxrf61Uhs6pPHTT6pn4xs1dOjD7gowo+LrkqxYXbZWb/p26ZGvPqG7vzfSQ5+7Ra9ptt/3hS/onv9PSuZUlXT7rbdL2qNH3vlR/Wf9iN67rTvZ/54Pf0Z/1DiLyv4uKqhYlaRlV+oP7zuqzz5wPOlpe3OsRkn7nqSo/6j+5gOSdLNed31jP8f60qrVTMWqOQ5GxaAnaf3qtZJ606kA7Eo8jcvaMNN+ppLP1U/jdXNFnW/Fqlcqq2PhenUsXJ+5DrK9c+zfUfBojkNWfJ0puf6sTDTbTC7ULPh9ZoWuVKwa/XB8brLtOE5gFCkKAw2deFJhbdw4zwXjZP++cpyHZHnmPFOxCgBAEYJVALgMDez/oGbqD5bhvuOqjY7IfBpy+cZfUal7uaR8qBo/tb1cLsvzPfleqyrV7EOKiqpWXaYTOE5V1WqGs672plMVm1aVhoXL4wpUs/3phrpTBap2H139r1YnNTA5rL3DL+rA4CH1jvXpzES/RmtjGqwOaag6rMlgUmEUym8eT/yz7/kKo1BhlD++IAoURKFKnq+KX2lsNxAqaI5pySvpO9a9Tq9ddWthf80xalSlejITwDCMkipUc9v4eovD1MBLz2N8raVthM1q1kjBVW9T+bn/KdVHG+NVr+vcyy9pxZbrp3W+pzJ08CNa/a2/r8rpr6k28nK+AuwSqFj9zO/v1Mbft3t+pf7yo9+ju5d36+5f/W598qtf1CN6Uvd835O5Y3z9b23V3Sua7d/4Kn3jN8/oW975sh5558e06Z2OQfmZ1c0HWMWKKlYbx7fqu27Q/3jguN7VWFJYQZcJPx2VoFIkb3mPbpX0WT2nt77puVzXzIrVxt7cFaurv/Ma/dqf9upPclMBrNWfvu+1euOydP18+xenYlVeSZ0LN6jcs0ae71vXhxkOKt0+d50ZoWC6mvlDZgEVq+k4RPnNld+hdQSzXLEaedLIqWcUVsem/H1CxSoAALODYBUALjNjp2bugVWTI0Ma6TuRec9f970qr7xDUhqqSnEwmk4BEIsrilzhavpee39cmaFk0XLp/ELJdqpYG38cuteL2w7DwPl+Y39pYGi3MdUxtFoehpEGq0M6NHxUz/S/oP2DL6l/4pzOTJzVwORgLiSNA1TfmHrA/tl3TEtQdvzfBN/zVVZZYRRq3YI1+rbV36JNC64wjjl/nNN5mJVZiWq20wjH02swnnO1MQ5hI5Q11vE7lym46udU2v9niqOJ6uiQhvuOa9GaDc4+tCOoD2vo0Ce0aPOP6dyzf5KvADP6PZcVq4UiSSu26H2fX6NPvuMf9ctfNRdu1F/+411603KjfUlr7tqmI9v69J7XxxWqsdv0ic/c1AxVs+FSYcVqFEnGg6xkjEPawTYqVqPl+oU/fpXe/evPNte9WR/55Ep9/U1f1Ls/cEZ73rxMVxjjUlSxGkXL9fOf+A7ph7/SeIiVJDNUNUPjzHBaYd5sVKz6XkmVRetU6VnX+Ices317/5l+UrGaO1D7c5gJVY3rI7P/3GbGOLjHLX0Zmd1NtrPHyQ5184dhdaB5XONnXlRtrD8zTmnFqGOc7N9XjvOQLM+cZypWAQAo4kVT/VUJALhkhPVxnfq3356RuVWDWk1nDj6rMKinb3auVPm1fyLfbwSnZqVq0byqyW3bxoOqsiFrPu1pFRpOFXxOFbqaiqpT29m+VQWmaz/TcT5TFMRh6nMD+/T46af0XP8+nRw9pVpYSypOiwLS2fJta79FP3HdW3X14k3OcZKyY1h0rEEQJiG++Yd9HJwGQaB6UFdQD5J14vWDIFC9VlM9CJL5WX3fl45+WNGJf8nsZ/mm69S5cCbmW/W0+jW/pfG+L2vyzONWeOUOV3OhkKzQyBGGuMM5Qy60yYYh2dDGChWNlMQMz3LtZ1a32i8Ibez0zQ5tcuFWQbjqCs9c6V6u0s8OhYzQLTcOyf4d42CHRuY4ZIbJar/F+cuNkxWuZsbJkzp61quycK08v5Ibl3z7dr2kY/+u8HGKcNU1Dq7Vpx+uusPOonA1OY6CcLUoZLa3t/en3Hl2h6uZz5EjJD2fcNU1Ti0rVh39nhw+odG+vdP+feL8nLQMuWfic+Jp+I736o1vfKN9NAAAXBKGhoYkSXv27Gl729tvv10SFasAcFkZOvSJGQlVoyjSwLGXFAaBkrKwUqf8W97RDPwafzDF4ajneblQNTaToWrav6lD1ekst8NU1zi06pvr9UzM2TrVMZj7HJ+Y0EtDR/Ro39f0jdNP6cz42cxt/a5q1NkWRqFWdq3Qa1bcmlSrthqz+PVUx25Woprbel5zyomylwSrgRGkxkqlkvzmNsGVPyp/eL/C4UPJ8oHjh7TyqptmYL7VSOf2f0irXv2rmux/Wgqr2RBD2ZAiGY+LUbHqCkFkhSRWhZkrVHWGJM6w0h2qZsO8fKhqhjdFFaueNQ7TCStbharxuCS7scYpU2lXECa2ClWz+8/3U/Y4tahYrSxYqY5FG+WV4mt1emFiq1DVuDxzWWM+xrPDRCpWL6WK1frEgEb79jl/n6TXsTtUjce91T9+tPp9km6fDq99fWQ/zwAAzG8EqwBwmaiNntTIsc9pJv5QmRw+p+rYcOa98vU/J797eS448H0/eep7JlBVfk7VOFRtNZflVIFk0XL71vupKknzt9+HMh8k5Woj3r4oHLS3NdtvZ07VoodyxW0EQaDx8XE9cfab+uSxf9Fz/fs0GUzOWZBq8z1fNyy7RjeuuE7lcinpuykfqMbjla8UjsP5eH3f95NwNV5eLpcbFaxR8/Z/Ywj9UkllY/+NaQV81a/+JfnPvkNqPqArrNc1cqZXS9ZtvOAxqA0f0vjZp7Xwih/Q8NGH0uNrhh9zMceqGYbk5oaMQ5V4edH2dvtqZid2+/ZxKn98ms7xyT6+dDvXOBa2b7dj9DNbUXqec0fa42CMU+Q8DwXn2R6nzPUhdSxcq0rPWnmlrniP2e/pjqzrwwwHlY5j7jozQkEZzedizfT6yY2jsXrSjN2+MyaN325xnnO9cJ9n5+fEGa5ONX7W22b4ndm/FcIm42jv0DqC3OfMzkjN9ltUrBobhvVJjfY+Kyls6/eJ83NS8DlNf1/F53manxPP/pwU/38BAADmC4JVALhMDB78iKM6pn1RGGqo91gmCPOX3ix/xbcqrgaUlNz6b4aqSXBqhKpxtaoZqjYqVqf/B1U7840Wreuay9N1+3/r0NM9X2qr/cbrTdV+q1vlzTZqtZqeOfu8Pnbkn/Rvp/aoFtZU8Ssq+5fGf7LjatXXrrxNm3saAeVUYxMvK1rPvFYaU6bagbWX/hw2/nKPw1ezqjoRRQoleR1LFW75GZUO/FWyaPzcafUsW6lyZ/cFjELD4MGPa+3WP9RY31cVjPfJLEWjYpWKVbufssfJCLHK3avVsXiDPK+SGQdjz5nrI2k/d3zKrE/Fqt1h63OYCVWN6yOz/9xmxji4xy19GblOW26c7FA3fxjN6yUMNHLymwqCyUxDVKwCADB35q7cBQAwbbWxXk2caX/eF5eRs70K67X0jVK3dMOvpqFqFMn3vCQsjdkBV1Go2q44UJzucjP8NfuVDSjt9/zc+kVfJnNf9n6n23+7LfsrbkOS+sfP6SOHHtY7n/pzffnEboVRqIpfadXseQujUPWwrpJXUk9lQVv7uX3lq/Sa1beqVEofNGVWppqmM4Ym30/bKLrG4nbMeX/L5XKmojqx9Fb5y27OvDXUe2zax9pKWB3QWO9uLdz4xmafm+mLzAqu9HVmuVk5Zi+P0te55U1pu0qXx1mJ4ko7Y3m6wGjfLITLnrdkuQraN/oZhzpJg8ZrexzMCjp7HMwO5tpPDzTfvvXa7meUDnt2HJL9J80a/ZSx/7TuzjVOmfYd/TTPX2acokgdC9dowerb1LV0szyvorR5M9bOdCjbvmf031g7GUdz/0Y/ZX9X9riUjKc1DtZ25riY45Bvz3w7Pa5MxamzF9ZxWuOQ+Zxk9p8dB1njnn5OlR1WqweZz1HmPEvZASk4bmPcs9dZdv3GcuM6zh1GowNjhAYA8AAAIABJREFUZ/apPjmUHQdZnyNjXMxxyn1OrPOQ/31lDJus66zoc2IvL7oOAACYRy6N8hcAQEtDhx/OVdKcj/rkhEb7+zJ/DHrLbpXnVxTFt157nrxmoBWHVb7feBK15zeqVeNgNQ6y/n/23iw6juNO9/wiMmtDoQr7TpDgToparc1aWqJsWbp2y4vcbvWdabt77ul7eu615mHe5mXOPM3bPLs959yHOeO2u+/Qbqvdlt1etdiy1LLk1kqCm0iAJABiB6oKtWVmxDxkZVZkVmatALj4/9PBIVGRsWRUFkl9+OL714quzf/PlC2S1T8a32whqyAXayuZrO2yHZmrFzcv479feAlvLLwNQxiIabG211MPp9BVb6wHB9JTmEiOYrW0jjNK3EC9vmNdI7hv8C4Mxwc96+90DwG7QJdTlCpIRFUdqpqmea5zogPsuAB7Hc7zae79K/DN/x2QdqG2ciGHQmYN8XRfR+sFgOzVn2P04f8TPNIDq7ypOOHIscpQuw+u805xIP7ROVYZRyTej0hqAkyL+eZ3R/a838qCvOPX3J+3PzlW/Qv2fQ6Vbz2fE8/8Nd2UfQjet+q3Muhtq9knu72+Y7WUuYZSZsFdlzoQOVYJgiAI4sZBwipBEMRNjpG/jvz1t7bl/0+yi3Pe/xGMjwKH/haWZXnEUjVPVUpb7NK4BgZvoSqHeo7FTqgnuu5Ge7Nr7LT/xc1L+O757+ONhbcBYNvzUx0x1ZIWemM9eHD4Pjw8cj+6tATeW/kIFzcuI1PONjXvnf3HcNfAHa54vh176BDkaHWeJyGER3Tlmi20cnCPGBD0fvD4INj4M5BzP3Vfyy7NI9qVBq9ku7aLmV9EfukP6Br/LLIz/+SqL6oDzP3VdZA1l4kIpZ9HnHT2RRGTqv0BSNXp5xNtFIdZYH//+IDrePSM779P1N4fmrk/+O+v2i9oH0PH94+jOulknX1w+4Xso0/0C9onGfg+1N4fj3Qj2jUCrWsAlQe2KjK7/Z0/oj2yNpQFeS6sPh+qOFjtTxmrjfbP97L6QwLP/D4R1t1H/4S+O6j5nAW/z/4fUvj3wTK2sLV8vu7njTJWCYIgCOLGQMIqQRDETU529l+BbRCuitlNb8EqxsGOvOiKBKoTUC1GpeIXTmudqhycMwhhj9mKc/VmoNN1t9P/en4ZL8/+Am8v/rvddxtFVSEFDGHHPgzE+/GpobvxzOhJHOqawsX8DE5d/hHeWXoPnPGGUQCGMGrcqoFzbsN77zx7jlDqF0s552DSdk9bsMCENz4AqAqyzg8GrJE/BV95Gyit2us0DeRWFpAemWh7nQ7ZK/+K4U/9b8hd/SmkVXDnJcdq7T54xETfPqgLvJ0cq5F4HyLd4+CRbnVh3n1Q3n7PAuDdF/jHr7k/b39yrPoX7PscekRV5fnwzF/TTdmH4H2rfiuD3raaffKLuv5Rc9c/9v55Au9A5FglCIIgiBsHCasEQRA3MVZpHfnrv+t4HCkEcsvzXqE0dQRIjMNxszhfjriqCqaarkHXdI/oqgqvqqgKbK+guhsibaM5dqq9WCzhN1fexG/m34IhjG0TVR1B1ZICe7sn8OT4o3hg6F7sT+1F0Srh+7M/xk+v/AobpU1EeKThvEIKaEzDIyMP4sHh+wLvs9M9AqrPkRMnoRayctpUodX5XjDhucZ53bKs6v/g8wjEnr+Adunb7nzFzVV09Q5Aj8Xr3n8jjOwMimvTSIw8ivz8K0CYA0x1kPkdZq4DDahxgCnfq3sV6KRUHGZQ+/vHr3Hi1XOs+p2gQU7DG+1YdTQ7j0pWu48B+7AjjlXOEUkMI9o9DmiRWhE4yGmpLL/GaVldkEfla8axGvw+ODfgbpzbU21gQfuoXO4OU+MYDZJJa+djlQFvNseq+qt3/5Tu6vNWe4POxng/hyHvs//5UUcprF2CMPKe58/JPK19jgI+L+rnyf95C93HNj/PzDt+cvgElB/nEgRBEMRtCQmrBEEQNzHZq7+AFEbjCxuwtbbkK1gVBw7/z5BSekRS55g/ALdN0zRwxgMFVQdHCNsJdsP12miOnWi3LIG3V/8dP1t4FeuljW0rUmUIA4YwMRDvwxf2Po1nRk9ipGsIAPDu8gf4wZUf48zaOQBoOsfVkhaO9R3Bp0fvR28sHXhNp3vkCK9OQSw/jmhqX2tHAji5qs5z6rQBgGXVurxl7z2QPXeBbX7kvpZdmkff5IG6a2uG7OzLGH7g/0B8/Isdj0UQBHG7cP3nP7/RSyAIgiCIHYWEVYIgiJsUYWwhe+1VjzuqHcxyCfn1FVS9RYDsuQvQUu73jqjqF0ydttCK63BEre3NBL1Z2Ekn6/Tmefz06q9wNTcHjXWW8wlUXaq9sR48Of4onh19CgfS+xCPx3A9v4xfz/0GP7/yKua2FmyhvEl3rJACcS2Oh/ruxYnU0dbX1cYeOa+pqI5V+5pqISshhScCwBFXVZx2a/J/gJ45C6eQlVHYQiGzjniqt+V7UyltfoLS+jQiPUcD5ycIgiAIgiAI4vaDhFWCIIiblOy1VyDNfMfj5NcW4TmzGR8GP/BXEKg6/dQj/uoxa13Xoeu6JyagNjaA1whhu5WtutMxATvlZC0WSzizdA7nNi7CklZHblVHUI1pMTwz+RS+sufzrqBaLht4c+5dvHTlJzi9dg6GMKDz1v7qt6SFh4fux5/sfQSJeOtH5tvZIyenVy1WFQZjDBrXIJioOabtjsdY5UgsoCVHIMc+A7nwC7c9v7aEWHdP3XmaITPzMobuO07CKkEQBEEQBEH8kUDCKkEQxE2IsErIXv05Oi38YJZLKOeylXw0G5m+G4LFK4KUt1gVUHWv6pHGmarVgkG7I6T62akiUzvdPle+jg8z027Gabs4hanuGbwTX9z3LO4fvBs90TQ4Z9goZfDrud/iR5f/tWWXqjp+OprCvb0nMBkf97Tt9B45WapqgTQ1b9XBjQgQgMUsz/XOM60WZBFCwBx+DvrSm2DWlr0Ww0A5t4lYqqfedjSkuPYRypnL0JJ7O3aaEwRBEARBEARx80PCKkEQxE1I7tqrEKXNjscpbqx6vpdde2Ht+Ro0xqBrGrjmPYLuiqq67uaqBuWpVh2rbFeKS203NyJT1aFQLOLd+ffw8dp0W2InUHWpHkhP4asHnsMjQ/ejJ5qGrtvv5yeZWfzLzM/wxsLbyJSzLbtUVR4evh+P7/k0olGvALzTe6hpXuFeCOkRVtUv57WgQlaqi9U0TVus1aKQ458Hu/oDd77CxiqiyXTHrtXs7E8xcNeLME2zo3EIgiAIgiAIgrj5IWGVIAjiJkMKE5mZlzsexzINFHMZ9wg0AKD7IHRdd4//1xNNnXa1aJB6nSOM3UqC6k7TjMg8X17ER5mzyJSzLbtVHUF1ODGEL+x7Gk+PPYHRriHouv3XuWmaeHf5A/zjpZfcAlXtCLeA7VadSu3FI8MPYDDa39YY7aDuobqPnDNIyTziqqZpblyAihNjoRayckRV5/py7+OILfzMda2a5RKMwhaiXd0drT+/9A568tfBYkPkWiUIgiAIgiCI2xwSVgmCIG4yimunIcobnY+zuQYowo6Mj0NO/oWdN4nqUWsArrOPcw5N1zxHqNXK647Qar8uW3asdupu3Y3+nczRqI9pWriamcP81vWWxhVSQEiBmBbDUxOPe3JUHcplA7+e+w3+8dJLWMgvti2oOvPFtTgeHrkf9w7d6Tphm+7fZgxAWCEr51l1nkW3aFXle6ddjQ5Qn9XKRR6hU4/EwMaeAa695L6W31hBtCvZ0r3WIC3k5l9Hz8EXYFlWZ2MRBEEQBEEQBHFTQ8IqQRDETcbWwlvo1OgmLAvF3Aag6lapA+C+PFUg+Fi1vy3sOr8QFva9Q5DQVu+aG9k/qDJ9s/OEkbO2cC7zCea2Fpq6HrBFTgC4c+A4vrjvWTwwdA96Y2nPNU6e6g8vvYyF/GJHua2AXbDqrr478MjIA0hHUvY6OtjnZtuDxuScwbJkwyJWAAId1v5CUmqbOfAk9Ov/ClhF+/tSAeVCAZF4ou48jchffwe9h17oaAyCIAiCIAiCIG5+SFglCIK4iRBmAfmldzoep5TdAIR0i1bJ2BDk3q9D47UuRudIteNW1bg3IsBfqKr6GvMIZqoQ1qzrs9512+EubSTg1evf7NqbvR4AVkvruJqbgyGMhuKn41IdTgzh2b1P4dk9T2EkMVQjPi4WlvHj2Z/jp1d+1Va8gB9DGBjrGsFnhh/D4eT+hpEP7bhTmxWz/dmqKkERFc7rQgrFWV2JCnCur4wlpATX45CDfwK++Cu3f3FzDZH4ROC9NItZWERp/SwiPUdrhF2CIAiCIAiCIG4fSFglCIK4icgv/h6y4p5rFykEitl1z2us+5CbmaqKUU4WpVOwKsixqkYA+F2t/gxMIbwRAapQFuZGVPuo1BujVadsvf5B89fr3+gYexhCWFjeWsFaqXHMg5ACER7B/cN348/2PYc7+4+5OaoOpmnhUmYW/3jph3hj4W0A6FhUdSIAnhh/FI9PfhqJWLyhgNzqe+LPTg261nnNeV8412BZwnWt+o/9Az6hVQAW8x7DV+MtpJRARXQ1+z+LxPLrgDAAAEYhB8soQYtEW9o7P7m532Cg7zgJqwRBEARBEARxG0PCKkEQxE3E1sJbQIcxAKVcBlKIatGqSA/Y1H8EKoKUZVkeEcoVpxhqRKqgo9VBblWVMPExzI3ov069tpETNey6ZivSt9O/2ZgD/9iGISr5quExAM6x/4nkGD43+SQ+O2EXp/JjmhY+Xj+L71w4hfdXPupYUHUIigBoxjHs4Bfa1WuaiQcIeqYccVXTuOtedZ5T5/fO86lmrlbH5a6YyjmHZVme7FOmJ2H1PQRt7U33tcLmGroHRkPvuxnyi+9g4MR/pgJWBEEQBEEQBHEbQ8IqQRDETYJV2kRx7TQ6UVallChmfY7I7sOQPOHGrTpClONWdTNXJTyilT8CoNov/Gh4K47VIJdqmJO0kQPV3z+MZiIAms1LDbofFX8maAFFLJSWkC3noLHaYlCqS/Urk1/AnX3HEIvVuiaLxRLeXf4A37/yLzizdi5wrHZwIgCeHv0THO0+2PB4vvP7MFrJ2w1zDTebq6oWsvK3hQmvlmW5Ymt58Bkk1v8NqAjb5a0sRM8AuN7+P5OkVUBh+T1EB+4j1ypBEARBEARB3KaQsEoQBHGTkFv4HaTsrIq4USpCmCbcqlVaFzD1lwCCRVN/dqq/zR8D4NDKUfuwPkECXVj/ZvM7W810bSVzNWws9X7U1zXNm/9ZtErYMvOQkOBMKa4kBQxhYCI5hi/sezrUpQoApVIZr8z/Ft+79E+Y21pAhEc8Y7WLGgHw6MRDrqDbqKhUM47jThyr/j20r0GNa9UPYwwM1efY71K1x1Jc2IlBsL67Idc+cF8r5jJI9PbXjN0K2bnfYHj4ARJWCYIgCIIgCOI2hYRVgiCIm4Tc3G86jgEob2Xg0UlTtlsVleI9nkJVlV9dgYkBnHG3zclkdXAiAID2ChXVcyi2WlVevS7ILaq2BY1bT1BtlOsatMZ67lynPVfewpaZ975eKVB118Ad+PLU5/HA0D3ojaUD79U0Tby19C5+MPsyFvKLiGmxwOtaxVnDg8P34uk9T6A3lm64H606jtU2dRy1n9+dXC8GwhFXHZwfBvgjAMAAKWTNDwac753rOecoD3wO0fWqsGrks4in+xo6ZutRWH4forwJxpMUCUAQBEEQBEEQtyEkrBIEQdwElHNzMLKzHY0hhYBRyMN1qwIQsSEIYVdI5yHCkhDCk7fquFSd173V1ZkrsLaSsWofvZZu3yCxrZqXGe5k9ePvb78msLm5iYWFBWQzGYyOjWHPnj3QNA1CBBdPClqjf45GGaqOKzGoUr0QFnLlHPJmofpa5ej/42MP48+mnsPB9L6aAlUOxWIJv577Df7h8g+xkF/ctkxVwM5VPdZ3BH+69xlMJSdhWSJQRHeO5jt7WHuPUnkPms9Ydd4PISRMs3o8X32O/f3sZ9H73quvucf/BSC4ABPV51DNZVX7yMReSD0NZmbteSwLVrkIPRZvcUcVpImtxXeQnPhMjWOWIAiCIAiCIIhbHxJWCYIgbgK2Ft5sfFEDjGLedqZWkLERiPHnAXiP9wNegcltZ95oANXRF+Taa6bAk7uWkHEcQU0VVdX+zWSmqoKeLRgDKysrOHv2LDKZDCwhMDQ0hK6urrpjOf0buVr996iu3y/KOhimieWtVWyUNu3vhYF0NIUv7H0aX9z3LEYSQ6H7aZomXrv+5o6Iqk6u6pcmn8W9fScAIPAe1D1uRJg43sixqrpH/REAan+7X7Uglfe9Z/C7UaXln5d7fthgVmIChBCw+j8NfemX7rXlwlZnwirsgnSpyadJWCUIgiAIgiCI2xASVgmCIG4wUgpszf3WI4q2Q7mQ85j8ZNcEAFtw0pS8VEdgVYUsxhh0XXfjAfyoglWzoqd9b17RK0ywC3PBNpOZ6hdlpawW5QKAfD6PfD6PZDJZVzD0r68Zx2XtcfRgJydnHJtGBpvlDIQUOJCewlcPPIfHRx8KPfoPAIViEW8svI1TMz/adlFVzVV9ePRTlT2r70RtJLrWE8frxTv4n5OwNThtQXEATn/bmSzc7/3iq9+FXR2To9TzGPTlqrBqFHKQHcYBlNbOwMxfB4sOUhwAQRAEQRAEQdxmdF7xgiAIguiI4to0zMJSR2MIy4JVLII5/zEd5tjXAFRconWEIcZZYJ6q86u34JU3OzPsC7CPxjsCl6bxGoeiZYlAp6o/KqDeV9DYmsaRSqWQTCYBALlcDplMpm4BoTDB0FljI8JEVeeeHNHakhbu6D+Gvzn8l/jc6BN1RdVSqYxfXHsN/+3CdzGTvbLtTlXOOL68//P4i4NfRl+8J3D9liVgWVbN+xREvXZbxAwWzVXRM+g5cZ41f1vYGuyxa4uycc7d98EV3qWEqNwfAOjxPrCuve7nCELCLBZq5mmVretvB/7AgiAIgiAIgiCIWxv6Vz5BEMQNprD8ASTQ0Ve5sGW7VStfIj4K6N2hblX19/4IAACBLj+/+FlP8HSEOLsIVmd/1dQTcIPWAQBdXV3o6elBJBLB1tYWstmsR1gNE3bV9nouTZV6TlVnPWWjjM1CBncNHMffHv06Hh69D7FYNHRMyxJ4f/00fr7wGlaKqzviVP3qgefwwoEvIR1JBV/XhFO10R7Wa1dp1N4I1YnqoMZdOMXYnC/1+faPI/of9HyWysWtjj+fheUPSFglCIIgCIIgiNsQigIgCIK4wRSW3+84BsAseotWyfgeAOFuVVcs1by5qwDcolVBrj+7vX7Vdqe9nuDYSLSsN4f/+H+QoBePx5FKpaDrOgqFArLZLIrFIqLRiFv8yB6/1gXZqD1oDfXaHU70H8N90btxZ9+xumKzEBKnN87h/7v0zzi7fn7bnaoRHsGX938eLxz4Enqi6TqicFUU9T8Hrexh2DH6dvZQJUwctft6C1kxzsCkN3tVCAEhJRjn0JQ5yqmHEGc/BqQJADBLRUjLAutAGC1tXIAUhmf+nWRlZQXZbBamaaJYLO74fARB7A6apu14XrNTRFHXdezbtw/RaPgPAQmCIAiCIGGVIAjihmIZOZSzsx2NIUwTllF2v5c8DnP0KzXH+51MSQCuc48zXlP0R3XWqYWAHMNnPbGrWbHMGTssh9N/HHx9fR2ZTAY9PT1Ip9Oh81uWcHMz0+kUuruTKBQKyOVyyGazSCaTnmzZMEEw7B7bzRtNxOP41Mjd7uuWJUL7X8rM4qXLP8HptbPbJqoKab95h3sO4otTz+KxkQdDnarOHgLBhaSaFVXDCnq1sof1cJ7VIHe1N15AA5d2wSpL2IKE+4w6P3hgDMJxuOoJIHUQyJxD5WIYxQKiXcmGawpDCgOljQvQ00d2XFidmZkB5xzJZLLmzwCCIG5t5ubmMD4+vuPzmKaJQqGAc+fOoa+vDxMTEzs+J0EQBEHcqpCwShAEcQMprp7peIxyccvjSpWJcUDv8oikQgi3MJUrtrBgN6F6rNovzFbbW3dxesf3518y9+i42m6aFq5du4oPP/wQGxubuOOOO3DixAnEYrEGhbA4upPd6OpKAlhBPp9HLpeDZVnVCIQ6Lkt7r1qLB2h0/2ohpbBrMkYWP7v6Ct5YeNveF9aeS1JIASEFOOOIaTGMJUdwcvxRnBx9DMPxQSUOIvweOxFVgc72MKxdvUYV/R38ImsQnvE1DbxS7EpaFqzKV6HrPiSy590+RnGrI2EVsJ3pPb3H6mb9dsrFixeRSqUQi8V2bA6CIG5/dF1HKpVCKpXC6uoqlpeXMTQ0dKOXRRAEQRA3JSSsEgRB3ECKa6dhpzC2h5QSZiEPj4QUH3PFU1UEc3AFU1kVmVSxSRWngqquA4BlBYtZ1TG8opYqKNqOzaojVD22rfZnjMEwDaxvbCCX24JhGJi7dg2DAwPYMzkJJyY8uL9EoqsLvb29mJ+fRyaTwdraGiYnJxGNRiGEgGHYRYscodW/B63co1/Qc9avtvkFP//4lmXh11d/i1fn37DfsxZFVceV6oipg4kBnOg/ikdGHsAdPUdch6q6FtWF7L9HteBUULv9bPG67WF71Mwe1ltfkGiqOrL976XjVrXM6nteXaMElPGllLBS94AtvwQI2wkujDKEZYJrWr23oC6F5ffRd/R/bLt/I65cuYLu7m7E4/Edm4MgiD8+BgYGsLq6ilKphD179tzo5RAEQRDETQcJqwRBEDeQwsqZjuJVhWVBCm/eGo/0QKCSlapkrLrHoitColvoquJmVeMAgghqUwVT9Tr/NWGvB4lt6jzRSBR7J/dibXUNMzMzWFldxeWZGfT19yGVSgcKv85XLBZDT08PEokEDMPA1tYWNjY2EI1Gsbm5icXFRZSKRUxNTWFiz57Q+290j/WyPptpd655b+1jvHb9d8iUs3VFVceN6uAIqeloCoPxfhzo2Yc7+4/jWOoQhuOD0HxioHo833F/+kVLdR/abQ/ag53aQ3+7XzhljIGh+jlQ3dymacISApZlVX8QoUVgRQahlebdMc1SEZFE+67VUuYKhJEDsP15hblcDuVyGb29vds+NkEQxMDAAObn5zE8PEyZqwRBEAThg4RVgiCIG4SdrzrT4RglTwyAiI+jPPgMuONIBKBXjv/XFKSqlCznWm3OqiqaAeEOQb9Y5i+E5XeqBvV3CBPs0uk0Dh44gFw2i5XVVSwsLGB2dgBHjx51K7yr/dX54/EY4vEYMhlgaWkJuVwO+XwehUIBABCJRNCVTGJwaAiJRKKpNYa1Ba0h7B79YyyXVvHG4r/h7PoFALXiqbu/iojaE02jP96Hye4xjHWNYjI5jqnuSaQjKc/7EPYe1BNVg95D/30G3WOz73Oj9lb2MGjMoPWrP1hwjvwH4ea09j8EXP+R+7pllBFJdAX2aQ6J4toZRAc+te1xAGtra0ilUh5nOkEQxHaSTqdx5coVHDp06EYvhSAIgiBuKkhYJQiCuEEUV093PIZVLntfiAzUHvt3M0XDRRc1VzWsPSxvVf3Vf5Q8TFQNGz9MUBseGcG+qSlsVUTR2dkZ9Pb2YGxsPHB9zhhdXUkkk90AllEoFDyCaiKRQF9fHwYG+j2O3aD5m6HRfYa1W5aFN+d/jzeuvw1DGOjSuxDXY4hrcfRE00hGutAdSWK0awi9sR4ktASG4gMYj45gMNqPaDQaKoq34vRsRfwOEl07nb+TPVTbnXH9fRizc4WDkjcc0dWBcw6z67DnH0lqgbh2KayeQXzogW0XVg3DQE9PT8PPGUEQf7yUSiWsra2hu7sbqVRw8cJ6xONx5PP5HVgZQRAEQdzakLBKEARxgyisnOkkXhWAI/Yogme031M8qK7QwlDrYoW/SFWt2NrIgaheEyaE+QU5pxBSmIsyFothz549WFlZwezsLJaWlnH58gzS6R50d3e782SzGWQyWaRSKSSTSSSTSfT29qKrqwu6rqMn3Y2+/n709Q2gr68PyWQSuq43dGmGOU3D2lvZgzVzA/FYAv9h72fRF+tFf6wXSb0LyUgX4loMvTyNbi2JaDTqEcc7OZ4f5mRtx20bdF+7vYf+tQeNxxiDxjUIZscDODEBQRECACBjY5A8ASaK9vdCQJgmuNb+P52KK6d3zFWq6/RPOoIgaslms3j99dcxP1+NNhkcHMQTTzyBwcHBpsehP2MIgiAIIhj6G5IgCOIGUVz9GJ0oq8KyACncJADJYygPfA4M8Bz9DxLjHJGpWh2+ObGnUVamSphgF9QOND6a3tfXh/3792NzcxMbGxuYm5vDwIAdCSCEwNLSEqanp7GysoJ9+/bhjjvuQHd3N/bt24fe3l4kuhJIp9KefLhWXJrNtLciFjrtg9F+PD3yJ+57FkbQHqpzBK3Bv//qGvyvdyKq7mR7M4JrkNCvFjVTr5OW91rHqcqYXezN+bIsCyJ5EHqu6iy3jHJHBazK2dkdyVktFArkViUIooZSqYQf/vCHKJVKntdXVlbwk5/8BF/96ldbcq+aprndSyQIgiCIWx4SVgmCIG4AVjmHUna2szF8blVE7CPtTR0yZrWCHGALVo7YWk/sCnMRNhMRoL7u79fIoTg2Noa1tTVsbW2hUChgZmYGuq6jUCjg4sWLyGQyAIB8Pg/TNMEYQ29vr1vUp5Wj7804NIPGqCc6B42haZrnGLo6v5QS0sgDhUWwzTkgu2a3mSWwUg4s1g2px+y43HgPZHIASA4C8X5Ai7R0j/WO99e7h50SVcOEwrDnsJFT1nGpCilq2jVNg2VZ9pzK/Eb8IPTcGfdayzSgIxG4ruaQKKyeQWxw+3NWSVglCMLPW2+9VSOqOpRKJbz55pt49tlnd3lVBEEQBHF7QcIqQRDEDaCwehqokz3ZDJZZ9uiqIjrxMO21AAAgAElEQVQAwWIet6r6e0cs4pyDs9oIgHq06jBUX2+FeuuRUiISiWBychJra2u4du0aFhcXsbZmi42GYSCRSODAgQM4dOgQ0ul03XsIGl9dQ6O9addlGdbfvcYsA8VF4PppsLlp8PWrwMZ1YGsdspgDSvbRdHAOCGE/ArE4WLwbSPYB3X2Q3UOQ/Xsh+/ZC9k+B9UyARbo6ig9o5h52QpRtpb//eL/jAPa7VzVNgxACnHNPdAakhOAcrHKt6Dro/YyZ5Y4/t8XV00gMb3/OKkEQhB/1+H8Qs7Od/YCXIAiCIAgSVgmCIG4I5czljscQpglPvmqkv+YaKSUsy4KU0uOKDLrGHwngdwb63YGqwOV3GTYrqF6/fh2XL19GJBLBxJ4JDPQPuEf1w8bo7+/H1NQUMpkMMpkMDMMAAIyOjuL4HccxMjziFnRSxcKgY+FB9xp0D2H9W9mDuntoFoCNK2BL58CvT4MtnIVcuQrkM5AyQIBjvsiAUhGymAc2lqqXMA7WlQbrHYEcnALGjgMT9wADhwA9EXp/6mv+9lb2MGx/dmoP/Wt0UMVW58v/vFuWZX9VIgCktJ3bVmzUl7MqISyroziA0ublmr3bDsixShCEn1wut+1jbvefXQRBEARxq0PCKkEQxA2gnJvrqL+wLEjF8ebkq2qOI1XJVlWdiZxzcI17nHxqe5A44xezwo6Oq22NBFbGGDY3N3H+/HnMzMwAAC5cuIDe3l6MjY1hYmICfX19gcUyGGMYHx/H8vIyMpkM0uk0Dh06hKmpKSSTycA1qn0b3YP7umWASTtPjgEA093j9Y32qOk9NPJg8++DffxT4PK7tjBqGXbyLtcALQLUK5bkyWT1ia1CAFsbkFsbwNw5YPp18PQA5MgRyAOPQO77NGR63LMHzh7Vo9k9bJVW97AR9eIBHKeqZ6wAN6ymaZDJKbDsWfd1YRodCatmYWlHClg1u+9n//nv8Ao+g29+5ZjntXf6XsA3nmy+kA1BEDc/AwMDWF1dDW3v7u7exdUQBEEQxO0JCasEQRA3ACN7raMjxcIsw6OjRHsRieiQFcFGdeVpmuaKqkF5oEFfDu2KXY0cLfl8HhcuXMDcXFVgNgwDy8vLWF5exvT0NHp7ezE5OYnJyUmk02nP+PF43D3u39PTg5GREU8RInUNQWv0uyRhFsA3r4ItnQNbuQS2fhXIrQJm2b5IjwLdA/YR+/QIZN9eoH8KMjUGqcXr3mvdPWQ6rKFjwEMD0I5/Dmz9CrD8CdjKjOtYhVHJx9MiPiG1AZzDI7ZaJuTqArAyB3bhLfDhKciDj0AeegJy4BCYXs0ObWcPOxFFg5ymjfrXizAIgzEGzjgEE248hhoTYG9bdc+EELC6DkPLeYVVRGOhczTCzK/CMrYAtC/OEgRBNMORI0fw1ltvhbYfPXp0F1dDEARBELcnJKwSBEHcAMz8ckf9/TEAVmQIpozaUo2UkPBmhTqiqiOy2pcFZ206NBJNW3UQqhiGgXw+7+aijo2NAQAWFhZQKBRqRNbh4WFMTIxjdHTMdaX29/ejr6+vRmzzOxUBBDsELQNs9SL45d+BffIW5PULgFEGhKg4RgMcoAAY52CRqJtpKgenIPfeDzl5P5AatwXQZveQ60CsB4j1QAwcBqZQdcqWs0BmAWz9CpgvHgBS2HEArTofHbHVMiHnzgNz58Hefxns8GMQd30JGD4Opkeb38MK9Z6BZkTVeuM3+xw2uy7GGBhngPD1daIBpIRQXjfjhxBVPmui46rYAmZ+ESw+sa1Halv9DAZdzxjD8mvfwanTWfuF1Am88FcnMQR4Xx//DF58/jgw/RK+9Q4wjnnMpz6DF/rewan1FMbn5zGvXgdg+qVv4RU37nEcn3nxeRyffgnfeqcPJ1KncXq+Mt+D6zj1yjyAFE688Fc4aU+O75w6jazat7XtIYg/Su666y6srq7i/PnzNW1HjhzB/ffffwNWRRAEQRC3FySsEgRB7DJmcR2Wme9ojJrCN5HeGmFKzZAMEqUauVTVfvXcge0c/U6lUjh48AC2tnJYWlpGLpfF3XffjXvvvRfzc3OYnZ3FyuoqDMNAoVDA7OwsZmdnkUgkcPjwYRw5cgSJRCJUVA1yMNYcv//gR8Anv7dzTFWRMkxAVF83ypDGGrC5AsydA/vwl2BdaeDAA5B3PAU5egIyNgzJ9aZcmp5r9CiAKBDpApIjEKP3AMe/CGYVgcIisDYDPvs+2NUPOhNanWtz68B7L4Nf+B3kiWcg7/oSZO9eVyBW195oj4NoVnRt1N6MUzWoLTDX1ZKQ8EY/qPEYqDhZLcsCtLQdA1GJhZBSQHQQeQAARn4Jsa5Je/ybimm8cRo48cKLODm0jNe+cwpvTJ/E83gJp67sxQsvnsQQ7Ndfmj6O5wEgm0XfCy/i+SFg+bV3gHng2Isv4vnl1/CdU+/gteXjODk0DRx7ES8+D6DS/+w0bHE0exrrD76IF5+fxkvfegWnzn4GL774OF77zilcOb0MnFzBS6euYO8LL+LkUEXgfWkax58naZUgmuHkyZOYmprCuXPnUC6XEY1GMTU1RW5VgiAIgtgmSFglCILYZcodxgAAtrijZgEwPRko9HDOoet6qAjkjwjwZ0wGvR7U3iqMMYyOjqFQKKJYLGFpaRnT02dxzz33YGr/fpRNAxubm25hKpVoNIpIxCv6Ob+qgnONA9cs2w7V9/8J+PiXtiDZKMO0Eepx+3wG+ODntsg6uAc4dhLy2NMQ/Qch9URD8ToM9x4jXUBkP2RqCmLfyWrBq7kPwGbeAVs8D5lZBcrFSscWhdbMKtib3wO78Abkg38OceRzQKI/1Mmsrq0Tmrn/Rk7VMMc1UHXC+q8XQrjPixML4PZVilhZMgKhJcGtjNJugfH2j/KXs3OIDz3Qdv8gWnW/Bl0v5TEcG38Fr5z6Fk6nTuCFb3wTg5BYfj0LZOdx6lunqxefnYY8BgApjAzK6h9pqT4MSgk5OIIUrgCQ9rjHJKZf+jvXtToO21kPjOPYMQkpB9GXAnDsGKQERlKwey8vIoss5k99C9XZz2JaHkM1JZYgiHpMTU1hamrqRi+DIAiCIG5LSFglCILYZczCUuOL6iClAPOJIhJVFyoAcMag67onX9V1r6L6fdhx4E4dhM2Irpxz7NmzB5lMBmfPnsXS0hIuXryIvr4+XLt6FaZp4siRI5gYH8fK6iqWlpYwMTGBgwcPusKquq66FBbBTv8Y7O0fAusLtqAaaT8nM+SGAF4Zc20B+O13wP7wz9COn4S458vA8HFATzTcQ/XXurm1egIYPAo5eBTyzueB4iLY5TfBT78Cef2iLfRaZvMCqyMSL82A/eT/gnb+DchP/yXk+L22qBu0hgp+J2uz7WFu47A9UPcizFWtCqZBqLmqTjyG4xwN++EEtC4wRViFEHZxsTYxcte2RZRuh8G+FLAe3n7sK9/EMazg9b8/hVN/dxqpEy/g8wAw7i14BQA4ezZoiFpWXsffnzoNnHgB3/wK8Prfn6q3hADG8ZlvfoWEVIIgCIIgCOKmg4RVgiCIXaacvQagfceqFAJqvqrQe1FKPwpUilVB0zz14Z1CVkKIUDHVX4jIf129HEv/ket61zg4QlgsFsOBAweQzWYxMzPjyYHbs2cPDh8+jIGBAUzu3esRw2oquofNYRWBpWmwf/se2Lnf2g3bLagG4YispQLwh38Bn34NuPNzkPd8GbL/IOAreBXmwvQT6tLUIpBdExB3fA3iwGfBFz4AO/cqcPldYGMJsIzmi1/pEVs4PP87sOVLwMNfhbjjOSAx4llr0NF79feN2tUxgo7uB+1B2HOktoWJqk6b86WOwzm3HapCwDJNGKbpWaPVdQhaedG9XggLvIN/QpWz1+pm1rZDs47VgeEUcPospuVRW6hceR3vzAOpowOQcho/+vY5HP2vX8YTX/+vGP7Rt/GulBgYSQGn38Fry0fx5OAKXv/u93F18s/x9ZHq3PYPdwDboSpdP2r19+N44IkByOXXcSULpKR0/xR0rrG72+5X9/cDw0jhNN55bRlHnxzEyuvfxfevTuLPv/4kBrdt9wji9iObzWJhYQGrq6tYXV2taR8YGMDAwADGxsaQSqVuwAoJgiAI4vaAhFWCIIhdxsjOdaKr2sKqojdJLWGLphpcJ6qmHP9Xj0RrmlYjmqrHoZ1fGwqWLbT78ben02kcPnwYhUIBi4u2eDU4MICjR45gYGDAcw9BmbD+NbjtZgHs4mtgb/09sHC+vWJPneIIrIUc8G+nwC6/C/6pr9jH7NPjje+hhXb3ungfrP0nwfZ+Gmz5LPjF3wDnfgssXgIsNCewOuveWAT7+behzV2EfOSvIfoPAiG5se2K69vV3gqMM2jQXIHVGVdIu3CVMz7nHEIIlPURRNXPnBAdfYaN7Ny2O1abjgI4+iV8bfF7+MG3v41XKy+l7vgavnRUQsqj+NJT5/B/O22pO/C1Lw1AotLn+9/GGQAYfwr/5YkByHPu5LawqqzFXY2UkIN3YDL1A7z67W/j1dQduGMcuLq4DDmi9nd7K0kplTV9bRHf+8H38W17cjz1X57AgDoHQRAuMzMz+PjjjzE/P1/3OrV9fHwcd955J8UFEARBEEQbMNlqKBdBEATRETO/+iaMXP3/4amHWS5CGGX3eyNxBFsj34Cu6/aXpnmEVabEAmi6Bl2rRgQ4qFmrYU5D57pWxa5mBEPLstz/GcxkMujt7cWdd96Jffv21eRfNrWG4jrYuV+Avf3fgeXZ5t2aO41pZ8bK4ychH/lrYPg4JNe3ZQ9DxzALdrGus7+yi3WtXrNFZt0bpxCKELbj9eBDkI/9TxBj9wB1MmOD1rhbz1FwbmjVqWpZFoSsiKlCus+eYRiwLAuWacK0LDdf1b59AV6YQffCf6uuj2uIJJLN7V8IB77wXRhie36+ffr0aRw8eHBbxiII4ublk08+wfj4eGBbqVTCL3/5y4aCaj3Gx8fxuc99DrFY8MmO+fl5nDhxoqUxf/WrX+G5555re00EQRAEsZNkMnbc13vvvddy3/vuuw8AOVYJgiB2FSksGLkFdGZZlZ7CVVLvtt2oTo6qcrTan+PJGfccvfbnr3qn2VkxTG3jnGNiYgKZTAbnzp3DxsYGzk5PQ+Mc4xMT0DSt+TVkF8A++Cewf/+RXfG+3aP/jqDofm9VczWd3zvfN+uGrRyzZ2deAVu/Bvnwn0EeeAKIDwfen/8eWxVVpZSQPAbseRhs8Aj43vvB/vBDYOY9W+RtRlzlHEAE+OT3YPkN4JFvQB48CRbrbjj/drS3swdBuM8a45CQEFwAoiq82qJr9XlU3ayW1mO/x87xdo8/sz3KuWvgyf1182BbgX5OThB/3PziF7/AwsJCR2PMz8/jl7/8ZV0hlP6sIQiCIAgvJKwSBEHsImZhBZAdCilCqEkAYFqXfcS/cszfL5K64qkWnK+qXlevyFArx/vb6Z9IJNy81dnZWaysrmJmdhbpnh709vY2J7Zl5sH+8N/B3vuRffy+WVemiiqoahEgPQDWOwJ0DwB6DDBLdlsxC2wuQubWgVIRMEpVwbWeQ9YRKhfOg/3iW+D3XYP41F8A6fHtF1WVNhnvgzj0NNjoCbCP/qUqPLciri5+Au13/w+kMCGPPQupxXf8OWk1IsF5zflVzeZVf8ggLQlLVJ2pnPPqDy0YA6SEVWkzkIRkMXBZdCaFFLLuvTainL2GRPeBtvurJBIJEjsI4o+cTkVVh3qOV12n/3UkCIIgCD/0tyNBEMQu0mnhKsARjRRBR4u7R/udo82MMTdP1Z+rqgpJYZmlKu06Uf1RA2H9VXp6enD48CEUCnlkszn09/cjkUg017+wBvbhP7cvqjqCalcamHoUmHoAcvgIzHgvBI9Ai3WDa9VK8FYxBxQ2oBl5oLgJtjkPtnQRuPYxsHINMIrhIquSvcre+xE4AHn/f3RzV5vJU21FVHXbeBTo3Qfrof8ENnIc2u//AbjyYXOOW84BcGDlKtg7pwA9BnnwSbcQVye5sO32D2pXRdWgOdR+/mu4pgGMue5VtciV5HHAKimTi4qLtT3M/NK25qyapkmiB0EQO4apFPUjCIIgCKIK/QucIAhiFzFL6x31l1J6NFUArpgkhACvuO08x/9Djvo77dvtIKwnqDbTf2BgEEePHkUhX8D4xERN1lvgGq0i2LlfgX3wcnuiqmkAkShw7HHIu5+FHD0BGRsGtAg0xqD5LpdSgkV7gfQeSEfQswxY5RxQzkLLXgf75HfAmVfsTNOwolF6xBVXEYnb4mqi33tvLe5hM8fiWTQJ7H8UMp4E+7fv2dmrQjQXZ8A5cP0i2LvfB2I9kHsfrlvwrJ172I726nK557i9K6rC+wz5s3z940utCxCbSrsAQ/vCqrGNwqqu6ygWi0gmO8t9JQiCCKNQKNAPbwiCIAgiAPrbkSAIYheRVrkzw6rwulWF3o9S+lHb8Vg5umxnqXpFLsuywCWH5NIWWn2CUD13n9MeJGg2EvFU56rfSai6C9U5dF3HxMQeAICmaZ45ahyGnIMJE+z8r8He/gdgY7E1UdVxqQ7ts/NODz8FERuCZPZfj8znvg27X1vw1myhMZqG2T0BOXgM/MSfQlv4GOzDn9q5ppZRK7A64uqbfw9YBsSDX4eM93nm80c0NNpDFf/75LbzGOT4p8CfGQd76/8Fe//l5sVVALjyIbTId8GiCbugVZ011HsOPHsY8Puge1R/Db0/oCYGQN0/KaQruGqaVi1YJSWEZXkyVjnnMLsOQ9+8Xl2HADrQVSHN8rYJq/39/VhcXEQikdiW8QiCuPX427/92x0dP5vN4siRIzs6B0EQBEHcipCwShAEsYsIY8vjlGsVf1/JI57j/44zNcip6h77R/0j2TVzhoiqQdcFtQcJXqqjVp3DwYk2CBvf6SuEAF/4CPyDHwMrV1sXVQHgyGOQn/5LiLF7PJmhQffgf73u+iJJoP8QRO8U2IHHwK7+oVo4SljeteoRwCiDffxz8L5JiDueg+S6Z+wwUbee6NtoD8EjkD17gcf+MxCJgf37PwNGufE+cg4IAJfeBRuYAO8fh4wP152/0dpC14j691h/mdXn3xFKhRCwhC2cquM6zlZLCLeIlccJq3X5V9rRZ9kycm339ZNMJhGNRpHP50lcJQhi21ldXUVfXx85VgmCIAgiAPrbkSAIYhexjK2Ox/Aetddr2nRNg6br7tFmVUByRFXVwecXZZ1xmhWzmhG6tlsQdNp55hr4ez8ELv/BzjNtBc6B/Q9APvLXEGP3QDDNLl4UMH87uPfHdcjEENihp8Em7we78CrYO98Hlme92aZ6BMisgH34Mlh6DHLvw57xgvZgO/YQAGRqDPLRvwaPaGDvVMTVZjJXTQPs3O+AwcOQJ56D5NXYhnb2MGyNYS7XhsKxr011AGu65rpWnc+BEMKTq+rMIaWEYLFtzUSVwtjW8fbs2YNLly6BMVYTn0EQBNEuq6ur6OnpweDg4I1eCkEQBEHclJCwShAEsYtIq9xZf//xaabbx5mZqLo8GxQI8udhBl3jF7T87WHr8bc71+TzeczOzmJ9fRUjIyOYmJh0nXXtCoLMKoKf+RnYudeaK77kZ/8DEI/9je1UbcKRWo9m3JiCaUB8EOzO58EnHwR7/5/APvqZnQnrrJ1zYO4M2MVXwIb3Q8aH646/XYIjAMjYEORdX4OWzdjraiYWQI8AG4tgH/4E6NkDVMTg7RSmm22vd4+qWOrpp/xWPfbvXOf0sSzLjnrwztjgDurT6Z8FQRw4cABXrlxBsVhEIpGAruvbKt4SBPHHgWmaKBQKyGaz6O3tJVGVIAiCIOpAwipBEMQuYmesdiDI1PQNFr4cBx5gH4fWNA1gzYlV9TJRGxEmdpmGgUwmg2vX5pHPF5FK9SAejzfd34+UEnzmbbCzrwClQusRAAeaF1X97f68zqB+QcK0ew2LQPTtB3vifwEfOQL29veApVm7jXNACLDL/w42cT/k0WeaPkIf1t6s+A0AsmcS4rG/AQeaF1e5BsxNg3/yKjBywBWDw9YQFAMRtK5G7WHjh/X1tFec2xaz3M+K+l46P4AQQrhOVlP6nleJjj7LVjm3I6Ln3r17sba2hlwuB8MwUCqVtn0OgiBuDJxzzM/P7+gcznH/SCSCI0eO0PF/giAIgmgA/U1JEASxi3QcBcDgcaQKHoXkcfv4v5JLqrrveIAwph6Jdq4JE6NaFbOC2uOJBFKpFHRdR1dXF7q6ujyOwEaCpv8aXloG++R14PrF1kXVwUnIu74AOXKi7vr9awgq5hVGU/EIWhzi2BfAeybA3v1H4JPfV4/gr82BzfweGL8L6B4NXZ86V6t7GNZfpPcA934FWnbRXhMi9cVVJxJg9kPwPe9BHHwSUquKkI1iIMJoNku10T363apOQTTLsmpMp/5MVmd8JwpA/ezJDjVRsQ2xIGH09/ejv79/x8YnCIIgCIIgCMKGhFWCIIhdxDJyHRW8qYH5jvpWKppDSnDNPrrsKcCjdg0ocFUdpnkXZ9A1anu5XMbS0hI2NjYAAJnMBlZXlxGLxxDRIy07YZkwwc++BnbhrdZyVYUAEt2wTnwe1oEnwBpkqtZzy/p/367oKZkGMf4psCeHoHV913aJGvYRcXb9LPjSeVgVYbXV8f00e4+MMWDkGORdnwfLLNpFwZpxrS5dBjv3OtjgIcj+g4HjBwmqne5h0PhOmz8v1d83yKnqund9fdX8WPe1Dj7Lwip55iMIgiAIgiAI4tajxUA6giAIohOkWa4cIW7/Sz2ODqZ5xFEhpVvRPHD+BmKTc41Dp6IqAGSzWVy4cAGXL19GoVDA6uo6PvzwY3z80cdYXFxEoVBw3bNhY3hYvQh88iaQWWk5V1UefBTy2NNgkWTo+oPmDxP9wkTrejEBQeOjdy/EQ9+AvOs/AJEoIAWweR1scRq8tNHU/P61NBLs6r3PgsdgHfg05LHH7fWYRt2x7AgDC7j2Idi198CsYlt7GFaQq5P3qBmcuAx1blHzWdE9nz0GdPQ53omMVYIgCIIgCIIgdhdyrBIEQewiUmyvmMK5LQY5x5ZVgVXzC21CwoIFreLyrCmE1YIQ10o75xzd3d1IJBIoFAoAgEwmgzNnzuDChQsYHBjAxMQERkZHkUql7DzYkLGZVbSzVec+bt2tOjgJeehxyJ7Jlu+hXnuQmOl/P5oZX/ZMQjz0jWq+aSEHtnoFLL8GGe9ruIawQlbNzB10nYwNQRz8DLTrl+xIgEZ5q1wDNpeAuTOQ+x9zIwyaWUeQmKruoSq8N3MfQojQglXuDxcga37QIKV0nap+YVfy7f0nkxQmhEX5pwRBEARBEARxK0OOVYIgiF3EKufQmWUVqAStAmCQLOIRgYQQ9hH/iqjquPCcNge/u9ERosIILQLUqEgQY+jv78d9992HJ554AnfffTfGx8eRSCQAAIZhYOH6dXzw4YeYnZ11C26FrZNtzoEtTAOFXOtu1X0PQux7MHD9YfcQVMyrmf5BEQvN7KFI74H16f8EefQpwCgCK5eB9WsN19jsPdSbPwg5fBTy6EmgZ9h2pNaDc0BKsOvT0BbPgEmzqTma2cNmnjOn3S+I+vODHVFV7ev8cMJxqjrPoVrISot0AdCgfv46tZ+Ta5UgCIIgCIIgbm3IsUoQBLGLSMsAgrWh5vDrU1x3BSFN01wRiVV+dYQkVVwKElX9R/FbqTxfT+xy2nRdx+DgIAYHBytxAKtYXFzE8vIyMpkMdF1HIpHwVB/2r4FJE3zhY2Bhuu7aajANYPQQ5P6HIWO9Td9Dp+3+a5rtL7tHIe57HlpuCVi7ClZYB4QByWr/ym5WcGx1De5rWhxi7E7w4UNg6wvNuVaXLgNX3gPb8ymgCadtvfZW7yGojXPuPuMeV68Sq+G6ZC3L8wMGtS8ASM7A1GV2GI8qLQOM6ZSzShAEQRAEQRC3KCSsEgRB7CLCKnVcvIpBFUVZjRNV87klVScrQ/s5nOoczbSHjZ1IJDA5OYmJiQlks1msrKxACIHh4WGPQ7Gm/9YKMPcxkFluza3KNcjJ+2CN3VkjMnd6j/Xus941jcRCOXoC8rP/K1Beg9m7H0JycF+XZgTHeu9vs/coeiaBibuhzX1sO4XrwbktZK9fAzLXIWO9oevodA/rtQe5hd0v2D9EkIpCqkYH+ItWOf2FWQYDB4P9eZOV/zrBMnJAJNHRGARBEARBEARB3DhIWCUIgthFmBbd3gGl7bBzjvzbBa2qwqZlWWCMQdf10CJTNc7QJo++B9FKdXrGGNLpNNLpdMM+AMDWZsFWZxq7JlVMw85WnbwXSPTb+aW7KKo240QMvIZHYA0eddv8d9uKOF5vfc30l3oCcmA/0DMKFC42N/7SRfDrp4GB/RA81tb8rbhx691Do2JtNeNyDk2JBthJtEg3wgM4CIIgCIIgCIK42SFhlSAIYhfhPNJ5FIBHuzSrOZDKsWbLslxnppNVqema6+Tzi6pBWZT1aKVdCIFcLodMJgMpJbq7u5FKpTzH/j23GCDOMqsIvnoJWJ+rO2/gWsbvghi/q2bsnRBVt1swbKd/vTHCxPWwa5yICNY/CfTvBa5fbC4OILMCsTYPyzLBAoTVRmxHFAVQK6o6rm0ArtvUU8DKFw2gtjMpwWBVP39q7HGbMC0CaVIMAEEQBEEQBEHcqpCwShAEsYvwSBLbqawyaQuomqaBVYoHSSkhK8KTpmnVrtJbdd0vqrqXdSgIqu2ZTAYXL17E3NwcCoUCACASiaC3twdHjx7F6OiYZ+6wOVhhA9iYA0pbIfsSgGkAkSjQvwesq8918obdw05HJPivadTejmNYvaaTe/C3mfFeyN4J6F1poNhcHIC2cRUyswCr70BT77HaVm/9zexRM/cu4S10pfZ3YxDUbFbhFONS34PO/LJICwIAACAASURBVKaMRwE0KApGEARBEARBEMRNCwmrBEEQu4gW6d7W8RiqRauklLAqDkPuE00dFytgO/U4q62UzjmHZVk1Dj+/y1V1AdZrz+VyOHfuHGZmZmAYhjumYRjI5/PI5wu4804Tk5OTnjGCXIY8uwi2OgsY5dbyVUePQIzfZR9HD1h/O/cY1t/v0m1mj5ppD5qj0T20ssZm5teiXdCSfbYbtdkohvVr0NYuQfZMQCC2q3uoCqJBIquUEsKyc1X9zzwAyMrrajuXpcb33AKMR8D1GFDOb+u4BEEQBEEQBEHsHiSsEgRB7CI8kuzIsKq66ezvvUIUYLtUOWNu7qqDI65q0CB540X4naz1xDz/NZZlYXl5GYuLizAMA4lEAul0GqZpIpPJwDAMbGxs4OrVq+jr7UW6pycw05IxBo0J8Mw8kFlscpeqyJ5xyJ7xhvfgqQyv7KOfVvZgO9qDrum0PeiaejDGwHgE6OoF4t1Abr2pfti8DrE2BzklOlpfO+0AakRV1YUqZLVYldPXed+llBCKKFuN2hC1UQodGFa5nnTnIwiCIAiCIAji1oSEVYIgiF2EaZHOKolL6TmIrKMEDWVYll0Uyyu61rr87OJWwVmbjqPV3zfwPhqIXYZhIJPJoFAoYHx8HCdOnEBfXx8AIJfL4fz585idncXm5iY2Mxl0p1KhYpswCmC5VWiNjqB7FwNwDSI1AtHVD4bWnKrNHrm/mUTVMGE6bI5G77HaX4JDRpJgepN5qVwDSgXw/BqkMEKf+J3cQ/976DnW71uQ65aVEsKyPC5WNzLDf2S/EifQNlqERFWCIAiCIAiCuMUhYZUgCGIXYVq0wwHgyQoVwoRhGBDMFpd0Xa84DGsLUakFrPzOV/91nYpdAFAqlaDrOkZGRpBOp90+6XQa+/btQzabRaFQ8Ai6QePzUhY8c721fFVhAd194OlBSK7VyF9hTtVmCyHtlMvSv76w/o3G6HT+QAeoHgMi8dA+vgHsjNtCFjCKQKy5NWznHjrXANVnWypiKKu4up3ogKC+av8Ict6c3sbae124FiVhlSAIgiAIgiBucUhYJQiC2EU0PelmfbaF35GIirOOVYRTRSxUnXuO4Gr38QpG6nHn7Ra7CoUClpaWMDg4iL6+PlfIMowSTLPsWUPY+LAMoLhl56s2C9eArh6IaAJCWJCs9czUmiHriHg7LRi26nRtdX3ONY3uE4y3lHHLcktg2UXI7tGGY+/0HnjWVRFV1RxVy7JgCQHhiwdwP0fS9/xJdPRZ5npX230JgiAIgiAIgrg5IGGVIAhiF+HRzopX+XUcKQwIywDXEnamqk8wdHJC/XmTfjEz7Oh7u2JXJBJBT08PEokE5ubmsLW1hfHxcXR3d6NcKuDqtWtYXV13XwsbHwBYeQsoZe1AS9akqCcsINYNnuyHYBwi5B6aFVXDRMfdzlzdCSerQyPRk7XiWHUwivaXMk7QXDu1B6owamenVnJUEfx58I/jRAQIIcBqild15jbVot3kWCUIgiAIgiCIWxwSVgmCIHYRpkU66w9fjioChFGn8A4AqRz7Dzv67zpZ6+R1tip2RaNRDA8PY3FxEYVCARsbG9jY2PD0j0QiGBgYQDqdDr1fIQTY5nWw3DKgtfhXViQORLsBprctSLaTR9rO+GFsh6ja6B7qOVXV8aUeg9RjaOkEfGETMr8By7Lqzr9dbtwwVGe2M4+AgLRkNU+10u78MMJxsjrj6yj6PnusI2mVRzr7IQtBEARBEARBEDceElYJgiB2EcY7zVX09o2IVaSMD1FMPOm66yxHCAPAhHBfd4r2CCncYbjiAFWzJlUxLqwIUBhOe09PD44cOQzGgKWlZRiG4V6TSCQwNTWFffv2uTEFoaJkJA5o0UpBquaPoQOAKRlMycB9amCrRaKcvfFf4+xX0B61uoeNClH58c/f6B6C+qvtQffn2SOzBGb6XZsNMMv2F7ZnD5sp1uXMZZqm14kK771apuXOYVmWHQHAGASqQqwTESCEACvOe+byu8BbhVHxKoIgCIIgCIK45SFhlSAIYhfRosmO+tvikN8zqBazCnYnOqKUI65yzsHA3EJV/iI/ap9WKs+r7ZxzjI6OIZ3uwcrKCtbW1lAqlRCLxTA4OIihoSHEYrFAQTBMbGuHVp2krbpA6+1Bp3vYaI1B82/HParH5wF4npGm4ZodA1ApOhYa9bDNe6gWovI4VSU84qrTpl4j7QZP7qrzPHJRgPpZkx1GATDeYSE7giAIgiAIgiBuOCSsEgRB7CJ6vB8dZTNKu6q5V+SquutUnGPNak4kAGhM84hy1aHDhSygfUEwlUohlUph//79LQt+AGpyOpvGKEI3smAwIFE93t3y/A2oJwjWa2/UP4x2RNF2nayeZ6TV94FzQJiAWW4pSqLRHgbhbw/KFAbs4/tCCghLeD8TzvF/y4IIGYOj5P2ZhhTo5LMcTY6QY5UgCIIgCIIgbnFIWCUIgthFounJzgeR0lvEycq7GZYOEV0HrzhUnePXqgtU45pvSFkj1qlsp8uymfZ6BbWaxihClLYghAWmdS6aBq2xHeHZf487vYediOM1gqYUrUUyGGUwy2j6Hprdg3oRCEF77HenBsUMSCkhKj+gME3Tkwsb0wU0lOBxrCrO2HaIpic97lqCIAiCIAiCIG49SFglCILYRSKJAXA9CWFstT2GFAJcEUaZlfdkV2qaBuYTmoQQrisPsJ17Qcf/3fYWBcFyuYxi0XYzxuNx6LqOYrEIwzAQjUYRjUa9hX/aONbdMsUseDkPyTVYHQrD7RRQupGi6na3CyHA8htAYTN0D5phJ0VVVSwNwhZOhcdk6jxj6tF/p5iV6tyWRg5cGspYoiPjOQBEkqM7Jqyura1ha2sLpmmiVGoxF5cgiJsWTdNqTqdsN7quQ0oJXdcxMTGBaJRiSwiCIAiiHiSsEgRB7DKx9B4UVs+2P4CUgCJS6ihAQxlgCTcLkzEGKE495zVN08A1b6ZqUHGgVgXBhYUFnDt3DolEAsePH0dXVxemp6exvr6Ow4cPY8+ePZ5j3VJKFAoFAEAkEnHvxT8+5xwsmrALWLXKxiKwsWivH80LikHX1Gu7WUTVVgpZtdquMQHNKrqFqJomEgWLxJqaw0/YHqrPaysRCgA8kRk1wn3lBxBBrmlN5DyfOSkkOlJWGUc0NY5CafsFkqtXr0LTNHR3d9s/ZOnU+U0QxE3D3NwcxsfHd3we0zRRKBRw6dIl9PT0YHR0dMfnJAiCIIhbFRJWCYIgdplIei/yHQirQgp4DvJbBQjLANcSrtgkFZGIMQZd16silqy6VCUkGLxOUneeBoKgg5QS5XIZ+Xwe+Xweq6ur0DhHqVTCxsYGrly5YrvnjBLyhQLy+SJM04RhGBgaGsLRo0eRTqfdOfyCHysXAKvc/PFzwC6cJAWwtQrk14HkSOj4zRaqaqa//5pGgqC6h/X2OGx8dY6wPNJtKdZllsCKWWitCqtGGdIo1d3DRmsI2kN/bixQPwLAaXcKt/ljAIRlwaw4VdX+zvwxueSdS4iODKuRxCC4nnALe20Xs7OzSKVSiMVi2zouQRB/XOi67uajr66uYnV1FQMDAzd6WQRBEARxU0LCKkEQxC4TTY50Vr/KEp4iOhG5grT1MfL88eo1SraqKri5TlUohXu45opVqpjUTBEm56u7O4nu7iSWl1fw0UcfIRKJwDAMGIaBa9eu4dq1a4H3kkgk3KPKoYJfJA7ocTvbE2hOYOUcMC2w/5+9Nw+S4zoPPH+ZWXd39X2hcd8gAFIkwEMkJZKSbMu0LlIjSx57JY/tHUmWduzxWHvMrGIdsatYr0PWbsxsSLIVs/ZYGo+99EHSF8bHUqRpyaZ4kwBBXELjaqDvu+vI4+0fVZn1MjurryoQ1/dTdBCV78iXr6oB9a+/932zlzHmR6Glf93Csh5riUSNRgTrc0Ql3/Vy/F/vYxZmMGevrF0EJlMoK1l3H5u1h9Fn0H9BEPySYUnRt1oEq6vnH7as0Lpc1yVVOhP6nlNeY6kAki0Da873uxLDw8O0traSyawjulsQBKEO3d3dTExMYNu2RK4KgiAIQgwiVgVBEN5h0m2bacTKKM8NRZlCTdCZphkquqPLG18SKaWCfKt+VJ/f7v83TlTpx6ijMqyrq5u+vn6mp2cCoboSyWSSZDIZmituftXSDS1dlQhUYw1RqwCzI1hzl1H9B/DjfHURp0dB6vfX90Pfh+X2wCcqnf325cbr96w3/0rjo8+wUnu9Z/CFe2isvYixMAWus/rIYc8DMwGJVOge693D1T6jHqnq30t/z/3vFc/zKkWqHCfIsRr9fvEjqw2vFPqeU55LI9/D6SYXrlpYWMC2bTo7O5s2pyAIgk93dzfDw8P09PSQSMiPj4IgCIKgI/8yCoIgvMOk2rY0OINCeV6oQBWaRIKagNJzrkZFlWVZYLAkui8uQjB09xghmEql2L17N+l0mnPnzlEoFALBms1m6evro6Ojg0wmQyaTIZ1Ok0qlArlabw0AykqhEhmMtUrVRBImh+HiUYxt92OmO+oe3a/3jHFtK+1TnBBcbrw/hx+FWU/KLkdclOZKUZz12mPXPT8Oc6NVWbpasepCMoNK5YJ76Kx1D9fzjHqkqv5LBKjJW6+O3A3ku+dgqUJ47Q1K0XTblqaK1enpafL5/LIR2YIgCI3Q1tbGpUuX2Lp167VeiiAIgiBcV4hYFQRBeIdJtQxUClA1gFIehlHLtGqoYkiq+hGptf4qFMnqR7dahhXI13rRg9F56smwTCbD7t272bVrF7Ztc+HCBc6ePUtbWxt79+6lo6NjfbLMSkJLB2RboTC/to3yXIz5MZgfx0u2he6xGmlary26T+sVgisJxbWI3XrrX2t7dI8ShsKaH4G5sdg9qYtpQSqLkUzHzq8X2/L/q+c/bUQML0ll4Q9VYHhG0Mf/nrG074FAuFb/m7ZcLKOMP4lSqhqxun5STY5YdRyHTCazooAXBOHWY25ujnPnzlEqlZifn6e1tZV8Ps+GDRvI5/OrnieTybC4uHgVVyoIgiAINyYiVgVBEN5hrHQeM9OJW5xa9xye56HHpiW9aUxVwlHJ2KI+UYllWRamtVSo6qxGCPrXo+3JZJItW7awYcMGEokEqVRq3bLMS7fhtXRjWck17xOmBedfxTr7fVT7RlwjtWz31UhVf236GutFqa70jPr1le4f194sqRondoPr5VlYT35Vz4V0K2TbY+8ft4eO46x5D+u1K6VQkeP6nls5/u/fxzRNUApHk6mu64bSB6SNCQy09AkNFq4CSLdvCe7ZDAzDkOO5giAs4cSJEzz33HOxbel0mne/+93s3bt3VXP5f8c06+8tQRAEQbhZkP8XLgiCcA1It21hsRGx6jiQqhWpMZxZPKeMkUhVpKl2rNyXqn5kqmVZNZFGRFJRq7geV0AIlo9w1PukUilSqVTd9tXKMs/K4OV6sDKtML/GPTNNWJiBKydRc6N4rYOhY/eruX9ce7TPWqXqavewmZGoK0V51nsO5kZg9AyUFlefBsC/Z7YdVRWrzd7DldoNwwBFIFf9vKpLqM7hC9VoTtasN4xeucpznTXtwdL7mSRzfZQWmhf5VSgUJFpVEIQQQ0NDgVTds2cP27ZtI5VKUS6XGRoa4uTJkzz33HOk02m2bdu2qjkdp8G//wRBEAThJkTEqiAIwjUg1dLPYgNRH55TRvcoKabJu0eZS94fyCa/eJUuk0JCUYHyNBFl1qIXo/kofa5WLsyVxC1t/ZWv8Qur3KHIui++jnHxddg3uKStWeuPStOVcqa+k3u4luP/eruFR2JqCGNiaG35VX1SLZBqafoeruYZ/T4o8JRX+bzHiWPtWvQXEUopUuWh0Pea59gNpfJI5QfXXoRtFYhYFQRB58033wTg8OHDHD58ONS2bds28vk8L7/8MidOnFi1WBUEQRAEYSlS5UAQBOEakG5vrICV8jw8N5zn0VDlINJUKRWKwNOPduviNJSLshqtutqj63EyLDo+tL6Y9lULt1wXqmMQkqmK4FsLiSTMjpO48DLJhcurer7oEf9664ubZyUhuOTZ1rCHcWtohnSN5iQ1TbMS2ewswNgZmBmpu55YPK+ShqGls5IOYJn1x61zvVLV/4ruY3S8/30StFdTAOhjK3mKFQlvNvxojr22vYjQ7MJVgiAIcVy+fBmAgwcPxrb718+dO/eOrUkQBEEQbkYkYlUQBOEakO25DRrM1Og5NqZV+2s8paYwVQnXDUuraCEr/0i0L5BM08RKWEsk1ErCr54wXKmtXp/lhJ+b6cTq3IyVbgG7vOy89TDOfJ9E/1648ydxMZc9el5vD6LrjxOScePjZN9q9qmZ0rRelKqef1d/ftd1SUwMYQy/BaVCRVCvhWQKsu2oRGZJjt+49fnt+h7GPUPcHi4pVkXtcx58hrRfMvjjXNfFdhxsx1mSKkApRdodx8TGTwXguW7DhasyXTuvynFaiVgVBCGOdDq9puuCIAiCIKwNEauCIAjXgFzPAQwjhfLWJwkBXMcmkckGry01D8RXvdcjAKNHnVc6lh2N7tP7+DSSK7NQKFAul8nlcsEPelGhqRJZvLaNWK3da8+zWnmISq7Vcy/C5rtQXbuXXWOcFI221xOCq2lv9h6u1B6NVo6uMdoG4JXn8S6+XsmvulY8F/I9ePkeXMdBmVbdFAj6+peTpquVqrrY9lStKBUQiuZWSlWO9EfWoM/byhk9vSqeU2709yG09N+J6zYmZ+NYrVh9+6lv8Mxw+Fr+wCf59MM9TV9T83ibp77xIp2f/DTX9TIFQRAEQRCEWw4Rq4IgCNcAM5Em23sbCyOvr3sO1y6jW5+EO0Wu+AozqXtRqlLxPJFIYJkmpnb0X8eyLEyrJqs8zwuK/eiFrNaar1NnOeE3MzPD2bNnmZ+fZ8eOHWzatKm+EOzaDF1bYPSH69sw08I49wpG99/AoW5UumPJPfT1rfZY+Vrbm7GHK7XHRdquJG51lFIkZi+RvPhaRWSvNVoVUF1bcLp345rpunu00h6vJ9o39IuBarNpmoGADaSr5+FWv3S5HLS5LonSOfTvMdexG/Kqhpkk13uAhcX1/0KlKQy+ny88tq/y5/Hn+M4TR3jugEhLQRAEQRAEQVgrIlYFQRCuES39d7Iw8tq6xyuvcizZ1I/6e0Vc1w0klGmaGKaJpxTKdeMFlqfArFVPh4pUXSkPJqw/ytLzPEZHRzh9+jRjY+MAdHZ20tvbSzKZjB3vtg5g9O7COvsDKMyvvZCSaYJdJnHiuxgdG7D3PopnZZaN4vT36moKwUYiURttrxvJWp7HOvdiJQ3AWvE8MAzc1n7cXM9Vl6p1P2PKCyJD9aJtQXoA7X3202WEUgc4ZZLMoX8bVH6ZsX61muu9DUUCpUrrnqMea00FEPTvPcCW/DGmxg2MXjj+5Ne1iNZB3v/Fx7mN4zz59WfwLw++/4s8fhuMPfttnjg2V7mYP8AnP3OAY99+gql7Ku3Hn/w6L3Z+ks880lvpO3UPX6w08HX/JoPvr117EQYZZjj/fr74eA/PfvsJjs0Bg4NUys4ZrPExBeGW4U/+5E+YmJhYcv1b3/rWimP1Pj09PXz84x+v23e5X8oJgiAIwq2IiFVBEIRrREv/nQ0fK3btMqaVC15b7iwqEZZR/tFnPR1AIpGoRKuaJoZp1AQrYJhLZRs0JlX1dqUUFy9e5K233mJ2tlIYKJvNkkqlQvdbcjTdyuD178Pq2QYXjq5vw0wTpkewTj2P17Mb1X/7mp/B77NW6droHq40vpntqamzJIdeWF+0qudCaydG9ybMVA71DkWq+m2VSFQX5amQUA21Ow5OJOdqNCdrW2IMy9HzqzqoBo/wt/TfdVXSADTE2DHOz+XZ0gNwHPZ9kS8+DjDGs99+grePQ8/IiwyHBOizjN3Wzz8cgwOf/CKP9Fb6/sPxR3jPljxPvH0cbuthhEHyU8cY4xHGp+bId/bA2LN8+5m50LhvP9vDZ/qBuTk6P/lFHu+tSNtjHOCTX3yE3uNP8vVh6LymGyUI1zdxUnU9jI+PN2UeQRAEQbhVELEqCIJwjcj1HsAwG8yzWi6TzNTEaos6R7d6lXnr3eHj/SqcRzMUCeq4gYCKOzYOqxOCcVGQpVKJixcvMjQ0RKlUYmBggI6ODi5cuBBI1Y6ODvbs2cPGjRtJJBLL3t/p3onRu5vEpXVEUur88CUSLT1wfzdufuOS5uWO9y93tH69QlDvo88dHR9XaKre/OttN4pTGKf/Hi68sexal6VzI27XDjwrg1lnD+OeIbSOdeyhH6ka/YWFf7TfcRxc18XT5Ljfrs/vui4t5TdDc7jrLJqm09J/51UpXAVrjCIbfoavf/2Z4GX+wCd5uEeh1D727VMcf7KWh3UQRc+BLeSfqIwZfP8X+MKnAQX7Bp/hmSe+zrH8AT756S/QgwLycH6EsbERzrOPe3ibcTXGyFyeLe/pQY1PMZffwoEehVI9HNiS59jUOKofIE9/j0KpcY6dnyO/5QA9SqH27WPwmRcBhQTLCYIgCIIgCNcTIlYFQRCuEWYiTa53X4N5VktEz8YaBqFIVT1qT49a1UWdUqpyHNoA0wjLrGhF95WEov9VLBY5c+YMp0+fplAoAAQy1WfDhg3ctv82ujq7QnK3nlBU6Q68vr3Q1gvTI2tPBwCVMZ6H8fYzJJIp1OGfxmkdrCs1mxXJWm+8/ozRPdTb34lI1QQ2yaHnMY7/HdjldUSrVtIAqM7NGJ2bQp+1te7Bcnlr4wjGe0sluP+94KcA0D/TeiS13wcgyUzoe6vRNACGmSTXdx3kV4VwjlWd8ef4zhPH4MAn+cJj8Nx3nmAKoOdhPv2Fh+Htp/jGM9/gG88M8v4vPMa+x77APsZ57jtP8MQ3jlWLYO1j8Jm3GR+H/L6H6Rl5kX947hhzbOHRHkCC4QThmrFhwwYmJiYol6+Dv4cEQRAE4SZhHT+RCoIgCM0i138XSitOvtYvz3Xx3HAEnOXOBEeco7JIRxdZuhjV2/SK61D/6LovwnQZNjs7w8jIlUCqJpPJUP7U3t4e9u7dQ093T10BFxW2pmlibLkLteldjW18Nd+qcfwZkm8+hbUwEnq+tUjRuL2oJ57jxkcjNOtFaUbFbdy9l5u/Hn6753moC69ivPGXFWm9joJVeC609+FtPICX7arbbT1Sdbk91sdihH+BEAhVbQ/MyFjHcXAcJ+iTUnOkCP8SwCmVGvpezfbsByO5tsjSNRDdp7pfld5122GQux/qRo0d5fwcoBRjz36H7zw7htr7MX7xJ/eTB5Q6zlPfeIrjqpuH/ptf5H2Dlb5KddORn+PFF+fo6FZ0798M588zl++jWylUdwf5ufMcHVMoNcbR83PkO7rxt0VV59i/Oc/c+aOMKYU6/jbDa3lG+ZKvm/SrEQ4ePMhHPvIRHnnkkYbmEQRBEAQhjESsCoIgXENaB+5i9PXfbWgOp1QgncsHr1PuCIYzj2u1oFQlz6R/xF4pFeR49GWrnotVKYUylv4AZ6hwpKuP/sNeVHQVikXKZZtkMsmmTZvYs2cPlmVx8uRJzp07h2laGIaJ4zgsLixwaXiYqakpBgYG2Lx5M8lkMn7+1gHYeBCGXqzkAF1P1GrlwaEwj/H6X5ACjHd9AifXF7pn9IdZ/Rnj2qPX6v0wvJo9rHf/6LXlxse1xwlLz/NIzZ4j/ebTlfy165Gq/v36duEOHMQ105UI1jU+Y/TaaoSCUtUUAJFrbjWPquM4QToAVVkEqLBU1eVrp3ECQ4tOde0yymvsCH/LwF1XLQ0ArDEVQL3+3fvZnP9jvvvNb/Ld/H72D8KFkTG6H/ogm3//j/jmNyvdBt/3efYq2Pu+E/zWN7/JdwHy+/nERyuCdP9meOutPP3dCkU/zL3F4N17K/fsfoifed+f8Vt/9E3eqkzG5x/qRp0IFoYCuh/6IPt//4/5o2++VStepRQNuiVBuGWZnJwEYG5u7hqvRBAEQRBuLkSsCoIgXENyvQcwrBTKXf+xPLuwSLqlLXidZJZW5w2mjfsCaepHQvoSDZZGPkalm++VDMPAtMJ948ZEsUwDyzLIZrP09fWRz+cxTZNNmzYyMzPN7OwsQ0NDDA0NceVKLbLVcRza29vp6uqKFYKOMjA23kly40E4/uz6xWplEypy9eU/JVlehGpaAH8P4u7vEyc91xJJutL11YyPW+NKuW/9Nr1PavEKqZf/EE48D6a17JbVxfMgncXt3oab61nVMzSj3fM8FCp2nC9XA6mqC+fqtbiI1oxzJpQGwC4urm9PNPIb77uqYnW17P3o59lbt7WHh37m8zwUvNb+FLoeTMbnYybreehn+HzQeS8fjXaKG7fkWnQtgiA0wvBwJXFys4pcCYIgCIJQQcSqIAjCNcRMpMl172dh5LV1z+HZNq5dxkqmgmtJNVO7h1agxzTNUFoAy7ICWaWUwnPDUX+GaWAaaxOXvqBKpTIkk2kWF2coFotaSgIDy0pQKBQ4e/ZsaGwymcQ0DRzHXlZquq0DmNvuxrp8fP3H1n1ME0oFjNf/kiSgDv1z7JYNQfPVlKr1WK9U9a8v1x4dn5w6TeqF38M48XxtP9aD50LfTrwt9+ClO6rRhe+MmNZTn3rKC4SqbduBUA2+D1wX1/Pw6ojnnHeehKpFdCmlsAuLjaRXxUy1kuvdz9zcfMPHeetxteYVBOHmoLu7G4B8Pr9Cz+WRv2sEQRAEIYyIVUEQhGtMy4Y7WRh5taE57MIiVjIdvE574yRUAWW0BlF9pmnium4gp6J5Jv0/BzkuTQPLtNYtBLPZLG1tbUxMTHD58jCGAXNz8wwPDwfRqT7ZbJaenh4GBgbo6+sjm80C9YWcY6Twtj9M6vIpEq89vcbdiiGRBNfFePkp0tPDJO79acq9B/CsE+jY2QAAIABJREFUzJqEYNyx9WZL1WYIydDx/5f+C5z6XmORv54HpoXq3QldW4N7NPqMfp+V8s4GvxhQHihC+YH1Xxy4Vanqpwfw86rqc+fVKaD22ikVUJ67/r0BWvvfhect/Ww0i2w2K7JDEIRl8cXqhg0bVuhZHz+tkCAIgiAINeRfR0EQhGtM+5aHGHmtsTyrdnGRTFtHIIiSzNPuvcGs+Z6QVPKlqfI8sGpHvv120zSxrPij4NEcmXHtutzxZeno6Cijo2OMjo6F+ieTSdra2ujr62NwcJCOjo4gXYF/n3pH2w3DgGwXaucDcOUYXDndWNQqVMSiB5z6R6z5CZJ3/yT21gdRmc66z3i9SdUodffQXiA9dozUy38EZ19a9frq4rkwsAt72/2UMz3QwDMsl94grl1H/4zEikal8CJSVcd1XZL2JT0LAHZhvpFgVQBaNhzCtu0GZ6mPUgrHcUR6CIJQl5MnT3Ly5Ml1j4/7O1MQBEEQBBGrgiAI15xs9x4ynTspTp1e9xyea+OWSyTS2eBaWo1jeEU8oxLJulwuT1+6+hLWMGvFqvw+OquN4uzo6KC9vZ3p6ena82az9Pb2BtGpuVxuiQxTSuG4DpZpkUgk6soytfEO1K4HMCbOg11ujlwlCZdPknj2t7DedYHygY+G8q7qzxdlOSEYbV+JZkWqRqVqwp4ldf77GC/+EVw+CYbZWLSqY0MyhbP9PpyBA6t+huUiaePWvxzRaFU90tWPXg2iVauvo3vjeR6t7mkSFPEjVpXnNZ5f1bDo2PGjFK+iWLUsi2KxSEtLy1W7hyAItzaFQqHuL14FQRAE4VZGxKogCMJ1QMf2H+HK5PrFKkB5cZ5ERhOr3jCtzhvMJO4GajLPMAwwDDylMGNEV/QHJ6VUpTgQxpIj2XHowiqXyzG4cZDFxUU8z6Ovr4+BgQE6OjpIJpO1+TUhWCwWuXjxIpOTkwwODjI4OBiKxNPnd5JtsPv9JEfPYJz83rr2bQmmCWYa5qcwvvefSV86hnXnxygPHoZMZ12hupIQXEvEbzOP/weS0S2SnBnCOv7XcPRvYW4CrGRjUtVnYE8tt2qdNeqsV6rWjURdoQ0qwtVxHFzXDe4R7d/OcT0LAHZxoaHcqgD5wcOYqXa88nxjEy1De3s7ExMTQQoNQRBuPbZu3cq5c+canqdeqoC5uTm2bdvW8PyCIAiCcLMhYlUQBOE6oGPb+7jy8m81NEe5sEDW68HQRJnpFYOj80uiPSPpAXypuuRou7G+CEv/Wm9PL7lsjlQqRWtra925XNdlcnKSM2fOMDIygm3blMtlWlpa6O7urivqvPbNeHsfxpo8D+MXGo9a9UkkK7lDz75MYnyIxG2P4Nz2QZyu3XhWJugWSk9QZx+ifeqhC8Ugb2ikYv1qj/+HHmVxlOSllzBe/wsYerUSparl5F03jg2tnbj73o87cDC0Bv8zFZcvNcpa9jBurB+tGodSCtdxgn2Mvg9+RKvpzJNWk+hmtbzYuAzt2P4jlMvlhudZjlwux+zsLIuLiyJXBeEW5YMf/OBVm3tiYoK2tjZJNyIIgiAIMci/joIgCNcB6fbNtAy8i4Urr61/EqWwCwukWmoVfy37Mo47g5Vuq+VX9Yv4VKWq/4OS3+Z5Hjg1AWYYBpjhCD9dmPnUi0BMJBN0dHQsK8pmZ2cZGhriwoULocJWvpyLHt3Wx3tGCmPj3Zg7T2PMjDQnJUBtAUH0Ki8+SeLC6yR2P4iz/UHszl24ZnrZiN6VoiijfeLyyXqeF8y/lghOAKM4RfLSSySOHakI1XKxeVGqngeGAVsP4Wy+B9tIYigVK1TrpZKIpn+A5QtVRffBl6rKq+2VLqI9z8N1HJw6eVX1NAE9ibcxyrUiVa5j45TCRdbWipnI0r79fSwUrl4aAJ+BgQEuXLiAYRik002Q5oIgCFSkaj6fp6OjY+XOgiAIgnALImJVEAThOqFj+4+ycLkBsQqUF2ZJt9bEaos1SY91gmnj3kBG+ceto5GDvnDVCYpJKUKRq/4csPyx7pWEY7lcZnh4mHPnzjE9PR0U+Glra2PLli1s2LCB1tbWFZ/bzvZiHPwoqfkJeOuZapX6JshDHz969fJpuPJDEqe+R2L3g5S2vhu7cxdGIrdkSKOFqFa7h3HjjeIUydGjJE7/PZz5QeXYf7OiVH2qBatKe3+EUtuWNa8xKl3rpVgIjV9BquqS1vVlavWXCLqc99t9qeo4JTLu6XDRqsW5xtMAbHoAZaTxvKuXBkBn06ZNXL58mWKxSDabJZFIrCraXBAEQcdxHAqFAnNzc7S1tdHe3i6FqwRBEAShDiJWBUEQrhPatz7MxX/8P0G5K3eug10q4to2VjIVXMu4lzGNBVSiNYhShYocjTvW50sn/4coK2FVBCsqkFNx0YP6+JWEoOd5TExOcPrU6eDYP0AymWTDhg1s376dzs7OYH1xQk7HMAzs9m1w8COkZkfgwtHmilWoRa96HoychdFzpN/8a9KbDqJ23E958DBOri92jVdLqkYjiBPzw6TOfQ/zzPdRl0/C4mxFqFpN/ufe86CtB/f2n8DbfA+mYa4oTese768+Y3QflouI9sdFUwzUk6uqGklbWXo4otXzXHqTQ6TcBYKiVUpRnJ9t1KvSseNHr3oagCgbNmxgZmaG+fl5HMd5x+8vCMLVwzRNhoeHr+o9/H93Lcti69atcvxfEARBuCW466671j1W/qUUBEG4TkjmumnbfD+z559vaJ7C7BSt3f3B6wyjtKnjTHmHgZq8ipN1fhSfaZq1iFZFLU8rjQvBhYUFzp49y9DQUOjYP0B7Wxvbtm6lt7c39h71pGogizfcjnvwx7HmxmB6pHkpAXRMEzArcnFmDGa+i3HqH8n0bUNtuh1n0yGKPfvxUu3B818tqeopD6s8S2b8LRJD/4Rx8Q3U5GVUuXh1hCpUnhtQux7E2fkIrpmuK1V1+V5XmEaecTXpEyrLqESrRmWqX6TKse1QZLWP/jmv9HfIq6OholXlhTmU66xvf6okMp20bX6AufnFhuZZD+3t7bS3t7/j9xUEQRAEQRCEWw0Rq4IgCNcRnTt+lNlzjYnV8vwsXkcPphZlkvAmcJQTCCw9DYB+jFrPwxpC1Y7/G2ZVlGnRfaFCS8sIwbGxUU6dOsXo6FgQpZrNZkkmkxQKBRYWF5mcmqKtvZ1sNhuMX1xcpFQqBX1haRSkUgqbJO72h0jbBRIv/fHVk6tQE6wAdhl18W24dJLEa39JvrUTuregNuzHHjiA17EZle4McrLWIxTlGbOHplvEKE1hzV0hMXEGLh/HGDmJmh6BUhGlvKsnVLXnVrsfpHTwo5TT3VirkKpxzwfxeXlXkqqBSNU/k1pOVz9/sFvtp0eq6kK1EpXt0W4Okzbm0aNVCzOTDacBaN/6MJ5aWjROEARBEARBEISbBxGrgiAI1xFtmx/ETGbx7Mai3Aqzk7R09QWvW7lAj/E6k1SOOESFZFDIyrKWzLWePJj1oiwtK4HnKWzbJplM0t/fz67du7BMi+PHjzM8PMzFixdpb28nl8vheR7jE+Mcf+s4s7Oz7Nu3j23btmFZ1pJn8KWum2rH2fV+rLkxjNf+vFLMqtlpAaJEJevUCEyNwOkXSSZTGJlWaOmEjgFU52ZUWz8q1wX5ftxkbkluW8uysOxFjMVJKC/A/DjG5HmM6UswM4Kan6o8l+dV/J9phtdwtfA82HE35UOfwu7ajRWJNPXfAyAUqRpX7MxnpXYdPa8qEJKmfqRqJZI1fNzfX5ur5VutpA6Abt4M3cMuzOM5jR+f79jxI3IMXxAEQRAEQRBuckSsCoIgXEdYqRbatz3C1Km/amie0tw0uY4eTE2UJr0pPMPDsqxANEGtGrtlmqAJSz36z49kNU0TFEFOTX18XA5Nv93v09nZydatW7Esi76+PjZv3kwqlcK2bXp7e5mammJhYYErV66QzWYZGxvj5MmTQcqAy5cv09nZSXd397JCz831Yx/65yTTOYxXnob5qasXuboSdhlVGofpUbh0orJGw8SoSkETSAL4eXHtiIzzPFDV9woqEam+KL7awljHsWHzQUqHfopy74El8lxntVLVp15O1lBbNcevL1V9fKmqF6Py1PJ9fHLqIhljmlC06vTEmrcmSio/SOuGQ8zOzjU8lyAIgiAIgiAI1y8iVgVBEK4zOnf8KJMnGxOrKEVxdopcZ09wKW+cxzHfYMo4FCpQ5UfvGYaB63kY1dfRwkAQI7z089Iq/nh+VKht3LiRTZs2BffwPA/TMhkcHGRmZoahoSHOnz/P5cuXsW07lDKgu7ubXC4XK1WjMs/J9eHe/gmSHiRefRIK8++siNRZTTRpVKiuZezVxvNgcC+lu3+G0oZDoUhVICTq6xWyqoeeH1UvZBUdEydV9XuHxKlSmNXPs39/P5pVn6+bN0Jz2YUFnFJpLTsTS/u2D2DbjqQBEARBEARBEISbHBGrgiAI1xmtg/eQyHbiFCYbmqcwM0GmrTMUtWq6MzieE4hS13UxTZNEIhFc00WVnnfVMAwsy6rktlThaFc/76p/TY8y9IkWMXJdN1QMK5VK0dPTw+TkJLOzs4FQ9VMG7N69m+7ubqB2vDtUTMsgyIsZFHdKtOLe/nEyXAdy9UbE88C1YcMeynd/ivLGu5ZEoPrH86GaKkJ7D+La9byr0ffQL5DmS3r96H9I3ppm6Pi/H1mti0xPqcpXVbhGJWdOXSRrhKNTK9GqjcvQzp0/SrFYFLEqCIIgCIIgCDc58tOlIAjCdYZpJel/12cankd5HsW5aTCM4KvdHKLHrETp+WIKarlTHcepiKqqrPI8ryZUIbimi1eMOkWIYqRqXLthGJRKJS5cuMDp06eZnZ0N+rW1tXH77bdz6NChQKpGCaJUiU9F4CbbsA98BHX4cWjtDKraCyvgpyDYdhflB3+e0pYHIJFbGqlaR5qG2gP3XUeqav7Rj1j1lBeSqkAtHYU+v5ZPNVi6XsRKK1jl47ouXcbRioyvfm/YpQJ2sbHcxgDtWx8i2b5jSd5cQRAEQRAEQRBuPiRiVRAE4Tqk57aPc+Xl/4hbbixHY3F6gmx7V5DPE8ByZ3CUjWlaS6JUTdMMhJAvsfTiVnrUIFArIlVHasJSqapjl20mJyc5d+4cIyMjoWP/GzZsYOu2rXR2dgayzSckZmPmDwk9A5xsL+X9HyWVyWO88hSMX7h2OVdvBPxI1Z33Urjv5yj17scyrdg0EP61ZaWqEc7Lq/eJttcTruHleaFI1Kg4VZFCVdHiay1cJmeMh+YsTI1DEyJMB+76BYrFYsPzCIIgCIIgCIJw/SMRq4IgCNchZiJD78FPNTyP5zqU5mYwtP91mOfoNSpRq9HiQr6E8oVVNFdm9Mi1fuQ/mEMtrQyvo0u5ufk5Tp8+zcWLF7Ftm2QyycBAH3fccZADBw4EUrVetGsU//5xQs/O9rKw98OUH/g5GNgFdkmiV+NwbLAsOPA+iu/+ecp9B2KlaqjYVJ33yDAMDNNYIlVXkq6+VI3Lz6pHTPtyFQiJf0/7POspLaASld1rvFIJVq3+zykWKS80Xmgqv+ndpLv24DhOw3MJgiAIgiAIgnD9IxGrgiAI1ym9B3+KsaP/b8NRq4tTY6Tb2jHNWq7VLJfB2QNWG1CTpr588o/+62LLz8fqvw6iVX3htszRf59opGlLroX29nYmJyfJZrNs2bKFjRs30tLaEjvPcikGorLOMGPyeVoZFre9D7eln+zrT8Cpf6wUjZLo1VqUaq4N9a4PUTz4OOWWgZD0XBJNaqz9PVoyPjLW9VyUp2I/P7pQ9YtR+VHX+i8FojlV9fv3JU+Q8aZD8y5OjTa2d1X67/xZCoVCU+YSBEEQBEEQBOH6R8SqIAjCdUoi0073vscYef3bDc3j2mUWJ8Zo7d0QXGuxpuhPnGScu5cc7YeqpHRdrKpI9SWVL7L8YlZ+sSI9KlAvZFUPX7Zls1m2bt1Ka2sr+Xyezq7OQJTFCbm4OWImr5uewF+j3X8Q48Ee0r07MV7/S5i6DFby1i1s5edT3XgbzqGPU9pyP26qHbPOHhuG0TSp6vfRparfP7zEpVJVb3Ndt5YjuCpW9UhVpRSWt0AHb1ZuXqW0MEdpfpZGyfUdoGXgEDMzMw3PJQiCIAiCIAjCjcEt+hOkIAjCjUHv7T+FYaUbnmdxehynFM772OKdw3QXQlF+oWPThoHjuji2HRJZevqAUBEr4o9u68fzFWqJjGtvb2f79u1093RXhC1GbJSkj9/uy129j17IKtoeLaLktA6ycMenKP/4/wi7769Eazp2w3t9w+HY4Lmw692UH/ochW0P46ba6+6hX0zKfx9Dnwel5TNdo1QNvT9G+N7B/bW8qj66VNU/w6Gcq0rhOA591iuYlGvXPY/50eGmbOPAnf9CcqsKgiAIgiAIwi2GRKwKgiBcx6Ra+uje8yHGj/9pYxMpxfz4ZTo37ajNbSzS473MsHs/AIaxtNq6aZq4WtSfYRhYlhVbMMgwDKyEtaRq+0opApYrRFVvfEjY1emjy96gcn0kPQCJHMX+w7gf2Epmy19jvPL0rRO96kepdg2i7vwwhV0/RjlTk9ur3UM9t2699AB+v3pSNZqzNVpsKipMQ/K+Gl3ty3/9FwB+X9d1SZYv05o4H1rX4vQErl1qeCuzPXtp2/oQMzOzS36xIAiCIAiCIAjCzYuIVUEQhOucvjt+mvHjT4FyG5qnPD9LcW6GTL49uNZunsNWLYypO0KRh36+Vb8wUDKRwLSsIMeqfgzbTw2gE0QnaqxWqurCrh6hCNllxK0eyVqvHQPKmW68g58gs/U+rNf+FI7+LZSLN69gdWxIpmD3e3Dv/Dil3v04RgqT+D0KpGpMioXQe1CnEFXwHhh+t/AcnucFKQCAIJ2E64SFalTme66LbduUbTv4rPr31PFcm42ZVzC0z4prl1mYuAJNEKH9d3yaUqksUlUQBEEQBEEQbjFErAqCIFznZDq20bHj/Uyf+duG55obuUi6NY+hycIWc4QZr4xntgRHpqF25N+yLDyl8JTC1OSWL5FM0ySZTFbysyqCo+L+HAFaoaK4nKk+cVGoleF1jpZTX/jVqzwfPXqOAa6ZZqF9F8aD/4r03g+QeuNpOPODSnGrm0WuOnYlSnXbXTh3PU5xwyHcZKWAmcEyUjUmEnU1haiCSNSqNPWFqR6hqn9egrFeJd+qnmoimnYiKlXjjv/7vyTosk6QtcJ5VOfGhlHaLwjWS7p9M507PsDM3ELDcwmCIAiCIAiCcGMhYlUQBOEGoP9dn2bqzN80PI/rlFmYGA0Vssqak3QZxxnn7pCc8vNcAphVYeZHqvp5WC3LCmSanzpgSaSquTQKdSVpGpJ5EWm62sr0dY//R4neI9lCsf8w5Yd3kdnzConXnobzb1T63qiC1ReIAztQB36M4vZHKLcMVK5peWdXK6b1PvXeJ52g2NUyUapBP2pH/+vl7/U8D7f6FZX4eroAz/NQ9hw9mRNEC1YVZ6dWv3/L0HfHz1B2vFAUtyAIgiAIgiAItwYiVgVBEG4AWvoO0L7tYWaGnmt4rvmJK2Q7urGSqeBazjuHKm+FdE8giHxpahgGnlJQLXClFxbS5auPPz56HQhkp0+cNF2rVF326DkrpAeoI2UxwEu3s7jtfViDh0gPv0Li2BG4eBT8ImDXu2T1c6gaJvRtxbnzMYrbH8FNtVWed7V7WGeP9OP/9d4nqEU+R6VqNGC5nhj1IvLUL7RmR4qqhdZWjVR1nBI70y+QMMuh9tkr5xvb2yqJXA9duz/E3GKhKfMJgiAIgiAIgnBjIWJVEAThBmHjfb/EzNDzFVnWCEoxe+UiXVt2BpcyiSKbzde46LwbRSZUyKoyRAU5LH0BZvrV3Ktiy/O8kETzPA8rYYWFmV9R3jRCRZKC9lXIunpSdbXpAVaTk1VvV+lOits/AJvvJzl1mvSZv8cYehE1ebmSh9Uwry/J6ovGXBtsPoja/RClwUPYmV6AUJ7RelJ1tTlV17PHUVnqz+OP1QtVRXPu+lLVcZzg+L9eZMvHdV1cx6HHOkNLYgI9WnVxchS31HjBKoDBQ/+SsmtItKogCIIgCIIg3KKIWBUEQbhByHZup+/gJxl98w8anqs0N0VpfoZ0a62QVc4cpcc6xoh3TxBtqsssqAiwRCJRjWSspQDwpaofyWpVC12htAhELyzjUJVj+v59VhOpGrCao+krCL8oK0pXK0ux+wCFzv2k9j9GduQ1jIuvY4ycRE2PVCJZfen9TslWPyrVv2euDaOjH7VhH+WdD1HuPQCJnP+AwfMF+XHrSdWrtIdrkaqxxao8D8dxlkSq+iLfb3cdh4QzTn/meHi7HJu50UssCZddB7ne/XTt+xizkltVEARBEARBEG5ZRKwKgiDcQAze+wUmTh3BLU43PNf0pSF6dhzASiaDax3mELPFTuzcviAS0HEclFJBkaoloi1SMCiRSITb3RiJVamUFIx1PRfl1SIUl5Oq600PsFIU5qraqzLYzW9koW0TateHSC5cJn35lYpkHR+ChSlUcT4sWoPFr1O46gJVJ5XByLVBe0WmTvfdQbF7P9l8V2w0r/9n/zn157vae7hWqQqVdBL+ONu2KZfLwefR/6zoY32p6nkOO1pexTJd/GhVpRRTF3/YlIJVGCZbHvp3LBZKEq0qCIIgCIIgCLcwIlYFQRBuIKxUK5ve/a8Z+u6vNTyXa5eZuniG7u17teP9HgPZEwyVBrHSbaEUAHrO1LhoQj9aVW/3xZgvwkzTDBUx0nOuGoaxpGq8fr96leeDCEtYPj3ASoWuVtuutRmGgd2ygdLOR1HbfxzLniUz80MSE2cwJs9jzI/B/FRNttrlcO7TyhsBnlvdRAusZEW+6v1ME5IZjEwrtHRCxwCqczN0bsJu20gxvwUnkQcgu8o99J9zTSkWVrlHUVaSqrpQjUaoep4XRE1HP4tRIeuzJfsS6cRcaA3zo8OU5meXLm4d9Nz2GKnOPczONmc+QRAEQRAEQRBuTESsCoIg3GD03PYxJk7+JXOXftDwXOWFWeZHh8n3bwyuZax5BlMvc8l5LwBKebE5V23bBipFrhLVQld6BXdfeIVEpGmEpFiQc1WTqoYfYahHWC4j/GqTx7f7hZIM01jx6PuKR+PrRMsahoFhGSirg2LmMMbA3ZV1O4ukiuMk54YxijNQmMEozIBdrEhXpwSJdPhNcar5PzNtqEwbJDOobDu09qAy7ZRzvZQzPcER/0B6eiq0xrXs4XLietWRrHX2aDVSNdpHF61+oSr/8xYnZCuftUrO1XbjDB2J4dCWluZnqykAGieR6WDjfV9kYeE6TAGgbCz7LAl3DNOQSNpm4CkTx+rFTW4HI7nyAEEQBEEQBOGWQsSqIAjCDciWh/4njv3hJxovZAXMjV4ik+8glWsNrrVbl3HUS1x27sI0LSwrXITKjxyESqGgihg1g9d6dKtpmktyrgKBVPUxqIjPJTKv0riiELxaUlVVhaVlWGsSigCelaGQ3Ughu7GSn5YypltE2QWSpRksp4CbyFaiVKtY9iJ4Dm4ii51ux7NSuEYaZWVDzxFaH0ufMYj+XOce6s/ZiHj21NqO/+uS1U8BYNv2kgJVft9KvtWKVE3Y42xqfQtTC5t1bZupC2eWjF0vg/d+AdfI4brXl1g13HmShZcxDAcA0arNI+FdwCpfxs4eRlmtKw8QBEEQBEEQbhlErAqCINyAZDt30HfwU4y+8V+aMt/k+VP07bkd06r9s9Bp/ZCZ+QzF3MEgn2X02LVpmiQSiUCS+blYfdnqpwfQI1n9nKt+bko/PQAGgYTTpWuQS5PaUfG49mB+wn2CNu1o/JJo2WWOzlcKdVWjP6vNvtAM5Ss1CfLG1ovGdUnjmmlItmNn+0MFvfRo0ZAQharUDD+H53nh8VrbavZQLyy2mj2M7lFce7316fjj/aP9fl+fQKr6karVnKr6eL1Qlee5eK4H7iI7Wl7CspxQ38kLp/Ds8pJ1rIdc73669z3GzOx8U+ZrJtbiKyhvsQlluYR4yiQWX8POv+daL0QQBEEQBEG4jhCxKgiCcIOy8b4vMnnyr3CaUMjKLZeYuvBDurftDa6ZJgzmhxgqDqKs3lBkYZAvFYIcmABouVVN0wxJOF+eRaMX9fQAURmnS0l/7BJhWI3UBOKFoBmOIo1rj46PSs0l4jIqFOtI0bj7632C6ytI1bpRpGvYo9XsYZBzdR17GC1UFSdVfXSpCuEiVbpUdSOFofQo18r46mcKly2510knCuhJXufHhik3Ka8qhsnWh/9nCsVybPTstcRYPI4qT4pUveqUMAsn8bJ7rvVCBEEQBEEQhOsEEauCIAg3KFaqlU0P/ApDzzReyAqgODPJ/PhlWns3BNcyyQJbzNe4ZD+Aa+aC6/rRbf+14zgYhlE59h/Jg+lHu+oizU8RYGAEki5Our4TQlDPRbrc+FgiUnS5vLH+sfngGWLWtxqp6kvLaDGw6Huznj3Uo3HXsof+M7qei/JUOCJZIypVo4WrHMepSFWtj39fXar6x/+Vp+hNnKYzNRq6T3lxntkrF5Z/79ZAz/6Pk+7ex8zMTNPmbBZq4SyeV7rWy7glUPOnQcSqIAiCIAiCUEXEqiAIwg1Mz22PMX7iL5i72HghK4DpS0OkcnlSLfngWs6aZJAXuVA6hEMG07SCaFQ/UjV0JN7/b1WyRo966/2juTVhqYgL+l0lIRha0xoiTeMiVUN5Y2MiXaPH7+s9o360vm4fs7LGlfbonZCq/jP6kapx72VcEas4qVoul3EcJ1ijf9+4QlUAbcZZNmRPEGw64DkOE2dPoLzmZBr1C1bNz89fd9GqANhTKMmq+s7gTkGDn4GpS0MYk/9AKXuI/l37m7QwQRAEQRAE4VogYlUQBOEGZ+ugMac4AAAgAElEQVRD/46jf/DxphSyQikmhk4wsPdOzETtn4hWa4S+xJtcKN2JYZha91qkqp8eQJdpvgjzBWxcHyAk3PxUApUJCIk3fw490nS1karLSdO1jK9MEhMlWifva932ZaRn3D2iOVVjxWwD94/mjY17xtWkH/Dfy+jaoxJVn9f/jDiOsyRSVR9v2zaeV5X5nqKFK2xtPYYZOQQ/df4Ubrl5EZybHvw3OGRxnOurYJWPW5jASGSv9TJuCZRbwGpwjpHX/ob3PHiF55+7LGJVEARBEAThBkfEqiAIwg1OtmsHmx/8N1z4h682ZT63XGR86Di9u24PybHu9CUMK8Vl+xCwNB2AX6jKLyrk9/Hx0wT416OiTZeu/n39yMdooavlpOFKQrCR8csdza8nLaOsNSeq//whqbpSu/acK0nbuLyyet7blfbQnz/Is0tNoPtrqxetGlxTlbyqulTVPwP+Z0pp8jfljrOt41VM00PPqzpz+RyFmYnYvV8PHdvfR+fuDzM93Xgu46tFaeY8yfxmDKNR5bdaPkbPfXeScIaYffn3WKzXbccXGejt0S4UKZ/7DSav1JlPv6TPPfCz9G3dhll4jStvPF17zTiFF76On5yh/Y5fI5utd4/GUW4Je2GY3Mpd6zJ29iSb06fhwmX296W4+PYbbNx3xypGjrDwOwdxJ79M6ku/TKaBNaxE8aleyqcfxfq5b9PCk8z+7mdh1xHaHrt7SV/7hc9QeP4I5sfGaN19FRcVx6l/z+zTX4H3HqXtvv7mzj2x/HOvu68gCIIgCDcdIlYFQRBuAgbu/Axzl15m+ofPNGW+0uwMk0Mn6dq2JyTwOsyzzJaSFLLvAvxIUw/DMAMp6qcJsG07JEt9qQrhYlYQlpW+GIxKW4gXfs2KNF0xklUrchUlLjVA3BrWKlWDsf74yPOvdf7V7KFpmaveQ12q6s8QnX85qep5HrbjBIWq9Pffb/elqr9+w1lgd9vLJEw7tBfzY5eZHT4ffXvWTSo/yLb3/2/Mzc01bc6rgWsv4k6dJpHpwEy1vxN3rH4kPDyniBvTo+Xg/0JHexZ75N8yerpyreOuX6dl66/RnaldY9evsLG/DxZf5tKrf1y9+An6HjxM232/iPW9/4tpt/p3hXJxnSL4r+khve8w7tHvVVajABTKLeI6zXtaA4VbmsEpTjY818grf8Ghvimmjl+ge3ueY6//AYN7DmLEpEAR3lnsFz5Dqevb77wgFgRBEAThhkbEqiAIwk3C9g/8r7x55XWcxeZE6y1OjmJaFp1bdgXXTBM2t51iaDbNYnKnlg+0dqRbxxdwcekB/HY/QlWXsivlsdTzlQbz15GmwTrWcLRdH7/cWpaLZo2LAl3r8fy4Z4zef7lCVlHqpQioN77eHupri0Ylx0WqxhWiUtUoVdu2sR1nSXs0UjVYg7PInpbvk0yUQ8+2MDnK1PnTNAvDTLDz0d+k6Ji4rr3ygGuI59iATdm+gmGOY6XymMkW4GrJuur3ufJQ5cLS7K6b/jva2rOw8AOuvFUILk++8CTWex4n0/+v6Xjr15nkpxno7wP7NFMvfEeb5ztc+e53tNvVxKpXLmhiFcz2D9Dd93eMXST4flNuAS/88VgXSrl49jxueR5UnD5eG8PHX2dL+jiLCw75D/5H1PFf586eH3D85e+x8573Nr7gq0H347R96fFrvYqrTi3ytnrhFnluQRAEQRAaR8SqIAjCTUIi086OH/t1Tjz1WWB5Mbla5saGMZNJOga31e5jwba2tzg7A4vJHUG0KtRyrgJLZCkx+TX1Yld6BGtc9GMokjEiJKNRlEuKRDUQqarfWyckHetEygbj1yFVl3vGJfdfzTPWOcIft0fL7WFcPtUornasPy4NALCsVK0UqPJChap8qbo7+30yqSK6ZS7OTTMxdIJmfe4BNt73BZIde677aFUATw/PdB1cuwiMYVoZjEQGM5GBpqYJ8CWjh3JKSyJW27oHMQF75ncjkaN/w+LcB8l05bEGS7j5LSQBb+5VZpxlcuIGfze4uE5Jew2QJTP4Kdyhb1fffQVeaf0Rq56N5xTx3CLKbYKdraI8j4nX/4wtbZeZXWwju+VOFl5K0TZxmsLQ7+LedT9WYg3/tzw4fv4trMnP4k4CVI/vd1fTBvAtsj//OMlQ/+pxdf8YvU+9Y+xLjrm/xPxvPlqV4F/GWtEH6/2Brtqa/JQD5i7wTh+pHumnmvIgbl0jWtujWO89HLnXSN2xgTh977fwnv9seC2n/j2F548A4D3dy+yuI7S990LkuSNzB3sd88j+nsU8syAIgiAINx9y7kgQBOEmon3z/Qze8/na8fEmfM1cOsfcyKXQfRKWx7a2t8g5Q0tyffpSTT/q7boujlacSG/3pZpexEiPdvSFayXC0cNzI5IuRijqBZTi8pH6c6xaqsZIT9TywtVf91rnD/qs0B66vwGmYWKwumJYqxHLS2SoojKmOs5/n4LpqxLcfw+XLUYVI1X1z4ofqeq6Tkiq7sz8E9l0uIBUaWGW0ZNHK+fAm/SZzw/eQ/+d/4L5+XluBDzHif1ySvPYC+OUZi5SnrmIPT+KsziFW5rHKxca+NJSAcS0J1M5YBFnKmasAshh5gq0ptsAcBb+cvn7OV7lftWI1eD1/NsUbKDlXfQPFvA/ZspZ/bO4xVmcxQnKc1cozZynNDuMvTiJW1qsu6/r4cwL3+VA7xDlqREypo1SDoVhm9LRRe7NPc+bf/fk+t780+exfn6Mtp/7FnAE9/mXgH5SBx6Fyc9SOlXpZp9+koqMvLsi/vzcpF8aI/veR+H0o8yfWvl2xacexeNRrJ8bo+1LD6KqQjKeqlTt+hbZL1XXOPlZCk+9pPU5grfhq7R9aUyTql8m5fc//SizL4xUnuGF/x53EsyPjdH2pa/CMU0Mh3LQLh3r413eXHtmf392/3LlNdW5YwRz8Slt7i8dweQI7tNPsjSWfYSFpz9bkalfGqPtY1+uPHNkHYIgCIIg3DxIxKogCMJNxsZ7P8/88MvMXnyhaXNOnj+FlcqQ66wVokkmFFta3+L8vEEpvTOQapWcqwaeV/ndnR+xqkeyWpYVikR1HGdJbk49QtV13ZAUDPWtCj+/LRr96AvIaKQlsCTv60pH//UiUcE6tdyr0Xb9/vXG68Iztl2jbs5UwwyKUMU9g1IK5a4umjNuDfq+RoW3n8rBf499KaoXHovKU1246l9+X8dxcDWBZXgFdmRepiUzjx6pWi4sMHryTZTXvISaiWw3O3/8q8zNL4TE8fWM66wmVYENdjF0xTATGGYCDAvDtCp/juabiL9j9b8enl0kuvtBrlOvSHRpXmA/i6E/V/o9yqYP/Sw5LbSvfP6nGJqppQJw7GItYlWNcOFtj5237ye7539gsRi9r6qkK1AeyvOCP4MHnota5/H+lVKVRHHKZdyh/0rn4BQFr0i6MI81e4m8UcIwIWfMkzv/bRZmf4xcvm2ZG9fur/wXOx8grRSqaxMm4E2cp6wOk9z1GDx/BO/oi6hdWygfPQKdv02yS6F4jPyvPgan/wOzv/mV0A2qhwtqr2s3RakXcU4DnY9V5lGHSb33UYrPHwnGhjj9vUqk6oEHSCiF6qre138GBfAo1q6+yp5Ofq8SERo80wNYneAe/R7lex/EPnoE+DLWLoVSfeTe+2XmqlG3amK5sbUj/eaBwyilSHQdBo7gTY6gVJ8W6+6vS39uRfpjo6QZZfH/6WV2ilBbeI+qQ6c+S+E3n6T8c79H/ld/KXhmQRAEQRBuPkSsCoIg3GQYpsWOD/4Gx/7gn2E3Kd8qwPiZY/TtvYNMW2dwLZ1y2dZ2lKEZlwVrO0qpyvH/hBVIS8fRog4JR5eaWpEiqEg4X6jq0tNvCx1r14gKVR+9UJPex5eBSyJRI3P4fYAlkbL6+HpCU79/XSm7XLv/rIqlEaSEI2Zjpau2xpWkbXQNujjV26Pvg35/XapG++k5U506OVXjpGrCnWZnyyvksrVcnQBOucToideq+UWbhcGuH/8qNllsu26t++sOb73n3mPHGRBEQlejoA2DmnA1gHItgrQ0j0Mlz7Lfp1CYpz3fitVaIHqa3vN/CeIWmJiboq+nBSvzI7jlPwf+lHNP/ikAnY/8PgN9rSh3Edfxc7rauKV5CF6XcY79KrNbj9DZtr8qZBWqNEZ5/vqR4qf+/s+5e8M5rCvnyE+NocxF5v7rV8iVXsfqBhY87ul9m7/7uye4+/H/tjk37Xqc5M7PYZ/5PsXJC7hTwHsfrBxHn3ySud/9HJXj7KMkT/9sVY6uwOSFiijt2ryqY+325MsAmF19a1v7mZ9g7mv6hQu4nEdNAZ2bWTapRexYlh+zCopP9WGfAXb+Ffmfh4Wv/cTS3MIA9JF7yBe+R3B/t485wPzYKC27YgcIgiAIgnCDI2JVEAThJiTV0suOH/sNTjz5L2lW3kmlPEZPvkn/vrtIt9aiqpIJxY6Ot/jhRIH55G2RMbXj3aZpYlkV4epHoQKYnlcVNxXRaiUSgaz0RWso1+iSddWeLxRFWZWWKwlHf1w96bma8bFSNiJ1o2/DaqVqPWlc6VR97mh6BK1dLza1ZH5NDPtz6EI0tD4tqtQf7xMIUS2vqi7TPc/DdRzsqnSNvmf+Ndd18bQCaAl3it35l8mky+iRlK5tM/r267jl5uXABBi87/NkBw4xPT3d1HmvNs2Vy6vBrn6cHLzC9JKI1dGhU/T23UW663PYi/+71vKTtHa0AudYeG4Cmz9hfuMv09pxmPbF/8S41rMmYCex7eodVBm7MA3BaxunOMeFt1+l7d67qvJMobwSTQxibojC7DTtF/6UXOYt1PgIRj6B2ng72Q/9HxjP/Wv44Z9DySDplui6/J+YHv0wHX0DTbl35uCXsc98BfupR/EjQwHs008BYH7s98h1EXOcvQ5dmytRsZMXsLl7Rbma7DpMkSN4k6PAGuTqzr8iv+Q4/iiLncBURZTWvXfs2DU8Yywv4Z4BOn+bTDXP7LLs+qUgStUXst7T/4Hir/4SmYbWIQiCIAjC9YjkWBUEQbhJad9yP4P3fZ5mJlxVrsPo269SXpjBqAayGQYkErCr9yzt7luY1WP+uoiLqw7vizTbcbBtu9JHhQsXRXOxxslDvS9o0agYoZys/hrWIlX9dS4Xqeq5K0eiLol2XUm6Vu/hH++P4kvP5cSrH+nqOu6y0bb6M8ZJVf290t8/ff9WI1XLth2bf1eXqm41klUpl5wxwm2dL5LNlEOfNc8pM3L8ZezCPM38bOc33cOGuz/H7Ozskr283vFc5x3+0o4+x7W/+YtcuTwH7T/BgQ/+s+D6psd+mdYUFE9+ivOug+f+AaeHhiB1F4OP/dva+Af+M4MD+erDOYFkRalKe/S1f79gQ67u86+Fc//f73Fg4VmYGcHY2AHb92H25kmc/hpm3oNtd0BvB5Q97t04xIkjv93gp0Fj1wOV/6M/dQR2/ityXeHmivB8ifJqolUBuBtrJzD1FPYkK4/173/0e1Wx+RILX+tj7qk6YrLrQaxO4Mz3KUIlsjbo30fy4KPAV3BPA4yy+PdfWeXYlUl2RQthxVCVuvYP/u860aoQPOPvVPKvZh47WlnXSpG2giAIgiDcsEjEqiAIwk3Mxnt/kemh51kYebNpc7quw+W3XqVv90Fynb3BddOEHT3nuDJVYsZ4FzaZaj5DMIyaRPQFaDRnavSaf3050ef/WR8bjfTURZ9lWWuSqivlRK2bPmAt0jYuZ2pVTMcFG0fFbr0++t4s7UAoPYAeRRrd6zihqu+vLsL1aNagvSpV9eP/ekRyZVxN/irl0sowu/LHsBIKPVLVLi5y5firOKVwWoBG8fOqzi8s3jB5VXXWW1CpgTtW/pM+xMZf+Cc2ai3O8Nd448//gJE/ex8jj/wxh/b+Cnf+wq9UW+eY+/77OKX/dfTdT/DKd3+N/Z/7CHf+wodCdymeuJu3ngVur2axVF7lWb3Ia2Dkz56l+3MfIQMoz7luIlbby2eZII+byYLVj+luhNIGGPPw1CDKTYCRADtLojzL1taLTbx7RYR6Z8A8WIviTN77VeyjR3CfP8jc88DOL8OZr6wqsjTz2FG83zlYPeL+Zaz3Pgp15erdtPzqX7HwtZ+g+LXPVYRnEPUZRx+5nz/K4u8cxP7aVyoyVuufvPf3cIf7sJ/uY45Hsd77ZXj+K6sauyJVCew93cdc52+TeSzyHB+rHO+vzP1lzJ1H8M7ERc/GPDNfJvmrj68qfYIgCIIgCDcehpJM6oIgCDc1dmGKY3/4U5RmLjR3YsOge/s+2vo3LmmaLPZxfuEAyswCYCUSJKpH/GvDa1GXpmlWUgWYZpAKQBd8ep+o2NPniUrBqDC0LKuaO7ImNUOP1KycqPXmXyHn6armr+Z8Xa7QVj2xGjc+ejQ/Ko31rzhpXU+qUpWucVI1eL6YSNU24yI7Ot7GMsOCszQ/y5Xjrzb92Lthpdj/iW9jtO1kcfHGyauqc+6PHwXvnU4HcGtiJFvY8vjT13oZgnDD8MILL/DhD3/4Wi9DEARBEGJpxmk1iVgVBEG4yUlmO9n3+Lc49oefwinONG9ipZj44Vso16Z947ZQU1d2FIsi5+YO4CY6q93DxYqgItd8KQrViuFaRGsgXLVCVtEoUV/w+fPUK/LkS1VfeK43knWlnKvrLmS1QqRrpRN1n1FfB7BsIaxoNK/eR9/jeveBSiSrX6gKv48WieoXqYpK13AagEqkaqXRo8M4x/bOU5hGWKoWZqYYOf5KpbJ7MzEsdv/E17A6djM/P9/cud9BEvmtlCffvtbLuCVIdyz9RZIgCIIgCIJw6yJiVRAE4RYg0/H/t3f3MXLc933HP/twT+Q98I7PR2lF8ShSD5aomIpzrONHJE4ky3VJNWlipHUbJJWASGnRQrQUtECA1JFCtoADKaiUBxSp6wRIS7KJASmG2lopKpO2qFiyZEuUeCJ5FI9Px3viHe9hd2f6x+7szc7N887u3vHeL+Aw+5vf48yuY+br7/zmNu3+8ot69+ivy0j4bedj5z5QMb+g3tt2VWWk9nRc1w79UMPTd6vYcquk6oCqaRpKpRb3CbWCo/atAqz2zhdeWfX2jFf7m+etentw1po/1vYAtj1b/V4SZZ+jqjpCJqrXHNYYXkFXZ1DVenzfugfOdXndK/ueuFY7SZUxKo/+W0HV0gBV36MVVHV7UdXi3IuP/6eMWW1uOaVt6y4t3tCymdFLuvrBO5VtJZI08IWvq2PbJ1fkvqp2nTse1uiVd5q9jFWhc8cXvbfYAAAAwKpDYBUAVonOrXu060vP671jvyGZxeAOEUyOnFVhYU6b7ri3sp+qJHV1zGtn5i2dmZzTXOuOSqZoKpVSJptdEqyzAnz27M10Oq1CoVAVtLVnuVrBQOdb6k3TXLIvq/1lSZWAa8q2J6hPJqpnlmit2wc4670yUT22D7DXOx/vd26NYM3h3CLBuj9WMNaZrWq/fucLqFKplNLl+1csFJQvB1Sd+7Jan52P/meLE7plzSlt6Foa3JwcOatrZ08tOZ+EbT/zW+oeeFATExN1Gb+Rund+UZOnjmh+9CfNXspNrW3D3eoaeKjZywAAAMAyQmAVAFaRntw+7fj539fQd56S61uPajB99ZKMYlGbd+9ROrP4Xy9tbaZ2rX9XH41e1WjqHqm876q0GNSzZ6Jaj/5bj/9bgUArgGc9bu4MtHq9RMo0zao9Pu17hZZOLO436pqJZgYHPK111hJU9X1ZVfkRfq+vLMyj+9YavIKq9oxT5xj2F1VZWwDYM36tQKr9z/kdVea36oxZdemCcr0fqr2t+iVVkjT64buaHDnneS212LznK9r8wGM3RVDVsuUzv68L33lCCxNnmr2Um1JLz23a8pnfb/YyAAAAsMwQWAWAVWbj3V9WYW5c5/7u2cTHvjF2VSNvv64td39c2da2yvl0JqXc5mvqmf2hzl2/R2bbhsrj/dLSrQGsbQHcHv/PZDKVjFV7Fqqkqsf+q4KnWgwOOl/s5JWhWXnRVRBb4NW+jqhBVddsWds1Lt6n6hd2Wf2dj/bbOQOqVeuwBYYLtrfLO/extbJUDVsmqn3uQqGgfD6/uD2AbXz7S6qKxbzSxqw2tZ7WtnWX5bzFpmnq6ul3dP3yBdfbXaveHZ/TLT/7NU1MTNxUj3S3dG5R7svf1OSpv9bYj76p/FSSb5dfvVq6b1Hfff9UPbu/rHS2vdnLAQAAwDKTMm+m/68CABDa2e9+XZfe/K91GTvb1q4td+1VW2fPkrqFfFpnxndqtnVA0mJQUZIy2ayy5S0CnI+wW8FEK5vVHli01zv3VXVjb+sMiDr72uu8OIOybo/f11Jvb+PM1LXviWoPujq3F7Bn5NrnsD+275W1axSLKtiyUe33wwqqFh0BV+faraBqtjih3Nr31Nc1s6RdYWFel9/7e81NjbuOU6vuW39Gd3zpP2vy+uySADAAIHk/+MEP9PDDDzd7GQAAuEriXQtkrALAKnXbZ55SYXZco+99O/GxC3Nz+ujN76lv+y6tu2VHVTCwtdXQro2ndP7KqEZT98gsbw3gzC61Z09KqgRTrXq3F1lZ7ez7hdrHdmZ6OoOBVrDNLUBYLBbrEjQNU+/Wxh5UdVuvPVDqFjC1Z9m6jWGvtx79t7ez7l3lZVbFYiXr2B50NYyiisW8UoUb6kldVK7vjNratMSN8au68t5bKuYXllYmoGP9Hbrji89ranqOoCoAAACARBBYBYBVKpXOaMcvPKOFmSuaOn8i+QlMU2Nn3tPsxKi23PlxZVpabHOndNuWMa2f/b4+HL9DC61blc60LL5Eyi1rshy8Kw3tvZ9qsVisBB2dj83bH3u3H531zoCkVefMZHUGPO3BYb9H8+1tnPM4H7N3bg9gBVXte5k66/32S7XGtdbnloFa2VO1UFDRJ/Ba2R7AtpVDVSasLUt1S9uQtvROLH303zB07cx7mrhQv71B23pu1Z0H/lTXZwtVAXkAAAAAqAVbAQDAKleYn9a7R76qmUtv122ObFu7Nt/1cXX09C2pK+YNfTS6QWOZjynd2mXLxCwqlUpX9joN2h6gsg1AKiXDFpC0bx/gzIq1xrDvqercHsDexlnv3JPV/sItK+hoD8o6X8jlFZR1C+y67alqD4p6BVW9XlZlBU4Nx/YC9rELhUJVcNi5r20pk9WqXxpUNQsz6iheUK7njDo7l/4u8nOzuvTjk5qfnnT93SQh275O9/zqX2nW7FY+n6/bPACApV5//XW2AgAALFtJbAVAYBUAIKMwr1PffkITH75av0lSKfXldqpv+y7XDM7Z+axOX9up+ZZtSqkUgExn0kqnq4OizmBjNputCr66BTyzmYzS5aCmVL1fqRWUdWZs2vs7g6pu2ax+QVe3oKhbvdej+35BU0lL7o8V1HUL3Fa9iMqxb6vV3gqaWtsxOLN97Y/+l+oX718pIDuvTH5Mt659X+u7Z5ZkqUrS9OglXX7vLRmF+gU723pu1d2//E3NFju0sFCfLQaWk7Hjz+mZo8NLK3IH9PQT+7T0f9bAyjSm4889o5MPPK0n9vVVypWvnu8bywiBVQDAcsYeqwCARKSzbdr9D/9IZ/737+rK239Vn0lMU2Pn3teNiVFtvecBZVur37Dd0VbUx7a+p8ujw7qYv1PFll6lUqUXWdkDjfbH9+17qTqDtVZQVFIpg9V6bN4esPTY79QekHTuwWqfyx5Qdetvb1O6Bf6P53sFVd36O++D8/F+Z+C2cv/KL6Jybjlgrb96z9TqddjHN4zF+55KLe6nauZn1Jc+q1s2fqTWFkmq/l5Mw9Doh+9q4qOhJfcgSWs3f0x37v8TTc+nla/Tvq3L0jIIqo0df07PnHyg6etYLYaOPKOj/Y/p8BMD5fKTeubIJh1+ZKDJKwMAALj5EVgFAEiS0pkWDXzh62rr6tf5732jbvPMTY5p+OTfactdP6W1fZuq6lKplLZumtWG/N/r/OUuXTfultG2QZIqgTxJSqdLAVO3QKVbhqj1yLxzT9W0rd7exhmotQKTfi+asgc37XOEeXzf3t+556k1n1cmqnN+KyBqmqbStvGtgKozYGqp2lvVJfBqnSttD1CUaZTXkElVAqrthY9067qP1N1ZWDK+JC3Mzujij09q/nr9Hv2XpHXbP62dD/+hpqbnVahjRizQfEN680ROB55eDKIOfO6Acs+8qaFHBkRoFQAAoL4IrAIAqtyy77fUsma9Pnzl39dtjuL8vC68eULtPX3atOtetXetq6pvaUlpxy0zmps/qTNXt2gmc7vMdIekcjCxHM90e9GV2wugpOqgqmEYymQyMkxTRqFQymK1PcpvH8f5gimrzhm4dXu5UyaTqQqoWmPZg6b2gK59P1Prsz2w6gzcWv3s2aqVjNxUSqZUmbdQKHi+7Mot09W+1YFVNgxDhn3v2HRKZn5GmcKYtnWe04aeG+XH/quzVAsLcxo9/RNNXTrv/Ckkrm/XL2rgwf+oicnrvKjKRdV2Afbs1qEjevIlaVAndGI4pwNPP6F9Oq7nnjmqYUnKDWpQJzRSefy8lBn5gvXeu8HHShmSQ0fK4w/rmefkyFotPbI+8tBhWcmUY8ef0zMjD1WyK13HtM5rsVyVFeu2dluqbKnvAR0YOVp+XH5Qjx1+ZDHoOHRET76w+AK/3AGPa7TfrzHbvZE0+NhhPTLgvL4hHXnyBekxe/kl9ZfXV9t3YRnQI4efqP6Sx0fksiEEAAAA6oDAKgBgic17fkWZ1rU6/bdfk1ms32PUc5PXNPz6q1p3y4DW77hTmWxLVX17m6k7+0d0dfSyLs/fpvnsVqVbuyqP+PuxAo724JoVJLQCns7Am/XyK0mVAKU9U1RSZT9W+x6lzmCnfb9VryxTe+DUPr59CwOr3u8lVJL74/32F3n5vTZJkWIAACAASURBVIjKHnB1C1Rb5WKxWHohVSVQXVA2P6G+9Fn1bxpTa2v1tgpW38mRsxo9/WMZRfcs1iRt+fg/162f/prGxyeqXj62qgwf1TNPHrWdsAURh47omaP9euzwExooBzmrHhkfPiE9dliHB6RSEPSodOBpHd7XVw4+SrkHSk3Hjj+nF0YO6OnD+9RXDiA+1/+0ntj3iJ4+MOKxFUCfdj+Q09E3h/TIwICkMZ06OazBhwYCxgyxoUDV2l2cOKqRcv3QkSf1wnP95fUN6cgLIzrw9OFSMHboiJ584bsa2veIBoaO2NZT6vet47v1xD7p+LeOqv+xw3piQOUg6xENHX6k+vqG3tRILqdhW/lE7gE93Zfsd1Fl7Liee+GEBh87TLYqAABAAyz9/4IAAJC04a4v6a5H/kypbIdMqa5/4x8N6cyJ/6XJi8MyJSmVqvylMmlt2mzqnv4PdVv2hFpunFJhbtL2Zvq8CoW8isVCVbDSysC0/uyBSfvj//l8Xvl8frGtYZQyWQ1DhXxeCwsLyufzSwJ1pj1gWSyWgpvl4KVVNz8/X+lfyOeXBDGrMkkd63MGbg3DqGojlYKz+Xxe8wsLlXHs9yBfKFSt3x44dc7vtferdY+toKppFpUpXNNm/VB3rX9D2/sn1dqWqfrOlEppdmpc515/VZdPvaVisVD339Btn/0d3fKpVR5UlUqZj4cP63DlbzEzc+jNE9Lg/eVyn/Y9NCideFOLu90O6n6r8dgpnRzO6YHd5aDmwOd0IGe1KwVEcw/sLgdOB/S5AzkNnzylsYDl9e1+QDlrzrFTOjlszRl/zCVrd5M7oM8NWJdyQLnhkzo1VprnkcOLGa5jV0aq+w0f1XfLN2jgkcNVQd4TLx0vra1vn54o3+e+Tf3SyBWNlcfqf+ghDZbLQ2+eqFxfct+FTTmLVgeeFturAgAANAYZqwAATz25fbrnl7+pd4/9pgo3woU34irOz+nST97QxIUz2rx7j9q7e6vq09m0Nm4ytcE4q/GJYV2cuVWzmW1SZo3SmXTlzfRuWZeSXB+/t2ebZjKZ0vYAhqF0Oq2ixxYCVj/XPVdte55awdBK/3J91cumygFNw9o71qW//WVbhvXyLVumqTPr1r5OK/Dr3NfVLXBrv0fVayjKKBpS8YZaiuPa1PGRNqyfVGtrRm7/jCjMz+nq6Xc0dbFBDyOn0tr18DfUdfvPaWxszPW7Xy1Kl17OPF5SO6bLI1Ju77rFe2QdTLPyM6v0HRvRsPr1YK+5OG55EtMc18iw1P9gry1Qvzi3/NbRu0t7c0f15ukD2qERDQ/u0Q7TlKkx3zHLZ9zrnGt33hdJ6t+oXqu+d6P6K9c9puPPP6tj1hP5udziWDsO6NCj0sEXnlRld4JHD+nAQK8GH39K5vPPLmYH5/brqcf3qW/HHg0Ov6z3ru2STkpbv7JO0kul8khOez/bK9O8VuN30auN/dZ3sXjFQ989quHBR3VosFer+T8HAAAAjURgFQDgq6v/ft37lf+ud//Hr2tu4lzd55ubHNO5H3xXvbcOaMPA3Uu2B0ilU1rfZ6qv95ymp87q4vQWTRk7ZbZ2LRnLHjB07pdqsfYRtfYNTafTyufzSx6rt8ZxvuTKqs9kMpJjP9WqtZQmk1nOWHV76Za1nnw5u9XrRVn58hhWYNXansBqY8/Stb+My77fbFBWZykoO69U4YbazAltWfuR1nfPKJNJSVq6FYNpGBo/P6TRD99tyGP/kpTOtmv3l/9ILZse0Pj4eEPmXLn6tKlfGr44LinEo/W9W5XTG7oyJg0sad6rrTnpDffKwHXs3pvTsbeGtEcnNLjnQAJjhjByRWMaKO+PekUjkrZK0tCrOjY8qEcPHShvl3BUB1+09Rs4oEOHSmscO/68nn3xqPYcOqAB9Wnf44e0T5I0pKMHX9RfHN+tx/cNaM/gsN4aH5e0V5/t65P2Sq+eOqUR7dVX+kr3oLbvYkxXKhdQLbe1d+lJAAAA1A1bAQAAAnX0bte9v3ZUfTt/vmFzjp8f0tBr39Hoh++qmF9Y8qh5Kp1W17qMdt1yVXd3v6a+/AllZoeVKk6rWCyUHj83l+4pat8ewPlYvn1rAOfLnqy++Xy++hH/yiPyporlR/Ptf/bH7K0MUvv4znprXLc6+1+hUKjMbX/5lN/67UHfUtsFFQp5maYh0zQq921hYVbFuXF1Fz/Q7u7Xde+297Wpb1aZbHrJ92CapiZGzunD46/oygdvNyyo2rH+Dt37a0el3j2anp5uyJwr3cCeQenEW+XHzcd0/OUT0uAe9704+3Zrb25Yb5wqZ6oPvVrJ6rSCo8NvWI/pD+nVY8PK7d0dJkyovt17lTvxol48kdNiHNB/zN6tuaq1n3ojYkb08BtavJRjGs7t1e7KYkd0Zaw07vGXF19iNXb8eR18/nhlK4K+Tf1Sbqt6NaSjBw/qaOW5/VJQuH9TacDerTmdePlljfRvUl+538gbb0i2+xPnuzj2annCsVNyu/yBA4f0eJj9aAEAAJAYMlYBAKG0dKzTnftf0KUf/jed/e7XZRTm6z6nsTCv0aGf6NrZU1q37Xb1bd+llvY1S9qt6Uxre+eUjOI7mpxM6dKNbZpWv9SyVtlsW1WWailQaVRtHSBVv0TKqrdecmXV2YOYUimDNZvNVsr2wKWVJZrNZpXJZKoyXe316XS68rIq+56nFnumqvNlWNYYzmzU0lqtoHK6agz74/2V/umUDKOgVOGGWsxJbWm/oL6+62pfY/Vb3KKgMk6hoIkLZzR29pQK83PRv9wabN7zq8p95nc0OT2rwnz9f4c3jYEDemr/83r24MFSObdfTx3w2oyzT/u+sl9vPPusDh6TNLhf+3PSG1btvsf16MWDevbgsdKJwUd1qBzU69u9V7ljx/TswYuLmaBVQ+/W3pw0LHtwM2DMfQ9q8NiLevHgCUk57d8/uLiYMAb7dfHZgypd+aAePVR+sdbAZ7U/96yOPXtQx5TT/kf3K/diOTvUuR7ltP+pA+qTdOCp/Xq+Ml55rQPW5ZWuX3vLUePerdLwiPZ+xXaxUb+Lxx/VxYMv6uCJ0voHByXHbrAaOnpQL299iuAqAABAA6VMNmECAEQ0c/WUTv3Nb2v22geNnTiVUs/W27T+9t1q6+z2bTo3W9D4TLeuzvZrIb1BylYHZNPpTCWgaSkWiyoWCqVH+7PZyp6kVuDS+ei+/fF7576r9qCpvb+93qqz+tszTK05rD97QHbpbVkcwwqcmqa55Bqt6zOMgsqbEyhtzCtrXFd39qo2do6ps9NQOuP9QEsxv6Cxcx9o7NwHMgp53+8gaZm2bt3x4B+oa/vnNDGxyl9S1XClvUgvPnhInvG/CBoZBBw6elAv6lEdSmLhACI5efKkHn744WYvAwAAV1NTUzWPQcYqACCytRt3a88/+2ud+T+/p8tv/UXjJjZNTY6c0eTIWXVt6tf6HXepo8c9MNPekdXWjhvaap7W7I33NTbdpatz/cqne2Rm1yidrg44GkZRprGYBbo4pT0gWp0F6nwBlD0T1t7fvuWAfd9USVXjWJmm1hjOoK7fHFUvmpLKL/QqzWEYhoqFgorF0hYDaXNBbZpST8tVre8aV+eagjKt1j8J3IOq+bkbGjv7vsY/GpLpeGFWI3Rte0C7v/QNFbO9Ghur74vUVqJXXnlFr7zySiJjHTp0SKV9Q1/W1qce174+lbcCyGl/r3Tw4MGgIXzGlaQhvXUip71P9cUeK/qcJfWebzl5+OGH9elPf7rZywAAALipkbEKAKjJtfe/ow9eOqjifO3/a18ca/o2acOOu9S5YUtwY9PU9PW8rs306tpCvwrpbhnpNluDtNLprNKZtNLpjC3ouRiwzJQf7bez2kiq9LMCo16P5ocJmjqzWQ2jWM6EzVTaWP1M01zyeH+pvqBCvqC0uaB2Taq37arWdUyqa21RmezSl1A5zV2f0LUP39PkpfOS2YQM0VRat+77Ld3yD57Q1PUZzc01dtuB1Wzs+PN6dnFjVQ0+mkC26tBRHXzxhHL7G/fIOhmrQPOQsQoAWM6SyFglsAoAqNn81AWd+pt/resXTjZtDdm2dnVvzamn/zbPLFY70zA1O7Og6bk2TS30aiq/QUaqXWZmjVItaytBT3uw0h5wlRYzQe17rlqBV6t/oVBQsVB6oZPV3wrMOh/ddwZNrTmswGlpjur57fullsYsSjIqj/i3a0w97RPq7pjX2q5U1dheigvzmrw4rPHhIc1PT4b8BpLX2rVVu770DXVsvl8TExNVe88CAJa/06dP61Of+lSzlwEAgCsCqwCAZcM0Cjr/ved0/nvPNSez0aZ1bZd6+rerpz+n1jVdofqYpqm5G3nNzLVqamGdZua7lFeHjFSbjFSrzOwaZTItlS0ETNOQUVx8kZW1L6vbnqal/U7TlX1bLVGCqvY2pbqiisV8JRu1JbWgtDmvzsyoulqn1Nk+r/a2olraW8Ndv2FoevSiJj46o+krI5UM22bpu+MLGvjFP9B8Mavp6emmrgUAEF0+n9f58+f1yU9+stlLAQDAFYFVAMCyM3n+B3r/2/9KC9cvNnspkqSOnvXq2bZd3Vtzyra2R+q7MDuvhQVDc4UO3Sh0aa6wRrPFtcqbiy/CMlKtMtIdlS0E7Jmuiy+JSiuTaakEVp2Zps5sWHtA1spAlUovmkqbC8poVmsyM2rP3lBHZkptLQtqa5Fa27O+L55yKizMa2b0oq5fGdH06EUZ+YVI96ceUplW3f75f6eN931F4+PjKpSzfQEAK8vY2JiKxaLuu+++Zi8FAABXBFYBAMuSUZjX8P/7hi784E9kGsskMJZKqWtTv3q2bVfXpm1KZ4L3F/VSLBrKL5jKLxiaL7RovtCuuUKb8kaHikZGhWJp7GKqTUaqLWC0amlzXq2pG2pJ31Brel4tWUNtLXm1tRTVkjXU0ipls+GDp3amaWp24pqmr17U9JURzU6OS1o+/wzou+MLGvjC76mQ7tT169fFP1EAYOU6ffq07r//fnV1hXtyBACARiOwCgBY1mauvKsPXnpS05febvZSqqTSGa3p3aA1fZu0tm+j1qzbqHQ2m+gchmHIKJoqFqVi0ZRhmKVj0ZRpSplMSulMqnRMp5TJmMpk0pEyToOYpqm5qXHdGL+qG+NXNT16ScWF+cTGT0rL2o3a+Qv/QT07fk4TExPK5/PNXhIAoAZnzpzR9u3b1d/f3+ylAADgicAqAGDZM42iLr31lzr76rMqzl9v9nLcpVJq7+otBVnLwdZsW0ezVxVLfm5W06MXdf3KBc2MXlJxGTze7y2lrXu/qtzP/hvNFdLspQoAK1g+n9f169d17do17dy5k6AqAGDZI7AKAFgx5qdGdPbVQ7r646PNXkoobV09au/qVVtnt9q6etTW2aP27t5mL6vK/Mx1LUxPan56UvPTU5qduKa5qfFmLyuUzq33a8fP/67mW2/Vj370I83OzjZ7SQCAmNatWydJ6u7u1u23387j/wCAFYHAKgBgxZm68Pca+tunNXPl3WYvJYaUWtesVVtnj9q6etTa2aP2zm61dfYo0xptL9WwjEKhHDgtBU+tzwsz12UaRl3mrKeWNRu0/bNf06b7fkmmWdoywXrhl6TKy7zsR+f5JMt+81vlqP3DjOPXL2o7t/bOY5j+SR7d1hG3fy3toqzD+btLpVKSFPqYTqdlmqbS6XRD29WyzijHJOYPO16UdlHPu40bdhy3cpjx7GVL2PHjtnObx60eAIDVjMAqAGBFMo2irvzkf+rc//1Pmp/8qNnLSVwqk1E6nVEqnVYqXf6cKX1OpTOlAE+xKNMoyjQMGUZRZrlsGIbM4jJ54VeCMq1rte0Tv6ltn/hNpVvWVr2Yyu2fImHOJVn2W48zCBe2f1L1SbX36x+3bD+GaeN1DHvOr3/cILDbPbHYg1BugTdnfZjgotfnOHMkFWxN6ui25qj961Ef9rzf57D945Sjng8K0oYdFwCA1Y7AKgBgRTMK87r4w2/p/Gt/qPyNsWYvB3WQSrdo68d/Tbd+8rfVsmZ9qAxRZ4ZVULukyrW2CzqfVL29XT0zU61xkxovzLHWTNeo1+f3uwvKUAzKqPTLAHVrH3RMerxajlHuQ1D/WtqFqQ9z3mucKP3jlBvVzi/oCgDAakZgFQBwUyjMX9eFH/ypLnz/RRUXZpq9HCQipU0f26/bPv1v1dZza1U2YJhMwTDt6lX2axfmOoLaJ1XvdYzbbzkeax0jqM7Oft4rGBWU2VjPY73a2q8hyjXFGT9s/6Tr43wOM1/Ufl7lKP38gqRRzwMAsNoRWAUA3FTys+O69MNvaeTkf9HC9OVmLwcxpLPt2nzfL2nbJ/6lOvpuX5KJ6MwUtPhlEDrLqVRqyXhRymHn82vnlSFqv54w7cPUB60v6Bh2/JvlGOZ+e/2ugo5StExKt/ZRjkHjhS1H7Rd0fWGPUfsHtY9aH+Z7ilKO28+vbInSL+55v6AsAACrEYFVAMBNySgu6OpPvq0L3/9jzVz+cbOXgxDaurep/6f/hTbv+SfKtpfeDu0XRHUT1C4oGOrsFzZ4GmZ+t89+43m191pn1P5+9V7t4/av9eg1f9RyUF3U78vOOuesD5MBGPTZ71yjj9bnMOuMs+6o1x2mPmjsKOOHWWOU/vUs+wVBg/oHtQcAACUEVgEAN72pj97Qhe//sUZPvSyZRrOXA4eu/p/Stk/8hjbc9UWl0lnfTMCw593Klqj94gZXvfqFyXwNah/UL0p9lExUe/t67ska5pjUPFHuX9DvMMxRCp9ZGHUP0SQzRaMea50/av+gdknUhznvNc5yKUc9b+fVHgAALCKwCgBYNeYmzuvC63+mS2/+pYoL081ezuqWSmvD7gd1y888qu5b9lZOe/2TIig4Gqd/I8q1tgtz3u1z2Pqg8f3ahxm3UePEHc/vs7N9mCC9n6iZg2HOu30OOoY9F/VY67hR+wW1i1sf9rzf57jtwpa9gqB+5aTPAwCAEgKrAIBVxzSKmjh3XFfePqLR914iyNowKa27/We1+d5HtOHOh5RpXSspemaqJWz7oLJ9vCTKXvNFzVQN079R9Um1b0Z/S9Q9baMEVZ31XuUwmYH2cpyMSrf+UTJAw46f9LxR2tej3mv+sPc/bP96laOe92tn8ToPAAAWEVgFAKxqxfysrp36W11++6jGP/w7ySw2e0k3nY71A9p87yPavOdX1Na12bet1z8pwp4PGzQNey5KOU6dV3DV63Oc9knUr/T2fvVBwdawv6ewwmYGepX92rm18QoyBtX7jRW1X9hxk1h31Ppa2/tdQxLtnMIGP8OOF7c9AAAoIbAKAEDZwsw1jb77N7r89lFdv/BGs5ezorWs6dPGe/6RNt/7j9XVf3+oPl4ZgLWcj9uuXuVa24U5vxz2ZI3TLolxo15/ULswvyOLW71fEMytXZxy0Pko9VH2Rg3bPql2SdTXct5r/Cj9kyjXq12YcQAAwFIEVgEAcDE7fk5X3jmmK28f0ey1oWYvZ0Xo3PIx9e78vPoGPq/uWz6uVDobeYygf1J41fsFuYLahZkjyjhen/3KtbYLmr/WfkH9kx4nyny1nI9Sdvs9OcUJRnm1cwvKupXjnk+qPso4bp+TrI+zvrDn47arZ9kreO8mqfMAAKAagVUAAALMjp3RxNnXNH72NU2cfU35mavNXtKykGntVO+OT6lv4PNav+sLau3cVNN4cTICnee92rv1t2c2+o1Xr3K99ly1X3+Y9jdLfdz7G/b3Eub3GOco1ZZ5GNTfrZ1X5mWYvU69zi/X+lrb+92vuOPFKfu1s8RpFzRflP+RAACA1YjAKgAAEc1cfV8TZ1/TxLnXNHnuuPI3xpq9pIZZu/FO9e38vPp2fl7dt/600pnWuszj9U8Lv8xBr3NeQbEwfetVDgqCBgVLvT779fdqH2c8v/XXOl/Y+jDtkyrbz3v9/sIKClIFBcvc2nl99is7j2HHDeoXtn/Uz7VcR9T5g8px+8UtB33/buVazhNMBQAgPAKrAADUaPrSO5o4+z1NnDuuyXPHVZibbPaSErN2051au+ludW27X707PqO1G3fVfc4omYJxzjvHb3bmqlvQspZ2SWR2Rp03ynhJz1evstvvJ0xQ1a19mIxBe7uwmYphyn7tomZixt3DNOm9T4MybuNcZ5R2Ye9vnHKUfm6/p7DjBZ0nuAoAQDgEVgEASJBpGpqfGtGN0Q904+oHunHtdPnz+8rfuNbs5bnKtK7Vmg13qGP9Tq3ZcIfWbCgdO/q21y0jNSyvf2LECa6GGd+tXZhzccv16Of12at/Eu2jrjOp80HXUMv37nferZ1fcCpMkCqonVswLW7Z67O9XI/zbp+jrjPOdYW53ijzNKNca7sw5wmmAgAQHYFVAAAaJD87rhuj5UCr7W9ufFhS/f+rtLVzkzrW79TajbvKxzu0ZsMdauvur/vccQRlCjrrvTJP3dpH6R8lszFMOer4buvzauc333LZ07XW9dV6f+3t/X4PQb83v/ZhgqxBQVR7fZwMxKBx6t0uzri17GXarOutV9mvXZjfiVe7oPkIrgIAEA2BVQAAloHC/LSM/KyK+dny8YaM/KyMgv3c4tE0isq0dCjd0qFMy5ry0avcoWx7d7MvsSZ+GYVuQTCvPmGDomHPNbLs9dlejhKMDDtelP5+8ye9/rjlsN+/X/skBQW1/IKvYc6HLfuddws6hu3v187rc5j+SV9n3HZJlaOer7V/1HoAAOCOwCoAAFjW4mQSOs97tY/SP854SZVrGafWTNWw7cLME6Vdrddfy/cdtb6Wo12Uer/2SZXruedovfrHbbecyrV833HPu80PAACCEVgFAAArhtc/ObyCal79/IJwYfsnMX7YcqPH8QpuuvXz+tyI6wlbjnveXu/3+6pF2KBWUNDNq51f/zDleveLMr7X57jtlkO51nZJnwcAANEQWAUAACuCVyZhUH0t553je83nNp5zz9Z6loPW41V2uz6vfknMH2W+sOW430fY349ffRJHKXwGYZj+cdvVs1zL3qm1lpt53bWOk8T3Hud3BgAAwiOwCgAAViS/f374ZSaGCZp6na8lCBtm7KTKcfvGDY4muYawZa82Ub9ft/Zh65MQNsjlF3SrpX29yo2c1+tzM8q1jBP0/YeZN8z4BFMBAEgOgVUAALCi+GUAetV79fdrH+Z83HZuZfv6wq7Xq+w2Xq3ri1uOmokbZ76w9zXs9xy2f5JHKdnMVa/zcdvVq9yseetVblS7MOeDfi8AAKB2BFYBAMCK5/VPEb/zbsEzr35hg6Bhz0UNnkYZpx7lpIOuSa2vlvNB379ffT2EDXp51YcJqvmN4zcuZf9y2Psbpl09zhNMBQCgfgisAgCAFc0rwy/unpq1nHcru83nNl49MjkbUbZfX5j6MPcjzP2Jen/Dfv/Oer/29ThK9ctcdesXphy330oqJ90uzvcT9XcQ9/sHAADJIbAKAABuGl5BMnu9X9+w44UdP0r/JNrUEryMst6o5VquJ+r9j/v9h+nfCFGDYl71Yc+HDaL69Y8773IqJ93Or1+Y+xq3fdh6AACQDAKrAADgpuKVieiXKeisjzqeV/so/eOM5zZ+vTJd46yn3tcf9/uK2j/o6CXqOEHB1KB2SWU2NrJdreVaxnG7b0n1i9q/lu8r7O8DAAAkj8AqAAC4aXn9EyUoKOYXdIs6T5jztbQLcy4oWBmlX5x1Jn0fwpwPCnpGaefXL+ngqZcoQVev+nqcDwo2hu0XZfx6jFNru3r1j9KPYCoAAI1HYBUAANyU4mY2BtXXo33c/lHGC5vJ2sjxo15/mPNB34dfvV97p1qDqW6ZiJag/mGDtXH7x8nQjDpf1PEaMb7XdYa9/ij3PenvqZagPQAAiI/AKgAAWDWCgmZxznuN53UuTBDT63yU/mHORQmqJr2+KP2jjlNLG68gZ6N4BV/DtE+iPmqw0W+cMOtYTuPVcn21nE/ifgMAgOYgsAoAAFaFoMzEOPXL5Xw92rndt0b1T+J7CfO9x23fiKObsO3j1jfyvNd64rbz61/rOqPcz3rc/7DfKwAAaDwCqwAAYNUK+ieMV71XUC5Mv3qc9wsSNrt/lPNR541aH3b+KP2TDp4GCdu/XvW1nvcLGq6kcZNqH6UfwVQAAJYfAqsAAGBVipO5WEu91x6kQePVY/yw80U9H/V6wpyv5/fl1T5u/1qCq0GZi379owZv49bXkoEZp32UDM5mrC9K+7D1QeMSXAUAYHkhsAoAAFAWlMkYpt5v7FrHizt/EuM3av31rK+1fTN4BV/92tfSLkr/KP2a0b5R6/e6j1Hmj1oPAACWBwKrAAAANvXKnAzKlExivCTPu82f9PUncd/8+kdtF3RMWtx1RMlsrDWDstYMyyTPu82TVPuk15XkfQcAAMsXgVUAAIAAQf/UiVsfN/NyuY4Xd56k6sOuw699vYOpYcUNroXtF6beb5ywQcw48zbjfJh+ca4r7n0EAAArQxKB1XQC6wAAAFiWnJll9qMlbn0qlar82c+n0+nAfstlPHu9dT6dTnv2S6VSnuuJUm+f22t9cdr79fcaL27Z7+j1vbn9+fXzau/3fYcZJ8zvwGvcoHmDfn9hxvM7WsLM4/Y7iTKf3//9cNYDAIDViYxVAACwqkTJhIxbH6cuTMZoUH2j5/OrD7OGuOOF7V/LeGF4zRc36GZv34jM1SjjRBk/aN56zhd3PWHrCaYCAHDzIGMVAAAgojAZcbVmugZl0LnVB2XUxc3w88tATbo+KEPRr12YTFW/++rW3228JI9e8wV9X/Y/r0xfr4zToMxgezuvdTjHi1vvd51xfq9B/7nxGtf+n9egerejVzDWWU9QFQAAOJGxCgAAoMZkst4s9VaQqZZxoo4Xpr/z2Che88cNxkXtF7Z9mPqkMjvrsO/dHAAABVRJREFUVV/P9UdtBwAAVjYyVgEAABIQlNFm16z6pI5eGahu9W7tvPbm9Bon6T1V/fqHGa8ee6wGrcNr/W5/cTJevdq7tfMbL2icoHU14mhxq4+SmRp1PgAAADdkrAIAAARIYo/QJPcsDbOmZqynEe3j9m8GezCvlsxVeznqvGHb11qfxB6lYded5HrJTAUAYPUiYxUAAKBBwmTQxcmIc8sE9MvUDFpPnPn86oMyXKOu329855/feqNmpob5c64/yl/YTNYw34+zv73s1d55HVEzXv3ahV231zFoD1S/7znueixB63G2BwAAiIKMVQAAgBoklWFqb2cFf+LUR513uWWmJt1/ObIH92rdgzXJzFS38RvdrhnrAwAAqxMZqwAAAE0WJXPPL+POPp5f5mvSma1xM03r1T6ov98erEllWMY9eq3H/pdUJmuUDE+3flHue9B11jqedXTb9iDo6NeeoCoAAKg3MlYBAADqoNmZoPagUhJ7xIZp38j+XuO5je88es0XtuwWtAsqx+E3X9T+Sc4Tp33UdSc5PwAAgBsyVgEAAJYpZ9AnTsZdUPswma3WuSgZhVHah92DNUr/JDIivTJD3fZAjVr2my9Khqbzet0yTKNktvr1TzKzNE57S5KZqARVAQBAs5GxCgAA0ETNzmxdLv38xklivOUk6eBg3PGS6FeP9vZ+AAAA9ULGKgAAwAoXJ7PVal+PTNRaj0nN55Zx6fXXyOsLkzHqV64lszVovrDjWX/2313cTFVLEpmobusDAABYzshYBQAAWAFqzdxsVKars7/1WVKiwbJG7qkateyWoZlkZqq9HGd8v3Gi9He7zrD9AQAAmo2MVQAAgFXCGcSKkyEYpX+tmad+e7wmkVkaZY/TMJmktZaT3HM16BhmvrgZr406AgAA3AzIWAUAALiJNTrTNcw4zXzMOyiTNCgDsxkvTKo1QzTMeHEzT3mRFAAAWKnIWAUAAICvJDNdk840rUcma1KZrvbr92tfz6Pb/Yi7t2nU+xLm6Pa7AgAAWE3IWAUAAMASYfYojTNevca/GXjdD7eM0FoyRN3mSWJcAACAlYSMVQAAANSFW0ZinMzXMJmW1l8t498MxzCZwZZaMmfd5rEQVAUAAAiPjFUAAADUjddenstlz9WVwC9zFQAAAPGQsQoAAIBlLczenKs9U9Xr6JfJCwAAgOYjYxUAAAAAAADAqkLGKgAAAAAAAAA0AYFVAAAAAAAAAIiIwCoAAAAAAAAARERgFQAAAAAAAAAiIrAKAAAAAAAAABERWAUAAAAAAACAiAisAgAAAAAAAEBEBFYBAAAAAAAAICICqwAAAAAAAAAQEYFVAAAAAAAAAIiIwCoAAAAAAAAARERgFQAAAAAAAAAiIrAKAAAAAAAAABERWAUAAAAAAACAiAisAgAAAAAAAEBEBFYBAAAAAAAAICICqwAAAAAAAAAQEYFVAAAAAAAAAIiIwCoAAAAAAAAARERgFQAAAAAAAAAiIrAKAAAAAAAAABERWAUAAAAAAACAiAisAgAAAAAAAEBEBFYBAAAAAAAAICICqwAAAAAAAAAQEYFVAAAAAAAAAIiIwCoAAAAAAAAARJRt9gIAAAAAAAAAoNm++tWvetb9+Z//+ZJzZKwCAAAAAAAAWPXcgqd+5wmsAgAAAAAAAICWBlG9gqoSgVUAAAAAAAAAqLCCqX5BVUlKmaZpNmJBAAAAAAAAALAcTE1N1TwGGasAAAAAAAAAEBGBVQAAAAAAAACIiMAqAAAAAAAAAEREYBUAAAAAAAAAIiKwCgAAAAAAAAAREVgFAAAAAAAAgIj+P8+HhUbPETdEAAAAAElFTkSuQmCC" height="600" width="800" />]]>
  </system-out>
</testsuite> <!-- testcases.LoginTest -->
