<?xml version="1.0" encoding="UTF-8"?>
<!-- Generated by org.testng.reporters.JUnitReportReporter -->
<testsuite skipped="0" hostname="LAPTOP-JEI8AS0O" name="testcases.DashboardTest" tests="2" failures="0" timestamp="2022-05-29T16:02:24 EDT" time="0.614" errors="0">
  <testcase name="getDashboardQuickLaunchItemsCount" time="0.321" classname="testcases.DashboardTest"/>
  <system-out>
    <![CDATA[Actual:6---->Expected:6
<img src="data:image/png;base64,iVBORw0KGgoAAAANSUhEUgAABVYAAAJcCAYAAAASBf/6AAAAAXNSR0IArs4c6QAAIABJREFUeJzs3XecVdW5//HP2nufMmd6Y2aYQhk6SLWgCAj2qNGosYtiyc01NzFXkptoEsvNVdMsib/cxJgbDGrsYsFEjIIKKoo0EQakCEOdOdPLabus3x/nzMDAwECilPi8fRGZ2WuvvfaZ7R/5zrOfpbTWGiGEEEIIIYQQQgghhBAAzJgxo8cxxiFYhxBCCCGEEEIIIYQQQvxLkWBVCCGEEEIIIYQQQgghDpIEq0IIIYQQQgghhBBCCHGQJFgVQgghhBBCCCGEEEKIgyTBqhBCCCGEEEIIIYQQQhwkCVaFEEIIIYQQQgghhBDiIEmwKoQQQgghhBBCCCGEEAdJglUhhBBCCCGEEEIIIYQ4SBKsCiGEEEIIIYQQQgghxEGSYFUIIYQQQgghhBBCCCEOkgSrQgghhBBCCCGEEEIIcZAkWBVCCCGEEEIIIYQQQoiDJMGqEEIIIYQQQgghhBBCHCTrcC/g89IYa6K6dRubmjeztW0729t30BBrJObG8LQHOjVQgac1E0qO5xsjp2MoyZaFEEIIIYQQQgghhBAH56gOVhNugpV1VSzY9i4r61bTGG/EJRmiKhRKKQCUAqVVMltVYHs243qNkVBVCCGEEEIIIYQQQgjxDzlqg9WqhnU8teZZltevBA0GCmUYWJhAsirV9VxyAzl4aNrtNpRSOJ7D6IKRjCkaeZjvQAghhBBCCCGEEEIIcbQ6KoPVtQ3r+cl7/4PtJTANC6U0OlWl6mkPx3PID+ZzSunJJLwE7+5YlKxW1RoPuGrIpVjGUXnrQgghhBBCCCGEEEKII8BRly62xFv4+Uf343gJLMNEJxNVtNLYnkOWL4NLBl7IkLxBLNz+PnM3v4GHxlCKhJtgSulkBuVWHu7bEEIIIYQQQgghhBBCHMWOumD1lY2vsSNSS8gMdn7P9hwsZXFh//P4auVXaIw18uCy31HdugXLsFKVrBqf6WfasEs7e68KIYQQQgghhBBCCCHEP+KoClabYs28uul1AoYfDWitcbXL+OLjuXzwxVRklfHaZ2/wyKpHAfAZFhpQSpFw4kwbcgUFoYLDeg9CCCGEEEIIIYQQQoij31EVrK5v2khzooWg4cfWDnmBXG4Yfg0TSk8g7sb57bI/8MbW+ZjKwsBAo1EKHM+hT1YF51aedbhvQQghhBBCCCGEEEII8S/gqApWP21ch9YejnY5pXQiVw+9jMJQPnXRBn7x0a9Z07gGS/lQil29V7VGo/n2qG8S8qUd7lsQQgghhBBCCCGEEEL8CzhqglVPe3xcvxpTmXxr5Dc4rc9kDGVQ017Lzz96kHVNG/CbPrQGdPIcBUScGDcdcwND8gcezuULIYQQQgghhBBCCCH+hRw1wWrUieI3fNw5/jbGFY0CIByp585FP2Nb23b8hg9I9lPtSFejTpwLK7/KVyrPOIwrF0IIIYQQQgghhBBC/Ks5aoJVQxl8e/S/UZjafMp2bX697HdsaduW3MxKadC6c0MrQxlcNvAirhj6dUxlHubVCyGEEEIIIYQQQggh/pUcNcFqmpVGmpXskaq15i9rnmNx7RICVhoxHJRW+E0/peklHN9rDCeWHM/AnL6HedVCCCGEEEIIIYQQQoh/RUdNsLq7jc3VzK/5kBPLJtE3rYC+6SX0Si+iML2IglABShmHe4lCCCGEEEIIIYQQQoh/YUdlsFqeUcwfJ/8M5Tp47XVY0WZ0wka7teA66GAOyh863MsUQgghhBBCCCGEEEL8izpyglXtoeNtYEchkIHypcE+Kk99zVvxVr2Kt3YeTuNWYlonN60yTLTpx8wrwygbjVU5EbPkGFQg8xDfjBBCCCGEEEIIIYQQ4l+Z0lrrw7kA3R7G3rAAd8MC3LqNkIhCMAsztxyzZChm3xMxCweBFdh1TqwZr3kburUWr7Ead9sK3J1VeK1h6AhZAVAYhQPwj74Aa9g5KH/64blJIYQQQgghhBBCCCHEUWPGjBk9jjl8warnkPjkZRLvP4rXtA0MI9kbVRloz0PhoTUow8TsPQLfmK9hDTwVZQW7nU631+OG1+Gsewt7zesQbQXDQANKa8zewwlM/HfMiuMP7X0KIYQQQgghhBBCCCGOKkdssKrjLcTfehB7+UtgmMk/AJ4H2t01ThkoQGuNAsw+4whMugmzZOR+5/eatpJY+RL2h0+gXRtlWmjXAaUITr0Z/5hLwThyuiAIIYQQQgghhBBCCCGOHEdksKrtCNEXv4ez8QOU5QdUMkzVYJQOxywfh5Geh3YddPM2vPB63JpPky0CtAemj+CFv8LX/+Qer+WG1xKbezfe9tVg+kBrtGsTOOEqApO/A8r84m9YCCGEEEIIIYQQQghxVDnyglXtEf37vdhLn0f5Uj1TPQcjPZ/AqbdgVk7a+1V/18Zr3oqzbj6J5bPRjdvAtEj7+q+x+p7Y8yVjzcT+/jOcqjfAtNAAToLgmT/AP/qSz/0WhRBCCCGEEEIIIYQQR7cDCVaNQ7COTvYnL+EseW63UNVFpecnQ9LBZ3TfP9X0YeT1w3/CdaRf9Sf8J1yN9lyiL/0QHW3q8ZoqmE3wrNuxhkwFx0YByvQRn/sz3PqNn+8NCiGEEEIIIYQQQgghvhQOWbDqtewgNv83YPmT39CA9kg7/2cYhYMPaA6VXkhgyn8SuuhX6EgjiY9fPLDzfGkEz/gRqmgguC4oA5QiPu9+8JyDvpd4PE4kGsXzvP2O01oTi8Voj0SIx+MHfZ2eJBIJ2iMRYrF/fm7btolEIkQiURKJBI7j7PP+DrTI2XFdotEokUiERCLxT6/xcPC0R00kTNSJ/cNzJFyb2kgd3mHaJ04IIYQQQgghhBBCfP4O2Q5O9tKnINoMVqpa1YnhO+k6zNLRBz2XNWAKoUseIvbWQ/jHXorypfV4jgpmETzjNqKPTwc8MP04G9/D2bkKq/eoLmNrampZ9MEH5Obm4HoeEydMwLIsWlpaeH72bObOnUtLaxsPPfgglZX997rWtu3bWbBgIW+//Q6fbdpELBYlPy+PEcccw6RJEzn5pJMIBAL7XW9jUxPvv7+IjIwMmpqaOHnCSeTl5aG1ZvmKj3nttddY+cknNDU1EQqlUdm/ksmTJzPllMmkpfX8eQC0RyIsXbac+fPmsWz5ctrb20EpTMMgNzeHwsJepIdCBINBQqEQza0t1NWG+fa3v82woUO6ndO2HZavWM5bb7/NokUf0NDQgNaazMxMhg0dyqmnnspxxx1Lbk5Ot+d/2riBD3d+RIaVTn2skTG9RjG2aP+blQF8uHMpGxo3EjAD1MUbOLvPqZRnlbFk5zKWhVfiaodcfw5RN0a7HaEl0YaLQ8gKURTqxeDcgQzLH0zaHlXTbYk2vj3/+xxXNJYZ4/4DQx3c7yI0mv/75DEWbHuPBybfQ1F6r4M6XwghhBBCCCGEEEIcmQ5JsKrb60isnJPcQApAawik4x/zj/c4tSonkxbKS851oOcUD8XsMw5381IwLZRS2B+/vFew+snqVXzve99DA+PHn8CUyZPZsXMn37zpW6z6ZCWmYaIMA/8e4WhbWxuP/vkx/t9v/x8+n48RI0ZQUVFOIh5n6dKlLFmyhKeeeopJkyZx15130rukeJ9rjUaj3PajHxGJRDBNk1defolgMMjPfvELnnzySRQKy2ehPU08kWDFihW88MILnDB+PD+79x7KSkv3+1msWl3FHXfcwUcffUTffv244frrGTt2DKZh8vHKlcycOZP33nuPzMwsvv71r+M4LnXhOpqam4nHu6/eXPvpp9z/4IO8+cYbmKbF5Zdfzvjx48kIhVi/cQOzZ8/myaeeYsjQIdx5++2cdOLePXLjdown1j6Lz7DQWtM/p89+76NDbXuYWWuexJd6xk4sPo5yYHn4E57f8BJpZhoeHlcOuoTyzHISXpwNTZ8xb+s7xN0YlvLRN7OCGeO+TXnWrs+uNlJH3Ivzzrb3OL//2QzKG3hA6+mwrWU7czb9DUuZxJ2js2pXCCGEEEIIIYQQQuztkASrTk0Vur0B5UtVA7o21vCzMTL/ueo9s+SYgzvBsLAGTcXd/FHn1+7Gd9GxZlQwu3NYeigdn8+HbdsMGDCASCTKf3zrP1ixbBm5+Xk4CZt4Ik56KNR5TiQa5Rvf/HeWLFnCz+69l4knn0xObg6WaeK4LjU1tTzw4IO8/PLLzJ8/j5bmZh6b9Wf8fn+3S00PpVNYWEh1dTVZWVn4fX6+e8v3+HTtGu695x5GjBhBXm4e9Q31zJ//Fr/93/9Fa49F77/Pt79zM08+8TjBYDc9a4HVVWu49LJLaW1p5dJLL+WO239Cenp65/HBgwdx5hmn818/uJW/v/l32tva+cFd3yMQCOyzPcCSpcu49rrraGttYfDgITz0m98wcEBl5/GTT57AFZddxrPPPc+Pf/xjrrl2Og///ndMnTKlyzyu0gQMP6ZhoLXGVL79/0xT/JYfv+nHVCYKhd9Mfq6WYeE3/Gg8snwZnFd5FsHdqlLPrzyHXy75DZtbq9nY+hl3L/4VD0y6h7RUFXRjvDnZ+kDB7PWv8v3jvnPAVaue9nhszdMoFBpoSbQe0HlCCCGEEEIIIYQQ4sh3SHqsupsXo3YLozQaq/8EQB2Ky3dh5PdDd1xXGXhtdXitO7uMKcjPx/FcANLT0vnDHx9hZ20tf5o5kxdfeIHnnnuWO++8C9veVYHY2tJKS3MLr77yCl+74HwKCvKxTBMAyzQp7V3C3T/9b0455RRM0+Sjjz7i5Tmv7nOdlmWSFgyglMIyTX70k58Q8Pt45eWXuPiiixgyeDC9ehUydMgQbvr3b3L/ffehNQTT0li2bBlvznur23mj0Sjf+/73icfjFBQW8sMf/FeXULVDVlYWd//PT8nOzuYvTz7BI3/8Y/LzMwwMo+tj09DQwE3f+hbxaJS8vHwe/v3vu4SqHfx+P1dcfhlfOeccPNflmzfdxKbNm7uMybTSUUqhNXhocv1Z+/yMdhc0/KnHSaOUIsOXCr0NhVIGCoUyLGJu16rRsszefPOY69Daw6f8bGvfzsq61Z3Hd7bvTAa1hsV7Oz9gY9NnB7QegNV1a3h3xwf4jWTIWxsNH/C5QgghhBBCCCGEEOLIdmiC1R2rwdhVHKsMCyOn96G49N6UiTJ3q4LU4IU3dBnS3NKMZZoEAgFmvzSb1157jeeefYapp0ymT0UFgwcN4orLLqWoqKjznLS0IPff/ysGdBModggEAtz079/EcT0sn8Xs2bOxbbvbsZZlYfr8KKVoaGxk1erV3HvP3WRmZnY7/swzTueqq64iGo0SCPh5/vlncZy9N+b6ZNVq1lRVAYqvfvWr5OXl7XO9+fl5nDr1VPz+AL/73e/ZWVOz1xitNb956LeEw7W4nsfN3/kOfSrK9zmnUoobb7gB0zJxHYff/vZ/u2yG5WgHUKDAUAZx3f3ns6eQlZbsCqEUKIWtk8F4ppWO1h6u1gQMH35j7yLt3hnFpPsy8PAwMNjcWt15rCXeiocHWqHRPL32BTy9/03LABzP4bE1T2Mo1ZH30hhrOqB7EUIIIYQQQgghhBBHvkMSrOr2OuisWNXJitFg95sXffGL8ZLhG8kwTxkGXkPXqklNMtRDKWrDYb7/ve9TUrzvfqiQrPAcNLDn/pulpaXk5uSglMGWLVuIxePdjjNNk/RQCM/ziMfjfOc//oOMjIz9zn3JxRd3nru6ag3tkcheYxYvXpyqONWMGjVqr+N7GjxoEIZhEIvHWLps2V7Hd+zcyVNPP0UwmEZ6KMQZZ5ze45x9+/ahuLgYn8/Pa6/NpaGhsfOYaVi7HkoNQXP/m3x1iHgJfMpMtQ8wCJnJ1/1z/dk42sVQCksZdFcl7Xpu8pEgWSWbF8jtPFYbrQOdqrJWFh/WLmVj06Ye1/PRzmV80rAaS5mgkuc3JVoO6F6EEEIIIYQQQgghxJHvkASryVLCjqrEVIIVbdzX6C+WMsCx2T1g0/GuAaTP50ejcR2H0tJSjj/uuM/t8gG/n/z8fLT2cByH+H6C1bRAANd1sUyTUSNH9jh3Xn4eubm5aA8ikXba2tr2GvPZpk1YPgtQZGbs3QJgTxmZmZ0bhG3bun2v4wsWLMS2bVzX5dhjx1FYUNDznOnpVPavRGtNLB5j9epdr96nmcHkk6I1Gt0ZkPYkzQzi4aG1RqEIpHqstrsRLGViKIWnOypiu6qNhGlNJD+rgOFjbK/RAMTdBDvad2IaJsloNPnP42uewU1VxHYnakf5c9WTWMrCVMkKWaUU4UgYzYFvtiaEEEIIIYQQQgghjlyHJlhVZtevPRuv9fD0m9TRJvTur3J7HphdN0jq6I3quC7Dhw0jtNsmVf8sT2ui0UjndSyr+/3DtE72ClVKEQgGyc/f9yv7u687Py8vFf9BLLZ3aJufn4/rJgNIz+35lfampkaUoZJ9Rv1dPyfP8/hw8WJM08RxHE44YTymae5jpt3WaVnJAFhrHMemdbcA2Jd6VjR02YSqJxm+tM5NphTJyleAlkQblmGljhlYe7QCaE208fiap9FoHM/h+mHTyE1LVlO7nkNdtB6Ac/qeRdAMYCmTxTVLWNfQtX3E7t7fvpgNLZ8xMKeSCyrPxfFcFIq6aD0J98BaGwghhBBCCCGEEEKII1v3qd7nTGXk4zVtRXUGrAp384f4Bp5yKC7fhRden9qjPVVDaxjsucm7aZqgkx0D0tPTMc1/Ln/WWtPU3Mz69Rt44i9PUFsbxlAGhmng93W/671SiubWVvx+P4ahMA4gsPQ8D9uxMYzkZk2BwN6v0R87biwP//73mJbJ5i1bepxz/boNnb1LBw0a1OVYIpFg48aNGIaBaZq8OW8eLS2tNDTUk5mVTSDgIxgI4mmPWDROLB4jGo3Sq7CQj5YswTRN2tsTtLXuVlmbeidfpf7n2XUv0iutANOwaHXaMJRJ0AxiYBD1YrieTchMY0ekBqWMLuEqgJGar+MnnnATBM0ALfFW1jSs47GqJ/msdTO5gWymDbmC0/tO6VxKxI7SnGjB9Ry+0vd0/IaPp9Y/j2VY/HHVLH5+8l2patZdonaUWWuexFImXx94ASErxNPrnsdUJi2JFqJ2tLOaVgghhBBCCCGEEEIcvQ5JsGr2Goi3ZSmQDKGUaeGseR198r+hgtmHYglJro27+UNIhWHJTYU8VE7XzZaUSkavWoNh9Bxo7qmxsYlNmzexYeNGPl37KZ+uX0dDfSOJRIx+ffuRl5dHQ309Zg8Vqx1Vq4Zh0N7Na/178lLndNxDZjc9WceOHUteXh7NLc28+cabXDPtanz7WENLaytvv/MWSilKSooZMWJ4l+PtkQjhcDgZ5CpFXV2Ydxa8Qyg9nfRQiEAgQDwexzIN/H4/juPiuA4bNm6kT58+VFSUo7WmpGSP/rWpFrgGis9aN1MTC2Ng4jf9+AwL1/NIaBu0h9YeaVYaTfHmXefuNZdOVYyG+fF7/0O2L4OaaB0NsQZGFYzk1IopnFAyjtKMki6nhqN1OLj4zQAZ/nTO7nc6z6yfjWmYrGn8lI/DnzCmqGuf2jkbX2NHpIbRBcdwbNEYNjZvwkgtqsluPaCNr4QQQgghhBBCCCHEke/QBKslI7D107u+oQy81jD2p/Pxj7zgUCwBALd5G+72VbD76+DaxSge2mVcsk9n6u/egQdh27Zv55lnn+WZZ56hsbGJAQMGcPrppzPtqqspLy+jtLSUWDTKFVddTUNDPZblIxKJ4Pf3XMGo1N6bLu01BlKVtgq/308sHiObrC5j8nJzueuuu7j5uzfz0ZKPmDPnVb52wfl7zeVpzR/+8Ah19fWYhsntt9++V1DrsywSqR6xkUiEO35yOyefPKHLWg3D6BISdwS/QOffk5tp7Sa1WRQovjv6Jvrn9O3x3leFq7jt/f9mr2RVg06FqznBPECxon4VlrKwTIvLBl3I4PzuNx1rjDXhuDb5oTwMw6AgkM9p5ZN5c+s7mMrkT6sf5/6CYfhSrSQao408s/5FlIJrhl6OaZhk+jJBKRRguwlaEq3kpeV2ez0hhBBCCCGEEEIIcfQ4NMFq72PAFwTP3fWqtxUk/taDWJUTMNILD8UysD95BdwEWEGSiZuGYDbGHkGX53nJ18lVMmA8EKtWr2b6dddRU1NLRZ8+/N///ZFjx47d63X8lpYW2tvbAQgEAqg9Q8UUpVTnplEHyjRN/KkNr3w+3z7D2K+cfRaNjXfy4IMPcNuPbqOltYUzTj+d3JwctNbUhsP86U8zefTRR8nLy+NHP/4Rp06Zstc8GrBSrQws0yQSiXbbY7WjV2znfR0Qhatd/Eb3rRL2lqxK3eu7Ktmr1UOTZoX44bibeWjFw6xuWIPjOvxq2UP8fMJd3YadO9p34qHJDWYTMJM/x4sHXsDb295Do/msZTPvblvEKRUTAXhh/RyaE82cVHQCg/OSYa3f9BEyg8TcOFp7NMQa6ZtdcYD3JIQQQgghhBBCCCGOVIdk8yojuzdG3xPQ3m47shsmRFuJzb0HfQg29HGbtmB/9BSYfjo6buK5mKUjMNK77mTv7V6legDhZktLK9OnX0dDQyO9S3vzxGOPMeHEE7vtcerYDo7j4HmagN/XuVHWnrTWpGek4zjO3mvaB8MwUYDruliWSSit+023DMPg6quu5Ne//g1KGdxzzz1cdfU0rr/xRqZffwNXT7uG999/n1tmzOCVl1/m4gsv7DYQTQsGKSsrxXWTgfm27Vt7XGNP9B6vyjva2cfIrhztJv+iOuZJVcPqZJWsAcScCMUZvfjumH8ny5+s5K2J1HD/st9id/MMbm3bgYEi25+FkWrEW5rZm3P6nont2VjK4rG1zxB3E9S2h3n5s7/iM/xcNeSSzt6rShlk+rOST5yCmkjtwX0gQgghhBBCCCGEEOKIdEgqVlEmgWMvJbLurd2+qcHy465bQPzNnxM89b9SoefnTyfaiL9+D9qJo8zdKiC1i2/omZ09VzskQ0wFqAOqWH1z3pvUhmvxWT4uvuhiKsrL9jve81w8z8M0rb1fg09RSmFZPhzbxvX7yeimX+qe4ok4tmOjFJiGiWXtuz/sBx8u5q6f/pTp06/jsku+jt/vI1xfj9aagrx8cnNzCAaD+72e3+9nzJixLFu6DJRiddXazlf+/1G25yarhVMfu+MeWLAacZP3rUkGqXYqxC8I5mN7Nj7ThwKiTozi9CJ+ctz3+f67P8FSFivCK3l09V+44ZhpnVWvrueyM1KDRpMfzO8MVgHO7nsar26eC1pTG6nlbxv/zrb27cTcGGdWnEplbv/OsSFfkExfJjWRWlw0rYmee+UKIYQQQgghhBBCiCPfIalYBTBLx2CVjYY9gzLLh71sNrE3fo5ORD7362o7Suz1u3E3Ld4jVPUglIvV/+S9zumoDlUKPG//warWmgUL3yUQCIJSlJWW7nd8wk7gOC5+v59oLNql5+iea0gkEqnWCZpQqPvq0925joNt21imhUYTT/U/3VM4XMfV067GtW2+/a2bKC8vo6ioiBHDhnHM8OGUlBT3GKp2+Op556JVMmSdN+9NamvDB3TevrS70eRflEKhaHUO7JlwvAQKAwPwtEfUjQHJClhN8vM0lYlPJX+XMDh/IDcOv4a4l8Bv+Hhx46ss3Lqoc76oE6M2EkZhkO3P7HKt3pklnFl+KrZ28Zs+Zq15ije3vI2lLM7rf3aXYNln+Mjwh5I9Y7WmMd70j384QgghhBBCCCGEEOKIcciCVWX6CZzyne6DRMuPveJloi/egle3/nO7pteyg9grt2KvfgPMrr06tWPjH38Nqpvemo7rpOoWU9vT9yCRSKTGa1paW/Y71mf5aG9vRym1z2pVAMdxaG9vx7JMtIaGxp4DOa116rX8ZAeDRKL7FguzX3wR23YoKCzA5/vnipaHDhnCaVNPJR6P09bWxmOPP35Q59fV1XV5JvyGiac9FJCMRA+sz2zICqbaBiT7qSa85L3XxZrwGSZKJdsFdHwf4Jz+ZzK1bHJnuPrAst+yofEzABpijTQnWlAG5ARz9rreVyvPJmgEUp0iNAkvwZTSiVTm9OsyzlAGWf4sNBpDKWraw7gdbQuEEEIIIYQQQgghxFHrkAWrAGbpKPwnXgN2rJuDPtxNS2h//HoSHz2BbvvHe1HqeBv2Jy8R+csNOOsXdq1URYHnYORX4B910T4m0Hg6GYTFE4l9VpVC8pX9sWNGk0gkMA2Dt+e/1dkXdU/xRIIHHngAx3FwXXe/rQAcxyEWj6FU8tX2aLTnys1YLE4sFsfzNIahyMzsvn1APB7Hsiyqqtbw8pw5hOvqiEQiOI5DJBIhGo0Sj8f3eR+7MwyDO+64naysLEzT5I//9388/eyzPZ6ntebZ557ndw//oUuFZ9xJoFKv82v27rm6L42xZkwMQKM1+FSyDYKjE6loVpFwExi7XctQBjcMn0ZRWi+09nC1y92Lf0Vbop2EmyDhJVBakZPqx7q7koxippZPxvbszk3Ovj7ogi4tAzrkBrPRaBQGNdHaA25vIIQQQgghhBBCCCGOXIemx2onRWD8dbibF+NuX4WyAuyqSNRgWuDEib95P4klT+EbeR7WgCkYOWUoX9r+p/ZcvOZtOJsX4Xz8Mm7NWkClKlV3C0a1C1qTdu5PUf70bqfKzs7BcR1Mw8Sxe95Y6+yzzub+Bx7EdV0WL1nC7x7+Azdef12X1+nXrFnLXf/93wwfPpz+/fuzefMmqquraWhspHdJyV5zOq6LnbAhFTLuq/p0d6H0EIl4HK01nqf3GQhPnTqF3zz0EIlEgttuvY28/Hyys7MJ+P1owO/zEQgGCQQCFBUVMWzoUE466UT69e3b7XwlxcX88ZFH+OY3/42GhkbuuOMOtm7dxhWXXUrJHveWsG1Wr67iTzP/xIsvvsjDv3+4y/G4G8fTHpZhorRHmx3t8b4BLMPE1g5+lfy2SOXsAAAgAElEQVR5NyVaKKU3cTcVjKtksOrusQlYdjCLHxz7XWYs+BE+w0c4Gub3H/+JIbkD0VpjKnOfPWMvGnAef6+eR9y1ObbXGMqzuu+tGzADGBgopWiINRBxogSsvTc2E0IIIYQQQgghhBBHj0McrILyp5N2wS+JPHEduqU2GaZ2GaDA8qNba4kv+AOJd2di9BqAWTwMo7ASI7sErGCyV6tpoltrcBuqcXeswttZBfF2QIHRza1pjfY8gmfdillyzD7XuGPHDlzHIW7HsBOJ1EZT+94IqqSkmF/+4hfc/N3vorXm179+kHcXLuSE8Sfgs3x8vPJjli5bzoz//E8uu/QSBj03iB/88Ic01Ndzw43fYNLEiVx00UUMHFDZOWcsGqOmZmdnn9S2ttYeP9vGxkYSdgI7YdPU2EgkEiUtbe9AetjQoTxw//385qGH2LJlC+FwmJqammQbAcA0DZJZpMJQCmUYBAIBLr/8Mm7+zncIdTPn2DGjeebpZ/jFr37JG2+8yUO/+Q2z/vxnJk6aRP9+/Qilp9Pc1MTijxazcuUn9O3blz8/+mcmTeza49bTHp720JhowHa77xO7173HmlPVoirZSiCVKRsYONoloEzink1jvImsQNeeqYPyBjB96JXMrHoCv+ln4fZFfLDzI/yGHw8Pq7tnCeiVXsjpFVN4ceOrXD7wom6rVQHSrXSS22op4m6CumgDud20FxBCCCGEEEIIIYQQRw+l9/ee+xfIbd5G7OmbcJu27fGqfjc8D5Lb/wDJwA+l0B3Vh6mKRKWM1GZP3dAa7TkEJt9E4ITpwL53rl+3bj3PvzCb/IJ8XNdh+jXXEAj0XGG44uOPeezxx1m06AMa6usxTJPs7CymTjmV6ddeQ//+yf6brusy59W/8uGHH2IYBsceO45JEyeSm7ur3+vOmhpmzXqMgoJCamtrOe+8cxg+bNh+r79u/Xpmv/gSBfkFhOvquOH66eTn5XU7trWtjfsfeIAnn3ySUaNGM2jwIEqKS8jPy6OpqYma2hrWrV3HshXLcRwH0zSJRiNcccWV3HXH7fsMmh3H4eOPVzLnr3/l3YUL2b5jB47jYJkmaaEQEyacxDlfOYeTThzf7YZc29p2UtNeg8/04XgORaFe9M4o7vGz39D0GW2JNpRh4LoO/bL7khPM5rOmzTQnWjAMA9dzGZo3iKC198ZccTfB0prlhKw0fKafdCtIwnNpd9rpl9WH7MDe7QAAWuKtbGjZxKiC4fsMVmsjYba0bsNn+nA9l/7Zffc5nxBCCCGEEEIIIYQ4/GbMmNHjmMMWrAJ4TdXEXr0Td+sKsHyQ6pG5P5qukeieX3d/oWQlZmDKd/CPuwL2EYDt85pa7/N18O7G1tXVEw7XkhYK0auwkPT07lsOHC6LPviAW2/7Efl5+dx55x0MGjgAv9+/1zjbtvl0/Xp+9rOf8+GHH+Dz+YnFYrz80ksMGzqkx+u0t0dobGqkubmZtLQ0CvLzycqSQFEIIYQQQgghhBBCHNmO+GAVQMeaiS/6E/biJ5OVp3u2BjjQedgzYE3tK+86GJm9CH7lDqw+J/zzCz7KVa1Zy7nnncegQYN46i9PkJ2d3eM5LS2tXHvddaxevRrbTnDHHXcw7aqrDsFqhRBCCCGEEEIIIYQ49A4kWD240s0vgApmEzzlP0m77LeY5aPBczorTA9qnt2/0IBrg+fhH3MhoSv/KKEqEE8kuP2O27HtBDNuueWAQlWArKxMrrjicmzbxjRM6urqv+CVCiGEEEIIIYQQQghxZDvkm1fti1V+HObFI3A3vEVixWzcLSuSAasy0Ur1/Cq+1qBTPVcNA2vYGfjHXIxZOuaLX/xRYsOGjaz8eCVZWVn069f3oM6tKK/ANE0cx6FPRcUXtEIhhBBCCCGEEEIIIY4OR0ywCqB8aVhDzsYaMBV35yqczR/ibHwXL7wxWcmqkxtYKc8FI7kDfHKzKgWWH7PXIMy+x2MNmoqZX7nvjay+pBoaGkjYNv5A4IA24+pCAVpjWRYDBw3a71DP89i2fTt2IkF6ejpFRUUAxOMJwnVhXDdZkZydlUVOTg5aa2pqakkkEmit0WhM06R3SQmtbW04tk1BQQEAjU1NuI7T+XWHRCLBjh07cF2X3Nw8cnNzOo+1t0cIh8OAJi8vr7PPa0NDA47j0KtXLwCamppwUnPX1dcTaY/gaQ+FIic3h+zd+sO2t0eora3FMBRFRUUEg0Ecx6GmphbHdUAn++36A35Kios7fzEQj8cJ19XRq1cv/D4ftm1TU1tLcVERtu0QrgsnPwOtSUtLo1dhYZdfKriuS01tLVprSoqLMQyD9vZ2wnV15OXmdt6b4zhs276dkuLizv65sViMurp6evcuwTCM1HprKC4u7tyMrLW1lda2NnqXlHT5fF3Xo6amhng8RjAYpDh1T4lEgp01NWitQYOnPTIzMsjNzWVnTQ2GUp1jW1tbaWhoJD8/j0AgQE1tLZ7ronXymcnISKegoICamhoyMjLIyMgAIBwOk5aWhuu6NDQ2YlkWSikc2yYYTKO4uGi/z6MQQgghhBBCCCHEF+GIClY7WQHMsrGYZWPxH38Nuq0Wr7Ear3k7OtqUDK3sGIY/hErLRuVWYOT1wQjlgXWQgeGXiM/vwzJNEokETU3NlJWWHvC51ZuqicVijB47hsEDB+xznG3b/G3u62za9Bm5ubk0NDYycsQxnDJ5Eo2NDTz7/PPk5uaCp2lqbuYrZ51FZWV/Zr/8EpZpkpGRied5pAWDnH3WmXy84mM+WraMb1x/HRkZGSxe/BGtrS1cdOGFnddMxOO8PGcOLW1tmIZJQ2MDF55/Pn369GHnzp3MfullLNPE8vlobW3la+efT3l5Ge9/8AENjY1cfcUVACxfvpy6+gYuvuhC3nrrbbbt2EFuTjaO7RCNx/jqV86hvKKcuro6nn1hNn6fRSKewPL5uPzSSwB45vnnycnOJhgM4HkeeTm5FJ3RqzO4rK2t5bkXZnPlFZfTq7CQ5uYWnnv+Ba65+irq6up4+dVXKUoFvQ0NDYwaOZKJJ5+MYSS7dsRiMV56+RXa2tu4Yfp0cnNzefe991n+8QomnHgiE046CYB169bzwksvcc5ZZzF69CgAampqeOa55/nKWWcyfPhwWltbefaFF7jh2mvJyMxEa83f5s5l0+Zq/u2G6ztbRSQSCf76t9fYsm0rOVnZhOvrGTFsKKedeir1DQ08/exz9E6FvJ7n0b9/f44ZMZznnn8B13W54brpZGVl8dbbb1O19lPOOO1UykrLeObZ58jLyyMQ8GPbDv379SMnJ4e/vTYXn9/P5ZdegmmavDFvHkMHD8bv9/PR0qW0t7eTSNjk5uRQXFxEcfHpB/wcCyGEEEIIIYQQQnxejsxgdTfKl4bK7YOR2+dwL+WoN2zIEHJyc6ipqWXZsmWMGD7sgM6LxeM89sRjKEPxo1tv22+16/Lly6murmbaVVeRmZlJTU0NTz7zLAMHVBIMpqE9zUUXXEBGRgZvv7OAdxYupKSkGMdxOGXiRIYMGZKcSIMyFKCJxWIsWPguZ591JspQqD22Kaurr2fzlq1Mu/IKCgsL+XDxYppbWnBdl9de/zv9+/VjyimTMQyDpUuX8tIrr3DDddPxWb6ucymVuiYk7ASjRx7D5EmT0Frz0iuv8P6HH1BaVsrfXnuNIYMGMvHkk0kkErw293Xq6uspLChAex7nnH0WhYWFydvQujMU3XUZhd/n67hkZ0Wq52lCaWlccvHF+Hw+1q1bxyuv/pVRI0eSk7OrAtfn8+GzfGzfvoOsrCy2b99OwB/A83RqHo+Vq1ZRUlTEso9XMGLE8GSVJ8mWGm/Mm09lZWVn2NvRobixsZHa2jDZ2Vms/XQdxx93LADLli9nx44dXJP6me7YvoMPFy8mHo+jANMwuOjCr3V5LiKRCKaZrIqtr68nLS2NmpowgYA/2bUjtWfeV889Jxm0p3ieh9/vY9OWatauXcuwYcPwtMbzNEOHDmXw4MG8++57bN2+jUsuugij8x6EEEIIIYQQQgghDq0jPlgVn5/MzEy+/73/Ysb3buG+++/nuOOOZcjgwfs9JxqLcfudd7JkyRJ++MNbO8O27mit+XTDBsaM2hUE9u7dm/KyUtZ+uo5jRgxHGQaNjY3EYjHC4TBZmZlYlkXA52PJ8hVUb92afD2/sJDjjj0W19P0qahgw8aNVFdXk5mZSUtTS5fr5uXl0auwgGeff4E+FeUMHjSI/v3709raSn19PWedcXrn6/DDhw/nvQ8+oLY2jGF0E8ol8z4sy6KmtpbVq6twXZdwbZgTjj+O1tZWdtbWcvZZZ2FZFpZlceHXLgCgtaUV0zRZsPBdMjIzcByHvn36MnzY0M7plWGg0by9YAEBf4BINIKnNUopDENh2zZVVVUEAgE2bvyMXr0KCYVCu33G4LMsBg4YwI6dO+nVqxDTsiguLsZ1HSBZ6VpfX8fll17Kk888y86dOykrK8PTHtk5Ofh9FgvffZdjx43DMs3Ond8+XrmSYUOGUFnZn1dfe40xo0dhWRYrP1nF2DFjyMrKIhaLEUoPMXnyJCzLQmuNpz3eeHMePp+PWDzOKZMmEgwGMU2Lyv5lbNmyhWAwSCDoJy0UxPPc1P0avP3OAkKhELZtM2zoUPr27YNhmAweMIC33llAaWkpacE0HMdGKZUMg1P/tlLhtBBCCCGEEEIIIcThIMHql8yFXzufhoZ6fvHLX/K1Cy/iZ/fey6RJE8nJzu7Sy7O1rY1PVn7C/Q88wLLly7nzzjuZfs01PW4i5joOltX1sTINE9tOpL7SzPnba1iGQVZ2dmfo6XiajPQQvQoKcZzka96QbC3Qp6KckSOG88ab8ygrK8U0u1aABoNBLr7wQtatW8+n69bx4iuvMGnCBCorKwG6VIwqlax49TwXw4CAf7dwToORmtswDJqbW/hk9Wo2bdrE5IkTGTlyJLW1tZ3z7KkjZMzOyiI/Px/HdcjMSO92XCiYRnrqmE5tuqaUwnFcNm7azIaNGykpLubrF13UGQonx4DtOFSUl7Pm07Ws/GQVvUtKiMfjdCSkVWvWkJGejtaa/LxclixbRllZGQpFwOfj9FNP5bnZs8lIT8fv92MYBrZt88mqVYw//nj8fj+R9ig7d+6kvLycRDyOLxVifvrppyx87z1s2+H8884lFEpHocjPyyUQCGDbNpZporXGdV369e3LuvXrSdg2FWXlNDQ2pKpVNZ7WZGdnkZuTi23bpKUFgWQf2uOPPZZ1G9bz1jsL8DyvSwje8dEnv9/1WRBCCCGEEEIIIYQ4VCRY/ZIxTZN/+8aNHHfcccx89FF+/OOfEEoPMWTIEPLz8vDQtDQ389lnm2htaWHSKZP5n//5KYN72LAKksFgae/erK5ay9ixY/H5fLS1tVG9dStnnnYahmFgKIPzzzuX/Ly8zlAvHo/jOg4jhg9nQCoM7aC1JhqJcuL48ayqqmLFypUMGzyky5g1a9dSvWULZ5x2GiNHHsP777/PylWrGTFiBP5AgPXrN3RuULWleguO41BYWEhtuI7tO3Z0zhONx9BeMuRMJBIMGTyIk048kTfnzaNq7RpGjx5Fbm4yQNy+fTv5+florXnttbkMGjSQoqIitKc5/vjjOjeR2pP2PJQyOOGE48nKyqKxsZE1n65NhrKeR1paGl899xy2bNnCiy+/Qk1NDX367GqDoQHHdcjOycYyLT5aupQLvnoe69etx/JZ2LbN6qo1KKV45dW/4jg2W7duIxKJ4PP5iMaiFPYqZNLJJzP3738nPRTCsix27txJNBpj9Zq1VK39lEDAz7LlyykvL2fgwIGsXfcpo0aNZOTIkRQXl/CXp58ikbAJhTQoxQknnNAl5GxtbcVxXXJzk6HpipUrueC886itC6daASR/tuOPP55Q+q7w2XVdXM8DpZh08sn8ceaj2I7DgP79unwGQgghhBBCCCGEEIebBKtfUmPHjGbsmAfZsXMnmzZtZsuWLTQ1NZGWFiQYTKOiopz+/fp19go9UMeOHcv6DRt55tnn6Ne3L1Vr11KYn8+ggQOoq69Hk6wwDQaDnedonQznPlqyhJ07a5KvtGs49thxGIYiHotjmianTZ3KzFmziCcSXa5ZUlTMnFf/SiQSpXdJMUuXr2DUqJGEQiFOm3IKc/76N1rbWvFZPpYuX87ECRNIT0+nX98+vLNwIS/PmUN2VharVq3m3HO+AiSD1UQ8jlKKkydM4JGZM5k3bz5nnXUmZ55+Oi/PeZVwXR1NTc1s2LiR8eNPQKde6X/7nQXk5OTgug5pwTTGjh3TWfHpaY32PKLRGFlZWTiO0xkyep6H6zq4rkvfvn0ZecwxzH7pZa6ffi2ZmZkdHxaxaIxgIEBp796s37iB/Lw8VkQiFBQWsnnzZqLRKN+4/nr8AT+O4/Dnxx5nxccrKe3dG8dx8VyX4cOHsWzFCurr64nH4yz68ENGjx7FKZMmoZSirq6OWU88waSmJk46cTyzHn+CJ59+hsp+/aneWo1SitzcHDzPQ2uPefPmEwj4cVyX4qIievfuTTweJxgMUNSrFztrasjLz6e9rR3P80juQKeZ//bbZGVl47oOmRkZDB8+HO25qZYD6ZwyeRJ/fW1u6pwk13FxbPvgH3ohhBBCCCGEEEKIz5F555133nm4FyEOn8yMDMrLyhg+fBjjxo1l1MiRDB82jLLSUtLT936NvSfBYJCBAyqJxmKE6+vp368vp0yeTCAYxHU9LMukoqysM2jsYBomlmWRSMRxXQ/bsakoLyfg95Odk0NBQQGhUIj0UIiCggKKUhWoHdccUFlJfV099Y0NDB82jHFjxmCaJoWFhZSV9qYmXEc8EWfCieM55pgRKKVIT0+noqyM2nCYaCzG8ccdx5DBg1FK4XkexUVF5ObmYlkWZb1709DURFlpKUVFRZQUFbNt+3ZCoRBnnXE6BQUFncEqCmw7gW07GIairLR010ZRWmP5fFSUl3e+4q+Uok9FBZZlEQymUV5WhmEY9O5dguM4hEIhsnergDUMg94lJWRmZpGRkUFlZX80mvy8POKJOP379aO0tDeGYWBZFjk5yeCysLCAtLQ0SkpK8Pl89C4pIRgMUlxcREtrK+PGjCEUCmEYBqFQCKUUmRkZ5OXlMXBAJbZtUxsO06tXL6ZOnkxhYWHnJlSu9nBsm4TtEEpLo6ioF6Zp0K9vX7KyMsnJyaZvnz5orSkpLiYrK7uzwtW2E9iOg2lalJWWYpgmxSXFZKSnk5+Xj2kalJWWdlYBa63Jzs6muLi4x9YUQgghhBBCCPFlEIlEWLRoEQsXLmTOnDksWLCA6upqmpubKSws3Ov/g3/Rkvu0/JCKigp69+59SK8tDq1f/OIX3HfffTz++OMsXryYkSNH7ioOO8q9/vrrPY5RuiMZEUIIIYQQQgghhBBHjUgkwty5c5k7dy6RSASAtLQ0AKLRKAChUIgzzzyTM888s8vmyF+kP/zhDyxcuJCJEydy4403HpJrikPvrrvuYsGCBSR2e7N48ODB3HHHHZSVlR3GlX0+ZsyY0eMY2flFCCGEEEIIIYT4MgnP465p05hZ9Q8e70HVzGlM+4dOrmLmtLuYFz7Qsf/4Gv8VRCIR7rnnHmbPnk1FRQU333wzs2bN4uGHH+bhhx/m97//PTfffDMVFRXMnj2be+65pzN8/aIsWLCAW265hYULF3b5esGCBV/odcXh8c4777Bt2zbC4TBXXnkllmWxcOFCWltbD/fSDhkJVoUQQgghhBBCiC+dSqqf6S7ErGLmjEfZcDiWJA5YR6haXV3NlVdeyW233ca4ceMAqKqqYs2aNYRCIcaNG8dtt93GlVdeSXV19Rcarj7++OM88sgj1NXVdfl+XV0djzzyCC+88MIXct1O4XncNW0mVXt9bxp37fGgH1D4XzWTaXvOd0RI/lJh2p5/7prHAf1OYn/C87jrAH+5sWTJEurq6mhububYY4/l1FNP5ZRTTkFrzdKlS2lubv5nV3NUkM2rhBBCCCGEEEKIL6GJEytYsDLM1Km7bVpctYj5U6YwZf78Xd8Lz+OuLmFrJdfedwdTC1PH/hcmVjzKo/OBKbdya5erhJl31wwe3TCFW2dNZ2jn1x1TXct9d0ylkCpmTruX+QAzprH51lmcu+MuZmy+hFu5l3tTy5ly6yymD+3mZva3xm6OV157H3d0HKyaybR7d93vPq9xBHnhhReorq7mxhtvZOLEiUCyOvSJJ57oDE47WgB87Wtf62wD0BFwXnXVVZ/rejZv3txjP8oXX3yRcePG0adPn8/12p0KS6jgURZVTWdox8+vbjMbKiupXLCS8NSpJH/iVSyaD1NuPcJ/yD3o+pwm/7uaMbOEWYfo4V2wYAETJkzghz/8IXl5eQDccsst1NbWsmLFCiZMmEB2dvYhWcvhJBWrQgghhBBCCCHEl9Ex46lYsLJLlVvVovlMGT9+1zdSgWTFrbOYNWsWs2bdx7WVG3j0f3erjtvwKAv63Jc83iXUSYWoFbcya7dQdcHE1NhZs7i14lFmzKwChjJ91q1MoZJr79stMJp/L890zH3ftVTf283r/z2uMVmFu+v4rVQ8OiM5T9VMpt0Lt6bWk7zGgbYjODzC4TCvv/46Q4YM6QxVN2/ezCOPPEIkEqG8vJzy8nIikQizZ8/ufA1/4sSJDBkyhNdff51w+PO9wblz5x7QuC+2JcBQxk+B6h277q1q0XymXHIJFRs201lHG95BNVMYf3TnqnsoZOolU2D+okNaYTt16lR8Ph+2bXf+ufDCC8nPzz+Eqzi8JFgVQgghhBBCCCG+lIYyvmIBKztzqCoWzd8jcCqcyh2zdq+MK+SYiZV7zFPJxGMK2VPVzBk8yrXc13Fy1Rwe5Vpu2q1Cduj0W5ky/5l9B5mVu40vnEoyO9ojOuphjeF5zzC/8lrO7Tw+lOmzZjF9aJh5z8xnyq3TGbrbXDddC4/OOfJeAO+wdOlSAM4888zO7xUWFnLGGWdwxhlncPfdd3P33XczduxYIPnKdoeOczrm+Lzs+fr/vlRXV3+u191TQZ9KNmzuWEuYHdWV9Cn4/+zdeXgU153v/08vEloQSwshMFsTEEY4+BmEx4BpIDjYJNeeeJlfEMuMA8mMk4sJ8LMSJoxNwLE95BLjCzEmk/ySxww3iGXuxE5iPzGOYwKSDdiAJ3YMRhgjgTCbWhgE2nqp3x+9t1pStySkFnq/nkdx6DpVdapO9amqb3/rVL4mz9yj4GFTVaGTo0ZoQKDUW0/F9Th98+UiH80PBf4v6a2nHtFTb70Vmv7UW7rkH54g1vqOvRT2aH97BxA+9lLEUAHB4RCaPO7ftvGKv/zlL8vj8ejixYuqr6+Xy+VSVVWVLl++LIfD0WJw1ePxqL6hQXX19TH/GsJehpXsGAoAAAAAAIAeKn/ycO0KDAdw7ID2zJysRZIONCkZ9qi+JI2a1vKC96zVWkmjFo5X8Gn8c6elk3tU9MiWqMKjtLC55QwfrPCQ7YARo6SSc7qkwTEKx65jVcVJafgcNQ39VqnipLRn7SPaEz1pZrNb1uUqKiokKTimquR77D/88f7du3fr448/Dk4LCMzT0RmrgXW15kYHVnPGT9OoLQd0bFG+8i99qBJN0+IcSSNGac+BY1qUn69L505r1LT7fcfDsZdUtGW4Vm5drXz5ApsxH6dvttwAvfXUWp1euF5b787xZ0A/pRFhw1Cc3FKhOVu3apH/+CzavFDrt25Vjj/T+tVjd2tRvi9wu/b0Qq3ferdy/NndT70VNmRFi3w/EmjmSv+PBMf00trTWrh+q68ex17SI2tf1bG7w35EaIctW7botttu03vvvaeKigo99NBDyszMVGlpqd5//309+OCDeu211zR9+nTdcsstMZfx+eXLqq+vjzmtb9++6pWa2gE1vfEIrAIAAAAA0FPlT9Zwf8BFB/Zo5uRFUsTDxKFg5Sh/8OjSW0+pqLUnukct1PrF0uaizXprfNhYp8ExVTtSG+vo1x3GVA3XWnbohg0bghmpY8eOjTme6o0OcDbnRr04KyhnsIarROcuSflVFTo5fLLvWBs/TaNKzumSBujDEmnaYv9oqwf2aNTC9cFgY/79CzWqyB+YDVvssQPhQUspf9FWbZWkS2+p5OSo4PKUf78Wjiryj13s+2jUwvv98w3QiFHSqGn+HxtyBmt4cA2X9GHJSc2cs9r/3fA92r9lV/jYsJGa/CAwKiw7XPlatHV1aOnnTktha2urzz77TK+++qpGjhypgQMHauzYsfrss8+0bdu2YBm73a5BgwYpIyNDb7zxhiZMmKCxY8eqV69ewTIWi0WZmZnyeDxyuVwR6+jVq5fS09PbXdfOQmAVAAAAAIAeK1+TZ67VgWOTpT0zNXlR1ORjB7SnLcHQ4YOVk5OvOTO3aO3mtzR+9d3KGTxc8o91GfeyTp/TJeUHy8fMPm2ljqEs1/yo6b5AV8m5S1J+x4Z6b6QBAwY0O62ioiIYVF2wYEHEcAFSKLA5fHj7g2zh60y0/A17gZXyNXnmSR2oCowX7D+gc8Zrmjbrw0uDVXFyuCbnSL6hAqSTe4oUmUQ9yheYDf7bV27UtBj7vapCJzVcc9p9+DSXPT2z2e9Lyz8IRL4kbtSo6OE72ua9997ThAkTNHDgQJnNZt11110qLy/XuXPn5PF4lJ2drZEjRyojI0NZWVnKzMxURUWFbrnlFuXkRG5FZmam6hsaIgOrJpMyMjIigrDJjjFWAQAAAADowfInz9SetWu1Z+bk2I8Jh7/459hLKgpEa+JZ9qKVmnlyiza/dcmfzbdHa8MHczz2kh555KXmX7hzcouCw51eeku79ozSwvtj1LKFOubcPUczw5cTHPtSunvOTJ3csjlsvMnAtOR9e1UgKBk+dmpATk6OlqLZ6gMAACAASURBVC1bpmXLlgVfbBUuME90kKs94n1xVVvLJ2rAiFE6fe6Yf3zVwKc5Gjz8pCo+PKfTweM8R4OH+7OcAy8v27pVW7eGZViHlQuN3RqxMo3SaZ1r9+HiC/LPXLk1qi5tfHT/2KvacnJm8KVsq+d0TCD9008/VZ8+feT1euV2u5Wenq78/Hzdfffduueee1RQUKD+/fvLMAy53W717t1bFy5cUF1dXZNlmc1mZWZkKDXskf/0tDSlpaXJZDJ1SH07A4FVAAAAAAB6svzJmilpZqzXpOcv0sqZe7Q28BKcXSO0fuVM6WT4S69aXLgWrQwEL3N09+qVmrlnbeilOmullcHgkS/bcEtRWGBz1Expl79s0RYNXxkd9IqnjvlatH6hTq8NvMinSFuGr/SNXZm/SOsXSluKQtNKpsU7rmXXCLyUKlaAsqKiQhs3btTGjRtjZpKWlJRELKO9jh07ptLS0oTmKS0tTTjLNRE546dJFQdUoWkKf6da/uSZOl1SorBoq/Inz9TJLa8qFLt/KmagP3/yTGnPgchyT72lSznjNW3USZUEvgzHXtWWk7Ff5tZKrTV+2ijt2RV6mdWxl1p+mVbrAgFf//irwVUN1nCF1/lA0zGGY7h8+bJMJpNcLpcaGxvj/pOkmpqaJo/8S1JaWppSAoFVk0lpaWkRgdbugKEAAAAAAADoSXLu1uqtd4d9kK9FW7c2++/8RVu1NWqIgNDk6GWFjT8Z+iCsvG/Z0SMOxFrXpbckaYTuXx2rfCJ1VIxtDp+0Ws1MSko5OTm699579cYbb6ikpCQiMzV87NTTp08rPz8ULA+80Oree+/tsIzVDRs2tGm+tWvX6t///d87pA5N5AzW8D1btGfmysjjZsAI6eTp0Hiokj+w/pSKHnnE/8EoLVwfI0u0SbmZWrnVN/TE3atXquKR0HACM1dubRr8j6fad6/WyopHwl7uFlpHwvxjvW4pekRbNEoLVy7UqLX+sWdz8nX/wlEq2uKv88yFWjhKai3UffnyZVkslpgB0paYzWZdv35dbrdbKSkpTaZlZmbK1dgoa0pKt8tWlSSTYRhGV1cCAAAAAAAgnO8FVNNuwMuuur/a2lo9++yzOnPmTJOxVAOZrNGfbdu2TcOGDdMTTzyhjIyMDqnHr3/96za9CGv48OExX6qF5PXnP/9ZJ06c0IQJE2S1xp+nefToUfXr10933XWX+vXrF7PMlStXlJqamnQvrSoqKmq1DBmrAAAAAAAA3UhGRoaeeOIJPfvss9q2bZsOHz6sr3zlKxo7dmwwoFpbW6uPP/5Yr7/+uj7++OMOD6pKihkcraioiBhTMz09/Qa+rAqd5fr16zKbzfJ4PAlllZrNZtXX18vj8TRbpm/fvh1RxS5BxioAAAAAAEA3VFtbq9dff127d+8OBjMDgdPa2lpJvsDm7Nmz9fDDD3dKnQLZsQHRGbXonsrKyrRp0yY1NDSoV69eysjIUFZWljIzM5Weni6TyaSGhgbV1taqpqZG169fV319vbxer+bMmaMpU6Z0aFC/M8STsUpgFQAAAAAAoBurra3V4cOHVVFREXw0f/jw4RoxYoQmTpzYqQGt2tpa/eIXv9CRI0dUUFCgRx99tNsF1ACJwCoAAAAAAAAAJCyewKq5E+oBAAAAAAAAADcVAqsAAAAAAAAAkCACqwAAAAAAAACQIAKrAAAAAAAAAJAgAqsAAAAAAAAAkCBrV1cAAAAgUcZ1pxr2bZK7/KCM2sutlfb/13Sjq3UTMMncd7DSH/hfMueM7urKAAAAAEmNjFUAANDt1O/ZINfR11sNqhqGIV9AlaBqfAx5r3ym2pe/19UVAQAAAJIegVUAANDtuE/tj6sc4dS2MWoudHUVAAAAgKRnvX79elfXAQAAIDGNcV6/mAitthXXiAAAAEDLrL5H5AAAAIAQrhEBAACAljEUAAAAAAAAAAAkiMAqAAAAAAAAACSIwCoAAAAAAAAAJIjAKgAAAAAAAAAkiMAqAAAAAAAAACSIwCoAAAAAAAAAJIjAKgAAAAAAAAAkiMAqAAAAAAAAACSIwCoAAAAAAAAAJIjAKgAAAAAAAAAkyNrVFWhWWbEWbyiVfd7TWjEtu+WyzhKtW7VfU55eodaKdui8ncBZsk6rtpc3nWCfp6dXTJOvymUqXrxBWr5Z88cE5hmq5Zvna0yzy2x++o1XpuLFr2hYku7zTuMs0bpV2xWjdX0cy7V59oWkPj4T4ztOS2NNcizX5vlddDQWL9YG+dbvLFmnVWce7Jq6lBVr8SvDwr7XnV4BFS/eoMpm+9zWpre06GL5uqh4+5ywYyWir0sS/vNTU4529qtJvt3dWMqcN5Q2LKvphOrXVPPSMx2yjrRF+5Wi5pb3pDKK7pP+OkW1uztkdQlLmfOG0nJOqP7Fx+TqgvU3ez0T1f87S9Zp1f4pN+D4d6pk3SqdedB3rdT9dWyfnch+79JzZbfW3HWQXfNuius8AAB6piQNrDpV8kqpHA6HSrfvVtm0GxgAzJ6mFZun3aild4wYQaey4sVatU7NXwDbK/XKuhJ9K3p6WbH/xmbojasv4hNx7DV3wzcm+Y/PhMS6efDdaKwb1oaAXQcYM3+zNnf6WpPY/l+pOHdF1HHoVMk6382gvTPqUHZIpckeWIxRP2fJOq1aXNz24Gp32O7urEkQtVDpjy1X1iJ1WHAVrWhyPeM79y0uDn2ePW2FbqrT3o3WQX02+72zNL0Ocpas06pVxcrtsoQHAADQHskZWHUe1f5yhx5ccYdUukGHyuZrTNSVRlnxYgUShuwOR/gUXzbk8inav8GfDWifp6dX5Gp38FfisIuaiIxV/7zzhmr79sDvye3NQLoxxsyeJ/uqM3JKzdyAT9GUoft11Dkt4uKt7JA/YB0zbTCJRGWEOZZHBhzD299fwHdTFiszzlmidavO6EH/Z5FZM0meJRB+fMq/HculDYGND2a1BjJfo47XVvZjchij2fPsWrX/qJzTAgEl3812qJmigk1R2b7BzHZnidb9SpoydLu2l0pyLNfTw16JysKJzPAOZKw+PewV/3GxQYsrfetzFi/WK8OWa8r+Df66+I6X3N1h/U9ENlBUNkpYEMGX4TNF8yq3B7crOG9YO61afKZL+5yhU6ao8lCZIjpd51Htl0MOe6kqpdiZ/glkpZYVL9Yrw+Zp6PbtwX3liMi49+2gVYu3+z+POh66MMO5JdnTHpRj+yu64JTGZEutHQ+/0pTgPrjjbrsOvRW93dH9Vfj3u0zFiw9p2LxKbd9eLtnn6fEp+/X8mQe1XBsU6iI2a/aFsGVE7Luo/arw4zmO82Fz38Ng/WJve/LYqboX85RRdJ8yZj/jzyT1BVutaaFSxpkNurZrp+8fBS+q98wCmWJNkyTdpoyi/bL4/+WJzlC9ZbuyivyhrvojUdmjvqzWwLzRy05btF8ptrBlhQWK0xbtl/n6EZmHFcikGrn33Ku6I+HLq5GnOvE9dONla9qK5TqzeIOK7wg75v19tqK+J7G/F9Hn8VjHXnboWN+wOCyLs4W+Jfp8Mn689GHfiO/AjcuujV9cfXZAk2z70Hc6er83d74K7fvQuTJbLbVJHH1Ja/Vq7twZ2NyWjoducB2UPW6K7DoT/Hf4kzSSIs+5zthPTNjnPa0Vububn5a0F7oAAHR/SRlYdR7dr3LHgxqjMZJD2nCoTPPDLhjLihdrQ+U8Pb15mrIDF8Wya0qwRLm2vzJFT2/erGz/BfaqxXbNe3qzNmf7599dpmkxr6zKtX1/YF7fsjcU35GEN4StG3fHUP3qqFPTwm50D5U6dMdyJXdgNRig2ey76HaWaN2qdSrxXyhHtn+gfOCm7A45FBmMDx1PYTcOm1eE5u1WWQKl2nBouTZvnu/fLxu0uNTh31e+4/WVktlhwbrm92Py8m3H/ilPa/MKfyi0eLFWFef6v4dlKl61XUOXb9aKMfL9e/EqFedu1vxsSeXbffNu9odoS+Jba/a0FXpakY83OiWVb39FU8L7jlWLZZ/nX35ZsRZvCGTVhwK2m8eEtmNdSdgNTel2nQlMLyvW4g2/Usm4FZo2Zr42L1cXDwXglztOU/bvVpmvB5bk+w5pyoMatt9/k549TlPs27U/rH8pO+QbuiXe71H59v3B/eosWadVG4p1x+b5GjNthTbnhg+L4O/jhy7X5hVjFCvDLTm1fjyE7wNJ+ubtkcNBhIZtWRHqvyIyYku1/cxybd4cCNbu9/0YuXyzfF3EOq3asFilDn8ZZ4nWrXpFJbNXaFp29H4NrM9/TGZLLZ8PW/gejonju5A0npG3+j5Z+xZKki+oWvuaal70BSx9Qwh8S+kFO32BypkF8gaDpU8qo2i5MmbvDAVPbdky9kxRzRH/vF/crrTd81Tvn2yxSa71U1QvXzA07bEXpRcfk8sfVDWf2aCaXTuDy+49R7q2a6cvqJpxRPXr/YHY2duV9cXwgLBkGWYLLlvRy/MHhIMVSSpjdIdDeiX0i0SE6O9Jy+dxX6Zm5byntTkscLqu5GmtWPG0FPFkSBx9S8T5xHdch64vnDq6v1yOB1ckf58t+c85lZr39OawgOeG5q9xmztfxTpXtnpt1UJfEk+9mqtLtvxPYoX6yYh1d5PrIOfR/dK8b8V3/hwz33cNGJjXf554cFq2pJamAQCAG8VsGIaS6++4dm8vl2NingzDUN69c2UvfUX7qkLTD5VKjgccshmGDMMmxzfnyi4FlyGFT8/TRIckxwNy2HzT8yY6pMrzqgorH3tem/In2yPKdv6fJEV/VqV9v9qucsdE5YXVW9Hz5E3U0P0fhep+/JBKHROVFyzede3c/PqrtO+VUjmWzQtum2Fz6Jtzpe27j/vab96LevH7gTbybacjuP2+9i49dDy4vI/2B46n49q9XZr7zfB552mZo1Sv7Kvq0v1hGIaMiDaMva8ku+bem+ffL/mabJfsc+/17yvf8Vp+piqu/Zg87e77ztsn5/va5fhubddcfdNhC5bJm7dMDn8/ULXvFZXa5+revMD8eZr34oualxfaR5PzbWHLb/odivi+KHx6VFnF6Dvk0AOBuuVNlEOVOh+ol2NZsB6Bvknbd+t4YNnh9c6bKIfKdaaq+Xp2RfvIsCl/cqUOHQ98XqWP9su3T4P7zX+sBfuX4zpUGr3fw/+i+pyo/WrLnyy7fz822RfHd2t7uUPL5uVF7NfI80Jn/8Vuq+PFG1Rqn6x8W7zHg69s7OX6z4Vh32Gb45uaaw/1V5KC58rg/GHHmG+/RvcZgWPOJsf3X9SL80Lz+8rHdz5s6XvY+rZ34PHaATzXa2TKzJMvg3VKxLAArk9OqPk1PaPa9VEZqdX7VHckfN5smQrC1vXXUJC1/i9HZKTlyVogpcyZLkv9ETUEM1SfUe1fy2Ua9qDSJNW/NEU14dmtuz+SJ7o61R+F4qazb5NF5XIHlnfkMTWcqYlrf4TrjO+NYRiyDQ2cu6LLKep70sp53N9fBPto/3H+/cC/fRsVd98SeT6Jur6o+kj7yx2amJfofujg70BcfbZvP7344veD/W7w+jjm+U8JnK9av7aSWri2jqdezdbFd60Tug4KLG+e8pL2Oqhc21ct1uLFob9V28vDjn8j6rok1NZNlle1T7/aLs39Udg2xjONP/74448//viL+y8eyZexWnZYpfa5+lHgZ9vscZps36EDgcwo5wVVyq7J4T++Zue2OmKofWg3/rW2dKMei84wtc/Vj+a19tv2GE0c+tvgcABlh0vlmDhP0uEbVNGO4FRluVS68bGmg/s7okqW/EQ/3FHeZPKYiQ5p42GVzRujMc6jOlDu0ANj5D92ylX6w8e0I2rR9rkduxWdaWhurGM7/v3Yucq1I+b+/5G+78+ocF6olMpL9cPHmpTSXEnOynJp6ANdlyFkHxpz3U7fDm/6Xe3aHd4m2eMmq/IN/6OlzqM6oMn6ZrZ0NKqMfUelbzgS5wVV2ifr3hvQKM4LlZJ9cuQ+j6PPv+HKd8Q4Rh1a9qIv27SsvcdDrHOdspWb8IYPVcwuIkzZ9se0MVhPuybHU70Wvoc3w3ch8rH7QEDyGbnOTFfaF/cr64tqw4uvamRcCvvnkXPyziyQKUeyZGZJteciXyp1qVqGbBFLiH4JV5PgaqBc32yp/kTEdNcVp9JyEqhuMmrlPB6zv2h2UYn3LWMmOqTfXpBTY5TtrFS5Y2JSPO0ST58d5CzRT364I/TizPZ+LTvq2qpN9fJd6wx9oDtdB9k190ffj8yYLduuxzb+ViX3fj+BTNoybf/hDmnuj2LM09I0AADQ0azxRmA7h1Mlvy2VytX0hrX8DZU55irPCP/VNrJI5GdR05tEmyMj0M3Na4T/Kt/ezWsDw5DkWKZNc/NiToysk6/e4XXOmzhUG98ok2OudLjUoYlzDRknmpu/c8VqwwDHsk2KvcmGnCXPafXOckkOLdv0PeXphHYs2ahgu+VNlEMbdbhsrmznD6jc8UBYZq9dhU99L+aFZtd+F4ywDIXwj8OOT0Ufq03nif5vS/uxa0Tu/xM7lmhjaSi7yFc3SfZCPfW9WI/EGwodvjG2Icb3ufnvcOS+jpwnqmSsviPW9Ba+q8646tF1fU2IIcOWr0mVL2lf1fc07ugBadIiX6aRFOpLbfmaZN8R/J5FlGl20c3st2b7YUNqoQ9uqQ+54Zo7RsPr2ebjoblzU9g64jlfhU0I9hVh8/i+f/5t2TRN2c4SPbf6YFznw1BVmu3E4zxvtZ2p9SJxsWRmybju61mCAdV6/2P3BS+q98zQdrh23RvxKH5W0X0xxlnteKGAarlc6+9Vvf9R/xutI88VzfWvki8Ybx9iU8T5Ldb3v5XzuG/ol+b60cjjv6Xru9jnXPmuL8p/q4+qHBp0uFSOiXO7+NpBirvPdpboudU7VS7ftcH38vx9gNT6fg9flxHVlq1eWzkj5vVXKbT8BOrV8rkz9t5JvuugGP163j0qtK/WgY+q5Ajbic2fI50qeW6jSh3LtCns+smnpWkAAOBGMHd1BSI4j+pguV2FT23Spk1hf08Vyq5SHT4hKXuQhqpcZ8NfwuA8Hzk4P0LyJspRelgnThz2DQPQ1fVplU1D7FLleWcz0506erBcjmWbtGnT3Ga2x/+43uESX9mJ/lKxjp2bVmv7MTnkzX1KhfZSbXyuRIGaZg8aKpWfVXPNZPNtmJJty5K1Xm2TrXGTpINHT+joQWnSuFgpL9kaN8nu/541V6YDahLreOgGfX67j4eY/ZVT5ztsw0/ocKn/fBvzR4yWtbR93eu78KTMNsl7Zaf//9fIvSfqsftYds9Tzfopqj9TI1POdKXEta4smcIzRgsGy+zPYvVcr5EyBkcuJ8fmDx4XypqTJc9fp6hm/by4hkl1XXFKabbgi7AkfxZrUjqhw6XS0EFx1K+V83hr549Wy7bat+RpoqNcB4+W+H6sTpqLqtb7bOfRgyp3LNOmTbEDjW1fdfuurdpXr5audbrHdVC4uL4DkpwlL2lnuUPLYuywlqYBAIAbI6kCq86jB1Vun6Qm14PZ0/SAQyo9fEJSnu4ptKv0t4FAjFMlL+1UeZOlwSdPEx2l2rixNBRgTGrZmvaAQ+U7X1JJ8FrYqZLnlui50AdhF8r+X+ajlpI30SGV7tTOcruGBJ+k9B87G3cEsx6lE9qxZIl2nNBNJr792PWyNW1RoezlO7U60Ah59/iCreGNcmKHlizxtVv2tAfkKN+pPwYnt7xdvpvngzrqn+ws+W3TxwI7Ykv89XoprB7Okue0JCxo3J1kj5sk7dyonYrRJ4eVsZfubLFMuzU5Hvx9vuOBpH7Esf3HQ9P+KnDD/ECHbXh4MOSEdqyO/1za0vew+3wXCpX+2H2yVL8WNk5qePDT97KqUGbsk8oo2q+M2aH5rTlZMi7tazkIG8Yy+kV/8LRQ6VMKZPKPyeratU+etAL1mlMYWtcX7TLOvBIMpJr7Bqb5693Sina/Ine9XdbA8gpeVK+wIQSSRyi7Lr44UCvncX9/8duwY+/EjiVaEusk38a+JW+iQ+U7dybdj9Xx9NnhP3g4S54LGwKkPTrg2qrN9Qpc6/wxtG5niZ5b8pxKnN3lOkjSiT9qZ3koUG8bYpdKDwe36cQfw/rmEzu0eqdU+FSM5IKWpgEAgBsmiYYCOKE3dpbLXrgw5uOkowumSj/9rUpmFcnhKNLSyu9q9RLfo3dTCwtlLz8YGqBfinhUssnji7EesWxu3uDkLhoKIKxuLZUKr3d0nUcXTJVKpYLR/u2KeLy8KxgyVK6dq5co8uFJuwrXFMkxulBrCtdrTdh0e+EaFTlsMgzJsbBQB9eslr/5NXXpGhX+bo12HipT4Wj/peToAk1Vqd62T/K/9ML3sc1/7GxcErpqn7r0Bc0d3fxjZJ2jmcd+w49Phf1/I/Y8EcdLi/uxa47m6O+XJMnmUNHSSn33pxv13JA1KnJky1G0VJXf3ahQM03V0hfmarRhyNBoFa4p1Po1S7QkOHmpXnDYFHriMGwdowu1dOp39VP/frAXLlWh/aeqDHxfwvoHW/4k2Xdu1JJS3/rCH4cMLNf3n6hHqw1DhhGoV+jYlL1Qa4p8L+wIVS3WvPIds+U/1eolB33fg04PGkbVx5avSXZJk/wvFQsdjKH90aRMc4uO3G9N++RQuaZ9lE2OojXS+jVaEmjwqUv1QuHornvEMa4+NNHjoelybY4irdF6rQltuJa+UOj/HsRxvmryCG14nzFahUun6rsbl/h/aLCrcM1STV3zUx08WiWHo7Xlt/A9NGwtbnuXDQVg8z26H844s0E1ES+Muk1ZgTFUVSP3ntfkmXmfLKMLpSPR0+UbZzXuYQBq5L5kU1rRfqVJvuEGgmO0PqPa9VJG0XJlFS0P1i0wxEDd/unqPTM0zfPXDXKPXi7rLU9KijXO607VvZgXtrxyuc/UyJrgGKsdOhSAJJWG9+s+9sI1esGRHVxX+HEWXo/Av1o+j9v854/oY2+0DEPKn2TXzo1LVDp1qV6Ym9dy3xLdLwX4ry9U0IV9kKRE+2ybY6EKD64JXjtr6lKtKfyd1uw8pLLC0cHRfGPv98h1RZ8r81psk5b7kuwE6hX73Om/1gk2om/dDpshw5aM10HNX/+ODvb9vn0S2J9Tly7V1NLfSYahskO+z5osY+pSLVXz014ggxUAgBvGdPny5WSJrAIAuhWnStdvkRZ2RSAYPZ3lV1/t6irc9Dzf+kNXVyEJndDOpUdU8NNCsgIBAABuck8//XSrZZIoYxUA0K04j+mgJukbtqiMLgA3Ba4RYzhxWG/fVaA5XfbUDwAAAJJJUo2xCgDoHk7sXKZlPzqoSd+YmvCLjwCg+3Hq7eeXadkmaUkhuaoAAADwMTmdTn5wBwAA3UrKS/e1Xgjt4lr0WldXAQAAAOgyzz77bKtlyFgFAAAAAAAAgAQxxioAAACa4BoRAAAAaBmBVQAAADTBNSIAAADQMgKrAAAAaIJrRAAAAKBljLEKAAAAAAAAAAkiYxUAAABNcI0IAAAAtIzAKgAAAJrgGhEAAABoGUMBAAAAAAAAAECCyFgFAABAE1wjAgAAAC0zXf3f07lqBgAA3YunsatrcPOzpHZ1DQAAAIAus+bMHa2Wscpk6oSqAAAAoFvhGhEAAABokVXuhq6uAwAAAJIN14gAAABAi3h5FQAAAAAAAAAkiMAqAAAAAAAAACSIwCoAAAAAAAAAJIjAKgAAAAAAAAAkiMAqAAAAAAAAACSIwCoAAAAAAAAAJIjAKgAAAAAAAAAkiMAqAAAAAAAAACSIwCoAAAAAAAAAJIjAKgAAAAAAAAAkiMAqAAAAAAAAACSIwCoAAAAAAAAAJIjAKgAAAAAAAAAkiMAqAAAAAAAAACSIwCoAAAAAAAAAJIjAKgAAAAAAAAAkiMAqAAAAAAAAACSIwCoAAAAAAAAAJMhqGF1dBQAAAAAAAADoXqzEVQEAAAAAAAAgMVaDlFUAAAAAAAAASAgZqwAAAAAAAACQIMZYBQAAAAAAAIAEkbEKAAAAAAAAAAlijFUAAAAAAAAASBAZqwAAAAAAAACQIMZYBQAAAAAAAIAEEVgFAAAAAAAAgAQxxioAAAAAAAAAJIgxVgEAAAAAAAAgQVYvkVUAAAAAAAAASIjVy1AAAAAAAAAAAJAQXl4FAAAAAAAAAAlijFUAAAAAAAAASJDVyyCrAAAAAAAAAJAQXl4FAAAAAAAAAAliKAAAAAAAAAAASJDVy9urAAAAAAAAACAhVmufgV1dBwAAAAAAAABIHtdaL2IyDFJWAQAAAAAAACCgqKio1TLmTqgHAAAAAAAAANxUCKwCAAAAAAAAQIIIrAIAAAAAAABAggisAgAAAAAAAECCCKwCAAAAAAAAQIIIrAIAAAAAAABAggisAgAAAAAAAECCCKwCAAAAAAAAQIIIrAIAAAAAAABAggisAgAAAAAAAECCCKwCAAAAAAAAQIIIrAIAAAAAAABAggisAgAAAAAAAECCCKwCAAAAAAAAQIKsN2KhV65c0dWrV+V2u2/E4gEAAAAAAAD0cFarVX369FHfvn27Zv0dvcArV67o2rVrysrKktV6Q+K2AAAAAAAAAHo4t9uta9euSVKXBFc7PPJ59epV9e3bl6AqAAAAAAAAgBsmNTVVZrNZV65cuTkCq263WxaLRYZhdPSiAQAAAAAAACDIYrF02XCkvLwKAAAAAAAAABJEYBUAAAAAAAAAEnRDBkJlGAAAAAAAAAAANzMyVgEAAAAAAAAgQWSsAgAAAAAAAECCyFgFAAAAAAAAgAQRWAUAAAAAAACABDEUAAAAAAAAAAAkiIxVAAAAAAAAAEhQUmasntjxXf307RgTrFkakjdJ9/z9PZqYm9GudTTPqdL1a7RThVpT5FB2u8t1NX89hyzVC3PzuroyAAAAIgHgBAAAIABJREFUAAAAwE3hhgRWO0a67JMKNCSshnUXjunYiTe15ZmD+uCff6BFt/fpuuoBAAAAAAAA6LGSOLCaq0lfnStHdCpo7VHteOZnevul/095TxY1nQ4AAAAAAAAAN1hSDgVg+P/XMAw1WVR6vgr/eYaOPL9Xv9tzSlP/3u6fUKvKg7/Rb/7wocqr6+SWZM0aotu/ukBzHEMVHDigtlKlu7bpDx+cVY07VpnAOl2qLXtDO3f+QccuumVNH6jb/25hzHLOj/6vXvqPt1VRJ6UPvF1/t3COHEMjhyqorTyo3/zmdzrySY3csiprdIG+9vDDmhRRLp5tcKp0/VPaNfQb+q71D/rZ3otS1p1a+MQ/6PYM6erR/9KWbW/rkxq3rAMLtOB//p2/ngYvFQMAAAAAAAA6SBJnrLbA7tAs2179/pNyOWVXtqQLf3xe635frSF3PqwFBTal15zV23/+g47sel516Wv0Pyf2keRU6c/WaVf1aM14+BvKt0nVR97Ub3atU6X7CT35pdzQOs7+Ts//LFcFDy/Qd2xuHfv9Tu3d9bzU539p4e0pEeV+9ss+yv/aAn0nq05H3vyNdq07obPfXaPCPF+52hM79ewLb6tuyJ16+BsFsrk/0d4//Fnb1h1T+XefUGGeL2Qa3zb4Hdymn+VOUuF3vipXdbrsGdLVwz/Tmv84Jg2ZoQUL8qVP9ur3L2xR1o1vEQAAAAAAAKBH6Z6BVWXJlivp2AVVS8pWuT54u0ZZU/+nHi/Mky+cOU7jCnK15V9+qSOfXJAm9pGcx3SwQrrzO0v19+P8ixqXr/S6J7XrgxNyfik39BIqt01ffeJfdI8/1jouL101//JLHfnghBbePi5UFbdNX33iyVC5iXnKfeZZ/f53BzWryKFslesPv3xbNSMe1uqiL/mXP07jJhXod8+s05s739WXnvyScuPdhuB687Xgu4WaGEx4Ldd/7TomjZijJwIv0xo3TuNH/1pP/XtFR+58AAAAAAAAoMdLzqEAjND/ib2odGX1l4LDBWiEZq3+sWYF5gkUs96i0UOkI7W1ajQMpWRlyWaVjvx+h/KzvqrxQ/soRekq+Kf1KgjO6597yFRNGBi2/sCyLlSryjCUHSg3epbuDC+ngZowdYh+//JBHbsyVVOrD+vdOmnCrLtkC6+bhmjGrNF6s/jP+uD8DM3KjXMbAlNG5GtEeth6L5zQh3XS+Fl3RqwnPX+WZtne1e8NhgIAAAAAAAAAOko3zVi9qotnY33uUq3zgs5evKiLJ47pgw8/1CcXJalGVyVlp9yuv1swXhXb3tF//OQdyZoum328Zs2apQn5uYoYFdWaEmsFTQ20qU/UR9lDRkh6XxeqJblcqpNNQ3ObLq+PbaCkT+S8Kik4CkEr29BcPa46VS2bpjZZT5ZsA+PbFAAAAAAAAADx6aaB1WpduChpxFDZ/J84j/xSm7Z9qGrfG59k65OrERPu1Pj39+r9sDmzC/5JqwuuqvLYh3r3z2/ryCfvate/v6vfjJijf318avOBy4Slq0+6JFf8c8S7DYlJkTW9zTMDAAAAAAAAiCEphwIILkfNDAVQfkTv1kkDC0b5Hnu/+q6K/+ND1U14RD+cXyBbMGnzgt58f6/elxH5eL2yNGTsXXpo7F16SC5d2LtJa1/+vfaeuksP2eUvFz1P088NSaq+qlrDUHjssvpshaSB6p9lyKhNUbqqVXmhUcbAyGzSq9UXJQ1Rrs2QcSX+bYhZvyybbDHX49SFCkljO65dAAAAAAAAgJ7O3NUVSFjdMe361V7VWcfqKxP8z89fLNcnksbfGR6QlHT2Xb1bHfqn69jL+tHKVXq5PHyBKeqTFf0wfwI+3huxDtV9ojffPCuNLtDodEn2CbozXXr/zXdUHTHjWe198xMpa6xG2+Lfhmbl5mtCVtP11H2yV3vjmR8AAAAAAABA3JJ4KICLevf1XTobVsO6ix/qw09q5FaW7lryDRUE4qEDR2us9R29+6ufKH3O/RqbVafq9/fq1SNn5QqbP2X0eI217tXeTT/R1a/M0J1DslRz9h3tff1DWUd8XTPsbahmVrXe/Lef6OxDX9aElLPa+/pefVw3Ql+ff6d/7FW7vvKtu3Rk08v6t5+c1UNfniCb+xNfueos3bVkloYksA3NG6JZ37hL74atJ73mHb36+w9V04bNAgAAAAAAANC8pBwKwDd3nSrefUcVYZ9b0/prxIT79OX7ZynfFraerAl6ZHmt/nPrq3q7+Ofaa01T/xF36v/53rdle+dH2vjOJ6psvEv9U0bp6ysfU/+tL2vf68V63z+W6ai7HtXKh/LV3zB8ww/4a2FEDAUQ/bn/3+Pnafmo9/Tz/yzWu/VS2ogJ+sdH56ugf2gYg7RRX9fK743Qyy+/qpe3viu3rMoadZf+8dGvqCA3zbcdcW9Dc/ULrOcW/edW33qUNlDjH/xHTXjv/+hP/vIAAAAAAAAA2s9kdHC07dSpU+rTpx2P1gMAAAAAAABAnK5evaqRI0d26DKLiopaLdP9xlgFAAAAAAAAgC5GYBUAAAAAAAAAEkRgFQAAAAAAAAASlJQvrwIAAAAAAACAZEbGKgAAAAAAAAAkiMAqAAAAAAAAACSIwCoAAAAAAAAAJIjAKgAAAAAAAAAkiMAqAAAAAAAAACSIwCoAAAAAAAAAJIjAKgAAAAAAAAAkiMAqAAAAAAAAACTI2tELTEtLU01NTUcvFgAAAAAAAACaSEtL65L1dnhgtb6+XoMHDeroxQIAAAAAAABAE+fOn++S9TIUAAAAAAAAAAAkiMAqAAAAAAAAACSIwCoAAAAAAAAAJIjAKgAAAAAAAAAkiMAqAAAAAAAAACSIwCoAAAAAAAAAJIjAKgAAAAAAAAAkiMAqAAAAAAAAACSIwCoAAAAAAAAAJIjAKgAAAAAAAAAkiMAqAAAAAAAAACSIwCoAAAAAAAAAJIjAKgAAAAAAAAAkiMAqAAAAAAAAACSIwCoAAAAAAAAAJIjAKgAAAAAAAAAkyNrVFeg4x/Xrbz+vfeEfjZyvf/vBDA1IYClVe3+sfy0+pZHzn9XKGa3NGVjndBX9fIFubX3hWvtEsU61oV6dJ8FtAgAAAAAAAHqgmyOwenybHn1+X9PPTxXrX79dmVCAcMCMH+gXMzq0dgAAAAAAAABuMjdBYLVKe1/2B1WnP65fLLg19PmPn9C2U/u0ftsd/s9jZGP6g7KBDNVYGauBz3xGasGzP1DMZNZARmpLZVrVNPN2+uM/1z/4N+v4tm9r/b7wz/zlA1mwYVmxC4YVa5t/QdEZuHFtU3B7FLVvAQAAAAAAgJ6t+4+xWvWR3jkl32P/EYG/AZrxg8c1XZL2HdLxti4+IgApSae07Ykfa29VdMnj+rU/CDn98bYGVau098dRwxlI2vf8tsTrfyoUVPX985fBOse3Tfu0PhBU9VVCv27rTgQAAAAAAABuMkmXserafHdC5VO+/C1f8G/YoBhjlt6qv50u7dt3RuerpFsTDnYe1+vFpxSe0RkISr7zUZVmBIcMOKPf/HiffPHdZ4PZpYkboBk/+LlCIxEEsm7bUv9AnQPLOKUzTkkD4t2mUFZsYPoZfyUSbSMAAJBcUha/1dVVAAAAALq9pAusJpWq8zojSSOn6DZ/UDNyDFan/7+ndMqf2jlsUMe8kirwyH+bBes8QLdNGalgBePepun6W3+AeMCgYZLCM1wBAAAAAACAni1pA6txZ1JU7dVISafOnFeVbtUAf5bnO1Oe1crbPtJvWglOVp0/0+66SpJGjtTIU6e07+W9+soPZsTIno1HILt0pBY8+3P9YkHg3y3N4g+UdiKyXAAA6J546gQAAADoON1/jNUBt+mukZJOFetftx2XNEAz/mm+VPyEHg2OETpMkYmkvkfrpSp9tL+FqOWAQRom37JfD4wvenybHv32t/XotvABR6er6Ac/0MPTo8omKjhebCCb1KkzzVTvjG8DVPXR/sRySePeJgAAAAAAAADNSdqM1fgN0IyHpmvb8/ukfc/r0RgZqiPnz5bvqfZsDRsp6dQpbXvi29rW6rJv1Vfmj9S+4lPa9/y3w14qNVILZt8qRb1S6tbZ8zVyX3HrWaunivWv3y6OrqT+7Z9amO6XPXSkpFM6VfyEHo1dpEO3CQAAAAAAAEBT3T9jVZJuXaBf/PxxTW+1oC+bdWTw39NV9HjLcw2Y8QP92/yREZ9Nf9z30qcYhfXP80e2PWs1MH9oRfrF49Ml+V4s5SvyT1oQUSSe7Y5eTQLbBAAAAAAAAKAJk2EYRkcu8NSpUxo8aFCb5w+M/dVx43ge16+//bzkf8M9AABAT9Xx11kAAABA1zt3/rxGjhzZesEEFBUVtVrmJhgKoDW36h9+/vOurgQAAAAAAACAm0gPCKy2zDAM1dbWqra2Vl7DUK9eqTKbLV1drZi8Xq8aGhpkMpmUmZGhjIwMmUymrq5Wh6I9kgvtkVxoj+RCeyQX2gMAAABAZ+vRgVXDMHTl6lUZhlcDc3NktabINzKCoY4dIKH9fPdbJplMktvt1uXLn+vzK1fUt08fmc03x1C5tEdyoT2SC+2RXGiP5EJ7AAAAAOgKPTqwWldXJ8PwKCcnR4ZhyO12q4OHnO1wJpNJZrNZAwZkq6rKqbq6OmVmZnZ1tToE7ZFcaI/kQnskF9ojudAeAAAAALpCjw6sXr9+XTkDB8gwDHk8Xnm9yX0T5mPIMHw3Y/369VXVJedNcyNGeyQX2iO50B7JhfZILrQHAAAAgK7QowOrHq9XKSkpcrnc8ni8SZ/dEmAYvnHYrFarvN2kzvGgPZIL7ZFcaI/kQnskF9oDAAAAQFfo0YN5WSwWeb2+G7DuchMmKVhfwzBksSTniznagvZILrRHcqE9kgvtkVxoDwAAAABdoUdnrAbewNvdbsQkdbv6xoP2SC60R3KhPZIL7ZFcaA8AAAAAXaFHZ6wCAAAAAAAAQFv06IxVKfIxvPbyeNy6fvWKLp2r1Im/HNL77+zRxc/OqtHtkTU1TYNHjNYd076sv502U31ttg6p982mI9ujM3XHOsfjRrRH4HHdcCaTKfjXEWiP1tFftR/9VXKhvwIAAADQ2Xp8YFUy5Hszb9tuagzDkMfVqHPlJ/TfpX/S0b+8r4uXqtRQe03yemU2m2Q1S4arThXH/lvlxz/SX4+8p68WLtAX8sbKam1bE/jqezPeiCXeHg0NDWpsbFRaWppSUlKaTPd6vaqrq5OkG/bGZdqjlaUYhmR4pIZLsla/pRTnH2W9/oFMngZ5MsfI1W+GXAO+Km+GXTKntjtgQXs0Mzf9VQejv0ou9FcAAAAAOheBVUmBe7C23Ix5PR59+tH72l38C53+9KSu1LnlNkzKTEuVS4Ya6z2yWkyymCWL2SxDHv1l/x5dvHhBjzz2/2rMuC8mvM6OypJJVq21h2EYamhokMvlkmEYev/993X06FFNnTpVdru9Sfm6ujrt3r1bKSkpuu+++4Kfm0wmpaamKjW1fTfGPb094luIW+arHym18hdKvfSaTO6rwUnWus9krd4vq3OPGoZ9R57sGTIs6W1eFe3RPPqrjkd/lVzorwAAAAB0ph4fWDWM9j0++HnVBf3pv/6Pyj8pU4PHrAaPSSlWi0yS0lNT5PGYVOf2yOPxymQylGKRrGaTTh37QLte+qUW/8uT6p+d3YZ6G2pnUk5Saq09vF6vLlZV6sTpA7pUXSm3262qzzy6XO3Rex+8pmNnmg4b7HYZOnfBLZNJ+kPJz4Kfp6SkamD2cI0a9rfKsd3Srjcy99T2iG8hXplqy5VyeotSzr8qea7LaDK8s0vWqgOSR6q39pen30TJRHtEo79KLvRXyYX+CgAAAEBn6/GB1ZDE72oMr1cfvVeqo/99RCZLiq43Gmr0SJnpFlmsFhleQ71SLTKZpEaTWS6PR41uQ4bFUFqvFP3l3Xe0540/6Gtfn5vgI7a+ut7cN2KxN67KeV4HP/pPHa38L9W5qiSzIYt3sMx9c3S67rQM1+cxFmWVJWO0JEMfXTwe/NhkMiuzKleXa/5ek744R9n9c2U2t+V9bj23PeLivq6U828o5fyfpIZ6GWouAGHI7PyLrFl/lCczT0rt38YV0h4x56C/uoHor5IL/RUAAACAztHDA6tG8C+Q6ZKIxoZ6/eVAiepcXnncXl1r9CrVYlbv9BSNHjFARz+5IK/X6ytsklJTLJJhyOuVZDKUajXrj6/+TjNmzZZtwIAE1mwKG5PtZroba7k9GhsbdfzUO6pwvi5TilP9+5hlTZFMuijpor9UrJtgQ9KJmNMN46KcDX/WuYsT1K/PgDY+ltkz2yNeJleNLBfelq45WwhS+LkaZK56X6Yh1fKm9GvT+miP2OivOhr9VXKhvwIAAADQ+Xp4YFUKvOjCMLwJZ4xc/bxaFz87qwaPVOf2ymwy1LuXRaNH5OjeqXnKSEtV6aGTkiGZJLndhjyGVx6PIZPJkMew6HRFhSpPlyf4eK0h3xJvxpuw5tujurpa1+qPKq3XOeUMtCqzt1nWVJPaM0SdYUiG+7yuXPU9ptu2x2t7ZnvEy+yuk+lKhQxXfNl1pitnJde1doyRSHvEQn91I9BfJRf6KwAAAACdi8BqO1y/ekWuxgbJZFF6iklDcvvrjr8ZrYn5ucq1Zej+u2/T0MH9dOSjSlWe/1x1dS41uqUGeeT2SG6PV2aZdbKsTF/8m4KEso964mODtbW1ysyo09A0k2zZVqWlm2Uy+25J28qQZHg9ul7Z0K6XnfTE9oiXYUhGo2S44gsCGS6T5G3/OhGJ/qpz0V91T/RXAAAAABLR4wOrvkcG2/byiLTM3vJaUmU1S18YZddDX39AY4ZmyaiplNddr3RrL82YnK/JE8fokrNG5y58rovOq6qqvqYr1+p05sJVHTtVJa/Xm/BN8s36souW2sMwDPVOT1ff9Gz1s1llTemYdZqUosrzKe164UlPbI+4l2HuJaPXMOnzc/GVT7lFhiW9nYEj2iMa/VXHo79KLvRXAAAAADpbjw+sSqGbmkRvjHr37a9emVlK6XVF9/zd13Tn9C+roeqk6uqdMpvMksmiRkOypJo0dGhvjRg+WPJ65KqvlTwNOvrpRa3432/I/oVRwXrEJ5DzdHPeibXUHrdkP6qRI9d2wEq8kqtWRt0Vea5VqfHqQZnPvC1v7wEy9RkiI7W3TGarZI4na6nntkdc81sz5R5wp0wXjkuN11subDLL0+92eVP6tyNQQXvEQn91Y9BfJRf6KwAAAACdqccHVsPvhRK9MUrtlaYx4yeqf1YvTbzzDpksvSRLmsypvWWYrZLJHBw+zWUYcrk98noMeRoNpZgMebxeDRk2TMNGjmzDTdnNeRPWUnsEMrS8Xq/q6up05coVWa1W9e3bV1evXpXL5ZLJZFJ2draqq6vl9XqVlZWlzMxMVVVVye12a9CgQTIarqnxzHsyVx6UyV0vc6ZNY3L7yGQ45Tn/idyfOOVJ7SNjUIGMnLFSrz6+tmy55h2/M5JAe74fAV5rplxfuF+m6jOylP9J8jTGLmiyyJszTq4Rs+Xt1bddGWC0R1P0Vx2P/iq50F8BAAAA6Gw9PrAqeWUY3jY93ipJd0z7kv7iviKrySOT2Sxzr96ypPWVt9ESEagwZEgej+RukNfVIHm9qq5x6+F5/6B+/W1tfLT2ZrwZa749wgMVn332mQ4cOKA+ffpo0qRJev/99+V0OpWSkqJ77rlHb7/9tmpra1VQUKBbb71V7777ri5fvqx5D98n19Hf6eqxPyl7xG0y2/JkMplk6tVbJksvWfoOVarXLbfzUzUe3SVX7yEyxvwPyTZaMjf/demJ7REvQ5KROUSm/EKpsVHms4elxmthURCTlNJLXlue3Plfl9s2Vl4jMGfb0B6x0V91NPqr5EJ/BQAAAKBzEVhV+14cMdT+BTVMnKaqS5eUlT1Yll69ZcnoGyoQfNmvIcPi9t08mS1yG1ZlDBqrCY6ZCb0EJrLON+eNWEvtEbgBtdvtstvtwc9nzZoVUe5rX/taxDyzZ8+WGmvk+ctWmc//VQO+cLtkeGXyuiSTWV7npzKl95dhtspkMsmc2lupQ2+Xyg/KdeiXMv7mG9LA/GaDFT21PeJehski18DxMu74jqy9X5W58ohM1y5KXo+MjP4yBubLfetX5R78N/Ja0zuozrRHNPqrjkd/lVzorwAAAAB0JgKrfm3NGLFaU2TPv13eaxflrrsmpaTJkm6TDMlwN0omk/+uyZDX0yg11stkMsvIyNUXCm5XWkZGGzNVbu6bsFjtEcj+8ng8un79uqqqqpSamiqbzSan0ymXyyWLxaKBAweqqqpKLpdLWVlZSk1N1ZXPq2U795oyyl9Tin2mDFeNPJfPSGaLTCnpMrweqeGaL2hhGPJ+Xilz31uUMmisvMffkvuvO2VMXipl5jRX4xu/U7pQuzOq3PUyf14h0+VPZWTmyJM3SzJZJZkkr0smb4PMFz6Q9fKn8vQZKq8tT97euXE80txsjdte126A/iq50F8lF/orAAAAAJ2lxwdWQ28QbvuNWEqvdJmtg9TgqlWq2SVLWpYkQ97G66H0GcMrb73v8URTSm/JNka9++a2463OHZOZk2xaao9AoMLr9aq2tlYXL15URkaGMjMzdfnyZdXW1iotLU39+vVTdXW16urqJEkZGRmqP3tIKRX/V9b0LKm2QqaMwbL0HyKTt15qaJRkkuG6JnklmQyZUtMl13WZLL1kzsqV+fTb8gz5Wxl5/yPmC2J6YnvEtwCvLJ+XK+XTN2WtfFfmaxd8wbu0vjJ6ZUkms0yN16Taapnqr0hmq7xp/eTtP1KukTPk+sI9Mqxpbax34tVNdvRXyYX+KrnQXwEAAADobARWw27C2pPh4rWkqs7jkdntVmpaqixp/WQ2p/qyvuSV19Uow5BM1nQZmUPkzRwk32CGbQ1UeHUzZrm01h6GYchTX6de1y5raN/esjQ2yNpYr9zcXLlcLlmtVlmtVuXm5srtdis9PV1Wi1l9jf9WelqDzH2/IBkNMnlrZZjNMjxuyWuSDJOvKby+bD3JJMPTIJmsMqf1lryNMpW9Kq/9S1Jq7xj16pntEc5sNjcpY7nwoXr9dafMnnop51Z5hk6U6XqVzJ8dkbmqTCYZMkxmGX2HyZN3r4wMm0z1V2S+XK5eH+6QxXlS9bfPl5E5MLhMk8kkr9fbSr1pj5bQX3UM+qvkQn8FAAAAoLP1+MBqxzHJY07TlWtV6mcyKy2rv7xmi+RplOFulMnwymxNUYO7tzwZg2WypMk3oCESYRiGvB6PGs6U6/P3SpUyxK6U/tm6eKVGdXV1SktLU2pqqi5evKi6ujoNGDBAfSxX1bfuI1nTU2Skpcoks7yeK5LMMskqQ2Zf5pf/z/D60ocMQ5LJIsmQyWKV6eJfZXIelzF4Ypfug2TkMdXoivuUUsxZSrcOkElWmSS5B9vVmLNYNa4KVbtOqNF75f9n7/6D5CwPO8F/u2dG0owkEEJg8WtkYcXCwT9wbLBFjKSQvc0Pg7NZELcFrNk/kvhI3dlViLoi4czVQcnJVSF2ye2FwpurKxxD7SG0zi7yXrKXJSBnpRgwxnGwIZYZI0AWIAnQj9FofnTfH9090/OjZ+bVz5Hm86miGE33vP28z9P99Pt+3+d53nS1rcgHVv2LnPud/zvtO/46gyt/M3tX3ZS3jnwvh4f2ZG75gizuWJsF7Ren3NaZUtvcVEu9qWYwvYNvZXDocBa0XZq26vxTvdunMf3VyaC/mpn0VwAAwPEiWM3xGQFWU0rfof352asv5IKPXJlzLvxQOkpJZbAvR957K/t+8oP0Dwyla8GylJNjmvtXrTZGKp1po1xat8fw1NpSKdVyWyqHD2Ww73CGhirp7+/PwMBAkmRoaCj9/f0ZHBzM4OBg2vpfT0e5N23tQ0kOpVIp1W7AU21P0pZStZxqtRYaVVJKhiqpDqU+EKycDPallKQ81J/KOz9OZekvjS/1LGyPZoPpy88O/ue8dXh7uto+kI7yWbWRWtXB9A3tTd/gngxUD6VaHUq5NCfnzN2aT/7K+pz3kd/K7g8syA/2PZB3j/xjqtWBlErt6SjNT2f7ksxrX5JSaiPL+ivv5/DQ27mwa21WLvxXKVe7Wpd6lrfH9Oivjp3+ambRXwEAACfXrA9Wq407YB9DUFGt1k6HBqtJW1sppQOv58f/5ZV0XfSRnHPBsvT3Hsh7O3+UuQN7Mv+ilTk4UMmc9qF0lEspl49+FNiZuCbbZO3R2dmZAwcOZLDvcNI1Px2/+s/SMTSYtlRy9tlnZ968eeno6Ei5XM7ZZ5+d/v7+dHZ2Zu7h3pTbKym1LUxKR9KW/pTTkWqpLdVqOSmXU6mWkqFyyimlWkoqpWp9JFhbqoOHUspgquVSSr1vtXyfzLb2aNZW6kxbaU4OD76Tw4PvTLrNoWpf9vS9mOf3bMg1F/+bbH/j1hwe2tP0mv05Uu3Pkf53k/6fjPv79nJnypk75ed1NrfHVNvQXx0f+quZRX8FAACcbLM+WG0eIXI0QUU1yeFKKXv7y9nbn1zUN5BlF16crrMOZ/fbr+W1XT1pn9uZRYvm5wOLz09/2vPfdh/IW4OlXLKwnO5Fc3NOZ3vaCgQWpaNf6vA00Lo9zjnnnLz11lvZc+BQFn/oI1laGqmzc8dsZcmSJcM/dwy2pVweTHnR5Sl94DdSefM/pnT4nVQrR5IklXSkXL+Zc6VaTtpKKVdTm15bKaU0dCClciXl9lKGJijXbG2PhlKplLbS3CyasyLnz/t0BioHc3jonfQN7Z10y0OVI+mv7B8VUkyslHlt56az/bx0lObn7I5LUy511MZ3TVCm2d4eU/21/up40l/NLPorAADg5BKsDo9uqRQOKgaTvDPYlp/2teXNvvYsP6s9SyrltFc7s+SiC3NyN65rAAAgAElEQVTWhz6T/Uf6k3IpXZ2L09G/L+2H3s6yc8/Jv/+73rz62q5cedHCrF2xKJ+4cGEWzp1eczTufHxmThts3R7lcjkXXnhh3nrrreHRXW1t4+94PU5/cla5PTnwUqrLbk0+/OWUDv4opd5dydBASmlLde/3Uz38bqpt9cSiHlZUK0NJ9WAyJ6kOllPtPHuCKb+zsz0a2kpDmdv/Ri7rn5uPtK3Noba+7Jp3OD/q/a95v7+n5ZYr1WpSLaVSmbzezpm7Ih/pXJMLh7rSlbmpHkkGSm+mr+2i2si9sSWe5e3Riv7qRNBfzSz6KwAA4OQSrGb0nYSn60hK+VF/OW9U5uS9Sjm9qWZ5Wyntiy9O9f2hDHV0pq/9nBze9W9THnot/QvWZO7Cz6Rz8eXp6jg3bdmRn7z9fna9ezD/sPu9/OYvnpffvOz8nNvVMY3y5qiCldPFZO2xcOHCVCqVvP/++zl06NCUd1tOkoOVapZU56V9YFcqr/6f2b3gphxuX572tkszp30giwZ+nHnVQ7Vpt23lVFJKNeXaCKOhw0nbkZTmllJp78jQ4l9oEVTMzvYolUqZM/ROFrz2r9Px7tMpDe5P15zzcvZ5/ywD5/7zfPet+1tut1KupFpNhgYmr7cPn3NdPrL3pXS8syXlgT2pti9K/7m/muqyu9ObVsHR7GyPVvRXJ47+ambRXwEAACfTrA9WR9Zkm/7fDCZ5frAt/5j2zJvTlt5qNe8OVLPtnUMpn3NWPnnex1Pq7cvBXd/OhUf+r8ybfyi9h7fn/UOfzL6uX0/1rGvzTy9dnEPvn5fnf7YnP92zP4+90JeBoUpu+NgFOXve5M1yJp9/TdUe5XI5ixYtyvz589PX15ehoaEpT0g70pXK/u7k8N6UDvxD2vbtzXt9H8xQurJo7qGcPff1lHIgKZdTqpZSaivVbgpTGUilfDiZl1Tby6nM7c7QopUtynxmms7no2NgT9p3PZXqUG/tjuV9e9PRuznd3X+Zv+3731v+3WB9dNlA39CkZbh43qfSvvNryeD7qaScZH/aD/+XtF/8P6VaOqtFmc9MM62/+u2PLs05nZOHq7O5PfRXJ5f+CgAAONlmfbCajL7hxXS8WmrP98vtWdLZkfeOVPNWdShDHaW8P1TK428eyo/eruQz1bdy6bvfyKKzSikNVTOv460sKP1/Odj3Qt49+O18cu5v5YOrfzV/0HckP3v7vbx94FD+4u/fyPkL5uSfrFiSue3laZb7zDOd9ujo6EhHx9Sj5WoWpbf8q2k79ErmlA/l/I7dWdj2TippS0cpmZNSSqVyknKSUpJq2kpDqZQHUp5TTamtlGp7OYcu+JVUOha2rPhZ2x5DlVQODCRpbo9DmVtelMFJQoiB0lBSzaTPSZK5pbNS3d+b6qjt9yeVStLWei3FWdseY5zI/ursee35/GXn66/0VzOG/goAADiZBKtNdxCeTlCxv9SWrZW2tHd2pC+lvF4ZzIFSJR3lpDS3lP7MyXt7dmdg/7fzgY4fpXLx/5LqkV1p27spc6u7Mmfu2zlr3lPZe/C7OXvBv86vXHZFHjlwOEOH+rNzz3v51otv5KKz5uXjSxekVGp9g5jaOm9n4plYsfaYjiNHjmRf/4dTHfyNLO57OhfMfz/z2/tTG8tXqv1XHRquzlJtKb2U25JquZRquZq+sz6ew+evTbV2ZjzuNWZze1SH2lI9PD+pDo78rm1eBob60n+49dTnwfrU2smekyQDg0dSOXJ2SkN9I78sdaRaKadanrhcs7k9mp3o/uovXnw9ly7u0l/pr2YI/RUAAHByTT3MaJaYzjlxNcmOlPP+nPZ0trfl50OV7K4O5kC5kgPlag62VdIxeCCL33kp3fv/c7qGBlPu+X9T7vx4Bi/9PzJ49heTviWZc2Qo58/vz/zOuam0tydz25NyOZWBwXxvx9v5mx+/nYP9k4+KOdMdz9E7P/nJP+Z73/9hFqz8Fzl04e/mZ/uXpG9oTmohRVJr2WpK9f9SqqZUrqbUVgsrhjovzIEL/kWG5l5Qu4XzLDRZewy0n5uBRb+cSu/cVHrnpNI7L/0X/bP8wxt/kYG+Suv/jlRSrVQnf05fJT9+668zsPQ3m7Y/NwPnrs1AeeGsXZdwpvRXf9+zR38V/dVMo78CAABOllk+YnXk7sHVanXKG4v0lcr5WamUckdbBkrV7EklB8q10932UjVtlcEsevNnueCdrVl61t4MrrwnpSO7Un7p36R90YdTueDXM7TgU8nur2d/pTv/cOijebJnd1JNqpVqSpVKBgb68+Nd7+WdA0szv2Pi3LtcLmdkquOZdKJWrD2ma/fPf54XXnghr7/xRn7j138tHYtvzK79m7Ns4VtpKzUFQrVZtSmV6tFFqSMD7Rfk/cX/PH2dv5jaoKLxZZrN7VEqldI359y0feJLaZ93SbJ/V/rP6c7hFf8k3/vhH066HuFQRyXVSqZcs/D7O7+dS1fela7MT8d7b6a66JIMrbwufeUFqVbGjwCbze3R7MhJ6K8GB4b0V/qrGUJ/BQAAnHyzPFhtmN40zneHkndLpcwtldNXrebdSiWHUk25nLRVk669b+fsV5/Phwd/kK72s5LXtqd00WdT+dD/kLz7Qso9/0/a5s7LkSNz8tqc/y6Pvr4/+w/3pzo4kEr/QCqDg6kOlfLGngN59+CRfHBx58SlPY7TTmem47t/pVI5vb2HsuuNN7J58+Zc87mr09vxG1lQfiGLym+kOtiXoUpSqdZGd7W1JeWOs9PXeXkOLlydvs6VSan1+oizuT2q1Wr6h5Khs1dm7uqP5t2Dr+aV1/8qP37hrrx78LVJh44NzquFIINHJg+kdr3zozx25H/LR7qvy4d/6b/P2Z3dOXJkIENDEwccs7k9mr1f0V+dHPqrmUV/BQAAnDyC1YycS011cjNYqaZ/sJIjQ0PpL5VycKiaw9Vqykna+/qy8B9/lBW7/y7Lz9+b9g+uSzraUvnZ1pQ75qX6gY+msqQ71Tf/IruOLM3WXJJnd+1Ptfdwhg4cSvXIkWSomlKllLZqUprk5LA2u/PMPRGbbntM16JFizIwMJD+/v4MDA7key/8IJ/4xMczd+6KLJmzO+WB93NksJT+oXL6+49kqO9QOuctz7xzPpVyx4LRhZqA9kgGBwdTHkh6dv23PPfjR3L4yHtTbndooLa9wYGpRvpVsnvPKzlwcE865yxO50UXZHBwsOWztUfNUKWS/qr+6kTTX80s+isAAOBkmvXBarU6MmJkqhPjc0tDWTnYnxcPlbNnTnt6Byvpr1RrK9/tey+Le36YKyo/zbkH30r5H/46WfHLqS771VSO7Et1z46U+/flQN+c/PDwx/LX+4fy/nv7M3TgcKqH+5LBasrl9iyZ35nVHz4/F5w1b5JRN6WmOx8f7xo5tYq0x3RdfMklOXfJkvyspydd8+dn586dOfvss9PZ9Ys5XPmFvPf+e3n//fdrYcaRuTnS15GzzhrKh6rvZukF89LW1jZFmbVHklQrpczrOCftpc5UK1MHFbUbtkw4W3lC7eX5mdu+KNXK5KGJ9qhZlOoJ768Wd83TX+mvZgz9FQAAcLLN+mC1MVJkOifF80rJJ8tDOWvgcF4YaEvvQDXlSiXvl0qp9A+mOlTNYHluqpVSyq+9kOruHSld8OFUPvTZZPHlGXz1L9OzZ07+9siS7Dg0kMHeSjoqpSzq6sqis9tz0VnzcuWyc/LZS5dk8YI5rUtcbZT5+NTAzDL99piuRYsW5bOfXZXdP/95Dh48mIH+/uzduzd79+zJT/bty89eey3v7tuXgYGBVCqVzJnTkQ+c/4HMnz8/S847bxpBhfZIkqGhoXxg8Uez9NxfzMG+d1KptB6lVVRbeU4uXPLxnHvWh1tOqW3QHjVzT0J/9clLFuVzK87TX+mvZgj9FQAAcHIJVpMUORlbUEo+mqFcXB3KNW3JzyrVvDGU7J/XmfeW/kL+4z+8nj2DXfncgjfTPbg7pZ7nU/35T1I976LsL8/N99//aA4sOD+fveS8dLW15ew5bTm/c04uPHtuzu3qyLkL5mReR1vtviQtp9aWzvAbXRzfsKJcLudjH/t4BgcG8zdPP5WDBw7mvPPOy3vvvZcXXvhejhw5kqGhSoaGBlOpVHLoUG1IUrmtnLa2tinLoT1qBgcHM3/OBfn0yn+V3r538+Y730910jqZXn2VS2255PxP5Zc+fEu65pyfgYHJAxDtMeJE91eL589J5xz9VaK/mjn0VwAAwMkjWM3ItMHpnhiXkywuJYvbku5y0l+tZnDO3Bz67C/l1UVd+d4Pvp+/e7Mn1yx+O2sXvJ7zB36e6ls/zavtH837C1bktz7xoZxzzjlpKyftpVLay6V0tJVSqi22llSnOL2r3/n4zFS8PaZj7ty5+dSnP52LL7k4b7/9TpZ/8IPZf2B/du/enZ/+9KcZGhpMtVpNqVTK+ed/IJ+44op8aMUvpFwuTVkO7TFiYGAw5y68PP/0qv81L/7k3+eNd15Ie9u8nDX/gizoPD/z5ixMtVrJuwdez3sHdmZoaDBzOxZkxcXXZtGCi1MqlXK4f38O9r6V/Yd2Z7ByJB9c+pl8/NJ16ZpzUfr7B6YusfYYRX91IumvZhb9FQAAcHIJVocd3YlNRynpKJWScnLW2QvzgSs/lY9+ZGV++NKP85d/93y+/dYH8psX7M0H5/fmmf3Lc96lH8wHl56bcrl8nMt/pjn+J5odHR256KKLc+GFF6VUKuXsRYty47qb8vbbb2fv3ncyNFTJggULcsEFF2ThwrPqU2pLx70cp6fptUe1Ws3gQDWdbZdk9cf/56R8JOVye9pKc9PfP5hqtVaj8zrnZOdbz6Vz7tn5rWv+dT649Ooc6etPUhvBNWduWwYrR1KpDKQ6NC+DA9Vp3DRmNtFfzSz6q5lFfwUAAJwcsz5Ybb7ZRaVy7CdCpVIpZy1cmF/+7FX5+OUfyfe+/4P81Q9eypy+alb+wody+WUfTpJjeq1SqZzGyJwzzfFuj9avU6u7efPmpbu7O93d3RM+Zzp1rD3Gq1QqGRxMSqW21Orm8KjH+/oGct7CT2bwyFA+cNaVef+9Q6MeP3w49RGR7alWpx711Ux7TJ/+6tjor2YW/RUAAHCyzfpgNRk5GTveFi5cmLWrP5dPffITqVarmT9//pQ3FpmO4z3tdKY5Ue1xomiPyf629d8dOXLkqP92qr/THsXpr46O/mpm0V8BAAAn06wOVmtr1CUjSwWemJObBQsWjHrNY1db33B4jcMzxMlqj+NPe8ws2uNY6K+mx+djZtEeAADAqTCrF84bGqqkvb2ctrZyyuXT56SmVCqlXC6lvb18QqefnmzaY2bRHjOL9phZtMfMoj0AAIBTYVaPWG0r1272MXduRwYGajeqqFQqmakDXUqlpFwup6OjPXPndiQppa3tzGlC7TGzaI+ZRXvMLNpjZtEeAADAqTCrj+IXLFiQ/fsP5ayzulKtVtPePpDBwaEZO4WwVCqlra2cefPmpKtrbg4cOJx5c+ed6mIdN9pjZtEeM4v2mFm0x8yiPQAAgFNhVger8+bNy5H+/uzffzgLF85LZ+fcphOxmXYyVluDrb29djOZAwf6krSls7Pz1BbrONIeM4v2mFm0x8yiPWYW7QEAAJwKszpYLZVKWbhgQfr7+/Puu4dSqQzN+LXZKpVK2spt6ezsSmdnZ8rlM2eZXO0xs2iPmUV7zCzaY2bRHgAAwKkwq4PVJGlrq40SMVJkZtAeM4v2mFm0x8yiPWYW7QEAAJxshkcAAAAAABQkWAUAAAAAKOgMCFZ3Z9NNXens6krnTZuy+7ht99ncf9y3eTK2PfN99/6udHbdlE0zded3b8pNXV3pvP/ZFg/flM6urrR4eGZ79v7aZ2XC/+7Pd0/Ve3OKOj9z1ev7hOz70bflaf0eP1GaPzujKqapDbvuz3cLblZdN32Hj/leaNRNZ1dXbir0hdG8zfH/3bRp9ymr9xn//QcAABRy+geru7+TTVvqP2/ZlO84WWGG2b3pppkTmlx1Zw739uZwb2+evjdJrss3Xu2t/+7OfOZUl++EeDb3z9SLGM9uzVcbP9+ztXAoxyny7Gsj76fmNuQYbclrOxs/7853hr/ci1qadY/X+7VXH8n1SXLv08N93+Prlh6X0s40M+q7BgAAZonTPljd/Z1NeTLJfffem2RLNh23ZPWq3Nnbm8OPr8uZeQrG0Vq67vEc7u3NnVdN/dzdm27K8tuONhw4Fc609/2zub9r7YwNvr679Z4k1+W+e69Lck++IxQ5PTRdxNv92rNJrsv1153SEp0xvrq18SHYmde2JNdfd2Iqtkg/fjo4/b5rAADgzHCaB6uNES335po7V+e+JE9u+s6YkWnN0zTHT9WsTcsb+W9ktMfYabSjpxbef//9o6YnDk8r3FSf0nys06l3N21n3HTFFvtU/5vmKZPjpjuOmgo+U6cjjpnG2XLa7anZ93HbHdNWw+3+7P3DJ7pfXXu6THMf/b6f8H3ddX++21yXo97nR9F2o17+/tGv0/TQqM/q2M/WhG27O5tuqoeqW27L8uHfT6McJ8Wz+c49Sa5bl1tvXZfr0xwqNZXzpvtz/4RTpad6vHlTo/ur5FinJE/WzmOnYTe3x5i2G7sExKT93sxw/b335vrhi3j176DrrspwPqeuj9K9ue/ejIzcro8EvuqqRs2+U9/Xps/rMSwhMqofH26zTU19w03Z9Oymlv3RZN8nzUsYtFrGYNOXWzw+abu0eC+clt81AABwZji9g9XGMgD3rs5nclWuuTfjlgP47v1r89Xcm6eHpwTek7VNJyNr70nue7o3h3tfzTeuS766duKQZfemL+eLW0aeu+zZeyYs0ldfW5bHe3vT88h1yZbb8s2jOb/ZvSk3XXpbnqxPXex55Lp8de2YsOi6R9Izdp+WXpN11yVP3vbN+j40Tvofya1X1fa3c+09uf6RV+tTwbfki5eeqlCpld3ZdNOl+eKWpja7Z239xHMm7vvubPrybXmyUaan70223JYvb9qdXHVn7X2Q+vvmNB4aNep9nXuy9v5l6Wl6n395uH1atd0Un8WGLVdl/QSPf/f+rqy9p7FswdO5b8ttWd70OZ64bZdm3eNP574kue6R9PQ+nnVLp1mOk6EeHF2/7posrb9/J1wOYMuzWfYnjT5qgvftVI8nyVW35hvXNV94Ggl1ryk8NHmqdm56rPfp3Jct+eKXN2V3luaadaP7xdqMg+vyjVuvmqLfm0GWLctVSZ58bWeGR1WuW51ljcfV9VFbtuy6JM9m5+7GSOB7c83qxqPnZd2d96Z5ZPfwjJXVx6dvfXJTcmujH8+WfHHta7X+6Ona666dss9JsntTvnzblqbHkidv+/KYut2SrJvg8Sm/+1u8F86g7xoAADjdnNbB6tiTqs+sbrUcwD1Z29WV+3euy+O94086aiM8dtbXZJtoncmmkbFXJcnS+gneeI2yLF1W+/+zrxU/Ux27X0uvWdc0Qqq+dtzjy/LNrq50Xnpbnhz+y/rJdOPEsx48X7/umizNyLTjdfWz+1p9zbDpx6PC8owEppu+k90zed8bIyK77zwj1/C7fll3kpH3daNeG/9OMkXbNUz+WRz521p4VVvLcmwwVb+IUg8hj65tpyjHSTC63GPev82G97vFc6Z6PE2PNS48NYe6RQs+RTt/5s7eHO69NTtv6krnmGUYan1ZY2Ru4+JHrfyT93szyTUj77/GqMr656NGXR+t7uFyPFsv77KRwDpJrqrNTBm1T8Pfy8fBVctqbdS9rL4ua73eG/+um06f8+Rtl6bzpk1ZdmdvDtcv6owY+dtamFxbW3bSdplW/woAAJxsp3GwOsFJVf3kp/lE4zO3PjJ8QvTVtWOm3dVHFiVJ7lk7yfT92qikcSd5J1ijvI0AsTZCqjEVcG2efeTVkRtz1C1dd+fwiWdjhNK6UcOktuSLl9a3u7Y26vZowt8TrtEeXZfmi1uSbHktr83IfW8O2Ue2f6bNxLxqWYFIaMK2m+KzOB1bbsvy+hTYWvPVRrbVH5x22x5zOY6L8aMYGyH16OUARpvqgs1kjzeHNGODoaPSop1r094vzRevero+irK5EOuyvhFKjrn40TBxvzezNEZWbrz/nkwU7Knro1S/oPLkpvsnLO+oiypjg8bj4PpRAflUWvQ5jXpPmvqsYrMjJm2XFu8FAADg1Dh9g9XGSVV95FnzScio5QCW1kekDU9jbp6WN8Gdg4enNTfrTm1Qyck9gaktO9D0351XNY1aebrFqMjGief9+XLTCKURzXeBn8F3SG66g/PwHetn6r5fdefw9p6un1C3WlJiVpio7ZIpPovT0FhuYfi/5lFgBdr2WMtxPDTuJN8UFjfCmQmXA6irTY9uHXRP+vjwCLcvZ+NRT01vMmE7NwLjR9LTYhRwY3Tfxi9PdPGjRb83wzSC0ydbXXBT10epsaTPljyZid/Ho/fp+C0DUFzrPqc2krixPEOSgsuNTNourfpXAADglDhtg9XGlLnGOmaHRwUlIzcWab7ZxdJ1j9eDr6vSvXTMzSuWrsvj9VRs/Mnc2Cm2u7Pp/onXWD0eRk/hnOBmSUl9inTy3W82T4evaSyJ8OSW5L47R+7uPnaphGO7ocoJMnatyYluTjKj9n30zZ4+c2dtrd5G2DJqqvyZbtK2m/yzOLmx6yePqfNJ27Z+UWTYsZTj+KmNYhwfoNTKMmYq//A6mS2mPk/1+LDGFPVaaHVUU9OT6X1G6xehdm+6f9T09CTD07mf3LIluffO4XB8Wv3eTNFYqiKt6lFdH61lwx/YFu/j5n06nssAFDBpnzPq5mVX5c76RdvpjIadtF2meC/Mqu8aAACYQdpPdQGOTiNAGD8CZ3gk0abvZPe6dVn3+KvJTZdmbVcjCL0u33i1PsJj3ePpyU1ZvrZr+IT0+kdezUSDdpau+5N8Y9OWfHFtV76a6/KNR+5NthxjuLrltizvum3Ur65/5NU8vm5dasVem857xpZrXf7kkU158rb63153b+677p589dnXsjtX1U7eG+vQjT3pvOrOHH466Vx7aTrrL3vf02PXfjtZatMov9j8q+seSc/jE7TZ8Iisq07uvt8zUv8N9z3dm1tH/eaq3Nn7dNK1tqkt783TvetGl2dtV+2mW4+vO7qA5bSwdJK2y+SfxSl85s7ePJ2urB1+z9ybpxt1OWnb1gOu+nvmvqd7c+cxlOP4qI80nCAUaozG++rWZ0f6oeseybKtXelc26KsUz3eZLh/nObU9K829Y019+bp3jsnbec7n743X117T/2xe3PfvVvy1Xtq4V/tFRsjy8eMNlw6Wb830zT2oVGPrZdeUNfFDNdbyyn+I/t0PJcBKGSyPmfp+Mdy79M5PJ0v2knbZfL+dXZ91wAAwMxRqlar1eO5wZ6enlyw9OgP5wf+9NokScfvP3W8inRi1O8KfN/TvTPiZBQ40zyb+7vWThKSTPX4BBp3HRe8nHjq+oT57v21dZZ9/x6d0+Y4CwAACvj57t1Zvnz5cd3m+vXrp3zOabsUwMlWm+o3cpOb2lqG16XQvS4ATqHhJVSOdmo606auT5TWI74BAABONsHqNH3mztpNKJ687dJ0dnVl+W1bTuE0eoAiamvLLr9tS3LdI/kTHdcJpK5PmGfvT2fX2nw1yX1Pu2kTAABw6lkKAABglnCcBQDAmchSAAAAAAAApwnBKgAAAABAQYJVAAAAAICCBKsAAAAAAAUJVgEAAAAAChKsAgAAAAAUJFgFAAAAAChIsAoAAAAAUJBgFQAAAACgIMEqAAAAAEBBglUAAAAAgIIEqwAAAAAABbWf6gK0MvCn157qIgAAAAAATMiIVQAAAACAgmbciNWO33/qVBcBAAAAAGBSRqwCAAAAABQkWAUAAAAAKEiwCgAAAABQkGAVAAAAAKAgwSoAAAAAQEGCVQAAAACAggSrAAAAAAAFCVYBAAAAAAoSrAIAAAAAFCRYBQAAAAAoSLAKAAAAAFCQYBUAAAAAoCDBKgAAAABAQYJVAAAAAICCBKsAAAAAAAUJVgEAAAAAChKsAgAAAAAUJFgFAAAAAChIsAoAAAAAUJBgFQAAAACgIMEqAAAAAEBBglUAAAAAgIIEqwAAAAAABQlWAQAAAAAKEqwCAAAAABQkWAUAAAAAKKj9VBfg2L2Sb37pgWxt8ejymzfkD9YsOTGv/OiXsnFrsvqOh3PryhPyEsegdb2MLW/x/Xgl3/zS87ny4VvS+umN11+d9Q/fkpV7nskf3f1YepbfnK/dtSZH3yJ78swf/1nyO3dlzZJkzzN/nD98rOeEtvMJe41GnTT+XbBuTsa+JxO9P0a3AcdizOfkVBdn2urlPubPM3D6an2ccaK/lxrff43vpRN/PHaa9dVjjy+anYb99p5n/jj/Lr9zQt9TAABHy4jVWWjrA1/KHz2zZ/jfK295OF9/uEio2jrIHrEytz78cL5+XE9A9uSZP747jzadKSxZc1e+/vDDp+HB9iv55tiTnp7H8od//Ez2tPqTU2T0+2N8GwBAs57H7h51nHGiFTuOmeV6HssfPvrKqS7FtDVCdACAmeoMGLHaMNkogkYYtDy33HxJHn2sFgvWRlSkKShq2kbTCMtbLnksj9aTxClHYbzyaH7vgZHYceT5E412GP+70QeQy3PLhtGjAhujMqbe5xbPqZev57E/yzOX17Y9bqTHmH0YGd3QHKpuzcYvbc3qOx7Or++uj5xcvTrZujU9WZ5bNvx2Xr974tEdLz36pQnrc/yIk+ZRcZfnpeF26smjd38p227ekN/Nn40ftTl2pMbqO/L1WxolGKnzW25+PY826nrUc1p5Kd/80mP1/W+0TdN7a7itJvrdGK88X9vO8OvWy9WzPS/tWZM1SyZ4v9TbZSbUFJsAABqeSURBVPx7cKJyNZp7sjpdkyXTeJ+PbGNDLvnW+DY4/ULt08/0+4Wmz96oUUljLog0v9+n2dc19z2r77jjBO0pcPppcZzxxt4ko79Hxj9/mt/Jzd/ry2/O+lWjSzD6u+4otrn6jnzt4m+NGgV7VMYcf4zuR8dfmBx+fKLv98ax2NjjhOFqnMZxy7jRqfVtbH0+r9yycvTx7oRlHvP9s/rm3PL6Y3m0Z6QNpzzOOIp6aWyr+bV7Hrs7v7e9vs2Wx6kAACffLBux2jMcqiZJz2N/lj8adTC3NRvHXsXvGQkaav+8O99sdaF/7IFe/fm/9+grSVbmytW113iu8ffD4dqnJwhV6+W9+9EMP33UiUm9vEVHOK68JetX17b9+t4JHt/zTP5ozD5Md3RDz9at9ZOeVbm81dFtkfo8GhNNf9v6QH5vXD1tHTnZqj9nqnL0PPZY00jdRtssyeWrlifpybaX6q+w56Vs68nk9XDuxVk+6nUbI3yLT6+fuFwFjWuXP8tJHGzEJKbqF/Y888dN/UJPHv2zb+X1UVuYYJT51gfGjyab5D0w+jWSrQ9MZ9Q6wHSPXSb7Th4zw6PnsWyc1gjGAtvc+kD+3fbp7M0kJjj+aD7GeeXR8bM9hvvZlZ/O6iQ9218arpdXnq9V2upPTxCq1st8zKOCpyhzXnl09PfP1seKz1g5inrZ+sAftz4GOYbjVACAE2HGjVgd+NNrCz2/4/cfqv9UG0E52viRXY2r5LUD/Z705OZ87eGmq9+v786erGy66j2yjUbAsfX5V3LryrGjBPbkmW/VD4LHXrXf+q0882t3Zc2nayM6X9+9J1m5ZMxB8568tL0nmWCE4n945tfyB2v25rmtGXVVvlaex/KXr6wpNLri3ItrQWCjHBNqMRLi1ofvSMaOst09XLmjRshNbLr1OdaSrLlrQzJmJOieZ0Y/65W/qh28j4yGaIyEGF9PY9dmm7Q+Ru1fY5tb89wrt+TWy1dleXqGR+fseWl7rQyrLm89emLJ5bl6edLTU1uaof5OOLq121qUa8oqHb2RMSNw68H7qB2YuA2KfmYZMdJ/tTJ1v/CX9ZPeUSN8mk9S6xdwxn0mHvurvLKm+f3W6j3wyrjXGHsRyXsAZp/Jj79GAsHpHru0+k7e88y3at+R477rpi7j9LdZO147lgnnje/+cceA33omv37XmtpyBbeMPL9xHFrrZ2sX37duHZm18lztynuuXJkC/fgYPY/lD7/02LhfL7/512rHb1OUee/zzTO8lky+dutR1ku9RBPP8FlzV76WMevJNw78Whyn+j6anTp+/6lTXQQAZrEZF6yeWMtzdX0IYSNcHA6/6iMIxx0srv7t4QO9JWt+O6sfeyBb6+HrKMOjFG/Orw8/tDK/fvPybH2sfuC88tNZna3Zuv2l7FlzeXa/ngwfNGdvXu9JJjpB6Xljb7Jnd20U2gQHyVMGgkU0Ar+tD+T3prv8Qd2kQWJDc302AsmJ6vOojJyI/PPh8i7Jmt9enUcfaATawwWp13uysh54T130RmhcH6Xa0winG3VWm1qXN3rS/F6b2JKsuevhLB01kmdrNn7p9dbLBxQuV4GNDI+uHdkGM8E0+4Wmfme4n6o/b0+to6mNnh/VdbyeUR+JVu+BCV5juC87fjsKnEGGQ7Qpj12G/6Lld/LeN+oXdib4rpuiFAW2OXK8drQa2xy5WFrX80aar1O2WjO0UcZtL+3JmqWNILUegE7Vj0/76350gDl5mffUj1ObjmeaLgpP11T10tjvR+/+Uh5NMuVF5mM4TgUAOBFmbLA6/SuPjZGRJ+hOreNGsLawZGkuyQTB7ChNIxJeSS2IrS8DMHUZWmtex2w6Gge5lyyd6G9qgd+apmlno9a1mvartDDd+kxGTsim7dxcMmE6fny0DisbJ3lb89wrn07tbGiSZQCajIxgadR3bUmBNWvGP7dxYjX9ck2gcJ1OzSiB8SNkivdfR2GKfmFq9Qs+5x7TRpJ4D8Dp7Nj7r6M7/qodu8wGtfAzfzWyFunXH55giYSmi+/PXLI1U1+gTYb78VZPG7ue+vAxxlTbrZf5aEz7OKMeCq+8JV9/+JamwHlkDf+JZ2NNcZzq+2hWMUIZgJlgxgarM8bwzYQyMnXskqVZkmT0KUEj1Gue3taYQrs8l9TDi+Er8w/UR0t8euWYv291gvJKLbg91gX69zyT/9A8vayl2pqftw5PuRuph2PSXJ/16WFj63N4ql7j8WlbkqWXJOlpTJOuT5erL9FQC5KP/kSuZ/tL2bOmNg2xNj17JJxujL7d+sADSaYevds4gRgZZdFqtExjNMrIaxYp1/BWjrpOObWm2S809TvD/VTdktqHovWInqlOnhsXjSZ5DYAJNfqPlscuU19caswwakwdX5KR5UmO1onc5sSB4Cv55qhjr8Zo0GaNi+/1dUybLtBO2Y9PZcma/MEdb4y7eenkZU5eqXX+I2HsK3/VcgmGVscZU73GSBHvytfXZHipmamXiTpBx6kAAAWdQcHqxGt81dZgOpYhWT1N05Pqm/z0RAd6I1POx013apr+PnoKbXO4OTLqcex+1A5GRw64R0+nm+TO80la1Utjetk4E9yAq/YHY0dg1ra7/OYN+d1WLz2h1vXZOPgeP9WtxTZW35GvXTz6kZW/dnOWb31s/DZGLdFwlMZNZWxqv1HT46YeZTK8DMK4fR3521qgNr6+ipRr+nVa1EgbTHlXYqZhos9pLUydql9oBPLD/c7y5aOXNWn0ORN8JqZ3kWaC1wCYlqM9dhkxvLxJi/VCj8ZE21y+fDpz3Fv31SuHL7COPQa8o2lt1RbHqnXDxzAZc4H2mPvx1G9eujUbt/bk0T97JpfftabpovBEZV45PBhgsmOIqY4zJn+Nc1uulzv2WLu2/dVZf0eycVrHqQAAJ0f5VBdgxlt+c25Z3fzPDa2vuK+8JV+/Y/WoXy2/ecOY4Kl2kpFk3DIAS9bcla/dvHzc3zdeb+UtD2f96M1n9R3F7yK/+o6HW494mGAfktVZf9fodciO2iT1uWTN7+SWpk2vvuOOjC5JLbye1JI1+YMNN2dUCVffka8fh2UMlt98c1N5lueWDc0jCOvBeDK9g/uJyjnqRHNJ1vxO8+Ors35cu0xdrqnrtKhptAHH1VT9wpI1dzX1C6uz/q7fziWjnr0ytz48tt2bP9PTK8P6UZ/bm4/xfQTMFsd+7LIyt24Y/X14y7Ech0ywzeU3b8jvrjrGTU70vb785nztlpW117tj9ejf15+79fmmUbv1i7TjL9Aeez+eJCtvqW+j57H8u2f2TFHmJCtvGfX9s/zmO0YdU9R2e4rjjElfo3ZTzLHbHP0d99ujtzflcSoAwMlVqlar1eO5wZ6enlywdOlR/31jrZxTvmZfYz2qY516P4HGulpTTYvi9DJ+ej+zxdGvUXisRu6OPe6uzSeg7wLOPKeu/zqFhmfnjCyz4thsOhrfOSfovgZQ0Iw5bwRgRvj57t21WUjH0fr166d8zhm0FMDpYuTO9ZOvccrppbG+6XRuNgHHS2Nd4fF3i55qnV+AWevci+tLpoydmu/YDACAYmZssFoun+JVChZcmtVf+EI+ds6lWVAuH5c1E3pf+9v89d+/m0Vf+EK+fPX1+YiFGM4Me3+Y/7TtZ8nHvpDbbvnVXHO+huXkWXnLhtzy+pg16lbfYdQ0cFQOHDx4qotw4s37VP7H23uy/qHtTb/szg13/1YuPHgwB05ZwWa63vQNJclAetUTM8C8U10AAMgMDlZPua5lueb6Zcd5k5/LF47vJpkJzv1YvnD9x051KZi1lmTNXQ9nzakuBsDpZMWN2bjxxlNditPM4lz9lY25+lQXAwBgBjG0DgAAAACgIMEqAAAAAEBBglUAAAAAgIIEqwAAAAAABQlWAQAAAAAKEqwCAAAAABQkWAUAAAAAKEiwCgAAAABQkGAVAAAAAKAgwSoAANOwI0+sX5/1T+wY8/t92fbg+oz79XS2+MT6rF8/wX9Hs7HjqrZPD27bd4rLMdq+bQ9m/foHc1yKtW9bHmxsq/nn6f7N+AdnZJ0BAJxI7ae6AAAAnEa2fzvbrv1Krl58nLa36vZsvHHFyL/3bcuDGx7KE1dsTPOv2ZeXn0tWrUqee3lfrj5uDQAAwNEyYhUAgGnr7k42//m2nLBxiYuvzudXJdtfPNWjVmeYHU9lc67MtVdclJ2bn8ox187iq/OVjccxIAcAmIWMWAUAYNou+vznc9FDD+XPt12Wr7RI5fZtezAbNu+s/aP7htz9latzLPndpNvbty0Pbtic2qPdueHukbBwxxPr89D2+vOaRsbueGJ9vp1Vyfbt2dnYXvN2uldlVXMBdjyR9cMbGv0aY0qabQ9uSKOoyarcvvHGrJjOa0663WTHi9vTfeXdWbzi/KzKQ3lxx41ZsaJRtgy/TqMMz115d619RpU96b6h/vt92/Lghudy5d1fydXjK7ypXBk/qvjlJ7J+8/bR25uozC3qHwDgTCFYBQCggBW58fZVWf/QU9lxdSPMa7LjiWzYfFFu3/iVrKiHfBueOH/6odq+bfn29mTV7Ssm2F4trBvZ3o48sWFzLrp9Y77SCBk3PJHzN96YxdsezENv3pC7N16dxdmRJ9Y/lAcvHAkBd25Pbt+4cSSM/PPNyQ13Z+NwGJl0X5naazz0Zm64e2Mt9NzxRNb/+bZcNkFYvG/bn2fzRbdn41dWpBFwfnvbtS1es3XZx9fUjry4vTtX3r04yeJce0N3Nry4IzeuWJGsuGJ00Lrv5Ty3sztX/svFE5e9VbuN7EW2/XlTufZty4Mb6ss/1PYim5+7Mndv3FgPhjfkifPHL9uwb1T91+riwW2tQ1gAgNORpQAAAChmxY25fdX2PDTBTaZ2vLg9WXVFPbhbnKtr8/pbT13f/tDoG1dtqAWcjaBux4vb033DtcNB4Iprb0h3Y3s7Xsz2rMoVww/emI0bb8yK7MvLz+1M95WX1cPPFbn2hu7sfO7lkSUMhsuYkTDyssWNF8kN3c2F3JnNT+0YeY0WI3AXX/2VpgB5X3btHPOE5tfc8WK2d9+Qa0d2LDd0b8+EKyDseDHbV31+eDTr4suuHKmDrMgVzUsn7NuVncPPXZEbm6b773v7zQk2Pm4vcvVXmoLSfbsybjc+X9//lss21Op/+Hn198Go+gcAOAMYsQoAQGErrr0h3RseyhNX3J0Lh3+7L2+/mXRfWWBUYtMU8dqU/4vy+eFRjbXt7dy+Ies3N/9Rd97elyyuvdgEIWct1Lzo89Msx75d2ZmLMvL0xTn/ouE9zY0bb0/WP5T1U01rH7NkQHf3+KcMv2Rtx7Jh9I6l++19yYrmcu/Ltm9vT3ZuH3n9usZo2FpbvJgdN65IXtyeVVfcOPK3TUsTdE9WoFG70TSFv7s7o/+qOxc2FW/xhd3JrnF7l107k+0Prc/oIq/KvuSYloUAAJhJBKsAABS3+Or8yxuey4ZvP9W0HmktkNy56+jis8VXfyW371qfhx68sL6Oam173Ve2mEJee7EJwrrFubA7eW5cSNnqhS9Md57LyNNrge5IYrwiN27cmBuT+tT4h/LEFWOnv9cC0JE1R+trnbZ6ydqOTb3+7L6X89zOVU1rqNZ/ve3BbHju5ey7+uosXnxZruzenBd3XJFsX5XhXHXHU9nc/Lf1JQ4mtW9bvr29ab3X+lqsLZ8+blhu0qj/VZ8fv0QAAMCZxFIAAAAclcVX/8vckO3Z3pStrbiieep/fbRl8xT4Kay48fas2rk5f75t3/D2dm5+angpgX3bHsz69U/U/r3iiqxK0/T5fdvy4PoHs23f4lx2ZfPU/x15anPz0gBjd+SyXNndNN1/38t5bufYbTaee34uGjNqs1ktVE491JxsR6/Iqp2b89Sosq/P2NUV9r38XHZOUH+LL7sy3Tufy8v7kqS2v9sfeihvNi2bUPNm3t6XDLfFtOzMyG5sHrMUQHM91dfDvWJc6Wrl+fa24an/O55Yn/UPbrMUAABwRjFiFQCAo1RbO3Nz013ns+LG3H3Dg9mwfn3t39035O5CwxZr66Fu2Ny4KdKY7aU7N9zdGL25IjfefUMe3LA+jUdX3V6/UVN99OvwVPtVt9duTNVqP75ye3YNT/dflVWrkjeTZPHV+crtu7J+w/o0Ju1333B3bhy3qUZd1Lex6vbaOrQtR++OL3t309qyNbVAePhGXqNerjZKdfNTO3L1jStqQWsysk5sUl+3dUM2b1ifzenODbffkO6H6iNzW9REbd3UzXmoPo1/1e23Z9X2hzKyG9254cIXs74+9HV8mRubGVP/WZXbN04xOhcA4DRTqlar1eO5wZ6enlywdOlR//3An16bJJn7Pz59vIoEcEId+bdrR/274/efOkUlASimcdzV0PfF/3SKSgJQzLxvfCGJ4y4Aan6+e3eWL19+XLe5fvjCfmuWAgAAAAAAKEiwCgAAAABQkGAVAAAAAKAgwSoAAAAAQEGCVQAAAACAggSrAAAAAAAFCVYBAAAAAAoSrAIAAAAAFCRYBQAAAAAoSLAKAAAAAFCQYBUAAAAAoCDBKgAAAABAQe2nugAAAMwMCxcsONVFAJiWgVNdAACIEasAAAAAAIUJVgEAAAAAChKsAgAAAAAUJFgFAAAAAChIsAoAAAAAUJBgFQAAAACgIMEqAAAAAEBBglUAAAAAgIIEqwAAAAAABQlWAQAAAAAKEqwCAAAAABQkWAUAAAAAKEiwCgAAAABQkGAVAAAAAKAgwSoAAAAAQEGCVQAAAACAggSrAAAAAAAFCVYBAAAAAAoSrAIAAAAAFCRYBQAAAAAoSLAKAAAAAFCQYBUAAAAAoCDBKgAAAABAQYJVAAAAAICCBKsAAAAAAAUJVgEAAAAAChKsAgAAAAAUJFgFAAAAAChIsAoAAAAAUJBgFQAAAACgIMEqAAAAAEBBglUAAAAAgIIEqwAAAAAABQlWAQAAAAAKEqwCAAAAABQkWAUAAAAAKEiwCgAAAABQkGAVAAAAAKAgwSoAAAAAQEGCVQAAAACAggSrAAAAAAAFCVYBAAAAAAoSrAIAAAAAFCRYBQAAAAAoSLAKAAAAAFCQYBUAAAAAoCDBKgAAAABAQYJVAAAAAICCBKsAAAAAAAUJVgEAAAAAChKsAgAAAAAUJFgFAAAAAChIsAoAAAAAUJBgFQAAAACgIMEqAAAAAEBBglUAAAAAgIIEqwAAAAAABQlWAQAAAAAKEqwCAAAAABQkWAUAAAAAKEiwCgAAAABQkGAVAAAAAKAgwSoAAAAAQEGCVQAAAACAggSrAAAAAAAFCVYBAAAAAAoSrAIAAAAAFCRYBQAAAAAoSLAKAAAAAFCQYBUAAAAAoCDBKgAAAABAQYJVAAAAAICCBKsAAAAAAAUJVgEAAAAAChKsAgAAAAAUJFgFAAAAACio/VQXAAAAAABgJlm/fv2UzzFiFQAAAACgIMEqAAAAAEBBglUAAAAAgIIEqwAAAAAABQlWAQAAAAAKEqwCAAAAABQkWAUAAAAAKEiwCgAAAABQkGAVAAAAAKAgwSoAAAAAQEGCVQAAAACAggSrAAAAAAAFCVYBAAAAAAoSrAIAAAAAFCRYBQAAAAAoSLDKrPGDF5/PD158/lQXAwAAAIAzgGCVWaE5UBWuAgAAAHCsBKucsV7+8Q/z8o9/2PLx557dluee3XYSSwQAAADAmUKwyhnp5R//fZJqkmpe/vHf5xNXfHr4sU9c8elRgapwFQAAAICi2k91AeBkaQ5XAQAAAOBYGLHKGemyj3x8wp8brrzq6gl/BgAAAIDpMGKVM86rP30lycSBarNGoPrf/vZvkiS//LlfObEFAwAAAOCMYcQqZ5RGqDr251b+9m//pr4Sa+1nAAAAAJgOwSoAAAAAQEGCVc4ol35o5YQ/t/K5pun/n7MUAAAAAADTZI1VzjiNQPWN13uSJBdfsnzC5z31X/8qSXLtr/7aySkYAAAAAGcMI1Y5IzVC1bE/NzRC1bE/AwAAAMB0CFaZNd5++828/fabp7oYAAAAAJwBBKuckZqn/198yfJRgerbb785avq/pQAAAAAAKMoaq5yxWq2t2iBQBQAAAOBoGbHKrHD++RdN+DMAAAAAHA0jVpk1BKoAAAAAHC9GrAIAAAAAFCRYBQAAAAAoSLAKAAAAAFCQYBUAAAAAoCDBKgAAAABAQYJVAAAAAICCBKsAAAAAAAUJVgEAAAAAChKsAgAAAAAUJFgFAAAAAChIsAoAAAAAUJBgFQAAAACgIMEqAAAAAEBBglUAAAAAgIIEqwAAAAAABQlWAQAAAAAKEqwCAAAAABQkWAUAAAAAKEiwCgAAAABQkGAVAAAAAKAgwSoAAAAAQEGCVQAAAACAggSrAAAAAAAFCVYBAAAAAAoSrAIAAAAAFCRYBQAAAAAoSLAKAAAAAFCQYBUAAAAAoCDBKgAAAABAQYJVAAAAAICCBKsAAAAAAAUJVgEAAAAAChKsAgAAAAAUJFgFAAAAAChIsAoAAAAAUJBgFQAAAACgIMEqAAAAAEBBglUAAAAAgIIEqwAAAAAABQlWAQAAAAAKEqwCAAAAABQkWAUAAAAAKEiwCgAAAABQkGAVAAAAAKAgwSoAAAAAQEGCVQAAAACAggSrAAAAAAAFCVYBAAAAAAoSrAIAAAAAFCRYBQAAAAAoSLAKAAAAAFCQYBUAAAAAoCDBKgAAAABAQYJVAAAAAICCBKsAAAAAAAUJVgEAAAAAChKsAgAAAAAUJFgFAAAAAChIsAoAAAAAUJBgFQAAAACgIMEqAAAAAEBBglUAAAAAgIIEqwAAAAAABQlWAQAAAAAKEqwCAAAAABQkWAUAAAAAKEiwCgAAAABQkGAVAAAAAKAgwSoAAAAAQEGCVQAAAACAggSrAAAAAAAFCVb5/9uxYwEAAACAQf7WY9hfGAEAAAAAk1gFAAAAAJjEKgAAAADAJFYBAAAAACaxCgAAAAAwiVUAAAAAgEmsAgAAAABMYhUAAAAAYBKrAAAAAACTWAUAAAAAmMQqAAAAAMAkVgEAAAAAJrEKAAAAADCJVQAAAACAKRlIRPy4qxABAAAAAElFTkSuQmCC" height="600" width="800" />]]>
  </system-out>
  <testcase name="getDashboardQuickLaunchItems" time="0.293" classname="testcases.DashboardTest"/>
  <system-out>
    <![CDATA[Actual:[Assign Leave, Leave List, Timesheets, Apply Leave, My Leave, My Timesheet]---->Expected:[Assign Leave, Leave List, Timesheets, Apply Leave, My Leave, My Timesheet]
<img src="data:image/png;base64,iVBORw0KGgoAAAANSUhEUgAABVYAAAJcCAYAAAASBf/6AAAAAXNSR0IArs4c6QAAIABJREFUeJzs3XecVdW5//HP2nufMmd6Y2aYQhk6SLWgCAj2qNGosYtiyc01NzFXkptoEsvNVdMsib/cxJgbDGrsYsFEjIIKKoo0EQakCEOdOdPLabus3x/nzMDAwECilPi8fRGZ2WuvvfaZ7R/5zrOfpbTWGiGEEEIIIYQQQgghhBAAzJgxo8cxxiFYhxBCCCGEEEIIIYQQQvxLkWBVCCGEEEIIIYQQQgghDpIEq0IIIYQQQgghhBBCCHGQJFgVQgghhBBCCCGEEEKIgyTBqhBCCCGEEEIIIYQQQhwkCVaFEEIIIYQQQgghhBDiIEmwKoQQQgghhBBCCCGEEAdJglUhhBBCCCGEEEIIIYQ4SBKsCiGEEEIIIYQQQgghxEGSYFUIIYQQQgghhBBCCCEOkgSrQgghhBBCCCGEEEIIcZAkWBVCCCGEEEIIIYQQQoiDJMGqEEIIIYQQQgghhBBCHCTrcC/g89IYa6K6dRubmjeztW0729t30BBrJObG8LQHOjVQgac1E0qO5xsjp2MoyZaFEEIIIYQQQgghhBAH56gOVhNugpV1VSzY9i4r61bTGG/EJRmiKhRKKQCUAqVVMltVYHs243qNkVBVCCGEEEIIIYQQQgjxDzlqg9WqhnU8teZZltevBA0GCmUYWJhAsirV9VxyAzl4aNrtNpRSOJ7D6IKRjCkaeZjvQAghhBBCCCGEEEIIcbQ6KoPVtQ3r+cl7/4PtJTANC6U0OlWl6mkPx3PID+ZzSunJJLwE7+5YlKxW1RoPuGrIpVjGUXnrQgghhBBCCCGEEEKII8BRly62xFv4+Uf343gJLMNEJxNVtNLYnkOWL4NLBl7IkLxBLNz+PnM3v4GHxlCKhJtgSulkBuVWHu7bEEIIIYQQQgghhBBCHMWOumD1lY2vsSNSS8gMdn7P9hwsZXFh//P4auVXaIw18uCy31HdugXLsFKVrBqf6WfasEs7e68KIYQQQgghhBBCCCHEP+KoClabYs28uul1AoYfDWitcbXL+OLjuXzwxVRklfHaZ2/wyKpHAfAZFhpQSpFw4kwbcgUFoYLDeg9CCCGEEEIIIYQQQoij31EVrK5v2khzooWg4cfWDnmBXG4Yfg0TSk8g7sb57bI/8MbW+ZjKwsBAo1EKHM+hT1YF51aedbhvQQghhBBCCCGEEEII8S/gqApWP21ch9YejnY5pXQiVw+9jMJQPnXRBn7x0a9Z07gGS/lQil29V7VGo/n2qG8S8qUd7lsQQgghhBBCCCGEEEL8CzhqglVPe3xcvxpTmXxr5Dc4rc9kDGVQ017Lzz96kHVNG/CbPrQGdPIcBUScGDcdcwND8gcezuULIYQQQgghhBBCCCH+hRw1wWrUieI3fNw5/jbGFY0CIByp585FP2Nb23b8hg9I9lPtSFejTpwLK7/KVyrPOIwrF0IIIYQQQgghhBBC/Ks5aoJVQxl8e/S/UZjafMp2bX697HdsaduW3MxKadC6c0MrQxlcNvAirhj6dUxlHubVCyGEEEIIIYQQQggh/pUcNcFqmpVGmpXskaq15i9rnmNx7RICVhoxHJRW+E0/peklHN9rDCeWHM/AnL6HedVCCCGEEEIIIYQQQoh/RUdNsLq7jc3VzK/5kBPLJtE3rYC+6SX0Si+iML2IglABShmHe4lCCCGEEEIIIYQQQoh/YUdlsFqeUcwfJ/8M5Tp47XVY0WZ0wka7teA66GAOyh863MsUQgghhBBCCCGEEEL8izpyglXtoeNtYEchkIHypcE+Kk99zVvxVr2Kt3YeTuNWYlonN60yTLTpx8wrwygbjVU5EbPkGFQg8xDfjBBCCCGEEEIIIYQQ4l+Z0lrrw7kA3R7G3rAAd8MC3LqNkIhCMAsztxyzZChm3xMxCweBFdh1TqwZr3kburUWr7Ead9sK3J1VeK1h6AhZAVAYhQPwj74Aa9g5KH/64blJIYQQQgghhBBCCCHEUWPGjBk9jjl8warnkPjkZRLvP4rXtA0MI9kbVRloz0PhoTUow8TsPQLfmK9hDTwVZQW7nU631+OG1+Gsewt7zesQbQXDQANKa8zewwlM/HfMiuMP7X0KIYQQQgghhBBCCCGOKkdssKrjLcTfehB7+UtgmMk/AJ4H2t01ThkoQGuNAsw+4whMugmzZOR+5/eatpJY+RL2h0+gXRtlWmjXAaUITr0Z/5hLwThyuiAIIYQQQgghhBBCCCGOHEdksKrtCNEXv4ez8QOU5QdUMkzVYJQOxywfh5Geh3YddPM2vPB63JpPky0CtAemj+CFv8LX/+Qer+WG1xKbezfe9tVg+kBrtGsTOOEqApO/A8r84m9YCCGEEEIIIYQQQghxVDnyglXtEf37vdhLn0f5Uj1TPQcjPZ/AqbdgVk7a+1V/18Zr3oqzbj6J5bPRjdvAtEj7+q+x+p7Y8yVjzcT+/jOcqjfAtNAAToLgmT/AP/qSz/0WhRBCCCGEEEIIIYQQR7cDCVaNQ7COTvYnL+EseW63UNVFpecnQ9LBZ3TfP9X0YeT1w3/CdaRf9Sf8J1yN9lyiL/0QHW3q8ZoqmE3wrNuxhkwFx0YByvQRn/sz3PqNn+8NCiGEEEIIIYQQQgghvhQOWbDqtewgNv83YPmT39CA9kg7/2cYhYMPaA6VXkhgyn8SuuhX6EgjiY9fPLDzfGkEz/gRqmgguC4oA5QiPu9+8JyDvpd4PE4kGsXzvP2O01oTi8Voj0SIx+MHfZ2eJBIJ2iMRYrF/fm7btolEIkQiURKJBI7j7PP+DrTI2XFdotEokUiERCLxT6/xcPC0R00kTNSJ/cNzJFyb2kgd3mHaJ04IIYQQQgghhBBCfP4O2Q5O9tKnINoMVqpa1YnhO+k6zNLRBz2XNWAKoUseIvbWQ/jHXorypfV4jgpmETzjNqKPTwc8MP04G9/D2bkKq/eoLmNrampZ9MEH5Obm4HoeEydMwLIsWlpaeH72bObOnUtLaxsPPfgglZX997rWtu3bWbBgIW+//Q6fbdpELBYlPy+PEcccw6RJEzn5pJMIBAL7XW9jUxPvv7+IjIwMmpqaOHnCSeTl5aG1ZvmKj3nttddY+cknNDU1EQqlUdm/ksmTJzPllMmkpfX8eQC0RyIsXbac+fPmsWz5ctrb20EpTMMgNzeHwsJepIdCBINBQqEQza0t1NWG+fa3v82woUO6ndO2HZavWM5bb7/NokUf0NDQgNaazMxMhg0dyqmnnspxxx1Lbk5Ot+d/2riBD3d+RIaVTn2skTG9RjG2aP+blQF8uHMpGxo3EjAD1MUbOLvPqZRnlbFk5zKWhVfiaodcfw5RN0a7HaEl0YaLQ8gKURTqxeDcgQzLH0zaHlXTbYk2vj3/+xxXNJYZ4/4DQx3c7yI0mv/75DEWbHuPBybfQ1F6r4M6XwghhBBCCCGEEEIcmQ5JsKrb60isnJPcQApAawik4x/zj/c4tSonkxbKS851oOcUD8XsMw5381IwLZRS2B+/vFew+snqVXzve99DA+PHn8CUyZPZsXMn37zpW6z6ZCWmYaIMA/8e4WhbWxuP/vkx/t9v/x8+n48RI0ZQUVFOIh5n6dKlLFmyhKeeeopJkyZx15130rukeJ9rjUaj3PajHxGJRDBNk1defolgMMjPfvELnnzySRQKy2ehPU08kWDFihW88MILnDB+PD+79x7KSkv3+1msWl3FHXfcwUcffUTffv244frrGTt2DKZh8vHKlcycOZP33nuPzMwsvv71r+M4LnXhOpqam4nHu6/eXPvpp9z/4IO8+cYbmKbF5Zdfzvjx48kIhVi/cQOzZ8/myaeeYsjQIdx5++2cdOLePXLjdown1j6Lz7DQWtM/p89+76NDbXuYWWuexJd6xk4sPo5yYHn4E57f8BJpZhoeHlcOuoTyzHISXpwNTZ8xb+s7xN0YlvLRN7OCGeO+TXnWrs+uNlJH3Ivzzrb3OL//2QzKG3hA6+mwrWU7czb9DUuZxJ2js2pXCCGEEEIIIYQQQuztkASrTk0Vur0B5UtVA7o21vCzMTL/ueo9s+SYgzvBsLAGTcXd/FHn1+7Gd9GxZlQwu3NYeigdn8+HbdsMGDCASCTKf3zrP1ixbBm5+Xk4CZt4Ik56KNR5TiQa5Rvf/HeWLFnCz+69l4knn0xObg6WaeK4LjU1tTzw4IO8/PLLzJ8/j5bmZh6b9Wf8fn+3S00PpVNYWEh1dTVZWVn4fX6+e8v3+HTtGu695x5GjBhBXm4e9Q31zJ//Fr/93/9Fa49F77/Pt79zM08+8TjBYDc9a4HVVWu49LJLaW1p5dJLL+WO239Cenp65/HBgwdx5hmn818/uJW/v/l32tva+cFd3yMQCOyzPcCSpcu49rrraGttYfDgITz0m98wcEBl5/GTT57AFZddxrPPPc+Pf/xjrrl2Og///ndMnTKlyzyu0gQMP6ZhoLXGVL79/0xT/JYfv+nHVCYKhd9Mfq6WYeE3/Gg8snwZnFd5FsHdqlLPrzyHXy75DZtbq9nY+hl3L/4VD0y6h7RUFXRjvDnZ+kDB7PWv8v3jvnPAVaue9nhszdMoFBpoSbQe0HlCCCGEEEIIIYQQ4sh3SHqsupsXo3YLozQaq/8EQB2Ky3dh5PdDd1xXGXhtdXitO7uMKcjPx/FcANLT0vnDHx9hZ20tf5o5kxdfeIHnnnuWO++8C9veVYHY2tJKS3MLr77yCl+74HwKCvKxTBMAyzQp7V3C3T/9b0455RRM0+Sjjz7i5Tmv7nOdlmWSFgyglMIyTX70k58Q8Pt45eWXuPiiixgyeDC9ehUydMgQbvr3b3L/ffehNQTT0li2bBlvznur23mj0Sjf+/73icfjFBQW8sMf/FeXULVDVlYWd//PT8nOzuYvTz7BI3/8Y/LzMwwMo+tj09DQwE3f+hbxaJS8vHwe/v3vu4SqHfx+P1dcfhlfOeccPNflmzfdxKbNm7uMybTSUUqhNXhocv1Z+/yMdhc0/KnHSaOUIsOXCr0NhVIGCoUyLGJu16rRsszefPOY69Daw6f8bGvfzsq61Z3Hd7bvTAa1hsV7Oz9gY9NnB7QegNV1a3h3xwf4jWTIWxsNH/C5QgghhBBCCCGEEOLIdmiC1R2rwdhVHKsMCyOn96G49N6UiTJ3q4LU4IU3dBnS3NKMZZoEAgFmvzSb1157jeeefYapp0ymT0UFgwcN4orLLqWoqKjznLS0IPff/ysGdBModggEAtz079/EcT0sn8Xs2bOxbbvbsZZlYfr8KKVoaGxk1erV3HvP3WRmZnY7/swzTueqq64iGo0SCPh5/vlncZy9N+b6ZNVq1lRVAYqvfvWr5OXl7XO9+fl5nDr1VPz+AL/73e/ZWVOz1xitNb956LeEw7W4nsfN3/kOfSrK9zmnUoobb7gB0zJxHYff/vZ/u2yG5WgHUKDAUAZx3f3ns6eQlZbsCqEUKIWtk8F4ppWO1h6u1gQMH35j7yLt3hnFpPsy8PAwMNjcWt15rCXeiocHWqHRPL32BTy9/03LABzP4bE1T2Mo1ZH30hhrOqB7EUIIIYQQQgghhBBHvkMSrOr2OuisWNXJitFg95sXffGL8ZLhG8kwTxkGXkPXqklNMtRDKWrDYb7/ve9TUrzvfqiQrPAcNLDn/pulpaXk5uSglMGWLVuIxePdjjNNk/RQCM/ziMfjfOc//oOMjIz9zn3JxRd3nru6ag3tkcheYxYvXpyqONWMGjVqr+N7GjxoEIZhEIvHWLps2V7Hd+zcyVNPP0UwmEZ6KMQZZ5ze45x9+/ahuLgYn8/Pa6/NpaGhsfOYaVi7HkoNQXP/m3x1iHgJfMpMtQ8wCJnJ1/1z/dk42sVQCksZdFcl7Xpu8pEgWSWbF8jtPFYbrQOdqrJWFh/WLmVj06Ye1/PRzmV80rAaS5mgkuc3JVoO6F6EEEIIIYQQQgghxJHvkASryVLCjqrEVIIVbdzX6C+WMsCx2T1g0/GuAaTP50ejcR2H0tJSjj/uuM/t8gG/n/z8fLT2cByH+H6C1bRAANd1sUyTUSNH9jh3Xn4eubm5aA8ikXba2tr2GvPZpk1YPgtQZGbs3QJgTxmZmZ0bhG3bun2v4wsWLMS2bVzX5dhjx1FYUNDznOnpVPavRGtNLB5j9epdr96nmcHkk6I1Gt0ZkPYkzQzi4aG1RqEIpHqstrsRLGViKIWnOypiu6qNhGlNJD+rgOFjbK/RAMTdBDvad2IaJsloNPnP42uewU1VxHYnakf5c9WTWMrCVMkKWaUU4UgYzYFvtiaEEEIIIYQQQgghjlyHJlhVZtevPRuv9fD0m9TRJvTur3J7HphdN0jq6I3quC7Dhw0jtNsmVf8sT2ui0UjndSyr+/3DtE72ClVKEQgGyc/f9yv7u687Py8vFf9BLLZ3aJufn4/rJgNIz+35lfampkaUoZJ9Rv1dPyfP8/hw8WJM08RxHE44YTymae5jpt3WaVnJAFhrHMemdbcA2Jd6VjR02YSqJxm+tM5NphTJyleAlkQblmGljhlYe7QCaE208fiap9FoHM/h+mHTyE1LVlO7nkNdtB6Ac/qeRdAMYCmTxTVLWNfQtX3E7t7fvpgNLZ8xMKeSCyrPxfFcFIq6aD0J98BaGwghhBBCCCGEEEKII1v3qd7nTGXk4zVtRXUGrAp384f4Bp5yKC7fhRden9qjPVVDaxjsucm7aZqgkx0D0tPTMc1/Ln/WWtPU3Mz69Rt44i9PUFsbxlAGhmng93W/671SiubWVvx+P4ahMA4gsPQ8D9uxMYzkZk2BwN6v0R87biwP//73mJbJ5i1bepxz/boNnb1LBw0a1OVYIpFg48aNGIaBaZq8OW8eLS2tNDTUk5mVTSDgIxgI4mmPWDROLB4jGo3Sq7CQj5YswTRN2tsTtLXuVlmbeidfpf7n2XUv0iutANOwaHXaMJRJ0AxiYBD1YrieTchMY0ekBqWMLuEqgJGar+MnnnATBM0ALfFW1jSs47GqJ/msdTO5gWymDbmC0/tO6VxKxI7SnGjB9Ry+0vd0/IaPp9Y/j2VY/HHVLH5+8l2patZdonaUWWuexFImXx94ASErxNPrnsdUJi2JFqJ2tLOaVgghhBBCCCGEEEIcvQ5JsGr2Goi3ZSmQDKGUaeGseR198r+hgtmHYglJro27+UNIhWHJTYU8VE7XzZaUSkavWoNh9Bxo7qmxsYlNmzexYeNGPl37KZ+uX0dDfSOJRIx+ffuRl5dHQ309Zg8Vqx1Vq4Zh0N7Na/178lLndNxDZjc9WceOHUteXh7NLc28+cabXDPtanz7WENLaytvv/MWSilKSooZMWJ4l+PtkQjhcDgZ5CpFXV2Ydxa8Qyg9nfRQiEAgQDwexzIN/H4/juPiuA4bNm6kT58+VFSUo7WmpGSP/rWpFrgGis9aN1MTC2Ng4jf9+AwL1/NIaBu0h9YeaVYaTfHmXefuNZdOVYyG+fF7/0O2L4OaaB0NsQZGFYzk1IopnFAyjtKMki6nhqN1OLj4zQAZ/nTO7nc6z6yfjWmYrGn8lI/DnzCmqGuf2jkbX2NHpIbRBcdwbNEYNjZvwkgtqsluPaCNr4QQQgghhBBCCCHEke/QBKslI7D107u+oQy81jD2p/Pxj7zgUCwBALd5G+72VbD76+DaxSge2mVcsk9n6u/egQdh27Zv55lnn+WZZ56hsbGJAQMGcPrppzPtqqspLy+jtLSUWDTKFVddTUNDPZblIxKJ4Pf3XMGo1N6bLu01BlKVtgq/308sHiObrC5j8nJzueuuu7j5uzfz0ZKPmDPnVb52wfl7zeVpzR/+8Ah19fWYhsntt9++V1DrsywSqR6xkUiEO35yOyefPKHLWg3D6BISdwS/QOffk5tp7Sa1WRQovjv6Jvrn9O3x3leFq7jt/f9mr2RVg06FqznBPECxon4VlrKwTIvLBl3I4PzuNx1rjDXhuDb5oTwMw6AgkM9p5ZN5c+s7mMrkT6sf5/6CYfhSrSQao408s/5FlIJrhl6OaZhk+jJBKRRguwlaEq3kpeV2ez0hhBBCCCGEEEIIcfQ4NMFq72PAFwTP3fWqtxUk/taDWJUTMNILD8UysD95BdwEWEGSiZuGYDbGHkGX53nJ18lVMmA8EKtWr2b6dddRU1NLRZ8+/N///ZFjx47d63X8lpYW2tvbAQgEAqg9Q8UUpVTnplEHyjRN/KkNr3w+3z7D2K+cfRaNjXfy4IMPcNuPbqOltYUzTj+d3JwctNbUhsP86U8zefTRR8nLy+NHP/4Rp06Zstc8GrBSrQws0yQSiXbbY7WjV2znfR0Qhatd/Eb3rRL2lqxK3eu7Ktmr1UOTZoX44bibeWjFw6xuWIPjOvxq2UP8fMJd3YadO9p34qHJDWYTMJM/x4sHXsDb295Do/msZTPvblvEKRUTAXhh/RyaE82cVHQCg/OSYa3f9BEyg8TcOFp7NMQa6ZtdcYD3JIQQQgghhBBCCCGOVIdk8yojuzdG3xPQ3m47shsmRFuJzb0HfQg29HGbtmB/9BSYfjo6buK5mKUjMNK77mTv7V6legDhZktLK9OnX0dDQyO9S3vzxGOPMeHEE7vtcerYDo7j4HmagN/XuVHWnrTWpGek4zjO3mvaB8MwUYDruliWSSit+023DMPg6quu5Ne//g1KGdxzzz1cdfU0rr/xRqZffwNXT7uG999/n1tmzOCVl1/m4gsv7DYQTQsGKSsrxXWTgfm27Vt7XGNP9B6vyjva2cfIrhztJv+iOuZJVcPqZJWsAcScCMUZvfjumH8ny5+s5K2J1HD/st9id/MMbm3bgYEi25+FkWrEW5rZm3P6nont2VjK4rG1zxB3E9S2h3n5s7/iM/xcNeSSzt6rShlk+rOST5yCmkjtwX0gQgghhBBCCCGEEOKIdEgqVlEmgWMvJbLurd2+qcHy465bQPzNnxM89b9SoefnTyfaiL9+D9qJo8zdKiC1i2/omZ09VzskQ0wFqAOqWH1z3pvUhmvxWT4uvuhiKsrL9jve81w8z8M0rb1fg09RSmFZPhzbxvX7yeimX+qe4ok4tmOjFJiGiWXtuz/sBx8u5q6f/pTp06/jsku+jt/vI1xfj9aagrx8cnNzCAaD+72e3+9nzJixLFu6DJRiddXazlf+/1G25yarhVMfu+MeWLAacZP3rUkGqXYqxC8I5mN7Nj7ThwKiTozi9CJ+ctz3+f67P8FSFivCK3l09V+44ZhpnVWvrueyM1KDRpMfzO8MVgHO7nsar26eC1pTG6nlbxv/zrb27cTcGGdWnEplbv/OsSFfkExfJjWRWlw0rYmee+UKIYQQQgghhBBCiCPfIalYBTBLx2CVjYY9gzLLh71sNrE3fo5ORD7362o7Suz1u3E3Ld4jVPUglIvV/+S9zumoDlUKPG//warWmgUL3yUQCIJSlJWW7nd8wk7gOC5+v59oLNql5+iea0gkEqnWCZpQqPvq0925joNt21imhUYTT/U/3VM4XMfV067GtW2+/a2bKC8vo6ioiBHDhnHM8OGUlBT3GKp2+Op556JVMmSdN+9NamvDB3TevrS70eRflEKhaHUO7JlwvAQKAwPwtEfUjQHJClhN8vM0lYlPJX+XMDh/IDcOv4a4l8Bv+Hhx46ss3Lqoc76oE6M2EkZhkO3P7HKt3pklnFl+KrZ28Zs+Zq15ije3vI2lLM7rf3aXYNln+Mjwh5I9Y7WmMd70j384QgghhBBCCCGEEOKIcciCVWX6CZzyne6DRMuPveJloi/egle3/nO7pteyg9grt2KvfgPMrr06tWPjH38Nqpvemo7rpOoWU9vT9yCRSKTGa1paW/Y71mf5aG9vRym1z2pVAMdxaG9vx7JMtIaGxp4DOa116rX8ZAeDRKL7FguzX3wR23YoKCzA5/vnipaHDhnCaVNPJR6P09bWxmOPP35Q59fV1XV5JvyGiac9FJCMRA+sz2zICqbaBiT7qSa85L3XxZrwGSZKJdsFdHwf4Jz+ZzK1bHJnuPrAst+yofEzABpijTQnWlAG5ARz9rreVyvPJmgEUp0iNAkvwZTSiVTm9OsyzlAGWf4sNBpDKWraw7gdbQuEEEIIIYQQQgghxFHrkAWrAGbpKPwnXgN2rJuDPtxNS2h//HoSHz2BbvvHe1HqeBv2Jy8R+csNOOsXdq1URYHnYORX4B910T4m0Hg6GYTFE4l9VpVC8pX9sWNGk0gkMA2Dt+e/1dkXdU/xRIIHHngAx3FwXXe/rQAcxyEWj6FU8tX2aLTnys1YLE4sFsfzNIahyMzsvn1APB7Hsiyqqtbw8pw5hOvqiEQiOI5DJBIhGo0Sj8f3eR+7MwyDO+64naysLEzT5I//9388/eyzPZ6ntebZ557ndw//oUuFZ9xJoFKv82v27rm6L42xZkwMQKM1+FSyDYKjE6loVpFwExi7XctQBjcMn0ZRWi+09nC1y92Lf0Vbop2EmyDhJVBakZPqx7q7koxippZPxvbszk3Ovj7ogi4tAzrkBrPRaBQGNdHaA25vIIQQQgghhBBCCCGOXIemx2onRWD8dbibF+NuX4WyAuyqSNRgWuDEib95P4klT+EbeR7WgCkYOWUoX9r+p/ZcvOZtOJsX4Xz8Mm7NWkClKlV3C0a1C1qTdu5PUf70bqfKzs7BcR1Mw8Sxe95Y6+yzzub+Bx7EdV0WL1nC7x7+Azdef12X1+nXrFnLXf/93wwfPpz+/fuzefMmqquraWhspHdJyV5zOq6LnbAhFTLuq/p0d6H0EIl4HK01nqf3GQhPnTqF3zz0EIlEgttuvY28/Hyys7MJ+P1owO/zEQgGCQQCFBUVMWzoUE466UT69e3b7XwlxcX88ZFH+OY3/42GhkbuuOMOtm7dxhWXXUrJHveWsG1Wr67iTzP/xIsvvsjDv3+4y/G4G8fTHpZhorRHmx3t8b4BLMPE1g5+lfy2SOXsAAAgAElEQVR5NyVaKKU3cTcVjKtksOrusQlYdjCLHxz7XWYs+BE+w0c4Gub3H/+JIbkD0VpjKnOfPWMvGnAef6+eR9y1ObbXGMqzuu+tGzADGBgopWiINRBxogSsvTc2E0IIIYQQQgghhBBHj0McrILyp5N2wS+JPHEduqU2GaZ2GaDA8qNba4kv+AOJd2di9BqAWTwMo7ASI7sErGCyV6tpoltrcBuqcXeswttZBfF2QIHRza1pjfY8gmfdillyzD7XuGPHDlzHIW7HsBOJ1EZT+94IqqSkmF/+4hfc/N3vorXm179+kHcXLuSE8Sfgs3x8vPJjli5bzoz//E8uu/QSBj03iB/88Ic01Ndzw43fYNLEiVx00UUMHFDZOWcsGqOmZmdnn9S2ttYeP9vGxkYSdgI7YdPU2EgkEiUtbe9AetjQoTxw//385qGH2LJlC+FwmJqammQbAcA0DZJZpMJQCmUYBAIBLr/8Mm7+zncIdTPn2DGjeebpZ/jFr37JG2+8yUO/+Q2z/vxnJk6aRP9+/Qilp9Pc1MTijxazcuUn9O3blz8/+mcmTeza49bTHp720JhowHa77xO7173HmlPVoirZSiCVKRsYONoloEzink1jvImsQNeeqYPyBjB96JXMrHoCv+ln4fZFfLDzI/yGHw8Pq7tnCeiVXsjpFVN4ceOrXD7wom6rVQHSrXSS22op4m6CumgDud20FxBCCCGEEEIIIYQQRw+l9/ee+xfIbd5G7OmbcJu27fGqfjc8D5Lb/wDJwA+l0B3Vh6mKRKWM1GZP3dAa7TkEJt9E4ITpwL53rl+3bj3PvzCb/IJ8XNdh+jXXEAj0XGG44uOPeezxx1m06AMa6usxTJPs7CymTjmV6ddeQ//+yf6brusy59W/8uGHH2IYBsceO45JEyeSm7ur3+vOmhpmzXqMgoJCamtrOe+8cxg+bNh+r79u/Xpmv/gSBfkFhOvquOH66eTn5XU7trWtjfsfeIAnn3ySUaNGM2jwIEqKS8jPy6OpqYma2hrWrV3HshXLcRwH0zSJRiNcccWV3HXH7fsMmh3H4eOPVzLnr3/l3YUL2b5jB47jYJkmaaEQEyacxDlfOYeTThzf7YZc29p2UtNeg8/04XgORaFe9M4o7vGz39D0GW2JNpRh4LoO/bL7khPM5rOmzTQnWjAMA9dzGZo3iKC198ZccTfB0prlhKw0fKafdCtIwnNpd9rpl9WH7MDe7QAAWuKtbGjZxKiC4fsMVmsjYba0bsNn+nA9l/7Zffc5nxBCCCGEEEIIIYQ4/GbMmNHjmMMWrAJ4TdXEXr0Td+sKsHyQ6pG5P5qukeieX3d/oWQlZmDKd/CPuwL2EYDt85pa7/N18O7G1tXVEw7XkhYK0auwkPT07lsOHC6LPviAW2/7Efl5+dx55x0MGjgAv9+/1zjbtvl0/Xp+9rOf8+GHH+Dz+YnFYrz80ksMGzqkx+u0t0dobGqkubmZtLQ0CvLzycqSQFEIIYQQQgghhBBCHNmO+GAVQMeaiS/6E/biJ5OVp3u2BjjQedgzYE3tK+86GJm9CH7lDqw+J/zzCz7KVa1Zy7nnncegQYN46i9PkJ2d3eM5LS2tXHvddaxevRrbTnDHHXcw7aqrDsFqhRBCCCGEEEIIIYQ49A4kWD240s0vgApmEzzlP0m77LeY5aPBczorTA9qnt2/0IBrg+fhH3MhoSv/KKEqEE8kuP2O27HtBDNuueWAQlWArKxMrrjicmzbxjRM6urqv+CVCiGEEEIIIYQQQghxZDvkm1fti1V+HObFI3A3vEVixWzcLSuSAasy0Ur1/Cq+1qBTPVcNA2vYGfjHXIxZOuaLX/xRYsOGjaz8eCVZWVn069f3oM6tKK/ANE0cx6FPRcUXtEIhhBBCCCGEEEIIIY4OR0ywCqB8aVhDzsYaMBV35yqczR/ibHwXL7wxWcmqkxtYKc8FI7kDfHKzKgWWH7PXIMy+x2MNmoqZX7nvjay+pBoaGkjYNv5A4IA24+pCAVpjWRYDBw3a71DP89i2fTt2IkF6ejpFRUUAxOMJwnVhXDdZkZydlUVOTg5aa2pqakkkEmit0WhM06R3SQmtbW04tk1BQQEAjU1NuI7T+XWHRCLBjh07cF2X3Nw8cnNzOo+1t0cIh8OAJi8vr7PPa0NDA47j0KtXLwCamppwUnPX1dcTaY/gaQ+FIic3h+zd+sO2t0eora3FMBRFRUUEg0Ecx6GmphbHdUAn++36A35Kios7fzEQj8cJ19XRq1cv/D4ftm1TU1tLcVERtu0QrgsnPwOtSUtLo1dhYZdfKriuS01tLVprSoqLMQyD9vZ2wnV15OXmdt6b4zhs276dkuLizv65sViMurp6evcuwTCM1HprKC4u7tyMrLW1lda2NnqXlHT5fF3Xo6amhng8RjAYpDh1T4lEgp01NWitQYOnPTIzMsjNzWVnTQ2GUp1jW1tbaWhoJD8/j0AgQE1tLZ7ronXymcnISKegoICamhoyMjLIyMgAIBwOk5aWhuu6NDQ2YlkWSikc2yYYTKO4uGi/z6MQQgghhBBCCCHEF+GIClY7WQHMsrGYZWPxH38Nuq0Wr7Ear3k7OtqUDK3sGIY/hErLRuVWYOT1wQjlgXWQgeGXiM/vwzJNEokETU3NlJWWHvC51ZuqicVijB47hsEDB+xznG3b/G3u62za9Bm5ubk0NDYycsQxnDJ5Eo2NDTz7/PPk5uaCp2lqbuYrZ51FZWV/Zr/8EpZpkpGRied5pAWDnH3WmXy84mM+WraMb1x/HRkZGSxe/BGtrS1cdOGFnddMxOO8PGcOLW1tmIZJQ2MDF55/Pn369GHnzp3MfullLNPE8vlobW3la+efT3l5Ge9/8AENjY1cfcUVACxfvpy6+gYuvuhC3nrrbbbt2EFuTjaO7RCNx/jqV86hvKKcuro6nn1hNn6fRSKewPL5uPzSSwB45vnnycnOJhgM4HkeeTm5FJ3RqzO4rK2t5bkXZnPlFZfTq7CQ5uYWnnv+Ba65+irq6up4+dVXKUoFvQ0NDYwaOZKJJ5+MYSS7dsRiMV56+RXa2tu4Yfp0cnNzefe991n+8QomnHgiE046CYB169bzwksvcc5ZZzF69CgAampqeOa55/nKWWcyfPhwWltbefaFF7jh2mvJyMxEa83f5s5l0+Zq/u2G6ztbRSQSCf76t9fYsm0rOVnZhOvrGTFsKKedeir1DQ08/exz9E6FvJ7n0b9/f44ZMZznnn8B13W54brpZGVl8dbbb1O19lPOOO1UykrLeObZ58jLyyMQ8GPbDv379SMnJ4e/vTYXn9/P5ZdegmmavDFvHkMHD8bv9/PR0qW0t7eTSNjk5uRQXFxEcfHpB/wcCyGEEEIIIYQQQnxejsxgdTfKl4bK7YOR2+dwL+WoN2zIEHJyc6ipqWXZsmWMGD7sgM6LxeM89sRjKEPxo1tv22+16/Lly6murmbaVVeRmZlJTU0NTz7zLAMHVBIMpqE9zUUXXEBGRgZvv7OAdxYupKSkGMdxOGXiRIYMGZKcSIMyFKCJxWIsWPguZ591JspQqD22Kaurr2fzlq1Mu/IKCgsL+XDxYppbWnBdl9de/zv9+/VjyimTMQyDpUuX8tIrr3DDddPxWb6ucymVuiYk7ASjRx7D5EmT0Frz0iuv8P6HH1BaVsrfXnuNIYMGMvHkk0kkErw293Xq6uspLChAex7nnH0WhYWFydvQujMU3XUZhd/n67hkZ0Wq52lCaWlccvHF+Hw+1q1bxyuv/pVRI0eSk7OrAtfn8+GzfGzfvoOsrCy2b99OwB/A83RqHo+Vq1ZRUlTEso9XMGLE8GSVJ8mWGm/Mm09lZWVn2NvRobixsZHa2jDZ2Vms/XQdxx93LADLli9nx44dXJP6me7YvoMPFy8mHo+jANMwuOjCr3V5LiKRCKaZrIqtr68nLS2NmpowgYA/2bUjtWfeV889Jxm0p3ieh9/vY9OWatauXcuwYcPwtMbzNEOHDmXw4MG8++57bN2+jUsuugij8x6EEEIIIYQQQgghDq0jPlgVn5/MzEy+/73/Ysb3buG+++/nuOOOZcjgwfs9JxqLcfudd7JkyRJ++MNbO8O27mit+XTDBsaM2hUE9u7dm/KyUtZ+uo5jRgxHGQaNjY3EYjHC4TBZmZlYlkXA52PJ8hVUb92afD2/sJDjjj0W19P0qahgw8aNVFdXk5mZSUtTS5fr5uXl0auwgGeff4E+FeUMHjSI/v3709raSn19PWedcXrn6/DDhw/nvQ8+oLY2jGF0E8ol8z4sy6KmtpbVq6twXZdwbZgTjj+O1tZWdtbWcvZZZ2FZFpZlceHXLgCgtaUV0zRZsPBdMjIzcByHvn36MnzY0M7plWGg0by9YAEBf4BINIKnNUopDENh2zZVVVUEAgE2bvyMXr0KCYVCu33G4LMsBg4YwI6dO+nVqxDTsiguLsZ1HSBZ6VpfX8fll17Kk888y86dOykrK8PTHtk5Ofh9FgvffZdjx43DMs3Ond8+XrmSYUOGUFnZn1dfe40xo0dhWRYrP1nF2DFjyMrKIhaLEUoPMXnyJCzLQmuNpz3eeHMePp+PWDzOKZMmEgwGMU2Lyv5lbNmyhWAwSCDoJy0UxPPc1P0avP3OAkKhELZtM2zoUPr27YNhmAweMIC33llAaWkpacE0HMdGKZUMg1P/tlLhtBBCCCGEEEIIIcThIMHql8yFXzufhoZ6fvHLX/K1Cy/iZ/fey6RJE8nJzu7Sy7O1rY1PVn7C/Q88wLLly7nzzjuZfs01PW4i5joOltX1sTINE9tOpL7SzPnba1iGQVZ2dmfo6XiajPQQvQoKcZzka96QbC3Qp6KckSOG88ab8ygrK8U0u1aABoNBLr7wQtatW8+n69bx4iuvMGnCBCorKwG6VIwqlax49TwXw4CAf7dwToORmtswDJqbW/hk9Wo2bdrE5IkTGTlyJLW1tZ3z7KkjZMzOyiI/Px/HdcjMSO92XCiYRnrqmE5tuqaUwnFcNm7azIaNGykpLubrF13UGQonx4DtOFSUl7Pm07Ws/GQVvUtKiMfjdCSkVWvWkJGejtaa/LxclixbRllZGQpFwOfj9FNP5bnZs8lIT8fv92MYBrZt88mqVYw//nj8fj+R9ig7d+6kvLycRDyOLxVifvrppyx87z1s2+H8884lFEpHocjPyyUQCGDbNpZporXGdV369e3LuvXrSdg2FWXlNDQ2pKpVNZ7WZGdnkZuTi23bpKUFgWQf2uOPPZZ1G9bz1jsL8DyvSwje8dEnv9/1WRBCCCGEEEIIIYQ4VCRY/ZIxTZN/+8aNHHfcccx89FF+/OOfEEoPMWTIEPLz8vDQtDQ389lnm2htaWHSKZP5n//5KYN72LAKksFgae/erK5ay9ixY/H5fLS1tVG9dStnnnYahmFgKIPzzzuX/Ly8zlAvHo/jOg4jhg9nQCoM7aC1JhqJcuL48ayqqmLFypUMGzyky5g1a9dSvWULZ5x2GiNHHsP777/PylWrGTFiBP5AgPXrN3RuULWleguO41BYWEhtuI7tO3Z0zhONx9BeMuRMJBIMGTyIk048kTfnzaNq7RpGjx5Fbm4yQNy+fTv5+florXnttbkMGjSQoqIitKc5/vjjOjeR2pP2PJQyOOGE48nKyqKxsZE1n65NhrKeR1paGl899xy2bNnCiy+/Qk1NDX367GqDoQHHdcjOycYyLT5aupQLvnoe69etx/JZ2LbN6qo1KKV45dW/4jg2W7duIxKJ4PP5iMaiFPYqZNLJJzP3738nPRTCsix27txJNBpj9Zq1VK39lEDAz7LlyykvL2fgwIGsXfcpo0aNZOTIkRQXl/CXp58ikbAJhTQoxQknnNAl5GxtbcVxXXJzk6HpipUrueC886itC6daASR/tuOPP55Q+q7w2XVdXM8DpZh08sn8ceaj2I7DgP79unwGQgghhBBCCCGEEIebBKtfUmPHjGbsmAfZsXMnmzZtZsuWLTQ1NZGWFiQYTKOiopz+/fp19go9UMeOHcv6DRt55tnn6Ne3L1Vr11KYn8+ggQOoq69Hk6wwDQaDnedonQznPlqyhJ07a5KvtGs49thxGIYiHotjmianTZ3KzFmziCcSXa5ZUlTMnFf/SiQSpXdJMUuXr2DUqJGEQiFOm3IKc/76N1rbWvFZPpYuX87ECRNIT0+nX98+vLNwIS/PmUN2VharVq3m3HO+AiSD1UQ8jlKKkydM4JGZM5k3bz5nnXUmZ55+Oi/PeZVwXR1NTc1s2LiR8eNPQKde6X/7nQXk5OTgug5pwTTGjh3TWfHpaY32PKLRGFlZWTiO0xkyep6H6zq4rkvfvn0ZecwxzH7pZa6ffi2ZmZkdHxaxaIxgIEBp796s37iB/Lw8VkQiFBQWsnnzZqLRKN+4/nr8AT+O4/Dnxx5nxccrKe3dG8dx8VyX4cOHsWzFCurr64nH4yz68ENGjx7FKZMmoZSirq6OWU88waSmJk46cTyzHn+CJ59+hsp+/aneWo1SitzcHDzPQ2uPefPmEwj4cVyX4qIievfuTTweJxgMUNSrFztrasjLz6e9rR3P80juQKeZ//bbZGVl47oOmRkZDB8+HO25qZYD6ZwyeRJ/fW1u6pwk13FxbPvgH3ohhBBCCCGEEEKIz5F555133nm4FyEOn8yMDMrLyhg+fBjjxo1l1MiRDB82jLLSUtLT936NvSfBYJCBAyqJxmKE6+vp368vp0yeTCAYxHU9LMukoqysM2jsYBomlmWRSMRxXQ/bsakoLyfg95Odk0NBQQGhUIj0UIiCggKKUhWoHdccUFlJfV099Y0NDB82jHFjxmCaJoWFhZSV9qYmXEc8EWfCieM55pgRKKVIT0+noqyM2nCYaCzG8ccdx5DBg1FK4XkexUVF5ObmYlkWZb1709DURFlpKUVFRZQUFbNt+3ZCoRBnnXE6BQUFncEqCmw7gW07GIairLR010ZRWmP5fFSUl3e+4q+Uok9FBZZlEQymUV5WhmEY9O5dguM4hEIhsnergDUMg94lJWRmZpGRkUFlZX80mvy8POKJOP379aO0tDeGYWBZFjk5yeCysLCAtLQ0SkpK8Pl89C4pIRgMUlxcREtrK+PGjCEUCmEYBqFQCKUUmRkZ5OXlMXBAJbZtUxsO06tXL6ZOnkxhYWHnJlSu9nBsm4TtEEpLo6ioF6Zp0K9vX7KyMsnJyaZvnz5orSkpLiYrK7uzwtW2E9iOg2lalJWWYpgmxSXFZKSnk5+Xj2kalJWWdlYBa63Jzs6muLi4x9YUQgghhBBCCPFlEIlEWLRoEQsXLmTOnDksWLCA6upqmpubKSws3Ov/g3/Rkvu0/JCKigp69+59SK8tDq1f/OIX3HfffTz++OMsXryYkSNH7ioOO8q9/vrrPY5RuiMZEUIIIYQQQgghhBBHjUgkwty5c5k7dy6RSASAtLQ0AKLRKAChUIgzzzyTM888s8vmyF+kP/zhDyxcuJCJEydy4403HpJrikPvrrvuYsGCBSR2e7N48ODB3HHHHZSVlR3GlX0+ZsyY0eMY2flFCCGEEEIIIYT4MgnP465p05hZ9Q8e70HVzGlM+4dOrmLmtLuYFz7Qsf/4Gv8VRCIR7rnnHmbPnk1FRQU333wzs2bN4uGHH+bhhx/m97//PTfffDMVFRXMnj2be+65pzN8/aIsWLCAW265hYULF3b5esGCBV/odcXh8c4777Bt2zbC4TBXXnkllmWxcOFCWltbD/fSDhkJVoUQQgghhBBCiC+dSqqf6S7ErGLmjEfZcDiWJA5YR6haXV3NlVdeyW233ca4ceMAqKqqYs2aNYRCIcaNG8dtt93GlVdeSXV19Rcarj7++OM88sgj1NXVdfl+XV0djzzyCC+88MIXct1O4XncNW0mVXt9bxp37fGgH1D4XzWTaXvOd0RI/lJh2p5/7prHAf1OYn/C87jrAH+5sWTJEurq6mhububYY4/l1FNP5ZRTTkFrzdKlS2lubv5nV3NUkM2rhBBCCCGEEEKIL6GJEytYsDLM1Km7bVpctYj5U6YwZf78Xd8Lz+OuLmFrJdfedwdTC1PH/hcmVjzKo/OBKbdya5erhJl31wwe3TCFW2dNZ2jn1x1TXct9d0ylkCpmTruX+QAzprH51lmcu+MuZmy+hFu5l3tTy5ly6yymD+3mZva3xm6OV157H3d0HKyaybR7d93vPq9xBHnhhReorq7mxhtvZOLEiUCyOvSJJ57oDE47WgB87Wtf62wD0BFwXnXVVZ/rejZv3txjP8oXX3yRcePG0adPn8/12p0KS6jgURZVTWdox8+vbjMbKiupXLCS8NSpJH/iVSyaD1NuPcJ/yD3o+pwm/7uaMbOEWYfo4V2wYAETJkzghz/8IXl5eQDccsst1NbWsmLFCiZMmEB2dvYhWcvhJBWrQgghhBBCCCHEl9Ex46lYsLJLlVvVovlMGT9+1zdSgWTFrbOYNWsWs2bdx7WVG3j0f3erjtvwKAv63Jc83iXUSYWoFbcya7dQdcHE1NhZs7i14lFmzKwChjJ91q1MoZJr79stMJp/L890zH3ftVTf283r/z2uMVmFu+v4rVQ8OiM5T9VMpt0Lt6bWk7zGgbYjODzC4TCvv/46Q4YM6QxVN2/ezCOPPEIkEqG8vJzy8nIikQizZ8/ufA1/4sSJDBkyhNdff51w+PO9wblz5x7QuC+2JcBQxk+B6h277q1q0XymXHIJFRs201lHG95BNVMYf3TnqnsoZOolU2D+okNaYTt16lR8Ph+2bXf+ufDCC8nPzz+Eqzi8JFgVQgghhBBCCCG+lIYyvmIBKztzqCoWzd8jcCqcyh2zdq+MK+SYiZV7zFPJxGMK2VPVzBk8yrXc13Fy1Rwe5Vpu2q1Cduj0W5ky/5l9B5mVu40vnEoyO9ojOuphjeF5zzC/8lrO7Tw+lOmzZjF9aJh5z8xnyq3TGbrbXDddC4/OOfJeAO+wdOlSAM4888zO7xUWFnLGGWdwxhlncPfdd3P33XczduxYIPnKdoeOczrm+Lzs+fr/vlRXV3+u191TQZ9KNmzuWEuYHdWV9Cn4/+zdeXgU153v/08vEloQSwshMFsTEEY4+BmEx4BpIDjYJNeeeJlfEMuMA8mMk4sJ8LMSJoxNwLE95BLjCzEmk/ySxww3iGXuxE5iPzGOYwKSDdiAJ3YMRhgjgTCbWhgE2nqp3x+9t1pStySkFnq/nkdx6DpVdapO9amqb3/rVL4mz9yj4GFTVaGTo0ZoQKDUW0/F9Th98+UiH80PBf4v6a2nHtFTb70Vmv7UW7rkH54g1vqOvRT2aH97BxA+9lLEUAHB4RCaPO7ftvGKv/zlL8vj8ejixYuqr6+Xy+VSVVWVLl++LIfD0WJw1ePxqL6hQXX19TH/GsJehpXsGAoAAAAAAIAeKn/ycO0KDAdw7ID2zJysRZIONCkZ9qi+JI2a1vKC96zVWkmjFo5X8Gn8c6elk3tU9MiWqMKjtLC55QwfrPCQ7YARo6SSc7qkwTEKx65jVcVJafgcNQ39VqnipLRn7SPaEz1pZrNb1uUqKiokKTimquR77D/88f7du3fr448/Dk4LCMzT0RmrgXW15kYHVnPGT9OoLQd0bFG+8i99qBJN0+IcSSNGac+BY1qUn69L505r1LT7fcfDsZdUtGW4Vm5drXz5ApsxH6dvttwAvfXUWp1euF5b787xZ0A/pRFhw1Cc3FKhOVu3apH/+CzavFDrt25Vjj/T+tVjd2tRvi9wu/b0Qq3ferdy/NndT70VNmRFi3w/EmjmSv+PBMf00trTWrh+q68ex17SI2tf1bG7w35EaIctW7botttu03vvvaeKigo99NBDyszMVGlpqd5//309+OCDeu211zR9+nTdcsstMZfx+eXLqq+vjzmtb9++6pWa2gE1vfEIrAIAAAAA0FPlT9Zwf8BFB/Zo5uRFUsTDxKFg5Sh/8OjSW0+pqLUnukct1PrF0uaizXprfNhYp8ExVTtSG+vo1x3GVA3XWnbohg0bghmpY8eOjTme6o0OcDbnRr04KyhnsIarROcuSflVFTo5fLLvWBs/TaNKzumSBujDEmnaYv9oqwf2aNTC9cFgY/79CzWqyB+YDVvssQPhQUspf9FWbZWkS2+p5OSo4PKUf78Wjiryj13s+2jUwvv98w3QiFHSqGn+HxtyBmt4cA2X9GHJSc2cs9r/3fA92r9lV/jYsJGa/CAwKiw7XPlatHV1aOnnTktha2urzz77TK+++qpGjhypgQMHauzYsfrss8+0bdu2YBm73a5BgwYpIyNDb7zxhiZMmKCxY8eqV69ewTIWi0WZmZnyeDxyuVwR6+jVq5fS09PbXdfOQmAVAAAAAIAeK1+TZ67VgWOTpT0zNXlR1ORjB7SnLcHQ4YOVk5OvOTO3aO3mtzR+9d3KGTxc8o91GfeyTp/TJeUHy8fMPm2ljqEs1/yo6b5AV8m5S1J+x4Z6b6QBAwY0O62ioiIYVF2wYEHEcAFSKLA5fHj7g2zh60y0/A17gZXyNXnmSR2oCowX7D+gc8Zrmjbrw0uDVXFyuCbnSL6hAqSTe4oUmUQ9yheYDf7bV27UtBj7vapCJzVcc9p9+DSXPT2z2e9Lyz8IRL4kbtSo6OE72ua9997ThAkTNHDgQJnNZt11110qLy/XuXPn5PF4lJ2drZEjRyojI0NZWVnKzMxURUWFbrnlFuXkRG5FZmam6hsaIgOrJpMyMjIigrDJjjFWAQAAAADowfInz9SetWu1Z+bk2I8Jh7/459hLKgpEa+JZ9qKVmnlyiza/dcmfzbdHa8MHczz2kh555KXmX7hzcouCw51eeku79ozSwvtj1LKFOubcPUczw5cTHPtSunvOTJ3csjlsvMnAtOR9e1UgKBk+dmpATk6OlqLZ6gMAACAASURBVC1bpmXLlgVfbBUuME90kKs94n1xVVvLJ2rAiFE6fe6Yf3zVwKc5Gjz8pCo+PKfTweM8R4OH+7OcAy8v27pVW7eGZViHlQuN3RqxMo3SaZ1r9+HiC/LPXLk1qi5tfHT/2KvacnJm8KVsq+d0TCD9008/VZ8+feT1euV2u5Wenq78/Hzdfffduueee1RQUKD+/fvLMAy53W717t1bFy5cUF1dXZNlmc1mZWZkKDXskf/0tDSlpaXJZDJ1SH07A4FVAAAAAAB6svzJmilpZqzXpOcv0sqZe7Q28BKcXSO0fuVM6WT4S69aXLgWrQwEL3N09+qVmrlnbeilOmullcHgkS/bcEtRWGBz1Expl79s0RYNXxkd9IqnjvlatH6hTq8NvMinSFuGr/SNXZm/SOsXSluKQtNKpsU7rmXXCLyUKlaAsqKiQhs3btTGjRtjZpKWlJRELKO9jh07ptLS0oTmKS0tTTjLNRE546dJFQdUoWkKf6da/uSZOl1SorBoq/Inz9TJLa8qFLt/KmagP3/yTGnPgchyT72lSznjNW3USZUEvgzHXtWWk7Ff5tZKrTV+2ijt2RV6mdWxl1p+mVbrAgFf//irwVUN1nCF1/lA0zGGY7h8+bJMJpNcLpcaGxvj/pOkmpqaJo/8S1JaWppSAoFVk0lpaWkRgdbugKEAAAAAAADoSXLu1uqtd4d9kK9FW7c2++/8RVu1NWqIgNDk6GWFjT8Z+iCsvG/Z0SMOxFrXpbckaYTuXx2rfCJ1VIxtDp+0Ws1MSko5OTm699579cYbb6ikpCQiMzV87NTTp08rPz8ULA+80Oree+/tsIzVDRs2tGm+tWvX6t///d87pA5N5AzW8D1btGfmysjjZsAI6eTp0Hiokj+w/pSKHnnE/8EoLVwfI0u0SbmZWrnVN/TE3atXquKR0HACM1dubRr8j6fad6/WyopHwl7uFlpHwvxjvW4pekRbNEoLVy7UqLX+sWdz8nX/wlEq2uKv88yFWjhKai3UffnyZVkslpgB0paYzWZdv35dbrdbKSkpTaZlZmbK1dgoa0pKt8tWlSSTYRhGV1cCAAAAAAAgnO8FVNNuwMuuur/a2lo9++yzOnPmTJOxVAOZrNGfbdu2TcOGDdMTTzyhjIyMDqnHr3/96za9CGv48OExX6qF5PXnP/9ZJ06c0IQJE2S1xp+nefToUfXr10933XWX+vXrF7PMlStXlJqamnQvrSoqKmq1DBmrAAAAAAAA3UhGRoaeeOIJPfvss9q2bZsOHz6sr3zlKxo7dmwwoFpbW6uPP/5Yr7/+uj7++OMOD6pKihkcraioiBhTMz09/Qa+rAqd5fr16zKbzfJ4PAlllZrNZtXX18vj8TRbpm/fvh1RxS5BxioAAAAAAEA3VFtbq9dff127d+8OBjMDgdPa2lpJvsDm7Nmz9fDDD3dKnQLZsQHRGbXonsrKyrRp0yY1NDSoV69eysjIUFZWljIzM5Weni6TyaSGhgbV1taqpqZG169fV319vbxer+bMmaMpU6Z0aFC/M8STsUpgFQAAAAAAoBurra3V4cOHVVFREXw0f/jw4RoxYoQmTpzYqQGt2tpa/eIXv9CRI0dUUFCgRx99tNsF1ACJwCoAAAAAAAAAJCyewKq5E+oBAAAAAAAAADcVAqsAAAAAAAAAkCACqwAAAAAAAACQIAKrAAAAAAAAAJAgAqsAAAAAAAAAkCBrV1cAAAAgUcZ1pxr2bZK7/KCM2sutlfb/13Sjq3UTMMncd7DSH/hfMueM7urKAAAAAEmNjFUAANDt1O/ZINfR11sNqhqGIV9AlaBqfAx5r3ym2pe/19UVAQAAAJIegVUAANDtuE/tj6sc4dS2MWoudHUVAAAAgKRnvX79elfXAQAAIDGNcV6/mAitthXXiAAAAEDLrL5H5AAAAIAQrhEBAACAljEUAAAAAAAAAAAkiMAqAAAAAAAAACSIwCoAAAAAAAAAJIjAKgAAAAAAAAAkiMAqAAAAAAAAACSIwCoAAAAAAAAAJIjAKgAAAAAAAAAkiMAqAAAAAAAAACSIwCoAAAAAAAAAJIjAKgAAAAAAAAAkyNrVFWhWWbEWbyiVfd7TWjEtu+WyzhKtW7VfU55eodaKdui8ncBZsk6rtpc3nWCfp6dXTJOvymUqXrxBWr5Z88cE5hmq5Zvna0yzy2x++o1XpuLFr2hYku7zTuMs0bpV2xWjdX0cy7V59oWkPj4T4ztOS2NNcizX5vlddDQWL9YG+dbvLFmnVWce7Jq6lBVr8SvDwr7XnV4BFS/eoMpm+9zWpre06GL5uqh4+5ywYyWir0sS/vNTU4529qtJvt3dWMqcN5Q2LKvphOrXVPPSMx2yjrRF+5Wi5pb3pDKK7pP+OkW1uztkdQlLmfOG0nJOqP7Fx+TqgvU3ez0T1f87S9Zp1f4pN+D4d6pk3SqdedB3rdT9dWyfnch+79JzZbfW3HWQXfNuius8AAB6piQNrDpV8kqpHA6HSrfvVtm0GxgAzJ6mFZun3aild4wYQaey4sVatU7NXwDbK/XKuhJ9K3p6WbH/xmbojasv4hNx7DV3wzcm+Y/PhMS6efDdaKwb1oaAXQcYM3+zNnf6WpPY/l+pOHdF1HHoVMk6382gvTPqUHZIpckeWIxRP2fJOq1aXNz24Gp32O7urEkQtVDpjy1X1iJ1WHAVrWhyPeM79y0uDn2ePW2FbqrT3o3WQX02+72zNL0Ocpas06pVxcrtsoQHAADQHskZWHUe1f5yhx5ccYdUukGHyuZrTNSVRlnxYgUShuwOR/gUXzbk8inav8GfDWifp6dX5Gp38FfisIuaiIxV/7zzhmr79sDvye3NQLoxxsyeJ/uqM3JKzdyAT9GUoft11Dkt4uKt7JA/YB0zbTCJRGWEOZZHBhzD299fwHdTFiszzlmidavO6EH/Z5FZM0meJRB+fMq/HculDYGND2a1BjJfo47XVvZjchij2fPsWrX/qJzTAgEl3812qJmigk1R2b7BzHZnidb9SpoydLu2l0pyLNfTw16JysKJzPAOZKw+PewV/3GxQYsrfetzFi/WK8OWa8r+Df66+I6X3N1h/U9ENlBUNkpYEMGX4TNF8yq3B7crOG9YO61afKZL+5yhU6ao8lCZIjpd51Htl0MOe6kqpdiZ/glkpZYVL9Yrw+Zp6PbtwX3liMi49+2gVYu3+z+POh66MMO5JdnTHpRj+yu64JTGZEutHQ+/0pTgPrjjbrsOvRW93dH9Vfj3u0zFiw9p2LxKbd9eLtnn6fEp+/X8mQe1XBsU6iI2a/aFsGVE7Luo/arw4zmO82Fz38Ng/WJve/LYqboX85RRdJ8yZj/jzyT1BVutaaFSxpkNurZrp+8fBS+q98wCmWJNkyTdpoyi/bL4/+WJzlC9ZbuyivyhrvojUdmjvqzWwLzRy05btF8ptrBlhQWK0xbtl/n6EZmHFcikGrn33Ku6I+HLq5GnOvE9dONla9qK5TqzeIOK7wg75v19tqK+J7G/F9Hn8VjHXnboWN+wOCyLs4W+Jfp8Mn689GHfiO/AjcuujV9cfXZAk2z70Hc6er83d74K7fvQuTJbLbVJHH1Ja/Vq7twZ2NyWjoducB2UPW6K7DoT/Hf4kzSSIs+5zthPTNjnPa0Vububn5a0F7oAAHR/SRlYdR7dr3LHgxqjMZJD2nCoTPPDLhjLihdrQ+U8Pb15mrIDF8Wya0qwRLm2vzJFT2/erGz/BfaqxXbNe3qzNmf7599dpmkxr6zKtX1/YF7fsjcU35GEN4StG3fHUP3qqFPTwm50D5U6dMdyJXdgNRig2ey76HaWaN2qdSrxXyhHtn+gfOCm7A45FBmMDx1PYTcOm1eE5u1WWQKl2nBouTZvnu/fLxu0uNTh31e+4/WVktlhwbrm92Py8m3H/ilPa/MKfyi0eLFWFef6v4dlKl61XUOXb9aKMfL9e/EqFedu1vxsSeXbffNu9odoS+Jba/a0FXpakY83OiWVb39FU8L7jlWLZZ/nX35ZsRZvCGTVhwK2m8eEtmNdSdgNTel2nQlMLyvW4g2/Usm4FZo2Zr42L1cXDwXglztOU/bvVpmvB5bk+w5pyoMatt9/k549TlPs27U/rH8pO+QbuiXe71H59v3B/eosWadVG4p1x+b5GjNthTbnhg+L4O/jhy7X5hVjFCvDLTm1fjyE7wNJ+ubtkcNBhIZtWRHqvyIyYku1/cxybd4cCNbu9/0YuXyzfF3EOq3asFilDn8ZZ4nWrXpFJbNXaFp29H4NrM9/TGZLLZ8PW/gejonju5A0npG3+j5Z+xZKki+oWvuaal70BSx9Qwh8S+kFO32BypkF8gaDpU8qo2i5MmbvDAVPbdky9kxRzRH/vF/crrTd81Tvn2yxSa71U1QvXzA07bEXpRcfk8sfVDWf2aCaXTuDy+49R7q2a6cvqJpxRPXr/YHY2duV9cXwgLBkGWYLLlvRy/MHhIMVSSpjdIdDeiX0i0SE6O9Jy+dxX6Zm5byntTkscLqu5GmtWPG0FPFkSBx9S8T5xHdch64vnDq6v1yOB1ckf58t+c85lZr39OawgOeG5q9xmztfxTpXtnpt1UJfEk+9mqtLtvxPYoX6yYh1d5PrIOfR/dK8b8V3/hwz33cNGJjXf554cFq2pJamAQCAG8VsGIaS6++4dm8vl2NingzDUN69c2UvfUX7qkLTD5VKjgccshmGDMMmxzfnyi4FlyGFT8/TRIckxwNy2HzT8yY6pMrzqgorH3tem/In2yPKdv6fJEV/VqV9v9qucsdE5YXVW9Hz5E3U0P0fhep+/JBKHROVFyzede3c/PqrtO+VUjmWzQtum2Fz6Jtzpe27j/vab96LevH7gTbybacjuP2+9i49dDy4vI/2B46n49q9XZr7zfB552mZo1Sv7Kvq0v1hGIaMiDaMva8ku+bem+ffL/mabJfsc+/17yvf8Vp+piqu/Zg87e77ztsn5/va5fhubddcfdNhC5bJm7dMDn8/ULXvFZXa5+revMD8eZr34oualxfaR5PzbWHLb/odivi+KHx6VFnF6Dvk0AOBuuVNlEOVOh+ol2NZsB6Bvknbd+t4YNnh9c6bKIfKdaaq+Xp2RfvIsCl/cqUOHQ98XqWP9su3T4P7zX+sBfuX4zpUGr3fw/+i+pyo/WrLnyy7fz822RfHd2t7uUPL5uVF7NfI80Jn/8Vuq+PFG1Rqn6x8W7zHg69s7OX6z4Vh32Gb45uaaw/1V5KC58rg/GHHmG+/RvcZgWPOJsf3X9SL80Lz+8rHdz5s6XvY+rZ34PHaATzXa2TKzJMvg3VKxLAArk9OqPk1PaPa9VEZqdX7VHckfN5smQrC1vXXUJC1/i9HZKTlyVogpcyZLkv9ETUEM1SfUe1fy2Ua9qDSJNW/NEU14dmtuz+SJ7o61R+F4qazb5NF5XIHlnfkMTWcqYlrf4TrjO+NYRiyDQ2cu6LLKep70sp53N9fBPto/3H+/cC/fRsVd98SeT6Jur6o+kj7yx2amJfofujg70BcfbZvP7344veD/W7w+jjm+U8JnK9av7aSWri2jqdezdbFd60Tug4KLG+e8pL2Oqhc21ct1uLFob9V28vDjn8j6rok1NZNlle1T7/aLs39Udg2xjONP/74448//viL+y8eyZexWnZYpfa5+lHgZ9vscZps36EDgcwo5wVVyq7J4T++Zue2OmKofWg3/rW2dKMei84wtc/Vj+a19tv2GE0c+tvgcABlh0vlmDhP0uEbVNGO4FRluVS68bGmg/s7okqW/EQ/3FHeZPKYiQ5p42GVzRujMc6jOlDu0ANj5D92ylX6w8e0I2rR9rkduxWdaWhurGM7/v3Yucq1I+b+/5G+78+ocF6olMpL9cPHmpTSXEnOynJp6ANdlyFkHxpz3U7fDm/6Xe3aHd4m2eMmq/IN/6OlzqM6oMn6ZrZ0NKqMfUelbzgS5wVV2ifr3hvQKM4LlZJ9cuQ+j6PPv+HKd8Q4Rh1a9qIv27SsvcdDrHOdspWb8IYPVcwuIkzZ9se0MVhPuybHU70Wvoc3w3ch8rH7QEDyGbnOTFfaF/cr64tqw4uvamRcCvvnkXPyziyQKUeyZGZJteciXyp1qVqGbBFLiH4JV5PgaqBc32yp/kTEdNcVp9JyEqhuMmrlPB6zv2h2UYn3LWMmOqTfXpBTY5TtrFS5Y2JSPO0ST58d5CzRT364I/TizPZ+LTvq2qpN9fJd6wx9oDtdB9k190ffj8yYLduuxzb+ViX3fj+BTNoybf/hDmnuj2LM09I0AADQ0azxRmA7h1Mlvy2VytX0hrX8DZU55irPCP/VNrJI5GdR05tEmyMj0M3Na4T/Kt/ezWsDw5DkWKZNc/NiToysk6/e4XXOmzhUG98ok2OudLjUoYlzDRknmpu/c8VqwwDHsk2KvcmGnCXPafXOckkOLdv0PeXphHYs2ahgu+VNlEMbdbhsrmznD6jc8UBYZq9dhU99L+aFZtd+F4ywDIXwj8OOT0Ufq03nif5vS/uxa0Tu/xM7lmhjaSi7yFc3SfZCPfW9WI/EGwodvjG2Icb3ufnvcOS+jpwnqmSsviPW9Ba+q8646tF1fU2IIcOWr0mVL2lf1fc07ugBadIiX6aRFOpLbfmaZN8R/J5FlGl20c3st2b7YUNqoQ9uqQ+54Zo7RsPr2ebjoblzU9g64jlfhU0I9hVh8/i+f/5t2TRN2c4SPbf6YFznw1BVmu3E4zxvtZ2p9SJxsWRmybju61mCAdV6/2P3BS+q98zQdrh23RvxKH5W0X0xxlnteKGAarlc6+9Vvf9R/xutI88VzfWvki8Ybx9iU8T5Ldb3v5XzuG/ol+b60cjjv6Xru9jnXPmuL8p/q4+qHBp0uFSOiXO7+NpBirvPdpboudU7VS7ftcH38vx9gNT6fg9flxHVlq1eWzkj5vVXKbT8BOrV8rkz9t5JvuugGP163j0qtK/WgY+q5Ajbic2fI50qeW6jSh3LtCns+smnpWkAAOBGMHd1BSI4j+pguV2FT23Spk1hf08Vyq5SHT4hKXuQhqpcZ8NfwuA8Hzk4P0LyJspRelgnThz2DQPQ1fVplU1D7FLleWcz0506erBcjmWbtGnT3Ga2x/+43uESX9mJ/lKxjp2bVmv7MTnkzX1KhfZSbXyuRIGaZg8aKpWfVXPNZPNtmJJty5K1Xm2TrXGTpINHT+joQWnSuFgpL9kaN8nu/541V6YDahLreOgGfX67j4eY/ZVT5ztsw0/ocKn/fBvzR4yWtbR93eu78KTMNsl7Zaf//9fIvSfqsftYds9Tzfopqj9TI1POdKXEta4smcIzRgsGy+zPYvVcr5EyBkcuJ8fmDx4XypqTJc9fp6hm/by4hkl1XXFKabbgi7AkfxZrUjqhw6XS0EFx1K+V83hr549Wy7bat+RpoqNcB4+W+H6sTpqLqtb7bOfRgyp3LNOmTbEDjW1fdfuurdpXr5audbrHdVC4uL4DkpwlL2lnuUPLYuywlqYBAIAbI6kCq86jB1Vun6Qm14PZ0/SAQyo9fEJSnu4ptKv0t4FAjFMlL+1UeZOlwSdPEx2l2rixNBRgTGrZmvaAQ+U7X1JJ8FrYqZLnlui50AdhF8r+X+ajlpI30SGV7tTOcruGBJ+k9B87G3cEsx6lE9qxZIl2nNBNJr792PWyNW1RoezlO7U60Ah59/iCreGNcmKHlizxtVv2tAfkKN+pPwYnt7xdvpvngzrqn+ws+W3TxwI7Ykv89XoprB7Okue0JCxo3J1kj5sk7dyonYrRJ4eVsZfubLFMuzU5Hvx9vuOBpH7Esf3HQ9P+KnDD/ECHbXh4MOSEdqyO/1za0vew+3wXCpX+2H2yVL8WNk5qePDT97KqUGbsk8oo2q+M2aH5rTlZMi7tazkIG8Yy+kV/8LRQ6VMKZPKPyeratU+etAL1mlMYWtcX7TLOvBIMpJr7Bqb5693Sina/Ine9XdbA8gpeVK+wIQSSRyi7Lr44UCvncX9/8duwY+/EjiVaEusk38a+JW+iQ+U7dybdj9Xx9NnhP3g4S54LGwKkPTrg2qrN9Qpc6/wxtG5niZ5b8pxKnN3lOkjSiT9qZ3koUG8bYpdKDwe36cQfw/rmEzu0eqdU+FSM5IKWpgEAgBsmiYYCOKE3dpbLXrgw5uOkowumSj/9rUpmFcnhKNLSyu9q9RLfo3dTCwtlLz8YGqBfinhUssnji7EesWxu3uDkLhoKIKxuLZUKr3d0nUcXTJVKpYLR/u2KeLy8KxgyVK6dq5co8uFJuwrXFMkxulBrCtdrTdh0e+EaFTlsMgzJsbBQB9eslr/5NXXpGhX+bo12HipT4Wj/peToAk1Vqd62T/K/9ML3sc1/7GxcErpqn7r0Bc0d3fxjZJ2jmcd+w49Phf1/I/Y8EcdLi/uxa47m6O+XJMnmUNHSSn33pxv13JA1KnJky1G0VJXf3ahQM03V0hfmarRhyNBoFa4p1Po1S7QkOHmpXnDYFHriMGwdowu1dOp39VP/frAXLlWh/aeqDHxfwvoHW/4k2Xdu1JJS3/rCH4cMLNf3n6hHqw1DhhGoV+jYlL1Qa4p8L+wIVS3WvPIds+U/1eolB33fg04PGkbVx5avSXZJk/wvFQsdjKH90aRMc4uO3G9N++RQuaZ9lE2OojXS+jVaEmjwqUv1QuHornvEMa4+NNHjoelybY4irdF6rQltuJa+UOj/HsRxvmryCG14nzFahUun6rsbl/h/aLCrcM1STV3zUx08WiWHo7Xlt/A9NGwtbnuXDQVg8z26H844s0E1ES+Muk1ZgTFUVSP3ntfkmXmfLKMLpSPR0+UbZzXuYQBq5L5kU1rRfqVJvuEGgmO0PqPa9VJG0XJlFS0P1i0wxEDd/unqPTM0zfPXDXKPXi7rLU9KijXO607VvZgXtrxyuc/UyJrgGKsdOhSAJJWG9+s+9sI1esGRHVxX+HEWXo/Av1o+j9v854/oY2+0DEPKn2TXzo1LVDp1qV6Ym9dy3xLdLwX4ry9U0IV9kKRE+2ybY6EKD64JXjtr6lKtKfyd1uw8pLLC0cHRfGPv98h1RZ8r81psk5b7kuwE6hX73Om/1gk2om/dDpshw5aM10HNX/+ODvb9vn0S2J9Tly7V1NLfSYahskO+z5osY+pSLVXz014ggxUAgBvGdPny5WSJrAIAuhWnStdvkRZ2RSAYPZ3lV1/t6irc9Dzf+kNXVyEJndDOpUdU8NNCsgIBAABuck8//XSrZZIoYxUA0K04j+mgJukbtqiMLgA3Ba4RYzhxWG/fVaA5XfbUDwAAAJJJUo2xCgDoHk7sXKZlPzqoSd+YmvCLjwCg+3Hq7eeXadkmaUkhuaoAAADwMTmdTn5wBwAA3UrKS/e1Xgjt4lr0WldXAQAAAOgyzz77bKtlyFgFAAAAAAAAgAQxxioAAACa4BoRAAAAaBmBVQAAADTBNSIAAADQMgKrAAAAaIJrRAAAAKBljLEKAAAAAAAAAAkiYxUAAABNcI0IAAAAtIzAKgAAAJrgGhEAAABoGUMBAAAAAAAAAECCyFgFAABAE1wjAgAAAC0zXf3f07lqBgAA3YunsatrcPOzpHZ1DQAAAIAus+bMHa2Wscpk6oSqAAAAoFvhGhEAAABokVXuhq6uAwAAAJIN14gAAABAi3h5FQAAAAAAAAAkiMAqAAAAAAAAACSIwCoAAAAAAAAAJIjAKgAAAAAAAAAkiMAqAAAAAAAAACSIwCoAAAAAAAAAJIjAKgAAAAAAAAAkiMAqAAAAAAAAACSIwCoAAAAAAAAAJIjAKgAAAAAAAAAkiMAqAAAAAAAAACSIwCoAAAAAAAAAJIjAKgAAAAAAAAAkiMAqAAAAAAAAACSIwCoAAAAAAAAAJIjAKgAAAAAAAAAkiMAqAAAAAAAAACSIwCoAAAAAAAAAJMhqGF1dBQAAAAAAAADoXqzEVQEAAAAAAAAgMVaDlFUAAAAAAAAASAgZqwAAAAAAAACQIMZYBQAAAAAAAIAEkbEKAAAAAAAAAAlijFUAAAAAAAAASBAZqwAAAAAAAACQIMZYBQAAAAAAAIAEEVgFAAAAAAAAgAQxxioAAAAAAAAAJIgxVgEAAAAAAAAgQVYvkVUAAAAAAAAASIjVy1AAAAAAAAAAAJAQXl4FAAAAAAAAAAlijFUAAAAAAAAASJDVyyCrAAAAAAAAAJAQXl4FAAAAAAAAAAliKAAAAAAAAAAASJDVy9urAAAAAAAAACAhVmufgV1dBwAAAAAAAABIHtdaL2IyDFJWAQAAAAAAACCgqKio1TLmTqgHAAAAAAAAANxUCKwCAAAAAAAAQIIIrAIAAAAAAABAggisAgAAAAAAAECCCKwCAAAAAAAAQIIIrAIAAAAAAABAggisAgAAAAAAAECCCKwCAAAAAAAAQIIIrAIAAAAAAABAggisAgAAAAAAAECCCKwCAAAAAAAAQIIIrAIAAAAAAABAggisAgAAAAAAAECCCKwCAAAAAAAAQIKsN2KhV65c0dWrV+V2u2/E4gEAAAAAAAD0cFarVX369FHfvn27Zv0dvcArV67o2rVrysrKktV6Q+K2AAAAAAAAAHo4t9uta9euSVKXBFc7PPJ59epV9e3bl6AqAAAAAAAAgBsmNTVVZrNZV65cuTkCq263WxaLRYZhdPSiAQAAAAAAACDIYrF02XCkvLwKAAAAAAAAABJEYBUAAAAAAAAAEnRDBkJlGAAAAAAAAAAANzMyVgEAAAAAAAAgQWSsAgAAAAAAAECCyFgFAAAAAAAAgAQRWAUAAAAAAACABDEUAAAAAAAAAAAkiIxVAAAAAAAAAEhQUmasntjxXf307RgTrFkakjdJ9/z9PZqYm9GudTTPqdL1a7RThVpT5FB2u8t1NX89hyzVC3PzuroyAAAAIgHgBAAAIABJREFUAAAAwE3hhgRWO0a67JMKNCSshnUXjunYiTe15ZmD+uCff6BFt/fpuuoBAAAAAAAA6LGSOLCaq0lfnStHdCpo7VHteOZnevul/095TxY1nQ4AAAAAAAAAN1hSDgVg+P/XMAw1WVR6vgr/eYaOPL9Xv9tzSlP/3u6fUKvKg7/Rb/7wocqr6+SWZM0aotu/ukBzHEMVHDigtlKlu7bpDx+cVY07VpnAOl2qLXtDO3f+QccuumVNH6jb/25hzHLOj/6vXvqPt1VRJ6UPvF1/t3COHEMjhyqorTyo3/zmdzrySY3csiprdIG+9vDDmhRRLp5tcKp0/VPaNfQb+q71D/rZ3otS1p1a+MQ/6PYM6erR/9KWbW/rkxq3rAMLtOB//p2/ngYvFQMAAAAAAAA6SBJnrLbA7tAs2179/pNyOWVXtqQLf3xe635frSF3PqwFBTal15zV23/+g47sel516Wv0Pyf2keRU6c/WaVf1aM14+BvKt0nVR97Ub3atU6X7CT35pdzQOs7+Ts//LFcFDy/Qd2xuHfv9Tu3d9bzU539p4e0pEeV+9ss+yv/aAn0nq05H3vyNdq07obPfXaPCPF+52hM79ewLb6tuyJ16+BsFsrk/0d4//Fnb1h1T+XefUGGeL2Qa3zb4Hdymn+VOUuF3vipXdbrsGdLVwz/Tmv84Jg2ZoQUL8qVP9ur3L2xR1o1vEQAAAAAAAKBH6Z6BVWXJlivp2AVVS8pWuT54u0ZZU/+nHi/Mky+cOU7jCnK15V9+qSOfXJAm9pGcx3SwQrrzO0v19+P8ixqXr/S6J7XrgxNyfik39BIqt01ffeJfdI8/1jouL101//JLHfnghBbePi5UFbdNX33iyVC5iXnKfeZZ/f53BzWryKFslesPv3xbNSMe1uqiL/mXP07jJhXod8+s05s739WXnvyScuPdhuB687Xgu4WaGEx4Ldd/7TomjZijJwIv0xo3TuNH/1pP/XtFR+58AAAAAAAAoMdLzqEAjND/ib2odGX1l4LDBWiEZq3+sWYF5gkUs96i0UOkI7W1ajQMpWRlyWaVjvx+h/KzvqrxQ/soRekq+Kf1KgjO6597yFRNGBi2/sCyLlSryjCUHSg3epbuDC+ngZowdYh+//JBHbsyVVOrD+vdOmnCrLtkC6+bhmjGrNF6s/jP+uD8DM3KjXMbAlNG5GtEeth6L5zQh3XS+Fl3RqwnPX+WZtne1e8NhgIAAAAAAAAAOko3zVi9qotnY33uUq3zgs5evKiLJ47pgw8/1CcXJalGVyVlp9yuv1swXhXb3tF//OQdyZoum328Zs2apQn5uYoYFdWaEmsFTQ20qU/UR9lDRkh6XxeqJblcqpNNQ3ObLq+PbaCkT+S8Kik4CkEr29BcPa46VS2bpjZZT5ZsA+PbFAAAAAAAAADx6aaB1WpduChpxFDZ/J84j/xSm7Z9qGrfG59k65OrERPu1Pj39+r9sDmzC/5JqwuuqvLYh3r3z2/ryCfvate/v6vfjJijf318avOBy4Slq0+6JFf8c8S7DYlJkTW9zTMDAAAAAAAAiCEphwIILkfNDAVQfkTv1kkDC0b5Hnu/+q6K/+ND1U14RD+cXyBbMGnzgt58f6/elxH5eL2yNGTsXXpo7F16SC5d2LtJa1/+vfaeuksP2eUvFz1P088NSaq+qlrDUHjssvpshaSB6p9lyKhNUbqqVXmhUcbAyGzSq9UXJQ1Rrs2QcSX+bYhZvyybbDHX49SFCkljO65dAAAAAAAAgJ7O3NUVSFjdMe361V7VWcfqKxP8z89fLNcnksbfGR6QlHT2Xb1bHfqn69jL+tHKVXq5PHyBKeqTFf0wfwI+3huxDtV9ojffPCuNLtDodEn2CbozXXr/zXdUHTHjWe198xMpa6xG2+Lfhmbl5mtCVtP11H2yV3vjmR8AAAAAAABA3JJ4KICLevf1XTobVsO6ix/qw09q5FaW7lryDRUE4qEDR2us9R29+6ufKH3O/RqbVafq9/fq1SNn5QqbP2X0eI217tXeTT/R1a/M0J1DslRz9h3tff1DWUd8XTPsbahmVrXe/Lef6OxDX9aElLPa+/pefVw3Ql+ff6d/7FW7vvKtu3Rk08v6t5+c1UNfniCb+xNfueos3bVkloYksA3NG6JZ37hL74atJ73mHb36+w9V04bNAgAAAAAAANC8pBwKwDd3nSrefUcVYZ9b0/prxIT79OX7ZynfFraerAl6ZHmt/nPrq3q7+Ofaa01T/xF36v/53rdle+dH2vjOJ6psvEv9U0bp6ysfU/+tL2vf68V63z+W6ai7HtXKh/LV3zB8ww/4a2FEDAUQ/bn/3+Pnafmo9/Tz/yzWu/VS2ogJ+sdH56ugf2gYg7RRX9fK743Qyy+/qpe3viu3rMoadZf+8dGvqCA3zbcdcW9Dc/ULrOcW/edW33qUNlDjH/xHTXjv/+hP/vIAAAAAAAAA2s9kdHC07dSpU+rTpx2P1gMAAAAAAABAnK5evaqRI0d26DKLiopaLdP9xlgFAAAAAAAAgC5GYBUAAAAAAAAAEkRgFQAAAAAAAAASlJQvrwIAAAAAAACAZEbGKgAAAAAAAAAkiMAqAAAAAAAAACSIwCoAAAAAAAAAJIjAKgAAAAAAAAAkiMAqAAAAAAAAACSIwCoAAAAAAAAAJIjAKgAAAAAAAAAkiMAqAAAAAAAAACTI2tELTEtLU01NTUcvFgAAAAAAAACaSEtL65L1dnhgtb6+XoMHDeroxQIAAAAAAABAE+fOn++S9TIUAAAAAAAAAAAkiMAqAAAAAAAAACSIwCoAAAAAAAAAJIjAKgAAAAAAAAAkiMAqAAAAAAAAACSIwCoAAAAAAAAAJIjAKgAAAAAAAAAkiMAqAAAAAAAAACSIwCoAAAAAAAAAJIjAKgAAAAAAAAAkiMAqAAAAAAAAACSIwCoAAAAAAAAAJIjAKgAAAAAAAAAkiMAqAAAAAAAAACSIwCoAAAAAAAAAJIjAKgAAAAAAAAAkyNrVFeg4x/Xrbz+vfeEfjZyvf/vBDA1IYClVe3+sfy0+pZHzn9XKGa3NGVjndBX9fIFubX3hWvtEsU61oV6dJ8FtAgAAAAAAAHqgmyOwenybHn1+X9PPTxXrX79dmVCAcMCMH+gXMzq0dgAAAAAAAABuMjdBYLVKe1/2B1WnP65fLLg19PmPn9C2U/u0ftsd/s9jZGP6g7KBDNVYGauBz3xGasGzP1DMZNZARmpLZVrVNPN2+uM/1z/4N+v4tm9r/b7wz/zlA1mwYVmxC4YVa5t/QdEZuHFtU3B7FLVvAQAAAAAAgJ6t+4+xWvWR3jkl32P/EYG/AZrxg8c1XZL2HdLxti4+IgApSae07Ykfa29VdMnj+rU/CDn98bYGVau098dRwxlI2vf8tsTrfyoUVPX985fBOse3Tfu0PhBU9VVCv27rTgQAAAAAAABuMkmXserafHdC5VO+/C1f8G/YoBhjlt6qv50u7dt3RuerpFsTDnYe1+vFpxSe0RkISr7zUZVmBIcMOKPf/HiffPHdZ4PZpYkboBk/+LlCIxEEsm7bUv9AnQPLOKUzTkkD4t2mUFZsYPoZfyUSbSMAAJBcUha/1dVVAAAAALq9pAusJpWq8zojSSOn6DZ/UDNyDFan/7+ndMqf2jlsUMe8kirwyH+bBes8QLdNGalgBePepun6W3+AeMCgYZLCM1wBAAAAAACAni1pA6txZ1JU7dVISafOnFeVbtUAf5bnO1Oe1crbPtJvWglOVp0/0+66SpJGjtTIU6e07+W9+soPZsTIno1HILt0pBY8+3P9YkHg3y3N4g+UdiKyXAAA6J546gQAAADoON1/jNUBt+mukZJOFetftx2XNEAz/mm+VPyEHg2OETpMkYmkvkfrpSp9tL+FqOWAQRom37JfD4wvenybHv32t/XotvABR6er6Ac/0MPTo8omKjhebCCb1KkzzVTvjG8DVPXR/sRySePeJgAAAAAAAADNSdqM1fgN0IyHpmvb8/ukfc/r0RgZqiPnz5bvqfZsDRsp6dQpbXvi29rW6rJv1Vfmj9S+4lPa9/y3w14qNVILZt8qRb1S6tbZ8zVyX3HrWaunivWv3y6OrqT+7Z9amO6XPXSkpFM6VfyEHo1dpEO3CQAAAAAAAEBT3T9jVZJuXaBf/PxxTW+1oC+bdWTw39NV9HjLcw2Y8QP92/yREZ9Nf9z30qcYhfXP80e2PWs1MH9oRfrF49Ml+V4s5SvyT1oQUSSe7Y5eTQLbBAAAAAAAAKAJk2EYRkcu8NSpUxo8aFCb5w+M/dVx43ge16+//bzkf8M9AABAT9Xx11kAAABA1zt3/rxGjhzZesEEFBUVtVrmJhgKoDW36h9+/vOurgQAAAAAAACAm0gPCKy2zDAM1dbWqra2Vl7DUK9eqTKbLV1drZi8Xq8aGhpkMpmUmZGhjIwMmUymrq5Wh6I9kgvtkVxoj+RCeyQX2gMAAABAZ+vRgVXDMHTl6lUZhlcDc3NktabINzKCoY4dIKH9fPdbJplMktvt1uXLn+vzK1fUt08fmc03x1C5tEdyoT2SC+2RXGiP5EJ7AAAAAOgKPTqwWldXJ8PwKCcnR4ZhyO12q4OHnO1wJpNJZrNZAwZkq6rKqbq6OmVmZnZ1tToE7ZFcaI/kQnskF9ojudAeAAAAALpCjw6sXr9+XTkDB8gwDHk8Xnm9yX0T5mPIMHw3Y/369VXVJedNcyNGeyQX2iO50B7JhfZILrQHAAAAgK7QowOrHq9XKSkpcrnc8ni8SZ/dEmAYvnHYrFarvN2kzvGgPZIL7ZFcaI/kQnskF9oDAAAAQFfo0YN5WSwWeb2+G7DuchMmKVhfwzBksSTniznagvZILrRHcqE9kgvtkVxoDwAAAABdoUdnrAbewNvdbsQkdbv6xoP2SC60R3KhPZIL7ZFcaA8AAAAAXaFHZ6wCAAAAAAAAQFv06IxVKfIxvPbyeNy6fvWKLp2r1Im/HNL77+zRxc/OqtHtkTU1TYNHjNYd076sv502U31ttg6p982mI9ujM3XHOsfjRrRH4HHdcCaTKfjXEWiP1tFftR/9VXKhvwIAAADQ2Xp8YFUy5Hszb9tuagzDkMfVqHPlJ/TfpX/S0b+8r4uXqtRQe03yemU2m2Q1S4arThXH/lvlxz/SX4+8p68WLtAX8sbKam1bE/jqezPeiCXeHg0NDWpsbFRaWppSUlKaTPd6vaqrq5OkG/bGZdqjlaUYhmR4pIZLsla/pRTnH2W9/oFMngZ5MsfI1W+GXAO+Km+GXTKntjtgQXs0Mzf9VQejv0ou9FcAAAAAOheBVUmBe7C23Ix5PR59+tH72l38C53+9KSu1LnlNkzKTEuVS4Ya6z2yWkyymCWL2SxDHv1l/x5dvHhBjzz2/2rMuC8mvM6OypJJVq21h2EYamhokMvlkmEYev/993X06FFNnTpVdru9Sfm6ujrt3r1bKSkpuu+++4Kfm0wmpaamKjW1fTfGPb094luIW+arHym18hdKvfSaTO6rwUnWus9krd4vq3OPGoZ9R57sGTIs6W1eFe3RPPqrjkd/lVzorwAAAAB0ph4fWDWM9j0++HnVBf3pv/6Pyj8pU4PHrAaPSSlWi0yS0lNT5PGYVOf2yOPxymQylGKRrGaTTh37QLte+qUW/8uT6p+d3YZ6G2pnUk5Saq09vF6vLlZV6sTpA7pUXSm3262qzzy6XO3Rex+8pmNnmg4b7HYZOnfBLZNJ+kPJz4Kfp6SkamD2cI0a9rfKsd3Srjcy99T2iG8hXplqy5VyeotSzr8qea7LaDK8s0vWqgOSR6q39pen30TJRHtEo79KLvRXyYX+CgAAAEBn6/GB1ZDE72oMr1cfvVeqo/99RCZLiq43Gmr0SJnpFlmsFhleQ71SLTKZpEaTWS6PR41uQ4bFUFqvFP3l3Xe0540/6Gtfn5vgI7a+ut7cN2KxN67KeV4HP/pPHa38L9W5qiSzIYt3sMx9c3S67rQM1+cxFmWVJWO0JEMfXTwe/NhkMiuzKleXa/5ek744R9n9c2U2t+V9bj23PeLivq6U828o5fyfpIZ6GWouAGHI7PyLrFl/lCczT0rt38YV0h4x56C/uoHor5IL/RUAAACAztHDA6tG8C+Q6ZKIxoZ6/eVAiepcXnncXl1r9CrVYlbv9BSNHjFARz+5IK/X6ytsklJTLJJhyOuVZDKUajXrj6/+TjNmzZZtwIAE1mwKG5PtZroba7k9GhsbdfzUO6pwvi5TilP9+5hlTZFMuijpor9UrJtgQ9KJmNMN46KcDX/WuYsT1K/PgDY+ltkz2yNeJleNLBfelq45WwhS+LkaZK56X6Yh1fKm9GvT+miP2OivOhr9VXKhvwIAAADQ+Xp4YFUKvOjCMLwJZ4xc/bxaFz87qwaPVOf2ymwy1LuXRaNH5OjeqXnKSEtV6aGTkiGZJLndhjyGVx6PIZPJkMew6HRFhSpPlyf4eK0h3xJvxpuw5tujurpa1+qPKq3XOeUMtCqzt1nWVJPaM0SdYUiG+7yuXPU9ptu2x2t7ZnvEy+yuk+lKhQxXfNl1pitnJde1doyRSHvEQn91I9BfJRf6KwAAAACdi8BqO1y/ekWuxgbJZFF6iklDcvvrjr8ZrYn5ucq1Zej+u2/T0MH9dOSjSlWe/1x1dS41uqUGeeT2SG6PV2aZdbKsTF/8m4KEso964mODtbW1ysyo09A0k2zZVqWlm2Uy+25J28qQZHg9ul7Z0K6XnfTE9oiXYUhGo2S44gsCGS6T5G3/OhGJ/qpz0V91T/RXAAAAABLR4wOrvkcG2/byiLTM3vJaUmU1S18YZddDX39AY4ZmyaiplNddr3RrL82YnK/JE8fokrNG5y58rovOq6qqvqYr1+p05sJVHTtVJa/Xm/BN8s36souW2sMwDPVOT1ff9Gz1s1llTemYdZqUosrzKe164UlPbI+4l2HuJaPXMOnzc/GVT7lFhiW9nYEj2iMa/VXHo79KLvRXAAAAADpbjw+sSqGbmkRvjHr37a9emVlK6XVF9/zd13Tn9C+roeqk6uqdMpvMksmiRkOypJo0dGhvjRg+WPJ65KqvlTwNOvrpRa3432/I/oVRwXrEJ5DzdHPeibXUHrdkP6qRI9d2wEq8kqtWRt0Vea5VqfHqQZnPvC1v7wEy9RkiI7W3TGarZI4na6nntkdc81sz5R5wp0wXjkuN11subDLL0+92eVP6tyNQQXvEQn91Y9BfJRf6KwAAAACdqccHVsPvhRK9MUrtlaYx4yeqf1YvTbzzDpksvSRLmsypvWWYrZLJHBw+zWUYcrk98noMeRoNpZgMebxeDRk2TMNGjmzDTdnNeRPWUnsEMrS8Xq/q6up05coVWa1W9e3bV1evXpXL5ZLJZFJ2draqq6vl9XqVlZWlzMxMVVVVye12a9CgQTIarqnxzHsyVx6UyV0vc6ZNY3L7yGQ45Tn/idyfOOVJ7SNjUIGMnLFSrz6+tmy55h2/M5JAe74fAV5rplxfuF+m6jOylP9J8jTGLmiyyJszTq4Rs+Xt1bddGWC0R1P0Vx2P/iq50F8BAAAA6Gw9PrAqeWUY3jY93ipJd0z7kv7iviKrySOT2Sxzr96ypPWVt9ESEagwZEgej+RukNfVIHm9qq5x6+F5/6B+/W1tfLT2ZrwZa749wgMVn332mQ4cOKA+ffpo0qRJev/99+V0OpWSkqJ77rlHb7/9tmpra1VQUKBbb71V7777ri5fvqx5D98n19Hf6eqxPyl7xG0y2/JkMplk6tVbJksvWfoOVarXLbfzUzUe3SVX7yEyxvwPyTZaMjf/demJ7REvQ5KROUSm/EKpsVHms4elxmthURCTlNJLXlue3Plfl9s2Vl4jMGfb0B6x0V91NPqr5EJ/BQAAAKBzEVhV+14cMdT+BTVMnKaqS5eUlT1Yll69ZcnoGyoQfNmvIcPi9t08mS1yG1ZlDBqrCY6ZCb0EJrLON+eNWEvtEbgBtdvtstvtwc9nzZoVUe5rX/taxDyzZ8+WGmvk+ctWmc//VQO+cLtkeGXyuiSTWV7npzKl95dhtspkMsmc2lupQ2+Xyg/KdeiXMv7mG9LA/GaDFT21PeJehski18DxMu74jqy9X5W58ohM1y5KXo+MjP4yBubLfetX5R78N/Ja0zuozrRHNPqrjkd/lVzorwAAAAB0JgKrfm3NGLFaU2TPv13eaxflrrsmpaTJkm6TDMlwN0omk/+uyZDX0yg11stkMsvIyNUXCm5XWkZGGzNVbu6bsFjtEcj+8ng8un79uqqqqpSamiqbzSan0ymXyyWLxaKBAweqqqpKLpdLWVlZSk1N1ZXPq2U795oyyl9Tin2mDFeNPJfPSGaLTCnpMrweqeGaL2hhGPJ+Xilz31uUMmisvMffkvuvO2VMXipl5jRX4xu/U7pQuzOq3PUyf14h0+VPZWTmyJM3SzJZJZkkr0smb4PMFz6Q9fKn8vQZKq8tT97euXE80txsjdte126A/iq50F8lF/orAAAAAJ2lxwdWQ28QbvuNWEqvdJmtg9TgqlWq2SVLWpYkQ97G66H0GcMrb73v8URTSm/JNka9++a2463OHZOZk2xaao9AoMLr9aq2tlYXL15URkaGMjMzdfnyZdXW1iotLU39+vVTdXW16urqJEkZGRmqP3tIKRX/V9b0LKm2QqaMwbL0HyKTt15qaJRkkuG6JnklmQyZUtMl13WZLL1kzsqV+fTb8gz5Wxl5/yPmC2J6YnvEtwCvLJ+XK+XTN2WtfFfmaxd8wbu0vjJ6ZUkms0yN16Taapnqr0hmq7xp/eTtP1KukTPk+sI9Mqxpbax34tVNdvRXyYX+KrnQXwEAAADobARWw27C2pPh4rWkqs7jkdntVmpaqixp/WQ2p/qyvuSV19Uow5BM1nQZmUPkzRwk32CGbQ1UeHUzZrm01h6GYchTX6de1y5raN/esjQ2yNpYr9zcXLlcLlmtVlmtVuXm5srtdis9PV1Wi1l9jf9WelqDzH2/IBkNMnlrZZjNMjxuyWuSDJOvKby+bD3JJMPTIJmsMqf1lryNMpW9Kq/9S1Jq7xj16pntEc5sNjcpY7nwoXr9dafMnnop51Z5hk6U6XqVzJ8dkbmqTCYZMkxmGX2HyZN3r4wMm0z1V2S+XK5eH+6QxXlS9bfPl5E5MLhMk8kkr9fbSr1pj5bQX3UM+qvkQn8FAAAAoLP1+MBqxzHJY07TlWtV6mcyKy2rv7xmi+RplOFulMnwymxNUYO7tzwZg2WypMk3oCESYRiGvB6PGs6U6/P3SpUyxK6U/tm6eKVGdXV1SktLU2pqqi5evKi6ujoNGDBAfSxX1bfuI1nTU2Skpcoks7yeK5LMMskqQ2Zf5pf/z/D60ocMQ5LJIsmQyWKV6eJfZXIelzF4Ypfug2TkMdXoivuUUsxZSrcOkElWmSS5B9vVmLNYNa4KVbtOqNF75f9n7/6jo6rzPP8/763KT8IPQ4IBNOkQRoy2tj0tNHGHX3F222lxensQZg9ohO/pGRf2+23nEM8eka8iuGh/9xBmnN3Wtbe/XzC07A7I9OyIMz07Y8AwAzSobauYxgZjgmIgIfwI5Ef9ut8/7q1fSVWqKj8ryetxTo5SdetzP/fzqfrUve96fz6XXNdcbq74d0w/sgv3mX/CN++7XKpYxYWe9+jyt5FlziQ/Yyl57lswXTkYriwsoxMLH52+C/j8XeS55uCyJo32YY9hGq9Ggsar9KTxSkREREREhooCqwxNBpjNoPvGNT7/7H1mls/nplllZBgQ8HXTc+UC7b/9NR6vn9y8EkwY1Nw/ywpmKo23LJf4/RGaWmsYWKaLQNcNfN1d+P0BPB4PXq8XAL/fj8fjwefz4fP5cHnOkWF24nL7gRsEAoZ9Ax7LDbgwLBPLsoNGAQzwB7D8OIlgJvi6MQDT7yHQ2kCg6Hf71noC9kckH918fv3vuNB1jFzXzWSYU+xMLctHt/8S3b42vNYNLMuPaWRyU1Y931xWTWH592i5OY9ft+/kcs+nWJYXw3CTYUwix11AtrsAAzuzzBO4Spf/IrNylzJv8lpMKzd+rSd4fyRH49XgabxKLxqvRERERERkZE34wKoVvAP2IAIVlmVfDvkscLkMjI5zNPzv0+TOLuemmSV4Oju40vwJWd42Js2ex3VvgEy3nwzTwDQHngU2Htdk668/cnJy6OjowNfdBbmTyLj/35Lh9+EiwNSpU8nOziYjIwPTNJk6dSoej4ecnByyujox3QEM12QwenDhwSQDy3BhWSaYJgHLAL+JiYFlQMCwnEwwF5bvBgY+LNPA6LwQ930y0fojksvIwWVk0uVrpcvX2m+Zfqubtu4PeLdtO4tu+QuOffEIXf62iH166LE89Hgug+e3fV7vNnMwyUr4eZ3I/ZGoDI1XQ0PjVXrReCUiIiIiIiNtwgdWIzNEBhKosICugMElj8klD8zu9lIy6xZyp3TRcrGJpvONuLNymDZtEjfnz8CDm39p6eCCz+DWySbF07K4KceNK4WAhTHwpQ7HgPj9cdNNN3HhwgXaOm6QX1ZOkRFus+m9SikoKAj9f4bPhWn6MKfdiXHzHxD48n9hdLViBXoACJCB6dzMOWCZ4DIwLezptQEDw9+BYQYw3Qb+GPWaqP0RZBgGLiOLaZlzmZF9L97Adbr8rXT7L/Vbsj/QgydwLSpIEZtBtms6Oe5CMoxJTM2Yg2lk2PldMeo00fsj0as1Xg0ljVfpReOViIiIiIiMLAVWQ9ktgZQDFT6g1efibLeLL7vdlE5xUxAwcVs5FMyexZSyb3OtxwOmQW5OPhmedtw3LlIy/Sb+5/FOPms6z/zZk1k6dxrfmDWZyVnJdUfwzsfjc9pg/P4wTZNZs2Zx4cKFUHaXy9X3jtd9eGCK6YaOU1hUjrdyAAAgAElEQVQlj8BtP8S4/glG53nwezFwYV36FVbXZSyXE7FwghVWwA/WdcgEy2di5UyNMeV3YvZHkMvwk+X5gts9WZS7lnLD1c357C4+6Xybq57GuCUHLAssg0Cg/3a7KWsu5TlLmOXPJZcsrB7wGl/S7ZptZ+71rvEE7494NF4NB41X6UXjlYiIiIiIjCwFVom+k3CyejD4xGPyRSCTKwGTTixKXQbu/FuwrvrxZ+TQ7b6JrvP/FdPfhCdvCVmTv01O/p3kZkzHxRl+e/Eq5y9f5+OWK3z3jkK+e/sMpudmJFFfBhRYGSv664/JkycTCAS4evUqN27cSHi3ZYDrAYsCKxu39zyBz35MS94qutyluF1zyHR7meZtINu6YU+7dZkEMLAw7Qwjfxe4ejCyDALuDPz5vxMnUDEx+8MwDDL9reQ1/TkZlw9j+K6Rm1nI1MJ/i3f6H/HLCzvilhswA1gW+L39t9ttNy2n/NIpMloPYnrbsNzT8Ey/H6tkM53ECxxNzP6IR+PV8NF4lV40XomIiIiIyEia8IHV8Jpsyb/GB7zrc/EpbrIzXXRaFpe9Fkdbb2DeNIVvFt6N0dnN9fNvMavn/yV70g06u45x9cY3ac99AGtKJf9mTj43rhby7udtnG27xt73u/H6A6y4ayZTs/vvlvF8/ZWoP0zTZNq0aUyaNInu7m78fn/CC9IMcglcK4auSxgdH+Nqv8SV7q/hJ5dpWTeYmnUOgw4wTQzLwHAZ9k1hAl4CZhdkg+U2CWQV4582L06dx6dkPh8Z3jbc5+uw/J32Hcu7L5HReYDi4l/wz93/T9zX+ZzsMm+3v9863JL9LdzNL4DvKgFM4Brurv+N+5b/C8uYEqfO41O6jVff/3oRN+X0H1ydyP2h8WpkabwSEREREZGRNuEDqxB9w4tkfGa4+ZXppiAngys9FhcsP/4Mg6t+g31f3uCTiwG+bV1gzuVapk0xMPwW2RkXyDP+kevd73P5+lt8M+t7fG3x/Wzq7uHzi1e42HGDv/nwC2bkZfL7cwvIcptJ1nv8SaY/MjIyyMhInC1nm0aneT+uG6fJNG8wI6OFya5WArjIMCATA8MwARMwAAuX4SdgejEzLQyXgeU2uTFzGYGMyXEbfsL2hz9AoMMLRPbHDbLMafj6CUJ4DT9Y9LsNQJYxBetaJ1ZU+R4IBMAVfy3FCdsfvQzneDU1282Dt8/QeKXxKm1ovBIRERERkZGkwGrEHYSTCVRcM1zUB1y4czLoxuBcwEeHESDDBCPLwEMmV9pa8F57i5szPiFwy/+N1XMe16X9ZFnnycy6yJTsOi5d/yVT8/6cZbffw2sdXfhveGhuu8LPP/iC2VOyubsoD8OIf4MYe5238Xglllp/JKOnp4d2z21Yvj8gv/swMyddZZLbg53LZ9h/lj/UnIa9lB6mCyzTwDItuqfcTdeMpVj2lXGffUzk/rD8LqyuSWD5wo+5svH6u/F0xZ/67HOm1va3DYDX10OgZyqGvzv8oJGBFTCxzNj1msj9EWm4x6u/+eAcc/JzNV5pvEoTGq9ERERERGRkJU4zmiCSuSa2gDOYXM10k+N28ZU/QIvlo8MM0GFaXHcFyPB1kN96iuJrf0eu34fZ+PeYOXfjm/Nf8E2tgu4CMnv8zJjkYVJOFgG3G7LcYJoEvD7eO3ORQw0Xue7pPytmvBvK7J3f/vZT3vvVR+TN+3fcmPUnfH6tgG5/JnaQAuyetTCcPwwLw7QwXHawwp8zi46Z/w5/1kz7Fs4TUH/94XVPxzvtXxHozCLQmUmgMxvP7H/Lx1/8Dd7uQPy/ngBWwOp/m+4ADRf+CW/RdyPKz8I7fSlec/KEXZcwXcarDxvbNF6h8SrdaLwSEREREZGRMsEzVsN3D7YsK+GNRboNk88NAzPDhdewaCNAh2lf7roNC1fAx7QvP2dmaz1FUy7hm/csRs95zFN/gXvabQRmPoA/71vQ8hOuBYr5+MbXebOxBSywAhZGIIDX66Hh/BVaO4qYlBE77m2aJuGpjuPpQi21/khWy1df8f7773Puiy/4gwe+Q0b+w5y/doCSyRdwGREBIXtWLYbhhC6MDLzumVzN/yO6c+7ATirqW6eJ3B+GYdCdOR3XNx7HnX0rXDuP56Ziuub+Pu999HS/6xH6MwJYARKuWfir5reYM+8pcplExpUvsabdin/ecrrNPKxA3wywidwfkXpGYLzyef0arzRepQmNVyIiIiIiMvImeGA1KLlpnJf9cNkwyDJMui2Ly4EAN7AwTXBZkHvpIlM/e5fbfL8m1z0Fmo5hzF5IoOzfw+X3MRv/CldWNj09mTRl/mteP3eNa10eLJ+XgMdLwOfD8ht80dbB5es9fC0/J3Zth3DaaXoa2uMzDJPOzhuc/+ILDhw4wKLfu4/OjD8gz3yfaeYXWL5u/AEIWHZ2l8sFZsZUunPu5PrkxXTnzAMj/vqIE7k/LMvC4wf/1HlkLf46l69/xulz/0DD+09x+XpTv6ljvmw7COLr6T8gdb71E/b2bKW8eDm3/e4fMzWnmJ4eL35/7ADHRO6PSFcDGq9Ghsar9KLxSkRERERERo4Cq4SvpRJd3PgCFh5fgB6/H49hcN1v0WVZmIC7u5vJn37C3JbjlM64hPtrKyHDReDzesyMbKybv06goBjry7/hfE8R9dzKifPXsDq78HfcwOrpAb+FETBwWWD0c3Foz+4cvxdiyfZHsqZNm4bX68Xj8eD1eXnv/V/zjW/cTVbWXAoyWzC9V+nxGXj8Jh5PD/7uG+Rkl5J907cwM/KiKxWD+gN8Ph+mFxrP/wsnG16jq+dKwnL9Xrs8nzdRpl+AlrbTdFxvIyczn5zZM/H5fHG3Vn/Y/IEAHkvj1XDTeJVeNF6JiIiIiMhImvCBVcsKZ4wkujCebviZ5/PwwQ2Ttkw3nb4AnoBlr3zXfoX8xo+4J3CW6dcvYH78TzD3X2GV3E+gpx2r7Qymp52O7kw+6rqLf7rm5+qVa/g7urC6usFnYZpuCiblsPi2Gcyckt1P1o0RcefjoW6R0ZVKfyTrlltvZXpBAZ83NpI7aRLNzc1MnTqVnNw76Ar8DleuXuHq1at2MKMni57uDKZM8VNmXaZoZjYulytBndUfAFbAIDvjJtxGDlYgcaDCvmFLzNnKMbnNSWS5p2EF+g+aqD9s07CGfbzKz83WeKXxKm1ovBIRERERkZE24QOrwUyRZC6Ksw34pulnireL970uOr0WZiDAVcMg4PFh+S18ZhZWwMBseh+r5QzGzNsIlC2E/DvxffYLGtsy+eeeAs7c8OLrDJARMJiWm8u0qW5mT8lmfslNLJxTQH5eZvwaW8E6D00LpJfk+yNZ06ZNY+HCClq++orr16/j9Xi4dOkSl9ra+G17O583NXG5vR2v10sgECAzM4ObZ9zMpEmTKCgsTCJQof4A8Pv93Jz/dYqm38H17lYCgfhZWqlymZnMKrib6VNuizulNkj9YcsagfHqm7dO4/fmFmq80niVJjReiYiIiIjIyFJgFUjlYizPgK/j5xbLzyIXfB6w+MIP17JzuFL0O/yvj8/R5svl9/K+pNjXgtH4LtZXv8UqnM01M4tfXf06HXkzWHhrIbkuF1MzXczIyWTW1Cym52YwPS+T7AyXfV+SuFNrjXF+o4uhDVaYpsldd92Nz+vj0OE6rndcp7CwkCtXrvD+++/R09OD3x/A7/cRCAS4ccNOSTJdJi6XK2E91B82n8/HpMyZ3DtvLZ3dl/my9VdY/bZJcu1lGi5unfEtfve2NeRmzsDr7T8Aov4IG+7xKn9SJjmZGq9A41X60HglIiIiIiIjR4FVwtMGk70wNoF8A/JdUGyCx7LwZWZxY+Hv8tm0XN779a84/mUji/IvsjTvHDO8X2FdOMtn7q9zNW8u3/tGGTfddBMuE9yGgds0yHAZGPZia2AluLxz7nw8PqXeH8nIysriW/feyy233sLFi62Ufu1rXOu4RktLC2fPnsXv92FZFoZhMGPGzXzjnnsom/s7mKaRsB7qjzCv18f0yXfybxZs4YPf/k++aH0ftyubKZNmkpczg+zMyVhWgMsd57jS0Yzf7yMrI4+5t1QyLe8WDMOgy3ON650XuHajBV+gh68VfZu756wkN3M2Ho83cY3VH1E0Xg0njVfpReOViIiIiIiMLAVWQwZ2YZNhQIZhgAlTpk7m5vnf4uvl8/joVAO/OP4ub124me/OvMTXJnXyzrVSCud8ja8VTcc0zSGu/3gz9BeaGRkZzJ59C7NmzcYwDKZOm8bDK1dx8eJFLl1qxe8PkJeXx8yZM5k8eYozpdYY8nqMTcn1h2VZ+LwWOa5bWXz3fwSzB9N04zKy8Hh8WJbdotk5mTRfOElO1lS+t+jP+VrRffR0ewA7gyszy4Uv0EMg4MXyZ+PzWkncNGYi0XiVXjRepReNVyIiIiIiMjImfGA18mYXgcDgL4QMw2DK5Mn8q4ULuPvOct771a/5h1+fIrPbYt7vlHHn7bcBDGpfhmESzMwZb4a6P+Lvx2677OxsiouLKS4ujrlNMm2s/ugrEAjg84FhuLDbpivq+e5uL4WTv4mvx8/NU+Zz9cqNqOe7unAyIt1YVuKsr0jqj+RpvBocjVfpReOViIiIiIiMtAkfWIXwxdhQmzx5MksX/x7f+uY3sCyLSZMmJbyxSDKGetppuhmu/hgu6o/+Xhv/dT09PQN+baLXqT9Sp/FqYDRepReNVyIiIiIiMpImdGDVXqMOwksFDs/FTV5eXtQ+B89e3zC0xuE4MVL9MfTUH+lF/TEYGq+So89HelF/iIiIiIjIaJjQC+f5/QHcbhOXy8Q0x85FjWEYmKaB220O6/TTkab+SC/qj/Si/kgv6o/0ov4QEREREZHRMKEzVl2mfbOPrKwMvF77RhWBQIB0TXQxDDBNk4wMN1lZGYCByzV+ulD9kV7UH+lF/ZFe1B/pRf0hIiIiIiKjYUKfxefl5XHt2g2mTMnFsizcbi8+nz9tpxAahoHLZZKdnUlubhYdHV1kZ2WPdrWGjPojvag/0ov6I72oP9KL+kNEREREREbDhA6sZmdn0+PxcO1aF5MnZ5OTkxVxIZZuF2P2Gmxut30zmY6ObsBFTk7O6FZrCKk/0ov6I72oP9KL+iO9qD9ERERERGQ0TOjAqmEYTM7Lw+PxcPnyDQIBf9qvzRYIBHCZLnJycsnJycE0x88yueqP9KL+SC/qj/Si/kgv6g8RERERERkNEzqwCuBy2VkiyhRJD+qP9KL+SC/qj/Si/kgv6g8RERERERlpSo8QERERERERERERSZECqyIiIiIiIiIiIiIpGgeB1Rb2r8olJzeXnFX7aRmyck+wY8jLHImy098vd+SSk7uK/el68C37WZWbS86OE3GeXkVObi5xnk5vJ3bYn5WYfzv45Wi9NxO0+fjltPewHPvA+3JMv8eHS+RnJ6phIvowdwe/TLFYtXXEd3iv74Vg2+Tk5rIqpS+MyDL7/q3a3zJq7Z72338iIiIiIpKSsR9YbTnC/oPO/x/czxFdrEiaadm/Kn2CJguepKuzk67OTg5vA1hO7WedzmNP8u3Rrt+wOMGOdP0R40Q9zwT//9n6lINyMkpONIXfT5F9KIN0kKbm4P+3cCT05Z6qIlbuc8a1z17jIYBth0Nj376VRUNS23STVt81IiIiIiITxJgPrLYc2c+bwPPbtgEH2T9kkdUFPNnZSde+lYzPSzAZqKKV++jq7OTJBYm3bdm/itLHBhocGA3j7X1/gh25S9M28PXL+meB5Ty/bTnwLEcUFBkbIn7Ea2k6ASznoeWjWqNx45n64IegmaaD8NDy4WnYVMbxsWDsfdeIiIiIiIwPYzywGsxo2caiJxfzPPDm/iO9MtMip2n2nappT8sL/4WzPXpPo42eWrhjx46o6YmhaYX7nSnNg51O3RJRTp/pinGOyXlN5JTJPtMdo6aCp+t0xF7TOONOux2dY+9Tbq++CvX7iR2hC91nlo6Vae7R7/uY7+vcHfwysi2j3ucD6Luo3e+I3k/EU1Gf1d6frZh928L+VU5Q9eBjlIYeT6IeI+IER54Flq/kkUdW8hCRQaWIeq7awY6YU6UTPR9ZVPR4BYOdktxfP/eehh3ZH736rvcSEP2Oe+nhoW3beCj0I57zHbR8AaH4nNp6gLbx/DbCmdtOJvCCBcGWbXWONeLzOoglRKLG8VCf7Y8YG1ax/8T+uONRf98nkUsYxFvGYP8P4zzfb7/EeS+Mye8aEREREZHxYWwHVoPLAGxbzLdZwKJt9FkO4Jc7lvIM2zgcmhL4LEsjLkaWPgvPH+6kq/MzapfDM0tjB1la9v+QqoPhbUtOPBuzSs80lbCvs5PG15bDwcf42UCub1r2s2rOY7zpTF1sfG05zyztFSxa/hqNvY+paBErl8Obj/3MOYbgRf9rPLLAPt6cpc/y0GufOVPBD1I1Z7SCSvG0sH/VHKoORvTZs0udC890PPYW9v/wMd4M1unwNjj4GD/c3wILnrTfBzjvmzGcGhX1vuZZlu4ooTHiff7DUP/E67sEn8WggwuojvH8L3fksvTZ4LIFh3n+4GOURnyOY/dtESv3HeZ5gOWv0di5j5VFSdZjJDiBo4dWLqLIef/GXA7g4AlK/jI4RsV43yZ6HmDBI9Quj/zhKRzUXZRyanKifo54rvMwz3OQqh/up4UiFq2MHhftGQfLqX1kQYJxL42UlLAAeLOpmVBW5crFlASfV1sPWEnJcuAEzS3BTOBtLFocfLaQlU9uIzKzOzRjZfHQjK1v7odHguM4B6la2mSPR4ft/S5NOOYALfv54WMHI56DNx/7Ya+2PQgrYzyf8Ls/znthHH3XiIiIiIiMNWM6sNr7ourbi+MtB/AsS3Nz2dG8kn2dfS867AyPZmdNtljrTEZkxi4AKHIu8PoK1qWoxP7viabUr1R7H1fRopURGVLO2nH7SvhZbi45cx7jzdArnYvp4IWnE3h+aOUiighPO17pXN3b7ZVm04+jguWEA6b7j9CSzscezIgsfnJcruH3UEkxEH5fB9s1+G8gQd8F9f9ZDL/WDl7Za1n2Dkw5P6I4QciB9W2CeoyA6Hr3ev9GCh13nG0SPU/Ec8EfniKDuqlWPEE/f/vJTro6H6F5VS45vZZhsMeyYGZu8McPu/79j3vpZFH4/RfMqnQ+Hza19UAVh+pxwqlvSThgDbDAnpkSdUyh7+UhsKDE7qPiEmddVqfdg/92JDPmvPnYHHJW7afkyU66nB91wsKvtYPJ9tqy/fZLUuOriIiIiIiMtDEcWI1xUeVc/EReaHz7kddCF0TPLO017c7JLALg2aX9TN+3s5L6XOQNs2B9gwFEO0MqOBVwKSde+yx8Yw5H0conQxeewQyllVFpUgepmuOUu9TOuh1I8HfYBfsjdw5VB4GDTTSl5bFHBtnD5Y+3mZgLSlIICcXsuwSfxWQcfIxSZwqs3X12ZpvzZNJ9O+h6DIm+WYzBIHX0cgDREv1g09/zkUGa3oGhAYnTz/a09zlULTjsZFFGVmIl1cGgZK8fP4Jij3vpJZhZWbPjWWIF9tTWA+T8oPLm/h0x6xv1o0rvQOMQeCgqQJ5InDEn2O4QMWalNjui336J814QEREREZHRMXYDq8GLKifzLPIiJGo5gCInIy00jTlyWl6MOweHpjVHKsZOKhnZCxh72YGIvycXRGStHI6TFRm88NzBDyMylMIi7wKfxndIjriDc+iO9el67AueDJV32LmgjrekxIQQq+8gwWcxCcHlFkJ/kVlgKfTtYOsxFIJ3ko8IFgeDMzGXA3DY06PjB7r7fT6U4fZDagY8NT1CzH4OBoxfozFOFnAwu6/mh7F+/Igz7qWZYOD0zXg/uKmtByi4pM9B3iT2+zj6mIZuGYDUxR9z7Ezi4PIMQIrLjfTbL/HGVxERERERGRVjNrAanDIXXMesKypQEr6xSOTNLopW7nMCXwsoLup184qilexzomJ9L+Z6T7FtYf+O2GusDoXoKZwxbpYEzhRp+OXPIqfD24JLIrx5EJ5/Mnx3995LJQzuhirDpPdak7FuTpJWxx59s6dvP2mv1RsMtkRNlR/v+u27/j+L/eu9fnKvNu+3b50fRUIGU4+hY2cx9g2g2HXpNZU/tE5mnKnPiZ4PCU5Rt4NWA5qaDsl9Rp0foVr274iang6EpnO/efAgbHsyFBxPatxLF8GlKojXjmrrgSoJfWDjvI8jj2kolwFIQb9jTtTNyxbwpPOjbTLZsP32S4L3woT6rhERERERSSPu0a7AwAQDCH0zcEKZRPuP0LJyJSv3fQar5rA0NxgIXU7tZ06Gx8p9NLKK0qW5oQvSh177jFhJO0Ur/5La/QepWprLMyyn9rVtcHCQwdWDj1Ga+1jUQw+99hn7Vq7ErvZScp7tXa+V/OVr+3nzMee1y7fx/PJneeZEEy0ssC/eg+vQ9b7oXPAkXYchZ+kccpzdPn+499pvI8WeRlkV+dDy12jcF6PPQhlZC0b22J8Nt3/Q84c7eSTqkQU82XkYcpdG9OU2DneujK7P0lz7plv7Vg4swDImFPXTd/T/WUzg2092cphclobeM9s4HGzLfvvWCXA575nnD3fy5CDqMTScTMMYQaFgNt4z9SfC49Dy1yipzyVnaZy6Jno+Qmh8THJq+jMRY6NtG4c7n+y3n588vI1nlj7rPLeN57cd5Jln7eCfvcdgZnmvbMOi/sa9dBM8hmA7xl96QW2dmlC7xZ3iHz6moVwGICX9jTlFfZ9j22G6kvmi7bdf+h9fJ9Z3jYiIiIhI+jAsy7KGssDGxkZmFg38dN77ciUAGRvqhqpKw8O5K/DzhzvT4mJURMabE+zIXdpPkCTR8zEE7zquwMvwU1sPm1/usNdZ1vfvwIyZ8ywRERERkRR81dJCaWnpkJZZXV2dcJsxuxTASLOn+oVvcmOvZbiclO51ISIyikJLqAx0arokTW09XOJnfIuIiIiIiIw0BVaT9O0n7ZtQvPnYHHJycyl97OAoTqMXEUmFvbZs6WMHYflr/KUGrmGkth42J3aQk7uUZ4DnD+umTSIiIiIiMvq0FICIiIjIBKHzLBEREREZj7QUgIiIiIiIiIiIiMgYocCqiIiIiIiIiIiISIoUWBURERERERERERFJkQKrIiIiIiIiIiIiIilSYFVEREREREREREQkRQqsioiIiIiIiIiIiKRIgVURERERERERERGRFCmwKiIiIiIiIiIiIpIiBVZFREREREREREREUqTAqoiIiIiIiIiIiEiKFFgVERERERERERERSZECqyIiIiIiIiIiIiIpco92BeLxvlw52lUQERERERERERERiUkZqyIiIiIiIiIiIiIpSruM1YwNdaNdBREREREREREREZF+KWNVREREREREREREJEUKrIqIiIiIiIiIiIikSIFVERERERERERERkRQpsCoiIiIiIiIiIiKSIgVWRURERERERERERFKkwKqIiIiIiIiIiIhIihRYFREREREREREREUmRAqsiIiIiIiIiIiIiKVJgVURERERERERERCRFCqyKiIiIiIiIiIiIpEiBVREREREREREREZEUKbAqIiIiIiIiIiIikiIFVkVERERERERERERSpMCqiIiIiIiIiIiISIoUWBURERERERERERFJkQKrIiIiIiIiIiIiIilSYFVEREREREREREQkRQqsioiIiIiIiIiIiKRIgVURERERERERERGRFCmwKiIiIiIiIiIiIpIiBVZFREREREREREREUqTAqoiIiIiIiIiIiEiKFFgVERERERERERERSZECqyIiIiIiIiIiIiIpUmBVREREREREREREJEUKrIqIiIiIiIiIiIikyD3aFRi80/zs8Z3Ux3m2dPV2Ni0pGJ49v/44NfWweOOrPDJvWHYxCPHbpXd9Uz+O0/zs8XeZ/+oa4m8e3P9iql9dw7y2d3hx814aS1fzwlNLGHiPtPHOj34KP3iKJQXQ9s6PeHpv47D287DtI9gmwX+n2DYjcewQ6/0R3QcyGL0+J6NdnaQ59R7051lExq745xnD/b0U/P4Lfi8N//nYGBure59fRBqD43bbOz/iv/ODYX1PiYiIiAyUMlYnoPqdj/PiO22hf89b8yo/eTWVoGr8QHbYPB559VV+MqQXIG2886PNvB5xpVCw5Cl+8uqrY/Bk+zQ/633R07iXp3/0Dm3xXjJKot8ffftAREQkUuPezVHnGcMttfOYCa5xL0+/fnq0a5G0YBBdREREJF2Ng4zVoP6yCILBoFLWrL6V1/faYUE7o4KIQFFEGREZlmtu3cvrTiQxYRbG6df5053hsGN4+1jZDn0fiz6BLGXN9uiswGBWRuJjjrONU7/GvT/lnTvtsvtkevQ6hnB2Q2RQtZ6ax+tZvPFVHmhxMicXL4b6ehopZc3273Nuc+zsjlOvPx6zPftmnERmxd3JqVA/NfL65sc5uno7f8JP+2Zt9s7UWLyRn6wJ1iDc5mtWn+P1YFtHbRPPKX72+F7n+IN9E/HeCvVVrMd6Of2uXU5ov069Go9xqm0JSwpivF+cfun7HoxVr2B399emSyhI4n0eLmM7t/68bx+MvaD22JP8uBDx2YvKSur1g0jk+z3JsS5y7Fm8ceMwHamIjD1xzjO+uAREf4/03T7J7+TI7/XS1VRXRNcg+rtuAGUu3sgLt/w8Kgt2QHqdf0SPo31/mAw9H+v7PXgu1vs8IdSMSZy39MlOdcqof5fTa+ZFn+/GrHOv75/Fq1lzbi+vN4b7MOF5xgDaJVhW5L4b927mT485ZcY9TxUREREZeRMsY7UxFFQFaNz7U16MOpmrp6b3r/iN4UCD/c/N/CzeD/29T/Sc7f/09dPAPOYvtvdxMvj6UHDt3hhBVae+m18ntHnUhYlT31QzHOetoXqxXfnEweUAACAASURBVPa5SzGeb3uHF3sdQ7LZDY319c5FTwV3xju7TaU9ByLW9Lf6nfxpn3aqD19sOdskqkfj3r0RmbrBvingzopSoJGjp5w9tJ3iaCP9t8P0WyiN2m8wwzf16fWx65WiPv3yU0Yw2Uj6kWhcaHvnRxHjQiOv//TnnIsqIUaWef3Ovtlk/bwHovcB9TuTyVoXEUn23KW/7+ReMzwa91KTVAZjCmXW7+S/H0vmaPoR4/wj8hzn9Ot9Z3uExtl597IYaDx2KtQup9+1G23xvTGCqk6dB50VnKDOnH49+vunfm/qM1YG0C71O38U/xxkEOepIiIiIsMh7TJWvS9XprR9xoZXnP+zMyij9c3sCv5Kbp/oN9LIal54NeLX73MttDEv4lfvcBnBAEf9u6d5ZF7vLIE23vm5cxLc+1f7+p/zzneeYsm9dkbnuZY2mFfQ66S5jVPHGiFGhuJfv/MdNi25xMl6on6Vt+uzl1+cXpJSdsX0W+xAYLAeMcXJhHjk1Y3QO8u2JdS4URlysSXbnr0VsOSp7dArE7TtneitTv+DffIezoYIZkL0bafea7P12x5Rxxcss56Tp9fwyJ0VlNIYys5pO3XMrkPFnfGzJwru5L5SaGy0l2Zw3gkDW7stTr0SNml0Ib0ycJ3Ae9QBxO6DVD+zEhYev+JJPC78wrnojcrwibxIdX7A6fOZ2PsPnF4S+X6L9x443WcfvX9E0ntAZOLp//wrHBBM9twl3ndy2zs/t78j+3zXJa5j8mXa52uDmXAe/O7vcw7483d44Kkl9nIFa8LbB89D7XHW/vG9vj48a+Wk/cs78+eRwjjeS+Nenn58b5+HS1d/xz5/S1DnS+9GzvAq6H/t1gG2i1Oj2DN8ljzFC/RaTz544hfnPFXfRxNTxoa60a6CiIhMYGkXWB1epdznpBAGg4uh4JeTQdjnZHHx90MnegVLvs/ivTupd4KvUUJZiqt5IPTUPB5YXUr9XufEed69LKae+mOnaFtyJy3nIHTSzCXONUKsC5TGLy5BW4udhRbjJDlhQDAVwYBf/U7+NNnlDxz9BhKDItszGJCM1Z4DEr4Q+aNQfQtY8v3FvL4zGNAOVcRpd5jnBLwTVz0YNHayVBuDwelgm9lT6/iikcj3WmwFLHnqVYqiMnnqqXn8XPzlA1KuVwqFhLJrw2VIOkhyXIgYd0LjlLNdmz3Q2NnzUUPHOaI+EvHeAzH2ERrLhu5ARWQcCQXREp67hF4R9zv50hfODzsxvusS1CKFMsPnawMVLDP8Y6mj8Qsif6eMt2ZosI5HT7WxpCgYSHUCoInG8aS/7qMDmP3Xuc05T404n4n4UThZidoleNyvb36c14GEPzIP4jxVREREZDikbWA1+V8eg5mRw3Sn1j4ZrHEUFHErMQKzUSIyEk5jB2KdZQAS1yG+yHXMkhE8yb21KNZr7IDfkohpZ1HrWiW9lziSbU8IX5AlbTq3xoyOD434wcrgRV49J0/fi3011M8yABHCGSzB9raXFFiypO+2wQur5OsVQ8ptmpiyBPpmyKQ+fg1AgnEhMecHn+mDKgTQe0BkLBv8+DWw8y/73GUisIOf/EN4LdKfvBpjiYSIH9/fubWexD/QQmgcj7dZ7/XUQ+cYicp16jwQSZ9nOEHheWv4yatrIgLO4TX8Y8/GSnCequ+jCUUZyiIikg7SNrCaNkI3EyI8dezWIgqA6EuCYFAvcnpbcAptKbc6wYvQL/M7nWyJe+f1en28C5TTduB2sAv0t73DX0dOL4vLXvPzkdCUu3A7DEpkezrTw3q3Z2iqXvD5pBVQdCvQGJwm7UyXc5ZosAPJA7+Qazx2irYl9jREe3p2ODgdzL6t37kTSJy9G7yACGdZxMuWCWajhPeZSr1CpQy4TWV0JTkuRIw7oXHKUWB/KOJn9CS6eA7+aNTPPkREYgqOH3HPXRL/uBScYRScOl5AeHmSgRrOMmMHBE/zs6hzr2A2aKTgj+/OOqYRP9AmHMcTKVjCpo1f9Ll5af91htP24B8Oxp7+h7hLMMQ7z0i0j3AVn+InSwgtNZN4mahhOk8VERERSdE4CqzGXuPLXoNpMClZjRHTk5wi7411oheect5nulPE9PfoKbSRwc1w1mPv47BPRsMn3NHT6fq58zwQr12C08v6iHEDLvsFvTMw7XJLV2/nT+LtOqb47Rk8+e471S1OGYs38sIt0c/M+85qSuv39i0jaomGAeozlTGi/6KmxyXOMgktg9DnWMOvtQNqfdsrlXol36apCvdBwrsSSxJifU7tYGqicSEYkA+NO6Wl0cuaBMecGJ+J5H6kibEPEZGkDPTcJSy0vEmc9UIHIlaZpaXJzHGPP1bPC/3A2vsccGPE2qpxzlUdoXMYev1AO+hxHOfmpfXU1Dfy+k/f4c6nlkT8KByrzvNCyQD9nUMkOs/ofx/T466X2/tc2y5/MdUboSap81QRERGRkWGOdgXSXulq1iyO/Of2+L+4z1vDTzYujnqodPX2XoEn+yID6LMMQMGSp3hhdWmf1wf3N2/Nq1RHF8/ijanfRX7xxlfjZzzEOAZYTPVT0euQDVg/7Vmw5AesiSh68caNRNfEDl73q2AJm7avJqqGizfykyFYxqB09eqI+pSyZntkBqETGIfkTu5j1TPqQrOAJT+IfH4x1X36JXG9ErdpqpLoAxlSicaFgiVPRYwLi6l+6vvcGrX1PB55tXe/R36mk6tDddTndvUg30ciMlEM/txlHo9sj/4+XDOY85AYZZau3s6fVAyyyFjf66WreWHNPHt/GxdHP+5sW/9uRNau8yNt3x9oBz+OA8xb45TRuJf//k5bgjoD89ZEff+Urt4YdU5hH3aC84x+92HfFLN3mdHfcd+PLi/heaqIiIjIyDIsy7KGssDGxkZmFhUN+PXBtXJGfc2+4HpUg516H0NwXa1E06JkbOk7vV8mioGvUThY4btj97lr8zCMXSIy/oze+DWKQrNzwsus6NwsGcHvnGG6r4FIitLmulFERNLCVy0t9iykIVRdXZ1wm3G0FMBYEb5zff9rnMrYElzfNJmbTYgMleC6wn3vFp1onV8RkQlr+i3Okim9p+br3ExEREREUqPA6ggK3/EUFm/UL/3jRsS6tKWrf6AbJwinPvlkSMq58447Em4zb8121pzrtUbd4o3KmhaRAem4fn20qzD8sr/F/7m+kepXjkU8WMyKzd9j1vXrdIxaxdJdJ91+AC+daidJA9mjXQERERG0FICIyKD1nkr76dL/mlRQtD+nPvlk0GWIiCTSe/zqrvrbUaqJiEhqsmv/ENB1o4iI2LQUgIjIONP57ncH9Lrce/9uiGsiIiIiIiIiIkPNHO0KiIiIiIiIiIiIiIw1CqyKiIiIiIiIiIiIpEiBVREREREREREREZEUKbAqIpKuWut4rqqK5+paez22i4aEr0uwzYCrtJVHdw1Hyf2X37CrVzsk1MCuqioeDf0lao9W3t5axeAPLbKcBnZVbeXtVKotIiIiIiIiY4ZuXiUikubO7j5IQ+U6ypN9QVsTZ4epLoWVW9gzTGXH18r5ZqAk+Vc07HqRumWb2LOu3Pl3FS9sLWHnlkoKh6eSjkLu31Jr/2/rVzQBxcO6PxERERERERktCqyKiKS1MtauhRd2NYSChJFa67aycbcdRi1bW8NzlW3sevEQAC/sWtjrNa28vbWa3cGoa9laJ9DYwK6qF6lzHq7cVMu6cicYech50AlSttZtZWPTKvasKw8/X7aMSg7BqlrWlTewq2ofLIO6Q2ft+tds4f5C7Eza6t1O0HcZT9c6weKGXTz64iGgjMplfVugte5lu85nX+btu7Zwf2FkfSPKiTjO881Qtqgg9Ej5ulonIGy3wZFFNTxXWWjve18JO7fcZW94PFiXYDvE3/7DrdU0Fy+j7lDf7ZtX1VC8zz7Wsy/XcfeWmRyM0cYiIiIiIiIydmkpABGRdHfXctY27+s7pbxhFxt3F/N0bS17ajdRsruaXQ3lrNu0DFjG070jd61tzNpQyx5n+8qzR/iwFVrr9tnZnbW17Nm0jLp9dbS21vFXh5aFyq481Gv/Dbt4Ifj8hhKaolJkz9JUsoE9tbU8vewsuw82AA3sqj7Cohp7/zvXNvPCLufxFw9RuamWPbUbKG7um2tbWLmBtWVQtnYD9xe28vbWF2laWxMuZ2sd0U1TyP0b1sLuansZgD7Px1fXXMLOYDu8mHg5hToWOvUos9utVx3KKGPthkqI1cZJ1klERERERETSkzJWZcwwTRPDMMAw8PkD+PwBAhZgGBiGgdtlkul2YRoG3V4fPV4f3R4/XT1eujw+bi2cQp7rCp72ExjuPExXLoYrF8OVg+HKBjMbzEwM043hysXydxMI+LBwAy4CloUVCGBZ1mg3hUw4hdy/YRHPHWzg/uXhR1u/aoZlq5xszXIWLoO/+qoVZsYrppzyqKzVMtYChXctomz3izx6yM6k3LMFoJVFZbt5oeqQna1au8Xep1NUw3H78XKAwrtYVAbNEbsqmWlPuC8oKYMmnGnxZ6mrrmJ3aKvjNCyEOpbxtF0Qdy9yto+rjeazZSzaYJdv172JNoie4l9YyXO1lXZdd1WxsWq3k3Vb0KfESGWL7rLLKV9IJfs4nyD6WVZil1c4s/8J/7HbWERERERERMYyBVYlLRmGgWmaePwWGW43hmnwectlLKCjs4duj59uj48ujx007Xb+ujxevL5AzDJXLb6D3MwWOs/sTKYGuLJnYubMtv+bW4J7UilGVhFm1nQMwO/vxLLcWGQSUMBVhlthJX9MFbs+WjvwMpwp95WbatkTnLLvlP1cbaXzfJUd6Kxdx/1barnfWSYgGBBc3v8eEogxbb9h16BKTEb5ulr2LK/juerjNKwb3BEMWJw21moAMrac4Y3qVzhWsZ6ah+dGPN7O0Ze2c/7BGqIeTqbEN6p55ViMJ/rsY6TZx3Ry/maeuC9/FOsRrf3oS2w/ACs2P8Ggq9V+lJe2n2T+5ie4j4j/76/c9v62S882ExERERlOCqxKWvAGwOMP4DJd5OVk0tHl4VzrZc5f6uD8pQ4uX+8e4RpZ+LvP4+8+jzfGs0bGFFxZRbjybiPzpnvJmPJ1DPdkAr5uLLIIWBAIxA7wysSRe+/fDWl55es2cbzqRc5iL0RaOLMYdh+nYV055TRw/BCUbEpwa6aytSwvBxqOUwesxV6n9cds4LnKdeypKeG56iZ7PdSX4T9sqWRdbQ3FW6ujMlLLFy6DF519t37EkbMJ7i1VOJMSdvNXdct5rrLQXqv1yCJ2bllIJS9yvGEd5eWtfHjkbIK7PRVQXHaWIx+1cn9lIa0fHeFs2SKi81DtYHDTWmdd1NCxl1BAIRTD2SY7x7Xh+CGnFWxnj3xEa2UlhQ3HqaOYpwv73z5ZMdtYZKw69hZHK4cgsBfUO4jafpSXtr/CG/ekHqgd39r5zUmoqICTv2nnPgUvRUREREadAqsy4oLT+bt9AdwuF1kZbi5e6uCLtmt2ILW9I27WabqwvNfwea/hu/4pPS0HATDcU3BPuZOMafeQMe1bZE4qJeC9gT9gYJGhQOsEc+qTT4ah1HKWry2jLjiXvnwdO9duZWNVFeDcvKocaC2hjN19b15VvpDKsy860+LXsrbsEM1tcH/lBhZtreZRp9zKTbWUF8J/WLTV3hbsafTl0PpVeN9PL6uylwooW0ZlWeK6r6tZy3PVwf0s4+naSgqBdZuWOVmcZVQui1VQIbOK4exu5+ZVWzbRXNW3nPj7Cm63jkKgcOEyeNHJwl0WfbessuImflxVxdlgOwD0s32/CmdSwll2v1zHzi0x2jj5kkTSSnExHNhzlNufuI9hCe3l38eDFQd45YMzPDxXkdWQM3UcYD6b7znP9lfqOHPfwwyqdfLv44ma++z/bx+KCoqIiIhMPIY1xPOXGxsbmVlUNODXe1+218TL2FCXYEsZS1wuFzc8fiblZNHV4+Vc6zXOX7rG+UvXabvWOSJ1WLX4DmZmfs61D/9sRPYH4Mq7DVfuHLJnfQ/XpDkEfN34rSwFWceZ4LgVNOHGr9Y6nqs+wqKaLdyfIGFWRNJL7/Gru+pv+9naXgqA9evhlVf4ckVwynffpQDsKetOnnvxCjbHCcKeeaOaV+g77b/34/2W136Ul7YfcLLqi6OmyUctNRCRGXvmjWreogKOHaM5WF5kOcUVVHCML4PT2s+8QXWooOJ+puLbbXEglOJfwfoaOwCacJ/9luu8ftZmnriv3ekHp73PvIH9z2CgtdeU/Ki6Q3Gw3/pbCiCqXhFtF3zNitkcOHAsurwYSwHEa3+RoZBd+4fABDzvEhGRmL5qaaG0tHRIy6yurk64jTJWZdiYpgtPwCI3K5NPv7zEx59f5MKVG3R7fKNdtRHjv/4p/uuf4rn4CwzXJDIKFpN98wNkTrkTv/cGfrIJ+P2jXU2R1DnrtQaVra1RUFVkwpjLw+srqI6XNXnmDbYfmM36mieY6wTbtr8xI/mgWvtR3joGFevnxijPDtaFyzvDG9sPMHt9DU8Eg4zb32BGzcPkH32JV75cweaa+8h3gsIvzQoH/ZqPwfqamnAwcs8BWLGZmlAwEornY+/jlS9ZsbnGDjqeeYPqOBm77Uf3cGD2emqemEsw0PjW0co4+4xf974tdYYPjhUzf3M+kE/limK2BzN6595DBa/wwZmHmTsXaP8NJ5uLmf9ofuy6J8x2tdsiVK/2o7y03Vn+wT4KDpycz+aaGicwvJ03ZvRdtqE9qv3ttnjpqNZfFRERkfFFgVUZUobLhddvkZeTxW+/vMSpplbOfnV5tKuVFiz/DTwX/h7Phb8HI4PMgsVk3fwdsm+aj6/nCgFylMk6TgzVMgB33nHHkJQzLMrXsad23WjXQkRGy9yHWV9RzStv3EPNw9GBsjMfHIOK9U7gLp/7HqzgwCsfcObhubGDecdeobrXDayKV2wOBerOfHCM4hWbQ6+dW7mC4u1OeWc+4BgVrA89+TA1NQDtHD3ZTPH8R53g51w7GHnyN7Tf50x/r7gnXJ+oYCQwt5IVxcc4GapRMwfqznDfw3PtfTwRu1ny73uCmtC/2jnfDMyP2CByn2c+4FjxCjaHD4wVxdvDAdJIZz7gWMWD1DjVy799PsUHgm06l3sqCC+d0H6e5ooHeSLfPu6HIyrbfvFLYHbsyoePgvueCB8F7efpcxgPOkHlqGUbIt8H7fzmZDMVDz7htL/zPnjLbn+FVkVERGS8UGBVBs1eM9Wk2xfg8rVOPv78Iqe/uDTa1UpvlhdP69t4Wt8GIGP6IjILlpI1vQJ/AHwTJ6l33BpsUHR41mgVERk6doDzFd64ZzOzQo+2c/FLKJ6fQuisoveU/9k8GMpqtMtrPrad6gORLyrmYjvk2zuLEaizg5qzH0yyHu3naWY24c3zmRGKP87l4Zr1UB0RAI43rb3XkgHF/dyMr90+MLZHHxjFF9uhV5Dy6FvHoPlYnwB0MBs2MtjMB8eouOfh8GsjliYo7q9CUYcRMYW/uLjXPQWLmRVRvfxZxXC+z9FxvhmOvVJNdJUraAcFVkVERGTcUGBVBsw0TXyWgWEanDx9nnc/Pc+QLtg7gXgvHcF76QidGflk37KS7Fl/RMDbhY9sLGWxjlm/aDYH9LoHitXnIjIG5N/HoytOsv2tOirCDzJjNjSfH1j4LP++J1h/vppXXprlrKNql1c8P84UcntnMYJ1+cwqhpN9gpTxdjyLYk4S3twO6IYjxnN5uKaGh8GZGv8Kb9zTe/q7HQDts+ZovF3aBxZ3/dlwsb/hZHNFxBqqzsNHXwpl4Obn38784gN8cOYeOFZBKK56po4Dka91ljjoV/tR3joWsd6rs65q3M3PN8d41G7/igf7LhEgIiIiMp4M7KpfJjTD5QLTTXunl//9/me8/Oa7nFRQdUhY3na6Gl/l8r98h67Pf4w7cIFMtxeXaYx21URERPrIv+9RVnCMYxGxtbn3VMCxDzgDhLItI6fAJzD34fVUNB9gz9H2UHnNB+qc8uyAYnX1G/a/595DBcf4IPwkL1W/xNH2fG6fX0zzyd84N7w/Q92BZorn3x47iJl/O/OL7en+djm/4WRz7zKD285gdq+szUh2UBknqNnfgd5DRfMB6qLqXs0bZ6I3a//NSZpjtF/+7fMpbj7Jb9oB7OM99sorfLmiste2X3KxHUJ9kZRmwocRcRMr57lwOznr4d7Tp3Z2fd46SrDZzrxRTfVL4X+LiIiIjAfKWJWk+SyDSTnZnGq6yMlPz9Pe0TXaVRrXPBf/Ec/Ff8SVN4+cW1eTPb0Cb08nfitztKsmIiLiCK6hGhGwm/swm1e8xPbgXVSLV7A5pbRFZz3UA8GbIvUqj2JWbA5mb87l4c0reGl7NcFnK9Y7N2pysl9DU+0r1ts3pop3HE+s53xoun8FFRXwJUD+fTyx/jzV26sJTtovXrGZh/sUFWwLp4yK9ayvOMYrcbN3+9Y9cm1Zmx0QDt3IK2p3dpZqcO3X/NvnUwzMvz1iX866rQe2V3OAYlasX0HxK05mbpyWCK2b6kzjr1i/nopjrxA+jGJWzPqAaif1tW+dg8X0an8qWF+j9VVFRERkfDEsyxrSRMPGxkZmFhUN+PXelysByNhQN1RVkkHyYZCXk039R02899uvCAztW2bErFp8BzMzP+fah3822lUZGFcu2UXfJXfOenyebnx+ZbGmi+C4FfTp0v/KnXfcMailAE598kl637xKRMaF3uNXd9XfjlJNRERSk137h4CuG0VExPZVSwulpaVDWmZ16If9+LQUgMQVwCAjK4tPmi9Rc+AYJz89P2aDquOCv5PuL9+g/Z//Db62fyQ7y6UlAiaK1jqeq6piV0N/m2zl0f42iNLArqqtvN068PJS25+z111VPFfXmtT+RURERERERNKdlgKQPizDxO120/B5K/UfN+Hz60Y6acXy03n2L+hq3sWkuRvJmnYv3oCbgN8/2jWTYdL60RFYtoym4w1QXj4EJZazrnZLv1sUVm5hTz/PtzWdTXGfrZxvBkqS27+IiIiIiIhIulNgVUIsDLp8AVouX+Pwrz+ny+Mb7SpJPyzvVa43bMHMuYW833kS96Tb8PlNAgEFwseXVj48Aos2LIeXX+bt1i3cX+g81bCLR188BJRRuSy4fQO7qvZRvLaY3bvt59bWrKK5+kXqgLK1NTxX2WZvU7OFuz/aysamYioPHaIOYNkm9qwrp7VuKxubVrFnHeyqsl8LULmplnXs4oVDAC+ya2ENxfuqaS5eRt2hZtbWbOH+tmC9wq9Z/tXL7D4LnH2Zt+9aRXO1vf/7C1t5e2u1/Rxl9uudx+wyD4X3OxQxZREREREREZEhoqUABACfZXKly8sbRxr4+5NnFFQdQwJdX3Dtwz+j4+NqXP6vyHArc3Vcaf2II8WruL+wkLsXwZGPgvPnG9j14iEqN9Wyp3YDxc2RGaRn2d20kD21tTy97Cy7q4+zsLaWnWvLOHvkI/rMwD8EC2tr2VOzlrJD+6Km6LfW7aNu2Sb21NayZ9My6vbV0Vq+jqeXAcs2hYKddSxkT60d9G3A3vceZ591xxsorNzA2jIoW7shHBgGGnZVs7s4WH4xu6t3EVxgoM4pZ+faMnu/Q9muIiIiIiIiIoOkwOoEZxkmWTk5HDl1jr2HPqajyzPaVZIB8nc0cPW9dXT+9j+TnZ2Jy6WP93jQ+tERShba0cvCuxZBMDDacJw6lmE/Vcjdi8qiXlfpvKagpAyWLaQcKJxZHHsnZSUUABTOtGfqRyi8axFlh17k0aoqdrGOPVsqKYxZREHo/8vLy+1s2qoqNu7ub8kAe3mAYF0pX0glzZxvjS4zbr1FRERERERERpGWApigDMPAMt183nKFvzv5/mhXR4aQ99IR2v/598m7YzuZU7+JxzvaNZKBa+Dg7rPUUUX4frdlfNhayf0jVYXCSp6rrXSWHaiijmU8Xbuunxc4U/tZy87aWqjbysamkaqsiIiIiIiIyMhRYHUiMl30+C3ePNpAy+Xro10bGSbXP9lMRv5C8sq34vOD36clAkbaA8WDXO+24Th1ZWvZGZEl2lq3lY0HG7h/3UIqeZHjDesoL2/lwyNnYRgSO1vrtvJjNvBc5Tr21JTwXHVyUdLKVZUU0srb/darkFnFsPt4A+vKy50s3GKeLoTzQ3YEIiIiIiIiIsNDgdUJxu0KYGHx2VfXFFSdALztx7n8L99h0rxnyJxegcdrgGWNdrUmhFOffDLoMhqOH6JsUU3U1PvCuxZRtvs4DevWsW7TMieLtIzKZWVxyxmMwsoNLNpazaO77X9XbqqlHGgtKYPdzs2rol/B3YvK2O3Ua+3aZXDkK1opZ1YxnN1t37wqqHxdDWu3VvNoFQRvXlVOqwKrIiIiIiIikvYMyxraKEtjYyMzi4oG/Hrvy5UAZGyoS7ClpMI0DTIy3Lz75v9BR+snVP7gXf7858eYSDeQX7X4DmZmfs61D/9stKsyKjKmfIO8O/8TvoALv5JXh1Rw3ArS+CUiY0Xv8au76m9HqSYiIqnJrv1DQOddIiJi+6qlhdLS0iEts7q6OuE2urvNBGCaAXo6Gjn0/y2ko9XOomv6cA///sF7R7lmMpK8137N5WMP4b/wt2RkKGtVRERERERERGQwtBTAOOcy/Xx1+gBnTvyXqMfPnniJm+d+l/u/Wcrbv2ocpdrJaOj8/L+Rcf00k2/fRHePX0sDDIOhWAYA4M477hiSckRERERERERk6CmwOk6ZpklmVhbvv/XvufLVuzG3Obr3O1T+4F3e+XUTvom0JoDgbTvE5RMfMu3e1/D6XAQCCq4OtcEGRYcqOCsiIiIiIiIiw0OB1XHIZVp4Os/zz3tWJtz281/X8viDq/nxmydHoGaSTizPJS4fXc6Uu/8CM3sOeC6vFwAAIABJREFUvoCGg6H28crEn8FYvr5//xDXREQkOZPz8ka7CiIiSfGOdgVERETQGqvjjsv0ceGzv+OXB5IL6Hx28i+xvFf4/d+dM8w1k3R17cM/w3vhr8l0+0a7KiIiIiIiIiIiY4YCq+OEYRhkZWfS8M4WPv2XH6X02mP/4wG+UXozmW69HSaqrqbd3PjNc2RnZ2AYo10bEREREREREZH0p0jaOGCYJt1Xz1D/2lLamusHVMbnv9rFDx743SGumYwl3ivv0370IVw9v8UwNTSIiIiIiIiIiPRH0ZMxzjRNAp423ntzLX5f14DL+ey9H4PvKv9aSwJMbIFurn34BG5/C6bhH+3aiKNhVxWPVgX/dtHgPN5at5VHdzUADeyq2srbrQMovLWO5yLKjH5qa8R+q3iubiA76KVhF49urWMIShIREREREREZVQqsjmGmaeLrbuHYX31vSMo79j8e4G4tCSDA1ffWYniacRlad3V0tfL21ipeYBN7amvtv03wQp9AaDnrardwf+EAdtHWxNmYu67jx7thbY2z35q1sLuaXbEisKkoX8eeLZUMpKoiIiIiIiIi6US3AR+jTNPAc+MLTvz1Hw9puY2/+ik/+IPHePnNd4e0XBl7On79H5j89f+MmXMbAStztKszMbV+xJGzy3h6S3n4sfJ17KxpIDrls4FdVfsorrGDqw27qnjhkP1M2doanqsspLVuKxubiqk8dIg6gGWb2LMOdr1ob/jCroXsWRexn7YmzlLMHwcjoIWVPFdbGa5a3VY27nZCsss22a9t2MWj+6CSQ9QVfoey4x7+uHYd5cHtjyxi56omNu4rYeeWSgobdvGos/9QGcSuP611PFe92wkCl7G2ZoCBZBEREREREZEhotTEMch0GfRcbxryoCpA43v/DTxaEkBsHR//R+h4H5fRM9pVmZBaPzrC2bISCno9XlhYTmGcoGJr3f/P3p1HR1mf/R//zJJ9g5AgYUmEUSDI5o5gwAzuFfeirRITpY8t9leVtLXB1pA+lbS2obVV+nR7kiatFXzUWqltbUmssYqA1oISQSIkKiATwpI9s/3+mASCECDJzNwzyft1To6Hmfv+fj8JMudwcd3Xt6hHh2uBMspWHR0RUCXN6uo+tVWt0TpHpvIKsiVla1nPoqokZeZpWXaVVnSNATimU7Wm1FckLS9XRXmJcuuLj75fW6/0JeWqWHKlsmxVWt/1ekNdrewLe3aq1qi0uEr2gmPX6C1/zdoyKbdEFeXlWpkrla0daOssAAAAAAADQ8dqmDGbpfaDO7TpT7kB2+ONp6+WffEmvbq5Th0u5mwOdc3vf1exZy2VdfgcubwxRscZUlLT0vt8T0NdrVRVrEVVR1+zbXFouiR1F2lT05RxGmtl5pWrIk9d3aI5WtTVKTp9T71UW6WlOWVHL15fo7xZkpSu0amSlKrpWTZV73FImQ1aX5WtWXnS0QGxe1SnbN2W6bt2fmG5JKlm/YnzL5+VrdrifC0q82WoONo8CwAAAACAISishhGzWWpprNG///xfAd9r59u/0uJr8vTkixsDvhdCX+uOlYo5s0mWEXZ5TElGxxk6UjJkq61Tg3TMTNKa0hytzijRfb3cduTx+R4clQPI0TUGoKY0R6u7i7Q9Ht0/Gmz9sbdNy5JWbZEjrU6V2bOUd5rbnSi/lKeK8jzfSIH8HJXZcn3jBPr5LQEAAAAAMFCMAggTZpNXzQ2bg1JUlaSdb/9Cns4DuvJ8W1D2Q+hr2/UreQ9vksXUanSUsDH1mWf69XVE6jRl2aq0oudz+DWlWlGVrduOKzz6pGTYVFu2tqsxtEaln32M/zQ5Kou06LhDsqSMtFRfJ23Vmq4RA74DtpZXOo5fJHWaslStJ9dUyT7rM0XY1DRlqHtUwNE1estfU+r7b6q9UBUF2X3/hgAAAAAA8DM6VsOA2ezV4U/f1uaXHwjqvuufvsY3EmBLndo7OR0eUssHJYqb+C1Zhs2W28PHx8m8t3WrH1ZJ1fzCEqkoX4tyul/L1rLuA6FOdIe9UMvqcrQix/csvS23RMszJceeXrZIyZBNZccdXvXZdXquJeVpZW5X56jk6161p+q4KqxSNX9husqK07se+e8pU3kluV0jBiTZcrXSnqpUnTi/Mgu0PqfrWtmUW5JHtyoAAAAAwFAmr9fr9eeCO3fuVNqoUf2+37nKNzgvYslAnlsdPLyeDjU3vKMtf/+6Ifufed5/afTUuwfFSICFc6coLXKXDm8OboF6MEqc/hN5YibKwwheSUc/t7rx+QUgXPD5BSBc8fdGAEBPe/bu1fjx4/26Zn5+/imvoeUshJnMkrP1U8OKqpK06+1fatTEG3XV+Tb97a1aw3IgtBze/ICGXfh7OU3J8vO/zQwK/ulWlc6ZMsUv6wAAAAAAAP+jsBqqTCaZ1amNz99hdBKtf/pa2RdvUvWWOrUyEgBdDm68Q8Nnv6SOTqOThKaBFkX9VZwFAAAAAACBQWE1REVYvXr96VuNjnHEh5v+R3lX3aMnX9xkdBSEkANvLNDwOS+ro73D6CghaeELt/XrvjU3rPZzEgAAAAAA4G9mowPgBNxNevcfD8nZ3mh0kiN2vfNreToadfUFNqOjIJR43Tq0aZGiIk1GJwEAAAAAAAgqCqshxuM6qD3b/qj9H79udJTjrF/9OZ2TMVKx0TQ64yhP+241vVegCHO70VEAAAAAAACChsJqCPG629R28EPt/PcvjY7Sq9pNP9fdV8w0OgZCjOvQO3I6/iYrNXcAAAAAADBEUFgNFSbJajXrP3+73+gkJ1X3zm/k7tivay44y+goCDGtO38hde6W2czHit84KrU8J0eLPvO1vNLRj8VqVJpTpHX9uTUk1gcAAAAAILTQXxYiIixevb56odExTsv61dfJvniTXn23Ti3tTqPjIIQcfnuxkrOq1N7WZnSUQcSm3JJCzU8d6DqZyisv9Ecgg9YHAAAAACC0UFgNAWZvm96tLAqpw6pOZcfGJ5R35Zf1xJ82Gh0FIabp3YcUO+kROV10rgZWjUpz1kjZUmVVrY4pwNaUalFxlSSb7NlSpRaqIk8qzVmj9JJCTd9SpKV16bJXValSkrILVJGX6Vu1NEcrqnw72HJLtNye2uvrjsqj69TlfkUZZS+fYn2H1hXlq6xWUna27FX1SvdL0RgAAAAAgOCj8mEwkzq1Z/sftf+jfxkdpU/q/1MmT0eDrrmQkQA4lvPABrka/iGrxegkg0WtyvKPHQVQWnP0vbqMJaooL9ey7FqVra2RVKPS4irZC8pVUb5E6fW1J162SppVXq6KklzZqtZonUNyVBZphQpUUV6uivICZZStOunrPddZbh92GuuvUplytbK8XBWz5Cu6AgAAAAAQpuhYNZDZLB3cvVG1m1YZHaVf3njaNxKgeku9mts7jY6DENKy4ydKGn6hTOYR8no8RscJcycfBZCR5nsjJcMm1UmqWa9KZWtZpiSlanpW1+vHLZuhFElKTVNG10sNdbVSVbEWVfW4bItDo3t5fXrPdU65vkObq2tly1qiVEnKnCW76k/rJwAAAAAAQCiisGqgiMhIbX3lEaNjDMiODT9T7pVfYSQAjnPorXs0fPZadVB0Dys9H//vVlN64tcdtJwCAAAAAIYwCqsGMXnb9cEbP5PHHd5Fp/rNv9WYzM/rmgvP0l827jA6DkKJp13NW7+j2LO+Jacnwug0hlhzw+rgb5o5S3YVa31NnjIzfV2iSj+9W1MybKotW6sae54yVaPSnGKpoFzX9fZ6n4L5umfLqrfIYbcrtWa9KiXl9v07BAAAAAAgJFBYNYBJXrk7D+njrWuMjuIXb6z2jQR47d16NbWFd6EY/uVsfEPetlqZY8+Rx+02Ok5Qvbd1q59W8s1YLev5ki1XKwvTerk+U3kF2VpUnKNK2WTPtp32Tqn2Qi2ry9GKnKqubUq0PFNS5olfd+zp23eSal+i3Op8Lc0p8x1e1bfbAQAAAAAIKSav1+v154I7d+5U2qhR/b7fucr3V+2IJYP3GVOz2vTOX+5Tc+MHRkfxm3HTFinjvPv0sxAeCbBw7hSlRe7S4c0PGB1lSDFZ4jRs1vPq6HAZHSVguj+3uoXO55dD64ryVZ11/GP8hqsp1aJiaVl5njKNzgIMYaH7+QUAJzcU/t4IADh9e/bu1fjx4/26Zn5+/imvoWM12Nyt2le/blAVVSXpoy0VGpO5UNddPFFr39xudByEEK+7Re0flSsi7Xa53Gaj4wwBvkf1j/wVw5arlSFSVHVUFmlpWe2RX9sLyimqAgAAAADCFoXVIIuIjtP21x8zOkZArF+zQPbFm1S9JUqHWjuMjoMQ0lb/O0WPvkluU6z83CQfkvw1BuCcKVP6cVem8srLleeXBP6Vai9UBc//AwAAAAAGCQqrQeTp3K+tr//M6BgB9cGbP1HOFf9PP3thg9FREGKathYq/pzvq9M5NLpW+1cUPcp/M1oBAAAAAEAgUFgNFpNb7S175Ni5zugkAfXRlt9pTOZCLbh4ol5kJAB6cB1+V65D/5Yl/gK5PYO/a1WSfnNtW7/uu+elGD8nAQAAAAAA/jY0WsdCQITFpK2vfMfoGEGxfs31mjh2hJLiooyOghDTvLVQEVH8fwEAAAAAAMIfhdUgMKtDdZt/p87WBqOjBM329SuVc/kMo2Mg5HjUUvszWS0eo4MAAAAAAAAMCIXVADOZTDKZvNr1718ZHSWoPn73KTlb9mrBrIlGR0GI6dj9vNTxkUwmk9FRAAAAAAAA+o0Zq4HmtshkNSvpjBk69Ol/jE4TVG8+c4PsizdpWHy0Dja3Gx0HIaT946cVY8uX081H0Ek5KrU8v0y1n3nZXlCi9DX5ql9YrrxMQ5IBAAAAADDkUdUIIJPJpPZDFtWtj9R5N/5KbYc/0tsvfUWdrfuMjhY029ev1CL71/SzP200OgpCSGfDPxVr+6pMpgh5vUPjIKv+sym3pFDzUz/zcmG5IWkAAAAAAIAPhdUA8nRGaP2vWrXjlU5V/6xNVxWm6tIvvqTDjve06YW7jI4XFB+/+5RGZy7U9bMm6U/rtxkdByGk9cOfK3bCg+p0W4yOEoYcWlfU1bGqUi1aI9lVpcpaSbZcrSy0K1VSTWmOVlR135OtZeV5yqw5vevtBd3dsDUqzSlWpaRei7wAAAAAAAxBzFgNFJNJJq9ZO17pPPLS34ra9WR2o5p222RfvEkzrnrcwIDBs+GZG3X2mOEaHh9tdBSEkE5HpUzqZNbqKdWqLD9Hi3K6vkprTnBJvdKXlKuivED22jKtrZGkGmlWuSrKy1VRXqJcW5XW15zk+ppSrajK1rLyclWU5KquuFQ1cmhdUbFU0LVOQbrKVlXKEbxvHgAAAACAkEXHaoC4W61663etJ3zvjw+0SuZW3f7r82VfvFF7P1irrf8sCnLC4Nr++o90p/1BRgLgGK07/0fR4/8fs1ZP6kRdop8tbaZrdKokpSjdJtVLkjKVmfmZLtSTXO/YUy9lL1SmJKXatbxckmq0vlaqLM7p6lj15dnssNO1CgAAAAAY8qhmBEhMolVbnj/c+wUe6em7W5U0pl03rrxS2Xdfq7rN5fpw05PBCxlEH29drTHn3K4bLpmkF95gJAB8Ovb9XTHjv8Ks1UDoOvhKuSWqKJdvdEC/FuLxfwAAAAAAToTCagB0HrZoy9/aTuvaQ5949NvbWjT2Aquu+s6dSp/6Re3Y8FN9vHV1gFMG35vP3KTsezZqREKM9jed3s8Hg1/bzv9R9PivDsqu1XteijE4QbZus6dKjkpV10oZJ7kyNS1dKluvmrxMZToqtTy/WlklS5Ruq1XZ2hrNz8uUakq1qFi+Wa1B+x4AAAAAAAhNg6+SEQLihkfq30839umejze59JsbmjT5mkjNu/9BTTj/Xm199btqqHslQCmNsf31x3SH/ev66QsbjI6CENGx72XFTFgik8k0qLpW39u61dgAqdOUZSvTipwqyZar3Gypeo9DSuvl+sw8rcwt0tKcHEmSLbdE81NTpcIC1ecUa1GV1N29SlEVAAAAAADJ5PVzJWPnzp1KGzWq3/c7V/mmAEYsqTzFlaHJ22nVh9UevVLSMqB1LrwrWuffGSVne4M2/z1fzfvf91NC4130+ee1tyVeL7wR3O9p4dwpSovcpcObHwjqvji1yDOuUcyZX5XTHZ4HWXV/bnUL188vAEMPn18AwlW4/70RAOBfe/bu1fjx4/26Zn5+/imvMft1R8hssertpwb+mPvG37brf644pNqqBF14Y4UuvmWNrJGJfkhovA3P3CRb2jCNSDT6MWmEis59L8sSEW10DAAAAAAAgNPGKAA/Mpst2vMflw7v8fhtzVdWtuuVle269nujNTenUgf3vqO31y722/pG2fb693VH9jcZCQAfr1udja/LknCR3G630WkGzF9jAM6ZMsUv6wAAAAAAAP+jsOpH7narNpY3BWTtl77dKqlVtzwxWfbFm+Soe0Vb/v71gOwVDLtrntXYc+7QDZdM0gtvbDM6DkJA+8fPKH7KDLkHycfSQIuihs9oBQAAAAAAJzU4KhghwGw2q2m/V5/WBLbb7tmvtsoa26qFP5+l7Hs2ave257XttRUB3TNQNvzfzcq+Z6NSk2LlONRqdBwYzHV4s0xyyWSKGDSHWL3++6x+3Tf7jmo/JwEAAAAAAP7GjFU/8bos+vfqgc9WPR2uVumpu1q1evEhDUu9TpflrdeZ534pKHv727Z/fV9fuGyq0TEQIto+eU4Wi9EpAAAAAAAATo3Cqp9YI6368LXOoO65/0OPym5t1l8eadPYyXdr3l3VSpt0U1AzDNTu959VR/MnuuGSSUZHQQjo2PuirBY+lgAAAAAAQOijguEHZrNZju0uOQ16mn3X60796romvfaER2df9JCy7vyHksfONiZMP2z4v5tlSxuu1KRYo6PAYF7nIbma35fZzEcTAAAAAAAIbVQv/KCzxaxtf+8wOobe/VOHfnH1YW1+NlLTr/iJZt/+omKTxhsd67S8/9oKRgJAktT20WpZzE6jY4QGR6WW5xRpneOzr5WqxrBQ3RlytOgzX6WGhgIAAAAAILgorPpBZFTwxwCczPpft+vnlx/Urn8N16xb1+iim/8gsznS6FgntWfb82o/XKebZk82OgoM5mx8Xd5Ox6kvhMFsyi0pV0W572tlrk2VayrF7xwAAAAAYKiwGh0g3JnMZh36xK3W/aF3ivm677dq3fdbteAH43TZ3a/rwJ5N+vefv2x0rF5tfG6hsu/ZqDOGx+nTAy1Gx4GBPG0fyZI4Rm632+goIc1RWaSl1VlaWWhXqmpUmrNG6SWFmr6lSEvrspRbX6ayWknZBVqZsUZLfb/QsvI8ZcqhdUX5vvclyZbrW6emVIvWSHZVqbK2x+unyJI6LUu2sjo1SEqVVFOaoxVV3UuXaLk91dfpml8m35Y25ZYUan6qJNWoNKdYlVKPfL7XVFCuvMyu77VuoSrypNKcNVK2VFmVrmXl12n3ke+jx5rH7NW95rG5lF2girxMP/xOAAAAAACGIjpWB6it0awdlaHTrXoiLz7UqiezG+U8PFX2xZt0jr3Y6Ei9er/6e7p93jlGx4DBOh1VMsv48RqhoVZl+T0euT9SLDyFqmppSbkqSnJlqyrWk1qiivIC2VWl9TWSHA0avaS747RA9tpqbe5uN62tV/qS7tfLtPY0HvF3bKlWrS1DKfIVQVeo4MjaGWWrtM4h1awtk3JLujpcpbK1NZIcWldUrLojr9drRdGpOl9rVZexRBXleUqpXKUy5WplebkqCtJVtqpSDtWoNL9aWSXlR9csrZEclVpdla1l3d9z1ZpjxywAAAAAANAHdKwOUFSMVR++Fh7dlc98uVUxw1p1yxNzlX33Bn1Ss0bb3/iR0bGOsWf7Cxo79Q7dNHuynn/9faPjwCCdB95UnDVacruMjhICenZ2qqsTs+40bsvS9FRJSlOGbEqf5lsg3SbVS1Jq5me6Vm3KPXJzukanSlLK0euP4yv4lh2T09fZWlNXK1UVa1HV0attWxxaPitbtcX5WlTm+54q7JJUo/pam7KW+PId7XxNO+m3l5Hmu76hrla2rCW+jtrMPFUU+n5GdapV5TH51qsm7zpl2cq0IqfK161aXniqnyIAAAAAAL2isDoAJpNJHa0eHfzIY3SU09Z2UPrdnS06I9Oiax+9WZfl3qydb/9CdZt/a3S0I3wjATZo1PA47WUkwNDkbpO77SOZrWPk8YTPn6+wUlOqRcVVsheUqyLTN0agb44WfLtHEkzvMS/gyOP/x8hTRXme7/r8HJXZcrWy8OQF1P47+vh/T5mF5ZrfNWZgUZVk7xo1AAAAAABAXzEKYAC8bqs+CPExAL35tMat0pub9fdHOzRu6pc1N+efOuOszxkd64j3X/1v3cZIgCGt01Epszn0Zhf3xew7qvv1dbpS09KlWt9cU9Ws75pR2ge2XF2X2c97e+awF2pZepmWlvpmBqRk2FRbtla+X9WoNCdHpTW++aalNb7rKwqyu+5OUbqtVtVbfM/kHx0p4OuWrdvjkOTQ5uoTD0BIybCptnqLb3RATakW5ZSqJjVNGarS6squNSuLtKioUg5HpZYXVcqhTOWVlyjXNoBvGgAAAAAw5NGxOgBep1kfVodnYbXbjlec2vGKUzNujdIl//WIzrrofr1XWaCDe98yNNeeD17U2Gl36ubZk/UcIwGGJOf+NxQ95jaF68fUe1u3Bn6TzFmyq7jr0fZs2ft6b22xluaUSdm5yrVVqb5hAFHyCmTPKdYiFagir1DL6nJ8udTVvZopKbNA63NytMj3qnJL8pQqaX5hgepz8rWoTPJ1mvpGCkzPsqmszDc6wJ594ipoqt2319Ic30P/9oJyZUrKLMnV8vzj17wvq+jItcouUAXdqgAAAACAfjJ5vV6/toTt3LlTaaNG9ft+5ypfaSBiyUD6p4LAZJI6IvWbGw8ancSv5iyJ0YxbotXW9LHe+csStTfvMTRP9j0b9FTVu34ZCbBw7hSlRe7S4c0P+CEZgmH4JS+qw2WV/Psx5Xfdn1vdQv7zCwC68PkFIFyFzd8bAQBBsWfvXo0fP96va+bn55/yGkYB9JPFYlHtq06jY/jdv1a1adX8A/pkU4pm3/6iLrih3NA8Na9+l5EAQ5iz8Q1ZzHxMAQAAAACA0BOez9iGAHebSbWvdhgdI2Be/l6bXv5em24omSD74k1q/Hi93vnrV4OeY+8HazV26p265dJMPftaTdD3h7E6Gv6p2GGz5A6zjyp/jQE4Z8oUv6wDAAAAAAD8L7yqFSHEGmVV4y630TEC7oX8Vkmtuu3X58q+eJP2fvCStv7zkaBm2PT87cq+Z4PSkuO1p7E5qHvDWM4Db8ls8hgdo18GWhQNyoxWAAAAAADQbxRW+8vrVUtDaM999KfVi1uUcEabbvrJ5cq+52rVb/m9ajc8HrT9t/6zSAvnFurxP74ZtD0RAjzt8sork8kkP4+DDoonX3qnX/fdd+1MPycBAAAAAAD+xvDCfjCbzTrw0eDvVv2spk89Kv9Cs/64tFlnZNyuy3Jf19ipXwjK3p/u+LPaDn2oWy/lCO+hxt1SKxNzVgEAAAAAQIihWtEPZrNZe98beoXVbrvfcek3Nzap8oedGj/zfs3NeUUjx18R8H03Pne70kcmacyIhIDvhdDhOvhvmU1GpwAAAAAAADgWhdV+8HSatPc9p9ExDLft5U798prD2vhbs6bMe1RzvvAXJaRODeieW1/5jj4/lwN9hhJX83aZvO1GxwAAAAAAADgGhdV+8Mqshh1Dt2P1s95+ql0/v+Kgtr0cpwsW/K9mff7/FBGdHJC9Pq39q1oO1OrzWRRXhwpX8weyWKONjmGcmlItysk5+lVac6obVJpTpHWOAW+s0u49iyp14uW6rynVMakclVp+Wll7LlV6/Don4ags6lrfoXVFOerLVgAAAAAA+AOF1X6IijOrcReF1c+q/mm7Vs0/qD3/GaWsO1/W+QtKA7LPpue/oHGpiRqbwkiAocDrPCivp9PoGAapUWlxlewF5aooL1dFeYHsVcVaXjngqukpOSrXqC63RBXl5VqWXqa1vRYubbLZqrS+x/uOLdWqDXC+hrruHVI1v7BceYxfBgAAAAAEmdXoAOHGZDLp8B6P0TFC2l8LWyW16qbHz5Z98SY11Fdr88sP+nWP96q+rVsv+2/95Pk3/bouQpO7dZfMUWfL4xlif/Yce1Qnm7JSul/IVF55+dH3a0q1qLjqyC/tBccXGGtKc7Si6xJbbomW21N9HaX5ZV3FT5tySwo1P/XY+1LT0lW7Zosc9jStr8rWrLzeY2ZlZat6j0PKTJXk0OZqyZ5tU+VJczq0rihf9enZqqyqV+5X0o9+25VFWlqmrlw1Ks0p7lqrK2tDadf3VKzSWSVKX5Ov+oXlum5PkZbWpcteVeW7PrtAFXmZ8nW15qusVlJ2tuxV9Uo/wfcMAAAAAEBf0LHaR2azWY4PXEbHCAvP39+qX1zVKJP7Qtnv2ajJc7/jt7X3ffg3NTfuYCTAEOE89I7MQ/EEq1S77suVyvJ9j+R/tlO1RrO6OlnLtTLXpsr1x7aVOiqLtEIFR7pdM8pWaZ1DqllbJnV1o67MlcpO1I6amadl6WVamrNes8rzdNKG0LQMqXqLb1yAY4uqlaVZGaeXs1KzVFFeqPnDui8u1dLqLK0sL9T8VIfWFRVL3R27BekqW1UpR2aelmVLyi44vlO1SppVXq6KklzZqtZonUNyVK5SmXK1srxcFbN0tOALAAAAAMAA0LHaV16zPnmnw+gUYcPVKT19d6uGZ7RrwWNXK/vu61T3nzJ9+NbPB7z2W3/8orLv2aCxKQn6uKHJD2kRqlyHaxQ5qkND8SMr1V6oCrvkm2ear0VN1XlOAAAgAElEQVRlRztTMzMzj+0GzT723oa6WqmqWIuONovKtsWh5bOyVVucr0Vlvg5Q3/o9+bpEVVCi3Pp8ra68TvdplZbWLezqAP2MlGnK0iptdtg1fUu1lLVEKao+8vbJctoyUnosVKUVxTblluTJ10zaoPpaqbI4p0cx1KbNDrtG9/YDs2UoRZJS0+Sr7Tq0ubpWtqwlvjUzZ8mu+t7uBgAAAADgtA29KsUAeZxmNdQyX7WvDtR5VH5bi9IvsuqKh3M0buod+mDDj7W75tkBresbCfA9RgIMcu72T2TSEOxYPYZvDMB1lUVaur5GeZkpvsfbuzoxVVmkpXXH33Xk8f9j5KmiPM/3yH1+jspsuVpZaFf3Vd3zVZdnpkqFBarPyddSSfaC3vpWUzU9S3pyS41ULWUtSZW2dL/nOK2cPtlaViCtWFWp6UfynHhUAWdVAQAAAACMRmG1jyKizWrYwSiA/qrf4NJvbmjSlOuidOl935Dt/PtU8+pyNdS/2q/19n34ssZNu0sL507Rmle3+jnt4BU17UXFDZOctQvUtFvSxN8q+YyjMy7V+lc1vrVDCZd8VRFWSa531PLGg+qQFHd+laxN2Tq0PXh5vR0NMlkiJVd4/aPGfdfOHNgCNaVaVFx/XGGxZ5enfaFdqXJoXXWtlH7s7SkZNtWWrVWNPU+ZR7pQyzVrfY7WzypXnr1QFWmlWrTm2PuOzle1K1WZui7XpsoyKT1FvUqdliWtWqPq2nTddoLZpSfLeYzMPC1Lz9GTldO03J6idFutytbWaH5ed9ertKz8JANfj0+m6Vk2lVV3fT8161UpKbcPKwAAAAAAcCIUVvvAZDLpQL1Lzlajk4S/rWs7tHVthy68K1oX3PkjOTsceuevD6jlwAd9XuutF+5Q9j0bNC41UR85Dgcg7SAz+seKGRYvqfnIS1FRyZLq1VF9l1p6XGex1qujequsWZcqcrTUoR8rIvIdtQWxqCpJXneLTCaLpPAprL631Q+F/sw8rczt6irtfi27QBV5vsrl9CybyopzVCmbcnOzpeo9cijtyO2p9kItq8vRihzfI/i23BItz5SUWaD1OTla5Hu1x6P3R/ddlp6jpTllR/cs2aPl+aUa3du81dRpylKZyrIXyndc1JE3esnZe5U287pcKX+V1k0r1PzCAtXndI8z8HWvZkpyZNiksq7Dq07xY0y1L1Fudb7v+8nO1nGTDwAAAAAA6AeT1+v1+nPBnTt3Km3UqH7f71zl+ytvxJLQO17EZDar9VOrnrrrkNFRBp3sr8co89potR78UBtfyJPH1bfq9cjxVygz+9GTjgRYOHeK0iJ36fDmBwYaN4zdooRLviqLmmW2Hu1YjTu/SlGRR7tSJUmjf6xhtmQ5uwqrntoF8qQFv1u127BZz8npjpGfP7L8ovtzq1sofn6hS4+u15MeyAUMEXx+AQhXofz3RgBA8O3Zu1fjx4/365r5+fmnvMbs1x0HOZOkjubQK+oMBlU/atMq+wHtqxmjy3Jf1XnX/apP9+/b+Xc17d+uhXPPCVDCwSFqWq4i9I7a9jf2ePUWmSMlWWcqLqtKyVkvKmG0pN2vye1KV1TW1bK0vqamrm7VdgOKqpLk6Twgk2moz1lFfzgqi7QoJ8f3VVwlewFFVQAAAADAwDEKoC9MJnVSWA2olx5uldSqW56cIvviTdq3s1Lvrvvmad379gt3KvueDUpPTVK9g67i44z+sWKGSc7aB9UR/1vFHXnjLJmtkufgEzq45Vlf96rtt4rbfZea3jh6uFjc+VXy7s+Wpr2o5GHxOm50QIB5OvbJFDE2SLthMEm1F6qC5/8BAAAAAH1Ax6qfmSS1HfIYHWNIePa+Fv3mhkZFWi9V9j0bNHHOt07rvi3/+JZunjM5wOnCU9SIs2RWvCJsVV0HVcUrwvaiEkb/QIeqs3Vwi6+I6upsPv7m0d3dqg8pepjkrH1CTle6IqbdErT8nvY9Eh2rAAAAAAAgRFBY7QOTyaS2g3SsBkv7Yen3Oc165suHNXzk9bos7w1lzLznpPc01FWqaf823TZ3SpBSho+OLQvUWJ3t+/q0XlKzb8aqfqxhWVUa1lUktUbGS65GuXrcG5c2U979PeavGsDTvkdmE/+wAQAAAAAAQgOF1b4wmdROx2rQObZ7VHZrs/66vF1jJy/W3JxXlXb2gl6vf/tPizR6RIIyRiYFMWUY2/2gDn5aL/Owryo5q0pRsfXq+MwhVkdnq/5A7QelCNtXFWGtl3PLs72v62eezv2SpzNo+wEAAAAAAJwMM1b7wN1p4vAqA+18zalfv+bUtJujNPveb+usi+/Xu5UP68DuN4+79t1139RN8x/TT54//j1I2n6XGref5Nc97X5QB3cf/WXHlgWGdK56OhyS1y0+tgAAAAAAQCigY7UPvG6vOlsorBpty3Md+sVVh7T5uSjNvPpnuuS2Pykmcdwx1zTUvaKmhvd129xzDEoJf/O622QyU1QFAAAAAAChgcJqn9CxGkrW/6pNq+YfVP0bw3XJ55/ThTc9pZ7/S7/9pxyNHhGnM89gJMCg4PX4TpADAAAAAAAIARRW+8REx2oI+kdxm560H9CBD9NlX7xBM69ZdeS9d9c9pBtnTzYwHfzFK7fEHz8AAAAAABAiKKz2EYXV0PXiN1v1ZHaj3C0zZF+8SefYH1VD3Ss67KjR7fMYCRD2vB6ZTLSsAgAAAACA0EBhtQ8sEYwCCAdr7m1R2cIDio7OVvbdG9Ts2Ky05DhFRzCfM6x53TKZ+MgCAAAAAAChgSpFH5gtjAIIFy0Or353R7Oeu79ZKWNulSSlDoszOBUGxOuW6FgFAAAAAAAhgha+vjB59KW1w41OgQGwxJ9tdAT0k9frltfLP2wAAAAAAIDQQGG1Dzxmt774f19Qm6vN6Cjoo1hrrJ6+9WmZLDFGR0F/HRkF4DE6CQAAAAAAAKMA+sLpdiouksfJw9FjVzwmr9crr1cyx000Og76xSOJUQAAAAAAACA0UFjtA6fbqfjIeKNjoI8mDJugcYnjJEktTilm7OcNToR+8bjk9TiNTgEAAAAAACCJwmqfuD1uCqth6OGsh9VaWyun0636Qy5FJM82OhL6wxItmS1GpwAAAAAAAJBEYbVPPF634iMorIaTi8dcrOTo4fK0tqrJZdb2Ro/M1lgxXjj8mK1J8rrpWAUAAAAAAKGBwmofuL0eOlbDzP0XfU17n16tmDPPVEOr79CjTrdXMWfmGZwMfWWKSDQ6AgAAAAAAwBEUVvvA6/VweFUY+dzZn1OU16o9f/iDLPHx2t3sliTtbnIrcuTlBqdDX5kiEuX1eo2OAQAAAAAAIInCap+YvCYlRCYYHQOnKW9Grj7+xS8VnZ4uk8mkQx2+17fvd8sSNdLYcOgzszVRMjFjFQAAAAAAhAYKq30QZYliFECYWDR9kbyt7dr/979r+Jw5crrcR95rdUluj1dRZ1xnYEL0lSkiSV5TlNExAAAAAAAAJFFY7ZMYawyF1TBx8+SbtetHJZKkxGnTdNh57P/qDW1eRY1eYEQ09JM5cgSjAAAAAAAAQMigsNoHJpk0LHqY0TFwCl+7+Gvq3N+gprffliTFnDleDW2eY66pPeCSJe4sI+KhnyxRKRKFVQAAAAAAECIorPaBV1JiFCeTh7r54+drx7cfOfJrS3ycdje5j7lmX4tXMpllTZoZ7HjoJ1PEMDpWAQAAAABAyKCw2hderxKiOLwqlH1n7nfUsmunOj75RJIUPW7cMQdX9dTU4VX0mFuCnBD9ZTLHiLIqAAAAAAAIFVajA4QTr9erWGus0TFwEheOvlCbbrzxyK+HzZ59zMFVPdUddOmclAuDFQ0DZI4ZLW+n59QXAgAAAAAABAEdq33U5mozOgJ6UXJliQ5t2Sy5XEdeS5o+XU3OE/9vXnvQI7MlSrIyNzfUmayJkol/BwIAAAAAAKGDwmofRVmilBafZnQMfEZydLLOTj5bHxQsO+b1mPHHH1zVU5vTq9iMnEDHwwBZYjMkT6fRMQAAAAAAAI6gsNpHTrdTZyVzmnyoWTF/hRr++c/jXrfEx2tP84lHAUjS7ia3IlOzAxkNfmCJPVNuj8noGAAAAAAAAEdQWO2jaHOUzk4+2+gY6CEzJVOj4s7Qrh/+8JjXo0aPlsls1oH23u/dtt8tcwSjAEKdJf4seU2RRscAAAAAAAA4gsJqH5llVmZqptEx0MO35nxLjrV/Pu714XPmyOnsvVtVkjo9ksvjVdSYhYGKBz+wJkyW18PBVQAAAAAAIHRQWO0jj8ejCcMmGB0DXbLGZSkpIl4f/fKXx72XOGOGmlynfnx8X4tX0aOuDUQ8+Ikleow8FFYBAAAAAEAIobDaDy3OFo1LHGd0DEi676Il2l3xuxO+Fzt+vBpaT12Mqz3glCU23d/R4Ccma4JM5gijYwAAAAAAAByDwmo/tHa2coBVCLhx8o2KcJm099lnT/i+JSHhpAdXddvfJnm8UkTyHH9HhB9YYjPkcXcYHQMAAAAAAOAYFFb7IcIcwQFWIWDRtEX66IknT/heZFraKQ+u6ulgh1dRo2/0Yzr4iyl6tDyeU490AAAAAAAACCYKq/2QGJGoiSMmGh1jSLvn3HvkaW5W4z//ecL3k+fMkesUB1f1tOuAW9akGf6KBz+KSsmS1xRpdAwAAAAAAIBjUFjtB6/HwygAgy2YuEAfrvh+r++f7sFV3eoPe2Q2R8gcw+zcUBORNFNuDq4CAAAAAAAhhsJqPzV1HFZGUobRMYak/Evy1f7pXrW8916v18SMHy/HaRxc1VNLp0fRY78w0HjwI3PMWEkmyes1OgoAAAAAAMAxKKz2k9vtZs6qQeZlzNMHDxWc9BprYqL2nsbBVT193ORRxIhLBxINfhaRdK48shodAwAAAAAA4DgUVvspPiJBk1ImGR1jyPnuZd9V047tcu7f3+s1kWecIZPZrMbTPLiqW02DW5aIhAEmhD9FpmTJzcFVAAAAAAAgBFFY7Sevx6NzUs8xOsaQM3PUTG17YOlJr0m+9NI+HVzVU6fbo+j03H7dC/+LSJomj7t/v5cAAAAAAACBRGG1n7xer6xmHlEOph9f+WMdePutU16XOGOGmpz922Nvs0dRZ1zRv5vhV5bYCfK4XUbHAAAAAAAAOCEKqwMQbYlWVnqW0TGGhLT4NNmSJ6j2kcJTXhs7YYIa2vp32NEHjW5ZotP6dS/8K2L4efIqwugYAAAAAAAAJ0RhdQBizTG6fMLlRscYEoouK1JDZdVpXWtNTNTelv49Pt7UKXm8UuTIK/t1P/wnMmWu3B6jUwAAAAAAAJwYhdUB8Hg8mjpyqmKsMUZHGdRmjJyhkbGp2rVy5SmvjUxNlcxm7W/r/36N7VLUqAX9XwD+ETFCHg+VVQAAAAAAEJoorA7QgdYDmpsx1+gYg9o35nxd+57/42ldO/zSS+VyDeywow8bXbImTB7QGhiYiBFzZI5INjoGAAAAAABArzh9aYASrQmyj7frb7V/MzqKpAV69OYvaVr7Ol3/0uPSxEf11HnTFH/MNR9r3dN/0cibv6RpkZI6t+hXzz2sFyXdf+2fNGn/9VrypiHhT+jy8Zcr1hyt7aWlp3V94syZau7nwVXddjd7JFOkLAmZcjfVDGwx9Ev06Jvl8pglDaxIDgAAAAAAECh0rA6UVxqXOE7JMUZ313UVVSN7vLT9YX3x6et1/dPX6/q3t6hZUvO+v+jxibM0PvJjrXt6nT6OHK9ZEyVNfFQXR2/RX0KoqCpJXzrvS/rkf8tO+/qBHFzVU7NTih5z64DXQT+YImRNmiGPm6IqAAAAAAAIXRRW/eBQ20FdlnGZgQm6i6rNau488RX3nzVN8Z1b9IfKF3t9/+Anvs7VULFwykJZnW45Xjz9VNakJO1pHnhBrv6gSxHJlwx4HfRd1MjL5XH18j8yAAAAAABAiKCw6gfDI4cre3y2wSk+1rqn/6CdJ3pr4qO6OFH6uLtwun29dnaO1fzb52vs4Tf1sEKzW/X2c25T3U9+etrXR4wYIdMAD67q9sEBj8yWGMkcO/DF0CdRo2+S28NHEwAAAAAACG3MWPUDs8xKikrSuMRx+ujwRwYkeFEPP/eipAV69ATv3n/WNMXrY7355mev73r/2j/p4CfXS/an9KeR8fIVaZfo8cAH79WXz/+yXIcO6+Drr5/2PclZWQM+uKqnDrdXMRk5atv5P35bEydnikiWJWacXJ0eo6MAAAAAAACcFG1hfuJ1ezUvY57RMU5ggUZGSzq87cSF0iOzVe/XNSOlLW//Sls6x+pi+4Ig5zzW1WddrQ+/+999uscfB1f1tLvJrcjU+f5bEKcUdcaV8rgHPiMXAAAAAAAg0Cis+kmsJUaXT7jc6BjHmzhL4yOl5vYPT/h2KM5WfWj2Q2r75BO17tjRp/tibTbt98PBVd227XfLEpXit/VwalGjFsjlMRkdAwAAAAAA4JQorPqJ1+uV2WTWpBGTjI5yQgdbTlA6ndhzturj+ss+adp5X9K0yI/1Zi+HXAXDnPQ52v6Nb/b5Pn8dXNWt3SW5PV5Fpd3gtzXRO3PMOJksMfJ66VgFAAAAAAChjxmrfhRtitb88fO1bf82gxIcOztVkrT9YX1xey+Xf+a9Fyu/aHjnavH8FTq8rUbupqY+3WdNTpbJbFaDHw6u6snR5lXKqOvUsecF/y6M48SMu11uRRsdAwAAAAAA4LTQsepPHq+mpp5jdIqwFW2N1jmpU7U9/xt9vjc5K0tuPx5c1a220SVL3AS/r4vPMEcrauSVcvv/txAAAAAAACAgKKz6WWJUkq4+62qjY4SlH13xQzWuX9+vexOnT1ez0/+zOR2tXkkmWYdd4Pe1cVRM+h1yOTuNjgEAAAAAAHDaKKz6WaQ3Qnkz84yOEXYykjI0LjFdH37ve/26P+7siWpo8/g5lc/hTil6zM0BWRs+0WNul8vNoVUAAAAAACB8UFgNgNaOVi2YuMDoGGGlcO4jcrz8cr/vtw5L0p7mwBRWdx10yZp0XkDWhhQ9+ia5XX4ejgsAAAAAABBgFFYDIM4cq7tm3GV0jLBx4egLlRw9XPU/+1m/7rcOG9Z1cFVgTpPfedAjsyVKpsjUgKw/1MWk3yW3J8LoGAAAAAAAAH1CYTVAGlsbdfNkHh8/HQ9c/ID2rF7T7/uHZ2XJ5QzsqUetTo9i0u8M6B5DUWTKZfLIIq83MEVxAAAAAACAQKGwGiDDrEnKmZFjdIyQd43tGkUrQnueeqrfayTOmKEWV2Dnc35y2KOIEfMCusdQFHPm3XK5rUbHAAAAAAAA6DMKqwG0+9BuLZyy0OgYIe3uc+/WJ7/81YDWiD/7bO1vD8x81W7bGt2yRCYFdI+hxpo0U7Ik0q0KAAAAAADCEoXVAEqJGqE7p/P4eG/umHqH1Nahhr/9bUDrWIcN094AHVzVzeWRnG6vosZ+MaD7DCVxtv8ntzfa6BgAAAAAAAD9QmE1wBxN+3TnNIqrJ3LrlFtV96OSAa1hTUyUyWLRvtbAdz3ua/Uq6oyrAr7PUBCZapciUuTxBLYgDgAAAAAAECgUVgMswZqgmzNvVoSZU897+tpFX1Pn/v06/NZbA1pn+Ny5crkCe3BVtx2NTllixgVlr8Eu7uyvy+nmzwQAAAAAAAhfFFaDoLWjVXfNvMvoGCFl/vj5qi1cPuB1EmfMUGuAD67qdqBdkkyKSOEQq4GIybg7aMVwAAAAAACAQKGwGgSRitA1tmsUGxFrdJSQ8O2sb6u1vk7t9fUDXitu4kQ1tAXvcfID7R5Fj74haPsNNiZrgqLH3ia3x2J0FAAAAAAAgAGhsBokbpdbi89dbHSMkHDRmIv0/oNL/bJWxLBh2tsSvMLqzoNuWROmBW2/wSZu4kNyOZmrCgAAAAAAwh+F1WDxeHVe2nkaHj3c6CSGeuzyH+jgu1vk7ewc8FqWhATfwVUtgT+4qttHhz2S2Spz7Pig7TlYWBIyZU2cJrcneL9fAAAAAAAAgUJhNYjiTLF67IrHjI5hmKSoJE1OydSObxX4Zb3krCxDZnW2dHoUM/b2oO8b7uInfUtOd6TRMQAAAAAAAPyCwmoQeb1exVnjtGj6IqOjGKJ4frH2v1btt/USZ84M2sFVPX102KOIEXOCvm84i0iZJ48pVl4v3aoAAAAAAGBwoLAaZFaPRVdOuFIThk8wOkpQTRwxUaPjR2vn93/gtzWDfXBVt2373TJb44K+b9gyRyth8rfl9vIzAwAAAAAAgweFVQNEKUpFlxUZHSOols0pkOPPf/brmhHDhwf14KqeOt1exWTcY8je4SZx+kp1drqMjgEAAAAAAOBXFFaN4PXK5XTqKxd8xegkQXHpuEuVFJWkj37xC7+taY6PD/rBVT3taXYrcuTlhuwdTqLHLJQparQ8HFgFAAAAAAAGGQqrBomzxOncUedqxhkzjI4ScPddeJ/2/O73fl0zOStLbgMOrur2wX63LNGjDNs/HJijRikm4y4OrAIAAAAAAIMShVUDJVkS9ci8R4yOEVDXT7xeUR6z9j7zjF/X9R1c5dcl+6TZKbk9XkWecY1xIUJc4vQfq9PJRwwAAAAAABicqHoYyCSTWttaVHBpgdFRAiZnRo7qV/3c7+vGT5yohnZjHy9vbJeiRl1naIZQFWu7T25TvLxeRgAAAAAAAIDBicKqwaLMUTo7+WxlpWcZHcXvcmfkytvSqsbKSr+vHTF8uD5tNrZoV9vokjVhkqEZQpElIVORqVfJ7bEYHQUAAAAAACBgKKyGgHhTnB6c9aAiLYNrFuWNk2/UruIf+H1dc3S0TFar9rZ4/L52X+xt8chkssiaMM3QHKEmYcp31emyGh0DAAAAAAAgoCishgi306Xi+cVGx/CbpbOWqn3fp2rassXvayfPm2fowVU9He7wKHrsrUbHCBkJ038slyfW6BgAAAAAAAABR2E1RHg9XqXFjtL1E683OopfXHbmZdpR8HBA1k4891y1OAOydJ/VHXIrYvhFRscICXFnPSBTjE0er8noKAAAAAAAAAFHYTWEWL1W3T71dk0fOd3oKANSNK9ITbU71LlvX0DWj580Sfs7QuNQpNoDHpks0ZI10egohooa9TlZk+fJ5WYEAAAAAAAAGBoorIYYq9uiZZcWaEzCGKOj9Nu5aedq2/0PBGx9awgcXNVTu8ur2HGLjI5hGGvCFMWcea+cniijowAAAAAAAAQNhdUQZHab9ZOrf6L4yHijo/TZyitX6sA7/w7Y+uboaJlD4OCqnnY3uRU5MtvoGMawxChxxuMcVgUAAAAAAIYcCqshytvp0e9u+p3RMfpkZOxInZV8lmq//Z2A7RFKB1d1e7/BLXPkCKNjGGL4RWvU3uEyOgYAAAAAAEDQUVgNYW1trWFVXP3v7O9q/ytVAd0jceZMtYRYHa/TI7k9XkWNvsXoKEGVdO4v5XRbJG/ojGUAAAAAAAAIFgqrIcxissjtdOmJa54wOsopTRs5TaPiRmnnj0oCuk/8pElqbA+9Qt6+Vq+iRl1rdIygSZj6mNyWUfKEzkQGAAAAAACAoKKwGuJiLDGKVIRW2FcYHeWkvjH7G/r0j38M+D7W5OSQOriq245Gp6xx442OERRxk5bJG5spj5irCgAAAAAAhi4Kq2FgWOQwpcWO0kNzHjI6yglln5mtBEusPv7f/w3oPqbISJmtVu0JoYOruu1v8z0Rbx1+sdFRAip+0sOyJF0ij8didBQAAAAAAABDUVgNE3GWOE0ZMUVfueArRkc5zr3n36tPyn4b8H2S582T2x1aB1f1dKhDihkzeOesxk96WOakWXJRVAUAAAAAAKCwGk5iTNGaM2a2vjj1i0ZHOeLWzFtldXq174UXAr5X4syZanUGfJt+23XQJUvSDKNjBET85O9QVAUAAAAAAOiBwmqYiVSkFpx1ne6eebfRUSRJX5j6BdU//tOg7BU/eXJIHlzVbdchj8zmSJmj04yO4lfxkx+RKfFiiqoAAAAAAAA9UFgNQxavRXPHZunL53/Z0Bz3nn+v3IcP6+C//hWU/SJHjNCnLaFbWJWkVpdX0WPvMDqG3/iKqhfJ7eGjAgAAAAAAoCeqJWEq1hKruePmaoV9hWEZrjnrGu38XpD2t1plslq1uzn0Dq7q6eNDbkWkZBkdwy/iJi2jqAoAAAAAANALKiZhzOq1aELiBJXfWK5IS2RQ9/7G7G+ofc9utWzbFpT9kufNk8cd2kVVSXq/wS1LRKLRMQZs2IW/kznpEoqqAAAAAAAAvaBqEubMXpOiFaU/3PIHTUyeGLR9s9KztP2b3wrafknnnqsWZ2iPAZAkj6ROt0fR4xYZHaVfzFFnKPnSv8tpGiE3M1UBAAAAAAB6RWF1MPBK7g6XvnXpt3T5hMsDvt2j9kfVtP19uQ4eDPhe3eInT1ZjR+gXViXp0xYp6owrjY7RZ5Ej5ijp/FK1tzvl9YTHzxoAAAAAAMAoFFYHkXhTnG7LvE33nn9vwPaINEdq2shp2rb06wHb44T7pqRoX4gfXNVtR6NT5ugxRsfok+j0XMWc/ZA6Oo1OAgAAAAAAEB4orA4ySdZEXTLmEj12+WMBWf9HV/5QjRs3BGTtXpnNMlmt+qQp9GesStKhDskrKSJlvtFRTkvClEcVlXaLnC6r0VEAAAAAAADCBoXVQSjWFKP0uHF66uanlBCZ4Ld1xyWOU0bSmfqw6Lt+W/N0JF92WVgcXNXTgXYpevQCo2OcnDlaw877tRQ/Q04381QBAAAAAAD6gsLqIGWWWVa3RWU3lmnayGl+WbNwXqEa/vF3v6zVF0nnnRcWB1f19OEBlywJU4yO0avIkVdp+CUvymkZI7eHjwEAAAAAAIC+oqIyyLk7XCqYU6AvX/DlAa1zQdoFSolOVt3jP/VTstMXP3myDoTJwVXdPmnyyGSyyi4YlaAAAATjSURBVBw30egox0mY+kPFjL9PHR1Oeb3h9XMFAAAAAAAIFRRWhwCrx6LLxs7T6ltX6/y08/u1xgOzHtDeZ5/zc7LTE5mSok/D5OCqnlqcUszYhUbHOCJi+MVKvvQfUuxUOd3MUwUAAAAAABgICqtDhNlrlskpPXjxA/rO3O8o2hp92vdeNeEqxZoitbu8PIAJexdOB1f1VH/IpYjkS4yOIUmKn/xtxU76ttrbO+X2hF+RGgAAAAAAINRQWB1iIr2RmjI8U7+/6ff63NmfO6177jnvHn3y6/8NcLITS87ODruDq7ptb/TIbI2VZFx3qCV+oobPXitT0mw5XRxQBQAAAAAA4C8UVocgiyxyd7p088Sb9MQ1T+jMYWf2eu0Xpn5B5nanHC+9FMSERyWed55aw+zgqp46XB7FnHm3IXvH2b6mhGkr1dFpltttSAQAAAAAAIBBi8LqEJZgTVByZLKK5hXp3vPvPeE1n5/yedWVrAxysqMSJk9WY5gdXNXTnmaPIlPtQd0zevTNSr60UuaUq9Tp5I84AAAAAABAIFB1GeKssihG0Zo9ZraeufUZXTL26EzQ+y68T84DB3Ro40bD8oXrwVXdtu93yxJ9RlD2ihh+oYZd/Iwix92l9vZ2ud2moOwLAAAAAAAwFFFYhSQpxhQtr9Oj/zr3v/S97O8pITJBV064UrWPLDc0lykiIiwPrurW6pLcHo+iRi0I2B7m6NFKnP644iY+LKcnXi53RMD2AgAAAAAAgI9xp+ogJMWZYzV52CSV3VCm1j271bl3r2FZkufNk8cTvkXVbvvbTRo+6nPq2Pui39eOO/sbikyZK6fbKpfbKyl8u3sBAAAAAADCCR2rOI7H45G706WIpGGauXq10r/yFVni4oKeI/H889XWGf6Fwh2NTlnjz/bfgpZYxWTcreGznpN5eJY6nBZ5POH/cwIAAAAAAAgndKyiVx6zWZ1Op4ZnZyv1yivVUPX/27ub1iaiMIrjJ5PM5KWNQZPUoJJouwkNLqRuioSKdZXuXCvovpR+Fr9A6brQTaFboYvSnf0CpeC7aUmaaE2TuXPHhS/gQrQxbWP4/2A2A3Ofuz6cufeF3q6uyrRa5zJ/vFzWQfdcRp2p+nEoRRzFMndkWi/7XsdJXFOy+ERe/oGM31PXRAe4SwAAAAAAAJwGwSr+KIhEFBijTLWq7NycmtvberOyIr/RONO5Xj6v+sH/fxSAJLVPrJLXH+lzH8FqLF1RsvRUsXRZxjrqdgNJhKoAAAAAAAAXiWAVf81K6lmr9OysypWKTLOp92trOtrZOZN5juvq9acRqKxKetUKVMndPdU3bvaekqVnctysjBLq+vzuDwAAAAAAMCwIVnFqNgyldFpuJqPS8rImo1HVNzf1cWND/uHhQGZcrlZH4uKqH/aOrG5fTUjuFcn/fdM34uUUn3ioeGFBoTMmq5RMYMWlVAAAAAAAAMOFYBV9s9ZK0agCSdlaTflaTZ39fX1YX//nFmtmZkadEWtodoxVqvhYX/ae//I+Eh2TNzGvRGFBTvKGAmNkQk+hDfWtJwwAAAAAAIBhQ7CKgQi+P97UlIqLi7q5tKT27q4aW1t9hazj09M6OBn4Ni/Uu7bVrdz9n8Gql59XvLCg2KWKAv9YgVLye1aSKxqqAAAAAAAAw+0rvrG0RCzx+eYAAAAASUVORK5CYII=" height="600" width="800" />]]>
  </system-out>
</testsuite> <!-- testcases.DashboardTest -->
