<?xml version="1.0" encoding="UTF-8"?>
<!-- Generated by org.testng.reporters.JUnitReportReporter -->
<testsuite skipped="0" hostname="LAPTOP-JEI8AS0O" name="testcases.MyInfoTest" tests="2" failures="0" timestamp="2022-05-29T16:16:18 EDT" time="2.592" errors="0">
  <testcase name="getMyInfoItems" time="1.032" classname="testcases.MyInfoTest"/>
  <system-out>
    <![CDATA[Actual:[Personal Details, Contact Details, Emergency Contacts, Dependents, Immigration, Job, Salary, Tax Exemptions, Report-to, Qualifications, Memberships]---->Expected:[Personal Details, Contact Details, Emergency Contacts, Dependents, Immigration, Job, Salary, Tax Exemptions, Report-to, Qualifications, Memberships]
<img src="data:image/png;base64,iVBORw0KGgoAAAANSUhEUgAABVYAAAJcCAYAAAASBf/6AAAAAXNSR0IArs4c6QAAIABJREFUeJzs3XecVdW5//HP2nufMmd6Y2aYQhk6SLWgCAj2qNGosYtiyc01NzFXkptoEsvNVdMsib/cxJgbDGrsYsFEjIIKKoo0EQakCEOdOdPLabus3x/nzMDAwECilPi8fRGZ2WuvvfaZ7R/5zrOfpbTWGiGEEEIIIYQQQgghhBAAzJgxo8cxxiFYhxBCCCGEEEIIIYQQQvxLkWBVCCGEEEIIIYQQQgghDpIEq0IIIYQQQgghhBBCCHGQJFgVQgghhBBCCCGEEEKIgyTBqhBCCCGEEEIIIYQQQhwkCVaFEEIIIYQQQgghhBDiIEmwKoQQQgghhBBCCCGEEAdJglUhhBBCCCGEEEIIIYQ4SBKsCiGEEEIIIYQQQgghxEGSYFUIIYQQQgghhBBCCCEOkgSrQgghhBBCCCGEEEIIcZAkWBVCCCGEEEIIIYQQQoiDJMGqEEIIIYQQQgghhBBCHCTrcC/g89IYa6K6dRubmjeztW0729t30BBrJObG8LQHOjVQgac1E0qO5xsjp2MoyZaFEEIIIYQQQgghhBAH56gOVhNugpV1VSzY9i4r61bTGG/EJRmiKhRKKQCUAqVVMltVYHs243qNkVBVCCGEEEIIIYQQQgjxDzlqg9WqhnU8teZZltevBA0GCmUYWJhAsirV9VxyAzl4aNrtNpRSOJ7D6IKRjCkaeZjvQAghhBBCCCGEEEIIcbQ6KoPVtQ3r+cl7/4PtJTANC6U0OlWl6mkPx3PID+ZzSunJJLwE7+5YlKxW1RoPuGrIpVjGUXnrQgghhBBCCCGEEEKII8BRly62xFv4+Uf343gJLMNEJxNVtNLYnkOWL4NLBl7IkLxBLNz+PnM3v4GHxlCKhJtgSulkBuVWHu7bEEIIIYQQQgghhBBCHMWOumD1lY2vsSNSS8gMdn7P9hwsZXFh//P4auVXaIw18uCy31HdugXLsFKVrBqf6WfasEs7e68KIYQQQgghhBBCCCHEP+KoClabYs28uul1AoYfDWitcbXL+OLjuXzwxVRklfHaZ2/wyKpHAfAZFhpQSpFw4kwbcgUFoYLDeg9CCCGEEEIIIYQQQoij31EVrK5v2khzooWg4cfWDnmBXG4Yfg0TSk8g7sb57bI/8MbW+ZjKwsBAo1EKHM+hT1YF51aedbhvQQghhBBCCCGEEEII8S/gqApWP21ch9YejnY5pXQiVw+9jMJQPnXRBn7x0a9Z07gGS/lQil29V7VGo/n2qG8S8qUd7lsQQgghhBBCCCGEEEL8CzhqglVPe3xcvxpTmXxr5Dc4rc9kDGVQ017Lzz96kHVNG/CbPrQGdPIcBUScGDcdcwND8gcezuULIYQQQgghhBBCCCH+hRw1wWrUieI3fNw5/jbGFY0CIByp585FP2Nb23b8hg9I9lPtSFejTpwLK7/KVyrPOIwrF0IIIYQQQgghhBBC/Ks5aoJVQxl8e/S/UZjafMp2bX697HdsaduW3MxKadC6c0MrQxlcNvAirhj6dUxlHubVCyGEEEIIIYQQQggh/pUcNcFqmpVGmpXskaq15i9rnmNx7RICVhoxHJRW+E0/peklHN9rDCeWHM/AnL6HedVCCCGEEEIIIYQQQoh/RUdNsLq7jc3VzK/5kBPLJtE3rYC+6SX0Si+iML2IglABShmHe4lCCCGEEEIIIYQQQoh/YUdlsFqeUcwfJ/8M5Tp47XVY0WZ0wka7teA66GAOyh863MsUQgghhBBCCCGEEEL8izpyglXtoeNtYEchkIHypcE+Kk99zVvxVr2Kt3YeTuNWYlonN60yTLTpx8wrwygbjVU5EbPkGFQg8xDfjBBCCCGEEEIIIYQQ4l+Z0lrrw7kA3R7G3rAAd8MC3LqNkIhCMAsztxyzZChm3xMxCweBFdh1TqwZr3kburUWr7Ead9sK3J1VeK1h6AhZAVAYhQPwj74Aa9g5KH/64blJIYQQQgghhBBCCCHEUWPGjBk9jjl8warnkPjkZRLvP4rXtA0MI9kbVRloz0PhoTUow8TsPQLfmK9hDTwVZQW7nU631+OG1+Gsewt7zesQbQXDQANKa8zewwlM/HfMiuMP7X0KIYQQQgghhBBCCCGOKkdssKrjLcTfehB7+UtgmMk/AJ4H2t01ThkoQGuNAsw+4whMugmzZOR+5/eatpJY+RL2h0+gXRtlWmjXAaUITr0Z/5hLwThyuiAIIYQQQgghhBBCCCGOHEdksKrtCNEXv4ez8QOU5QdUMkzVYJQOxywfh5Geh3YddPM2vPB63JpPky0CtAemj+CFv8LX/+Qer+WG1xKbezfe9tVg+kBrtGsTOOEqApO/A8r84m9YCCGEEEIIIYQQQghxVDnyglXtEf37vdhLn0f5Uj1TPQcjPZ/AqbdgVk7a+1V/18Zr3oqzbj6J5bPRjdvAtEj7+q+x+p7Y8yVjzcT+/jOcqjfAtNAAToLgmT/AP/qSz/0WhRBCCCGEEEIIIYQQR7cDCVaNQ7COTvYnL+EseW63UNVFpecnQ9LBZ3TfP9X0YeT1w3/CdaRf9Sf8J1yN9lyiL/0QHW3q8ZoqmE3wrNuxhkwFx0YByvQRn/sz3PqNn+8NCiGEEEIIIYQQQgghvhQOWbDqtewgNv83YPmT39CA9kg7/2cYhYMPaA6VXkhgyn8SuuhX6EgjiY9fPLDzfGkEz/gRqmgguC4oA5QiPu9+8JyDvpd4PE4kGsXzvP2O01oTi8Voj0SIx+MHfZ2eJBIJ2iMRYrF/fm7btolEIkQiURKJBI7j7PP+DrTI2XFdotEokUiERCLxT6/xcPC0R00kTNSJ/cNzJFyb2kgd3mHaJ04IIYQQQgghhBBCfP4O2Q5O9tKnINoMVqpa1YnhO+k6zNLRBz2XNWAKoUseIvbWQ/jHXorypfV4jgpmETzjNqKPTwc8MP04G9/D2bkKq/eoLmNrampZ9MEH5Obm4HoeEydMwLIsWlpaeH72bObOnUtLaxsPPfgglZX997rWtu3bWbBgIW+//Q6fbdpELBYlPy+PEcccw6RJEzn5pJMIBAL7XW9jUxPvv7+IjIwMmpqaOHnCSeTl5aG1ZvmKj3nttddY+cknNDU1EQqlUdm/ksmTJzPllMmkpfX8eQC0RyIsXbac+fPmsWz5ctrb20EpTMMgNzeHwsJepIdCBINBQqEQza0t1NWG+fa3v82woUO6ndO2HZavWM5bb7/NokUf0NDQgNaazMxMhg0dyqmnnspxxx1Lbk5Ot+d/2riBD3d+RIaVTn2skTG9RjG2aP+blQF8uHMpGxo3EjAD1MUbOLvPqZRnlbFk5zKWhVfiaodcfw5RN0a7HaEl0YaLQ8gKURTqxeDcgQzLH0zaHlXTbYk2vj3/+xxXNJYZ4/4DQx3c7yI0mv/75DEWbHuPBybfQ1F6r4M6XwghhBBCCCGEEEIcmQ5JsKrb60isnJPcQApAawik4x/zj/c4tSonkxbKS851oOcUD8XsMw5381IwLZRS2B+/vFew+snqVXzve99DA+PHn8CUyZPZsXMn37zpW6z6ZCWmYaIMA/8e4WhbWxuP/vkx/t9v/x8+n48RI0ZQUVFOIh5n6dKlLFmyhKeeeopJkyZx15130rukeJ9rjUaj3PajHxGJRDBNk1defolgMMjPfvELnnzySRQKy2ehPU08kWDFihW88MILnDB+PD+79x7KSkv3+1msWl3FHXfcwUcffUTffv244frrGTt2DKZh8vHKlcycOZP33nuPzMwsvv71r+M4LnXhOpqam4nHu6/eXPvpp9z/4IO8+cYbmKbF5Zdfzvjx48kIhVi/cQOzZ8/myaeeYsjQIdx5++2cdOLePXLjdown1j6Lz7DQWtM/p89+76NDbXuYWWuexJd6xk4sPo5yYHn4E57f8BJpZhoeHlcOuoTyzHISXpwNTZ8xb+s7xN0YlvLRN7OCGeO+TXnWrs+uNlJH3Ivzzrb3OL//2QzKG3hA6+mwrWU7czb9DUuZxJ2js2pXCCGEEEIIIYQQQuztkASrTk0Vur0B5UtVA7o21vCzMTL/ueo9s+SYgzvBsLAGTcXd/FHn1+7Gd9GxZlQwu3NYeigdn8+HbdsMGDCASCTKf3zrP1ixbBm5+Xk4CZt4Ik56KNR5TiQa5Rvf/HeWLFnCz+69l4knn0xObg6WaeK4LjU1tTzw4IO8/PLLzJ8/j5bmZh6b9Wf8fn+3S00PpVNYWEh1dTVZWVn4fX6+e8v3+HTtGu695x5GjBhBXm4e9Q31zJ//Fr/93/9Fa49F77/Pt79zM08+8TjBYDc9a4HVVWu49LJLaW1p5dJLL+WO239Cenp65/HBgwdx5hmn818/uJW/v/l32tva+cFd3yMQCOyzPcCSpcu49rrraGttYfDgITz0m98wcEBl5/GTT57AFZddxrPPPc+Pf/xjrrl2Og///ndMnTKlyzyu0gQMP6ZhoLXGVL79/0xT/JYfv+nHVCYKhd9Mfq6WYeE3/Gg8snwZnFd5FsHdqlLPrzyHXy75DZtbq9nY+hl3L/4VD0y6h7RUFXRjvDnZ+kDB7PWv8v3jvnPAVaue9nhszdMoFBpoSbQe0HlCCCGEEEIIIYQQ4sh3SHqsupsXo3YLozQaq/8EQB2Ky3dh5PdDd1xXGXhtdXitO7uMKcjPx/FcANLT0vnDHx9hZ20tf5o5kxdfeIHnnnuWO++8C9veVYHY2tJKS3MLr77yCl+74HwKCvKxTBMAyzQp7V3C3T/9b0455RRM0+Sjjz7i5Tmv7nOdlmWSFgyglMIyTX70k58Q8Pt45eWXuPiiixgyeDC9ehUydMgQbvr3b3L/ffehNQTT0li2bBlvznur23mj0Sjf+/73icfjFBQW8sMf/FeXULVDVlYWd//PT8nOzuYvTz7BI3/8Y/LzMwwMo+tj09DQwE3f+hbxaJS8vHwe/v3vu4SqHfx+P1dcfhlfOeccPNflmzfdxKbNm7uMybTSUUqhNXhocv1Z+/yMdhc0/KnHSaOUIsOXCr0NhVIGCoUyLGJu16rRsszefPOY69Daw6f8bGvfzsq61Z3Hd7bvTAa1hsV7Oz9gY9NnB7QegNV1a3h3xwf4jWTIWxsNH/C5QgghhBBCCCGEEOLIdmiC1R2rwdhVHKsMCyOn96G49N6UiTJ3q4LU4IU3dBnS3NKMZZoEAgFmvzSb1157jeeefYapp0ymT0UFgwcN4orLLqWoqKjznLS0IPff/ysGdBModggEAtz079/EcT0sn8Xs2bOxbbvbsZZlYfr8KKVoaGxk1erV3HvP3WRmZnY7/swzTueqq64iGo0SCPh5/vlncZy9N+b6ZNVq1lRVAYqvfvWr5OXl7XO9+fl5nDr1VPz+AL/73e/ZWVOz1xitNb956LeEw7W4nsfN3/kOfSrK9zmnUoobb7gB0zJxHYff/vZ/u2yG5WgHUKDAUAZx3f3ns6eQlZbsCqEUKIWtk8F4ppWO1h6u1gQMH35j7yLt3hnFpPsy8PAwMNjcWt15rCXeiocHWqHRPL32BTy9/03LABzP4bE1T2Mo1ZH30hhrOqB7EUIIIYQQQgghhBBHvkMSrOr2OuisWNXJitFg95sXffGL8ZLhG8kwTxkGXkPXqklNMtRDKWrDYb7/ve9TUrzvfqiQrPAcNLDn/pulpaXk5uSglMGWLVuIxePdjjNNk/RQCM/ziMfjfOc//oOMjIz9zn3JxRd3nru6ag3tkcheYxYvXpyqONWMGjVqr+N7GjxoEIZhEIvHWLps2V7Hd+zcyVNPP0UwmEZ6KMQZZ5ze45x9+/ahuLgYn8/Pa6/NpaGhsfOYaVi7HkoNQXP/m3x1iHgJfMpMtQ8wCJnJ1/1z/dk42sVQCksZdFcl7Xpu8pEgWSWbF8jtPFYbrQOdqrJWFh/WLmVj06Ye1/PRzmV80rAaS5mgkuc3JVoO6F6EEEIIIYQQQgghxJHvkASryVLCjqrEVIIVbdzX6C+WMsCx2T1g0/GuAaTP50ejcR2H0tJSjj/uuM/t8gG/n/z8fLT2cByH+H6C1bRAANd1sUyTUSNH9jh3Xn4eubm5aA8ikXba2tr2GvPZpk1YPgtQZGbs3QJgTxmZmZ0bhG3bun2v4wsWLMS2bVzX5dhjx1FYUNDznOnpVPavRGtNLB5j9epdr96nmcHkk6I1Gt0ZkPYkzQzi4aG1RqEIpHqstrsRLGViKIWnOypiu6qNhGlNJD+rgOFjbK/RAMTdBDvad2IaJsloNPnP42uewU1VxHYnakf5c9WTWMrCVMkKWaUU4UgYzYFvtiaEEEIIIYQQQgghjlyHJlhVZtevPRuv9fD0m9TRJvTur3J7HphdN0jq6I3quC7Dhw0jtNsmVf8sT2ui0UjndSyr+/3DtE72ClVKEQgGyc/f9yv7u687Py8vFf9BLLZ3aJufn4/rJgNIz+35lfampkaUoZJ9Rv1dPyfP8/hw8WJM08RxHE44YTymae5jpt3WaVnJAFhrHMemdbcA2Jd6VjR02YSqJxm+tM5NphTJyleAlkQblmGljhlYe7QCaE208fiap9FoHM/h+mHTyE1LVlO7nkNdtB6Ac/qeRdAMYCmTxTVLWNfQtX3E7t7fvpgNLZ8xMKeSCyrPxfFcFIq6aD0J98BaGwghhBBCCCGEEEKII1v3qd7nTGXk4zVtRXUGrAp384f4Bp5yKC7fhRden9qjPVVDaxjsucm7aZqgkx0D0tPTMc1/Ln/WWtPU3Mz69Rt44i9PUFsbxlAGhmng93W/671SiubWVvx+P4ahMA4gsPQ8D9uxMYzkZk2BwN6v0R87biwP//73mJbJ5i1bepxz/boNnb1LBw0a1OVYIpFg48aNGIaBaZq8OW8eLS2tNDTUk5mVTSDgIxgI4mmPWDROLB4jGo3Sq7CQj5YswTRN2tsTtLXuVlmbeidfpf7n2XUv0iutANOwaHXaMJRJ0AxiYBD1YrieTchMY0ekBqWMLuEqgJGar+MnnnATBM0ALfFW1jSs47GqJ/msdTO5gWymDbmC0/tO6VxKxI7SnGjB9Ry+0vd0/IaPp9Y/j2VY/HHVLH5+8l2patZdonaUWWuexFImXx94ASErxNPrnsdUJi2JFqJ2tLOaVgghhBBCCCGEEEIcvQ5JsGr2Goi3ZSmQDKGUaeGseR198r+hgtmHYglJro27+UNIhWHJTYU8VE7XzZaUSkavWoNh9Bxo7qmxsYlNmzexYeNGPl37KZ+uX0dDfSOJRIx+ffuRl5dHQ309Zg8Vqx1Vq4Zh0N7Na/178lLndNxDZjc9WceOHUteXh7NLc28+cabXDPtanz7WENLaytvv/MWSilKSooZMWJ4l+PtkQjhcDgZ5CpFXV2Ydxa8Qyg9nfRQiEAgQDwexzIN/H4/juPiuA4bNm6kT58+VFSUo7WmpGSP/rWpFrgGis9aN1MTC2Ng4jf9+AwL1/NIaBu0h9YeaVYaTfHmXefuNZdOVYyG+fF7/0O2L4OaaB0NsQZGFYzk1IopnFAyjtKMki6nhqN1OLj4zQAZ/nTO7nc6z6yfjWmYrGn8lI/DnzCmqGuf2jkbX2NHpIbRBcdwbNEYNjZvwkgtqsluPaCNr4QQQgghhBBCCCHEke/QBKslI7D107u+oQy81jD2p/Pxj7zgUCwBALd5G+72VbD76+DaxSge2mVcsk9n6u/egQdh27Zv55lnn+WZZ56hsbGJAQMGcPrppzPtqqspLy+jtLSUWDTKFVddTUNDPZblIxKJ4Pf3XMGo1N6bLu01BlKVtgq/308sHiObrC5j8nJzueuuu7j5uzfz0ZKPmDPnVb52wfl7zeVpzR/+8Ah19fWYhsntt9++V1DrsywSqR6xkUiEO35yOyefPKHLWg3D6BISdwS/QOffk5tp7Sa1WRQovjv6Jvrn9O3x3leFq7jt/f9mr2RVg06FqznBPECxon4VlrKwTIvLBl3I4PzuNx1rjDXhuDb5oTwMw6AgkM9p5ZN5c+s7mMrkT6sf5/6CYfhSrSQao408s/5FlIJrhl6OaZhk+jJBKRRguwlaEq3kpeV2ez0hhBBCCCGEEEIIcfQ4NMFq72PAFwTP3fWqtxUk/taDWJUTMNILD8UysD95BdwEWEGSiZuGYDbGHkGX53nJ18lVMmA8EKtWr2b6dddRU1NLRZ8+/N///ZFjx47d63X8lpYW2tvbAQgEAqg9Q8UUpVTnplEHyjRN/KkNr3w+3z7D2K+cfRaNjXfy4IMPcNuPbqOltYUzTj+d3JwctNbUhsP86U8zefTRR8nLy+NHP/4Rp06Zstc8GrBSrQws0yQSiXbbY7WjV2znfR0Qhatd/Eb3rRL2lqxK3eu7Ktmr1UOTZoX44bibeWjFw6xuWIPjOvxq2UP8fMJd3YadO9p34qHJDWYTMJM/x4sHXsDb295Do/msZTPvblvEKRUTAXhh/RyaE82cVHQCg/OSYa3f9BEyg8TcOFp7NMQa6ZtdcYD3JIQQQgghhBBCCCGOVIdk8yojuzdG3xPQ3m47shsmRFuJzb0HfQg29HGbtmB/9BSYfjo6buK5mKUjMNK77mTv7V6legDhZktLK9OnX0dDQyO9S3vzxGOPMeHEE7vtcerYDo7j4HmagN/XuVHWnrTWpGek4zjO3mvaB8MwUYDruliWSSit+023DMPg6quu5Ne//g1KGdxzzz1cdfU0rr/xRqZffwNXT7uG999/n1tmzOCVl1/m4gsv7DYQTQsGKSsrxXWTgfm27Vt7XGNP9B6vyjva2cfIrhztJv+iOuZJVcPqZJWsAcScCMUZvfjumH8ny5+s5K2J1HD/st9id/MMbm3bgYEi25+FkWrEW5rZm3P6nont2VjK4rG1zxB3E9S2h3n5s7/iM/xcNeSSzt6rShlk+rOST5yCmkjtwX0gQgghhBBCCCGEEOKIdEgqVlEmgWMvJbLurd2+qcHy465bQPzNnxM89b9SoefnTyfaiL9+D9qJo8zdKiC1i2/omZ09VzskQ0wFqAOqWH1z3pvUhmvxWT4uvuhiKsrL9jve81w8z8M0rb1fg09RSmFZPhzbxvX7yeimX+qe4ok4tmOjFJiGiWXtuz/sBx8u5q6f/pTp06/jsku+jt/vI1xfj9aagrx8cnNzCAaD+72e3+9nzJixLFu6DJRiddXazlf+/1G25yarhVMfu+MeWLAacZP3rUkGqXYqxC8I5mN7Nj7ThwKiTozi9CJ+ctz3+f67P8FSFivCK3l09V+44ZhpnVWvrueyM1KDRpMfzO8MVgHO7nsar26eC1pTG6nlbxv/zrb27cTcGGdWnEplbv/OsSFfkExfJjWRWlw0rYmee+UKIYQQQgghhBBCiCPfIalYBTBLx2CVjYY9gzLLh71sNrE3fo5ORD7362o7Suz1u3E3Ld4jVPUglIvV/+S9zumoDlUKPG//warWmgUL3yUQCIJSlJWW7nd8wk7gOC5+v59oLNql5+iea0gkEqnWCZpQqPvq0925joNt21imhUYTT/U/3VM4XMfV067GtW2+/a2bKC8vo6ioiBHDhnHM8OGUlBT3GKp2+Op556JVMmSdN+9NamvDB3TevrS70eRflEKhaHUO7JlwvAQKAwPwtEfUjQHJClhN8vM0lYlPJX+XMDh/IDcOv4a4l8Bv+Hhx46ss3Lqoc76oE6M2EkZhkO3P7HKt3pklnFl+KrZ28Zs+Zq15ije3vI2lLM7rf3aXYNln+Mjwh5I9Y7WmMd70j384QgghhBBCCCGEEOKIcciCVWX6CZzyne6DRMuPveJloi/egle3/nO7pteyg9grt2KvfgPMrr06tWPjH38Nqpvemo7rpOoWU9vT9yCRSKTGa1paW/Y71mf5aG9vRym1z2pVAMdxaG9vx7JMtIaGxp4DOa116rX8ZAeDRKL7FguzX3wR23YoKCzA5/vnipaHDhnCaVNPJR6P09bWxmOPP35Q59fV1XV5JvyGiac9FJCMRA+sz2zICqbaBiT7qSa85L3XxZrwGSZKJdsFdHwf4Jz+ZzK1bHJnuPrAst+yofEzABpijTQnWlAG5ARz9rreVyvPJmgEUp0iNAkvwZTSiVTm9OsyzlAGWf4sNBpDKWraw7gdbQuEEEIIIYQQQgghxFHrkAWrAGbpKPwnXgN2rJuDPtxNS2h//HoSHz2BbvvHe1HqeBv2Jy8R+csNOOsXdq1URYHnYORX4B910T4m0Hg6GYTFE4l9VpVC8pX9sWNGk0gkMA2Dt+e/1dkXdU/xRIIHHngAx3FwXXe/rQAcxyEWj6FU8tX2aLTnys1YLE4sFsfzNIahyMzsvn1APB7Hsiyqqtbw8pw5hOvqiEQiOI5DJBIhGo0Sj8f3eR+7MwyDO+64naysLEzT5I//9388/eyzPZ6ntebZ557ndw//oUuFZ9xJoFKv82v27rm6L42xZkwMQKM1+FSyDYKjE6loVpFwExi7XctQBjcMn0ZRWi+09nC1y92Lf0Vbop2EmyDhJVBakZPqx7q7koxippZPxvbszk3Ovj7ogi4tAzrkBrPRaBQGNdHaA25vIIQQQgghhBBCCCGOXIemx2onRWD8dbibF+NuX4WyAuyqSNRgWuDEib95P4klT+EbeR7WgCkYOWUoX9r+p/ZcvOZtOJsX4Xz8Mm7NWkClKlV3C0a1C1qTdu5PUf70bqfKzs7BcR1Mw8Sxe95Y6+yzzub+Bx7EdV0WL1nC7x7+Azdef12X1+nXrFnLXf/93wwfPpz+/fuzefMmqquraWhspHdJyV5zOq6LnbAhFTLuq/p0d6H0EIl4HK01nqf3GQhPnTqF3zz0EIlEgttuvY28/Hyys7MJ+P1owO/zEQgGCQQCFBUVMWzoUE466UT69e3b7XwlxcX88ZFH+OY3/42GhkbuuOMOtm7dxhWXXUrJHveWsG1Wr67iTzP/xIsvvsjDv3+4y/G4G8fTHpZhorRHmx3t8b4BLMPE1g5+lfy2SOXsAAAgAElEQVR5NyVaKKU3cTcVjKtksOrusQlYdjCLHxz7XWYs+BE+w0c4Gub3H/+JIbkD0VpjKnOfPWMvGnAef6+eR9y1ObbXGMqzuu+tGzADGBgopWiINRBxogSsvTc2E0IIIYQQQgghhBBHj0McrILyp5N2wS+JPHEduqU2GaZ2GaDA8qNba4kv+AOJd2di9BqAWTwMo7ASI7sErGCyV6tpoltrcBuqcXeswttZBfF2QIHRza1pjfY8gmfdillyzD7XuGPHDlzHIW7HsBOJ1EZT+94IqqSkmF/+4hfc/N3vorXm179+kHcXLuSE8Sfgs3x8vPJjli5bzoz//E8uu/QSBj03iB/88Ic01Ndzw43fYNLEiVx00UUMHFDZOWcsGqOmZmdnn9S2ttYeP9vGxkYSdgI7YdPU2EgkEiUtbe9AetjQoTxw//385qGH2LJlC+FwmJqammQbAcA0DZJZpMJQCmUYBAIBLr/8Mm7+zncIdTPn2DGjeebpZ/jFr37JG2+8yUO/+Q2z/vxnJk6aRP9+/Qilp9Pc1MTijxazcuUn9O3blz8/+mcmTeza49bTHp720JhowHa77xO7173HmlPVoirZSiCVKRsYONoloEzink1jvImsQNeeqYPyBjB96JXMrHoCv+ln4fZFfLDzI/yGHw8Pq7tnCeiVXsjpFVN4ceOrXD7wom6rVQHSrXSS22op4m6CumgDud20FxBCCCGEEEIIIYQQRw+l9/ee+xfIbd5G7OmbcJu27fGqfjc8D5Lb/wDJwA+l0B3Vh6mKRKWM1GZP3dAa7TkEJt9E4ITpwL53rl+3bj3PvzCb/IJ8XNdh+jXXEAj0XGG44uOPeezxx1m06AMa6usxTJPs7CymTjmV6ddeQ//+yf6brusy59W/8uGHH2IYBsceO45JEyeSm7ur3+vOmhpmzXqMgoJCamtrOe+8cxg+bNh+r79u/Xpmv/gSBfkFhOvquOH66eTn5XU7trWtjfsfeIAnn3ySUaNGM2jwIEqKS8jPy6OpqYma2hrWrV3HshXLcRwH0zSJRiNcccWV3HXH7fsMmh3H4eOPVzLnr3/l3YUL2b5jB47jYJkmaaEQEyacxDlfOYeTThzf7YZc29p2UtNeg8/04XgORaFe9M4o7vGz39D0GW2JNpRh4LoO/bL7khPM5rOmzTQnWjAMA9dzGZo3iKC198ZccTfB0prlhKw0fKafdCtIwnNpd9rpl9WH7MDe7QAAWuKtbGjZxKiC4fsMVmsjYba0bsNn+nA9l/7Zffc5nxBCCCGEEEIIIYQ4/GbMmNHjmMMWrAJ4TdXEXr0Td+sKsHyQ6pG5P5qukeieX3d/oWQlZmDKd/CPuwL2EYDt85pa7/N18O7G1tXVEw7XkhYK0auwkPT07lsOHC6LPviAW2/7Efl5+dx55x0MGjgAv9+/1zjbtvl0/Xp+9rOf8+GHH+Dz+YnFYrz80ksMGzqkx+u0t0dobGqkubmZtLQ0CvLzycqSQFEIIYQQQgghhBBCHNmO+GAVQMeaiS/6E/biJ5OVp3u2BjjQedgzYE3tK+86GJm9CH7lDqw+J/zzCz7KVa1Zy7nnncegQYN46i9PkJ2d3eM5LS2tXHvddaxevRrbTnDHHXcw7aqrDsFqhRBCCCGEEEIIIYQ49A4kWD240s0vgApmEzzlP0m77LeY5aPBczorTA9qnt2/0IBrg+fhH3MhoSv/KKEqEE8kuP2O27HtBDNuueWAQlWArKxMrrjicmzbxjRM6urqv+CVCiGEEEIIIYQQQghxZDvkm1fti1V+HObFI3A3vEVixWzcLSuSAasy0Ur1/Cq+1qBTPVcNA2vYGfjHXIxZOuaLX/xRYsOGjaz8eCVZWVn069f3oM6tKK/ANE0cx6FPRcUXtEIhhBBCCCGEEEIIIY4OR0ywCqB8aVhDzsYaMBV35yqczR/ibHwXL7wxWcmqkxtYKc8FI7kDfHKzKgWWH7PXIMy+x2MNmoqZX7nvjay+pBoaGkjYNv5A4IA24+pCAVpjWRYDBw3a71DP89i2fTt2IkF6ejpFRUUAxOMJwnVhXDdZkZydlUVOTg5aa2pqakkkEmit0WhM06R3SQmtbW04tk1BQQEAjU1NuI7T+XWHRCLBjh07cF2X3Nw8cnNzOo+1t0cIh8OAJi8vr7PPa0NDA47j0KtXLwCamppwUnPX1dcTaY/gaQ+FIic3h+zd+sO2t0eora3FMBRFRUUEg0Ecx6GmphbHdUAn++36A35Kios7fzEQj8cJ19XRq1cv/D4ftm1TU1tLcVERtu0QrgsnPwOtSUtLo1dhYZdfKriuS01tLVprSoqLMQyD9vZ2wnV15OXmdt6b4zhs276dkuLizv65sViMurp6evcuwTCM1HprKC4u7tyMrLW1lda2NnqXlHT5fF3Xo6amhng8RjAYpDh1T4lEgp01NWitQYOnPTIzMsjNzWVnTQ2GUp1jW1tbaWhoJD8/j0AgQE1tLZ7ronXymcnISKegoICamhoyMjLIyMgAIBwOk5aWhuu6NDQ2YlkWSikc2yYYTKO4uGi/z6MQQgghhBBCCCHEF+GIClY7WQHMsrGYZWPxH38Nuq0Wr7Ear3k7OtqUDK3sGIY/hErLRuVWYOT1wQjlgXWQgeGXiM/vwzJNEokETU3NlJWWHvC51ZuqicVijB47hsEDB+xznG3b/G3u62za9Bm5ubk0NDYycsQxnDJ5Eo2NDTz7/PPk5uaCp2lqbuYrZ51FZWV/Zr/8EpZpkpGRied5pAWDnH3WmXy84mM+WraMb1x/HRkZGSxe/BGtrS1cdOGFnddMxOO8PGcOLW1tmIZJQ2MDF55/Pn369GHnzp3MfullLNPE8vlobW3la+efT3l5Ge9/8AENjY1cfcUVACxfvpy6+gYuvuhC3nrrbbbt2EFuTjaO7RCNx/jqV86hvKKcuro6nn1hNn6fRSKewPL5uPzSSwB45vnnycnOJhgM4HkeeTm5FJ3RqzO4rK2t5bkXZnPlFZfTq7CQ5uYWnnv+Ba65+irq6up4+dVXKUoFvQ0NDYwaOZKJJ5+MYSS7dsRiMV56+RXa2tu4Yfp0cnNzefe991n+8QomnHgiE046CYB169bzwksvcc5ZZzF69CgAampqeOa55/nKWWcyfPhwWltbefaFF7jh2mvJyMxEa83f5s5l0+Zq/u2G6ztbRSQSCf76t9fYsm0rOVnZhOvrGTFsKKedeir1DQ08/exz9E6FvJ7n0b9/f44ZMZznnn8B13W54brpZGVl8dbbb1O19lPOOO1UykrLeObZ58jLyyMQ8GPbDv379SMnJ4e/vTYXn9/P5ZdegmmavDFvHkMHD8bv9/PR0qW0t7eTSNjk5uRQXFxEcfHpB/wcCyGEEEIIIYQQQnxejsxgdTfKl4bK7YOR2+dwL+WoN2zIEHJyc6ipqWXZsmWMGD7sgM6LxeM89sRjKEPxo1tv22+16/Lly6murmbaVVeRmZlJTU0NTz7zLAMHVBIMpqE9zUUXXEBGRgZvv7OAdxYupKSkGMdxOGXiRIYMGZKcSIMyFKCJxWIsWPguZ591JspQqD22Kaurr2fzlq1Mu/IKCgsL+XDxYppbWnBdl9de/zv9+/VjyimTMQyDpUuX8tIrr3DDddPxWb6ucymVuiYk7ASjRx7D5EmT0Frz0iuv8P6HH1BaVsrfXnuNIYMGMvHkk0kkErw293Xq6uspLChAex7nnH0WhYWFydvQujMU3XUZhd/n67hkZ0Wq52lCaWlccvHF+Hw+1q1bxyuv/pVRI0eSk7OrAtfn8+GzfGzfvoOsrCy2b99OwB/A83RqHo+Vq1ZRUlTEso9XMGLE8GSVJ8mWGm/Mm09lZWVn2NvRobixsZHa2jDZ2Vms/XQdxx93LADLli9nx44dXJP6me7YvoMPFy8mHo+jANMwuOjCr3V5LiKRCKaZrIqtr68nLS2NmpowgYA/2bUjtWfeV889Jxm0p3ieh9/vY9OWatauXcuwYcPwtMbzNEOHDmXw4MG8++57bN2+jUsuugij8x6EEEIIIYQQQgghDq0jPlgVn5/MzEy+/73/Ysb3buG+++/nuOOOZcjgwfs9JxqLcfudd7JkyRJ++MNbO8O27mit+XTDBsaM2hUE9u7dm/KyUtZ+uo5jRgxHGQaNjY3EYjHC4TBZmZlYlkXA52PJ8hVUb92afD2/sJDjjj0W19P0qahgw8aNVFdXk5mZSUtTS5fr5uXl0auwgGeff4E+FeUMHjSI/v3709raSn19PWedcXrn6/DDhw/nvQ8+oLY2jGF0E8ol8z4sy6KmtpbVq6twXZdwbZgTjj+O1tZWdtbWcvZZZ2FZFpZlceHXLgCgtaUV0zRZsPBdMjIzcByHvn36MnzY0M7plWGg0by9YAEBf4BINIKnNUopDENh2zZVVVUEAgE2bvyMXr0KCYVCu33G4LMsBg4YwI6dO+nVqxDTsiguLsZ1HSBZ6VpfX8fll17Kk888y86dOykrK8PTHtk5Ofh9FgvffZdjx43DMs3Ond8+XrmSYUOGUFnZn1dfe40xo0dhWRYrP1nF2DFjyMrKIhaLEUoPMXnyJCzLQmuNpz3eeHMePp+PWDzOKZMmEgwGMU2Lyv5lbNmyhWAwSCDoJy0UxPPc1P0avP3OAkKhELZtM2zoUPr27YNhmAweMIC33llAaWkpacE0HMdGKZUMg1P/tlLhtBBCCCGEEEIIIcThIMHql8yFXzufhoZ6fvHLX/K1Cy/iZ/fey6RJE8nJzu7Sy7O1rY1PVn7C/Q88wLLly7nzzjuZfs01PW4i5joOltX1sTINE9tOpL7SzPnba1iGQVZ2dmfo6XiajPQQvQoKcZzka96QbC3Qp6KckSOG88ab8ygrK8U0u1aABoNBLr7wQtatW8+n69bx4iuvMGnCBCorKwG6VIwqlax49TwXw4CAf7dwToORmtswDJqbW/hk9Wo2bdrE5IkTGTlyJLW1tZ3z7KkjZMzOyiI/Px/HdcjMSO92XCiYRnrqmE5tuqaUwnFcNm7azIaNGykpLubrF13UGQonx4DtOFSUl7Pm07Ws/GQVvUtKiMfjdCSkVWvWkJGejtaa/LxclixbRllZGQpFwOfj9FNP5bnZs8lIT8fv92MYBrZt88mqVYw//nj8fj+R9ig7d+6kvLycRDyOLxVifvrppyx87z1s2+H8884lFEpHocjPyyUQCGDbNpZporXGdV369e3LuvXrSdg2FWXlNDQ2pKpVNZ7WZGdnkZuTi23bpKUFgWQf2uOPPZZ1G9bz1jsL8DyvSwje8dEnv9/1WRBCCCGEEEIIIYQ4VCRY/ZIxTZN/+8aNHHfcccx89FF+/OOfEEoPMWTIEPLz8vDQtDQ389lnm2htaWHSKZP5n//5KYN72LAKksFgae/erK5ay9ixY/H5fLS1tVG9dStnnnYahmFgKIPzzzuX/Ly8zlAvHo/jOg4jhg9nQCoM7aC1JhqJcuL48ayqqmLFypUMGzyky5g1a9dSvWULZ5x2GiNHHsP777/PylWrGTFiBP5AgPXrN3RuULWleguO41BYWEhtuI7tO3Z0zhONx9BeMuRMJBIMGTyIk048kTfnzaNq7RpGjx5Fbm4yQNy+fTv5+florXnttbkMGjSQoqIitKc5/vjjOjeR2pP2PJQyOOGE48nKyqKxsZE1n65NhrKeR1paGl899xy2bNnCiy+/Qk1NDX367GqDoQHHdcjOycYyLT5aupQLvnoe69etx/JZ2LbN6qo1KKV45dW/4jg2W7duIxKJ4PP5iMaiFPYqZNLJJzP3738nPRTCsix27txJNBpj9Zq1VK39lEDAz7LlyykvL2fgwIGsXfcpo0aNZOTIkRQXl/CXp58ikbAJhTQoxQknnNAl5GxtbcVxXXJzk6HpipUrueC886itC6daASR/tuOPP55Q+q7w2XVdXM8DpZh08sn8ceaj2I7DgP79unwGQgghhBBCCCGEEIebBKtfUmPHjGbsmAfZsXMnmzZtZsuWLTQ1NZGWFiQYTKOiopz+/fp19go9UMeOHcv6DRt55tnn6Ne3L1Vr11KYn8+ggQOoq69Hk6wwDQaDnedonQznPlqyhJ07a5KvtGs49thxGIYiHotjmianTZ3KzFmziCcSXa5ZUlTMnFf/SiQSpXdJMUuXr2DUqJGEQiFOm3IKc/76N1rbWvFZPpYuX87ECRNIT0+nX98+vLNwIS/PmUN2VharVq3m3HO+AiSD1UQ8jlKKkydM4JGZM5k3bz5nnXUmZ55+Oi/PeZVwXR1NTc1s2LiR8eNPQKde6X/7nQXk5OTgug5pwTTGjh3TWfHpaY32PKLRGFlZWTiO0xkyep6H6zq4rkvfvn0ZecwxzH7pZa6ffi2ZmZkdHxaxaIxgIEBp796s37iB/Lw8VkQiFBQWsnnzZqLRKN+4/nr8AT+O4/Dnxx5nxccrKe3dG8dx8VyX4cOHsWzFCurr64nH4yz68ENGjx7FKZMmoZSirq6OWU88waSmJk46cTyzHn+CJ59+hsp+/aneWo1SitzcHDzPQ2uPefPmEwj4cVyX4qIievfuTTweJxgMUNSrFztrasjLz6e9rR3P80juQKeZ//bbZGVl47oOmRkZDB8+HO25qZYD6ZwyeRJ/fW1u6pwk13FxbPvgH3ohhBBCCCGEEEKIz5F555133nm4FyEOn8yMDMrLyhg+fBjjxo1l1MiRDB82jLLSUtLT936NvSfBYJCBAyqJxmKE6+vp368vp0yeTCAYxHU9LMukoqysM2jsYBomlmWRSMRxXQ/bsakoLyfg95Odk0NBQQGhUIj0UIiCggKKUhWoHdccUFlJfV099Y0NDB82jHFjxmCaJoWFhZSV9qYmXEc8EWfCieM55pgRKKVIT0+noqyM2nCYaCzG8ccdx5DBg1FK4XkexUVF5ObmYlkWZb1709DURFlpKUVFRZQUFbNt+3ZCoRBnnXE6BQUFncEqCmw7gW07GIairLR010ZRWmP5fFSUl3e+4q+Uok9FBZZlEQymUV5WhmEY9O5dguM4hEIhsnergDUMg94lJWRmZpGRkUFlZX80mvy8POKJOP379aO0tDeGYWBZFjk5yeCysLCAtLQ0SkpK8Pl89C4pIRgMUlxcREtrK+PGjCEUCmEYBqFQCKUUmRkZ5OXlMXBAJbZtUxsO06tXL6ZOnkxhYWHnJlSu9nBsm4TtEEpLo6ioF6Zp0K9vX7KyMsnJyaZvnz5orSkpLiYrK7uzwtW2E9iOg2lalJWWYpgmxSXFZKSnk5+Xj2kalJWWdlYBa63Jzs6muLi4x9YUQgghhBBCCPFlEIlEWLRoEQsXLmTOnDksWLCA6upqmpubKSws3Ov/g3/Rkvu0/JCKigp69+59SK8tDq1f/OIX3HfffTz++OMsXryYkSNH7ioOO8q9/vrrPY5RuiMZEUIIIYQQQgghhBBHjUgkwty5c5k7dy6RSASAtLQ0AKLRKAChUIgzzzyTM888s8vmyF+kP/zhDyxcuJCJEydy4403HpJrikPvrrvuYsGCBSR2e7N48ODB3HHHHZSVlR3GlX0+ZsyY0eMY2flFCCGEEEIIIYT4MgnP465p05hZ9Q8e70HVzGlM+4dOrmLmtLuYFz7Qsf/4Gv8VRCIR7rnnHmbPnk1FRQU333wzs2bN4uGHH+bhhx/m97//PTfffDMVFRXMnj2be+65pzN8/aIsWLCAW265hYULF3b5esGCBV/odcXh8c4777Bt2zbC4TBXXnkllmWxcOFCWltbD/fSDhkJVoUQQgghhBBCiC+dSqqf6S7ErGLmjEfZcDiWJA5YR6haXV3NlVdeyW233ca4ceMAqKqqYs2aNYRCIcaNG8dtt93GlVdeSXV19Rcarj7++OM88sgj1NXVdfl+XV0djzzyCC+88MIXct1O4XncNW0mVXt9bxp37fGgH1D4XzWTaXvOd0RI/lJh2p5/7prHAf1OYn/C87jrAH+5sWTJEurq6mhububYY4/l1FNP5ZRTTkFrzdKlS2lubv5nV3NUkM2rhBBCCCGEEEKIL6GJEytYsDLM1Km7bVpctYj5U6YwZf78Xd8Lz+OuLmFrJdfedwdTC1PH/hcmVjzKo/OBKbdya5erhJl31wwe3TCFW2dNZ2jn1x1TXct9d0ylkCpmTruX+QAzprH51lmcu+MuZmy+hFu5l3tTy5ly6yymD+3mZva3xm6OV157H3d0HKyaybR7d93vPq9xBHnhhReorq7mxhtvZOLEiUCyOvSJJ57oDE47WgB87Wtf62wD0BFwXnXVVZ/rejZv3txjP8oXX3yRcePG0adPn8/12p0KS6jgURZVTWdox8+vbjMbKiupXLCS8NSpJH/iVSyaD1NuPcJ/yD3o+pwm/7uaMbOEWYfo4V2wYAETJkzghz/8IXl5eQDccsst1NbWsmLFCiZMmEB2dvYhWcvhJBWrQgghhBBCCCHEl9Ex46lYsLJLlVvVovlMGT9+1zdSgWTFrbOYNWsWs2bdx7WVG3j0f3erjtvwKAv63Jc83iXUSYWoFbcya7dQdcHE1NhZs7i14lFmzKwChjJ91q1MoZJr79stMJp/L890zH3ftVTf283r/z2uMVmFu+v4rVQ8OiM5T9VMpt0Lt6bWk7zGgbYjODzC4TCvv/46Q4YM6QxVN2/ezCOPPEIkEqG8vJzy8nIikQizZ8/ufA1/4sSJDBkyhNdff51w+PO9wblz5x7QuC+2JcBQxk+B6h277q1q0XymXHIJFRs201lHG95BNVMYf3TnqnsoZOolU2D+okNaYTt16lR8Ph+2bXf+ufDCC8nPzz+Eqzi8JFgVQgghhBBCCCG+lIYyvmIBKztzqCoWzd8jcCqcyh2zdq+MK+SYiZV7zFPJxGMK2VPVzBk8yrXc13Fy1Rwe5Vpu2q1Cduj0W5ky/5l9B5mVu40vnEoyO9ojOuphjeF5zzC/8lrO7Tw+lOmzZjF9aJh5z8xnyq3TGbrbXDddC4/OOfJeAO+wdOlSAM4888zO7xUWFnLGGWdwxhlncPfdd3P33XczduxYIPnKdoeOczrm+Lzs+fr/vlRXV3+u191TQZ9KNmzuWEuYHdWV9Cn4/+zdfXhU9Z3//9eEYEgodxkQDDcZfmRYYpf+LhO/QpKJFmuxvVbUuisB3ctCu9vdLyJQ0/qra5Eb69KlYkGRXbvtJctVQOhvWwv210JdKSQQsZBeV/2WIAGZSAh3GRJuzA2EnN8f58zMmclMMgOTZALPx3VFybn9nM+czzkn73l/PidXU6ftUuC0qa/RsQnZGu5f6v1lMXWnj75caNf8YOD/nN5f9pSWvf9+cP6y93XOGp4g0v6q3rJ17b/RAYSr3goZKiAwHEKH7v7XN17xl770JV27dk1nz55VS0uLrl69qvr6ejU0NMjj8XQaXL127ZpaWlvV3NIS8afV9jKsZMdQAAAAAAAA3KJyp47TVv9wAFUfaNe0qZor6YMOS9q66kvShOLON7xrhVZImjBnsgK98U99Kh3bpdKn1octPEFzom1n3B2yh2yHZ0+Qyk7pnO6IsHDkMtbXHJPGzVTH0G+9ao5Ju1Y8pV3hs6ZFPbJeV1NTI0mBMVUls9u/vXv/jh07dPjw4cA8P/86ic5Y9e+rK90dWB0xuVgT1n+gqrm5yj33kcpUrHkjJGVP0K4PqjQ3N1fnTn2qCcUPmedD1VsqXT9Oz29YolyZgc2I3emjLjdc7y9boU/nrNKG+0dYGdDLlG0bhuLY+hrN3LBBc63zs3TdHK3asEEjrEzrd6vu19xcM3C74tM5WrXhfo2wsruXvW8bsqJT5pcEmva89SVBld5a8anmrNpglqPqLT214l1V3W/7EuEGrF+/Xp///Of1xz/+UTU1Nfra176mgQMHqry8XH/605/06KOP6je/+Y3uvfdeZWVlRdxGY0ODWlpaIs4bMmSI0m67LQEl7X4EVgEAAAAAuFXlTtU4K+CiD3Zp2tS5Ukhn4mCwcoIVPDr3/jKVdtWje8IcrZonrStdp/cn28Y6DYypmkjXWUZLXxhT1a6r7NDVq1cHMlInTZoUcTzV7g5wRtNdL84KGHGHxqlMp85JufU1OjZuqnmuTS7WhLJTOqfh+qhMKp5njbb6wS5NmLMqEGzMfWiOJpRagVnbZqs+sActpdy5G7RBks69r7JjEwLbU+5DmjOh1Bq72Jw0Yc5D1nrDlT1BmlBsfdkw4g6NC+zhnD4qO6ZpM5dYbcPs2r9+q31s2FAdvhCYYMsOV67mblgS3PqpTyXb3q5XXV2d3n33XY0fP1633367Jk2apLq6Om3cuDGwjMvl0qhRo5SRkaGdO3fqrrvu0qRJk5SWlhZYpl+/fho4cKCuXbumq1evhuwjLS1N6enpN1zWnkJgFQAAAACAW1aupk5boQ+qpkq7pmnq3LDZVR9o1/UEQ8fdoREjcjVz2nqtWPe+Ji+5XyPuGCdZY13GvK1PT+mccgPLR8w+7aKMwSzX3LD5ZqCr7NQ5KTexod7uNHz48KjzampqAkHVJ598MmS4ACkY2Bw37saDbPZ9xrt8t73ASrmaOu2YPqj3jxdsndAjJqtY6/TRuTtUc2ycpo6QzKECpGO7ShWaRD3BDMwGfjeXm1Acod7ra3RM4zTzhk+faNnT06K2l86/EAh9SdyECeHDd1yfP/7xj7rrrrt0++23KyUlRYWFhfJ6vTp16pSuXbsmp9Op8ePHKyMjQ4MGDdLAgQNVU1OjrKwsjRgRehQDBw5US2traGDV4VBGRkZIEDbZMcYqAAAAAAC3sNyp07RrxQrtmjY1cjdh+4t/qt5SqT9aE8u25z6vacfWa93756xsvl1aYR/MseotPfXUW9FfuHNsvQLDnZ57X1t3TdCchyKUspMyjrh/pqbZtxMY+1K6f+Y0HVu/zjbepH9e8r69yh+UtI+d6jdixApluWIAACAASURBVAgtXLhQCxcuDLzYys6/TniQ60bE+uKq610+XsOzJ+jTU1XW+Kr+qSN0x7hjqvnolD4NnOcjdMc4K8vZ//KyDRu0YYMtw9q2XHDs1pCdaYI+1akbPl3MIP+05zeEleU6u+5Xvav1x6YFXsq2ZGZiAumffPKJBg8erPb2drW1tSk9PV25ubm6//779eUvf1l5eXkaNmyYDMNQW1ubPve5z+nMmTNqbm7usK2UlBQNzMjQbbYu/+kDBmjAgAFyOBwJKW9PILAKAAAAAMCtLHeqpkmaFuk16blz9fy0XVrhfwnO1myten6adMz+0qtON665z/uDlyN0/5LnNW3XiuBLdVZIzweCR2a24fpSW2BzwjRpq7Vs6XqNez486BVLGXM1d9UcfbrC/yKfUq0f97w5dmXuXK2aI60vDc4rK451XMve4X8pVaQAZU1NjdasWaM1a9ZEzCQtKysL2caNqqqqUnl5eVzrlJeXx53lGo8Rk4ulmg9Uo2LZ36mWO3WaPi0rky3aqtyp03Rs/bsKxu6XRQz0506dJu36IHS5Ze/r3IjJKp5wTGX+xlD1rtYfi/wyty5KrcnFE7Rra/BlVlVvdf4yra75A77W+KuBXd2hcbKX+YOOYwxH0NDQIIfDoatXr+rKlSsx/0jSpUuXOnT5l6QBAwaovz+w6nBowIABIYHWvoChAAAAAAAAuJWMuF9LNtxvm5CruRs2RP09d+4GbQgbIiA4O3xbtvEngxNsy5vbDh9xINK+zr0vSdl6aEmk5eMpoyIcs33WEkWZlZRGjBih6dOna+fOnSorKwvJTLWPnfrpp58qNzcYLPe/0Gr69OkJy1hdvXr1da23YsUK/cd//EdCytDBiDs0btd67Zr2fOh5MzxbOvZpcDxUyQqsL1PpU09ZEyZozqoIWaIdlpum5zeYQ0/cv+R51TwVHE5g2vMbOgb/Yyn2/Uv0fM1Ttpe7BfcRN2us1/WlT2m9JmjO83M0YYU19uyIXD00Z4JK11tlnjZHcyZIXYW6Gxoa1K9fv4gB0s6kpKTos88+U1tbm/r3799h3sCBA3X1yhWl9u/f57JVJclhGIbR24UAAAAAAACwM19AVdwNL7vq+5qamvTyyy/rxIkTHcZS9Weyhk/buHGjxo4dqxdeeEEZGRkJKcfPf/7z63oR1rhx4yK+VAvJ6w9/+IOqq6t11113KTU19jzNQ4cOaejQoSosLNTQoUMjLnPhwgXddtttSffSqtLS0i6XIWMVAAAAAACgD8nIyNALL7ygl19+WRs3btTBgwf1la98RZMmTQoEVJuamnT48GH97ne/0+HDhxMeVJUUMThaU1MTMqZmenp6N76sCj3ls88+U0pKiq5duxZXVmlKSopaWlp07dq1qMsMGTIkEUXsFWSsAgAAAAAA9EFNTU363e9+px07dgSCmf7AaVNTkyQzsPnggw/qscce65Ey+bNj/cIzatE3HTlyRGvXrlVra6vS0tKUkZGhQYMGaeDAgUpPT5fD4VBra6uampp06dIlffbZZ2ppaVF7e7tmzpypgoKChAb1e0IsGasEVgEAAAAAAPqwpqYmHTx4UDU1NYGu+ePGjVN2drby8/N7NKDV1NSkn/zkJ6qsrFReXp6+9a1v9bmAGiARWAUAAAAAAACAuMUSWE3pgXIAAAAAAAAAwE2FwCoAAAAAAAAAxInAKgAAAAAAAADEicAqAAAAAAAAAMSJwCoAAAAAAAAAxCm1twsAAOg+xmc+te5ZqzbvfhlNDV0tbf3f0d3F6iEOpQy5Q+mP/JtSRuT0dmEAAAAAADcZMlYB4CbWsmu1rh76XZdBVcMwZAZUb5agqiQZar9Qp6Zffae3CwIAAAAAuAkRWAWAm1jb8YqYlruZwqnhjEtnersIAAAAAICbUOpnn33W22UAAHSXKzFe4x03c2hV4l4HAAAAAEi0VLP7JwAANy/udQAAAACARGMoAAAAAAAAAACIE4FVAAAAAAAAAIgTgVUAAAAAAAAAiBOBVQAAAAAAAACIE4FVAAAAAAAAAIgTgVUAAAAAAAAAiBOBVQAAAAAAAACIE4FVAAAAAAAAAIgTgVUAAAAAAAAAiBOBVQAAAAAAAACIU2pvFyCqI5s0b3W5XLNf0nPFzs6X9ZVp5eIKFbz0nLpaNKHr9gBf2Uot3uztOMM1Wy89VyyzyEe0ad5qadE6PTHRv84YLVr3hCZG3Wb0+d3viDbNe0djk7TOe4yvTCsXb1aET9fkWaR1D55J6vMzPuZ5Wh5plmeR1j3RS2fjpnlaLXP/vrKVWnzi0d4py5FNmvfOWFu77mnfV0bp3yjlxGpd3rrlOuZ34sHNGvTX0tVVs9USR1n6SVJLpVreeFpX49tj97LuTx15bvC6amsjIdd43Kio99IEXnvs15IIc0Pu073BV7ZSiysKeu28ivUz6L5y+lS2crFOPNp7n0FimedUbdTn5K7mh4qn3nv1XtmnRXsOcmn2TfGcBwDArSlJA6s+lb1TLo/Ho/LNO3SkuBsDgM5iPbeuuLu2nhgR/vA7smmeFq9U9AdgV63eWVmmb4bPP7LJ+sNmTPeVF7EJOfei/cE3MfnPz7hE+uPB/ENj5djY/vhLtIlPrNO6Ht9rEhvxTWU8uEVNO+wTS5T+tBnoNHqiDA9+Xv2SMaBqFyHw6StbqcXzNl1/cPXIAZUTUO0+He6l5nV33qbe+2LnlhPDZ+Asfk431W2vu1X8TJtGPhf27OBT2UozgOeKcTPUe0/p+BzkK1upxYs3aWSvJTwAAIAbkZyBVd8hVXg9evS5u6Xy1Tpw5AlNDHvSOLJpnvwJQy6Pxz7HzIZcVKCK1VY2oGu2XnpupHYEviW2PdSEZKxa684eo82b/d8n32gGUveY+OBsuRafkE+K8gd4gQrGVOiQrzjk4e3IAStgHTFtMImEZYR5wrJ87J+/tYD5R9mRTTKTgmyfma9MKxef0KPWtNCsmSTPErCfn7KOY5G02n/wgaxWf+Zr2PnaRT0mh4l6cLZLiysOyVfsDyiZf2wHP6awYFNYtm8gs91XppU/kwrGbNbmckmeRXpp7DthWTihmWP+LLOXxr5jnRerNa/W3J9v0zy9M3aRCipWW2Uxz5eRO2zXn5BsoLBsFFsQwczwKdDs2s2B4wqsa/ucFs870avXnPZz1UrJ+r6kHwQn5t2rfvLqWovLHD8m7w19bppb13ZNV3OltUwcWakD5lYo9bNKtY/NM7NSJV37PwVq2iH1n7lTA8YOkuTSgNIK9f8/BWraUaL0pxcpdYC18Pnf6NJbP4iy9d7jLH5Uns3v6IxPmuiUujoffqYCjdm8WeWS7r7fpQPvmyfG4nmbA2019Hplb99HtGneAY2dXavNm72Sa7aeLajQqyce1SKtVvASsU4PnrFtIySwFdbOZD+fY7gfRmuHgfJFPvbk4VTxc4t0Yt5qbbrbf23srE7UxTFL0oGQ4+5wzT1guyZ3CKKH1ln4tqPe96x5B8bOVu3mzfIG7mv27bkU8qiUNDp+BvbMSYW1k8jtIvw+HunccwY/19XzbFmcYZ+3/TwNv59Mnix9NCSkDfR2FrAkjSkoUO2BIwp5UPYdUoU88rjKVWtfuEO2fbBNh9d7tPtVsO6D90qnOvtMYriWdFWuaPdO/+F2dj70gecg550FculE4PcO2e/2Z0Ff5B4Trtkv6bmRO6LPS9oHXQAA+r6kDKz6DlXI63lUEzVR8kirDxzRE7YHxiOb5ml17Wy9tK5YTv9DsVwqCCzh1eZ3CvTSunVyWg/Yi+e5NPuldVrntNbfcUTFEZ+svNpc4V/X3PbqTXcn4R+EXbvz7jH62SGfim1/6B4o9+juRUruwGogOLrOfOj2lWnl4pUqsx6UQz9///L+P8rulkehwfjg+WT7w2Hdc8F1+1SWQLlWH1ikdeuesOplteaVe6y6Ms/Xd8oetAXrotdj8jKPo6LgJa17zgqFbpqnxZtGWu3wiDYt3qwxi9bpuYkyf5+3WJtGrtMTTknezea666wQbVlse3UWP6eXFNq90SfJu/kdFdivHYvnyTXb2v6RTZq32p9VHwzYrrMFaFaW2f6gKd+sE/75RzZp3uqfqezO51Q88QmtW6ReHgrAcmGPro14VAOkQIC0f45bOrdHxggr96lyj64V5KlfTolUaQ4LMCDLJePE6hi7+kuOsW4Zuwp0qdIKpv71Zg3YMVstW6fr6oObNSjnvJWxagVVm36jS2/8QLJ+HzRXSRlcDer6fPBurgicW5L0jS+EDgcRHLblueD1KyQjtlybTyzSunX+YG2F+WXkonUyLxErtXj1PJV7rGV8ZVq5+B2VPficip3WvXPMIq17zhb832ydk06p8/thJ+1wYgxtIWlM1N0e6Z0zPmmiuqiTzo7Z2lx5rcZan6lZ/5t0t+3+Ul4evCaH9jwJdtteFwhsL9ZKmXXW+X3P2vbmE8Hrffj2rICwXMEnpeRh/ww6nh/h7aTz+7iZqRmsR9u599xLUkjPkPA2ECGDOeR+YtZp8PnCp0MVXnkefa53r9kj71RBxQ4dMZ+aJZnPPSp4VGMrbIHVI5s0b3WtZr+0zhbwXB39GTfa/SrSvbLLZ6tOriWxlCtaWZyyemIFr5Mh++4jz0G+QxXS7G/G9hw68QnzGdC/rnWfeLTYKamzeQAAoLukGIah5Pr5WDs2e+XJd8swDLmnz5Kr/B3tqQ/OP1AueR7xKNMwZBiZ8nxjllxSYBuSfb5b+R5JnkfkyTTnu/M9Uu1p1duWj7xupnKnukKW7fkfSQqfVq89P9ssrydfblu5Fb6OO19jKv4SLPvHB1TuyZc7sHjvfc7R91+vPe+Uy7NwduDYjEyPvjFL2rzjY/Pzm/2G3viu/zMyj9MTOH7z8y4/8HFge3+p8J9PH2vHZmnWN+zrztZCT7ne2VPfq/VhGIbZxbqLupJcmjXdbdVLrqa6JNes6VZdmeer90R9TPWYPJ+72eZdU3PNz+XjHdqsWfqGJzOwjHv2Qnms60D9nndU7pql6W7/+m7NfuMNzXYH62hqbqZt+x3bUEh7kX1+2LKKcO2QR4/4y+bOl0e1Ou0vl2dhoBz+a5M279DH/m3by+3Ol0denaiPXs5E1Xl8tqjtnFMpD/p/L1HqCOna0eqwZS7JMeJe9ZckfV8pmZd07WgcY6+e3xPIdr16tFqGnHLkRVjuwUeVOsCrq4Eg6hY1V1TKyLxX6ZGWjyKx9SpF+qw+3rRa5a6pys2M9Xwwl428XeteaGvDmZ5vaJYreL2SFLhXBta3nWOZuVPl6nDN8J9zmfJ89w29MTu4vrl8bPfDztph18feGz+RPzPDMJQ5xn/djK1OAteOsGtP+PXCXNe8PgTq0/Z5uqfPkstbob/YrmvB655bsxd65LXqrPP7nn/fwWcC4+MDKrdfqzI9+sYsV9Q6SJ7PIHy58HbSxX384x3a7LUdt/WZftf/u73OrGUXBj5v63nS9swZej8Je76o/4sqvB7lu+Oth8T9mOdjpnKn1urAx/7p9fpLhcxy24/XPVtvvPHdwPkZeD6OeP9THPerrp+tOruWxFSuqGUxn3WCz0H+7c2WO2mfg7zavHie5s0L/ize7LWd/0bYc0nws+6wvfo9+tlmadZy2zHGMo8ffvjhhx9++In5JxbJl7F65KDKXbO03P+1rfNOTXW9rQ/8mZe+M6qVS1PtX746R3Y5YqhrTB/+trZ8jZ4OzzB1zdLy2V19tz1R+WN+HRgO4MjBcnnyZ0s62E0FTQSfar1S+ZqnOw7uH9aN0Vf2I734trfD7In5HmnNQR2ZPVETfYf0gdejRybKOne8Kn/xab0dtmnXrMQeRU8aMzLSuR17PfYsr96OWP/L9V0ro8J3plbyluvFpzsspVmSfLVeacwjvZch5BoTcd8+s8I7ttXerfDrcvVotdL+b2s4gLx71U/Vaq2UUgvClhmbqX6SrubdoZQWc5lE6z/EKbVU65p9YuUptU9zJ35n8fC+HeEc9WjhG2ZG4ZEbPR8i3evk1Mi4h8ceo4iXCJsjm5/WmkA5XZoaS/E6aYc3Q1uIXCcTNX2WSy/6r6uehXqjy/uwnUtjOjy7eFXrk0ZGqk/nGLlCO3JHve+F852plVxTFbq7m2Bs9S7u45GOO/qmIizbxfPkxHyP9Osz8mminL5aeT35SdHbxXnnVNXutIYD8B3SB5qqbzilQ5EW9pXpRy++HXxx5o02y0Q9W11XucxnnTGP9KXnIJdmLf9uaMbskc16es2vVTb9u3Fk0h7R5hfflmYtj7BOZ/MAAECipcYage0ZPpX9ulzyquMfrN6dOuKZJbdh/9Y2dJHQaWHzO0SbQyPQ0dY17N/K3+jhXQfDkORZqLWzIgQROpTJLLe9zO78MVqz84g8s6SD5R7lzzJkVEdbv2dF+gz9PAvXKvIhG/KVvaIlW7ySPFq49jtyq1pvz1+jwOfmzpdHa3TwyCxlnv5AXs8jtsxel0qWfSfig2bvtgXDlqFgn2w7PxV+rnZcJ/z/ndVj7wit/+q352tNeTC7yCybJFeJln0nUpd4Q8HTN8IxRGjP0dtwaF2HrhO2ZKRrR6T5nbRVX0zlSPy1xnE9K1Xu0bWCbyo9T2rLcUvnfqarCvsmrnKPrhUsUsqDUv8hwWWSVcLP+WjnqP3zu+7zIdq9ybaPWO5XthmBa4VtHbP9WceytlhOX5leWbI/pvthsChRL+Ix3rd6RrS2LZmBYNdo8xrUVZ1ker6jtR5J1W9r/hozeOwqWabv2G4qRmiFdbi2dCxClPq0bae+q/te2PqdX/eS+zMIOc8intPR7+Pm0C/RjjH0/O/s+S7yPVfm84X31/pLvUejDpbLkz+rl58dJMmQkZmrKbVvaU/9d3TnoQ+kKXPN7FAp+PzrK9MrS7bIK/PZ4Dtu6xogdV3v9n0ZYZ9ll89WvpB1rSIFtx9HuTq/d0auneR7DopwHXB/WSWuJfrgL/XyxHQt8anslTUq9yzUWtvzk6mzeQAAoDuk9HYBQvgOab/XpZJla7V2re1nWYlcKtfBaknOURojr06et693OiynAwHufHnKD6q6+qA5DEBvl6dLmRrtkmpP+6LM9+nQfq88C9dq7dpZUY7H6q53sMxcNt9aKtK5c9Pqqh6Tg3vWMpW4yrXmlTL5S+ocNUbynlS0jynTPDAl25Ela7muzxa1nZP65XzfGgYgUhd/cziAfllvdLLMjbt6wScNyAy85EqSlHdHkt28Orrh8yHi9cqn0wm72VXrYLl1v434JUbnOju+vtUWqnWwXBozyqm46sQ9S2vXrtWyEpe8+w/FeKyRnl1cGp0Zpc7On7Sy92K574WKdB31Je7kSTD7Z9CFLu7jXd0/uly2y+dJt/I9Xu0/VGZ+WZ00D1VO3TlF2n+oWof2S1Pu7FiXvkP75fUs1Nq1kQON17/rG3u2urFydfas0zeeg+xiagOSfGVvaYvXo4URKqyzeQAAoHsk1d+mvkP75XVNUYfnQWexHvFI5QerJbn15RKXyn/tD8T4VPbWFnk7bA0mt/I95VqzpjwYYExqThU/4pF3y1sqCzwL+1T2yny9Epxge1C2vpkP24o73yOVb9EWr/lHqzXVPHfWvK3gaJHVenv+fL1drZtMbPXY+5wqnlsil3eLlvg/BPeXzWCr/UOpflvz55ufm7P4EXm8W/T7wOzOj8v843m/DlmzfWW/7tgtMBFHYpXrLVs5fGWvaL4taNyXXD1aLY39G6WqWm1RuvhfPVotIzOv02Vu2I531NbiUv+537cmlCi9IE8O2xityejGz4eO1yv/H8yPJKxvpz0YUq23l8R+L+2sHfadthDM7ArGIDqrk/D7hRnwdE25M+bAdIdnF88jKnZGOl+q9faacrlKvhwIpHZ13wthXUd/XRa48OmtLcn4pBTpM+hMF/fx8OOWmf04P9JNvsO9JvQziVqCfI+8W7Yk3ZfVzjunSFvWaIsiPEf72YL3vrJXbMNd3IgEPFtdd7n8zzq/D+7bV6ZX5r+iMl9feQ6SVP17bfEGA/WZo11S+cHAMVX/3nYdqn5bS7ZIJcsifMnS2TwAANBtkmgogGrt3OKVq2ROsPuSTU5ekfTar1X2QKk8nlItqH1GS+abGVJFJSVyefcHB+iXQrpKdui+GKmLZbR1A7N7qeucrWydLWUvd3iZc/KKpHIpL8c6Lvvxd2PZOy+vV1uWzFdojptLJUtL5ckp0dKSVVpqm+8qWapST6YMQ/LMKdH+pUtkffwqWrBUJduWasuBIyrJsR4lc/JUpHLtdU2xXnphTs60zp0184NP7UULXtesnOjdyHpGlG6/9vNTtn8bkdcJOV86rcfeOZvD25ckKdOj0gW1eua1NXpl9FKVepzylC5Q7TNrFPyYirTg9VnKMQwZylHJ0hKtWjpf8wOzF+h1T6aCPQ5t+8gp0YKiZ/SaVQ+ukgUqcb2mWn97sV0fMnOnyLVljeaXm/uzd4f0b9f8X1jXasOQYfjLFTw35SrR0lLzhR3BokVaV+Y5631NS+bvN9tBgmJn1zUUgGR19c9Tv3N7onfxj2WZG7ZFzW9I6U8v0qDSvzEnnf+NLgVeZhWbhJ7zMV1D4z0fOm4301OqpVqlpfP9Z3qRFrxeYrWDGO5XHbrQ2q8ZOSpZUKRn1sy3AnQulSxdoKKlr2n/oXp5PF1tv5N2aGR2euy9di8tt19T/MVaqtc9Tuv86KpOwufLdsxhXakDO5Xt+cKlkim1WuL/PF0lWlqSE9z36wv09jPBOovnvtdh38q0rqP+dYpUUuKS+aiUzJ9B6Hkm278DR9bpfTz8uGWdezkyDCl3iktb1sxXedECvT7LLU/pUmnVUgWb2AK97v9MQj4/W4Gt5wvl5ah37qV+YW00M1dTXJKmWC+CDB6AeX/zzFHJ/qWBZ2cVLdDSkm1auuWAjpTkyP8ddOR6D91X+L3S3eln0vm1xBlHuSLfO61nncCHaO7bk2nIyEzG56Doz785gWu/WSf++ixasEBF5dskw9CRA+a0DtsoWqAFij7vdTJYAQDoNo6GhoZkiawCABKs38++2o1bL1H609+UKqYndfaoJF375m97uwgAbgrV2rKgUnmvlZAVCAAAcJN76aWXulwmiTJWAQB9St696qdqtSZ5UFXq3ReVALiJVB/U3sI8zey1Xj8AAABIJqldLwIAQKgBcyvUP/OS2nZN78ZhAAAgWfi099Xl2lpTqPlryFUFAACAiYxVAEDcWt4qUEtvFyIO3OsA3JhMFX57tQql0HHPAQAAcEtL6e0CAAAAAAAAAEBfQ8YqAOCmx70OAAAAAJBoBFYBADc97nUAAAAAgEQjsAoAuOlxrwMAAAAAJBpjrAIAAAAAAABAnMhYBQDc9LjXAQAAAAASjcAqAOCmx70OAAAAAJBoDAUAAAAAAAAAAHEiYxUAcNPjXgcAAAAASDTHxR/fy1+bAHCzunalt0uQHPrd1tslAAAAAAD0IUtP3N3lMqlyOHqgKAAA9CLudQAAAACABEtVW2tvlwEAgO7FvQ4AAAAAkGC8vAoAAAAAAAAA4kRgFQAAAAAAAADiRGAVAAAAAAAAAOJEYBUAAAAAAAAA4kRgFQAAAAAAAADiRGAVAAAAAAAAAOJEYBUAAAAAAAAA4kRgFQAAAAAAAADiRGAVAAAAAAAAAOJEYBUAAAAAAAAA4kRgFQAAAAAAAADiRGAVAAAAAAAAAOJEYBUAAAAAAAAA4kRgFQAAAAAAAADiRGAVAAAAAAAAAOJEYBUAAAAAAAAA4kRgFQAAAAAAAADiRGAVAAAAAAAAAOKUahi9XQQAAAAAAAAA6FtSiasCAAAAAAAAQHxSDVJWAQAAAAAAACAuZKwCAAAAAAAAQJwYYxUAAAAAAAAA4kTGKgAAAAAAAADEiTFWAQAAAAAAACBOZKwCAAAAAAAAQJwYYxUAAAAAAAAA4kRgFQAAAAAAAADixBirAAAAAAAAABAnxlgFAAAAAAAAgDilthNZBQAAAAAAAIC4pLYzFAAAAAAAAAAAxIWXVwEAAAAAAABAnBhjFQAAAAAAAADilNrOIKsAAAAAAAAAEBdeXgUAAAAAAAAAcWIoAAAAAAAAAACIU2o7b68CAAAAAAAAgLikpg6+vbfLAAAAAAAAAADJ43LXizgMg5RVAAAAAAAAAPArLS3tcpmUHigHAAAAAAAAANxUCKwCAAAAAAAAQJwIrAIAAAAAAABAnAisAgAAAAAAAECcCKwCAAAAAAAAQJwIrAIAAAAAAABAnAisAgAAAAAAAECcCKwCAAAAAAAAQJwIrAIAAAAAAABAnAisAgAAAAAAAECcCKwCAAAAAAAAQJwIrAIAAAAAAABAnAisAgAAAAAAAECcCKwCAAAAAAAAQJxSu2OjFy5c0MWLF9XW1tYdmwf6pNTUVA0ePFhDhgxJ6HZpbwAAAAAA4FbTXXGWuMqQ6A1euHBBly9f1qBBg5Sa2i1xW6BPamtr02effSZJCWv0tDcAAAAAAHAramtr0+XLlyUlLs4Sr4RHYi5evKghQ4YQ5AHC3HbbberXr58aGxsT1uBpbwAAAAAA4FZ02223KSUlRRcuXLh5AqttbW3q16+fDMNI9KaBPi8lJSWhXfZpbwAAAAAA4FbVr1+/Xh0akZdXAQAAAAAAAECcCKwCAAAAAAAAQJy6ZWBGuiUDPYf2BgAAAAAA0PPIWAUAAAAAAACAOJGxCvRxtDcAAAAAAICeR8YqAAAAAAAAAMSJwCoAAAAAAAAAxImhAIA+jvYGAAAAAADQ88hYBQAAAAAAAIA4kbEK9HE32t6q335Gr+2NNCdVgzJduvOrf6vHpo5Rxg3tpS/wqXzVUm0ZvUCvz3JHXSpqfaUO0mj3FH35b7+s/JHXWVtNtSr/eZVGfuvLil6CSKyyq0RLSz1yxngsAAAAAADg+nVL4Oje+AAAIABJREFUYBVAX5Mu15Q8jQ65IjTrZOWftX/jKtU2f0/fmzaytwqXhDrWV/OZKlVVv6f1P9ivP//j9zT3C4Pj3qqvcou2fDRaCxJYUgAAAAAA0D2SMLBqZVp5O85xlSxVqceZgH1U6+1nXpMWvK7oyVwdyxHX/n3lWrV0v6YsLZXHad9fLPsGetpITfnqLHU4vWed0e9f+oG2bfv/9GfPXH2hf68ULglFqa+mQ3r7B/+uvW/9p9zfL+04v9s45Sl9XZ6e2h0AAAAAAEjGoQAMGYZU9MxrKgkJPFZry4KlesVYkoDgqlU+w9xXB75yrVq2VZq5RK8969+Xuf9nap/RayUxREQNQ4YMGYYRrA/DkGHkqOS11+Q/TuBG3ehQAIb1XyNie7hdd3lGa9svfbpwwZDhbw6+Q/rvjRu19+gltSlVg3Ly9PBjj2nKGH8XeJ/KVy3T1jFf1zOpv9W/7z4rDbpHc174e31BtSrfulG//fNJXWqTUgeN1he++qRmekKHG2iq3a9f/nKbKrvcxz/rB5OrtH7jXh291KbU9Nv1hRlzwrbXpNr9v9Qvf/uRvOeb1aZI+/Ufv9FpnXZaX+m5KvnH+1T56m5t23VcRX/rCs7ros6qtyzQ63slyavXntkrFfmvNbGU3aoLzdSSUo+ckY6lKbZ6BwAAAAAAsUnCjNVo3HpgZraWnTwvyalAIKEmuET2TH/QtVpbFrwu2YKzvvJVWrZ/ihV06IxP5evNoGpoANetkiUzVbtsm8of8GeihZWhKJaga2jZqrcs0LbRMzVm61b5h20MCSpbQV5zF0WaObNWW23HEQzGmPOfea0kzrEZgc5d8p2XdLtkZaterf5vvfzvu3Vx5D167Ot5ytR5Vb73S21cWSXvMy+oxG0L0+3fqH8fOUUl//xVXT2fLleGT+WrVmrr+Rzd99jXlZspna98T7/culK1bS/o+180hxtoqt6il1/fq+bR1j7ajmr3b/8QeR9/3qh/2z9YuY89qX9Ob1ble7/Uh1tflQb/m+ZYKbZnfv+qVm4/r9H3PKYn8zKVfumk9v7ht6rc+qqa05fqf+fH320/KpdHD2Tu1vajXvnkkjPGOhtZ9M968upWbfwwUzP++QGNHjwygWX3qfzfu653AAAAAAAQuz4UWLXzZ6o9o9dKzTCir3yVlm1dr/LcG+x+66vS/ppsTZkTYSNOj0pf83e2DS+D+fuCLTFmtNrUbN2vKUte02tO6zhe36K810rkVrW2+DNnPU4ryLpXyp4SOObXa2dqyWtmkNVXvkrLVpXHEDwGYnFVZw5u1H/ubpaypyh3sCSd0d4tu3XxC1/XD+bkBzId78zP0xfWf18/3fKhvvj9LyoQpmvL1ZPPlCg/kGRarv010j3/vEB/e6d/5VylN39fW/9cLd8XR8opr3770726lP2YlpR+0TqX79SdU/K07Qcr9V74Pi5l6stLSvVFp78sI9X/2de1t8qrOV9wS/Lqz3svaVDR/9azJW4rPnyn7swbqfX/z09VefSMlMjAqgYpc6SkqjMyvwaKsc7G3Kkc1yDpw5Fy3Xmn9QVJgsruq4qh3gEAAAAAQDyScigA/zZCNuPbq/Vba1Q4P8ccKuDZNSqy7Stz0hRla7/V3d4wt2Lbhn9Thr+Lftj84H5qVaPRmpHZRVf96t9ra02h5j+bY5UhU0Vfn6n9y7ep/EvPqihwOOHlCd23YUgqnKEia3/+4zhTbyjn/EHtzZ6pF4syzX1kFmlG4VatPRlax/5tZhY9qzVF1rZjr3D0cTc8FIAhSTXaumyBtkZaYNBkff3rRco0DBm+Q9p/VhqZK3kPHQpZrCl1sHT2oKrr79PtTqtM2bnKTre1pUGDlJkqVW5/W7mDvqrJYwarv9KV9w+rlGcVxvAe1IfN0l0PFJr7DOxhtO57IEfvbfqD/nz6Pj0w0pozOk9/HdJeh2n0aEm1Z1Rv5MipbD2w5Id6wL99/2KpWcoZLVU2NemKYah/yBAhnQwFELyYRLlGpGvQMCkwXEDMdRY2zIBZgfGVXcFrXMixxFLvUY8YAAAAAABEkrQZq/vWLtS+sGnZM19UeDJo9ZaFWhtYMFtTeqBskuQ7e1LKnqJM+0Tn7Rqd6H2MzgvJJMscky2dtHZXNEOFW9dq+cKtkrI188VnVUTaGa5LurLvuSvkLfdKHyP3F3I02TVSgXdWnT9jnn67/0v/sTvSdi6q1j9aRyT9v6AZT05WzcZ9+q8f7ZNS05XpmqwHHnhAd+WONLM5r15VszI1ZmTHN2UNzrxd0lH5LkqBlNXUWN+odVVNvjM6efaszlZX6c8ffaSjZyXpki52UuT4XdTZk7Zfb7TOJN1w2WOpdwAAAAAAEJekDawWzl/TIYhqFwioZs/Ui2uK5PTt1avL99/4jjPHKFv7ddYnuZM+SOlWyZo1KpFPe19drq3LF2qrCjV/DeOsIl63a8pXSmIOzHfVPjvjzPsHLcm7qNqqj/ThH/aq8uiH2vofH+qX2TP1L88WdUuXdF/lT7V240c6b775SZmDRyr7rns0+U+79aeE7+28zpyVlD0m5IuX662zRJW9N+odAAAAAICbWRIOBWDvDhttiaOq3Jetx1/8tooyZXVjDaxlW8/2b+sN2aFdXiPsI3OS7sneqv1VPhUWZYbNPKqti9ZK81dr5u2jpZpanTeMYPDEykwbrRjKE7ZvI7SgMmQo8/bR0v4z8hk5gX2cr62RdE/YcWSq8NurVWiVr7J6pnJyotUdbjY32t4C2+m0zVkGZSpT0mHvaRk5nb/wyH8mR+5mPkijJxXqa5MK9TVd1Znda7XiV9u1+3ihvpbaX+k6r9ozV2TcHpqNevH8WUmjNdLq+h9tHyHTL36oTf/1kZrvekovPpGnzMAmz+i9P+3Wn2zr24cM6UrU+vJW6sNm6fa8CeZQBnHUma0A5j/jLntXx9JJvbu6PGQAAAAAAGCT0tsFuH41Onne/++j2rr8F6oJzMvU6GxpX+XRwPz3flETvoEoMlX09celXyzXj/eet003g5b7sh/XAzmSch7Q49n7tHarfx/ntfe/fqGawhnqEI+9Xjl5Kqz5hf7LX47ze7XdNj7C+b0/1qIf71WwGiq1T4XKI6iK7jJysu67XTr/P/+jqmb7jGZVbXpe33l+kz5qjraydLXqV1r+/GL9ymuf2l+DB9lewOS6S/ekS396b5/Oh6x9UrvfOyoNmqSceNrYWa+OSpp8jz0wKenkh/rwfLSVrlNzlbb+bLeaUyfpK3dZQdQbqbMElT2megcAAAAAAHFJ2qEAOpejmfMLtWjtImsc1mw9/uJ8FS5fqw+rzquoyAyOfrh8rRbtk6RCzZ9fqH3bY9x8ZpG+vXqkti5arkW/CE7OfvxFrQ5ETTNV9O0XpR8v16JF1qTC+Vo9M5FRzRzNfPFx/Xi5vxyFevzxbNWcHGlmsBZ9XY9/uFzLA4U0s3iJq6L7jNQ9Mwv13tp9enPxSd038yFNSj2vwx/+j/YevqrRj39Fk9Ojr90/Z7Impe7W7rU/0sWv3Kd7Rg/SpZP7tPt3Hyk1+3Hd55Ikl77yzUJVrv2V/vVHJ/W1L92lzLaj2v273Tp8fpAK5z8Q31jGt+doUuo+ffizHyl95kOaNKhZ5/+0W+9WntTV674CntWHv9uqk7b1m89+pI+OXlKbBqlw/teVF4hZxl5n6enpkv6k997L0dXcHOUmqOyx1TsAAAAAAIiHw0hUP2LL8ePHNXgwWVDd5fze1Xqp7iH9+HHCp33VxYsXNX78+IRsKxHt7egvvq039mXr7xYvijnbuvnkh/rVr97Vn45dUptSNWBYtu55/Al9LTcwaIX2rn5J/6/+TosXFYW+5K35qN7b8CvtOVqnS9a4oRMKZ+uJr+WGLBe+j0ETCvXo419R3sj0LvbRcXrzyb36xYZ39dHZFrWlDtCw7Hv00ONfUea+5VqzL1ff+NenNLm/td7opzttX2Z9dZyeOmCYsnML9aWHHlBuhHrsus4kNXv17ptvandNi9qy/07LFhWpfzxlDxxzhGOJsd4BAAAAAOhLEhlnsSstLe1yGQKryezoL/TtN6Snf/y4lYV6VL8wJ4i4at+VbIFVAAAAAACAvqo3A6t9dCiAW0TO43q68Nt649vB9LhCgqoAAAAAAABAryOwmuRyHv+xfvx4b5cCAAAAAAAAgF1KbxcAAAAAAAAAAPqabslYTfCwrQA6QXsDAAAAAADoeWSsAgAAAAAAAECcCKwCAAAAAAAAQJwIrAIAAAAAAABAnAisAgAAAAAAAECcCKwCAAAAAAAAQJwIrAIAAAAAAABAnAisAgAAAAAAAECcCKwCAAAAAAAAQJxSE73BAQMG6NKlS4neLHDTGDBgQEK3RXsDAAAAAAC3qkTGWeKV8MBqS0uLxo8fr5bm5kRvGujTrl27poGf+5yOHz+esG22tLTojlGjErY9AAAAAACAvuTU6dO9tm+GAgB6iMPh6O0iAAAAAAAAIEEIrAIAAAAAAABAnAisAgAAAAAAAECcCKwCAAAAAAAAQJwIrAIAAAAAAABAnAisAgAAAAAAAECcCKwCAAAAAAAAQJwIrAIAAAAAAABAnAisAgAAAAAAAECcCKwCAAAAAAAAQJwIrAIAAAAAAABAnAisAgAAAAAAAECcCKwCAAAAAAAAQJwIrAIAAAAAAABAnAisAgAAAAAAAECcUnu7AEgcwzDU0NCglpYWNTU368qVK2q/dk1tbW26cuWKDMNQv3791K9fP92WlqaBGRka+LnPacTw4b1ddAAAAAAAAKBPIbDahxmGoStXrujSpUu6cOGCLl++rJaWFhmGIcMwOq7gcKi9rU1Xr15VS0uLLl64IElqOH9eY8eOVXp6eg8fAQAAAAAAANA3EVjtYwzDUEtrqy5duqSzZ87o0qVLoQs4HFKEoKrD4Qhuw1rG4XDIMAz5fD5dvnxZ48aNk9PpDFkWAAAAAAAAQEcEVvsIwzB08eJF1dXVqbGxMTDdHwQ1DCMkqOpwOGRIctjWD1knLHh65coVVVdXq6GxUWPHjNGAAQO69XgAAAAAAACAvozAapJrb29XY2OjztXX67zPFzozLDjqsKYFhgKIknlqSMGsVisYa8gMuNafO6empiaNGD5cQ4YMUXp6ulJSeMcZAAAAAAAAYEdgNYmdP39ep8+c0YXGxkCWqUO27FMrICprnj1DtcN8BbNYAxwOpVjTDFtwtbmpSTU1NXI4HBoyZIgGpKdryODBGjx4sFJTOWUAAAAAAAAAomRJqKmpSZ9++qkaGhoC0/xZpv7AaCBIahjmj31IgHDWNP+8lJSUkGCqn3/M1eBqhjnsQGOjTp86pYyBA9U/NVWDBw+W0+nUgAEDGI8VAAAAAAAAtyQCq0mkvb1dtbW1qq+vV2tra+jMsIBphwBqpIBqJ/uJtJ2IQVkpMFxA02efSZIuXLigEydOKC0tTUOHDVPmsGEaPHgwQwYAAAAAAADglkFgNUm0trbq8Mcfq+mzz5IzQBkhM7X1yhWdPXNGZ06fVkZGhrKzszVkyBCyWAEAAAAAAHDTI7CaBBobG/XJJ5+otbVVDocjJKM0KXSWDetwyOFwqKm5WVVVVRoyZIjGjx+v9PT0nisfAAAAAAAA0MOSMDXy1nLq1Cl98sknunr1qhxWpqojJaVPZn2mpKTowoULqqqq0okTJ6IPLQAAAAAAAAD0cWSs9qKamhrV1dWZWZ/WtKTMWO2CYb08yx9IvXLlimpra3XlyhW5XC7169evl0sIAAAAAAAAJBYZq73E6/Wqrq7OzEw1DBmGoZSUFLUbhhwORyB7NdkZhmGW1ToG/zQ5HDp79qyOHDmiq1ev9nIpAQAAAAAAgMTqG9G7m4zX69WpU6eCE6xu/+3t7XLIDEwafSVr1eEwy2qNtRpgBYobGxsJrgIAAAAAAOCmQ2C1h9XW1urUqVNmVqq/+7wt07PPjUvqL2+EsrdbAdeLFy/K6/X2vWMDAAAAAAAAoiCw2oPq6+t19uxZSX00iBonR0qKHDLHja2vr9eZM2d6u0gAAAAAAABAQhBY7SGXL1/WCeuFTrcMW/DY4XCorq5Ozc3NvVwoAD3i7G+1882/RJhRrwM7t2vb9rCfsmqpukzbdh5Ufaz7qD+oHdvLVB0+vbpM27ZvV1l12LR4tg0kO+s831YW2gLqD+60nf/VKtu+UwfCT/yo7SG4fP3BnR223XlxtmtbWHusLtuuHQdpdejjurif3fg5HqWd+u+XIW3VnBZH0wQAAN0stbcLcCtob2/XsWPH1NLcHHjR063A/2Iro71dDodDra2tOn78uHJzc0PHYwVwU6nf8V1V7JKGjh+nnX/7vsb/9zNyhy2TllWgB/OHh0116+HwBTvT0KTWzmYfP6h6d77C9wLcNNLSlNZ4WtVyW22sXl6fvVW4VTwjnkZ1oxr1ycF6uTu0baBviuV+duM7uagmSenR5rfWqao6X8U92ZQBAEDMCKz2gJMnT6qpqckcU7WvvJQqARwOh2QYwbFkJV24cEGXL1/WoEGDerl0ALrL8Ad/pBmjX9f2n+eo4L+/Gntgs7pM245nqHB6trw7K9ScPlQNjc3KKpiuIVXbVdVoLTd0kh4ulsoOmxOqyqrl7vAX51BlOX06eLA+QgC3Xgd2VqjOH39Ky1Lh9Hzp4E7ta3Iqq7nOnDd0kgozjmuf+YtyZxTLLTOTb59/5aGT9DB/7aLXOOUc6tOFeknDJdXXyKehGpbmbyzVKtt+XOkF03W3DmpHRZ1aJQ0bOtS2DVt7GDpUwyLtpj64rr0tdDA0S05fpQ7UT9fdHZqdfRv+L1ekAzsr1OzMUlOdVbZJBUo/XhFog/72VV0WvAZE/mIGSLzrvp9FPN+Hh94/0rLM+12luVxd5UHVT+/4ZWBaVpZ0uEzV7gjtrrpM2w43Bn4dNmmGit1Wu89KV11do6Q0ZRWMV3PFYTXI3n6qVbbdnGYuE6HdAgCALjEUQDe7dOmSzp07F8zQvIUyNTuMI2sd+8mTJ3upRAB6xNnfaufPc1Tw90dVEbH7pNRaV2EbCiBCd35JDRqlh2eYAaFPGocqd8YMPTxjkoY1HteBereKJw2VNFS5UQKbQ/LHK6OuquO26xs0JG+GHvZvr9Unr7+fZaNPypuhhwuylNZ4WAeVZy6jRp2ullRdpn0+pwpnzNDDMwqU1XyYLpnoVUMyJF+NeQLX1/gk56gImW/1OlBZJ2UV6OEZMzRKwUBM/cFK1SnLPKdHyQqy2FWrrMInZ4HZZgqzmlUV9aQfrLvHp6uuquP8+obByp9htbtJQ9Xqqwl0b27wSfkzZqgwK00NhyvNNjhpqNR4WtUyv8yo0qRAm82oq4zQbRroBjHczyKJfL5Xq6pOyiqw7h+qU1X1cN2dl6U0pSkrL1oPi2zlZjXrkwhDDlRrlNUurPZz2t/2WlXXZM7LHdqquorTGmUtY5alXgd2HpYm+cuYbgZ2r6eOAAC4xZGx2o0Mw9CpU6fU2hrWWdXhkMOaf7PzZ6umpKQEhgZoampSe3u7UlKI6wM3pdu/quk/NP85468jLxJLxllahpU7NzxbzrQKVW3frqqhk/TwjOnm9I4RoDBuFU86rR0H6+UebJs83C13SNZqWjAQleaUa7gkDVaGfErPNsuYniY1S6q/2Cy1Nmrf9rrg9k5XS26yVtE7hmU7pUozSOn1Sc68YZIvbKELNfK1pslpnc/uUUNVdVzyDx2Q5sw2AzruURp2+HjouvUX1aRWNVRs17bARPvwA2Hcxco9vVMH6t0aYps83O0OzeJLywjMC+x/cLrky7DaYIbS1CRJamhqlRoPa9v2w4F1mmrqpeGk16GbxXA/iyTy+e7WqKGHVVWxXdvSslQ4fYZ53scQzRyenyfnzipVKzdkutvtDs1atSWjDxtlttBhGWmSRpntdXC6dX1oUHOr1HB4u7YFmlWzvDQrAADiRmC1G12+fFk+X/hfNzJf6tTzxekV/uBxuzUEgmEYam1tVVNTkz73uc/1ZtEA9BnDdff0GfJ3W9y2/bDZ3TGWVd25cu6s1AF7Dp/1R+iwSTP0sNVlMi50/0cyGZ4tpyrlrZZ8cip/uORN+E466f4fgTvXqR2VBxXa7Laryso8d1eXaVuczY7u/+hLop3v7uIZgS/29m2vM8/r7Fi2OFx3j5e2ldUoKzDN+oJQWSqcUWwNZxNPKen+DwBAIpAy2I3o8h7dpUuXersIAPqK+oPasfOg6uVW8YwCZaXFs/Jw3Z3nlK+uMXRyWpZy3ZKqT3ed+Grf2uB0qfG41Q05UW+EBm7EcLmcku+4T63pgyN3JR6SLWdaa2DIgOrTjbZ104Ld8iO1h+GDlWG9lEoyu+WHvqU8UpHyle/0qWOzy5U7ZP+xGZaRptbAsB7VKtvOW9GR/Dqe79Uq216mauvLwtyhna0dgbtYuaoLjg9uGTY+X8M7vLiuK8OUntYaHLajuizqsDwAAKBzZKx2k6amJjU0NJjjit4CXf7j1djYqDvuuKO3iwGgLxier3znTu3bvt38fegkPeyWVJ+hNNVFeXlV6Pr/19A6VTVbv7tHadjhw2Z3/qFZykprVHOs0VV3sQov7tQ+f7fooZP0MFl06GXDs51SXZ2GjXcrcr9icxzHHRUV2lYX+vKq4fl5yrKy5yK/vMqt4oKLgXXN7NVoY0Ha9pg/XsPqDsufQOceNVRVh639Z2UprbEp5i81hudPV27TdnM4EFnZqySNI0m01vnbhhTIAo14vuereNJpbbPOY6VlqbB4uKQGZagu6sur7Ny5Wfqkwr8z84uRfYe3a9vhNGVlDZV8F1WvwZ1swW+47p4+KdALxF9umhUAAPFzGAke6PP48eMaP368Wpqbu174Jnb48GE1NjbeEuOoXo/Bgwfr85//fG8Xo0e1t7crY+DAQBtJhOPHj+uOUaMSsi0AAAAAAIC+5tTp0wmLs9iVlpZ2uQxDAXSD9vZ2NTXFNcjRLcfhcPR2EQAAAAAAAIDrxlAA3eDChQtqbY1nnCMAAAAAAAAAfQkZq92gocEcNczhcJCZGUV7e3tvFwEAAAAAAAC4bgRWE6y9vV2XLl8O/M4Yq5E1NTVRNwAAAAAAAOizCKwm2LVr19TM+KoxIbAKAAAAAACAvorAaoIFMjEdDgKHnTBEYBUAAAAAAAB9Fy+vSrDPyFaNjWGovb1d/fr16+2S3OI+1s//6VXtiTDn3mff1N//VWfr1mv3D1/QvoKX9fzn/6IVL1So8OXv6b7hYUvt/qH+ZZP0ZPi8jzfqW78ao3/93n0KWwU3gYbGRjU2NKitra23iwIkrdTUVA0dNkzDhg69rvVpZ0DXaGdA97vRdgYAfRmB1QRraW42/2FlrYqszIjIWE0uXQdRb9Rxbdzxse57slt3giTR0NioxsZG3ZaWprQBA3q7OEDSMgxDjY2NkhT3H6O0MyA2tDOg+91IOwOAvo6hABLs2rVrgX87erEcSc/KWMUtYvx4jd/zqn7+cW8XBD2hsaFBt912mxwOroJAZxwOh2677TY1NjTEvS7tDIgN7QzofjfSzgCgryNjNcHIwowdddUH1O8O6+JvDh2guDNcC/TYE9KqVzfqf735pCKuWr9bK17YpOP+3+99Vj958q8UHHLgCY3dtMkctmD8E/rXf5D+07/8+CdsQwqEDm/Q/dm4CNfW1kZmDxAjh8NxXV2MaWdA7GhnQPe73nYGAH0dGasJ1N7ergsXLgR+NyS+4Y7CMIyQ7F70rj2v/pO+9U/BnxW76xO+D+d9/6Anx+/RLyNuu167f7pJY599Uz9580395OUnNH7Pr2Rf9PimWv2vN9/UT958Vvce36R/+an0j/5lj2/S7z62tvPDV3XiiZcD2znx6g/VDYcDAAAAAABucWSsJlB7e3uHLEyyMqOjbpJHz2R1Dtd9//CE9r3wU+3+/Pd0X/i8770Z/NVXq+OSCm1LjH/iQSvT1amx46XxBZ83M1SHj9JY/0L1f9G+4/fqse9Zr8Mafp8eu3eTfvmXet0X/lYtAAAAAACAG0BgNYHa2toC44Y6HA4Ch11gjNVbkBXoXPXT3fr810Jnfbzxn7TK339//HiNv57t+2p1XHu06p/2hE6/1yeJwCoAAAAAAIhNaWlpl8sQWE2gK1euEEyNA3V1a/qrJ5/Vvf8/e/cb29Z953v+cyhKsuQ/oiwmkWOqETvJaG/tu+uZYe5dBwHVBxmkKYQFnO1MZ6VgxzPjsZB5sq68Dxwb2+EUcOIHa9WLBW4hj2eqASLdtls0T4Smwc2DiihiYMK5N3Nrt6MmE6oj2ZZj2qJtyZbEP2cfnMN/EiVRMqlDSu8XYFg8f37nS0riT+fL3+/76x/UzyLB3MbYuH4S9qsvU8vVru26YW0++RXU66vVcQUAAAAAACgTEqtllEgksl+TMlwfI1ZrgLddHYrqo8xU+omIwpKC6564li69MRDUycGw5O/N2x7VlD2wdOKDUUXlLygFUFq8h/SSf1Q/GX9Vb3V7lVnIaqr3vP0YzpvUWGhYkeWbfT06dSIgzxO1HVfkyiV9cuSUTgSerCUAAEqzvF8L6HioR52lnDkW0rCOK9TTuerXAACgupFYLaP8xKoYjbkuRqzWgi59rdevs6PndHJUUrBXfX5p6ombfVV9/rBGMo8zJQIG+63E7cCAguHBbKK1dF51nxnQVL8dryQFB3SZpGrVCRwPKXe/aCVEL415uYkEANSOeERXLo1JPacUsj/Qi0eu6FJorOTkKgAAqG0kVivBMHKJ1fyvUYDEajXo0htDQ2se4e0+o8sFK01lHlgLTnXb294a6l5+6irnLz/XjqRvSJf78jZk41p+7PLHy5+D9fiNNZ8VqotHgVcCGhu+psmeTm5EAQA1YfIXY5oOHM8mVSXJE/iGej65pA8jL2969kRnT0ihcgV2bSNrAAAgAElEQVQJAAAqisRqBRjKKwVA8nBVlAIAsKrJMYWGcxMrfT329P54RFcufaIjp07Iul+1pmCqYAQsAACVNqlrESlwfHnn41HgREiBvC3xyBVdGpu2HpRQ+iZXCsBjlbhpD0iRiKwWCksNTI6FlOkuA4GAIhHZ+63ZIJnLKkBpAQAAKoHEagWQSi3NwuKi0yEAqApxRT6MSIHj9o3ipMaGZ9RzKmQlTyfHFBr+hSYDTKsEAFSJeEwz8unIeoNSJ8d0aaxdx0MnssnOjZa+mY5Ix0Oh7PnDY4et8yfHNBwJFCRSZad045Efa6z9uEInOpUpuTM2yYeQAACUG4lVOGZxYcHpEAA4JDIcKlzAytejU9m7vU71hE5kd8VjM5LatzA6AADKY/Ja/geHhaVvSuXreTl7vjevOyzedt6JkQ8VefmEAh5rFC0AACg/EqtwTDweVyqVUl1dndOhANhigTWn7hdOX/T5fFsVFgAApfF41a5pzcSl1ef1xxWbkXzrDmvdjLXb9gRO6JSu6NKlkMYkST71ZMvoAACAciGxCsckk0nNzc2ppaXF6VAAVJPJX2hsOq+G3OSYQsPrnQQAwFbq1OGANHxtUj2dhZ8U5mqkdsrbLk2vnX3dJM+6bXsCJxQK5MX044ieX6e+KwAA2BiX0wFsSyxYtT7DkCTdvHlTqVTK4WAAVJ8ZxeJStv5qhj1C6JPP4tbjyWuFJQUAANginS/3yBcZ1pVIPLdxckzDEZ96XraSrZ2HA1LkmiYl5WqKHy5LzfCibWfDCCk0Npl97Gn3Se1ekqoAAJQZI1bLyCShWjrTlAxD8XhcDx8+lMfDn3kAbJ0vq8d3SWOXQhqTTz3He+Qb/kSxuNTp6dTLPT5dGruk0JikQI96fNKM0zEDAHYeT0AnQl6Nhew+SZIUsBeqsnX26FTPFV0K2TVOC2qKP6HOHh0PhDQcikjyqacnIE1ndp1Sz5VLCmVLqwZ0PMTKVQAAlJthljkbGI1G5ff7tfD4cTmbrQnT09OampqSDEOGSLSuxzAMmaapL3/5y3rmmWecDqfi0um0mnfvzv6OlEM0GtWBdhb1QXX59NNPtXvPHqfDAGrG/NycXnjhhQ2dw+8ZsDE74vdsckyhD9t1iun+cMhmfs8AoBxuzcyULc+S7+bNm+seQymASjBNkVItHQloAAAAYGPikSt50/3tUgBM9wcAYEtRCqCMDLtuqCTqrAIAAACoGE/gFQVCwwplSquWs8wAAAAoCYnVMipIrGJNmTIAkuR282MIAAAAbEynekIh9TgdBgAAOxilAMook1glwboxDQ0NTocAAAAAAAAAbAiJ1TIioVq6/Lqq9fX1DkYCoNzcbje1k4ESmaa5qZkb/J4BpeP3DKi8zf6eAUCtI7FaISRZ12EYkmHIcLlIrALbjMfj0dLSEjejwDpM09Ti4qJaWlo2fC6/Z0Bp+D0DKu9Jfs8AoNbxkVIZZZKppiQjt5GFrIowZHXATz/9NJ9sAttMa2urTEn343Elk0mnwwGqltvtlsfj0f7W1g2fy+8ZUBp+z4DKe5LfMwCodWS0yiibIDRNmZKVVEVRmU/++VQT2J72t7byxzVQYfyeAZXH7xkAAFgLidUyWr4IU2ZUJlbKjO7ds2ePw5EAAAAAAAAAG0eN1TJqaGjI1VZltOqaTNOUx+NZkYwGAAAAAAAAagGJ1TKqr69XXV2d9SBTDgCr8ng8LPIFAAAAAACAmkRitYxcLldhzVDTJHG4CsMw1OLxOB0GAAAAAAAAsCkkVsusubk5m0w1XLy8+bKvi2Fo37592tXY6HBEAAAAAAAAwOaQ+Suzp55+Wo27dslVV2eVA2DxKiuhaidVXXayub29ndG8AAAAAAAAqFkkVsussaFBbW1tMtNpp0OpKoasBatM01RTU5NaW1udDgkAAAAAAADYNBKrFeDz+bRr1y4Wr1rGMAyZpqnOzk5GqwIAAAAAAKCmkVitAJdh6Hd/93fV2NBAAtFOpkrWiFWv11u4wBcAAAAAAABQg0isVkhzc7O8Tz2142usGsqNVG1ubtaXvvQlp0MCAAAAAAAAnhiJ1Qp69sAB7dq1y+kwHGXa/ySpo6NDjY2NToYDAAAAAAAAlAWJ1Qpyu9169tlnC7YZhiHtlPIAhiGZpmSa2t/Wpv379zsdEQAAAAAAAFAWJFYrzOPxaFdTU8G2zPT4bc8ug9C8e7c6n3vO4WAAAAAAAACA8iGxWmGNjY3a39oqKVdr1NQOSaza2p95hhIAAAAAAAAA2FZIrG6BgwcPat++fTJNUy6XSzJNmaa5I5Kr+/bt01NPPeV0GAAAAAAAAEBZuZ0OYCdwu936nd/5Hf36X/5FiwsLOyKhmrFv3z4rmYyqdGtmxukQAAAAAADADnegvd3pEDaFxOoW2bVrlzqfe07RaFRLS0tOh7MlDMOQ1+t1OgysoVbfuAAAAAAAAJzGUMIt1NraqiZ7IatMvdXtrKmpKft8AQAAAAAAgO2ExOoWe+6552SaptLptNOhVIRhGNlSB7v37HE4GgAAAAAAAKAySKxusaamJu3ZTgnHvHqx2dqx9v9t+/c7EREAAAAAAABQcSRWt5hhGGrxeLJf17r8Z2Bm/pmmGhsbtXfvXoeiAgAAAAAAACqLxKoDWu3E6naosGqaZm76v/21TFN79+6V283aaAAAAAAAANieSKw6oLm52fpimyxelX0WdlJVkp555hnH4gEAAAAAAAAqjcSqA+rq6rS/rc3pMMrHTqbWuVwyTVPNu3dTBgAAAAAAAADbGolVh7S2tjodQlmZpql0Oi1Jeubpp7dF/VgAAAAAAABgNSRWHbJ3z57s1y5X7tuQrVdaI/JjNe2Rq/v373cqHAAAAAAAAGBLkFh1SENDg1WTVHZC0jAkw6jNBa3ykqter9d6bgAAAAAAAMA2RmLVIXV1ddkFnkxJhmTVKrVHfdbSqNX8Rbi8Xq+DgQAAAAAAAABbg8Sqg/bbdVYN5abR15rlce/evduhSAAAAAAAAICtQ2LVQfv27VNLS4v1IDNC1TBkmmZNJlobGhvldrudDgMAAAAAAACoOBKrDnK5XHr66aetJGoNJlKXe+bppwsW4gIAAAAAAAC2K7JgDtu3b5+am5uzjw3VVn3V/Fjr6+sdjAQAAAAAAADYOiRWHdbQ0JArB1CD8sfZklgFAAAAAADATkFBzCrg8Xh0a2ZGytRWraERq8rEa5qUAQCQNRuPKz47q2Qy6XQoQNVyu93ytLaq1eNxOhQARdCXAeujLwOw05FYrQLNzc2qc7mUSqcl05QhZRexqgm1EieKmNC7/YMKF9vl79XbZ7rlLdulRnRyUDo91KeucrVZkVhiGr9wTh8dPa+3usv27HeU2Xhc8XhcDY2Naty1y+lwgKplmqbi8bgkcUNaFtb790g089ivvvNntOpbecX6pfX6Eavv1cCQ3nC8Q8Rq6MuA0tCXAdjpSKxWAbfbraamJs3Pz8tU4fT6WlJLtWFRKMjNHcooPjurhsZG3hOAdRiGoYaGBsVnZ7kZfWJWsnKq97wun7GTmbFxvXOuXx/1ZhKcJDRROvoyoDT0ZQB2OuZuVwGXy6W6urrcH26mWTujQPP+2KyZEbYAKiqZTHIjCpTIMAymGZfBxMigwsGBwhGi3m69NRBUdPQDTTgXGmoUfRlQOvoyADsZI1arRJ3bnU1MZv6Iq7VE5cLCgtMhoBLsqZJ9vVMaGbXmVwYHhvRipF8X7RoCmRGvEyP9uqhe9U2N2lMxg6tOsYyNX9BZu71c2QFr+uTUsdxootj4BZ2dPqbLfV12OLnrKjiQ3b56myWIjeudc6OKSpI/qGDJLw4AwHkT+jgsBQeK9DZdAQU1qI8nXtXMe3bpm8F+a9SqfcjM+AVdtPsOf2/+9P3Ccjm52R12X9URVDgcXtEXFQ9xRCcHM50m/QwAAMB2QWK1SpjpdM0lUiUVjKx99Pixg4HgSYQH+1fUWS0sDxDWRzqvy0NeK3lp35Re7rMTne+N62tnuu1DRzU1MKTLmUTrBd/KBOfEiM6Oduj00Bl12TeoZ0fadbmvS4eO+jUSmdAbXV2SYrp+NargMSuQ2PgFXZzq1dtDuSTsO+P2TXBBm9a1M22uLabxK6NS73ldtts5OSj5jz7hiwoA2BqxGU3Jr5faiu1sU4df+mhGeuPMgKbySwFMSPn9m/X+f0Xjh86o2xvT+AW7tEC31/4A7oLG82q2hqd8entoqIQP8Cb07mA426/Gxi/orERyFQAAYBugFECVSKfTBSNVayXJmj9FKnbnjlKplIPRYLOCA0O6PFT4r7D+XFCv23eS3vYOSUG9aO9v8/kLG/P36mv2vq5Xe+WPXtX1WOEhE5GwFAzYI1m96j4WlMIRTUjyHjoqv/21Ytf1UTRzrUySNZOktc6LXr2umN2mv/fV7OjYrld7c+2sJXZdH0X9eumQN3Oi+vxrnwIA2C5y/ZvafMq+/dv9T3aft1uvB6P6KK9D8x89VNqsiImIwnn9prf7GElVAACAbYIRq1UgmUwqnU7LVG2WATAMQ6akVCql+/fva//+/U6HBCd1tOduNL3t6lhxQEwzU5L/aNGhRZL3kF7yj+rjiT51aVrRbAL2rqaixUbXBnXXbjMaPqeTo/n7/JqJSV1r3fnenVZUHXo9F7TaVwYNAKhW3nZ1KKqpu9LKTKfVd3Qc80q6W3qbd6cVVVgX+5fN5wjelbRK/7WKmNXp5Z1ljaKd2lArAAAAqEYkVqvAzVu39PDhQ0mSaRhyuVxSjZQGWB7jrVu35PF4rOeAnWlqRjF1Wfe2sRlNScuSq1biMjpd9A5YkjdbDuBFhRUM9NnbrRvR4LFVVnPukPxHzxcuXFKKNp/8upqXgLWStPJtrBlsRFyRK5c0Nm098vWc0onA8lVkrWNmXgmpp7Nwz+RYSB+2586JR67oUqaxPMXbBbD9dOnFoHQxW0Ymjz1a9PR6VWGWa/PJr6BeL1onPFbkhNV5rU5PuV7PSvYCAACg9pH9ctDS0pJ++9vf6uaNG5Ikw+WSISmdStVEUjWfYRgyDEMPHjzQ7du3nQ4HTsqb+j/xwaii/qM6tCzX2RXITf2XYhp/L780QKYcwKAuhv3qyA7xsRKu4ffGs7e0EyP9OnnBetwVKFz5OTZ+QSf7R9YvBeA9pJf8UY18YB8Zu66PuOGtqMmxSxpTj06FQgqFjqt97JLGJvOPKEy8Fp4b0nCkcJsncEKhUCj373hAUkCvkFQFdoyuvgEFw4N6Zzwv6Rkb1zuDhWViSuY9pJf8Yf0k296E3u3vL2y/5OACCiqvrYnIirrmAAAAqE2MWHXA0tKSbt68qXv37mlxcVEul0umrAWs8muW1oKC0gWGIRmGJicn5XK59MwzzzgcHUpVbPEqKajTRUfqrCPYoalz/TqZbaN75bjUrj693XtBZ/v7rcf+Xr2dv8iU95Be8ktRFSZlvd1ndHq6X2f7M/P989pf3qb86jtfSvxeddsLmpwMW20Gg0zRrJxJXYv41HMqICvt2ameUCi3Ox7RlUtjmg4EFJiOFJw3FhpWxBdQwBfRzBrtjw1HFDgeUueqxwDYfrr0xtB5jV/ILwnjV9/5IeUmMtgjWwf7NdV7Xm+1r9Vepm/Iay84YC1ktcERq1KX3jjfq3fO2W35gwpSyxsAAGBbMMwyD42MRqPy+/1aYIX4FVKplO7eu6cb09NaWFjIJSUl1blc2TqrqqHRqobLJdmLbeUnhU3T1DPPPKMDBw6oqanJwQirRzqdVvPu3dnfkXKIRqM60L7mneGWmhjp10UN6HLfhtOxRdv6iW8TU/vhuE8//VS79+wpvnNyTKFh6Xiop3jiMz6pSXWq02MlUnU8UwpgUpOTnerstEazfnKk+DT/eOSKLn1yRKdOZBK3QPWbn5vTCy+84HQYAPKs2ZcBWIG+DICTbs3MlC3Pku/mzZvrHsOI1S0Sj8f1b1NTmp+bk2Qv+GQnUPO/rqWkqmSNspUkl8ultGkqk1o1XC7dvn1b8Xhczz77rJ555pmaG40LJ03o47BfL50nqbot+dqlyBWF7Ln+BbVQPZ2rjDTtVOe6Q1An9YuxaQWOnyCpCgAAAACoOGqsboHbt2/r888/1/z8fHZbfvrUlDWasdbqquYzTTM7cjXztcvl0uLioqLRqD777DMlEgmnw0QtmBjRyf5BTfWeEINVt6npMX2ob1j1UE/1SCtqrG7S5DVFFNBhagAAAAAAALYAI1YrbGZmRtGotRKOq65O6VTK2pGfRK3hhGrG8qSwaZoyZY9kTacVi8WUSCT0/PPPq6GhwZkgUXFdfUO6/OSN6PJQXznCQdXKW1jKE9ArgTENX5tUz/pDUtcUj81IgVeorQoAAAAA2BKMWK0Q0zT1b1NT2aSqYRjZafM7hSEpbY9cNQxD9+/f1+TkpFKZ5DKAncfTLl+Rzb72J528H9dnn0yXoR0AAAAAAEpDYrUC0um0/vXzz3VjelqGYcjlcsmUCmqq7gSZkgDpdFqGYchwuXT37l19/vnnNV32AMAT8DyvI76IPozErcfxiD6M+HTk+SdPrM5Ml6MdAAAAAABKQymAMksmk/rNp5/qfjxujVKVCkaqFixUtc1lEsiGYSidTkuGIcMwFIvF5K6vl/8Jp/0CqEUeBU6ckq5cUmjM2hI4HlLgifOqMc1Ian/S8AAAAAAAKBGJ1TKam5vTv37+uR7Nz1ujVE1ThiTZydRMonWnMeyEqpnboJlbt+Suq1NHR4eToQFwhEeBEyEF1jymUz2hUOnnegI6EVq7RQAAAAAAyonEahkkk0nNzMzoiy++0NLSkiSrtqghZROqWXmPt/vI1czzS6XTMmTVXJX9v2kYmp6eltvt1oEDB5wKEQAAAAAAANgUEqtPIJ1O6969e7p9+7YePHhQuNM0syM0MwnGgv93SJ1VSQWvhaTsczdcLt26dUuGYai9nQm8AAAAAAAAqB0kVjchlUppdna2eEK1VNt8tOqaMqN2TVOJREI3b96UJJKrAAAAAAAAqBkkVjdgYWFBsVhMd2IxLTx+LJfLtaMWoyqn/NG7S0tLik5OanFxUR0dHXK5XA5HBwAAAAAAAKyNxOo6EomE4vG4vvjii+zo1OxiTHZykOTqJtgjVrP1Z01Tt27d0qNHj/Tcc8+pqampsDYtgJrhdrtX1pcGUJRpmnK7+XMMqDb0ZUDp6MsA7GS8+y2TTqe1uLioh3Nzit25o/v372f3ZRKo+UlU/tjaHEOSqbzFvezX8f79+/rnf/5ntbS06MCBA9qzZ4/q6+sdjRXAxng8HsXv31dDQwPvkcAaTNPU4uKiPC0tTocCYBn6MqA09GUAdjoSq7JGpT569Ehzc3OKx+MFdVOX/yFlGEZuIaZlSVaULpNQzbx6mVc583rff/Agm9Q+cOCA9u/fr6amJpKsQA1obW2VKel+PK5kMul0OEDVcrvd8ng82t/a6nQoAJahLwNKQ18GYKfbkYnVVCqlR48eaX5+XvPz87pz586KUaimlEucGkZ2hGWBvGns2JxMQjWTaE2n07l99ut769Yt3bp1S4Zh6MCBA2ppadG+ffuoxQpUsf2trfyBDQCoafRlAABgPds+sWqaplKplB4/fqyHc3NaePxYjx8/LhiVWuycZRtWJlXxxLKvs51AXf66F+y3k9w3b97UzZs35fF41NLSopaWFjU3NzNFCwAAAAAAAFtq2yVWM6vMP3z4UAsLC9b0/vv3ZeaNhESVWW/E7/L9hqF4PK54PC7DMNTW1qbde/bI29amhoaGysUJAAAAAAAA2Go+sZoplh2Px3Xv3j0tLCxocXGx8CDDyI5opCbqNmCXZ8iMYo3FYorFYvq33/5WTU1N8vl82r9/P6NYAQAAAAAAUDE1l1hNpVJaWFjQ48ePde/ePc3NzWlxcdGqi2onTV0uV/Fp5ZnV50mu1q78ZKld+za73TS1sLCg3/zmN2psbFRbW5uefvppNTY2Uo8VAAAAAAAAZVXViVXTNJVMJrWwsKCHDx9qbm5O92ZnC6f126NRTUmGyyWZptLpdMECVNlDM+1u4XNAhdjfVzP/sZ1cN1wuJRKJbD3WvXv36qmnntLevXvV1NTESFYAAAAAAAA8sapLrJqmqUePHunBgwd6+PCh7t69W3hA/rR+6wTrf3v0opnXTjbpmknCMVK19hWpt5pNmGeSq+l09mdCpqmHDx/q4cOHkqS2tja1traqpaWFeqwAAAAAAADYtKpJrC4uLioWi+nhw4eanZ0t3Jk/5dtm5u1TXuI0P+22/BzDLgXAQla1L5swz0+s541ezuxbXlv37t27unv3rpqamtTa2qp9+/appaWFUgEAAAAAAADYkKpIrN6/f1+Tv/2tHs3P5zbm10JdljAtqsgxReusYltY8b20v//Lyz9ka+tm2D9Xjx8/1uPHj3Xz5k21tLRo165d8nq92rdv31aEDwAAAAAAgBrneGLVNE3duHFDj+bnC+ui5q38XuYLlrc9VJdi39/8bUX2379/Xw8ePNAXd+6oublZX+rokMfjqWCQAAAAAAAAqHWOz3++d++e7t+/nxtVuE4SDCg3l8uVG8n66JE+//xz/eY3v9Hjx4+dDg0AAAAAAABVyvERq7du3ZLhcllTuTOJ1EqMVAVWkU6nZRiGXC6XUqmUlpaWFI/HdffuXT377LN6+umn1dTU5HSYAAAAAAAAqCKOjlh9/Pix5ufnrVXci4xUNYzly08BlWFKSqVS1temqVQqJcPl0s2bN/XrX/9aMzMz1OgFAAAAAABAlqOJ1bt37xYkqzKrumeQyMJWMOwR0gU/f4YhM52Wy+XS0tKSotGoPvvsMyWTSWeDBQAAAAAAQFVwLLFqmqYePHhQkDzNruouu+4lsAUyCdXMz59hGDLs/9N2iQrDMBSLxfTrX/9ajx49cjhiAAAAAAAAOM2xGqvxeNxatCpfXpI1nU5vcUTYqZb/rK0YJ503inpubk6Tk5Py+/3UXQXWMBuPKz47yyhvYA1ut1ue1la1ejxOhwKgCPoy1KpS+5df/vdfFixv8u//x3+f3TfxLxNKJJaK7vvlf/9lQTv5+wBgp3EssfqIFddRA/JLU7hcLqXTad2/f1/T09P68pe/rLq6OgejK4cJvds/qPDyzf5evX2mW95VTxvRyUHp9FCfusoVyUi/LmpAl/tKb3GtczbT3paLjeudc6NS73m91Z3/ak/o3f731HH+jLpX/SZs+GIav3BOHx1dfq3ym43HFY/H1dDYqMZduyp6LaCWmaapeDwuSSRXn4jVl2lgSG+seMvfuve+JxEbv6Czo9Gi+4JFn1eJytRfT4z06+LKPxbUV9Z+qrrQl6GWldq/mGZaR37/D2RI+q//9E8F+9LptL5y6JAaGhpW7DPNtH7/D/5AKnIeAOw0jiRW0+m0Hj54YD3I/4gMqDIr6vzaP6+xWEz19fXq7Ox0JrAyK7xps25Cz17Q2snVCvD72rbwatUjOvqBJrrLl6R2Wnx2Vg2NjSxACKzDMAw1NDQoPjtLYhXrf6jptGDhh5Wx8Qs6e+6CVEpyNTaud85d1Us1lIilL0MtW69/+S/X/l6S5E39nhJLS5KkVCqd3S5JrYmvKJFIyDCMFfu8qd/TUpHz/vDwn1fsOQFAtXKkkOnS0pJm7U/Q+FMF1S7zB7VpmgWLXN26dUsPHz50OLpK8Kr7zICC0VH9bGKVQ7r6dLmMo1Ulqc3nV0d7+e62uvqGqnu0apZffn9YF0dWe7FrTzKZ5EYUKJFhGEwzriivus8MVfVo1YqqQH+d4e0+o9PBqEY+2D79Vz76MtS6tfqXdNKU7+DBgpJo6XRazz7bnv1npOpVX18v0zRX7Ft+nu/gQaWTDJYCsDM5MmJ1YWEhO0p1xYhAoJrYSVRJ2UWs8t25c0d79+51IrIKa1OHX/poJiZ1eTUx0q+fKCiFw4r6e/X2sWmdHZROn/fpJ8tGoBROwS8sNZAbGWuNip3qCCocDtujYM7ojczlJ0Z0cjBz1uamGi4vBVAwzbJgVNAqMdqjazqCUjgczezMJWvXitGe4h8tMf6XjvVKg4N6N1BkuueKUT75U14zU1x71TE6aj0Hf6/ePiH9beb6K0ZAXde7/XnH5u0rmOqZ91xXfP+reUQVABRYXgpgtX5pjX7Cnk4fDIYVDmd250oLFLx3LnuPXL3v2RjrGsHclP6JEZ0cnFLf+TNq/6BfF9WrvqlRjUQlaflxdimAiRGdfE8KKqxw1K9X/kNU//p8XomEiRGdfM+3oRjbfH7p6oxi6pJ3+WuR7f8m9K7dJ0XzRriW67UBsHHJpKmkmVA6ndI/RSLZ7YuLiezXaS2tui+VShbsS5oJJUmsAtihHEmsPtiWo/ywLZmm0vnJf8OQIeuTWcMwdPuLL/Tss89q17arveVVe4cUnb4r2bc50bB0emgoe6NmHXZIL/lH9dH1mLrtG9aPw1JwoEvWzeygpnrP67J1B6V3zl3QeF6SMTzl09tDQ8tupCb07uCU+s4PWcdNjOjklXEdepIbrokRnR3t0OmhM+qSdeN3dqRdl/vaVo/RetYKa0CXh7rsfZnk51oxWjeQHQNDeqvL3nduRO1rjRhq69Zf9l7V2ffG9bVNPM/o6LReHxrSG3bC4OyVXut1tRO8P5voziYOoqNX9dL5IV322iUfRtp1ua9LsfELujjVq7eHuuW1ExHvjOduuAu+/wBQk9bol+6u1k9k3vXCmvKd1+Uhr52svKLxQ9Z5ufdO67y/HT9kvXeu2ves8k4aHdXZ/tHCbXbCsatvSKfVr4sjAV3uk94dDCs4YPVBE5IUHtXUwJAud9nJzQurJEijYck+zkqkXles2449Epb/6PkN9UFe648F3ZXknVj5Wlz8YELdfV1643yvpvI/JNzoawOgrFKJtGSaavydmWV7cmK0GbUAACAASURBVINI3P47q+97/nbhLtOw2gSAHWjLE6vpdFq3b99e/0CgihiGIdM0ZabTVp3VzMhV09Tjx4+3YWK1iGCgSFLNq0NH/Rq5at+YxWY05e/VX3ZJil3XR9GgXj9j36J5u/V6cFQ/uR5Tt5W1lP/ooVVu4Kyphd19XdY0xjNPFvpExBoVm4m/q29IlyUpNr56jIckya++V+2zvO3qKCXGiYjC/l69nb3Yq+rzn9PHE33qWuN+0dt9Qn1Xz9k35Bt7fv7eV+3nZo00zr6uK2KWFDxmJ7a96j4W1MhgRBN9bZq5GlXw2Bn7+2Hvs2+4rfOKff8BoIbEruujqF8vnci95781ZL3HTXwQlr/3fK6feLVX/nMRTfR12duCej3zqWCbT35N5dqN5j7A6uob0lv25onIem0us86oza6+AQX7B3UyLGtWQVfhuV/ryr/OVV2PdWtldxLUi9mAAgpG37OO807o47BfL51/gjGjBf11TDNT0spOyLLh1wZAWaUSpj67ftPpMABgW9jyxGoikVAykZtGwOJVqAX5JSsyX2e2JLZlbTzrhsh/dP3FpLzdxxQctW7MDl2/Kh09Yd0U3p1WVGFd7F+2jHDwrqS12u3SG0MDUubmUVqxYMbGrPFc1orx0Fptrh5jbGZKioZXjDry22UVVpdJdF7R+KFjJTyvzSlYIKzNJ7+mJd3VVFQKD/ar8JUI6m7FIgGALXZ3WlF16PUVb8VWPxENn9PJgrduv2ZiWjvR19WnywPSybz3z6BdqmXNNjeVv+zS13r9Co926PTyPrGjPZeQLfah2irtvRiM2h8mzmjKf1Rf22BcMauDtXr1ZWVw/P5Vz6rAawNgI573vKSnn3laqVSqLO3V1dXpi9tflKUtAKg1W55YzawemEmoGsolqIBatLiw4HQI5Re7ro+iUsexUu5uMjdmE9JV5UYCtfnkV1CvF50CH1u3zTeGhqyaqwVT8Df4PCQVK2uQtVaMseVTo0qMsb1D8h/dXK24rj6dDvbr4gcRBTd67mbcnbZvgK2RrsFjxV/jii1LEo/oyqUZvRLqUWfBtjFNZx4HjivUk9kbV+TKJY1NF9tX0LAiVy7pkyOndCJgr4Q7OabQcCTvGJ96Tp1QgIXYgZ2jzSe/rhZJ3ln9hP/o+eKLXK33CZO9QJRk1w0dHNGLQ31rt7kZsXH97ajsBQ8DhR84TuXqnCo2ozUGixaGHggq+t51TSjvg9HSA9L1q1Gp45g19f+DUUWX1ee+WPS8dV5vVKV45IoufXJEp04EtKLrnBxTaFg6nt+fo8qZ8nis76RpmjJNUy6XS6Yk0y55JnvGniS5MrP3TFOGy5U9z1Buod8vmJUKYIdybfUFHz16JClXoYXFq1CrMn9EzM/POxxJucU0fmVU0bxphevpCgQVHR3USMex3CJN3kN6yR/WT8YzSdQJvdvfr3fG10mqxsb1Tv8FZQ/ztqtDfnWsP3h2zfgUjmQThLHxCzp5YVyxSsTYFVAwOqqfTeQf2693S8xOdvUNKBgO50aOetvVoag+um5fbCKybFTpxkRHP7Bfh5jG3wvbU/ytkg7h98azKe+JkX7rNXqCa61peQJVkjSpsUtjaj8eUigUUih0XIHIsK5E4tbesUsaaz9edF9h0z/OJV8z22IzViI2lGmbpCqw43gP6SV/3vup/Z7/7kSmH/ugsJ/oH1n3g6Vsf5K5RHuH5PfJ6g421+YqV9L4lVGp94TeOjOgYHiwsF+JXlW2m/hgVFH/UR0q6bNRq8+6OBpVR/sG06rjVzQSzSuZI9kJXkmxcf1kjc6qvK8NgI0yTam5uVnNzc1qaGxUfX29mpqbtWvXLtXX16tx1y5rX0ODGurr1dzcrEZ7X1NTk5qamlRfX6+GxsZsO9zWA9iptnzE6uzsrCRGqWL7mJ2dtT6xNYz1D65SK6aAb3TqfVdAQYWlQP45XnWfGdBUf95Uv+CAtWDIWuk6b7feGpjWyXP9spfIkr/3vN5Y7X4vnDcd3zraWiW5IL4+vd17QWf7+zOB6LS9uMaqMa6VUVwzRmuRjnfO9etk/r6SX87MVM/Cx2dH7RiDverzK7+634b4e336uN8eReTv1dv299nbfUanp/vzShjkXqNylwOIR67o0ti0AoGApvMHkapTPaFQwePDASkyE5fkUWdPSKFV9uVM6hdjks+37Joz0/K1k0kFtrMVfZm/V2+fya/rsrJf8veetxYa1PJ+wq++82ssOphpccV7p3We1R1ssM1ii1dJ8vf+n3rp6v+tEfXq7W6vJK/eGAjq5OAFdWT6u2CHprL9Tu79e31dejEohcN5tVdXs6K/Dep03owPq06q/Rz8vTrd69fFq/ZIWnuxy5Fz/ZoaGNIbG31tAJSZmb0fT6VSSiQSamhoUDqdViKRkOFyqc7lUjKZlGmaqm9oUCqV0lIiIXd9vWSaSiYSqqurk9vtzrYJADuRYZZ5yGg0GpXf79fC48cr9qVSKf3jP/5jdiEg6quiZhlGwajr3//931djY+Oap6TTaTXv3p39HSmHaDSqA+3t6x8IbKFPP/1Uu/fsWXV/fHJS6uyUp4Spg5NjIQ2r2JT/SY1ZJyt/1+RYSNcOn1L7h/mlAKzSADOvFB4LVIv5uTm98MILToeBGmVNud98LfLY+AWdnT72BLXMt6e1+rLJsZA+bF9WbubDdp36hvTjghI3uf7n8LWNn7Oyz8qUuulR+9iYIpLk67HbsGeB+Hrs6fobObaY/PI7PgUCUmQmVwpgciykTIWdQCCgSIRSANVotf7lnz/5REd+7/ckSQuLi0omk2pqalI6ldLi0pIa6htU567T0uKiTNPUrqYmJRIJJRIJa9Fe09Ti0pLq6uqy90D//N/+m/6nI0e29PkBQMatmZmy5Vny3by5/kJ/W1oKIFtf1Va74/uw49k1hjLi8ZXTkQEU5+nsXOUmbpl4RB9GpMDhwtu0ybGQQqFhRXw9erlz2fEzy7ZZOzQzLUWGQ9lSAMVKCADAzmPVSQ0GSKpuROfhgKY/+UyZnmTyWkS+I8/L43leR3wRXZu0d8Q/0yfTAR3u3Nw5q5kem9HhTFmc6TFd+rH0jVBIoVM98k2P6ReTmzs2XzzyY42pR6dCIYVCr0iRvBo7k2MajgR0PBRSKHRK7TOR4o2gapmmNegjnU4rmUgolUxpaXFRiURC6VRKicSSluyEaypl7cscl1ha0tJSQqlkUslkUulUSmY6TYk/ADvWliZWH9ujWDOjVU3JGrUK1KhMCYBYrGKVKIEdyqq3Oh04vmLETmePlRw93j6mS1ci9k1qXJEff6Ij3ygy8iYe04ykQKZ266keaeySxla5mQSAHSE2rnf6z2mkY2CTi0PuYJ2HFZj+RJ/FJWlS1yI+HXneI8mj54/4FLGzpPHPPtF04LA1inMz56zC1/Oyvd+jdp+sBK0kebxaPo9pI8fmxPXZJ9O5Y9Wpl3tyNXYmr0WkbIweBV4JrPeKocqYpplNrKZNU6aZLthuLVS1/LF1nGmaMmU/zrRBYhXADralNVZv568UaL/xGpkEK1BDMvVUM4nVBw8eaG5uTnvWmP4MoFTWNP9IoFgJgJzOl3vku/SJPosHFIj/QmPtryhUbCisJ6AToUDB41cCYxq+NqmeTiYtAqhtXX1DuryZE73demuou9zh7BCdOhyY1oefxRV4PqYZ3xG9bPc/nuePyDd2TZM9ndLMdN6si42fk6lJbgnoeOjlijybldc5rJlpqf2VXKfq8WbSsHHFZiTfkbwO19Mun2YqEhsqJTf7zmW4ZBpp1dXVSbLuc1wul9zuOqVSSUmS2+3ODo6qq6uTaZpKGUbBPREA7FRbllg1TVPJZHLl9q0KACij7B8PhqF0Op0dtUpiFXhSVlJ1pueUQoF1CgbEZzStdr3ikSZ/EZEiEYXyZyNOX1JoZvXkLItZAQA2q/NwQNMffqZJfSId+UZutoTneR3xjena5GEpEtDhns2f4wmcUKhgMGh8zbU1N6vodXzSJ7G41GlFGY/NSGqX5JG3XZrOXzwyPqNpoZZkRqJKUjKZUCqV1tLSktLptFKplCSrVEAymZQpaXFxUalUyioZYJf3SyaTdgLWbR/PnT2AnWnLSgEsLS1pbn7eepA//Z9Pt1CjjLwFrCRpdnZWiUTCsXiA2hdX5Io1UvVEkaTq5FhIoez8/bgiH+amImbKA4Tsem89PsnXc8pKqk6OKRQa02SuIQ1np2ACALAJnYcVmB7T8Ni02r35/Yk9tX94WBFfe2F5ms2c4wgrnumxX9h9p1UaIKPzcECKfKhMufLJa9RYrTX5NVZTqZTS6ZSSqZSVPE2llUqnrcfptNLZ7dZxqbzjcuennX5KAOCYLRuxOjc3l0ui5pcBILGKWpQ/7cX+OV5YWNDdu3fV3r56xSoAa4h/pk+mJU0PF448tVct7uw5pZ4rlxQK5W1fo1RAVmePQsfHFMqeaNVbXW9ALAAAq+vU4YAUiaxcaMrz/BH5NC1la5Q+yTnO8ARO6PhMSMN2hxwIBJSd7d/Zo1M9V3TpUkhjknyBgHyrtoRqlD9i1eVyKW2aqnO5lJZkGCm5DEN1LpdS9j1Pdvp/KiWXq06SKcMoLI/GfT2Ancowy/wOGI1G5ff7tWAvVJXdPjmpmVu37Ksakl2bkjdg1KLl9YQyP8ttbW164YUXsvvzpdNpNe/enf0dKYdoNKoDJHJRZT799FPtpiwGULL5uTm98MILTocBIE8pfVk8ckWXZl4pUnJmUmOhD9V+6sSKD/E2cw6wWav1L5GPI/p3/+5/kGRP80+n1djYqHQ6rUQiIbfbrbq6OiWWlmRKamxoUDKZVDKVUkNDg2RKS4kl1dXVWY8l/cuv/0WBF1nIDIAzbs3MlC3Pku/mzZvrHrMlpQBM09Tcw4fZZJMhRquitlmrYdqsj2slSffu3bNGZwMAAGAbs6bHB5YPPZWkyWuK+I5oZcWZzZwDlJ9pppU2TaVNM1sCIJFIKJlIKJ1KKZlMKpFIZKf9JxKJ7HHJREKJZCJbIiCdSsm0ywoAwE60JaUA0um05ubm5HK5slOnKQeAmpf5GZaVaDVcLpnptO7fv6+9e/c6GxsAAAAqIx7RlUtjmg4cV2hZjnRyLKThiE89p3oKp/Rv5hygQkxTMvMToaZp3dPk3Zsbsheazrt/z9zLG6ZptWFv424ewE62JYnVBw8eSFL2U6z8N3GSqqh1mZ/hzP+zs7Nqb2/PrpAJAACAbcQT0IlQ8SnPnT0hhXrKdA5QQWn73sVluGQaplU7NZ2W4XLJ5XLJ5aqTy0jJNAxrgJTLJVc6LZfLJZmSy5WyBklJLEgNYEfbkszP7OzsVlwGqApzc3NKJJMkVgEAAABUHdM01VBfL0mqd7tlmqaVPJXUkK63SvgZhtz11v2MyzBk2scZLquaYH1DfbbEX6ZNANiJKp75MU1T8/Pzlb4MUFUeP3qkpl27nA4DcIQ784d3kUXcABQyTZMP4oAqRF+GWrde//LLX17bwmgAYPuq+F/yCwsLmn/0qNKXAarKo0ePtH//fqfDABzh8XgUv39fDQ0N3JACazBNU4uLi/K0tDgdCoBl6MtQy9brX/7j//wftzgiANi+Kp5YffDgQWFhbGAHmH/0iFEO2LFaW1tlSrofjyuZTDodDlC13G63PB6P9re2Oh0KgGXoy1DL6F8AYOtUPLFKGQDsRPfu3VMqlWJ6J3as/a2t/DEPAKhp9GUAAGA9rko2nk6ntbCwUMlLANXJnn4DAAAAAACA7amiidVkMqkHDx5U8hJA1VpaWnI6BAAAAAAAAFRIRROri4uLMk2zkpcAqhYjVgEAAAAAALaviiZWHz16JEks4IOdxf55p74wAAAAAADA9lXRxGqmviqjVrGj2D/vd+7c4WcfAAAAAABgm6pYYjXN4j3Y4UzTVCqVcjoMAAAAAAAAVEDFEquJREL37t2rVPNAVcuUv0gkEg5HAgAAAAAAgEqoWGJ1KW/hKmqsYqdKJpNOhwAAAAAAAIAKqFhiNVsGgKQqdrC5uTmnQwAAAAAAAEAFVCyxmk0omaZYvgc7imFkf+YfPHzoaCgAAAAAAACojIolVmdmZnIPWBkdO9Q8I1YBAAAAAAC2pYolVk3TpLYqdibTzH6YsJhXaxgAAAAAAADbR8USq8COZhjZDxZYwAoAAAAAAGD7qXhilVGr2JHyRqkuLCw4GAgAAAAAAAAqwV3JxpkADViJ1b179zodBrClZuNxxWdnGbENrMHtdsvT2qpWj8fpUAAUQV8GrI++DMBOV9HEqiFRXxI7jz1KO/OTX/0jVmMav3BOI9HcluDAkN7oyj9mQu/2DyqcfexX3/kz6vbae0f6dTEc1OmhPuWfFhu/oLPTx3S5r6CxTZ+zaRMjOjmoFddCZczG44rH42pobFTjrl1OhwNULdM0FY/HJYkb0ie2Xl9m9WOyt9FvYT30ZUBp6MsA7HQVLQVgmmY2yQTsGJnFq+wPFRKJhMMBrcW+Ee0Y0OWhIfvfgDTYr3cnMsdYN6NTvedzx5w/qo/OXdB4LL+tsH5SuKEEmzkH1S4+O6uGhgZKwQDrMAxDDQ0Nis/OOh1KjSulLyuGfguroy8DSkNfBmCnY/EqoAKMvMWrFhcXHY5mLXc1FZWCgfzxMF36Wq9f4Yh9Nxqb0ZT8eumQN3eIt1uvB6P66HrezaXfL41e0YbuNzdzDqpeMpnkRhQokWEYTDN+YiX0ZcXQb2EN9GVA6ejLAOxkFUus8ocIYLl//77S6bTTYayiTR1+rbjx9HafyU1p9LarQ8uSqJK6+ob0VndesrXjmF4PRjVyZVwl32+ud87EiE72jygbXWxc7/TbI2UzX4+P6GR/v0729+ud8Zhi4xcKHuebydtXOIppQu/a2wv3xTR+oV/vjtjXGFlz6BMAwBEl9GXF0G8BAADgCTFiFagw0zSr+BNcr7pP9MofHlz1pk7q0hsDQUVHz61yc5d3ZN+AgtFR/WwD93GbOScnqpHpgDXt047xb3VCl4eG9HavX9HRD3I3twprZPpY9tjwYKaUQUzjF/JKHZzv1dRgYZmD8JRPbw8Nlbd+HgCgTErpy4qj3wIAAMCTqFhi1TRNazp0pS4AVLHMom2ZkdvVm1iV5O3WW3ZNOuum7tzK5GlXX7Zu3emgFB7s18n+5TVWpUwSNjyYN1pnXZs5J8Ovvlftm8Y2n/x5JQu87R2rH9v1qvr89ijc2HV9FA3q9czo2yJlDvxHD8krAEDVKqUvK4p+CwAAAJvnrmTjpkRiFTuXYRQsYLWrBlaU9Xaf0eVue4XjwRG9WGQ14q6+IV3us1dHvjKuQ2e6lx3wqvr853RxJKC3fSVeeDPnbFiH2rN3mV5l71/vTiuqsC72hwsPD96V1FapYAAAFVJKX1aAfgsAAACbVNHEqkxTJrVWsRMZhsx0OjtidWFhQXv37nU4qCImRnTyPZ/ePtNdMLIlf9RMbPyCzk4fWzGdsM3nl6aKNWpNyfzo3Hv6WbDUQDZzzpOIaWZKkk/2iKGgXi96483qJABQ9Uroy9ZGvwUAAIDNKXspABatAmyGkS0JsLCwkLe5in5HugIKRkd1tmBxi5jG3wtLwYC6JHkPHZU/PLisXt2EfjYaXX2qobdbf9krhcPR0mMpdk6bT36F9bEdXuz6VW2gxWXC+knmOUx8oJGoPf3Se0gv+fP22QuClFqfDwDgsBL6snXRbwEAAGATyj5itbm5eeXGvCnRwE4Ui8Xk9XrVvHt38d8Rx3TpjaHz6rhwTif7c1v9ved1Oa9221tD7Xq3/5xOjuaOCQ4M6a017la93ccUHB1UePVD1j/H263Xg6O6ONivsCR/b6+CurqBFvMF9ZKu6GR/NBu/9RS96j4zoKn85xccsJ8/N6kAUP1K6MtKQL8FAACAjTJMs7wZz1Qqpdu3b2txcbGczQI1r66uTk1NTWppaVFDQ0NZ2oxGozrQ3l6WtoBy+fTTT7V7zx6nwwBqxvzcnF544QWnwwCQh74M2Bj6MgBOujUzI7/fX/Z2b968ue4xZR+xWldXp2effbbczQIAAAAAAABA1Sh7jVUAAAAAAAAA2O5IrAIAAAAAAADABpFYBQAAAAAAAIANIrEKAAAAAAAAABtEYhUAAAAAAAAANojEKgAAAAAAAABsEIlVAAAAAAAAANggEqsAAAAAAAAAsEEkVgEAAAAAAABgg0isAgAAAAAAAMAGkVgFAJSV2+2WaZpOhwHUBNM05Xa7nQ4DwDL0ZUDp6MsA7GQkVgEAZeXxeLS0tMQNKbAO0zS1uLiolpYWp0MBsAx9GVAa+jIAOx0fKwEAyqq1tVWmpPvxuJLJpNPhAFXL7XbL4/Fof2ur06EAWIa+DCgNfRmAnY7EKgCg7Pa3tvIHNgCgptGXAQCA9VAKAAAAAAAAAAA2iMQqAAAAAAAAAGwQiVUAAAAAAAAA2CASqwAAAAAAAACwQWVfvCo9F9Pi+P+r1PR/lTkXK3fz2KZMs8i2FceY6+wv7VyzYPv68ZRybuH24se7du9XY+d/UOsr/4fq9nqLXxgAAAAAAAA1oeyJ1cWf/z9KTnxY7maBmpeev6dH134mpVPy/q9vOx0OAAAAAAAAnkDZSwEko1fL3SSwrTz+14+cDgEAAAAAAABPqPw1Vpfmy94ksJ2Yi/yOAAAAAAAA1DoWrwIAAAAAAACADSKxCgAAAAAAAAAbRGIVAAAAAAAAADbIvZUXu5+o0//3bx5df9CkB4m6rbw0sCX2uFPq2vNI/8uBu9rrTjkdDgAAAAAAACpkSxOr//m3rfr43u6tvCSwpeaSdfqn+F6lTEP/+5duOx0OAAAAAAAAKmRLSwFcj+/ayssBjpl42OR0CAAAAAAAAKigLU2sPkoz/R87w2N+1gEAAAAAALY1Fq8CAAAAAAAAgA3a0hqrAKrLrZkZp0MAAAAAAAA73IH2dqdD2BQSq8AOVqtvXAAAAAAAAE6jFAAAAAAAAAAAbFAVjVh9U9/9YbcOLt88/ysN//l39FMnQtqgvxr8gb6qcf3xwPeW7dna55aLY1J//fd/qs7Jf9Cffef9Ml8FAAAAAAAA2LmqbsTqjZ//if74m5l//6Dr+oqOD77pdFhlUfS5/f239fUSzv36t/9OPyrxWAAAAAAAAACVVXWJ1ULv628+viEdfF5/5XQoZfe+/ubPx3Vj91f0h2XOG/+ngT8pMmoWAAAAAAAAQLlUUSmAEr32bX3/+Fe0W5I0r+vDf6G/eT+zvUXxGwd18KA1OvRbuqgffTUzAT/v2HXbeU7xG9LBg9Ze3cif3v+a/vrv/1SHdmcCuqGff/O0/tOmnsyk4vPd6nzqNUlWYH81+ANlQ85c982LOn5ot2SPcNWff0c/XSOO/FIABd5c4/UAAAAAAAAAULIqH7H6mv76xYPSjc/sxOWb+u7xryiemVL/87gOHb+YN5r1oDzxf9Aff/NP9K3vvanvftWj68N5x/5RZip9YTvD17Wsnd06qIh13vCvNH+wW9+1R5V+/dvf0KH4eG46//xBvfjt1zb5/N7Xnbi029Npt/13+qrnVxrOtO3p1ve//Zr0vdMavj5fUJN143Gs9XoAAAAAAAAA2IiqG7F68Ks/0I++mrdh/lcazowWffN5HZz/lYYzg0e/96Guv/ineuFNSZOSNK/Jj/OHYO7WoT98U3r/e9L3TuuPM+e9+bwO6oZ+bj/+6Xci+sMfdhe0c/2/2Dvfv6P48VyLP/3OX+QtNtUpz26VyWt6sXO3bnycWczqff3Nx6/oRy++qK9r5bDSzcWxyusBAAAAAAAAYEOqLrF64+d/om+tkvD7+lMeafdBHf/hD5SX69T8U6/ZCdF839O3vil994fd+tEPu+3Gran1X3/KI83/duUppVg2nX5+fjONZLympzzS/OSkMsnRFYllSZ0q8vQ2HMfqrwcAAAAAAACAjam6xOpafnonruPzv81Ohy/w2otFzvievvVNO3H42rf1/ePd+u6b39O37sR1/FCLOjccgVWaYP76P+jPvvO+MvVWN95OLubO3VL8jtVWfL5b+rh4Yrlwyv5m41jl9SC3CgAAAAAAAGxIlddYXeZ7n+nG7q/oD+16p3rt2/r+D3+QrX9a4LVv6/s//Dv9dabs6Pt3FNe84pN2OzpoTf2X9PVvB3RQN/RpiQnGTE1UvflK3uJRG/Wa/vqPvqLd87+SVXXgfX08Oa+DL+bqnv7V4A/0o79fvQ7qhuJY6/UAAAAAAAAAsCE1NWJV+p6+NfyUvn88N11+/vo/WCMul6/b9P539GedF/Wj4z/Qj47nHft+sXbmdX34tL1A1lrsuqdftafT3xjXz28c1Fc9pY1ZXTHNf9lU/J9+5y/UOfiDvFIHN/Tzb9qjcz/+rf7o0Fd0/IcX1fnN0xuPY83XAwAAAAAAAMBGGKZpmuVs8OHFo6vu+4t/fK6clwKq2uC//1ct/+XK/LZ96f/6uCzXiEajOtDeXpa2AAAAAAAAas2tmRn5/f6yt3vz5s11j6mtUgAAAAAAAAAAUAVIrAIAAAAAAADABpFYBQAAAAAAAIANIrEKAAAAAAAAABtEYhUAAAAAAAAANsi9lRdrdqX0KF23lZcEHNHkSjkdAgAAO8SE3u0fVFhBnR7qU1fBrhGdHAxL/l69faZb3o22PNKvixrQ5b6u9Q/OiI3rnXNX9dL5M+oudsFMTBmbjA2VNzc3p/m5OaXSaadDAapWncul3Xv2aM+ePU6HAgCO2NLE6iHPgj6+t3srLwk4omvvY6dDAABgB/HL7w/r44k+deXlQCci4dVP2aBNJVlXNqKTg1PqOz+UTbrGxi/o7AVlk6sbuU5ZYkJRc3Nzmp+fl7u+XvWG4XQ4QNUyTVPz8/OSRHIVwI60paUA/rfnZnW0bU776hnNh+1pjzulP/A81LFnY06HtL6gJgAAIABJREFUAgDAjtLR4Vc4MpG3JaaZKb+CQf+m2+zqGypr0jI2MyX5j+pQ3vBUb/cxBaNXdZ0/HarK/Nyc3G63DJKqwJoMw5Db7db83JzToQCAI7Z0xGpLfUonfufuVl4SNcI0i2xbcYy5zv7SzjULtq8fTynnFm5fpdGqFtP4hXMaiea2+HvP662icxif0MSITg5q5XRNAACeQEfgqPyDEU30dVn9S+y6PtJRve67qvBU3oHLpuJn+7vYuN45N62OYFjhsBQcGNKLEWtE6Nu+93QxLEmDOpkZIRob1zvnRpXtOoPrjxz1tndI0au6HuvOKxPQpTeGzkiyRq+Wep0VxwYihf3rspIEEyP99vGi/EAJUv9/e/cXE3WW73v/Xf+g5E83CLrRhmnKU4aZljnjZsPZD51JEWMfmURi2sl+NGhftGfccuGNkRtHnYSLtscbDDde4HY/0xeNxH4m0xNDJ1ufMQYyp0kObI5zWntvIhE60EorCC2iSP35PRe/XxVVRQGFIhTweSUk1lrrt9b6VdP+rG+t9V2hkFaqiiTJZrMpZYaIrFs6vEpk3evl87oztBSd5FJzs/VzkqIrZzjW0rvw5SIiIqkgbwfvezrosh5dI3c7oXIHeTGNevnc2op/qbmZSyd99F+5zszTroPBwnNcam7mo6gYaX7VKep9RAVPR2i/fIWik1Y/5w7h6fiS9oVWnZYcpt7XT8uZOo7V1XGsroXoJ+1ixpnddh69LTQOHuJT6zlfX3SFf1lwsiIiIiKykGVdsSoiqae35QIdnkN8GvOhrISPTvroiF75I/IK/H4/jx49Ynp6Gn8ggMvpJC0tjb/7u7/D6Vw7j6D1cp8iqS2fHZUevh4egRK429lP0f58GI5uM7M6FKyt+RRF1Xt4f0cy6zjzqTrVPPNydIh+4P0krjTTC0D40K3GuvkO13r1cWbpv8K/9VbxUYk5h9++Sh8iIiIiEkOf9kTWtV66OsB3MsGHuZLDXGqObWueumzynQyv5jHTCHxd5IOODmurYuzJzNHbD30+X+w4MVscPRwOn6KcYEvmR4rwripPnz7lhx9+YNPmzWxMTyc9PZ2XL1/y8uVL7t+/T0FBAW+99VaCK5fohO+FTuZeIq98n/HbeyOi/j9405bpPRJZLvkFRfR/eZeRHfB1v49flxAXWI1NfePxvHr+1dit9R4W31MJHzU385H1d96/tO9ImILn9cfBfKafhGMX6hI8x0VERETkVSmwKrKejQwziIf38xZsSPv5CwweOselSB6687RHBWP6O6C+uZkS60NrY0u5uTWxt4XGjnCAzKyDcHC1l8/PmFscf1uCGTQ700JBJJgW3pKpiM9q8/TpU0afPOG/eL0Eg0FevnzJ06dPcTqdZGZm4t2+nYGBAYA5gqtv/oTvpRB9n9HSrQDrW2+9teB9LlsQVWQ9KCnH1/8l/3Yd+n37MTfTR+m9Tkt/1Jc2Vt7vRRtp508d8V8Gdi50Ee3nzzC4Pz6gmUeRBwYTXvIq48yh5DCXmg9b3Z7n9IUWKpTvfIk8oqv1Jn142V1bweaYqi5ab/ZBXgX79njJfO2humi9yexxkpwju2upWNyFIiIiMg/lWBWRGL0t4bxv5s/nvZgHgPT7+HU4+pNfxa99/XwddYSx51C19eEsn4KoXZW93R3gK4/UVe33RVfS4TnEr8Kf6kqqORyVHy/5LZmSSvx+Pz/88APvvvsuz58/5/79+wwODvLw4UMGBwe5f/8+z58/p7i4mB9++AG/35+wnzdxwvdSir7P+Sx0nyKylEqo8PXT0dGPr3yukOEgwyMAI7R/+Tpf1vQzaJ3J2ns90erzeGaqgo4L52NzsfZep6V/vuddkuPkFeIhNsdsuO1I+3mOnW+PBJnzC4rAU8iC36vKIuSRl9fHd49iSx9917cy0xEREZFloRWrIutZfgFF4Q9s1ue5+NxvgJXTrcPMAxfNNwrzfiwbYXgQPJVRbfIK8TBk1g4PQn8Hp+uuxFzlGR6Zv1tJaY8ePWLT5s0Eg0G+//57QnGnxIZCIb7//nu2bdvGps2beTwywtYtW2b189onfM8yVzqL17vPZMx3n/OaN1VGJ+8fKqLlinlHnkPn+Gcuc/pKf+R15H1YofdIZCWUlPugAyoS/e6WVHPYc4aWM3W04OHwyUN4LnRipWVduN8LFzg2aKYi+bXvCo3W1nrfyZP4Oi6Yz9N5nl/5Vae4VNDCsTN1tERKfdQ3n4qMn/Q4+fO39Rw6hI/OyLj1Q3VRz1sPh88dnj+diixabm4efd89oiLybJjk6VgeXi/0jS3RIJsrqK1dor5E5vDNN99QUlJCWlpaTPn09DS9vb38/Oc/X6GZiYikHgVWRda1Eip80PhlO7+aL19lXiEefPw64ZbB+U4VNlev9g9FRW6tgzcgvGKmMnGuTB1WvGq9nJ5mo5VnND6oGhYKhXj58iVpaWmMjc3xaTNvB+97rkTSAZgnfB8lj+htsDMnfFflYwUQr9NbFf+7unA6i1e9z2TMfZ/9VoBnxkwwc6FUGf20DO03t/b2tnDswhn+5ZCZOmOk/Tynr4Tfh5V7j0SWR+yBVPE5wvOrTnGpKvKKqlPNVEVdXdUcflXFb5uja6wvG2P6PTzTb+SLSEtzeNDZ/cR1GtPPQvVzj5NE26qqqKZxdbLkct/dRt7N73hUsdncpj/5kPtsY2fu/djAajg9gCWvYh97vJkw2ceNa2Pkevvo6wPv7lre/a6V23ihr4/RvAr27RzjWlQqgMm+G1zrGg13FJtuIHocr5fYpDUiiX3zzTfcuXOHoaEhdu/eHQmuTk9Pc/PmTcbHxwEUXBURsSgVgMg6V3L4JL7+K5xuid1y3X5+ZtUa+Tt439PBnyJ7F3v5vK6O37cvHP00Vw59Gdn2GJMjs6QcX/8V/i089Eg7vw+nH5BVKxAIkJ6evuDWd7/fj9vtnqeduW12cHgEGDFP+C6Ij/CZAZVw4M884TuBJNJZLFb4PpMx9316OHyumUvNMz+RFaJJpMo4XG1V5hXiiUqdkR+dj2MF3yMRkXUlcwvbotIBTD68D9u2xOVVfUTXzTEq9tVSW1tL7W4vo13fMpNBoI+x3H3U1s7kQh3tg521tdTG52h91MW1rlx215p97c7t4lrXo6hx+vDuNuv25Y6hpASSjJKSEnJychgfH+fmzZtMT0/HBFVzcnIoKdF2FhGRMK1YFVn3zFOJK1rqOFYXVew5xKfN4ZWk+VSdOslg3RmOhXcR+k6aq9oWWlpacphPD53ntLUqz+PzRZ1oXMJH5w7x+zN1HIsMe84MLCmWs2o5nU5evnyJy+Wat53L5WJqamredkt2wve86SxebTlm+D6TCa4udJ+JLF2qjJV7j0RE1pdMtmzL4/7TSdgMD++PkrszE55Gt9lMRe2eyKvJp2NAblR9Htu2xB1x5X034UFVj77rI69iX6Ru83sV5F2zVsw++s48TMuqzPTuxNt187XvUNa+tLQ0du/eHQmk3rxp/t6Eg6rRq1hFRESBVRGxLLxF0AzAfjSrfPa2ypitk8RvwwQOx1Qm3jI5V7mkPLfbzcuXL8nMzMRutydMB2C320lPT2diYoL0+f5xvlQnfM+bzuLVhO8z2cDqvPeZwJKlyljB90hEZL3JfCuX0dsPmdwC90e97NxMXGB1kr4b14js3s971aTykzwdg9G+a7R2RZfn8XQSMp+OQd62qBWumeTmwVKlepW1LT64CiioKiIyB6UCEBGRJbV50yYe/fADDoeDd955B7s99lFjt9t55513cDgcjDx+zOZ5D4BaohO+XyOdxVzC95mMhe8zgSVNlbEy75GIyLqz+V28o/f59tv7jCZaafroW7pGvZHt+3t25ibqJQmZvJVr5mettfoyf/bgzTQDvIyOMRlpP8nY6KvelKxH4eBqTk6OgqoiIvPQilUREVlSTqeTgoICBgYGKC4uZtu2bbx8+RK/34/L5SI9PR2Hw0F/fz9btmzB6Zz/UbQ0J3zPl85iae5zLsne52xLlCpjBd8jEZH1ZzPveke52Qfe3XN9oTbG00nYnDlJ3+0+eMVjpTa/62X05rc88kYfZJVrHmy1+V283OR233vmwViPvuPVR5L1KhxcDf9ZRERmsxmGYSxlhxONla/Zw1ky6vfiiLwewN9Yy9Rr9rocXAdu4C7KnlUevFPJ8+tLPFh1K9mlmO9N9J+XeJjlkui3ML4o/ld1dn1y1xox5QvPJ5lrY8sTt4++5ie/62Ip9Pf3s6WgYEn6EllqT58+5YcffmDT5s2kpaXhdruZmppiamqKkceP2bJlC9nZs//OXG3Wy32KiKwnDx48wO12J9n6EV2tt8ndZ64W5VEXrTcxA5xYAc/729i3x0tmTCqAPCp2b+P+zfts27cHL33cuGb92drD/6irlZvspjZ8klWivsN5BcijIupaJvu4ca0LcygvXvpg58yhWCJLaWpqiq1bt670NERknXo4PDz3WRKv4cGDBwu2Sa3AatlFsnaVwWATz764CoSDlaOvHzQsu0jWru0Eb+3hRc+rd+M+0omLr5j4wyez6lwHbuDedI+pi8eJnP1c3Up2aXGSwVUzqEwybRVYVWAVBVYl9fn9fkZGRpiKWrGalpbG323e/AorOFPXerlPEZH1YnGBVRFRYFVEVtJKBlZT6tOe+xdl2J58xYQVVAXwf/GvOI+fwHngIESVrxrXa5l6+wZu70Vc16MCrkvQ78RSr4IVEVliLpeLLVu2rPQ03rj1cp8iIiIiIiIyI4UCq2exb4TgnfiVoFd5cTE2oBqz5X6qJ7JC1FxNOkBwY7GVSmCCwK09vOg5S8auMmyAc9cNNmCuWnUf6cS1MdxruK310lo9a4uqC3hvWO33kn2EhKtWE/H/OIq7aCMOMAOrCfp+0XOQDcetFAilnWRgrVq1VryGGeHVvHOuUj3IhuMncIa/YH+SeHWtiIiIiIiIiIiIvDr7wk2WSdkW7ExgPF6gXXWrlRqgkonGJgKU4T5ydqZ+Yx7GrUomGivxP8nGWXkRF5/w/FYPRnTwtLoVV0YPU41RbX8R7scMxIbumHUTd0Zx7mrF8cUe/E9YfLDy8RMM8rCVzd23m6u8uPgVQaJzsp4lozSPwK1w2wFsRR8y36Yk14Hf4Hz+ldm+sYlAxl4yqpOfqoiIiIiIiIiIiCwshVasJse9tRiefGWt0rzKi74PyS7dMRNsfNIRWXUanJzAlTFHRzFb6Q9iywCeWy+rd+BgAP/12W1fO9NS9Q4cUz1MRfr+MwHvCezVwKyt/Z/wvHHmlevtPGA0vtFsG31sKIMXPbNX+4qIiIiIiIiIiMjrS53Aas9DQrvKsG2ar5EZADUe33v98eK24xtR++ldb+fB1D2Crz+KadNGbIxi9IDrQB64i3HXd8YEaY23Dya4MHZbvzE1seBQ/i/2wIEbuHd1kr0LZqU4EBERERGReTnsdgzDwGazrfRURFKeYRg47KmzGVZEZDmlTmCVTwg92Ytr61kgdpu9mTvV3H5vPD+BLXP7a48WOSjL2tJvjmGalRP1dcfaWgxTPQTDfW+6F8kLG+ts7MvqD3G6B2byqFp5VRfi/2JPpG/3kU5clRdx9SzhwVkiIiIiImtYZlYWk5OTOJ1OBVdF5mEYBn6/n6zMzJWeiojIikihwCpM/a0H5669ZB24Zx7QBGYu1I0TBG6ZAdCpBwO4rK3/Uxxkg3cmNcCit+lnbMEF+Msu4twIPLHKr98lWLp3Znt+2UWydm0neGsPxmLHqG7FtRGCd6zAptW3qxoz1YC1cjYUyasaz8rN2mPdKwPzDhcdhAYrHQIPFVQVEREREUlSVlYWAJPPnhEMhVZ4NiKpy2G3k5WVFfl/RkRkvUmpwCo9x3nWc5aM+hNk15+wCgfwN+4hslP/ei1Tb9/AXW+tMJ3qYSqZg6R6OghWluHc1UnGpkqe/60H564yc0v+VA/+wQlcm6xAK5/w/NYWsnZ1RlaIBu9UmtvpNw3gKt1L9vEtiVedusvitvlPELhVGbUVf3bfxmCTFVS1Vu2WdpL1dhPPvjDzrzp3dZK9a4LAnR6M0u3WIViJTf2hCdvxE2TX7416/xZx0JaIiIiIiChYJCIiIguyGYax6EWY85lorFzK7mSdSPRbGF8U/6s6uz65a42Y8oXnk8y1seWJ20df85PfdSUeeJH6+/vZUlCwJH2JiIiIiIiIiKw2D4eH8Xg8S97vgwcPFmyjDNMiIiIiIiIiIiIii6TAqoiIiIiIiIiIiMgiKbAqIiIiIiIiIiIiskgKrIqIiIiIiIiIiIgskgKrIiIiIiIiIiIiIoukwKqIiIiIiIiIiIjIIi1vYNWmOK6sDza7Y6WnICIiIiIiIiIib9DyRjpdGQo4yZrncDhJ25C50tMQEREREREREZE3yLmsowVeEErPBmc62BRglfnZFnidikKhIIHpKaafja/0VERERERERERE5A1a3sBqKIjthQJOMpthJCib1cZYoD65a42Y8oXnk8y1seVzdCoiIiIiIiIiImuGkp6KiIiIiIiIiIiILJICqyIiIiIiIiIiIiKLpMCqiIiIiIiIiIiIyCItb45VERERERGRVWBsfJzxsTECgcBKT0VkUZxOJzm5ueTm5Mzb7pv/8w0228zZET//rz+P1PX+Zy9+/3TCum/+zzcx/UTXiYisNwqsiqxrvXxed4EO30kuHS6JKh+h/fwZBvc381HJnBcnYF73deU5fluVv8RztfS2cOwC1DcfpiT6z29mNHlFz54949mzZ4RCoZWeikjKstvtZGVlkZWVtdJTWeWsZ1l8secQn56q4g09jZI0MzfPodhn40j7eU5f6Y9r7+HwuVOYzRbxTB1p5/dnOnk/cq28rrHxccbHx0lLTyfd7V7p6YgsimEYjI+bh0bPF1w1jBA7y/4BG9Dz7/8eUxcKhXhvxw7S0tJm1RlGiLJ/+AdIcJ2IyHqjwKqIQMeXtFe/2oexkfbznO6sXPEPr6kyD7GCqpOTuFwusNlWejoiqcsweDY5CaDg6hLwnYz+MtAMSp4+T1LPhTf1DBlp/5KO+QK8cXUj7ec5faaFgiS+MNRz780aHxsjLT0dm55jsgrZbDbS0tIYHxtLGFj9/+78PwDkB/8e//Q0AMFgKFIOkOt/D7/fj81mm1WXH/x7phNc999L/8cbuycRkVSlHKsigscDLZfbGXntnvKpOtX85larxis5zCWtVk05z549w+V0KqgqshCbDZfTybNnz1Z6JmtQPlWnTuLrv8K/9a7wVIoKkg585u+oxMMgwyOw7M9UiREIBBRUlVXNZrPNmcYiFDAofOedmJ1FoVCIrVsLIj+2oAuXy4VhGLPq4q8rfOcdQgHjjd+TiEgq0opVEaFo/36KLlzgX9p3zPkBrreljsbIPktrq+Joi7WNsd9aFbSDuzHbFmO3Z86sJrK2Nxb5oKMDcyOkL2ZLf8Lx4qcWTgVwEhqj57F/iNNfFkat4unl87ovKdIWyWURCoUUVBVJls2mlBlvTB5FHvh6eARKrKdBUs8y89kR03ZWypxoiZ91M1v9L3Csw5dU2pqRu530eyr55/hUADvu8vszQxT5OujoAN//7aPj/42a81Grg7stHLvSkcScRWQ9CwQMAoafUCjIv3d3R8pfvvRH/hxies66YDAQUxcw/AQUWBWRdUqBVREBSvjopI9jF67TW5Xgg19vC42Dh/i0OerD5vVeqg4f5tNDg1FbEaPXvI7Qfv4Cg4fOcakq3wqCno8JbvZ3QH1zMyXWh8fGlnLzQ+Cc483xAbEkfh69+Pq/5O5IlTlWbzcdnko+VVBVRGQdyaegCPqHRoH8RTzLzKDoTFvzGfX79kS5Tud51lWd4lMW2K7ff4XTdVeiCnzUN8+1tb+DwcJzXGo2a3/liprzSDvQT8vQfi41H7Zyrl7g8/LF5koXkfUg6A+BYZD+X4bjama+GHd6Hs9d5/0htsqwmX2KiKxDCqyKiKnkMPW+Oiu4mTer7tKp8IsRhgeBogX6G7nL1/0e3j9qfTwsqeaw5wxf3x2hqsos8hyqtoK45off1xovdsJU+Pr5090Rqqry6e3uwFN5TjnoRETWs6SfLSPc7ezHt/+U9dzIp2q/j5Yv7zJSFRf0nPdZl8RTJz7/am8Lx+rOJ96lgYf3d8zXp4fD1VYUNb9gcY9NEVlXgn6DvrsPVnoaIiJrggKrIhJRUn0Iz5kLfF5+LvYD2Ug7vz9zxdqy78HjSaKz0SH6KeLXrxLNfJXx4pSU++j/8i4jVTsYHvTwfrXCqiIi64sZPPVUWl8WJv1sGWWwHzou1EW295t8WGtfo5q+xrMukQRfQoqILDVvzvts/rvNBIPBJenP4XDw6IdHS9KXiMhqo8CqiMzIr+KfD3Vy+svr+KKKe69foT8qV1tvSx2NC/WVV4iHTqJS2yXtlcaLV1JupgPoha8J56uTVDbZd4NrXVCxbw/ezGUZkBvX7rNtucYTkeU1cpev+6Fov5VfNelni5mb1bc/iW30r/GskzVivJvLTcN80FBD8Uwh3ZebaBsyXxXWnOBoec6s8hmF1Jw4SnkOjHdfpimmQTkfx/SdcBJ0X25i+IMGaqIaRvc1M4dXuZ8B2ho+ozuqWdL9SYoyyMkx//sZhoFhGNjtdgzACIXMg9tsNgzDzJtqt/5sGAY2uz1ynQ0ih7w9+uGHRAOJiKx5KRRYPUtG/V4ciaqmepi6eBx/orp1wn2kE9fGmdfBO5U8v75y85G1K7/qKIc7z9DST0xwlcFhRighf6SdP3UQV5moox2877kysx2y9zot/R4OH82HmFysc1jseLOY6QAaL/SD76TSAKS8SR7eB68X7j+cxKtIp4i8lhHaL1+h33OIf44Ojib1bMlnR6WHli/b+VX0QVaDh2bnSp33WfcKFvuslJU13s3lpjaGKI8pHmhroo0aTjSUkxMOpuY3UFOcQ/nRhpjWA20NfMYHhGOU48NDiwxazgRrY2Yx3s0f26DmRAPldHO56Y90e48yb7dz3A/jIwwnFeCV1cIwICMjAwB/IEAoGCQtPZ1QKETA78fhdOJwOPD7/WAYpKWlEQgGCQYCuNLSzOv8fux2Oy6nM9KniMh6lEKBVZMChvEOsuH4CZz0MNVoBZfLLpK1q5MMXv+9ch/pxMVXTPzhk1fuw3XgBu5N99Z98HvtsHLJXZjZAGmmCLAO2PAcov6Qh8ZO68Ppjko8V65wum6I+ubq2H5OnWSw7gzHrHM5fCebE+SMm23e8eaadcw8zAO4Ssp90NGBr1wnd6S8R9/SxTb2vTvGtZvf8shbweY3PWamlz213jc9iqwz33zzDT8tKYl88AzzT0/T29tL6c9/vkIzW/tmbd2PWp0Ki3mWHaak6hT1Q3VRB0vNdajUqz/rgASHVyV/fcyczxUmOaAslfBq0PLycoail3IywJ1uKP+4HDOGmUP5B+U03BmgpjguLDnQxmfd5XzcEC4fZ2QYCkqTDKqGA6Hl5ZTHToLxvtsMFe7kn3IAyvmgvI2/9I1TPkdkde77AcaHGSosQOtT1xKDcBw0GAzi9/tJS0sjFArh9/ux2e047HYCgQCGYeBKSyMYDDLt9+N0ucAwzACsw4HT6Yz0KSKyHtkMY2m/W5porHzFK80VqyiwGqu6lexS8DfWMhVVvFTBzFQJrCb6LYwviv9VnV2f3LVGTPnC80nm2tjyxO2jr/nJ77oSD7xI/f39bCkoWJK+1qSRdn5/ZohfW4FWWR4PHjwg3e1e1DWPulq5nbuPPd5Julpvwu5aKjZHKmm9CRUVY3R1jQLg3V3Lu9+1crOPyOtwezOlgNmOvAr27fGSGe7nNnjpo280j4oPtnH/L9GpAB7R1XoTq8uYPh91zYwFeTPpCqy5eb199PWFh9zHHq24XZe++eYb7ty5Q25ODrt3755Z1TM9zc2bNxkbH6e0tJSfxwVXX05NsXXr1pWYsojM4d69e2RmZc1ZPz4wAMXF5Ay00fAZUas5zW3zfBy1LX+gjYa/FHDiaHlUcNJcaXp7Z/Tq1AHaGv5CwYkFVpbOTIIBiinOmT2muRL2YxqsgvjXyd+PFXQd/mDOayV1TT57xvbt22eV/+32bXb+/d8DMPXyJYFAgA0bNhAKBnk5PU2aKw2H08H0y5cYhoF7wwb8fj9+vx+32w2GwcvpaRwOB+np6Waf//t/84udO5f1/kREwh4OD+N5lcNZFvDgwcIH/aXcitV5WUHGwGAezqJswFzhGto6s00+esWr68AN3Fa7mHQC1a1keyFIMQ73BIFbe3jBRbJ2lWEDmBogSDH2x008++IqELcV/8lMINIMTA4Q3FhspTGw+uux2pZF9Ruu29RKtvdJVCDyLBn1Pozo6yzurcXw5KuYoCqA/4s9sUHMROP0hMu3E3oCjo3ZMfN3Hbhh3dNeso9g3lN1K9mlM/9oMgZn3oP4dA3BO5U8p9V6j8twH78IF4/jj+kj7v0QWUYjdzvp9+1XUDXlPeK7vjy27csEMnmvIo9r3z2iYnP0mtU+7rOP2tpMM3B6sxV211JbYQU9b/fx3h4vmY+6uNaVy+7aPWzGrLvW9Ra14QjpaJ953WZgso/7kf4n6btxk7GKfdR6M638qzfo27cH72QXN8cq2FdrBmgfdbVy89tHeCOR3z7Gcs25mYHW/0nfFuVtXY9+WlLC0NAQY+Pj3Lx5k927dwNEgqo5OTn8tER/I4msBTnxq09naigohLa/dPPLo1YqgL90w1A54zATWB34K21D5Xx8NCqCOj7CMEN0NzXQZhWVfxybNzVuEvNuzS8smOk7p6AQhl/lfsz0BHR/RkN4JWthTVyQWFYbw4BQKARAwO8nGAxFgqihYBA/0wSD5opVgOmXLwkGgwQDQfzT0xgGBMOrWZ1ObFH5WEVE1hv7Sk8gnqN82xSHAAAcDklEQVS0k+z62J+M6N3FFOPgX5lorGRqcAJHaSf2B5VMNFbifwIO70VcANWtuItG8Tdadc/LcB85O9ONuxj6Kplo3MOLnoNsqCyDwSYmGiuZ6ANH1GIr14EbuDJ6mGqsZKKxiUDGXrIOHJxpsDEP41Z4Dtk4K605cJaMXWWE7ph1E3dGce5qxX39LkH3dpxl1vXVO3BM3SMwK/h4EFsGGJP3FnjXYseZGsQcJ1KfjYMOcw63ejA27iWj2grOPiEqUHyWjNI8ArfC8x3AVvSh1c9BNhzfiz38Ht3qwV56gw2Pa5kanIgKXMf3MRr1fogslxHaz9dx+koR9YcVxEh5j76jz7szEojM3LKNvL7viD1b1stOq0HmW7mAl3etuGZmbl5UV33kVbwXSSOw+b2KuL5mrosx+ZD7o3ls2xKehJc9tVZwdHMFteFVr0zydCz+4pm5kZlLXny1rBuutDQ+2L2bnJycSHA1Oqj6QdQqVhFZq3IoP/ox5UNtNDU00NDwR9hZPqvVwJ1uKC+NDYyODzNEITUnGmhoaKDh43K6P7tM9/iyTT4BMz0B5R+bc2o4QQ1tNLUNrOSk5DUZhkEoFDJ/DAPDCMWUmwdVxb822xmGgYH1OtyH1UZEZD1KuRWrC+dYHSBgraD0/ziKu2iUkNU+ODmBy8zBjXtrMcZgU2Sl59TfenDu2oEbrLKByHWU+XC4Jwj2WSszr/+ZgPeEtTLzIM5N2QT7wqtLr/Ki70OyvT5cWO2fdERWZEbPgeodOBjAHx7nei0T1p/dTzpxeg9Cz1Vzro///Opb+uPG8X/Rgat+L/Zq4DHABIG/WVv9ex4S2jVXR5/wPOp4XNfbeYC1nTb+Peo5zjPrnl2zUhRm4/zFWej5JOaeRZZPPlWnmqla6WlIEibpu90Ho3209sXW3O57b5Fb6s2g52jfNVpjsm3k8XSS+XO2To4xSi47Ew032ceNa13W34Z55ClyKvMIB1f/YgVUAQVVRdadYmoaGqixXo13X4bCnTFpAEaGofyDuFWixTU0NES//iU1hU3c7hvHyx9pahuyKpI7SGpoeGaN7PjwUKR8oK2Bz5JefRp/4JaZM7btszsM1My/YlZSmREJhNptdgxbCIfD/PRrs9mw2+04nQ6CQXPFqtPpNNvbbDgcDgzDIGizYbOZ+yUVVBWR9SzlAqtLw1zpadt4guz6E1HlE9jKEjTftBEboxgJt6tvx+a2VtKWxtY4EjWP4no7D6buEUxQN/VgwArOgi1jguDfriZodRXj+QlsmbPz4iQ7zuJYB2VZS12NqYmZqnnfo2hmcDajfi/Z9XvNoievl8NVRNawyYfcH/Wyuzb2sKrJvhtcu/+QSW94pWgyMnkrF/K2zZHjdHK+S3PJ474ZgI279NG3XYx6d0fSCTzqauVm0nOS9Sg6uAooqCqyzo0PD0HBBzPBy/E+bg8VsjPJvfQF+TnkFB+lYfbC1zkl2vofTg1QXNNAQ02CixZDh1mtauGVqACBgJUKYHqaUChEMGh+qgyFQubhVcDLqFQA09PT1nUBKwDrtNoruCoi61PKpQJYGlcxnpv5QSesVADmzxy5Ph8/wSAvcdCVexhT5kra2L5qZ+U9jef/cRTcGxMHYMPpAKp9OEiUBsA09WAANu5g1jEw1a1k15vb/ecdZzGqP8TpHoikT3jWNzpTN+97FO8Tnoffp6jUAyIi8SYf3mfU++6s1aSZW7aRN3qfh/MFQxPY/K6X0a5vI1v/J/tu0NraFZdWIIHMLWzLG+V+ZMBHdLW20hW+cOypGZed7ON2X+IuRKKFg6sKqoqsPwNtDVwO798faOOz7kJqfhm1tnN8mKHCnXjjIpPj3ZdpuNzNeOT1H2kbKqf0FZaF5nh3Utj9FzONwHg3f+kuZGf8gMndDW0NDczs/B+g7bNuCnd6FVhdxcI5VsOB1FAoSCAYNIOnwRDBUMh8HQoRipSb7YJR7WauD630LYmIrJg1Glg1A5Iz+UHNPKnhQOQsPR0Ep7JxeK28qdUfRlZtwlUCjydmcrdiHliVfTyJvKHX75qHYIWDimUXyaq/wYYygE8IPcnGWVqG7fnDudMAXP8zgaliXDHjnSWjtBhj8M9mcDduHNcBH47oVAeLEg6eHmSDN+pfcfHvEWfJmJX/Nv4eMVMPMIHx+FXmIiJr3bddo3gTJT21Ap1d3y4YEo21uYJ9FWPcbG2ltbWVa11Qsa9i/jQA5oB49+wmt+sara2ttLaaB1lVbLbytI52ca21ldb/CTsr8mYCrSLzcKWlKagqsg4V13xMQVuTmZP0s27KPz5KecwZVYlPkcopP8qJnbet3KwNNLVBzYmFt/zP0Rn/VANtTQ00NLVBzT/FzGERd0NNw8fwmZX3teEzuss/5uirdSYpIjrHqt1uN7f42+3Y7XZsNrBbr23Wdn+Hw2G2A+x2R6RddCoApQMQkfXKZizx34ATjZWveGXsifOxBvA31jJV3Up2KeafwTrBfua168AN3JvuWYcoWa+LssMzmzmdPr4fMAOCu8qwATzpIZBRhuNxE8+sfK7uI524NsbNJ1zOzFb3+DnE9EtcDtnqVrJLi5PIKxs/foJctDHjRN1r2UWydm0nGH5tvc+Er7fmYB4+1YEzkgpggsCdezhKZ18b/m9kDFrvT2Ts6P9OM/8EjLSbR6Lfwvii+F/V2fXJXWvElC88n2SujS1P3D76mp/8roul0N/fz5aCgiXpS2SpPHjwgHR3wq+xRCSBl1NTbN26daWnISJR7t27R2ZW1kpPQ+S1TD57xvbts9PKdXd187Of/RSwtvmHQqSnpxMKhfD7/TidThwOB/7paQwgPS2NQCBAIBgkLS0NDJj2T+NwOMzXwH/+x39SXrGIfBUiIkvo4fAwHo9nyft98ODBgm1SKLCaSsxco7a+hQOer6XsIlm7NhJIIq3AWqfA6qtRYFVSkQKrIoujwKpI6lFgVdaCuQKrXf/rf/HTn/0MgBcvXhAKhXC5XBjW1n67tUI1aOVYdTmdBK06l9OJAQQDAewOB+lpadhsNv7jP/6T//aP/215b1BExLKSgdU1mwpgcc6SEb19vfpDnO43v33d5d2O7cnddR9UFRERERERkeVhGGCEQhjh3KiGYe58tNkii0RsWItEDANsNghv97fZzDpjJgVASGkARGQdc670BFLDJ/gHb+De1Un2LrMkeKcy8UFXS8JcEWseFPXJmxpEREREREREZJZwMNRus2PYDOx2B4RC2Kxcq3a7A7stiGGzYbfbMex27OGcrAbY7UFsNttM8FVEZJ1SYNXi/2LP3AdILbmrvLg4f85RERERERERkaVmGAZpLvNoZJfTiWEYZvAUSAu5zEOpbDacLjNcYLfZMKx2NusQK1eaCxuxB1iJiKxHCqyKiMiSMlcyWNvGRGR+1odZEUktznAQSc8yWaUMw8DpnPvj/jff3FnG2YiIrF0KrIqIyJLKysri2eQkLqdTwVWR+RgGfr+fzMzMlZ6JiMTJyclh/McfSbMO5hFZTQzD4OXLl+S8/XbC+n/8v/5xmWckIrJ2KbAqIiJLKisrCwPzJNpQ+FAEEZnFbreTmZVFtk4eF0k5ubm5GMCP4+MEAoGVno7IojidTnJyctiYm7vSUxERWfOWN7Bqs4OhD9my9tnsDoxQcKWnIbJishUsEhGRVW5jbq4CUyIiIjKv5U3q5crAZncs65Aiy83hcJK2Qds6RURERERERETWsuVdsRp4QSg9G5zpYFOAVeYXn81qNWS3CoWCBKanmH42vtJTERERERERERGRN2h5A6uhILYXCjjJbIaRoGxWG2OB+uSuNWLKF55PMtfGls/RqYiIiIiIiIiIrBnLmwpAREREREREREREZA1QYFVERERERERERERkkRRYFREREREREREREVkkBVZFREREREREREREFkmBVREREREREREREZFFUmBVREREREREREREZJEUWBURERERERERERFZJAVWRURERERERERERBZJgVURERERERERERGRRVJgVURERERERERERGSRFFgVERERERERERERWSQFVkVEREREREREREQWybnSE5hxloz6vTjii6d6mLp4HP9KTGkOrgM3cG+6l3LzEhERERERERERkeWRQoFVU/BOJc+vh18dZMPxE7iPX4Q1F8Q0A8nE3K/I8no4PLzSUxARERERERGRdW5LQcFKT+GVpFxgNdZVXlzcTkb9XlzV4FcAUmRJrda/uEREREREREREVlqKB1YB7mFMgePtg8BVwNqKX5RtVkelCnAf6cRFD4GMMpxugAH8jbVMhbsqu0jWrjJsAEwQuLWHFz3h8u2EnoBjo9Xvk6+Y+MMn1oXmylmzzwmCT2JnONd8qG4luxSCT4pxbDSrjcEmnn0BG45baQ9KO8mgkuePo+cWv3JXREREREREREREUskqOLzqKsZzsGVuN19Wt+IuGsXfWMlEYyX+52W4j5ydab6xDFufVfekGNfxi7gAOEvGrjJCd8y6iTujOHe14o5cmI2DDrPuVg/Gxr1kVJs1rgO/wUkPU42VTDR2QDj4msx8KMY+2WSNOYCt6DdsKLvKi4tfESQcQD3Ihsqoud3qwV4aPTcRERERERERERFJJasgsBrLvbUYY/DPkVWoU3/rwdi4YyYIOdUTSRkw9bceDPd2nGVA9Q4cUXVc/zOBqWLs1eELJwj8zVqh2vOQUGTEgzg3ZWM87rByvH6Cf3Ai+fkwQOALc6Utj59gzHNvDq8VBO45zrPolbYiIiIiIiIiIiKSUlZBKoCD2DLAeHwv8mfbxhNk15+IajOBrQwzaPn84cwhVz0PCe0yV7q63s4DdzHu+s6YlaDG2wfh8Xzjb8fmhtCPVyMl/h9HcW+amdtc80neVV5cxDyoKzy/6JQCIiIiIiIiIiIiklJSP7Ba5sMRFdg0np/AeNzEsy+uzmrq/gWQsQUXmAHJsi3YgSDhYOi9xMHKMt88E0iQ4/XtPOAJZpqCuedD9eyiuV3lxcVwH2fJqN9L+oGD+BP1KyIiIiIiIiIiIisqxVMBmLlHbdHb+x8MYCv6MLLq1HXgBtn1UflIw1v/AfcvyrBN3SPQA1y/S9Bdhisc7Cy7SFZ9ZySP6tyuEng8ETWmmRogbMH5JOUsGTFzMYO50atkRUREREREREREJHWk3IpVR2kn2aVRBU++YuIPn8y8vl7L1Ns3cNd3WodSTRC4ZeYjdQM8GcW2q5PsXQAD+BuPR3KjPr+1haxdM/0bg008vw4ssG3f/8UeHEc6cVljBp8MQMbC85nfJ4Se7MVV2knW2008u9UTMzeefMXE9Xk7EBERERERERERkRViMwxjvvOUFm2isXIpu1sU95FOXMQFYmVVSPRbGF8U/6s6uz65a42Y8oXnk8y1seWJ20df85PfdSUeeJH6+/vZUlCwJH2JiIiIiIiIiKw2D4eH8Xg8S97vgwcPFmyT4qkARERERERERERERFKPAqsiIiIiIiIiIiIii5RyOVZfx9QfKpPIbSoiIiIiIiIiIiLyerRiVURERERERERERGSRFFgVERERERERERERWSQFVkVEREREREREREQWaXkDqzbFcWV9sNkdKz0FERERERERERF5g5Y30unKUMBJ1jyHw0nahsyVnoaIiIiIiIiIiLxBzmUdLfCCUHo2ONPBpgCrzM+2wOtUFAoFCUxPMf1sfKWnIrKixsbHGR8bIxAIrPRURFKW0+kkJzeX3JyclZ6KiIiIiIi8guUNrIaC2F4o4CSzGUaCslltjAXqk7vWiClfeD7JXBtbPkenKamXz+su0OE7yaXDJVHlI7SfP8Pg/mY+KoHeljoaiW8T31ULxy5AffNh5mmV9Jiyeo2NjzM+Pk5aejrpbvdKT0ckZRmGwfi4+e8iBVdfl/kMaemfKfGdfAPPk6SfdSIiIiKyHijpqYhAx5e0j6yDMWVZjI+NkZaWhs22GtaZi6wcm81GWloa42NjKz2VVc4Kqhad5FJzs/VzEi7U8XnvSs9NRERERNay5V2xKiIpyeOBlsvt7DhVRX6C+pLDzVxa5jFl9QoEAlqpKpIkm82mlBmvbZTBfvDtj15DWsKvDnk43d3LRyVaWyqLZxgG33//Pc9fvCAYDM7ZzuFwkLFhA++8846+UBQREVmHFFgVEYr276fowgX+pX0Hv62aHeaMTwXQ21JHY4dVOWtLP0RWD3GIT+cInC405uxtnb7I1ktzPoc4PHjFqvdR31xOV90FOuLaJjdfERFZvfIo8kBLXBA1v+rUzJeC1hb+w4cGabliPlh8J5up6J55PkSnDhhpP89pqx2euZ5ls591cz1velvq+BM+6Oigf87+JJV8//332Ox2vF7vgm0fPnzI999/T2Fh4TLMTERERFKJUgGICFDCRyd99F+5zkK7Jkfaz9M4eIhPm5u51HyOw4MX+H3Mnn7zg+bXlee4NO8Hx/nHHGm/HLWt8xyHPR38KXqcjk44OlPXWNdNhbX908dM24XnKyIiq1s+VUcP4em4wLG6Oo7V1c3x93wHX3OUS83NfHrIQ8eFOrrKzdQB9T7o+LKdEYDeFk5fKaI+/NzgCqdb4p9Us591Cz1v+jvg183NCzwbJVVMPn/Oli1bkmq7ZcsWJp8/f8MzEhERkVSkwKqImEoOU+/roHHWh8doI9zt7MdTucP6UJhP1anmqBWng/zJ+qCZeBVq8mPmV52KWllqbvOM4duPOUQ+BUWAr9xaoWquXIqer29/1cx89/vo77yLQqsiImtIfhW/tfKrfnrIQ/+VMxyri8+x6uPX1rMp33xwUGE9ZvIKIw8Oers7op4p5nODju6oLwETPeuSeN5E+pTVILjIFB2LbS8iIiJrg1IBiEhESfUhPGcu8Hn5OYoStjADnEX75wqa9gMecxVqVXInJs85Zm8Lxy6E91N68HgSXLwgc74dF+roiCn3MQpaMSQisgblV53iUpW1nf9CCxXNyT2PTCMMD4KnMm+eNomedfM/b0RERERkbVJgVURm5Ffxz4c6Of3ldXwJG5irQb8eHoGSRGFJH78+dRha6mhsKU8ul2nCMUdo/7IDz6HwaiBry+Wib8icr2//TN48Wb0G2hr4jI9pqClexFXjdF9u4vbOExwtz3ljcxORFdTbwrEvC2flLTVXpS6WuQuif2i+r98SPevmf94slGZHRERERFYnpQIQkRj5VUc5TAcd8VvvzVp2VHpitjb2ttRxLG4rf8nhk/g6LsRtwVz8mOYHW6D3etQhVothzjeSNy883/PtSgUgIrJWlJTj64/Pg2p+Qfcq2+9LyqO3/s/dT+yzTs8bERERkfVIK1ZFJI6ZF67lQkfi2qpT1A/VcbruilngOcSnp0qgtzuqVQm/OuRZxBbM+DHDry9wrAPwnTRzsc67gmiOnuPni4/6Zh0cIiKydpTwUfM5is6f4VjdTKnn0DkuJZPve1Z3h/n00HlO19WFO+LThDsw4p518zxvlA5AREREZG2yGYZhLGWHE42VS9mdrBOJfgvji+J/VWfXJ3etEVO+8HySuTa2PHH76Gt+8ruuxAMvUn9/P1sKCpakL5Glcu/ePTKzsuZuMN7N5aY2hgAKyymnm+GorfoDbQ18Fo7Tl89s/Y9JBWD1Qc0Jjnr7uNx0m50njmJ2MUBbw2fwcQM1xUoFIKlv8tkztm/fvtLTEJEo3377LT/92c+Sbv+f//EfvPfee29wRiIiIjKXh8PDeF7tYJZ5PXjwYME2WrEqIiLLaJzuP5oB0YbyHBhoo+EzKNxp1XZf5rPhGk40lJNjBUgvF8QFRce7rUBqgxlIHV+RGxEREREREZF1TjlWRURk+Yz3cXuokJ1eK1Ba/EtqCiOV9N0eonCnF7O2mF/WFDJ0u28mdjr8l7jVqSIiIkvP4Vzc+pPFthcREZG1IYUCqwfZcLyTrAMHV/kY4D7SSfaRs290DBGRVWl8mCEKyE8YFB1neAgKEleahoDCIdr+OvCGJigiIgKZGRk8fPgwqbYPHz4kMyPjDc9IREREUpG+Wl0SZ8mo3wt3Knl+faXnIiKSwnIKKOQ2I+NQPCt+mkNBIdxOXGkq/4CjNdDW8BltpQ1Y6VdFRESW1DvvvMP3339PX18fwWBwznYOh4OMDRt45513lnF2IiIikirWWWD1Ki8uXn3jo0z9oZKpNz6KiMgqlONlZ2Ebt/vGKS/PgYG/0jYUzrGag3dnIW23+xgvN3Os/rVtiMKafyI2lWoxNR+X0/BZG6UNNRTn5FPAUFSfd+gGylfoFkVEZPWz2WwUFhYu3FBERETWtZQNrLqPdOKih0BGGU43wAD+xrvY6/fiIPy6lqlFtT3IhuMncDxu4tkXV8F6bV4zQfAJODLuMXXxOI4jnTgZgI3F2KZ6mLp4HH91K9mlM8ujjMEmnn0BG45b45R2kkEloa2duPiKiT98AoDrwA3cRdnmReG+AKpbyS6F4JNiHBuj+3zzwV8RkZWRQ/k/1XC7qYmGNqC8hppCuB2uLT/Kx8MNNDW0mQXlH5uHXMUr/iU1hU181lZKQ42Zi7WpLbbP4WW6IxEREREREVmfUjawCsDG7XCrkokeMwDqqgd/YyXPra33zgMHIRyETKptbPeuA7/BSQ9Tjcfxh7fzRy01tW00+zCLzpJRmkfgViUverCCoh/ippYXF7fHpAJwH4kapLoVd9Eo/sY9kcCu+8hZ/FbQFYqxTzYx8YerVp+/YUPZVXMMEZG1KKecow3h9aTjdF+OzataXNNAQ83sy4prGmiY6YTyow2RVak55UdpiFmiWp6wnYiIiIiIiMhSSaHDqxJ40mEFGK9iPAee3LWCnPcw4vfaL6YtAAdxbsrGeNxhrh7lE/yDE3F93o2Ks37C88Y9kYCn6+28pG7BvbU4qp+rvOgbgI07cEdaDBAIB4cfP8FIqlcRkdVqgLaGy3SH9/UP/JW2oUIK5jmvSkRERERERCQVpfaK1TdqOzY3hH5Mdtt9dNoAMKYm5m9uXWPLAOPxvVedpIjIGlPML2ugqakBa7M/5R83kGi3v4iIiIiIiEgqW8eBVXMlq+Ptg0ASwdXqD3G6Z/K6hvOjzu8qxvMT2DK3v/ZsRUTWitnb9kVERERERERWn9ROBfBGXSXweALbJh8uAM7iCh8wNac8bGUAB9ngLV6grWnqQfTWf+u6mBQDIiIiIiIiIiIistqs48Aq+L/4VwKU4a7vJLt+B0Z8jtVo1/9MYCob565Osut/A309GJFA6yeEnoCjtJOsAwfjrqtlajAPV30n2fUnzMOyIgdXiYisPU6nE8NQxmiRZBiGgdO5jjcQiYiIiIisYjZjiT/9TjRWLmV3y8p14AbuzA4mFPhcdol+C+OL4n9VZ9cnd60RU77wfJK5NrY8cfvoa37yu67EAy9Sf38/WwoKlqQvkaUyNjbG+I8/kpaWhs1mW+npiKQswzB4+fIlOW+/zcaNG1d6OiIiIiIiq9LD4WE8Hs+S9/vgwYMF26zrJRLuI504J5t49sVVwqkAjEEdNCUi8jpyc3MxgB/HxwkEAis9HZGU5XQ6ycnJYWNu7kpPRUREREREXsH/D1c3bpnUvl0AAAAAAElFTkSuQmCC" height="600" width="800" />]]>
  </system-out>
  <testcase name="getMyInfoItemsCount" time="1.560" classname="testcases.MyInfoTest"/>
  <system-out>
    <![CDATA[Actual:11---->Expected:11
<img src="data:image/png;base64,iVBORw0KGgoAAAANSUhEUgAABVYAAAJcCAYAAAASBf/6AAAAAXNSR0IArs4c6QAAIABJREFUeJzs3XecVdW5//HP2nufMmd6Y2aYQhk6SLWgCAj2qNGosYtiyc01NzFXkptoEsvNVdMsib/cxJgbDGrsYsFEjIIKKoo0EQakCEOdOdPLabus3x/nzMDAwECilPi8fRGZ2WuvvfaZ7R/5zrOfpbTWGiGEEEIIIYQQQgghhBAAzJgxo8cxxiFYhxBCCCGEEEIIIYQQQvxLkWBVCCGEEEIIIYQQQgghDpIEq0IIIYQQQgghhBBCCHGQJFgVQgghhBBCCCGEEEKIgyTBqhBCCCGEEEIIIYQQQhwkCVaFEEIIIYQQQgghhBDiIEmwKoQQQgghhBBCCCGEEAdJglUhhBBCCCGEEEIIIYQ4SBKsCiGEEEIIIYQQQgghxEGSYFUIIYQQQgghhBBCCCEOkgSrQgghhBBCCCGEEEIIcZAkWBVCCCGEEEIIIYQQQoiDJMGqEEIIIYQQQgghhBBCHCTrcC/g89IYa6K6dRubmjeztW0729t30BBrJObG8LQHOjVQgac1E0qO5xsjp2MoyZaFEEIIIYQQQgghhBAH56gOVhNugpV1VSzY9i4r61bTGG/EJRmiKhRKKQCUAqVVMltVYHs243qNkVBVCCGEEEIIIYQQQgjxDzlqg9WqhnU8teZZltevBA0GCmUYWJhAsirV9VxyAzl4aNrtNpRSOJ7D6IKRjCkaeZjvQAghhBBCCCGEEEIIcbQ6KoPVtQ3r+cl7/4PtJTANC6U0OlWl6mkPx3PID+ZzSunJJLwE7+5YlKxW1RoPuGrIpVjGUXnrQgghhBBCCCGEEEKII8BRly62xFv4+Uf343gJLMNEJxNVtNLYnkOWL4NLBl7IkLxBLNz+PnM3v4GHxlCKhJtgSulkBuVWHu7bEEIIIYQQQgghhBBCHMWOumD1lY2vsSNSS8gMdn7P9hwsZXFh//P4auVXaIw18uCy31HdugXLsFKVrBqf6WfasEs7e68KIYQQQgghhBBCCCHEP+KoClabYs28uul1AoYfDWitcbXL+OLjuXzwxVRklfHaZ2/wyKpHAfAZFhpQSpFw4kwbcgUFoYLDeg9CCCGEEEIIIYQQQoij31EVrK5v2khzooWg4cfWDnmBXG4Yfg0TSk8g7sb57bI/8MbW+ZjKwsBAo1EKHM+hT1YF51aedbhvQQghhBBCCCGEEEII8S/gqApWP21ch9YejnY5pXQiVw+9jMJQPnXRBn7x0a9Z07gGS/lQil29V7VGo/n2qG8S8qUd7lsQQgghhBBCCCGEEEL8CzhqglVPe3xcvxpTmXxr5Dc4rc9kDGVQ017Lzz96kHVNG/CbPrQGdPIcBUScGDcdcwND8gcezuULIYQQQgghhBBCCCH+hRw1wWrUieI3fNw5/jbGFY0CIByp585FP2Nb23b8hg9I9lPtSFejTpwLK7/KVyrPOIwrF0IIIYQQQgghhBBC/Ks5aoJVQxl8e/S/UZjafMp2bX697HdsaduW3MxKadC6c0MrQxlcNvAirhj6dUxlHubVCyGEEEIIIYQQQggh/pUcNcFqmpVGmpXskaq15i9rnmNx7RICVhoxHJRW+E0/peklHN9rDCeWHM/AnL6HedVCCCGEEEIIIYQQQoh/RUdNsLq7jc3VzK/5kBPLJtE3rYC+6SX0Si+iML2IglABShmHe4lCCCGEEEIIIYQQQoh/YUdlsFqeUcwfJ/8M5Tp47XVY0WZ0wka7teA66GAOyh863MsUQgghhBBCCCGEEEL8izpyglXtoeNtYEchkIHypcE+Kk99zVvxVr2Kt3YeTuNWYlonN60yTLTpx8wrwygbjVU5EbPkGFQg8xDfjBBCCCGEEEIIIYQQ4l+Z0lrrw7kA3R7G3rAAd8MC3LqNkIhCMAsztxyzZChm3xMxCweBFdh1TqwZr3kburUWr7Ead9sK3J1VeK1h6AhZAVAYhQPwj74Aa9g5KH/64blJIYQQQgghhBBCCCHEUWPGjBk9jjl8warnkPjkZRLvP4rXtA0MI9kbVRloz0PhoTUow8TsPQLfmK9hDTwVZQW7nU631+OG1+Gsewt7zesQbQXDQANKa8zewwlM/HfMiuMP7X0KIYQQQgghhBBCCCGOKkdssKrjLcTfehB7+UtgmMk/AJ4H2t01ThkoQGuNAsw+4whMugmzZOR+5/eatpJY+RL2h0+gXRtlWmjXAaUITr0Z/5hLwThyuiAIIYQQQgghhBBCCCGOHEdksKrtCNEXv4ez8QOU5QdUMkzVYJQOxywfh5Geh3YddPM2vPB63JpPky0CtAemj+CFv8LX/+Qer+WG1xKbezfe9tVg+kBrtGsTOOEqApO/A8r84m9YCCGEEEIIIYQQQghxVDnyglXtEf37vdhLn0f5Uj1TPQcjPZ/AqbdgVk7a+1V/18Zr3oqzbj6J5bPRjdvAtEj7+q+x+p7Y8yVjzcT+/jOcqjfAtNAAToLgmT/AP/qSz/0WhRBCCCGEEEIIIYQQR7cDCVaNQ7COTvYnL+EseW63UNVFpecnQ9LBZ3TfP9X0YeT1w3/CdaRf9Sf8J1yN9lyiL/0QHW3q8ZoqmE3wrNuxhkwFx0YByvQRn/sz3PqNn+8NCiGEEEIIIYQQQgghvhQOWbDqtewgNv83YPmT39CA9kg7/2cYhYMPaA6VXkhgyn8SuuhX6EgjiY9fPLDzfGkEz/gRqmgguC4oA5QiPu9+8JyDvpd4PE4kGsXzvP2O01oTi8Voj0SIx+MHfZ2eJBIJ2iMRYrF/fm7btolEIkQiURKJBI7j7PP+DrTI2XFdotEokUiERCLxT6/xcPC0R00kTNSJ/cNzJFyb2kgd3mHaJ04IIYQQQgghhBBCfP4O2Q5O9tKnINoMVqpa1YnhO+k6zNLRBz2XNWAKoUseIvbWQ/jHXorypfV4jgpmETzjNqKPTwc8MP04G9/D2bkKq/eoLmNrampZ9MEH5Obm4HoeEydMwLIsWlpaeH72bObOnUtLaxsPPfgglZX997rWtu3bWbBgIW+//Q6fbdpELBYlPy+PEcccw6RJEzn5pJMIBAL7XW9jUxPvv7+IjIwMmpqaOHnCSeTl5aG1ZvmKj3nttddY+cknNDU1EQqlUdm/ksmTJzPllMmkpfX8eQC0RyIsXbac+fPmsWz5ctrb20EpTMMgNzeHwsJepIdCBINBQqEQza0t1NWG+fa3v82woUO6ndO2HZavWM5bb7/NokUf0NDQgNaazMxMhg0dyqmnnspxxx1Lbk5Ot+d/2riBD3d+RIaVTn2skTG9RjG2aP+blQF8uHMpGxo3EjAD1MUbOLvPqZRnlbFk5zKWhVfiaodcfw5RN0a7HaEl0YaLQ8gKURTqxeDcgQzLH0zaHlXTbYk2vj3/+xxXNJYZ4/4DQx3c7yI0mv/75DEWbHuPBybfQ1F6r4M6XwghhBBCCCGEEEIcmQ5JsKrb60isnJPcQApAawik4x/zj/c4tSonkxbKS851oOcUD8XsMw5381IwLZRS2B+/vFew+snqVXzve99DA+PHn8CUyZPZsXMn37zpW6z6ZCWmYaIMA/8e4WhbWxuP/vkx/t9v/x8+n48RI0ZQUVFOIh5n6dKlLFmyhKeeeopJkyZx15130rukeJ9rjUaj3PajHxGJRDBNk1defolgMMjPfvELnnzySRQKy2ehPU08kWDFihW88MILnDB+PD+79x7KSkv3+1msWl3FHXfcwUcffUTffv244frrGTt2DKZh8vHKlcycOZP33nuPzMwsvv71r+M4LnXhOpqam4nHu6/eXPvpp9z/4IO8+cYbmKbF5Zdfzvjx48kIhVi/cQOzZ8/myaeeYsjQIdx5++2cdOLePXLjdown1j6Lz7DQWtM/p89+76NDbXuYWWuexJd6xk4sPo5yYHn4E57f8BJpZhoeHlcOuoTyzHISXpwNTZ8xb+s7xN0YlvLRN7OCGeO+TXnWrs+uNlJH3Ivzzrb3OL//2QzKG3hA6+mwrWU7czb9DUuZxJ2js2pXCCGEEEIIIYQQQuztkASrTk0Vur0B5UtVA7o21vCzMTL/ueo9s+SYgzvBsLAGTcXd/FHn1+7Gd9GxZlQwu3NYeigdn8+HbdsMGDCASCTKf3zrP1ixbBm5+Xk4CZt4Ik56KNR5TiQa5Rvf/HeWLFnCz+69l4knn0xObg6WaeK4LjU1tTzw4IO8/PLLzJ8/j5bmZh6b9Wf8fn+3S00PpVNYWEh1dTVZWVn4fX6+e8v3+HTtGu695x5GjBhBXm4e9Q31zJ//Fr/93/9Fa49F77/Pt79zM08+8TjBYDc9a4HVVWu49LJLaW1p5dJLL+WO239Cenp65/HBgwdx5hmn818/uJW/v/l32tva+cFd3yMQCOyzPcCSpcu49rrraGttYfDgITz0m98wcEBl5/GTT57AFZddxrPPPc+Pf/xjrrl2Og///ndMnTKlyzyu0gQMP6ZhoLXGVL79/0xT/JYfv+nHVCYKhd9Mfq6WYeE3/Gg8snwZnFd5FsHdqlLPrzyHXy75DZtbq9nY+hl3L/4VD0y6h7RUFXRjvDnZ+kDB7PWv8v3jvnPAVaue9nhszdMoFBpoSbQe0HlCCCGEEEIIIYQQ4sh3SHqsupsXo3YLozQaq/8EQB2Ky3dh5PdDd1xXGXhtdXitO7uMKcjPx/FcANLT0vnDHx9hZ20tf5o5kxdfeIHnnnuWO++8C9veVYHY2tJKS3MLr77yCl+74HwKCvKxTBMAyzQp7V3C3T/9b0455RRM0+Sjjz7i5Tmv7nOdlmWSFgyglMIyTX70k58Q8Pt45eWXuPiiixgyeDC9ehUydMgQbvr3b3L/ffehNQTT0li2bBlvznur23mj0Sjf+/73icfjFBQW8sMf/FeXULVDVlYWd//PT8nOzuYvTz7BI3/8Y/LzMwwMo+tj09DQwE3f+hbxaJS8vHwe/v3vu4SqHfx+P1dcfhlfOeccPNflmzfdxKbNm7uMybTSUUqhNXhocv1Z+/yMdhc0/KnHSaOUIsOXCr0NhVIGCoUyLGJu16rRsszefPOY69Daw6f8bGvfzsq61Z3Hd7bvTAa1hsV7Oz9gY9NnB7QegNV1a3h3xwf4jWTIWxsNH/C5QgghhBBCCCGEEOLIdmiC1R2rwdhVHKsMCyOn96G49N6UiTJ3q4LU4IU3dBnS3NKMZZoEAgFmvzSb1157jeeefYapp0ymT0UFgwcN4orLLqWoqKjznLS0IPff/ysGdBModggEAtz079/EcT0sn8Xs2bOxbbvbsZZlYfr8KKVoaGxk1erV3HvP3WRmZnY7/swzTueqq64iGo0SCPh5/vlncZy9N+b6ZNVq1lRVAYqvfvWr5OXl7XO9+fl5nDr1VPz+AL/73e/ZWVOz1xitNb956LeEw7W4nsfN3/kOfSrK9zmnUoobb7gB0zJxHYff/vZ/u2yG5WgHUKDAUAZx3f3ns6eQlZbsCqEUKIWtk8F4ppWO1h6u1gQMH35j7yLt3hnFpPsy8PAwMNjcWt15rCXeiocHWqHRPL32BTy9/03LABzP4bE1T2Mo1ZH30hhrOqB7EUIIIYQQQgghhBBHvkMSrOr2OuisWNXJitFg95sXffGL8ZLhG8kwTxkGXkPXqklNMtRDKWrDYb7/ve9TUrzvfqiQrPAcNLDn/pulpaXk5uSglMGWLVuIxePdjjNNk/RQCM/ziMfjfOc//oOMjIz9zn3JxRd3nru6ag3tkcheYxYvXpyqONWMGjVqr+N7GjxoEIZhEIvHWLps2V7Hd+zcyVNPP0UwmEZ6KMQZZ5ze45x9+/ahuLgYn8/Pa6/NpaGhsfOYaVi7HkoNQXP/m3x1iHgJfMpMtQ8wCJnJ1/1z/dk42sVQCksZdFcl7Xpu8pEgWSWbF8jtPFYbrQOdqrJWFh/WLmVj06Ye1/PRzmV80rAaS5mgkuc3JVoO6F6EEEIIIYQQQgghxJHvkASryVLCjqrEVIIVbdzX6C+WMsCx2T1g0/GuAaTP50ejcR2H0tJSjj/uuM/t8gG/n/z8fLT2cByH+H6C1bRAANd1sUyTUSNH9jh3Xn4eubm5aA8ikXba2tr2GvPZpk1YPgtQZGbs3QJgTxmZmZ0bhG3bun2v4wsWLMS2bVzX5dhjx1FYUNDznOnpVPavRGtNLB5j9epdr96nmcHkk6I1Gt0ZkPYkzQzi4aG1RqEIpHqstrsRLGViKIWnOypiu6qNhGlNJD+rgOFjbK/RAMTdBDvad2IaJsloNPnP42uewU1VxHYnakf5c9WTWMrCVMkKWaUU4UgYzYFvtiaEEEIIIYQQQgghjlyHJlhVZtevPRuv9fD0m9TRJvTur3J7HphdN0jq6I3quC7Dhw0jtNsmVf8sT2ui0UjndSyr+/3DtE72ClVKEQgGyc/f9yv7u687Py8vFf9BLLZ3aJufn4/rJgNIz+35lfampkaUoZJ9Rv1dPyfP8/hw8WJM08RxHE44YTymae5jpt3WaVnJAFhrHMemdbcA2Jd6VjR02YSqJxm+tM5NphTJyleAlkQblmGljhlYe7QCaE208fiap9FoHM/h+mHTyE1LVlO7nkNdtB6Ac/qeRdAMYCmTxTVLWNfQtX3E7t7fvpgNLZ8xMKeSCyrPxfFcFIq6aD0J98BaGwghhBBCCCGEEEKII1v3qd7nTGXk4zVtRXUGrAp384f4Bp5yKC7fhRden9qjPVVDaxjsucm7aZqgkx0D0tPTMc1/Ln/WWtPU3Mz69Rt44i9PUFsbxlAGhmng93W/671SiubWVvx+P4ahMA4gsPQ8D9uxMYzkZk2BwN6v0R87biwP//73mJbJ5i1bepxz/boNnb1LBw0a1OVYIpFg48aNGIaBaZq8OW8eLS2tNDTUk5mVTSDgIxgI4mmPWDROLB4jGo3Sq7CQj5YswTRN2tsTtLXuVlmbeidfpf7n2XUv0iutANOwaHXaMJRJ0AxiYBD1YrieTchMY0ekBqWMLuEqgJGar+MnnnATBM0ALfFW1jSs47GqJ/msdTO5gWymDbmC0/tO6VxKxI7SnGjB9Ry+0vd0/IaPp9Y/j2VY/HHVLH5+8l2patZdonaUWWuexFImXx94ASErxNPrnsdUJi2JFqJ2tLOaVgghhBBCCCGEEEIcvQ5JsGr2Goi3ZSmQDKGUaeGseR198r+hgtmHYglJro27+UNIhWHJTYU8VE7XzZaUSkavWoNh9Bxo7qmxsYlNmzexYeNGPl37KZ+uX0dDfSOJRIx+ffuRl5dHQ309Zg8Vqx1Vq4Zh0N7Na/178lLndNxDZjc9WceOHUteXh7NLc28+cabXDPtanz7WENLaytvv/MWSilKSooZMWJ4l+PtkQjhcDgZ5CpFXV2Ydxa8Qyg9nfRQiEAgQDwexzIN/H4/juPiuA4bNm6kT58+VFSUo7WmpGSP/rWpFrgGis9aN1MTC2Ng4jf9+AwL1/NIaBu0h9YeaVYaTfHmXefuNZdOVYyG+fF7/0O2L4OaaB0NsQZGFYzk1IopnFAyjtKMki6nhqN1OLj4zQAZ/nTO7nc6z6yfjWmYrGn8lI/DnzCmqGuf2jkbX2NHpIbRBcdwbNEYNjZvwkgtqsluPaCNr4QQQgghhBBCCCHEke/QBKslI7D107u+oQy81jD2p/Pxj7zgUCwBALd5G+72VbD76+DaxSge2mVcsk9n6u/egQdh27Zv55lnn+WZZ56hsbGJAQMGcPrppzPtqqspLy+jtLSUWDTKFVddTUNDPZblIxKJ4Pf3XMGo1N6bLu01BlKVtgq/308sHiObrC5j8nJzueuuu7j5uzfz0ZKPmDPnVb52wfl7zeVpzR/+8Ah19fWYhsntt9++V1DrsywSqR6xkUiEO35yOyefPKHLWg3D6BISdwS/QOffk5tp7Sa1WRQovjv6Jvrn9O3x3leFq7jt/f9mr2RVg06FqznBPECxon4VlrKwTIvLBl3I4PzuNx1rjDXhuDb5oTwMw6AgkM9p5ZN5c+s7mMrkT6sf5/6CYfhSrSQao408s/5FlIJrhl6OaZhk+jJBKRRguwlaEq3kpeV2ez0hhBBCCCGEEEIIcfQ4NMFq72PAFwTP3fWqtxUk/taDWJUTMNILD8UysD95BdwEWEGSiZuGYDbGHkGX53nJ18lVMmA8EKtWr2b6dddRU1NLRZ8+/N///ZFjx47d63X8lpYW2tvbAQgEAqg9Q8UUpVTnplEHyjRN/KkNr3w+3z7D2K+cfRaNjXfy4IMPcNuPbqOltYUzTj+d3JwctNbUhsP86U8zefTRR8nLy+NHP/4Rp06Zstc8GrBSrQws0yQSiXbbY7WjV2znfR0Qhatd/Eb3rRL2lqxK3eu7Ktmr1UOTZoX44bibeWjFw6xuWIPjOvxq2UP8fMJd3YadO9p34qHJDWYTMJM/x4sHXsDb295Do/msZTPvblvEKRUTAXhh/RyaE82cVHQCg/OSYa3f9BEyg8TcOFp7NMQa6ZtdcYD3JIQQQgghhBBCCCGOVIdk8yojuzdG3xPQ3m47shsmRFuJzb0HfQg29HGbtmB/9BSYfjo6buK5mKUjMNK77mTv7V6legDhZktLK9OnX0dDQyO9S3vzxGOPMeHEE7vtcerYDo7j4HmagN/XuVHWnrTWpGek4zjO3mvaB8MwUYDruliWSSit+023DMPg6quu5Ne//g1KGdxzzz1cdfU0rr/xRqZffwNXT7uG999/n1tmzOCVl1/m4gsv7DYQTQsGKSsrxXWTgfm27Vt7XGNP9B6vyjva2cfIrhztJv+iOuZJVcPqZJWsAcScCMUZvfjumH8ny5+s5K2J1HD/st9id/MMbm3bgYEi25+FkWrEW5rZm3P6nont2VjK4rG1zxB3E9S2h3n5s7/iM/xcNeSSzt6rShlk+rOST5yCmkjtwX0gQgghhBBCCCGEEOKIdEgqVlEmgWMvJbLurd2+qcHy465bQPzNnxM89b9SoefnTyfaiL9+D9qJo8zdKiC1i2/omZ09VzskQ0wFqAOqWH1z3pvUhmvxWT4uvuhiKsrL9jve81w8z8M0rb1fg09RSmFZPhzbxvX7yeimX+qe4ok4tmOjFJiGiWXtuz/sBx8u5q6f/pTp06/jsku+jt/vI1xfj9aagrx8cnNzCAaD+72e3+9nzJixLFu6DJRiddXazlf+/1G25yarhVMfu+MeWLAacZP3rUkGqXYqxC8I5mN7Nj7ThwKiTozi9CJ+ctz3+f67P8FSFivCK3l09V+44ZhpnVWvrueyM1KDRpMfzO8MVgHO7nsar26eC1pTG6nlbxv/zrb27cTcGGdWnEplbv/OsSFfkExfJjWRWlw0rYmee+UKIYQQQgghhBBCiCPfIalYBTBLx2CVjYY9gzLLh71sNrE3fo5ORD7362o7Suz1u3E3Ld4jVPUglIvV/+S9zumoDlUKPG//warWmgUL3yUQCIJSlJWW7nd8wk7gOC5+v59oLNql5+iea0gkEqnWCZpQqPvq0925joNt21imhUYTT/U/3VM4XMfV067GtW2+/a2bKC8vo6ioiBHDhnHM8OGUlBT3GKp2+Op556JVMmSdN+9NamvDB3TevrS70eRflEKhaHUO7JlwvAQKAwPwtEfUjQHJClhN8vM0lYlPJX+XMDh/IDcOv4a4l8Bv+Hhx46ss3Lqoc76oE6M2EkZhkO3P7HKt3pklnFl+KrZ28Zs+Zq15ije3vI2lLM7rf3aXYNln+Mjwh5I9Y7WmMd70j384QgghhBBCCCGEEOKIcciCVWX6CZzyne6DRMuPveJloi/egle3/nO7pteyg9grt2KvfgPMrr06tWPjH38Nqpvemo7rpOoWU9vT9yCRSKTGa1paW/Y71mf5aG9vRym1z2pVAMdxaG9vx7JMtIaGxp4DOa116rX8ZAeDRKL7FguzX3wR23YoKCzA5/vnipaHDhnCaVNPJR6P09bWxmOPP35Q59fV1XV5JvyGiac9FJCMRA+sz2zICqbaBiT7qSa85L3XxZrwGSZKJdsFdHwf4Jz+ZzK1bHJnuPrAst+yofEzABpijTQnWlAG5ARz9rreVyvPJmgEUp0iNAkvwZTSiVTm9OsyzlAGWf4sNBpDKWraw7gdbQuEEEIIIYQQQgghxFHrkAWrAGbpKPwnXgN2rJuDPtxNS2h//HoSHz2BbvvHe1HqeBv2Jy8R+csNOOsXdq1URYHnYORX4B910T4m0Hg6GYTFE4l9VpVC8pX9sWNGk0gkMA2Dt+e/1dkXdU/xRIIHHngAx3FwXXe/rQAcxyEWj6FU8tX2aLTnys1YLE4sFsfzNIahyMzsvn1APB7Hsiyqqtbw8pw5hOvqiEQiOI5DJBIhGo0Sj8f3eR+7MwyDO+64naysLEzT5I//9388/eyzPZ6ntebZ557ndw//oUuFZ9xJoFKv82v27rm6L42xZkwMQKM1+FSyDYKjE6loVpFwExi7XctQBjcMn0ZRWi+09nC1y92Lf0Vbop2EmyDhJVBakZPqx7q7koxippZPxvbszk3Ovj7ogi4tAzrkBrPRaBQGNdHaA25vIIQQQgghhBBCCCGOXIemx2onRWD8dbibF+NuX4WyAuyqSNRgWuDEib95P4klT+EbeR7WgCkYOWUoX9r+p/ZcvOZtOJsX4Xz8Mm7NWkClKlV3C0a1C1qTdu5PUf70bqfKzs7BcR1Mw8Sxe95Y6+yzzub+Bx7EdV0WL1nC7x7+Azdef12X1+nXrFnLXf/93wwfPpz+/fuzefMmqquraWhspHdJyV5zOq6LnbAhFTLuq/p0d6H0EIl4HK01nqf3GQhPnTqF3zz0EIlEgttuvY28/Hyys7MJ+P1owO/zEQgGCQQCFBUVMWzoUE466UT69e3b7XwlxcX88ZFH+OY3/42GhkbuuOMOtm7dxhWXXUrJHveWsG1Wr67iTzP/xIsvvsjDv3+4y/G4G8fTHpZhorRHmx3t8b4BLMPE1g5+lfy2SOXsAAAgAElEQVR5NyVaKKU3cTcVjKtksOrusQlYdjCLHxz7XWYs+BE+w0c4Gub3H/+JIbkD0VpjKnOfPWMvGnAef6+eR9y1ObbXGMqzuu+tGzADGBgopWiINRBxogSsvTc2E0IIIYQQQgghhBBHj0McrILyp5N2wS+JPHEduqU2GaZ2GaDA8qNba4kv+AOJd2di9BqAWTwMo7ASI7sErGCyV6tpoltrcBuqcXeswttZBfF2QIHRza1pjfY8gmfdillyzD7XuGPHDlzHIW7HsBOJ1EZT+94IqqSkmF/+4hfc/N3vorXm179+kHcXLuSE8Sfgs3x8vPJjli5bzoz//E8uu/QSBj03iB/88Ic01Ndzw43fYNLEiVx00UUMHFDZOWcsGqOmZmdnn9S2ttYeP9vGxkYSdgI7YdPU2EgkEiUtbe9AetjQoTxw//385qGH2LJlC+FwmJqammQbAcA0DZJZpMJQCmUYBAIBLr/8Mm7+zncIdTPn2DGjeebpZ/jFr37JG2+8yUO/+Q2z/vxnJk6aRP9+/Qilp9Pc1MTijxazcuUn9O3blz8/+mcmTeza49bTHp720JhowHa77xO7173HmlPVoirZSiCVKRsYONoloEzink1jvImsQNeeqYPyBjB96JXMrHoCv+ln4fZFfLDzI/yGHw8Pq7tnCeiVXsjpFVN4ceOrXD7wom6rVQHSrXSS22op4m6CumgDud20FxBCCCGEEEIIIYQQRw+l9/ee+xfIbd5G7OmbcJu27fGqfjc8D5Lb/wDJwA+l0B3Vh6mKRKWM1GZP3dAa7TkEJt9E4ITpwL53rl+3bj3PvzCb/IJ8XNdh+jXXEAj0XGG44uOPeezxx1m06AMa6usxTJPs7CymTjmV6ddeQ//+yf6brusy59W/8uGHH2IYBsceO45JEyeSm7ur3+vOmhpmzXqMgoJCamtrOe+8cxg+bNh+r79u/Xpmv/gSBfkFhOvquOH66eTn5XU7trWtjfsfeIAnn3ySUaNGM2jwIEqKS8jPy6OpqYma2hrWrV3HshXLcRwH0zSJRiNcccWV3HXH7fsMmh3H4eOPVzLnr3/l3YUL2b5jB47jYJkmaaEQEyacxDlfOYeTThzf7YZc29p2UtNeg8/04XgORaFe9M4o7vGz39D0GW2JNpRh4LoO/bL7khPM5rOmzTQnWjAMA9dzGZo3iKC198ZccTfB0prlhKw0fKafdCtIwnNpd9rpl9WH7MDe7QAAWuKtbGjZxKiC4fsMVmsjYba0bsNn+nA9l/7Zffc5nxBCCCGEEEIIIYQ4/GbMmNHjmMMWrAJ4TdXEXr0Td+sKsHyQ6pG5P5qukeieX3d/oWQlZmDKd/CPuwL2EYDt85pa7/N18O7G1tXVEw7XkhYK0auwkPT07lsOHC6LPviAW2/7Efl5+dx55x0MGjgAv9+/1zjbtvl0/Xp+9rOf8+GHH+Dz+YnFYrz80ksMGzqkx+u0t0dobGqkubmZtLQ0CvLzycqSQFEIIYQQQgghhBBCHNmO+GAVQMeaiS/6E/biJ5OVp3u2BjjQedgzYE3tK+86GJm9CH7lDqw+J/zzCz7KVa1Zy7nnncegQYN46i9PkJ2d3eM5LS2tXHvddaxevRrbTnDHHXcw7aqrDsFqhRBCCCGEEEIIIYQ49A4kWD240s0vgApmEzzlP0m77LeY5aPBczorTA9qnt2/0IBrg+fhH3MhoSv/KKEqEE8kuP2O27HtBDNuueWAQlWArKxMrrjicmzbxjRM6urqv+CVCiGEEEIIIYQQQghxZDvkm1fti1V+HObFI3A3vEVixWzcLSuSAasy0Ur1/Cq+1qBTPVcNA2vYGfjHXIxZOuaLX/xRYsOGjaz8eCVZWVn069f3oM6tKK/ANE0cx6FPRcUXtEIhhBBCCCGEEEIIIY4OR0ywCqB8aVhDzsYaMBV35yqczR/ibHwXL7wxWcmqkxtYKc8FI7kDfHKzKgWWH7PXIMy+x2MNmoqZX7nvjay+pBoaGkjYNv5A4IA24+pCAVpjWRYDBw3a71DP89i2fTt2IkF6ejpFRUUAxOMJwnVhXDdZkZydlUVOTg5aa2pqakkkEmit0WhM06R3SQmtbW04tk1BQQEAjU1NuI7T+XWHRCLBjh07cF2X3Nw8cnNzOo+1t0cIh8OAJi8vr7PPa0NDA47j0KtXLwCamppwUnPX1dcTaY/gaQ+FIic3h+zd+sO2t0eora3FMBRFRUUEg0Ecx6GmphbHdUAn++36A35Kios7fzEQj8cJ19XRq1cv/D4ftm1TU1tLcVERtu0QrgsnPwOtSUtLo1dhYZdfKriuS01tLVprSoqLMQyD9vZ2wnV15OXmdt6b4zhs276dkuLizv65sViMurp6evcuwTCM1HprKC4u7tyMrLW1lda2NnqXlHT5fF3Xo6amhng8RjAYpDh1T4lEgp01NWitQYOnPTIzMsjNzWVnTQ2GUp1jW1tbaWhoJD8/j0AgQE1tLZ7ronXymcnISKegoICamhoyMjLIyMgAIBwOk5aWhuu6NDQ2YlkWSikc2yYYTKO4uGi/z6MQQgghhBBCCCHEF+GIClY7WQHMsrGYZWPxH38Nuq0Wr7Ear3k7OtqUDK3sGIY/hErLRuVWYOT1wQjlgXWQgeGXiM/vwzJNEokETU3NlJWWHvC51ZuqicVijB47hsEDB+xznG3b/G3u62za9Bm5ubk0NDYycsQxnDJ5Eo2NDTz7/PPk5uaCp2lqbuYrZ51FZWV/Zr/8EpZpkpGRied5pAWDnH3WmXy84mM+WraMb1x/HRkZGSxe/BGtrS1cdOGFnddMxOO8PGcOLW1tmIZJQ2MDF55/Pn369GHnzp3MfullLNPE8vlobW3la+efT3l5Ge9/8AENjY1cfcUVACxfvpy6+gYuvuhC3nrrbbbt2EFuTjaO7RCNx/jqV86hvKKcuro6nn1hNn6fRSKewPL5uPzSSwB45vnnycnOJhgM4HkeeTm5FJ3RqzO4rK2t5bkXZnPlFZfTq7CQ5uYWnnv+Ba65+irq6up4+dVXKUoFvQ0NDYwaOZKJJ5+MYSS7dsRiMV56+RXa2tu4Yfp0cnNzefe991n+8QomnHgiE046CYB169bzwksvcc5ZZzF69CgAampqeOa55/nKWWcyfPhwWltbefaFF7jh2mvJyMxEa83f5s5l0+Zq/u2G6ztbRSQSCf76t9fYsm0rOVnZhOvrGTFsKKedeir1DQ08/exz9E6FvJ7n0b9/f44ZMZznnn8B13W54brpZGVl8dbbb1O19lPOOO1UykrLeObZ58jLyyMQ8GPbDv379SMnJ4e/vTYXn9/P5ZdegmmavDFvHkMHD8bv9/PR0qW0t7eTSNjk5uRQXFxEcfHpB/wcCyGEEEIIIYQQQnxejsxgdTfKl4bK7YOR2+dwL+WoN2zIEHJyc6ipqWXZsmWMGD7sgM6LxeM89sRjKEPxo1tv22+16/Lly6murmbaVVeRmZlJTU0NTz7zLAMHVBIMpqE9zUUXXEBGRgZvv7OAdxYupKSkGMdxOGXiRIYMGZKcSIMyFKCJxWIsWPguZ591JspQqD22Kaurr2fzlq1Mu/IKCgsL+XDxYppbWnBdl9de/zv9+/VjyimTMQyDpUuX8tIrr3DDddPxWb6ucymVuiYk7ASjRx7D5EmT0Frz0iuv8P6HH1BaVsrfXnuNIYMGMvHkk0kkErw293Xq6uspLChAex7nnH0WhYWFydvQujMU3XUZhd/n67hkZ0Wq52lCaWlccvHF+Hw+1q1bxyuv/pVRI0eSk7OrAtfn8+GzfGzfvoOsrCy2b99OwB/A83RqHo+Vq1ZRUlTEso9XMGLE8GSVJ8mWGm/Mm09lZWVn2NvRobixsZHa2jDZ2Vms/XQdxx93LADLli9nx44dXJP6me7YvoMPFy8mHo+jANMwuOjCr3V5LiKRCKaZrIqtr68nLS2NmpowgYA/2bUjtWfeV889Jxm0p3ieh9/vY9OWatauXcuwYcPwtMbzNEOHDmXw4MG8++57bN2+jUsuugij8x6EEEIIIYQQQgghDq0jPlgVn5/MzEy+/73/Ysb3buG+++/nuOOOZcjgwfs9JxqLcfudd7JkyRJ++MNbO8O27mit+XTDBsaM2hUE9u7dm/KyUtZ+uo5jRgxHGQaNjY3EYjHC4TBZmZlYlkXA52PJ8hVUb92afD2/sJDjjj0W19P0qahgw8aNVFdXk5mZSUtTS5fr5uXl0auwgGeff4E+FeUMHjSI/v3709raSn19PWedcXrn6/DDhw/nvQ8+oLY2jGF0E8ol8z4sy6KmtpbVq6twXZdwbZgTjj+O1tZWdtbWcvZZZ2FZFpZlceHXLgCgtaUV0zRZsPBdMjIzcByHvn36MnzY0M7plWGg0by9YAEBf4BINIKnNUopDENh2zZVVVUEAgE2bvyMXr0KCYVCu33G4LMsBg4YwI6dO+nVqxDTsiguLsZ1HSBZ6VpfX8fll17Kk888y86dOykrK8PTHtk5Ofh9FgvffZdjx43DMs3Ond8+XrmSYUOGUFnZn1dfe40xo0dhWRYrP1nF2DFjyMrKIhaLEUoPMXnyJCzLQmuNpz3eeHMePp+PWDzOKZMmEgwGMU2Lyv5lbNmyhWAwSCDoJy0UxPPc1P0avP3OAkKhELZtM2zoUPr27YNhmAweMIC33llAaWkpacE0HMdGKZUMg1P/tlLhtBBCCCGEEEIIIcThIMHql8yFXzufhoZ6fvHLX/K1Cy/iZ/fey6RJE8nJzu7Sy7O1rY1PVn7C/Q88wLLly7nzzjuZfs01PW4i5joOltX1sTINE9tOpL7SzPnba1iGQVZ2dmfo6XiajPQQvQoKcZzka96QbC3Qp6KckSOG88ab8ygrK8U0u1aABoNBLr7wQtatW8+n69bx4iuvMGnCBCorKwG6VIwqlax49TwXw4CAf7dwToORmtswDJqbW/hk9Wo2bdrE5IkTGTlyJLW1tZ3z7KkjZMzOyiI/Px/HdcjMSO92XCiYRnrqmE5tuqaUwnFcNm7azIaNGykpLubrF13UGQonx4DtOFSUl7Pm07Ws/GQVvUtKiMfjdCSkVWvWkJGejtaa/LxclixbRllZGQpFwOfj9FNP5bnZs8lIT8fv92MYBrZt88mqVYw//nj8fj+R9ig7d+6kvLycRDyOLxVifvrppyx87z1s2+H8884lFEpHocjPyyUQCGDbNpZporXGdV369e3LuvXrSdg2FWXlNDQ2pKpVNZ7WZGdnkZuTi23bpKUFgWQf2uOPPZZ1G9bz1jsL8DyvSwje8dEnv9/1WRBCCCGEEEIIIYQ4VCRY/ZIxTZN/+8aNHHfcccx89FF+/OOfEEoPMWTIEPLz8vDQtDQ389lnm2htaWHSKZP5n//5KYN72LAKksFgae/erK5ay9ixY/H5fLS1tVG9dStnnnYahmFgKIPzzzuX/Ly8zlAvHo/jOg4jhg9nQCoM7aC1JhqJcuL48ayqqmLFypUMGzyky5g1a9dSvWULZ5x2GiNHHsP777/PylWrGTFiBP5AgPXrN3RuULWleguO41BYWEhtuI7tO3Z0zhONx9BeMuRMJBIMGTyIk048kTfnzaNq7RpGjx5Fbm4yQNy+fTv5+florXnttbkMGjSQoqIitKc5/vjjOjeR2pP2PJQyOOGE48nKyqKxsZE1n65NhrKeR1paGl899xy2bNnCiy+/Qk1NDX367GqDoQHHdcjOycYyLT5aupQLvnoe69etx/JZ2LbN6qo1KKV45dW/4jg2W7duIxKJ4PP5iMaiFPYqZNLJJzP3738nPRTCsix27txJNBpj9Zq1VK39lEDAz7LlyykvL2fgwIGsXfcpo0aNZOTIkRQXl/CXp58ikbAJhTQoxQknnNAl5GxtbcVxXXJzk6HpipUrueC886itC6daASR/tuOPP55Q+q7w2XVdXM8DpZh08sn8ceaj2I7DgP79unwGQgghhBBCCCGEEIebBKtfUmPHjGbsmAfZsXMnmzZtZsuWLTQ1NZGWFiQYTKOiopz+/fp19go9UMeOHcv6DRt55tnn6Ne3L1Vr11KYn8+ggQOoq69Hk6wwDQaDnedonQznPlqyhJ07a5KvtGs49thxGIYiHotjmianTZ3KzFmziCcSXa5ZUlTMnFf/SiQSpXdJMUuXr2DUqJGEQiFOm3IKc/76N1rbWvFZPpYuX87ECRNIT0+nX98+vLNwIS/PmUN2VharVq3m3HO+AiSD1UQ8jlKKkydM4JGZM5k3bz5nnXUmZ55+Oi/PeZVwXR1NTc1s2LiR8eNPQKde6X/7nQXk5OTgug5pwTTGjh3TWfHpaY32PKLRGFlZWTiO0xkyep6H6zq4rkvfvn0ZecwxzH7pZa6ffi2ZmZkdHxaxaIxgIEBp796s37iB/Lw8VkQiFBQWsnnzZqLRKN+4/nr8AT+O4/Dnxx5nxccrKe3dG8dx8VyX4cOHsWzFCurr64nH4yz68ENGjx7FKZMmoZSirq6OWU88waSmJk46cTyzHn+CJ59+hsp+/aneWo1SitzcHDzPQ2uPefPmEwj4cVyX4qIievfuTTweJxgMUNSrFztrasjLz6e9rR3P80juQKeZ//bbZGVl47oOmRkZDB8+HO25qZYD6ZwyeRJ/fW1u6pwk13FxbPvgH3ohhBBCCCGEEEKIz5F555133nm4FyEOn8yMDMrLyhg+fBjjxo1l1MiRDB82jLLSUtLT936NvSfBYJCBAyqJxmKE6+vp368vp0yeTCAYxHU9LMukoqysM2jsYBomlmWRSMRxXQ/bsakoLyfg95Odk0NBQQGhUIj0UIiCggKKUhWoHdccUFlJfV099Y0NDB82jHFjxmCaJoWFhZSV9qYmXEc8EWfCieM55pgRKKVIT0+noqyM2nCYaCzG8ccdx5DBg1FK4XkexUVF5ObmYlkWZb1709DURFlpKUVFRZQUFbNt+3ZCoRBnnXE6BQUFncEqCmw7gW07GIairLR010ZRWmP5fFSUl3e+4q+Uok9FBZZlEQymUV5WhmEY9O5dguM4hEIhsnergDUMg94lJWRmZpGRkUFlZX80mvy8POKJOP379aO0tDeGYWBZFjk5yeCysLCAtLQ0SkpK8Pl89C4pIRgMUlxcREtrK+PGjCEUCmEYBqFQCKUUmRkZ5OXlMXBAJbZtUxsO06tXL6ZOnkxhYWHnJlSu9nBsm4TtEEpLo6ioF6Zp0K9vX7KyMsnJyaZvnz5orSkpLiYrK7uzwtW2E9iOg2lalJWWYpgmxSXFZKSnk5+Xj2kalJWWdlYBa63Jzs6muLi4x9YUQgghhBBCCPFlEIlEWLRoEQsXLmTOnDksWLCA6upqmpubKSws3Ov/g3/Rkvu0/JCKigp69+59SK8tDq1f/OIX3HfffTz++OMsXryYkSNH7ioOO8q9/vrrPY5RuiMZEUIIIYQQQgghhBBHjUgkwty5c5k7dy6RSASAtLQ0AKLRKAChUIgzzzyTM888s8vmyF+kP/zhDyxcuJCJEydy4403HpJrikPvrrvuYsGCBSR2e7N48ODB3HHHHZSVlR3GlX0+ZsyY0eMY2flFCCGEEEIIIYT4MgnP465p05hZ9Q8e70HVzGlM+4dOrmLmtLuYFz7Qsf/4Gv8VRCIR7rnnHmbPnk1FRQU333wzs2bN4uGHH+bhhx/m97//PTfffDMVFRXMnj2be+65pzN8/aIsWLCAW265hYULF3b5esGCBV/odcXh8c4777Bt2zbC4TBXXnkllmWxcOFCWltbD/fSDhkJVoUQQgghhBBCiC+dSqqf6S7ErGLmjEfZcDiWJA5YR6haXV3NlVdeyW233ca4ceMAqKqqYs2aNYRCIcaNG8dtt93GlVdeSXV19Rcarj7++OM88sgj1NXVdfl+XV0djzzyCC+88MIXct1O4XncNW0mVXt9bxp37fGgH1D4XzWTaXvOd0RI/lJh2p5/7prHAf1OYn/C87jrAH+5sWTJEurq6mhububYY4/l1FNP5ZRTTkFrzdKlS2lubv5nV3NUkM2rhBBCCCGEEEKIL6GJEytYsDLM1Km7bVpctYj5U6YwZf78Xd8Lz+OuLmFrJdfedwdTC1PH/hcmVjzKo/OBKbdya5erhJl31wwe3TCFW2dNZ2jn1x1TXct9d0ylkCpmTruX+QAzprH51lmcu+MuZmy+hFu5l3tTy5ly6yymD+3mZva3xm6OV157H3d0HKyaybR7d93vPq9xBHnhhReorq7mxhtvZOLEiUCyOvSJJ57oDE47WgB87Wtf62wD0BFwXnXVVZ/rejZv3txjP8oXX3yRcePG0adPn8/12p0KS6jgURZVTWdox8+vbjMbKiupXLCS8NSpJH/iVSyaD1NuPcJ/yD3o+pwm/7uaMbOEWYfo4V2wYAETJkzghz/8IXl5eQDccsst1NbWsmLFCiZMmEB2dvYhWcvhJBWrQgghhBBCCCHEl9Ex46lYsLJLlVvVovlMGT9+1zdSgWTFrbOYNWsWs2bdx7WVG3j0f3erjtvwKAv63Jc83iXUSYWoFbcya7dQdcHE1NhZs7i14lFmzKwChjJ91q1MoZJr79stMJp/L890zH3ftVTf283r/z2uMVmFu+v4rVQ8OiM5T9VMpt0Lt6bWk7zGgbYjODzC4TCvv/46Q4YM6QxVN2/ezCOPPEIkEqG8vJzy8nIikQizZ8/ufA1/4sSJDBkyhNdff51w+PO9wblz5x7QuC+2JcBQxk+B6h277q1q0XymXHIJFRs201lHG95BNVMYf3TnqnsoZOolU2D+okNaYTt16lR8Ph+2bXf+ufDCC8nPzz+Eqzi8JFgVQgghhBBCCCG+lIYyvmIBKztzqCoWzd8jcCqcyh2zdq+MK+SYiZV7zFPJxGMK2VPVzBk8yrXc13Fy1Rwe5Vpu2q1Cduj0W5ky/5l9B5mVu40vnEoyO9ojOuphjeF5zzC/8lrO7Tw+lOmzZjF9aJh5z8xnyq3TGbrbXDddC4/OOfJeAO+wdOlSAM4888zO7xUWFnLGGWdwxhlncPfdd3P33XczduxYIPnKdoeOczrm+Lzs+fr/vlRXV3+u191TQZ9KNmzuWEuYHdWV9Cn4/+zdfXhU9Z3//9eEYEgodxkQDDcZfmT4Erv0d5n4FZJMtFiL7bWi1l0J6F4W2t1uv4hATeuvfi1yY126VCwosmu3vWS5Cgj9bWvB/lqoK4UEIhboddVvCRKQiYRwlyGBYG4g5Pz+OGdmzkxmkhmYJBN4Pq4rSs7t53zmfM45ec/78zm5mjptlwKnTV21jk/I1nD/Uu8vi6k7ffTlQrvmBwP/5/X+sqe07P33g/OXva/z1vAEkfZX+Zata/+NDiBc+VbIUAGB4RA6dPe/vvGKv/SlL+natWs6d+6cWlpadPXqVdXV1am+vl4ej6fT4Oq1a9fU0tqq5paWiD+ttpdhJTuGAgAAAAAA4BaVO3WctvqHA6j8QLumTdVcSR90WNLWVV+SJhR3vuFdK7RC0oQ5kxXojX/6U+n4LpU+tT5s4QmaE2074+6QPWQ7PHuCVHZa53VHhIUjl7Gu+rg0bqY6hn7rVH1c2rXiKe0KnzUt6pH1uurqakkKjKkqmd3+7d37d+zYoSNHjgTm+fnXSXTGqn9fXenuwOqIycWasP4DVc7NVe75j1SmYs0bISl7gnZ9UKm5ubk6f/pTTSh+yDwfKt9S6fpxen7DEuXKDGxG7E4fdbnhen/ZCn06Z5U23D/CyoBepmzbMBTH11dr5oYNmmudn6Xr5mjVhg0aYWVav1t5v+bmmoHbFZ/O0aoN92uEld297H3bkBWdMr8k0LTnrS8JKvXWik81Z9UGsxyVb+mpFe+q8n7blwg3YP369fr85z+vP/3pT6qurtbXvvY1DRw4UOXl5frzn/+sRx99VL/97W917733KisrK+I2Gurr1dLSEnHekCFDlHbbbQkoafcjsAoAAAAAwK0qd6rGWQEXfbBL06bOlUI6EweDlROs4NH595eptKse3RPmaNU8aV3pOr0/2TbWaWBM1US6zjJa+sKYqnZdZYeuXr06kJE6adKkiOOpdneAM5ruenFWwIg7NE5lOn1eyq2r1vFxU81zbXKxJpSd1nkN10dlUvE8a7TVD3ZpwpxVgWBj7kNzNKHUCszaNlv5gT1oKeXO3aANknT+fZUdnxDYnnIf0pwJpdbYxeakCXMestYbruwJ0oRi68uGEXdoXGAP5/VR2XFNm7nEahtm1/71W+1jw4bq8IXABFt2uHI1d8OS4NZPfyrZ9na9amtr9e6772r8+PG6/fbbNWnSJNXW1mrjxo2BZVwul0aNGqWMjAzt3LlTd911lyZNmqS0tLTAMv369dPAgQN17do1Xb16NWQfaWlpSk9Pv+Gy9hQCqwAAAAAA3LJyNXXaCn1QOVXaNU1T54bNrvxAu64nGDruDo0YkauZ09Zrxbr3NXnJ/RpxxzjJGusy5m19elrnlRtYPmL2aRdlDGa55obNNwNdZafPS7mJDfV2p+HDh0edV11dHQiqPvnkkyHDBUjBwOa4cTceZLPvM97lu+0FVsrV1GnH9UGdf7xg64QeMVnFWqePzt+h6uPjNHWEZA4VIB3fVarQJOoJZmA28Lu53ITiCPVeV63jGqeZN3z6RMuenha1vXT+hUDoS+ImTAgfvuP6/OlPf9Jdd92l22+/XSkpKSosLJTX69Xp06d17do1OZ1OjR8/XhkZGRo0aJAGDhyo6upqZWVlacSI0KMYOHCgWlpbQwOrDocyMjJCgrDJjjFWAQAAAAC4heVOnaZdK1Zo17SpkbsJ21/8U/mWSv3Rmli2Pfd5TTu+XuveP29l8+3SCvtgjpVv6amn3or+wp3j6xUY7vT8+9q6a4LmPBShlJ2UccT9MzXNvp3A2JfS/TOn6fj6dbbxJv3zkvftVf6gpH3sVL8RI5uKbQwAACAASURBVEZo4cKFWrhwYeDFVnb+dcKDXDci1hdXXe/y8RqePUGfnq60xlf1Tx2hO8YdV/VHp/Vp4DwfoTvGWVnO/peXbdigDRtsGda25YJjt4bsTBP0qU7f8OliBvmnPb8hrCzX2XW/8l2tPz4t8FK2JTMTE0j/5JNPNHjwYLW3t6utrU3p6enKzc3V/fffry9/+cvKy8vTsGHDZBiG2tra9LnPfU5nz55Vc3Nzh22lpKRoYEaGbrN1+U8fMEADBgyQw+FISHl7AoFVAAAAAABuZblTNU3StEivSc+dq+en7dIK/0twtmZr1fPTpOP2l151unHNfd4fvByh+5c8r2m7VgRfqrNCej4QPDKzDdeX2gKbE6ZJW61lS9dr3PPhQa9Yypiruavm6NMV/hf5lGr9uOfNsStz52rVHGl9aXBeWXGs41r2Dv9LqSIFKKurq7VmzRqtWbMmYiZpWVlZyDZuVGVlpcrLy+Nap7y8PO4s13iMmFwsVX+gahXL/k613KnT9GlZmWzRVuVOnabj699VMHa/LGKgP3fqNGnXB6HLLXtf50dMVvGE4yrzN4bKd7X+eOSXuXVRak0unqBdW4Mvs6p8q/OXaXXNH/C1xl8N7OoOjZO9zB90HGM4gvr6ejkcDl29elVXrlyJ+UeSGhsbO3T5l6QBAwaovz+w6nBowIABIYHWvoChAAAAAAAAuJWMuF9LNtxvm5CruRs2RP09d+4GbQgbIiA4O3xbtvEngxNsy5vbDh9xINK+zr8vSdl6aEmk5eMpoyIcs33WEkWZlZRGjBih6dOna+fOnSorKwvJTLWPnfrpp58qNzcYLPe/0Gr69OkJy1hdvXr1da23YsUK/fu//3tCytDBiDs0btd67Zr2fOh5MzxbOv5pcDxUyQqsL1PpU09ZEyZozqoIWaIdlpum5zeYQ0/cv+R5VT8VHE5g2vMbOgb/Yyn2/Uv0fPVTtpe7BfcRN2us1/WlT2m9JmjO83M0YYU19uyIXD00Z4JK11tlnjZHcyZIXYW66+vr1a9fv4gB0s6kpKTos88+U1tbm/r3799h3sCBA3X1yhWl9u/f57JVJclhGIbR24UAAAAAAACwM19AVdwNL7vq+5qamvTyyy/r5MmTHcZS9Weyhk/buHGjxo4dqxdeeEEZGRkJKccvfvGL63oR1rhx4yK+VAvJ649//KOqqqp01113KTU19jzNw4cPa+jQoSosLNTQoUMjLnPx4kXddtttSffSqtLS0i6XIWMVAAAAAACgD8nIyNALL7ygl19+WRs3btTBgwf1la98RZMmTQoEVJuamnTkyBH9/ve/15EjRxIeVJUUMThaXV0dMqZmenp6N76sCj3ls88+U0pKiq5duxZXVmlKSopaWlp07dq1qMsMGTIkEUXsFWSsAgAAAAAA9EFNTU36/e9/rx07dgSCmf7AaVNTkyQzsPnggw/qscce65Ey+bNj/cIzatE3HT16VGvXrlVra6vS0tKUkZGhQYMGaeDAgUpPT5fD4VBra6uamprU2Niozz77TC0tLWpvb9fMmTNVUFCQ0KB+T4glY5XAKgAAAAAAQB/W1NSkgwcPqrq6OtA1f9y4ccrOzlZ+fn6PBrSampr005/+VIcOHVJeXp6+9a1v9bmAGiARWAUAAAAAAACAuMUSWE3pgXIAAAAAAAAAwE2FwCoAAAAAAAAAxInAKgAAAAAAAADEicAqAAAAAAAAAMSJwCoAAAAAAAAAxCm1twsAAOg+xmc+te5ZqzbvfhlN9V0tbf3f0d3F6iEOpQy5Q+mP/KtSRuT0dmEAAAAAADcZMlYB4CbWsmu1rh7+fZdBVcMwZAZUb5agqiQZar9Yq6Zff7e3CwIAAAAAuAkRWAWAm1jbiYqYlruZwqnhjMazvV0EAAAAAMBNKPWzzz7r7TIAALrLlRiv8Y6bObQqca8DAAAAACRaqtn9EwCAmxf3OgAAAABAojEUAAAAAAAAAADEicAqAAAAAAAAAMSJwCoAAAAAAAAAxInAKgAAAAAAAADEicAqAAAAAAAAAMSJwCoAAAAAAAAAxInAKgAAAAAAAADEicAqAAAAAAAAAMSJwCoAAAAAAAAAxInAKgAAAAAAAADEKbW3CxDV0U2at7pcrtkv6bliZ+fL+sq0cnGFCl56Tl0tmtB1e4CvbKUWb/Z2nOGarZeeK5ZZ5KPaNG+1tGidnpjoX2eMFq17QhOjbjP6/O53VJvmvaOxSVrnPcZXppWLNyvCp2vyLNK6B88m9fkZH/M8LY80y7NI657opbNx0zytlrl/X9lKLT75aO+U5egmzXtnrK1d97QfKKP0b5VycrUub91yHfM78eBmDfob6eqq2WqJoyz9JKnlkFreeFpX49tj97LuTx15bvC6amsjIdd43Kio99IEXnvs15IIc0Pu073BV7ZSiysKeu28ivUz6L5y+lS2crFOPtp7n0FimedUTdTn5K7mh4qn3nv1XtmnRXsOcmn2TfGcBwDArSlJA6s+lb1TLo/Ho/LNO3S0uBsDgM5iPbeuuLu2nhgR/vA7ummeFq9U9AdgV43eWVmmb4bPP7rJ+sNmTPeVF7EJOfei/cE3MfnPz7hE+uPB/ENj5djY/vhLtIlPrNO6Ht9rEhvxTWU8uEVNO+wTS5T+tBnoNHqiDA9+Xv2SMaBqFyHw6StbqcXzNl1/cPXoAZUTUO0+He6l5nV33qbe+2LnlhPDZ+Asfk431W2vu1X8XJtGPhf27OBT2UozgOeKcTPUe0/p+BzkK1upxYs3aWSvJTwAAIAbkZyBVd9hVXg9evS5u6Xy1Tpw9AlNDHvSOLppnvwJQy6Pxz7HzIZcVKCK1VY2oGu2XnpupHYEviW2PdSEZKxa684eo82b/d8n32gGUveY+OBsuRaflE+K8gd4gQrGVOiwrzjk4e3oAStgHTFtMImEZYR5wrJ87J+/tYD5R9nRTTKTgmyfma9MKxef1KPWtNCsmSTPErCfn7KOY5G02n/wgaxWf+Zr2PnaRT0mh4l6cLZLiysOy1fsDyiZf2wHP6awYFNYtm8gs91XppU/lwrGbNbmckmeRXpp7DthWTihmWP+LLOXxr5jnRerNa/G3J9v0zy9M3aRCipWW2Uxz5eRO2zXn5BsoLBsFFsQwczwKdDsms2B4wqsa/ucFs872avXnPbzVUrJ+oGkHwYn5t2rfvLqWovLHD8m7w19bppb13ZNV/Mha5k4slIHzK1Q6meH1D42z8xKlXTt/xSoaYfUf+ZODRg7SJJLA0or1P//FKhpR4nSn16k1AHWwhd+q8a3fhhl673HWfyoPJvf0VmfNNEpdXU+/FwFGrN5s8ol3X2/SwfeN0+MxfM2B9pq6PXK3r6PatO8Axo7u0abN3sl12w9W1ChV08+qkVareAlYp0ePGvbRkhgK6ydyX4+x3A/jNYOA+WLfOzJw6ni5xbp5LzV2nS3/9rYWZ2oi2OWpAMhx93hmnvAdk3uEEQPrbPwbUe971nzDoydrZrNm+UN3Nfs23Mp5FEpaXT8DOyZkwprJ5HbRfh9PNK55wx+rqvn2bI4wz5v+3kafj+ZPFn6aEhIG+jtLGBJGlNQoJoDRxXyoOw7rAp55HGVq8a+cIds+2CbDq/3aPerYN0H75VOdfaZxHAt6apc0e6d/sPt7HzoA89BzjsL5NLJwO8dst/tz4K+yD0mXLNf0nMjd0Sfl7QPugAA9H1JGVj1Ha6Q1/OoJmqi5JFWHziqJ2wPjEc3zdPqmtl6aV2xnP6HYrlUEFjCq83vFOildevktB6wF89zafZL67TOaa2/46iKIz5ZebW5wr+uue3Vm+5Owj8Iu3bn3WP088M+Fdv+0D1Q7tHdi5TcgdVAcHSd+dDtK9PKxStVZj0oh37+/uX9f5TdLY9Cg/HB88n2h8O654Lr9qksgXKtPrBI69Y9YdXLas0r91h1ZZ6v75Q9aAvWRa/H5GUeR0XBS1r3nBUK3TRPizeNtNrhUW1avFljFq3TcxNl/j5vsTaNXKcnnJK8m81111kh2rLY9uosfk4vKbR7o0+Sd/M7KrBfOxbPk2u2tf2jmzRvtT+rPhiwXWcL0Kwss/1BU75ZJ/3zj27SvNU/V9mdz6l44hNat0i9PBSA5eIeXRvxqAZIgQBp/xy3dH6PjBFW7tOhPbpWkKd+OSXSIXNYgAFZLhknV8fY1V9yjHXL2FWgxkNWMPVvNmvAjtlq2TpdVx/crEE5F6yMVSuo2vRbNb7xQ8n6fdBcJWVwNajr88G7uSJwbknSN74QOhxEcNiW54LXr5CM2HJtPrlI69b5g7UV5peRi9bJvESs1OLV81TusZbxlWnl4ndU9uBzKnZa984xi7TuOVvwf7N1Tjqlzu+HnbTDiTG0haQxUXd7pHfO+qSJ6qJOOjtma3PlNRprfaZm/W/S3bb7S3l58Joc2vMk2G17XSCwvVgrZdZZ5/c9a9ubTwav9+HbswLCcgWflJKH/TPoeH6Et5PO7+NmpmawHm3n3nMvSSE9Q8LbQIQM5pD7iVmnwecLnw5XeOV59LnevWaPvFMFFTt01HxqlmQ+96jgUY2tsAVWj27SvNU1mv3SOlvAc3X0Z9xo96tI98oun606uZbEUq5oZXHK6okVvE6G7LuPPAf5DldIs78Z23PoxCfMZ0D/utZ94tFip6TO5gEAgO6SYhiGkuvnY+3Y7JUn3y3DMOSePkuu8ne0py44/0C55HnEo0zDkGFkyvONWXJJgW1I9vlu5XskeR6RJ9Oc7873SDVnVGdbPvK6mcqd6gpZtud/JCl8Wp32/HyzvJ58uW3lVvg67nyNqfhrsOwfH1C5J1/uwOK99zlH33+d9rxTLs/C2YFjMzI9+sYsafOOj83Pb/YbeuN7/s/IPE5P4PjNz7v8wMeB7f21wn8+fawdm6VZ37CvO1sLPeV6Z09dr9aHYRhmF+su6kpyadZ0t1UvuZrqklyzplt1ZZ6v3pN1MdVj8nzuZpt3Tc01P5ePd2izZukbnszAMu7ZC+WxrgN1e95RuWuWprv967s1+403NNsdrKOpuZm27XdsQyHtRfb5YcsqwrVDHj3iL5s7Xx7V6Iy/XJ6FgXL4r03avEMf+7dtL7c7Xx55dbIuejkTVefx2aK2806lPOj/vUSpI6Rrx6rClmmUY8S96i9J+oFSMht17VgcY69e2BPIdr16rEqGnHLkRVjuwUeVOsCrq4Eg6hY1VxySkXmv0iMtH0Vi61WK9Fl9vGm1yl1TlZsZ6/lgLht5u9a90NaGMz3f0CxX8HolKXCvDKxvO8cyc6fK1eGa4T/nMuX53ht6Y3ZwfXP52O6HnbXDro+9N34if2aGYShzjP+6GVudBK4dYdee8OuFua55fQjUp+3zdE+fJZe3Qn+1XdeC1z23Zi/0yGvVWef3Pf++g88ExscHVG6/VmV69I1Zrqh1kDyfQfhy4e2ki/v4xzu02Ws7busz/Z7/d3udWcsuDHze1vOk7Zkz9H4S9nxR91dVeD3Kd8dbD4n7Mc/HTOVOrdGBj/3T6/TXCpnlth+ve7beeON7gfMz8Hwc8f6nOO5XXT9bdXYtialcUctiPusEn4P825std9I+B3m1efE8zZsX/Fm82Ws7/42w55LgZ91he3V79PPN0qzltmOMZR4//PDDDz/88BPzTyySL2P16EGVu2Zpuf9rW+edmup6Wx/4My99Z1Ujl6bav3x1juxyxFDXmD78bW35Gj0dnmHqmqXls7v6bnui8sf8JjAcwNGD5fLkz5Z0sJsKmgg+1Xil8jVPdxzcP6wbo6/sx3rxbW+H2RPzPdKagzo6e6Im+g7rA69Hj0yUde54Vf7i03o7bNOuWYk9ip40ZmSkczv2euxZXr0dsf6X63tWRoXvbI3kLdeLT3dYSrMk+Wq80phHei9DyDUm4r59ZoV3bKu9W+HX5eqxKqX939ZwAHn3qp+q1HpISi0IW2ZspvpJupp3h1JazGUSrf8Qp9RSpWv2iYdOq32aO/E7i4f37QjnqEcL3zAzCo/e6PkQ6V4np0bGPTz2GEW8RNgc3fy01gTK6dLUWIrXSTu8GdpC5DqZqOmzXHrRf131LNQbXd6H7Vwa0+HZxasanzQyUn06x8gV2pE76n0vnO9sjeSaqtDd3QRjq3dxH4903NE3FWHZLp4nJ+Z7pN+clU8T5fTVyOvJT4reLs47p6pmpzUcgO+wPtBUfcMpHY60sK9MP37x7eCLM2+0WSbq2eq6ymU+64x5pC89B7k0a/n3QjNmj27W02t+o7Lp34sjk/aoNr/4tjRreYR1OpsHAAASLTXWCGzP8KnsN+WSVx3/YPXu1FHPLLkN+7e2oYuETgub3yHaHBqBjrauYf9W/kYP7zoYhiTPQq2dFSGI0KFMZrntZXbnj9GanUflmSUdLPcof5Yhoyra+j0r0mfo51m4VpEP2ZCv7BUt2eKV5NHCtd+VW1V6e/4aBT43d748WqODR2cp88wH8noesWX2ulSy7LsRHzR7ty0YtgwF+2Tb+anwc7XjOuH/76wee0do/Ve9PV9ryoPZRWbZJLlKtOy7kbrEGwqevhGOIUJ7jt6GQ+s6dJ2wJSNdOyLN76St+mIqR+KvNY7rWenQHl0r+KbS86S2HLd0/ue6qrBv4g7t0bWCRUp5UOo/JLhMskr4OR/tHLV/ftd9PkS7N9n2Ecv9yjYjcK2wrWO2P+tY1hbL6SvTK0v2x3Q/DBYl6kU8xvtWz4jWtiUzEOwabV6DuqqTTM93tdYjqeptzV9jBo9dJcv0XdtNxQitsA7Xlo5FiFKftu3UdXXfC1u/8+tecn8GIedZxHM6+n3cHPol2jGGnv+dPd9FvufKfL7w/kZ/rfNo1MFyefJn9fKzgyQZMjJzNaXmLe2p+67uPPyBNGWumR0qBZ9/fWV6ZckWeWU+G3zXbV0DpK7r3b4vI+yz7PLZyheyrlWk4PbjKFfn987ItZN8z0ERrgPuL6vEtUQf/LVOnpiuJT6VvbJG5Z6FWmt7fjJ1Ng8AAHSHlN4uQAjfYe33ulSybK3WrrX9LCuRS+U6WCXJOUpj5NWpC/b1zoTldCDAnS9P+UFVVR00hwHo7fJ0KVOjXVLNGV+U+T4d3u+VZ+FarV07K8rxWN31DpaZy+ZbS0U6d25aXdVjcnDPWqYSV7nWvFImf0mdo8ZI3lOK9jFlmgemZDuyZC3X9dmitvNSv5wfWMMAROribw4H0C/rjU6WuXFXL/qkAZmBl1xJkvLuSLKbV0c3fD5EvF75dCZhN7sqHSy37rcRv8ToXGfH17faQpUOlktjRjkVV524Z2nt2rVaVuKSd//hGI810rOLS6Mzo9TZhVNW9l4s971Qka6jvsSdPAlm/wy60MV9vKv7R5fLdvk86Va+x6v9h8vML6uT5qHKqTunSPsPV+nwfmnKnR3r0nd4v7yehVq7NnKg8fp3fWPPVjdWrs6edfrGc5BdTG1Akq/sLW3xerQwQoV1Ng8AAHSPpPrb1Hd4v7yuKerwPOgs1iMeqfxglSS3vlziUvlv/IEYn8re2iJvh63B5Fa+p1xr1pQHA4xJzaniRzzybnlLZYFnYZ/KXpmvV4ITbA/K1jfzYVtx53uk8i3a4jX/aLWmmufOmrcVHC2ySm/Pn6+3q3STia0ee59TxXNL5PJu0RL/h+D+shlstX8oVW9r/nzzc3MWPyKPd4v+EJjd+XGZfzzv12Frtq/sNx27BSbiSKxyvWUrh6/sFc23BY37kqvHqqSxf6tUVaktShf/q8eqZGTmdbrMDdvxjtpaXOo/9wfWhBKlF+TJYRujNRnd+PnQ8Xrl/4P5kYT17bQHQ6r09pLY76WdtcO+0xaCmV3BGERndRJ+vzADnq4pd8YcmO7w7OJ5RMXOSOdLld5eUy5XyZcDgdSu7nshrOvob8oCFz69tSUZn5QifQad6eI+Hn7cMrMf50e6yXe414R+JlFLkO+Rd8uWpPuy2nnnFGnLGm1RhOdoP1vw3lf2im24ixuRgGer6y6X/1nnD8F9+8r0yvxXVObrK89Bkqr+oC3eYKA+c7RLKj8YOKaqP9iuQ1Vva8kWqWRZhC9ZOpsHAAC6TRINBVClnVu8cpXMCXZfssnJK5Je+43KHiiVx1OqBTXPaMl8M0OqqKRELu/+4AD9UkhXyQ7dFyN1sYy2bmB2L3Wds5Wts6Xs5Q4vc05ekVQu5eVYx2U//m4se+fl9WrLkvkKzXFzqWRpqTw5JVpaskpLbfNdJUtV6smUYUieOSXav3SJrI9fRQuWqmTbUm05cFQlOdajZE6eilSuva4p1ksvzMmZ1rmzZn7wqb1oweualRO9G1nPiNLt135+yvZvI/I6IedLp/XYO2dzePuSJGV6VLqgRs+8tkavjF6qUo9TntIFqnlmjYIfU5EWvD5LOYYhQzkqWVqiVUvna35g9gK97slUsMehbR85JVpQ9Ixes+rBVbJAJa7XVONvL7brQ2buFLm2rNH8cnN/9u6Q/u2a/wvrWm0YMgx/uYLnplwlWlpqvrAjWLRI68o8Z72vacn8/WY7SFDs7LqGApCsrv556nd+T/Qu/rEsc8O2qPkNKf3pRRpU+rfmpAu/VWPgZVaxSeg5H9M1NN7zoeN2Mz2lWqpVWjrff6YXacHrJVY7iOF+1aELrf2akaOSBUV6Zs18K0DnUsnSBSpa+pr2H66Tx9PV9jtph0Zmp8fea/fScvs1xV+spXrd47TOj67qJHy+bMcc1pU6sFPZni9cKplSoyX+z9NVoqUlOcF9v75Abz8TrLN47nsd9q1M6zrqX6dIJSUumY9KyfwZhJ5nsv07cGSd3sfDj1vWuZcjw5Byp7i0Zc18lRct0Ouz3PKULpVWLVWwiS3Q6/7PJOTzsxXYer5QXo56517qF9ZGM3M1xSVpivUiyOABmPc3zxyV7F8aeHZW0QItLdmmpVsO6GhJjvzfQUeu99B9hd8r3Z1+Jp1fS5xxlCvyvdN61gl8iOa+PZmGjMxkfA6K/vybE7j2m3Xir8+iBQtUVL5NMgwdPWBO67CNogVaoOjzXieDFQCAbuOor69PlsgqACDB+v38q9249RKlP/1NqWJ6UmePStK1b/6ut4sA4KZQpS0LDinvtRKyAgEAAG5yL730UpfLJFHGKgCgT8m7V/1UpdYkD6pKvfuiEgA3kaqD2luYp5m91usHAAAAySS160UAAAg1YG6F+mc2qm3X9G4cBgAAkoVPe19drq3VhZq/hlxVAAAAmMhYBQDEreWtArX0diHiwL0OwI3JVOF3VqtQCh33HAAAALe0lN4uAAAAAAAAAAD0NWSsAgBuetzrAAAAAACJRmAVAHDT414HAAAAAEg0AqsAgJse9zoAAAAAQKIxxioAAAAAAAAAxImMVQDATY97HQAAAAAg0QisAgBuetzrAAAAAACJxlAAAAAAAAAAABAnMlYBADc97nUAAAAAgERzXPrJvfy1CQA3q2tXersEyaHfbb1dAgAAAABAH7L05N1dLpMqh6MHigIAQC/iXgcAAAAASLBUtbX2dhkAAOhe3OsAAAAAAAnGy6sAAAAAAAAAIE4EVgEAAAAAAAAgTgRWAQAAAAAAACBOBFYBAAAAAAAAIE4EVgEAAAAAAAAgTgRWAQAAAAAAACBOBFYBAAAAAAAAIE4EVgEAAAAAAAAgTgRWAQAAAAAAACBOBFYBAAAAAAAAIE4EVgEAAAAAAAAgTgRWAQAAAAAAACBOBFYBAAAAAAAAIE4EVgEAAAAAAAAgTgRWAQAAAAAAACBOBFYBAAAAAAAAIE4EVgEAAAAAAAAgTgRWAQAAAAAAACBOqYbR20UAAAAAAAAAgL4llbgqAAAAAAAAAMQn1SBlFQAAAAAAAADiQsYqAAAAAAAAAMSJMVYBAAAAAAAAIE5krAIAAAAAAABAnBhjFQAAAAAAAADiRMYqAAAAAAAAAMSJMVYBAAAAAAAAIE4EVgEAAAAAAAAgToyxCgAAAAAAAABxYoxVAAAAAAAAAIhTajuRVQAAAAAAAACIS2o7QwEAAAAAAAAAQFx4eRUAAAAAAAAAxIkxVgEAAAAAAAAgTqntDLIKAAAAAAAAAHHh5VUAAAAAAAAAECeGAgAAAAAAAACAOKW28/YqAAAAAAAAAIhLaurg23u7DAAAAAAAAACQPC53vYjDMEhZBQAAAAAAAAC/0tLSLpdJ6YFyAAAAAAAAAMBNhcAqAAAAAAAAAMSJwCoAAAAAAAAAxInAKgAAAAAAAADEicAqAAAAAAAAAMSJwCoAAAAAAAAAxInAKgAAAAAAAADEicAqAAAAAAAAAMSJwCoAAAAAAAAAxInAKgAAAAAAAADEicAqAAAAAAAAAMSJwCoAAAAAAAAAxInAKgAAAAAAAADEicAqAAAAAAAAAMQptTs2evHiRV26dEltbW3dsXmgT0pNTdXgwYM1ZMiQhG6X9gYAAAAAAG413RVniasMid7gxYsXdfnyZQ0aNEipqd0StwX6pLa2Nl2+fFmSEtboaW8AAAAAAOBW1B1xlnglPBJz6dIlDRkyhCAPEOa2225TSkqKLl68mLAGT3sDAAAAAAC3ou6Is8Qr4dGYtrY29evXT4ZhJHrTQJ/Xr1+/hHbZp70BAAAAAIBbVaLjLPHi5VUAAAAAAAAAECcCqwAAAAAAAAAQp24ZmJFuyUDPob0BAAAAAAD0PDJWAQAAAAAAACBOZKwCfRztDQAAAAAAoOeRsQoAAAAAAAAAcSKwCgAAAAAAAABxYigAoI+jvQEAAAAAAPQ8MlYBAAAAAAAAIE5krAJ93I22t6q3n9FreyPNSdWgTJfu/Orf6bGpY5RxQ3vpC3wqX7VUW0Yv0Ouz3FGXilpfqYM02j1FX/67Lyt/5HXWVlONyn9RqZHf+rKilyASq+wq0dJSj5wxHgsAAAAAALh+3RJYBdDXpMs1JU+jQ64IzTp1TLKlXgAAIABJREFU6C/av3GVapq/r+9PG9lbhUtCHeur+WylKqve0/of7tdf/un7mvuFwXFv1Xdoi7Z8NFoLElhSAAAAAADQPZIwsGplWnk7znGVLFWpx5mAfVTp7Wdekxa8rujJXB3LEdf+feVatXS/piwtlcdp318s+wZ62khN+eosdTi9Z53VH176obZt+//0F89cfaF/rxQuCUWpr6bDevuH/6a9b/2H3D8o7Ti/2zjlKX1dnp7aHQAAAAAASMahAAwZhlT0zGsqCQk8VmnLgqV6xViSgOCqVT7D3FcHvnKtWrZVmrlErz3r35e5/2dqntFrJTFERA1DhgwZhhGsD8OQYeSo5LXX5D9O4Ebd6FAAhvVfI2J7uF13eUZr2698unjRkOFvDr7D+q+NG7X3WKPalKpBOXl6+LHHNGWMvwu8T+WrlmnrmK/rmdTf6d92n5MG3aM5L/yDvqAalW/dqN/95ZQa26TUQaP1ha8+qZme0OEGmmr261e/2qZDXe7j2/rh5Eqt37hXxxrblJp+u74wY07Y9ppUs/9X+tXvPpL3QrPaFGm//uM3Oq3TTusrPVcl/3SfDr26W9t2nVDR37mC87qos6otC/T6Xkny6rVn9kpF/mtNLGW36kIztaTUI2ekY2mKrd4BAAAAAEBskjBjNRq3HpiZrWWnLkhyKhBIqA4ukT3TH3St0pYFr0u24KyvfJWW7Z9iBR0641P5ejOoGhrAdatkyUzVLNum8gf8mWhhZSiKJegaWraqLQu0bfRMjdm6Vf5hG0OCylaQ19xFkWbOrNFW23EEgzHm/GdeK4lzbEagc42+C5Jul6xs1atV/6WX/223Lo28R499PU+ZuqBD7/1KG1dWyvvMCypx28J0+zfq30ZOUcm3v6qrF9LlyvCpfNVKbb2Qo/se+7pyM6ULh97Tr7auVE3bC/rBF83hBpqqtujl1/eqebS1j7Zj2v27P0bex1826l/3D1buY0/q2+nNOvTer/Th1lelwf+qOVaK7dk/vKqV2y9o9D2P6cm8TKU3ntLeP/5Oh7a+qub0pfpf+fF324/K5dEDmbu1/ZhXPrnkjLHORhZ9W09e3aqNH2Zqxrcf0OjBIxNYdp/K/63regcAAAAAALHrQ4FVO3+m2jN6rdQMI/rKV2nZ1vUqz73B7re+Su2vztaUORE24vSo9DV/Z9vwMpi/L9gSY0arTfXW/Zqy5DW95rSO4/UtynutRG5VaYs/c9bjtIKse6XsKYFjfr1mppa8ZgZZfeWrtGxVeQzBYyAWV3X24Eb9x+5mKXuKcgdL0lnt3bJbl77wdf1wTn4g0/HO/Dx9Yf0P9LMtH+qLP/iiAmG6tlw9+UyJ8gNJpuXaXy3d8+0F+rs7/SvnKr35B9r6lyr5vjhSTnn1u5/tVWP2Y1pS+kXrXL5Td07J07YfrtR74ftozNSXl5Tqi05/WUaq/7Ova2+lV3O+4Jbk1V/2NmpQ0f/SsyVuKz58p+7MG6n1/8/PdOjYWSmRgVUNUuZISZVnZX4NFGOdjblTOa5B0ocj5brzTusLkgSV3VcZQ70DAAAAAIB4JOVQAP5thGzGt1frt1arcH6OOVTAs2tUZNtX5qQpytZ+q7u9YW7Ftg3/pgx/F/2w+cH91KhaozUjs4uu+lV/0NbqQs1/NscqQ6aKvj5T+5dvU/mXnlVR4HDCyxO6b8OQVDhDRdb+/Mdxts5QzoWD2ps9Uy8WZZr7yCzSjMKtWnsqtI7928wselZriqxtx17h6ONueCgAQ5KqtXXZAm2NtMCgyfr614uUaRgyfIe1/5w0MlfyHj4cslhT6mDp3EFV1d2n251WmbJzlZ1ua0uDBikzVTq0/W3lDvqqJo8ZrP5KV94/rlKeVRjDe1AfNkt3PVBo7jOwh9G674Ecvbfpj/rLmfv0wEhrzug8/U1Iex2m0aMl1ZxVnZEjp7L1wJIf6QH/9v2LpWYpZ7R0qKlJVwxD/UOGCOlkKIDgxSTKNSJdg4ZJgeECYq6zsGEGzAqMr+wKXuNCjiWWeo96xAAAAAAAIJKkzVjdt3ah9oVNy575osKTQau2LNTawILZmtIDZZMk37lTUvYUZdonOm/X6ETvY3ReSCZZ5phs6ZS1u6IZKty6VssXbpWUrZkvPqsi0s5wXdKVfc9dIW+5V/oYub+Qo8mukQq8s+rCWfP02/2f+vfdkbZzSTX+0Toi6f8FzXhysqo37tN//niflJquTNdkPfDAA7ord6SZzXn1qpqVqTEjO74pa3Dm7ZKOyXdJCqSspsb6Rq2ravKd1alz53SuqlJ/+egjHTsnSY261EmR43dJ507Zfr3ROpN0w2WPpd4BAAAAAEBckjawWjh/TYcgql0goJo9Uy+uKZLTt1evLt9/4zvOHKNs7dc5n+RO+iClWyVr1qhEPu19dbm2Ll+orSrU/DWMs4p43a4pXymJOTDfVfvsjDPvH7Uk75JqKj/Sh3/cq0PHPtTWf/9Qv8qeqf/9bFG3dEn3HfqZ1m78SBfMNz8pc/BIZd91jyb/ebf+nPC9XdDZc5Kyx4R88XK9dZaosvdGvQMAAAAAcDNLwqEA7N1hoy1xTIf2ZevxF7+jokxZ3VgDa9nWs/3bekN2aJfXCPvInKR7srdqf6VPhUWZYTOPaeuitdL81Zp5+2ipukYXDCMYPLEy00YrhvKE7dsILagMGcq8fbS0/6x8Rk5gHxdqqiXdE3YcmSr8zmoVWuU7VDVTOTnR6g43mxttb4HtdNrmLIMylSnpiPeMjJzOX3jkP5MjdzMfpNGTCvW1SYX6mq7q7O61WvHr7dp9olBfS+2vdF1QzdkrMm4PzUa9dOGcpNEaaXX9j7aPkOmXPtSm//xIzXc9pRefyFNmYJNn9d6fd+vPtvXtQ4Z0JWp9eQ/pw2bp9rwJ5lAGcdSZrQDmP+Mue1fH0km9u7o8ZAAAAAAAYJPS2wW4ftU6dcH/72PauvyXqg7My9TobGnfoWOB+e/9sjp8A1Fkqujrj0u/XK6f7L1gm24GLfdlP64HciTlPKDHs/dp7Vb/Pi5o73/+UtWFM9QhHnu9cvJUWP1L/ae/HBf2arttfIQLe3+iRT/Zq2A1HNI+FSqPoCq6y8jJuu926cJ//7cqm+0zmlW56Xl99/lN+qg52srS1cpfa/nzi/Vrr31qfw0eZHsBk+su3ZMu/fm9fboQsvYp7X7vmDRoknLiaWPnvDomafI99sCkpFMf6sML0Va6Ts2V2vrz3WpOnaSv3GUFUW+kzhJU9pjqHQAAAAAAxCVphwLoXI5mzi/UorWLrHFYs/X4i/NVuHytPqy8oKIiMzj64fK1WrRPkgo1f36h9m2PcfOZRfrO6pHaumi5Fv0yODn78Re1OhA1zVTRd16UfrJcixZZkwrna/XMREY1czTzxcf1k+X+chTq8cezVX1qpJnBWvR1Pf7hci0PFNLM4iWuiu4zUvfMLNR7a/fpzcWndN/MhzQp9YKOfPjf2nvkqkY//hVNTo++dv+cyZqUulu71/5Yl75yn+4ZPUiNp/Zp9+8/Umr247rPJUkufeWbhTq09tf6lx+f0te+dJcy245p9+9368iFQSqc/0B8YxnfnqNJqfv04c9/rPSZD2nSoGZd+PNuvXvolK5e9xXwnD78/Vadsq3ffO4jfXSsUW0apML5X1deIGYZe52lp6dL+rPeey9HV3NzlJugssdW7wAAAAAAIB4OI1H9iC0nTpzQ4MFkQXWXC3tX66Xah/STxwmf9lWXLl3S+PHjE7KtRLS3Y7/8jt7Yl62/X7wo5mzr5lMf6te/fld/Pt6oNqVqwLBs3fP4E/pabmDQCu1d/ZL+X/29Fi8qCn3JW/Mxvbfh19pzrFaN1rihEwpn64mv5YYsF76PQRMK9ejjX1HeyPQu9tFxevOpvfrlhnf10bkWtaUO0LDse/TQ419R5r7lWrMvV9/4l6c0ub+13uinO21fZn11nJ46YJiycwv1pYceUG6Eeuy6ziQ1e/Xum29qd3WL2rL/XssWFal/PGUPHHOEY4mx3gEAAAAA6EsSGWexKy0t7XIZAqvJ7Ngv9Z03pKd/8riVhXpMvzQniLhq35VsgVUAAAAAAIC+qjcDq310KIBbRM7jerrwO3rjO8H0uEKCqgAAAAAAAECvI7Ca5HIe/4l+8nhvlwIAAAAAAACAXUpvFwAAAAAAAAAA+ppuyVhN8LCtADpBewMAAAAAAOh5ZKwCAAAAAAAAQJwIrAIAAAAAAABAnAisAgAAAAAAAECcCKwCAAAAAAAAQJwIrAIAAAAAAABAnAisAgAAAAAAAECcCKwCAAAAAAAAQJwIrAIAAAAAAABAnFITvcEBAwaosbEx0ZsFbhoDBgxI6LZobwAAAAAA4FaVyDhLvBIeWG1padH48ePV0tyc6E0Dfdq1a9c08HOf04kTJxK2zZaWFt0xalTCtgcAAAAAANCXnD5zptf2zVAAQA9xOBy9XQQAAAAAAAAkCIFVAAAAAAAAAIgTgVUAAAAAAAAAiBOBVQAAAAAAAACIE4FVAAAAAAAAAIgTgVUAAAAAAAAAiBOBVQAAAAAAAACIE4FVAAAAAAAAAIgTgVUAAAAAAAAAiBOBVQAAAAAAAACIE4FVAAAAAAAAAIgTgVUAAAAAAAAAiBOBVQAAAAAAAACIE4FVAAAAAAAAAIgTgVUAAAAAAAAAiFNqbxcAiWMYhurr69XS0qKm5mZduXJF7deuqa2tTVeuXJFhGOrXr5/69eun29LSNDAjQwM/9zmNGD68t4sOAAAAAAAA9CkEVvswwzB05coVNTY26uLFi7p8+bJaWlpkGIYMw+i4gsOh9rY2Xb16VS0tLbp08aIkqf7CBY0dO1bp6ek9fAQAAAAAAABA30RgtY8xDEMtra1qbGzUubNn1djYGLqAwyFFCKo6HI7gNqxlHA6HDMOQz+fT5cuXNW7cODmdzpBlAQAAAAAAAHREYLWPMAxDly5dUm1trRoaGgLT/UFQwzBCgqoOh0OGJIdt/ZB1woKnV65cUVVVleobGjR2zBgNGDCgW48HAAAAAAAA6MsIrCa59vZ2NTQ06HxdnS74fKEzw4KjDmtaYCiAKJmnhhTMarWCsYbMgGvd+fNqamrSiOHDNWTIEKWnpyslhXecAQAAAAAAAHYEVpPYhQsXdObsWV1saAhkmTpkyz61AqKy5tkzVDvMVzCLNcDhUIo1zbAFV5ubmlRdXS2Hw6EhQ4ZoQHq6hgwerMGDBys1lVMGAAAAAAAAIEqWhJqamvTpp5+qvr4+MM2fZeoPjAaCpIZh/tiHBAhnTfPPS0lJCQmm+vnHXA2uZpjDDjQ06Mzp08oYOFD9U1M1ePBgOZ1ODRgwgPFYAQAAAAAAcEsisJpE2tvbVVNTo7q6OrW2tobODAuYdgigRgqodrKfSNuJGJSVAsMFNH32mSTp4sWLOnnypNLS0jR02DBlDhumwYMHM2QAAAAAAAAAbhkEVpNEa2urjnz8sZo++yw5A5QRMlNbr1zRubNndfbMGWVkZCg7O1tDhgwhixUAAAAAAAA3PQKrSaChoUGffPKJWltb5XA4QjJKk0Jn2bAOhxwOh5qam1VZWakhQ4Zo/PjxSk9P77nyAQAAAAAAAD0sCVMjby2nT5/WJ598oqtXr8phZao6UlL6ZNZnSkqKLl68qMrKSp08eTL60AIAAAAAAABAH0fGai+qrq5WbW2tmfVpTUvKjNUuGNbLs/yB1CtXrqimpkZXrlyRy+VSv379ermEAAAAAAAAQGKRsdpLvF6vamtrzcxUw5BhGEpJSVG7YcjhcASyV5OdYRhmWa1j8E+Tw6Fz587p6NGjunr1ai+XEgAAAAAAAEisvhG9u8l4vV6dPn06OMHq9t/e3i6HzMCk0VeyVh0Os6zWWKsBVqC4oaGB4CoAAAAAAABuOgRWe1hNTY1Onz5tZqX6u8/bMj373Lik/vJGKHu7FXC9dOmSvF5v3zs2AAAAAAAAIAoCqz2orq5O586dk9RHg6hxcqSkyCFz3Ni6ujqdPXu2t4sEAAAAAAAAJASB1R5y+fJlnbRe6HTLsAWPHQ6Hamtr1dzc3MuFAtAjzv1OO9/8a4QZdTqwc7u2bQ/7KauSqsq0bedB1cW6j7qD2rG9TFXh06vKtG37dpVVhU2LZ9tAsrPO821loS2g7uBO2/lfpbLtO3Ug/MSP2h6Cy9cd3Nlh250XZ7u2hbXHqrLt2nGQVoc+rov72Y2f41Haqf9+GdJWzWlxNE0AANDNUnu7ALeC9vZ2HT9+XC3NzYEXPd0K/C+2Mtrb5XA41NraqhMnTig3Nzd0PFYAN5W6Hd9TxS5p6Phx2vl372v8fz0jd9gyaVkFejB/eNhUtx4OX7Az9U1q7Wz2iYOqc+crfC/ATSMtTWkNZ1Qlt9XG6uT12VuFW8Uz4mlUN6pBnxysk7tD2wb6pljuZze+k0tqkpQebX5rrSqr8lXck00ZAADEjMBqDzh16pSamprMMVX7ykupEsDhcEiGERxLVtLFixd1+fJlDRo0qJdLB6C7DH/wx5ox+nVt/0WOCv7rq7EHNqvKtO1EhgqnZ8u7s0LN6UNV39CsrILpGlK5XZUN1nJDJ+nhYqnsiDmhsqxK7g5/cQ5VltOngwfrIgRw63RgZ4Vq/fGntCwVTs+XDu7UvianspprzXlDJ6kw44T2mb8od0ax3DIz+fb5Vx46SQ/z1y56jVPOoT5drJM0XFJdtXwaqmFp/sZSpbLtJ5ReMF1366B2VNSqVdKwoUNt27C1h6FDNSzSbuqC69rbQgdDs+T0HdKBuum6u0Ozs2/D/+WKdGBnhZqdWWqqtco2qUDpJyoCbdDfvqrKgteAyF/MAIl33feziOf78ND7R1qWeb87ZC5Xe+ig6qZ3/DIwLStLOlKmKneEdldVpm1HGgK/Dps0Q8Vuq91npau2tkFSmrIKxqu54ojqZW8/VSrbbk4zl4nQbgEAQJcYCqCbNTY26vz588EMzVsoU7PDOLLWsZ86daqXSgSgR5z7nXb+IkcF/3BMFRG7T0qttRW2oQAidOeXVK9ReniGGRD6pGGocmfM0MMzJmlYwwkdqHOreNJQSUOVGyWwOSR/vDJqKztuu65eQ/Jm6GH/9lp98vr7WTb4pLwZerggS2kNR3RQeeYyatCZKklVZdrnc6pwxgw9PKNAWc1H6JKJXjUkQ/JVmydwXbVPco6KkPlWpwOHaqWsAj08Y4ZGKRiIqTt4SLXKMs/pUbKCLHZVKqvwyVlgtpnCrGZVRj3pB+vu8emqrew4v65+sPJnWO1u0lC1+qoD3ZvrfVL+jBkqzEpT/ZFDZhucNFRqOKMqmV9mVGpSoM1m1B6K0G0a6AYx3M8iiXy+V6myVsoqsO4fqlVl1XDdnZelNKUpKy9aD4ts5WY165MIQw5UaZTVLqz2c8bf9lpV22TOyx3aqtqKMxplLWOWpU4Hdh6RJvnLmG4Gdq+njgAAuMWRsdqNDMPQ6dOn1doa1lnV4ZDDmn+z82erpqSkBIYGaGpqUnt7u1JSiOsDN6Xbv6rpPzL/OeNvIi8SS8ZZWoaVOzc8W860ClVu367KoZP08Izp5vSOEaAwbhVPOqMdB+vkHmybPNwtd0jWalowEJXmlGu4JA1WhnxKzzbLmJ4mNUuqu9QstTZo3/ba4PbOVEluslbRO4ZlO6VDZpDS65OcecMkX9hCF6vla02T0zqf3aOGqvKE5B86IM2ZbQZ03KM07MiJ0HXrLqlJraqv2K5tgYn24QfCuIuVe2anDtS5NcQ2ebjbHZrFl5YRmBfY/+B0yZdhtcEMpalJklTf1Co1HNG27UcC6zRV10nDSa9DN4vhfhZJ5PPdrVFDj6iyYru2pWWpcPoM87yPIZo5PD9Pzp2VqlJuyHS32x2atWpLRh82ymyhwzLSJI0y2+vgdOv6UK/mVqn+yHZtCzSrZnlpVgAAxI3Aaje6fPmyfL7wv25kvtSp54vTK/zB43ZrCATDMNTa2qqmpiZ97nOf682iAegzhuvu6TPk77a4bfsRs7tjLKu6c+XceUgH7Dl81h+hwybN0MNWl8m40P0fyWR4tpw6JG+V5JNT+cMlb8J30kn3/wjcuU7tOHRQoc1uuyqtzHN3VZm2xdns6P6PviTa+e4unhH4Ym/f9lrzvM6OZYvDdfd4aVtZtbIC06wvCJWlwhnF1nA28ZSS7v8AACQCKYPdiC7v0TU2NvZ2EQD0FXUHtWPnQdXJreIZBcpKi2fl4bo7zylfbUPo5LQs5bolVZ3pOvHVvrXB6VLDCasbcqLeCA3ciOFyOSXfCZ9a0wdH7ko8JFvOtNbAkAFVZxps66YFu+VHag/DByvDeimVZHbLD31LeaQi5Svf6VPHZpcrd8j+YzMsI02tgWE9qlS2nbeiI/l1PN+rVLa9TFXWl4W5QztbOwJ3sXJVGxwf3DJsfL6Gd3hxXVeGKT2tNThsR1VZ1GF5AABA58hY7SZNTU2qr683xxW9Bbr8x6uhoUF33HFHbxcDQF8wPF/5zp3at327+fvQSXrYLakuQ2mqjfLyqtD1/6+htapstn53j9KwI0fM7vxDs5SV1qDmWKOr7mIVXtqpff5u0UMn6WGy6NDLhmc7pdpaDRvvVuR+xeY4jjsqKrStNvTlVcPz85RlZc9FfnmVW8UFlwLrmtmr0caCtO0xf7yG1R6RP4HOPWqoKo9Y+8/KUlpDU8xfagzPn67cpu3mcCCysldJGkeSaK31tw0pkAUa8XzPV/GkM9pmncdKy1Jh8XBJ9cpQbdSXV9m5c7P0SYV/Z+YXI/uObNe2I2nKyhoq+S6pToM72YLfcN09fVKgF4i/3DQrAADi5zASPNDniRMnNH78eLU0N3e98E3syJEjamhouCXGUb0egwcP1uc///neLkaPam9vV8bAgYE2kggnTpzQHaNGJWRbAAAAAAAAfc3pM2cSFmexKy0t7XIZhgLoBu3t7WpqimuQo1uOw+Ho7SIAAAAAAAAA142hALrBxYsX1doazzhHAAAAAAAAAPoSMla7QX29OWqYw+EgMzOK9vb23i4CAAAAAAAAcN0IrCZYe3u7Gi9fDvzOGKuRNTU1UTcAAAAAAADoswisJti1a9fUzPiqMSGwCgAAAAAAgL6KwGqCBTIxHQ4Ch50wRGAVAAAAAAAAfRcvr0qwz8hWjY1hqL29Xf369evtktziPtYv/vlV7Ykw595n39Q//I/O1q3T7h+9oH0FL+v5z/9VK16oUOHL39d9w8OW2v0j/e9N0pPh8z7eqG/9eoz+5fv3KWwV3ATq6+vV0NCgtra23i4KkLRSU1M1dOhQDRs27LrWp50BXaOdAd0vNTVVQ4cN07ChQ3u7KADQ4wisJlhLc7P5DytrVWRlRkTGanLpOoh6o05o446Pdd+T3boTJIn6hgbVNzTotttuU9qAAb1dHCBptbe3B154GW/Qp76+XvX19botLY12BnSCdgZ0P8Mw1NDQIEkEVwHcchgKIMGuXbsW+LejF8uR9KyMVdwixo/X+D2v6hcf93ZB0BMa6uuVlpamlBRuMUBnUlJSdFtaWuCP0Xg0NDToNtoZ0CXaGdD9HA6HbrvtNjVYX2IAwK2EjNUEIwszdtRVH1C3O6yLvzl0gOLOcC3QY09Iq17dqP/55pOKuGrdbq14YZNO+H+/91n99Mn/oeCQA09o7KZN5rAF45/Qv/yj9B/+5cc/YRtSIHR4g+7PxkW4trY2MnuAGKWkpFxXF2PaGRA72hnQ/RwOB0NmALgl8fVrArW3t+vixYuB3w2ZNxh0ZBhGSHYveteeV/9Z3/rn4M+K3XUJ34fzvn/Uk+P36FcRt12n3T/bpLHPvqmfvvmmfvryExq/59eyL3piU43+55tv6qdvPqt7T2zS//6Z9E/+ZU9s0u8/trbzo1d18omXA9s5+eqP1A2HAwAAAAAAbnFkrCZQe3t7hyxMsjKjo26SR89kdQ7Xff/4hPa98DPt/vz3dV/4vO+/GfzVV6MTkgptS4x/4kEr09WpseOl8QWfNzNUh4/SWP9CdX/VvhP36rHvW6/DGn6fHrt3k3711zrdF/5WLQAAAAAAgBtAYDWB2traAuOGOhwOAoddYIzVW5AV6Fz1s936/NdCZ3288Z+1yt9/f/x4jb+e7ftqdEJ7tOqf94ROv9cnicAqAAAAAACITen/z979Bbd133ef/xwQJEXqD0EStikLjInULveJ1F21hbcrjwfMzOOO4wxnZ+RNmy7p2aqtKo57saNQeyFLsymaGdm6WDHai30yVNWEnTG5STYT33DieB5fhJiMNVuj+7hPrKSMXYMuKYm2IRGSSIkkgHP24hyAAP+DAngA8v2a0Yg4f37nC5DEj+eL3+/7O3Nmw2NIrJbQ4uIiydQi8FrtTp29/Qr3DejnsfDSxsSYfhoNqjdby9Wp7Vq01oCCCuvlteq4AgAAAAAAlAiJ1RJKpVK5r0kZbowRq1XA36Z2xfVedir9eExRSeENT1xPp17pD+vUQFQK9uRtj2vSGVg6/s6I4goWlALYXLyH9VxwRD8de1GvdfmVXchqsueC8xjum9BoZEix5ZsD3Tp9MiTfI7WdVOzqZX1w9LROhh6tJQAANmd5vxbSiUi3OjZz5mhEQzqhSHfHml8DAIDKRmK1hPITq2I05oYYsVoNOvW1nqDOjZzXqRFJ4R71BqXJR272RfUGoxrOPs6WCBjosxO3/f0KRwdyidbN86vrbL8m+5x4JSncryskVStO6ERES/eLdkL08qifm0gAQPVIxnT18qjUfVoR5wO9ZOyqLkdGN51cBQAA1Y3EajkYxlJiNf9rFCCxWgk69crg4LpH+LvO6krBSlPZB/aCU13OttcGu5afusb5y891Iukd1JXevA25uJYfu/zx8udgP35l3WeFyuJT6IWQRoc+1ER3BzeiAICqMPHLUU2FTuSSqpJlrDNZAAAgAElEQVTkC31D3R9c1rux57c8e6KjO6JIqYIEAABlRWK1DAzllQIgebgmSgEAWNPEqCJDSxMrA93O9P5kTFcvf6Cjp0/Kvl+1p2CqYAQsAADlNqEPY1LoxPLOx6fQyYhCeVuSsau6PDplP9hE6ZulUgA+u8RNW0iKxWS3UFhqYGI0omx3GQqFFIvJ2W/PBsleViFKCwAAUA4kVsuAVOrmzC8suB0CgIqQVOzdmBQ64dwoTmh0aFrdpyN28nRiVJGhX2oixLRKAECFSCY0rYCObjQodWJUl0fbdCJyMpfsLLb0zVRMOhGJ5M4fGj1inz8xqqFYqCCRKielm4z9RKNtJxQ52aFsyZ3RCT6EBACg1EiswjUL8/NuhwDAJbGhSOECVoFunc7d7XWoO3IytyuZmJbUto3RAQBQGhMf5n9wWFj6ZrMC3c/nzvfndYert513YuxdxZ4/qZDPHkULAABKj8QqXJNMJpXJZFRTU+N2KAC2WWjdqfuF0xcDgcB2hQUAwOb4/GrTlKaT0trz+pNKTEuBDYe1bsX6bftCJ3VaV3X5ckSjkqSAunNldAAAQKmQWIVr0um0Zmdn1dTU5HYoACrJxC81OpVXQ25iVJGhjU4CAGA7dehISBr6cELdHYWfFC7VSO2Qv02aWj/7ukW+Ddv2hU4qEsqL6ScxPb1BfVcAAFAcj9sB7EgsWLUxw5Ak3bx5U5lMxuVgAFSeaSWSUq7+apYzQuiDj5P244kPC0sKAACwTTqe71YgNqSrseTSxolRDcUC6n7eTrZ2HAlJsQ81IWmppviRktQMX7XtXBgRRUYnco99bQGpzU9SFQCAEmPEaglZJFQ3z7Ikw1AymdT9+/fl8/FnHgBHx/PqDlzW6OWIRhVQ94luBYY+UCIpdfg69Hx3QJdHLysyKinUre6ANO12zACA3ccX0smIX6MRp0+SJIWchaocHd063X1VlyNOjdOCmuKPqKNbJ0IRDUVikgLq7g5JU9ldp9V99bIiudKqIZ2IsHIVAAClZlglzgbG43EFg0HNP3xYymarwtTUlCYnJyXDkCESrRsxDEOWZenLX/6ynnjiCbfDKTvTNNW4d2/ud6QU4vG4DraxqA8qy0cffaS9+/a5HQZQNeZmZ/XMM88UdQ6/Z0BxdsXv2cSoIu+26TTT/eGSrfyeAUAp3JqeLlmeJd/Nmzc3PIZSAOVgWSKlunkkoAEAAIDiJGNX86b7O6UAmO4PAMC2ohRACRlO3VBJ1FkFAAAAUDa+0AsKRYYUyZZWLWWZAQAAsCkkVkuoILGKdWXLAEiS18uPIQAAAFCcDnVHIup2OwwAAHYxSgGUUDaxSoK1OHV1dW6HAAAAAAAAABSFxGoJkVDdvPy6qrW1tS5GAqDUvF4vtZOBTTJNc0szN7xer0zTLENEwM7D7xlQfpZlMRMRwK5EYrVMSLJuwDAkw5Dh8ZBYBXYYn8+nxYUFbkaBDZimqcWFBR04cKDoc5uamvg9AzaB3zOg/CzL0sLCgpqamtwOBQC2HR8plVA2mWpJMpY2spDVKgzZHfDjjz/OJ5vADtPc3CzLsnT37l2l02m3wwEqltfrlc/nU0tLS9HnZs/h9wxYH79nQPnlfs+am90OBQC2HRmtEsolCC1LlmQnVbGq7DRhPtUEdqaWlpYt3cQC2Dx+z4Dy4/cMAACsh8RqCS1fhCk7KhMrZUf37tu3z+VIAAAAAAAAgOJRY7WE6urqlmqrMlp1XZZlyefzrUhGAwAAAAAAANWAxGoJ1dbWqqamxn6QLQeANfl8Phb5AgAAAAAAQFUisVpCHo+nsGaoZZE4XINhGGry+dwOAwAAAAAAANgSEqsl1tjYmEumGh5e3ny518UwdODAAe2pr3c5IgAAAAAAAGBryPyV2GOPP676PXvkqamxywGweJWdUHWSqh4n2dzW1sZoXgAAAAAAAFQtEqslVl9Xp9bWVlmm6XYoFcWQvWCVZVlqaGhQc3Oz2yEBAAAAAAAAW0ZitQwCgYD27NnD4lXLGIYhy7LU0dHBaFUAAAAAAABUNRKrZeAxDP3u7/6u6uvqSCA6yVTJHrHq9/sLF/gCAAAAAAAAqhCJ1TJpbGyU/7HHdn2NVUNLI1UbGxv1pS99ye2QAAAAAAAAgEdGYrWMnjx4UHv27HE7DFdZzj9Jam9vV319vZvhAAAAAAAAACVBYrWMvF6vnnzyyYJthmFIu6U8gGFIliVZllpaW9XS0uJ2RAAAAAAAAEBJkFgtM5/Ppz0NDQXbstPjdzynDELj3r3qeOopl4MBAAAAAAAASofEapnV19erpblZ0lKtUUu7JLHqaHviCUoAAAAAAAAAYEchsboNDh06pAMHDsiyLHk8HsmyZFnWrkiuHjhwQI899pjbYQAAAAAAAAAl5XU7gN3A6/Xqd37nd/Sbf/1XLczP74qEataBAwfsZDIq0q3pabdDAAAAAAAAu9zBtja3Q9gSEqvbZM+ePep46inF43EtLi66Hc62MAxDfr/f7TCwjmp94wIAAAAAAHAbQwm3UXNzsxqchayy9VZ3soaGhtzzBQAAAAAAAHYSEqvb7KmnnpJlWTJN0+1QysIwjFypg7379rkcDQAAAAAAAFAeJFa3WUNDg/btpIRjXr3YXO1Y5//WlhY3IgIAAAAAAADKjsTqNjMMQ00+X+7rapf/DKzsP8tSfX299u/f71JUAAAAAAAAQHmRWHVBs5NY3QkVVi3LWpr+73wty9L+/fvl9bI2GgAAAAAAAHYmEqsuaGxstL/YIYtX5Z6Fk1SVpCeeeMK1eAAAAAAAAIByI7HqgpqaGrW0trodRuk4ydQaj0eWZalx717KAAAAAAAAAGBHI7HqkubmZrdDKCnLsmSapiTpiccf3xH1YwEAAAAAAIC1kFh1yf59+3JfezxL34ZcvdIqkR+r5YxcbWlpcSscAAAAAAAAYFuQWHVJXV2dXZNUTkLSMCTDqM4FrfKSq36/335uAAAAAAAAwA5GYtUlNTU1uQWeLEmGZNcqdUZ9VtOo1fxFuPx+v4uBAAAAAAAAANuDxKqLWpw6q4aWptFXm+Vx792716VIAAAAAAAAgO1DYtVFBw4cUFNTk/0gO0LVMGRZVlUmWuvq6+X1et0OAwAAAAAAACg7Eqsu8ng8evzxx+0kahUmUpd74vHHCxbiAgAAAAAAAHYqsmAuO3DggBobG3OPDVVXfdX8WGtra12MBAAAAAAAANg+JFZdVldXt1QOoArlj7MlsQoAAAAAAIDdgoKYFcDn8+nW9LSUra1aRSNWlY3XsigDACBnZmZGyWRS6XTa7VCAiuX1euXz+dTsLGYJoLLQlwEb83q98jU3q9nnczsUAHAFidUK0NjYqBqPRxnTlCxLhpRbxKoqVEucWMW43uwbUHS1XcEevX62S/6SXWpYpwakM4O96ixVm2WJJaGxi+f13rELeq2rZM9+V5mZmdHMzIzq6utVv2eP2+EAFcs0Tc3MzEgSydWSsN+/h+PZx0H1XjirNd/Ky9YvbdSP2H2v+gf1iusdItZCXwZsjmVZSiaTkkRyFcCuRGK1Ani9XjU0NGhubk6WCqfXV5Nqqg2LQmFu7lBCyWRSdfX1jGIHNuDxeFRXX69kMkli9ZHZycrJngu6ctZJZibG9Mb5Pr3Xk01wktDE5tGXAZtjGIbq6uqUnJkhsQpgV+IvhQrg8XhUU1OzlJi0rOoZBZqXTK2aEbYAyiqdTnMjCmySx+NhmnEJjA8PKBruLxwh6u/Sa/1hxUfe0bh7oaFK0ZcBm2cYBn0ZgF2LEasVosbrzSUmswnWaktUzs/Pux0CysGZKtnbM6nhEXt+Zbh/UM/G+nTJqSGQHfE6PtynS+pR7+SIMxUzvOYUy8TYRZ1z2lsqO2BPn5w8vjSaKDF2UeemjutKb6cTztJ1Fe7PbV+7zU1IjOmN8yOKS1IwrPCmXxwAgPvG9X5UCvev0tt0hhTWgN4ff1HTbzmlbwb67FGrziHTYxd1yek7gj350/cLy+Usze5w+qr2sKLR6Iq+aPUQh3VqINtp0s8AAADsFCRWK4RlmlWXSJVUMLL2wcOHLgaCRxEd6FtRZ7WwPEBU7+mCrgz67eSlc1N6pddJdL41pq+d7XIOHdFk/6CuZBOtFwMrE5zjwzo30q4zg2fV6dygnhtu05XeTh0+FtRwbFyvdHZKSuj6tbjCx+1AEmMXdWmyR68PLiVh3xhzboIL2rSvnW1zfQmNXR2Rei7oitPOqQEpeOwRX1QAwPZITGtSQT3XutrOVrUHpfempVfO9msyvxTAuJTfv9nv/1c1dvisuvwJjV10Sgt0+Z0P4C5qLK9ma3QyoNcHBzfxAd643hyI5vrVxNhFnZNIrgIAAOwAzG+pEKZpFoxUrZYka35d1cQXXyiTybgYDbYq3D+oK4OF/wrrz4X1snMn6W9rlxTWs87+1kCwsLFgj77m7Ot8sUfB+DVdTxQeMh6LSuGQM5LVr67jYSka07gk/+FjCjpfK3Fd78Wz18omWbNJWvu8+LXrSjhtBntezI2O7XyxZ6md9SSu6714UM8d9mdPVG9w/VMAADvFUv+m1oByb/9O/5Pb5+/Sy+G43svr0ILHDm9uVsR4TNG8ftPfdZykKgAAwA7BiNUKkE6nZZqmLFVnGQDDMGRJymQyunv3rlpaWtwOCW5qb1u60fS3qX3FAQlNT0rBY6sOLZL8h/VccETvj/eqU1OK5xKwtzUZX210bVi3nTbj0fM6NZK/L6jphNS53p3v7SnF1a6Xl4JW28qgAQCVyt+mdsU1eVtamem0+472435Jtzff5u0pxRXVpb5l8znCtyWt0X+tIWF3enln2aNoJ4tqBQAAAJWIxGoFuHnrlu7fvy9JsgzDLpRfJaUBlsd469Yt+Xw+iv3vZpPTSqjTvrdNTGtSWpZctROX8alV74Al+XPlAJ5VVOFQr7PdvhENH19jNed2KXjsQuHCJZvRGlBQ1/ISsHaSVoHimkExkopdvazRKftRoPu0ToaWryJrHzP9QkTdHYV7JkYjerdt6Zxk7KouZxvLs3q7AHaeTj0bli7lysjkcUaLntmoKsxyrQEFFdbLq9YJT6xywtr8dqenpV7PTvYCAACg+pH9ctHi4qI+/fRT3bxxQ5JkeDwyJJmZTFUkVfMZhiHDMHTv3j199tlnbocDN+VN/R9/Z0Tx4DEdXpbr7AwtTf2XEhp7K780QLYcwIAuRYNqzw3xsROu0bfGcre048N9OnXRftwZKlz5OTF2Uaf6hjcuBeA/rOeCcQ2/4xyZuK73uOEtq4nRyxpVt05HIopETqht9LJGJ/KPKEy8Fp4b0VCscJsvdFKRSGTp34mQpJBeIKkK7Bqdvf0KRwf0xlhe0jMxpjcGCsvEbJr/sJ4LRvXTXHvjerOvr7D9TQcXUlh5bY3HVtQ1BwAAQHVixKoLFhcXdfPmTd25c0cLCwvyeDyyZC9glV+ztBoUlC4wDMkwNDExIY/HoyeeeMLl6LBZqy1eJYV1ZtWROhsIt2vyfJ9O5droWjkutbNXr/dc1Lm+PvtxsEev5y8y5T+s54JSXIVJWX/XWZ2Z6tO5vux8/7z2l7epoHovbCZ+v7qcBU1ORe02w2GmaJbPhD6MBdR9OiQ77dmh7khkaXcypquXRzUVCik0FSs4bzQypFggpFAgpul12h8diil0IqKONY8BsPN06pXBCxq7mF8SJqjeC4NamsjgjGwd6NNkzwW91rZee9m+Ia+9cL+9kFWRI1alTr1yoUdvnHfaCoYVppY3AADAjmBYJR4aGY/HFQwGNc8K8StkMhndvnNHN6amND8/v5SUlFTj8eTqrKqKRqsaHo/kLLaVnxS2LEtPPPGEDh48qIaGBhcjrBymaapx797c70gpxONxHWxb985wW40P9+mS+nWlt+h07Kpt/TSwhan9cN1HH32kvfv2rb5zYlSRIelEpHv1xGdyQhPqUIfPTqTqRLYUwIQmJjrU0WGPZv3g6OrT/JOxq7r8wVGdPplN3AKVb252Vs8884zbYQDIs25fBmAF+jIAbro1PV2yPEu+mzdvbngMI1a3STKZ1L9PTmpudlaSs+CTk0DN/7qakqqSPcpWkjwej0zLUja1ang8+uyzz5RMJvXkk0/qiSeeqLrRuHDTuN6PBvXcBZKqO1KgTYpdVcSZ619QC9XXscZI0w51bDgEdUK/HJ1S6MRJkqoAAAAAgLKjxuo2+Oyzz/TJJ59obm4uty0/fWrJHs1YbXVV81mWlRu5mv3a4/FoYWFB8XhcH3/8sVKplNthohqMD+tU34Ame06Kwao71NSo3tU37Hqop7ulFTVWt2jiQ8UU0hFqAAAAAAAAtgEjVstsenpa8bi9Eo6npkZmJmPvyE+iVnFCNWt5UtiyLFlyRrKaphKJhFKplJ5++mnV1dW5EyTKrrN3UFcevRFdGewtRTioWHkLS/lCeiE0qqEPJ9S98ZDUdSUT01LoBWqrAgAAAAC2BSNWy8SyLP375GQuqWoYRm7a/G5hSDKdkauGYeju3buamJhQJptcBrD7+NoUWGVzoO1RJ+8n9fEHUyVoBwAAAACAzSGxWgamaerfPvlEN6amZBiGPB6PLKmgpupukC0JYJqmDMOQ4fHo9u3b+uSTT6q67AGAR+B7WkcDMb0bS9qPkzG9Gwvo6NOPnlidnipFOwAAAAAAbA6lAEosnU7rtx99pLvJpD1KVSoYqVqwUNUOl00gG4Yh0zQlw5BhGEokEvLW1ir4iNN+AVQjn0InT0tXLysyam8JnYgo9Mh51YSmJbU9angAAAAAAGwSidUSmp2d1b998okezM3Zo1QtS4YkOcnUbKJ1tzGchKq1tEHTt27JW1Oj9vZ2N0MD4AqfQicjCq17TIe6I5HNn+sL6WRk/RYBAAAAACglEqslkE6nNT09rc8//1yLi4uS7NqihpRLqObkPd7pI1ezzy9jmjJk11yV879lGJqampLX69XBgwfdChEAAAAAAADYEhKrj8A0Td25c0efffaZ7t27V7jTsnIjNLMJxoL/d0mdVUkFr4Wk3HM3PB7dunVLhmGorY0JvAAAAAAAAKgeJFa3IJPJaGZmZvWE6mbt8NGq68qO2rUspVIp3bx5U5JIrgIAAAAAAKBqkFgtwvz8vBKJhL5IJDT/8KE8Hs+uWoyqlPJH7y4uLio+MaGFhQW1t7fL4/G4HB0AAAAAAACwPhKrG0ilUkomk/r8889zo1NzizE5yUGSq1vgjFjN1Z+1LN26dUsPHjzQU089pYaGhsLatACqhtfrlWmafEgCbIJpmvJ6+XMMqDT0ZcDmWZZFXwZg1+LdbxnTNLWwsKD7s7NKfPGF7t69m9uXTaDmJ1FJ/m2NIclS3uJezut49+5d/cu//Iuampp08OBB7du3T7W1ta7GCqA4TU1NSiaTqquv54YUWIdpmlpcWFBTU5PboQBYhr4M2BzLsrSwsCAffRmAXYrEquxRqQ8ePNDs7KySyWRB3dTliVPDMJYWYlqWZMXmZROq2Vcv+ypnX++79+7lktoHDx5US0uLGhoaSLICVaClpUWS/UFJOp12ORqgcnm9Xvl8vtzvDIDKQV8GbE6uL2tudjsUAHDFrkysZjIZPXjwQHNzc5qbm9MXX3yxYhSqJS0lTg0jN8KyQN40dmxNNqGaTbSaprm0z3l9b926pVu3bskwDB08eFBNTU06cOAAoweACtbS0kKyCABQ1ejLAADARnZ8YtWyLGUyGT18+FD3Z2c1//ChHj58WDAqdbVzlm1YmVTFI8u9zk4CdfnrXrDfSXLfvHlTN2/elM/nU1NTk5qamtTY2EhJBgAAAAAAAGyrHZdYza4yf//+fc3Pz9vT++/elZU3EhIVZqMRv8v3G4aSyaSSyaQMw1Bra6v27tsnf2ur6urqyhcnAAAAAAAA4Kj6xGq2WHYymdSdO3c0Pz+vhYWFwoMMIzeikZqoO4BTniE7ijWRSCiRSOjfP/1UDQ0NCgQCamlpYRQrAAAAAAAAyqbqEquZTEbz8/N6+PCh7ty5o9nZWS0sLNh1UZ2kqcfjWX1aeXb1eZKr1Ss/WerUvs1ttyzNz8/rt7/9rerr69Xa2qrHH39c9azmCgAAAAAAgBKr6MSqZVlKp9Oan5/X/fv3NTs7qzszM4XT+p3RqJYkw+ORLEumaRYsQJU7NNvuNj4HlInzfbXyHzvJdcPjUSqVytVj3b9/vx577DHt379fDQ0NjGQFAAAAAADAI6u4xKplWXrw4IHu3bun+/fv6/bt24UH5E/rt0+w/3dGL1p57eSSrtkkHCNVq98q9VZzCfNsctU0cz8Tsizdv39f9+/flyS1traqublZTU1N1GMFAAAAAADAllVMYnVhYUGJREL379/XzMxM4c78Kd8OK2+f8hKn+Wm35ecYTikAFrKqfrmEeX5iPW/0cnbf8tq6t2/f1u3bt9XQ0KDm5mYdOHBATU1NlAoAAAAAAABAUSoisXr37l1NfPqpHszNLW3Mr4W6LGG6qlWOWbXOKnaEFd9L5/u/vPxDrrZulvNz9fDhQz18+FA3b95UU1OT9uzZI7/frwMHDmxH+AAAAAAAAKhyridWLcvSjRs39GBurrAuat7K7yW+YGnbQ2VZ7fubv22V/Xfv3tW9e/f0+RdfqLGxUV9qb5fP5ytjkAAAAAAAAKh2rs9/vnPnju7evbs0qnCDJBhQah6PZ2kk64MH+uSTT/Tb3/5WDx8+dDs0AAAAAAAAVCjXR6zeunVLhsdjT+XOJlLLMVIVWINpmjIMQx6PR5lMRouLi0omk7p9+7aefPJJPf7442poaHA7TAAAAAAAAFQQV0esPnz4UHNzc/Yq7quMVDWM5ctPAeVhScpkMvbXlqVMJiPD49HNmzf1m9/8RtPT09ToBQAAAAAAQI6ridXbt28XJKuyq7pnkcjCdjCcEdIFP3+GIcs05fF4tLi4qHg8ro8//ljpdNrdYAEAAAAAAFARXEusWpale/fuFSRPc6u6y6l7CWyDbEI1+/NnGIYM53/TKVFhGIYSiYR+85vf6MGDBy5HDAAAAAAAALe5VmM1mUzai1bly0uymqa5zRFht1r+s7ZinHTeKOrZ2VlNTEwoGAxSdxVYx8zMjJLJJKO8gXV4vV75fD41Nze7HQqAVdCXoVp5vV75mpvV7POte9yv/uuvCpY3+b3/9vdy+8b/dVyp1OKq+371X39V0E7+PgDYbVxLrD5gxXVUgfzSFB6PR6Zp6u7du5qamtKXv/xl1dTUuBhdKYzrzb4BRZdvDvbo9bNd8q952rBODUhnBnvVWapIhvt0Sf260rv5Ftc7ZyvtbbvEmN44PyL1XNBrXfmv9rje7HtL7RfOqmvNb0LRF9PYxfN679jya5XezMyMZmZmVFdfr/o9e8p6LaCamaapmZkZSSK5+kjsvkz9g3plxVv+9r33PYrE2EWdG4mvui+86vPapBL11+PDfbq08o8F9Za0n6os9GWoZpZlKZlMStK6yVXLMnX0D/5QhqT/75//uWCfaZr6yuHDqqurW7HPskz9wR/+obTKeQCw27iSWDVNU/fv3bMf5H9EBlSYFXV+nZ/XRCKh2tpadXR0uBNYiRXetNk3oecuav3kahkEA63beLXKER95R+NdpUtSuy2ZTKquvp6SLsAGPB6P6urrlUwmSaxi4w813RYu/LAyMXZR585flDaTXE2M6Y3z1/RcFSVi6ctQzQzDUF1dnZIzM6smVv/zh9+XJPkzv6/U4qIkKZMxc9slqTn1FaVSKRmGsWKfP/P7WlzlvD8+8pdle04AUKlc+UthcXFRM84naMYGxwJuy45atSyrYJGrW7du6f79+y5HVw5+dZ3tVzg+op+Pr3FIZ6+ulHC0qiS1BoJqbyvd3VZn72Blj1bNCSoYjOrS8FovdvVJp9PciAKb5PF4mGZcVn51nR2s6NGqZVWG/jrL33VWZ8JxDb+zc/qvfPRlqHaGYazZv5hpS4FDhwpKopmmqSefbMv9MzK1qq2tlWVZK/YtPy9w6JDMNIOlAOxOroxYnZ+fz41SXTEiEKgkThJVUm4Rq3xffPGF9u/f70ZkZdaq9qD03nRC6vRrfLhPP1VYikYVD/bo9eNTOjcgnbkQ0E+XjUApnIJfWGpgaWSsPSp2sj2saDTqjII5q1eylx8f1qmB7Flbm2q4vBRAwTTLglFBa8TojK5pD0vRaDy7cylZu16MzhT/+Cbjf+54jzQwoDdDq0z3XDHKJ3/Ka3aKa4/aR0bs5xDs0esnpb/PXn/FCKjrerMv79i8fQVTPfOe64rvfyWPqAKAAstLAazVL63TTzjT6cPhqKLR7O6l0gIF753L3iPX7nuKY18jvDSlf3xYpwYm1XvhrNre6dMl9ah3ckTDcUlafpxTCmB8WKfeksKKKhoP6oX/Pq5/ezqvRML4sE69FSgqxtZAULo2rYQ65V/+WuT6v3G96fRJ8bwRrqV6bQAUL522lLZSMs2M/jkWy21fWEjlvja1uOa+TCZdsC9tpZQmsQpgl3IlsXpvR47yw45kWTLzk/+GIUP2J7OGYeizzz/Xk08+qT07rvaWX23tUnzqtuTc5sSj0pnBwdyNmn3YYT0XHNF71xPqcm5Y349K4f5O2TezA5rsuaAr9h2U3jh/UWN5ScboZECvDw4uu5Ea15sDk+q9MGgfNz6sU1fHdPhRbrjGh3VupF1nBs+qU/aN37nhNl3pbV07RvtZK6p+XRnsdPZlk5/rxWjfQLb3D+q1Tmff+WG1rTdiqLVLf91zTefeGtPXtvA84yNTenlwUK84CYNzV3vs19VJ8P58vCuXOIiPXNNzFwZ1xe+UfBhu05XeTiXGLurSZI9eH+yS30lEvDG2dMNd8P0HgKq0Tr90e61+IvuuF9Vk4IKuDPqdZOVVjR22z1t677TP+/uxw/Z755p9zxrvpDp7gyAAACAASURBVPERnesbKdzmJBw7ewd1Rn26NBzSlV7pzYGowv12HzQuSdERTfYP6kqnk9y8uEaCNB6VnOPsROp1Jbqc2GNRBY9dKKoP8tt/LOi2JP/4ytfi0jvj6urt1CsXejSZ/yFhsa8NgJLKpEzJslT/O9PL9iwNIvEGv1h739OfFe6yDLtNANiFtj2xapqmPvvss40PBCqIYRiyLEuWadp1VrMjVy1LDx8+3IGJ1VWEQ6sk1fw6fCyo4WvOjVliWpPBHv11p6TEdb0XD+vls84tmr9LL4dH9NPrCXXZWUsFjx1e4wbOnlrY1dtpT2M8+2ihj8fsUbHZ+Dt7B3VFkhJja8d4WJKC6n3ROcvfpvbNxDgeUzTYo9dzF3tRvcHzen+8V53r3C/6u06q99p554a8uOcX7HnReW72SOPc67oiZknh405i26+u42END8Q03tuq6WtxhY+fdb4fzj7nhts+b7XvPwBUkcR1vRcP6rmTS+/5rw3a73Hj70QV7Lmw1E+82KPg+ZjGezudbWG9nP1UsDWgoCaX2o0vfYDV2Tuo15zN47GN2lxmg1Gbnb39CvcN6FRU9qyCzsJzv9aZf51rup7o0sruJKxncwGFFI6/ZR/nH9f70aCeu/AIY0YL+uuEpiellZ2QrejXBkBJZVKWPr5+0+0wAGBH2PbEaiqVUjq1NI2AxatQDfJLVmS/zm5J7cjaePYNUfDYxotJ+buOKzxi35gdvn5NOnbSvim8PaW4orrUt2wZ4fBtSeu126lXBvul7M2jtGLBjOKs81zWi/Hwem2uHWNielKKR1eMOgo6ZRXWlk10XtXY4eObeF5bU7BAWGtAQU1Juq3JuBQd6FPhKxHW7bJFAgDb7PaU4mrXyyveiu1+Ih49r1MFb91BTSe0fqKvs1dX+qVTee+fYadUy7ptbil/2amv9QQVHWnXmeV9YnvbUkJ2tQ/V1mjv2XDc+TBxWpPBY/pakXEl7A7W7tWXlcEJBtc8qwyvDYBiPO17To8/8bgymUxJ2qupqdHnn31ekrYAoNpse2I1u3pgNqFqaClBBVSjhfl5t0MovcR1vReX2o9v5u4me2M2Ll3T0kig1oCCCuvlVafAJzZs85XBQbvmasEU/CKfh6TVyhrkrBdjYvnUqE3G2NYuBY9trVZcZ6/OhPt06Z2YwsWeuxW3p5wbYHuka/j46q9x2ZYlScZ09fK0Xoh0q6Ng26imso9DJxTpzu5NKnb1skanVttX0LBiVy/rg6OndTLkrIQ7MarIUCzvmIC6T59UaOVCuQB2qtaAgrq2SvLO7ieCxy6svsjVRp8wOQtESU7d0IFhPTvYu36bW5EY09+PyFnwMFT4gePkUp1TJaa1zmDRwtBDYcXfuq5x5X0wuvmAdP1aXGo/bk/9f2dE8WX1uS+tet4GrzcqUjJ2VZc/OKrTJ0Na0XVOjCoyJJ3I789R4Sz5fPZ30rIsWZYlj8cjS5LllDyTM2NPkjzZ2XuWJcNZ1M1y7uWza1B8zqxUALvUti91+eDBA0lLFVpYvArVKvtHxNzcnMuRlFpCY1dHFM+bVriRzlBY8ZEBDbcfX1qkyX9YzwWj+ulYNok6rjf7+vTG2AZJ1cSY3ui7qNxh/ja1K6j2jQfPrhuforFcgjAxdlGnLo4pUY4YO0MKx0f08/H8Y/v05iazk529/QpHo0sjR/1taldc7113LjYeWzaqtDjxkXec1yGhsbeizhR/u6RD9K2xXMp7fLjPfo0e4VrrWp5AlSRNaPTyqNpORBSJRBSJnFAoNqSrsaS9d/SyRttOrLqvsOmfLCVfs9sS03YiNpJtm6QqsOv4D+u5YN77qfOe/+Z4th97p7Cf6Bve8IOlXH+SvURbuxQMyO4OttbmGlfS2NURqeekXjvbr3B0oLBfiV9Trpt4Z0Tx4DEd3tRno3afdWkkrva2ItOqY1c1HM8rmSM5CV5JiTH9dJ3OqrSvDYBiWZbU2NioxsZG1dXXq7a2Vg2NjdqzZ49qa2tVv2ePva+uTnW1tWpsbFS9s6+hoUENDQ2qra1VXX19rh1u6wHsVts+YnVmZkYSo1Sxc8zMzNif2BrGxgdXqBVTwIudet8ZUlhRKZR/jl9dZ/s12Zc31S/cby8Ysl66zt+l1/qndOp8n5wlshTsuaBX1rrfi+ZNx7ePtldJLoivV6/3XNS5vr5sIDrjLK6xZozrZRTXjdFepOON8306lb9v0y9ndqpn4eNzI06M4R71BpVf3a8owZ6A3u9zRhEFe/S68332d53Vmam+vBIGS69RqcsBJGNXdXl0SqFQSFP5g0jVoe5IpODxkZAUm05K8qmjO6LIGvuWTOiXo1IgsOya01MKtJFJBXayFX1ZsEevn82v67KyXwr2XLAXGtTyfiKo3gvrLDqYbXHFe6d9nt0dFNnmaotXSQr2/G967tr/oWH16PUuvyS/XukP69TARbVn+7twuyZz/c7S+/fGOvVsWIpG82qvrmVFfxvWmbwZH3adVOc5BHt0pieoS9eckbTOYpfD5/s02T+oV4p9bQCUmJW7H89kMkqlUqqrq5NpmkqlUjI8HtV4PEqn07IsS7V1dcpkMlpMpeStrZUsS+lUSjU1NfJ6vbk2AWA3MqwSDxmNx+MKBoOaf/hwxb5MJqN/+qd/yi0ERH1VVC3DKBh1/Qd/8Aeqr69f9xTTNNW4d2/ud6QU4vG4Dra1bXwgsI0++ugj7d23b839yYkJqaNDvk1MHZwYjWhIq035n9CofbLyd02MRvThkdNqeze/FIBdGmD6hcJjgUoxNzurZ555xu0wUKXsKfdbr0WeGLuoc1PHH6GW+c60Xl82MRrRu23Lys2826bT35B+UlDiZqn/OfJh8ees7LOypW661TY6qpgkBbqdNpxZIIFuZ7p+MceuJr/8TkChkBSbXioFMDEaUbbCTigUUixGKYBKtFb/8i8ffKCjv//7kqT5hQWl02k1NDTIzGS0sLiouto61XhrtLiwIMuytKehQalUSqlUyl6017K0sLiompqa3D3Qv/yX/6L/7ujRbX1+AJB1a3q6ZHmWfDdvbrzQ37aWAsjVV3VU7/g+7HpOjaGsZHLldGQAq/N1dKxxE7dMMqZ3Y1LoSOFt2sRoRJHIkGKBbj3fsez46WXb7B2anpJiQ5FcKYDVSggAwO5j10kNh0iqFqPjSEhTH3ysbE8y8WFMgaNPy+d7WkcDMX044exIfqwPpkI60rG1c9YyNTqtI9myOFOjuvwT6RuRiCKnuxWYGtUvJ7Z2bL5k7CcaVbdORyKKRF6QYnk1diZGNRQL6UQkokjktNqmY6s3goplWfagD9M0lU6llElntLiwoFQqJTOTUSq1qEUn4ZrJ2Puyx6UWF7W4mFImnVY6nZaZycgyTUr8Adi1tjWx+tAZxZodrWpJ9qhVoEplSwAkEmWrRAnsUna91anQiRUjdjq67eToibZRXb4ac25Sk4r95AMd/cYqI2+SCU1LCmVrt57ulkYva3SNm0kA2BUSY3qj77yG2/u3uDjkLtZxRKGpD/RxUpIm9GEsoKNP+yT59PTRgGJOljT58QeaCh2xR3Fu5Zw1BLqfd/b71BaQnaCVJJ9fy+cxFXPskqQ+/mBq6Vh16PnupRo7Ex/GpFyMPoVeCG30iqHCWJaVS6yaliXLMgu22wtVLX9sH2dZliw5j7NtkFgFsItta43Vz/JXCnTeeI1sghWoItl6qtnE6r179zQ7O6t960x/BrBZ9jT/WGi1EgBLOp7vVuDyB/o4GVIo+UuNtr2gyGpDYX0hnYyECh6/EBrV0IcT6u5g0iKA6tbZO6grWznR36XXBrtKHc4u0aEjoSm9+3FSoacTmg4c1fNO/+N7+qgCox9qortDmp7Km3VR/DnZmuS2kE5Eni/Ls1l5nSOanpLaXljqVH3+bBo2qcS0FDia1+H62hTQdFliQ7kszb7zGB5ZhqmamhpJ9n2Ox+OR11ujTCYtSfJ6vbnBUTU1NbIsSxnDKLgnAoDdatsSq5ZlKZ1Or9y+XQEAJZT748EwZJpmbtQqiVXgUdlJ1enu04qENigYkJzWlNr0gk+a+GVMisUUyZ+NOHVZkem1k7MsZgUA2KqOIyFNvfuxJvSBdPQbS7MlfE/raGBUH04ckWIhHene+jm+0ElFCgaDJtddW3OrVr1OQPogkZQ67CiTiWlJbZJ88rdJU/mLRyanNSVUk+xIVElKp1PKZEwtLi7KNE1lMhlJdqmAdDotS9LCwoIymYxdMsAp75dOp50ErNc5njt7ALvTtpUCWFxc1OzcnP0gf/o/n26hShl5C1hJ0szMjFKplGvxANUvqdhVe6TqyVWSqhOjEUVy8/eTir27NBUxWx4g4tR76w5Ige7TdlJ1YlSRyKgmlhrSUG4KJgAAW9BxRKGpUQ2NTqnNn9+fOFP7h4YUC7QVlqfZyjmusOOZGv2l03fapQGyOo6EpNi7ypYrn/iQGqvVJr/GaiaTkWlmlM5k7ORpxlTGNO3Hpikzt90+LpN33NL5pttPCQBcs20jVmdnZ5eSqPllAEisohrlT3txfo7n5+d1+/ZttbWtXbEKwDqSH+uDKUlTQ4UjT51Vizu6T6v76mVFInnb1ykVkNPRrciJUUVyJ9r1VjcaEAsAwNo6dCQkxWIrF5ryPX1UAU1JuRqlj3KOO3yhkzoxHdGQ0yGHQiHlZvt3dOt091VdvhzRqKRAKKTAmi2hEuWPWPV4PDItSzUej0xJhpGRxzBU4/Eo49zz5Kb/ZzLyeGokWTKMwvJo3NcD2K0Mq8TvgPF4XMFgUPPOQlW57RMTmr51y7mqITm1KXkDRjVaXk8o+7Pc2tqqZ555Jrc/n2maaty7N/c7UgrxeFwHSeSiwnz00UfaS1kMYNPmZmf1zDPPuB0GgDyb6cuSsau6PP3CKiVnJjQaeVdtp0+u+BBvK+cAW7VW/xJ7P6b/8B/+G0nONH/TVH19vUzTVCqVktfrVU1NjVKLi7Ik1dfVKZ1OK53JqK6uTrKkxdSiampq7MeS/vU3/6rQsyxkBsAdt6anS5ZnyXfz5s0Nj9mWUgCWZWn2/v1csskQo1VR3ezVMB32x7WSpDt37tijswEAALCD2dPjQ8uHnkrSxIeKBY5qZcWZrZwDlJ5lmTItS6Zl5UoApFIppVMpmZmM0um0UqlUbtp/KpXKHZdOpZRKp3IlAsxMRpZTVgAAdqNtKQVgmqZmZ2fl8XhyU6cpB4Cql/0Zlp1oNTweWaapu3fvav/+/e7GBgAAgPJIxnT18qimQicUWZYjnRiNaCgWUPfp7sIp/Vs5BygTy5Ks/ESoZdn3NHn35oachabz7t+z9/KGZdltONu4mwewm21LYvXevXuSlPsUK/9NnKQqql32Zzj7/8zMjNra2nIrZAIAAGAH8YV0MrL6lOeO7ogi3SU6Bygj07l38RgeWYZl1041TRkejzwejzyeGnmMjCzDsAdIeTzymKY8Ho9kSR5Pxh4kJbEgNYBdbVsyPzMzM9txGaAizM7OKpVOk1gFAAAAUHEsy1Jdba0kqdbrlWVZdvJUUp1Za5fwMwx5a+37GY9hyHKOMzx2NcHautpcib9smwCwG5U982NZlubm5sp9GaCiPHzwQA179rgdBuAKr9crMzuiAcC6TNPkgzigAtGXodpZlrVu//KrX324jdEAwM5V9r/k5+fnNffgQbkvA1SUBw8eqKWlxe0wAFc0NTUpmUyqrr6eG1JgHaZpanFhQU1NTW6HAmAZ+jJUM8uytLCwIN8a/csf/Q9/tM0RAcDOVfbE6r179woLYwO7wNyDB/ZUGWdqDLCbZD9UuHv3rtLptMvRAJXL6/XK5/PxQRxQgejLUM1y/Utzs9uhAMCOV/bEKmUAsBvduXNHmUyG6Z3YtVpaWkgWAQCqGn0ZAADYSFnntZimqfn5+XJeAqhMzvQbAAAAAAAA7ExlTaym02ndu3evnJcAKtbi4qLbIQAAAAAAAKBMyppYXVhYkGVZ5bwEULEYsQoAAAAAALBzlTWx+uDBA0liAR/sLs7PO/WFAQAAAAAAdq6yJlaz9VUZtYpdxfl5/+KLL/jZBwAAAAAA2KHKllg1WbwHu5xlWcpkMm6HAQAAAAAAgDIoW2I1lUrpzp075WoeqGjZ8hepVMrlSAAAAAAAAFAOZUusLuYtXEWNVexW6XTa7RAAAAAAAABQBmVLrObKAJBUxS42OzvrdggAAAAAAAAog7IlVnMJJcsSy/dgVzGM3M/8vfv3XQ0FAAAAAAAA5VG2xOr09PTSA1ZGxy41x4hVAAAAAACAHalsiVXLsqitit3JsnIfJizk1RoGAAAAAADAzlG2xCqwqxlG7oMFFrACAAAAAADYecqeWGXUKnalvFGq8/PzLgYCAAAAAACAcvCWs3EmQAN2YnX//v1uhwFsq5mZGSWTSUZsA+vwer3y+Xxqbm52OxQAq6AvAzbm9Xrla25Ws8/ndigA4IqyJlYNifqS2H2cUdrZn/zKH7Ga0NjF8xqOL20J9w/qlc78Y8b1Zt+AornHQfVeOKsuv7N3uE+XomGdGexV/mmJsYs6N3VcV3oLGtvyOVs2PqxTA1pxLZTHzMyMZmZmVFdfr/o9e9wOB6hYpmlqZmZGkkiuPrKN+jK7H5OzjX4LG6EvAzbHsiwlk0lJIrkKYFcqaykAy7JySSZg18guXuV8qJBKpVwOaD3OjWh7v64MDjr/+qWBPr05nj3Gvhmd7LmwdMyFY3rv/EWNJfLbiuqnhRs2YSvnoNIlk0nV1dfL46GMN7Aej8ejuvr63A0ptmozfdlq6LewNvoyYHMMw1BdXZ2SzgeFALDb8JcCUAZG3uJVCwsLLkezntuajEvhUP54mE59rSeoaMy5G01Ma1JBPXfYv3SIv0svh+N673rezWUwKI1cVVH3m1s5BxUvnU5zIwpsksfjYZrxI9tEX7Ya+i2sg74M2DzDMOjLAOxaZftrgUWrANvdu3dlmqbbYayhVe1Brbjx9HedXZrS6G9Tu5YlUSV19g7qta68ZGv7cb0cjmv46pg2fb+50TnjwzrVN6xcdIkxvdHnjJTNfj02rFN9fTrV16c3xhJKjF0seJxvOm9f4Simcb3pbC/cl9DYxT69OexcY3jdoU8AAFdsoi9bDf0WAAAAHhEfwwJlZllWBX+C61fXyR4FowNr3tRJnXqlP6z4yPk1bu7yjuztVzg+op8XcR+3lXOWxDU8FbKnfTox/r1O6srgoF7vCSo+8s7Sza2iGp46njs2OpAtZZDQ2MW8UgcXejQ5UFjmIDoZ0OuDg6WtnwcAKJHN9GWro98CAADAoyhbYtWyLHs6dLkuAFSw7KJt2ZHblZtYleTv0mtOTTr7pu78yuRpZ2+ubt2ZsBQd6NOpvuU1VqVsEjY6kDdaZ0NbOScrqN4XnZvG1oCCeSUL/G3tax/b+aJ6g84o3MR1vRcP6+Xs6NtVyhwEjx2WXwCAirWZvmxV9FsAAADYOm85G7ckEqvYvQyjYAGrPVWwoqy/66yudDkrHA8M69lVViPu7B3UlV5ndeSrYzp8tmvZAS+qN3hel4ZDej2wyQtv5Zyitastd5fpV+7+9faU4orqUl+08PDwbUmt5QoGAFAmm+nLCtBvAQAAYIvKmliVZcmi1ip2I8OQZZq5Eavz8/Pav3+/y0GtYnxYp94K6PWzXQUjW/JHzSTGLurc1PEV0wlbA0FpcrVG7SmZ751/Sz8PbzaQrZzzKBKanpQUkDNiKKyXV73xZnUSAKh4m+jL1ke/BQAAgK0peSkAFq0CHIaRKwkwPz+ft7mCfkc6QwrHR3SuYHGLhMbeikrhkDol+Q8fUzA6sKxe3bh+PhJfe6qhv0t/3SNFo/HNx7LaOa0BBRXV+054ievXVESLy0T10+xzGH9Hw3Fn+qX/sJ4L5u1zFgTZbH0+AIDLNtGXbYh+CwAAAFtQ8hGrjY2NKzfmTYkGdqNEIiG/36/GvXtX/x1xTadeGbyg9ovndapvaWuw54Ku5NVue22wTW/2ndepkaVjwv2Dem2du1V/13GFRwYUXfuQjc/xd+nl8IguDfQpKinY06OwrhXRYr6wntNVneqL5+K3n6JfXWf7NZn//ML9zvPnJhUAKt8m+rJNoN8CAABAsQzLKm3GM5PJ6M6dO3r48KEymUwpmwaqWk1NjRoaGtTU1KS6urqStBmPx3Wwra0kbQGl8tFHH2nvvn1uhwFUjbnZWT3zzDNuhwEgD30ZUBz6MgBuujU9rWAwWPJ2b968ueExJR+xWlNTo8cee6zUzQIAAAAAAABAxSh5jVUAAAAAAAAA2OlIrAIAAAAAAABAkUisAgAAAAAAAECRSKwCAAAAAAAAQJFIrAIAAAAAAABAkUisAgAAAAAAAECRSKwCAAAAAAAAQJFIrAIAAAAAAABAkUisAgAAAAAAAECRSKwCAAAAAAAAQJFIrAIASsrr9co0TbfDAKqCaZryer1uhwFgGfoyYPMsy6IvA7BrkVgFAJRUU1OTFhcWuCEFNmCaphYXFnTgwAG3QwGwDH0ZsDmWZWlhYUFNTU1uhwIAruBjJQBASbW0tEiS7t69q3Q67XI0QOXyer3y+Xy53xkAlYO+DNicXF/W3Ox2KADgChKrAICSa2lpIVkEAKhq9GUAAGAjlAIAAAAAAAAAgCKRWAUAAAAAAACAIpFYBQAAAAAAAIAikVgFAAAAAAAAgCKVfPEqczahhej/pcyn/6+sBzOlbh47lGWtsm3FMdYG+zd3rlWwfeN4NnNu4fbVj/fsbVF98I/U/B//V9Xs969+YQAAAAAAAFSFkidWF37xfyo9/m6pmwWqnjl3Rw9+9baUScv/P73udjgAAAAAAAB4BCUvBZCOXyt1k8CO8vDf3nM7BAAAAAAAADyi0tdYXZwreZPATmIt8DsCAAAAAABQ7Vi8CgAAAAAAAACKRGIVAAAAAAAAAIpEYhUAAAAAAAAAiuTdzovdTdXo//l3n67fa9C9VM12XhrYFvu8GXXue6D/8eBt7fdm3A4HAAAAAAAAZbKtidX/+9NmvX9n73ZeEthWs+ka/XNyvzKWof/lS5+5HQ4AAAAAAADKZFtLAVxP7tnOywGuGb/f4HYIAAAAAAAAKKNtTaw+MJn+j93hIT/rAAAAAAAAOxqLVwEAAAAAAABAkba1xiqAynJretrtEAAAAAAAwC53sK3N7RC2hMQqsItV6xsXAAAAAACA2ygFAAAAAAAAAABFqqARq6/quz/q0qHlm+d+raG//I5+5kZIRfqbgR/qqxrTn/Z/b9me7X1uS3FM6G+//+fqmPhH/cV33i7xVQAAAAAAAIDdq+JGrN74xZ/pT7+Z/fePuq6v6MTAq26HVRKrPrfvf1tf38S5X//2P+jHmzwWAAAAAAAAQHlVXGK10Nv6u/dvSIee1t+4HUrJva2/+8sx3dj7Ff1xifPG/6n/z1YZNQsAAAAAAACgVCqoFMAmvfRt/eDEV7RXkjSn60N/pb97O7u9Sckbh3TokD069Fu6pB9/NTsBP+/YDdt5Sskb0qFD9l7dyJ/e/5L+9vt/rsN7swHd0C++eUb/aUtPZkLJuS51PPaSJDuwvxn4oXIhZ6/76iWdOLxXcka46i+/o5+tE0d+KYACr67zegAAAAAAAADYtAofsfqS/vbZQ9KNj53E5av67omvKJmdUv+LpA6fuJQ3mvWQfMl/1J9+88/0re+9qu9+1afrQ3nH/kl2Kn1hO0PXtaydvTqkmH3e0K81d6hL33VGlX7929/Q4eTY0nT+uUN69tsvbfH5va0vktJeX4fT9j/oq75fayjbtq9LP/j2S9L3zmjo+lxBTdbi41jv9QAAAAAAAABQjIobsXroqz/Uj7+at2Hu1xrKjhZ99Wkdmvu1hrKDR7/3rq4/++d65lVJE5I0p4n384dg7tXhP35Vevt70vfO6E+z5736tA7phn7hPP7Zd2L64x91FbRz/T87O9/+QskTSy3+7Dt/lbfYVId8e1UiL+nZjr268X52Mau39Xfvv6AfP/usvq6Vw0q3FscarwcAAAAAAACAolRcYvXGL/5M31oj4ff1x3zS3kM68aMfKi/XqbnHXnISovm+p299U/ruj7r04x91OY3bU+u//phPmvt05SmbsWw6/dzcVhrJekmP+aS5iQllk6MrEsuSOrTK0ys6jrVfDwAAAAAAAADFqbjE6np+9kVSJ+Y+zU2HL/DSs6uc8T1965tO4vClb+sHJ7r03Ve/p299kdSJw03qKDoCuzTB3PV/1F98521l660W385SzB17peQXdlvJuS7p/dUTy4VT9rcaxxqvB7lVAAAAAAAAoCgVXmN1me99rBt7v6I/duqd6qVv6wc/+mGu/mmBl76tH/zoH/S32bKjb3+hpOaUnHDa0SF76r+kr387pEO6oY82mWDM1kTVqy/kLR5VrJf0t3/yFe2d+7XsqgNv6/2JOR16dqnu6d8M/FA//v7adVCLimO91wMAAAAAAABAUapqxKr0PX1r6DH94MTSdPm56/9oj7hcvm7T29/RX3Rc0o9P/FA/PpF37NurtTOn60NnnAWy1uPUPf2qM53+xph+ceOQvurb3JjVFdP8l03F/9l3/kodAz/MK3VwQ7/4pjM69/1P9SeHv6ITP7qkjm+eKT6OdV8PAAAAAAAAAMUwLMuyStng/UvH1tz3V//0VCkvBVS0gd/7Ny3/5cr+tn3pf3+/JNeIx+M62NZWkrYAAAAAAACqza3paQWDwZK3e/PmzQ2Pqa5SAAAAAAAAAABQAUisAgAAAAAAAECRSKwCAAAAAAAAQJFIrAIAAAAAAABAkUisAgAAAAAAAECRvNt5sUZPRg/Mmu28JOCKBk/G7RAAANglxvVm34CiCuvMYK86C3YN69RAVAr26PWzXfIX2/Jwny6pX1d6Ozc+OCsxpjfOX9NzF86q+SBtKwAAIABJREFUa7ULZmPK2mJsKL/Z2VnNzs7KNE23QwEqVo3Ho7379mnfvn1uhwIArtjWxOph37zev7N3Oy8JuKJz/0O3QwAAYBcJKhiM6v3xXnXm5UDHY9G1TynSlpKsKxvRqYFJ9V4YzCVdE2MXde6icsnVYq5TkpiwqtnZWc3Ozam2tlYyDLfDAYqynT+xlmVpbm5OkkiuAtiVtrUUwP/81IyOtc7qQC2j+bAz7fNm9Ie++zr+ZMLtUAAA2FXa24OKxsbztiQ0PRlUOBzccpudvYMlTVompiel4DEdzhue6u86rnD8mq7zp0NFmZ2dVa3XS1IV2IBh/P/t3V9M1Fm+7/13/YOSPy0K7aAD01SfMsy0zBk3G85+6EyKGPuRSTSm7exHg/ZF9xm3XHhj5MZRJ+Gi7fYGw40XuN3P9EUjsZ/JODF0svUZYyD7NMmBzXFOa+9N5LHowCit/OtGFKk/v+fi96uiqiigUIQCPq+ExFpr/dZav2ran/Wttb7LhtPpZPLp05WeiojIiljWFasbXSGO/peR5RxSVgnDSFI2q42xQH1q1xpx5QvPJ5Vr48vn6DStDdN+/gwt/pkSz+Fz/C7pHsZX1NvCsQvM3q4pIiLyCoorqvBc6Kb3SKn5fBm+x9dU8UFRJx0DMQ0TtuJHn3fD7Xx2ZpBiXwcdHeA72Uxlt7ki9NOiazR2AFzgWGSF6HA7n525QvTR6Vt45WhBYTH4O7k3XB2TJqCUD5tPAebq1VTHmdW2ojv++ZqQkqC3pc5qj9IPpCAcDiuoKpIim81GSCkzRGSd0uFVIuteL1/UnaGl+CSXmputn5MUXznDsZbehS8XERFJB/k7eNfTQZf16Bq+1wlVO8iPa9TLF9ZW/EvNzVw66cN/5QYzT7sOBorOcam5mQ9jYqQF1aeo9xETPB2m/fIVik9a/Zw7jKfjGu0LrTotPUK9z0/LmTqO1dVxrK6F2CftYsaZ3XYevS00DhzmU+s5X198hX9ecLIiIiIispBlXbEqIumnt+UCHZ7DfBr3oayUD0/66Ihd+SPyEgKBAN9//z3TgQDBQACny0VGRgaFP/kJTufaeQStl/sUSW8F7Kjy8PXQMJTCvU4/xQcKYCi2zczqULC25lMcU+/h3R2prOMsoPpU88zLkUH8wLspXGmmF4DIoVuNdfMdrvXy48ziv8K/9lbzYak5h9+9TB8iIiIiEkef9kTWtV66OsB3MsmHudIjXGqOb2ueumzynYys5jHTCHxd7IOODmurYvzJzLHbD30+X/w4cVscPRyJnKKcZEvmh4rwrio//Pgj33//PVu2bCEzM5PMzExevHjBixcv+P8ePKCwsJCNb7yR5MolOuF7oZO5l8hL32fi9t6omP8PXrdleo9ElktBYTH+a/cY3gFf+318UEpCYDU+9Y3H8/L5V+O31ntYfE+lfNjczIfW33n/3L4jaQqeVx8H85l+Eo5dqEvyHBcRERGRl6XAqsh6NjzEAB7ezV+wIe3nLzBw+ByXonnoztMeE4zxd0B9czOl1ofWxpYKc2tibwuNHZEAmVkHkeBqL1+cMbc4/q4UM2h2poXCaDAtsiVTEZ/V5ocff2R0dBSv10soFOLFixf8+OOPOJ1OsrOz2b59O/39/QBzBFdf/wnfSyH2PmNFAqxvvPHGgve5bEFUkfWgtAKf/xr/egP8vgOYm+lj9N6gxR/zpY2V93vRhtv5U0fil4GdC11E+/kzDBxIDGjmU+yBgaSXvMw4cyg9wqXmI1a35zl9oYVK5TtfIo/par1FH15211ayJa6qi9ZbfZBfyf49XrJfeaguWm8xe5wU58juWioXd6GIiIjMQzlWRSROb0sk75v580Uv5gEgfh8fRKI/BdV84PPzdcwRxp7DNdaHswIKY3ZV9nZ3gK8iWld9wBdbSYfnML+JfKorreFITH681LdkSjqJbIt/6623ePbsGX6/n8HBQYaGhhgcHMTv9/Ps2TNKSkr4/vvvCQQCSft5HSd8L6XY+5zPQvcpIkuplEqfn44OP76KuUKGAwwNAwzTfu1VvqzxM2Cdydp7I9nq80RmqoKOC+fjc7H23qDFP9/zLsVx8ovwEJ9jNtJ2uP08x863R4PMBYXF4Cliwe9VZRHyyc/v47vH8aWPv+tbmemIiIjIstCKVZH1rKCQ4sgHNuvzXGLuN8DK6dZh5oGL5RuBeT+WDTM0AJ6qmDb5RXgYNGuHBsDfwem6K3FXeYaG5+9W0lpkW3woFOLhw4fmycoxwuEwDx8+xOPxsGXLFp4MD7Nt69ZZ/bzyCd+zzJXO4tXuMxXz3ee85k2V0cm7h4tpuWLekefwOf6Jy5y+4o++jr4PK/QeiayE0gofdEBlst/d0hqOeM7QcqaOFjwcOXkYz4VOrLSsC/d74QLHBsxUJB/4rtBoba33nTyJr+OC+Tyd5/lVUH2KS4UtHDtTR0u01Ed986no+CmPUzB/W8/hw/jojI5bP1gX87z1cOTckfnTqciibdqUT993j6mMPhsm+XEsH68X+saWaJAtldTWLlFfInP45ptvKC0tJSMjI658enqa3t5efvnLX67QzERE0o8CqyLrWimVPmi81s5v5stXmV+EBx8fJN0yON+pwubqVf9gTOTWOngDIitmqpLnytRhxavW9PR0NM9oYlA1IhwO8+LFCzIyMhgbHU3eUf4O3vVciaYDME/4Pko+sdtgZ074ri7ACiDeoLc68Xd14XQWL3ufqZj7Pv1WgGfGTDBzoVQZfloGD5hbe3tbOHbhDP982EydMdx+ntNXIu/Dyr1HIssj/kCqxBzhBdWnuFQdfUX1qWaqY66ubo68quZ3zbE11peNcf0emek3+kWkpTky6Ox+EjqN62eh+rnHSaFtdXVM04Q6WXKb3nqb/Fvf8bhyi7lNf/IRD3ibnZsexAdWI+kBLPmV+9njzYbJPm5eH2OTt4++PvDuruWt71q5gxf6+hjJr2T/zjGux6QCmOy7yfWukUhH8ekGYsfxeolPWiOS3DfffMPdu3cZHBxk9+7d0eDq9PQ0t27dYnx8HEDBVRERi1IBiKxzpUdO4vNf4XRL/Jbr9vMzq9Yo2MG7ng7+FN272MsXdXV81r5w9NNcOXQtuu0xLkdmaQU+/xX+NTL0cDufRdIPyKoVDAbJzMxccOt7IBDA7XbP087cNjswNAwMmyd8FyZG+MyASiTwZ57wnUQK6SwWK3KfqZj7Pj0cOdfMpeaZn+gK0RRSZRypsSrzi/DEpM4oiM3HsYLvkYjIupK9lbdj0gFMPnoAb29NyKv6mK5bY1Tur6W2tpba3V5Gur5lJoNAH2Ob9lNbO5MLdaQPdtbWUpuYo/VxF9e7NrG71uxr96Yurnc9jhmnD+9us27/pjGUlEBSUVpaSl5eHuPj49y6dYvp6em4oGpeXh6lpdrOIiISoRWrIuueeSpxZUsdx+piij2H+bQ5spK0gOpTJxmoO8OxyC5C30lzVdtCS0tLj/Dp4fOctlbleXy+mBONS/nw3GE+O1PHseiw58zAkmI5q5bT6eTFixe4XK5527lcLqampuZtt2QnfM+bzuLllmNG7jOV4OpC95nM0qXKWLn3SERkfclm69v5PPhxErbAowcjbNqZDT/GttlCZe2e6KvJH8eATTH1+by9NeGIK+9bSQ+qevxdH/mV+6N1W96pJP+6tWL28XfmYVpWZbZ3J96uW698h7L2ZWRksHv37mgg9dYt8/cmElSNXcUqIiIKrIqIZeEtgmYA9sNZ5bO3VcZtnSRxGyZwJK4y+ZbJucol7bndbl68eEF2djZ2uz1pOgC73U5mZiYTExPz/+N8qU74njedxcuJ3GeqgdXFfghZslQZK/geiYisN9lvbGLkziMmt8KDES87t5AQWJ2k7+Z1orv38182qfwkP47BSN91Wrtiy/P5cRKyfxyD/LdjVrhmsykflirVq6xticFVQEFVEZE5KBWAiIgsqS1btvD4++9xOBxs27YNuz3+UWO329m2bRsOh4PhJ0/4yU9+Mk9vS3TC9yuks5hL5D5TsfB9JrGkqTJW5j0SEVl3tryFd+QB3377gJFkK00ff0vXiDe6fX/Pzk3JeklBNm9sMvOz1lp9mT978GabAV5GxpiMtp9kbORlb0rWo0hwNS8vT0FVEZF5aMWqiIgsKafTyU8KC+nv76ekpASPx8OLFy8IBAK4XC4yMzNxOBz4/X4Kt27F6Zz/UbQ0J3zPl85iae5zLqne52xLlCpjBd8jEZH1ZwtveUe41Qfe3ck28AOM8eMkbMmepO9OH7zksVJb3vIycutbHntjD7LaZB5steUtvNziTt875sFYj7/j5UeS9SoSXI38WUREZrMZhmEsZYcTjVWv2MNZsur34oi+7ifQWMvUK/a6HFwHb+Iuzp1VHrpbxbMbSzxYTSu5ZZjvTeyfl3iY5ZLstzCxKPFXdXZ9atcaceULzyeVa+PLk7ePveZnv+9iKfj9frYWFi5JXyJL7Ycff+Tx99/z5pYtZGRk4Ha7mZqaYmpqiuEnTyjcupU3cmf/nbnarJf7FBFZTx4+fEim251i68d0td5h035ztSiPu2i9hRngxAp4Pnib/Xu8ZMelAsincvfbPLj1gLf378FLHzevW3+29vA/7mrlFrupjZxklazvSF4B8qmMuZbJPm5e78IcyouXPtg5cyiWrF22FRhzamqKbdu2rcDIIiLwaGho7rMkXsHDhw8XbJNegdXyi+TsKoeBJp5+eRWIBCtHXj1oWH6RnF3bCd3ew/Oel+/G/XEnLr5i4g+fzKpzHbyJ+837TF08TvTs55pWcstKUgyumkFlUmmrwKoCqyiwKukvEAjw5MmTuBWrGZmZ/GTLlpdYwZm+1st9ioisF4sLrIqkFwVWRWS9WcnAalp92nP/qhzb6FdMWEFVgMCX/4Lz+AmcBw9BTPmqcaOWqY03cXsv4roRE3Bdgn4nlnoVrIjIEnO5XOviH9nr5T5FRERERERkRhoFVs9i3wyhu4krQa/y/GJ8QDVuy/1UT3SFqLmatJ/Q5hIrlcAEwdt7eN5zlqxd5dgA566bbMBcter+uBPX5kivkbbWS2v1rC2mLui9abXfS+7HJF21mkzghxHcxZtxgBlYTdL3855DbDhupUAo6yQLa9WqteI1wois5p1zleohNhw/gTPyBfto8tW1IiIiIiIiIiIi8vLsCzdZJuVbsTOB8WSBdjWtVmqAKiYamwhSjvvjszP1m/Mxblcx0VhFYDQXZ9VFXHzCs9s9GLHB05pWXFk9TDXGtP1VpB8zEBu+a9ZN3B3BuasVx5d7CIyy+GDlk1EM8rGVz923m6s8v/gVIWJzsp4lqyyf4O1I235sxe8z36Yk18Hf4nz2ldm+sYlg1l6yalKfqoiIiIiIiIiIiCwsjVaspsa9rQRGv7JWaV7led/75JbtmAk2jnZEV52GJidwZc3RUdxW+kPYsoBn1suaHTjoJ3BjdttXzrRUswPHVA9T0b7/TNB7AnsNMGtr/yc8a5x55dqYD4wkNppts48N5fC8Z/ZqXxEREREREREREXl16RNY7XlEeFc5tjfna2QGQI0n9199vITt+EbMfnrXxnyYuk/o1UcxvbkZGyMYPeA6mA/uEtz1nXFBWmPjoSQXxm/rN6YmFhwq8OUeOHgT965OcnfBrBQHIiIiIiIyL7vdbp46aluJY4BEVhfDMHDY02czrIjIckqfwCqfEB7di2vbWSB+m72ZO9Xcfm88O4Ete/srjxY9KMva0m+OYZqVE/VVx9pWAlM9hCJ9v3k/mhc23tn4lzXv43T3z+RRtfKqLiTw5Z5o3+6PO3FVXcTVs4QHZ4mIiIiIrGE5OTk8nZzE5XQquCoyD8MwCAQC5GRnr/RURERWRBoFVmHqrz04d+0l5+B984AmMHOhbp4geNsMgE497Mdlbf2f4hAbvDOpARa9TT9rKy4gUH4R52Zg1Cq/cY9Q2d6Z7fnlF8nZtZ3Q7T0Yix2jphXXZgjdtQKbVt+uGsxUA9bK2XA0r2oiKzdrj3Wv9M87XGwQGqx0CDxSUFVEREREJEU5OTkYwOTTp4TD4ZWejkjactjt5OTkkJOTs9JTERFZEWkVWKXnOE97zpJVf4Lc+hNWYT+Bxj1Ed+rfqGVq403c9dYK06keplI5SKqng1BVOc5dnWS9WcWzv/bg3FVubsmf6iEwMIHrTSvQyic8u72VnF2d0RWiobtV5nb6N/txle0l9/jW5KtO3eUJ2/wnCN6uitmKP7tvY6DJCqpaq3bLOsnZ2MTTL838q85dneTumiB4twejbLt1CFZyU39ownb8BLn1e2Pev0UctCUiIiIiIuTm5JCrYJGIiIjMw2YYxqIXYc5norFqKbuTdSLZb2FiUeKv6uz61K414soXnk8q18aXJ28fe83Pft+VfOBF8vv9bC0sXJK+RERERERERERWm0dDQ3g8niXv9+HDhwu2UYZpERERERERERERkUVSYFVERERERERERERkkRRYFREREREREREREVkkBVZFREREREREREREFkmBVREREREREREREZFFUmBVREREREREREREZJGWN7BqUxxX1geb3bHSUxARERERERERkddoeSOdriwFnGTNczicZGzIXulpiIiIiIiIiIjIa+Rc1tGCzwln5oIzE2wKsMr8bAu8TkfhcIjg9BTTT8dXeioiIiIiIiIiIvIaLW9gNRzC9lwBJ5nNMJKUzWpjLFCf2rVGXPnC80nl2vjyOToVEREREREREZE1Q0lPRURERERERERERBZJgVURERERERERERGRRVJgVURERERERERERGSRljfHqoiIiIiIyCowNjbG+Pg4wWBwpacisihOp5O8vDw2bdo0b7tv/vc32GwzZ0f88r/+MlrX+5+9BALTSeu++d/fxPUTWycist4osCqyrvXyRd0FOnwnuXSkNKZ8mPbzZxg40MyHpXNenIR53ddV5/hddcESz9XS28KxC1DffITS2D+/ntHkJT19+pSnT58SDodXeioiactut5OTk0NOTs5KT2WVs55licWew3x6qprX9DRK0czcPIfjn43D7ec5fcWf0N7DkXOnMJst4pk63M5nZzp5N3qtvKqxsTHGxsbIyMwk0+1e6emILEo4HGZsbAxg3uCqYYTZWf732ICef//3WX28s2MHGRkZs+oMI0z53/89JLlORGS9UWBVRKDjGu01L/dhbLj9PKc7q1b8w2u6zEOsoOrkJC6XC2y2lZ6OSPoyDJ5OTgIouLoEfCdjvww0g5Knz5PSc+F1PUOG26/RMV+AN6FuuP08p8+0UJjCF4Z67r1e4+PjZGRmYrcrc5qsPna7nYzMTMbHx5MGVv/fu/83AAWhvyMwPQ1AKBSOlgNsCrxDIBDAZrPNqisI/R3TSa77P8v++2u7JxGRdKV/KYgIHg+0XG5n+JV7KqD6VPPrW62aqPQIl7RaNe08ffoUl9OpoKrIQmw2XE4nT58+XemZrEEFVJ86ic9/hX/tXeGpFBemHPgs2FGFhwGGhmHZn6kSJxgMKqgqq5rdbp8zjUU4aFD005/G7SwKh8Ns21YY/bGFXLhcLgzDmFWXeF3RT39KOGi89nsSEUlHWrEqIhQfOEDxhQv8c/uOOT/A9bbU0RjdZ2ltVRxpsbYx+q1VQTu4F7dtMX575sxqImt7Y7EPOjowN0L64rb0Jx0vcWqRVAAnoTF2HgcGOX2tKGYVTy9f1F2jWFskl0U4HFZQVSRVNptSZrw2+RR74OuhYSi1ngYpPcvMZ0dc21kpc2Ilf9bNbPW/wLEOX0ppa4bvdeL3VPFPiakAdtzjszODFPs66OgA3//lo+P/iZnzUauDey0cu9KRwpxFZD0LBg2CRoBwOMS/d3dHy1+8CET/HGZ6zrpQKBhXFzQCBBVYFZF1SoFVEQFK+fCkj2MXbtBbneSDX28LjQOH+bQ55sPmjV6qjxzh08MDMVsRY9e8DtN+/gIDh89xqbrACoKejwtu+jugvrmZUuvDY2NLhfkhcM7x5viAWJo4j158/mvcG642x+rtpsNTxacKqoqIrCMFFBaDf3AEKFjEs8wMis60NZ9Rn7Uny3U6z7Ou+hSfssB2ff8VTtddiSnwUd8819b+DgaKznGp2az9jStmzsPtgJ+WwQNcaj5i5Vy9wBcVi82VLiLrQSgQBsMg878MJdTMfDHu9DyZu877fXyVYTP7FBFZhxRYFRFT6RHqfXVWcDN/Vt2lU5EXwwwNAMUL9Dd8j6/9Ht49an08LK3hiOcMX98bprraLPIcrrGCuOaH31caL37CVPr8/OneMNXVBfR2d+CpOqccdCIi61nKz5Zh7nX68R04ZT03Cqg+4KPl2j2GqxOCnvM+61J46iTmX+1t4Vjd+eS7NPDw7o75+vRwpMaKohYULu6xKSLrSihg0Hfv4UpPQ0RkTVBgVUSiSmsO4zlzgS8qzsV/IBtu57MzV6wt+x48nhQ6GxnETzEfvEw082XGS1Ba4cN/7R7D1TsYGvDwbo3CqiIi64sZPPVUWV8WpvxsGWHADx0X6qLb+00+rLWvMU1f4VmXTJIvIUVElpo37122/GQLoVBoSfpzOBw8/v7xkvQlIrLaKLAqIjMKqvmnw52cvnYDX0xx740r+GNytfW21NG4UF/5RXjoJCa1XcpearxEpRVmOoBe+JpIvjpJZ5N9N7neBZX79+DNXpYBuXn9AW8v13gisryG7/G1H4oPWPlVU362mLlZfQdS2Eb/Cs86WSPGu7ncNMR7DfsomSmk+3ITbYPmq6J9JzhakTerfEYR+04cpSIPxrsv0xTXoIKP4vpOOgm6Lzcx9F4D+2IaxvY1M4eXuZ9+2ho+pzumWcr9SZoyyMsz//sZhoFhGNjtdgzACIex2Wxgs2EYZt5Uu/VnwzCwWYe6GYaBDcy2wOPvv082kIjImpdGgdWzZNXvxZGsaqqHqYvHCSSrWyfcH3fi2jzzOnS3imc3Vm4+snYVVB/lSOcZWvzEBVcZGGKYUgqG2/lTBwmVyTrawbueKzPbIXtv0OL3cORoAcTlYp3DYsebxUwH0HjBD76TSgOQ9iZ59AC8XnjwaBKvIp0i8kqGab98Bb/nMP8UGxxN6dlSwI4qDy3X2vlN7EFWA4dn50qd91n3Ehb7rJSVNd7N5aY2BqmIK+5va6KNfZxoqCAvEkwtaGBfSR4VRxviWve3NfA57xGJUY4PDS4yaDkTrI2bxXg3f2yDfScaqKCby01/pNt7lHm7neN+GB9mKKUAr6wWhgFZWVkABIJBwqEQGZmZhMNhgoEADqcTh8NBIBAAwyAjI4NgKEQoGMSVkWFeFwhgt9txOZ3RPkVE1qM0CqyaFDBMdIgNx0/gpIepRiu4XH6RnF2dZPHq75X7405cfMXEHz556T5cB2/ifvP+ug9+rx1WLrkLMxsgzRQB1gEbnsPUH/bQ2Gl9ON1RhefKFU7XDVLfXBPfz6mTDNSd4Zh1LofvZHOSnHGzzTveXLOOm4d5AFdphQ86OvBV6OSOtPf4W7p4m/1vjXH91rc89lay5XWPme1lT633dY8i68w333zDz0tLox88IwLT0/T29lL2y1+u0MzWvllb92NWp8JinmVHKK0+Rf1gXczBUnMdKvXyzzogyeFVqV8fN+dzRSkOKEslshq0oqKCwdilnPRztxsqPqrAjGHmUfFeBQ13+9lXkhCW7G/j8+4KPmqIlI8zPASFZSkGVSOB0IoKKuInwXjfHQaLdvKPeQAVvFfRxl/6xqmYI7I69/0A40MMFhWi9alriUEkDhoKhQgEAmRkZBAOhwkEAtjsdhx2O8FgEMMwcGVkEAqFmA4EcLpcYBhmANbhwOl0RvsUEVmPbIaxtN8tTTRWveSV5opVFFiNV9NKbhkEGmuZiileqmBmugRWk/0WJhYl/qrOrk/tWiOufOH5pHJtfHny9rHX/Oz3XckHXiS/38/WwsIl6WtNGm7nszODfGAFWmV5PHz4kEy3e1HXPO5q5c6m/ezxTtLVegt211K5JVpJ6y2orByjq2sEAO/uWt76rpVbfURfR9qbKQXMduRXsn+Pl+xIP3fASx99I/lUvvc2D/4SmwrgMV2tt7C6jOvzcdfMWJA/k67AmpvX20dfX2TI/ezRitt16ZtvvuHu3btsystj9+7dM6t6pqe5desWY+PjlJWV8cuE4OqLqSm2bdu2ElMWkTncv3+f7JycOevH+/uhpIS8/jYaPidmNae5bZ6PYrbl97fR8JdCThytiAlOmitN7+yMXZ3aT1vDXyg8scDK0plJ0E8JJXmzxzRXwn5Eg1WQ+Dr1+7GCrkPvzXmtpK/Jp0/Zvn37rPK/3rnDzr/7OwCmXrwgGAyyYcMGwqEQL6anyXBl4HA6mH7xAsMwcG/YQCAQIBAI4Ha7wTB4MT2Nw+EgMzPT7PN//S9+tXPnst6fiEjEo6EhPC9zOMsCHj5c+KC/tFuxOi8ryBgcyMdZnAuYK1zD22a2yceueHUdvInbaheXTqCmlVwvhCjB4Z4geHsPz7lIzq5ybABT/YQowf6kiadfXgUStuKPzgQizcBkP6HNJVYaA6u/HqtteUy/kbo3W8n1jsYEIs+SVe/DiL3O4t5WAqNfxQVVAQJf7okPYiYbpydSvp3wKDg258bN33XwpnVPe8n9GPOealrJLZv5R5MxMPMeJKZrCN2t4hmt1ntcjvv4Rbh4nEBcHwnvh8gyGr7Xid93QEHVtPeY7/ryeXt/NpDNO5X5XP/uMZVbYtes9vGA/dTWZpuB01utsLuW2kor6Hmnj3f2eMl+3MX1rk3srt3DFsy6611vUBuJkI70mddtASb7eBDtf5K+m7cYq9xPrTfbyr96k779e/BOdnFrrJL9tWaA9nFXK7e+fYw3GvntY2yTOTcz0Po/6NuqvK3r0c9LSxkcHGRsfJxbt24TKYRGAAAcs0lEQVSxe/dugGhQNS8vj5+X6m8kkbUgL3H16UwNhUXQ9pdufn3USgXwl24YrGAcZgKr/f9G22AFHx2NiaCODzPEIN1NDbRZRRUfxedNTZjEvFvziwpn+s4rLIKhl7kfMz0B3Z/TEFnJWrQvIUgsq41hQDgcBiAYCBAKhaNB1HAoRIBpQiFzxSrA9IsXhEIhQsEQgelpDANCkdWsTie2mHysIiLrjX2lJ5DIUdZJbn38T1bs7mJKcPAvTDRWMTUwgaOsE/vDKiYaqwiMgsN7ERdATSvu4hECjVbds3LcH5+d6cZdAn1VTDTu4XnPITZUlcNAExONVUz0gSNmsZXr4E1cWT1MNVYx0dhEMGsvOQcPzTTYnI9xOzKHXJxV1hw4S9aucsJ3zbqJuyM4d7XivnGPkHs7znLr+podOKbuE5wVfDyELQuMyfsLvGvx40wNYI4Trc/FQYc5h9s9GJv3klVjBWdHiQkUnyWrLJ/g7ch8+7EVv2/1c4gNx/dij7xHt3uwl91kw5NapgYmYgLXiX2MxLwfIstlmPbzdZy+Ukz9EQUx0t7j7+jz7owGIrO3vk1+33fEny3rZafVIPuNTYCXt6y4Zvam/Jiu+sivfCeaRmDLO5UJfc1cF2fyEQ9G8nl7a2QSXvbUWsHRLZXURla9MsmPY4kXz8yN7E3kJ1bLuuHKyOC93bvJy8uLBldjg6rvxaxiFZG1Ko+Kox9RMdhGU0MDDQ1/hJ0Vs1r13+2GirL4wOj4EIMUse9EAw0NDTR8VEH355fpHl+2ySdhpieg4iNzTg0n2EcbTW39KzkpeUWGYRAOh80fw8AwwnHl5kFVia/NdoZhYGC9jvRhtRERWY/SbsXqwjlW+wlaKygDP4zgLh4hbLUPTU7gMnNw495WgjHQFF3pOfXXHpy7duAGq6w/eh3lPhzuCUJ91srMG38m6D1hrcw8hPPNXEJ9kdWlV3ne9z65Xh8urPajHdEVmbFzoGYHDvoJRMa5UcuE9Wf3aCdO7yHouWrO9cmfX35Lf8I4gS87cNXvxV4DPAGYIPhXa6t/zyPCu+bq6BOexRyP69qYD1jbaRPfo57jPLXu2TUrRWEuzl+dhZ5P4u5ZZPkUUH2qmeqVnoakYJK+O30w0kdrX3zNnb53Frml3gx6jvRdpzUu20Y+P04yf87WyTFG2MTOZMNN9nHzepf1t2E++YqcyjwiwdW/WAFVQEFVkXWnhH0NDeyzXo13X4ainXFpAIaHoOK9hFWiJftoaIh9/Wv2FTVxp28cL3+kqW3QqkjtIKnBoZk1suNDg9Hy/rYGPk959WnigVtmzti2z+/Sv2/+FbOSzoxoINRus2PYwjgc5qdfm82G3W7H6XQQCpkrVp1Op9neZsPhcGAYBiGbDZvN3C+poKqIrGdpF1hdGuZKT9vmE+TWn4gpn8BWnqT5m5uxMYKRdLv6dmxuayVtWXyNI1nzGK6N+TB1n1CSuqmH/VZwFmxZE4T+ejVJq6sYz05gy56dFyfVcRbHOijLWupqTE3MVM37HsUyg7NZ9XvJrd9rFo2+Wg5XEVnDJh/xYMTL7tr4w6om+25y/cEjJr2RlaKpyOaNTZD/9hw5Tifnu3QT+TwwA7AJlz7+tosR7+5oOoHHXa3cSnlOsh7FBlcBBVVF1rnxoUEofG8meDnex53BInamuJe+sCCPvJKjNMxe+DqnZFv/I6kBSvY10LAvyUWLocOsVrXISlSAYNBKBTA9TTgcJhQyP1WGw2Hz8CrgRUwqgOnpaeu6oBWAdVrtFVwVkfUp7VIBLI2rGM/M/KATVioA82eOXJ9PRjHITx505T7GlLmSNr6v2ll5TxMFfhgB9+bkAdhIOoAaHw6SpQEwTT3sh807mHUMTE0rufXmdv95x1mMmvdxuvuj6ROe9o3M1M37HiX6hGeR9ykm9YCISKLJRw8Y8b41azVp9ta3yR95wKP5gqFJbHnLy0jXt9Gt/5N9N2lt7UpIK5BE9lbezh/hQXTAx3S1ttIVuXDsRzMuO9nHnb7kXYjEigRXFVQVWX/62xq4HNm/39/G591F7Pt1zNrO8SEGi3biTYhMjndfpuFyN+PR13+kbbCCspdYFprn3UlR91/MNALj3fylu4idiQOmdje0NTQws/O/n7bPuyna6VVgdRWL5FiNBFLD4RDBUMgMnobChMJh83U4TDhabrYLxbSbuT680rckIrJi1mhg1QxIzuQHNfOkRgKRs/R0EJrKxeG18qbWvB9dtQlXCT6ZmMndinlgVe7xFPKG3rhnHoIVCSqWXySn/iYbygE+ITyai7OsHNuzR3OnAbjxZ4JTJbjixjtLVlkJxsCfzeBuwjiugz4csakOFiUSPD3EBm/Mv+IS3yPOkjUr/23iPWKmHmAC48nLzEVE1rpvu0bwJkt6agU6u75dMCQab0sl+yvHuNXaSmtrK9e7oHJ/5fxpAMwB8e7Zzaau67S2ttLaah5kVbnFytM60sX11lZa/wfsrMyfCbSKzMOVkaGgqsg6VLLvIwrbmsycpJ93U/HRUSrizqhKfopUXsVRTuy8Y+VmbaCpDfadWHjL/xyd8Y/7oK2pgYamNtj3j3FzWMTdsK/hI/jcyvva8DndFR9x9OU6kzQRm2PVbrebW/ztdux2OzYb2K3XNmu7v8PhMNsBdrsj2i42FYDSAYjIemUzlvhvwInGqpe8Mv7E+Xj9BBprmappJbcM889gnWA/89p18CbuN+9bhyhZr4tzIzObOZ0+sR8wA4K7yrEBjPYQzCrH8aSJp1Y+V/fHnbg2J8wnUs7MVvfEOcT1S0IO2ZpWcstKUsgrmzh+kly0cePE3Gv5RXJ2bScUeW29z0Sut+ZgHj7VgTOaCmCC4N37OMpmXxv5b2QMWO9PdOzY/04z/wSMtptHst/CxKLEX9XZ9alda8SVLzyfVK6NL0/ePvaan/2+i6Xg9/vZWli4JH2JLJWHDx+S6U76NZaIJPFiaopt27at9DREJMb9+/fJzslZ6WmIvJLJp0/Zvn12Wrnurm5+8YufA9Y2/3CYzMxMwuEwgUAAp9OJw+EgMD2NAWRmZBAMBgmGQmRkZIAB04FpHA6H+Rr4z//4TyoqF5GvQkRkCT0aGsLj8Sx5vw8fPlywTRoFVtOJmWvU1rdwwPOVlF8kZ9dmgimkFVjrFFh9OQqsSjpSYFVkcRRYFUk/CqzKWjBXYLXrf/5Pfv6LXwDw/PlzwuEwLpcLw9rab7dWqIasHKsup5OQVedyOjGAUDCI3eEgMyMDm83Gf/zHf/Lf/uG/Le8NiohYVjKwumZTASzOWbJit6/XvI/T/fq3r7u827GN3lv3QVURERERERFZHoYBRjiMEcmNahjmzkebLbpIxIa1SMQwwGaDyHZ/m82sM2ZSAISVBkBE1jHnSk8gPXxCYOAm7l2d5O4yS0J3q5IfdLUkzBWx5kFRn7yuQURERERERERmiQRD7TY7hs3AbndAOIzNyrVqtzuw20IYNht2ux3DbsceyclqgN0ewmazzQRfRUTWKQVWLYEv98x9gNSSu8rzi/PnHBURERERERFZaoZhkOEyj0Z2OZ0YhmEGT4GMsMs8lMpmw+kywwV2mw3DamezDrFyZbiwEX+AlYjIeqTAqoiILClzJYO1bUxE5md9mBWR9OJ0OmdOTBdZhcLhME7n3B/3v/nm7jLORkRk7VJgVUREllROTg5PJydxOZ0KrorMxzAIBAJkZ2ev9ExEJMHGjRsZHx8nIzNTwVVZdcLhMNMvXrBx48ak9f/wf/zDMs9IRGTtUmBVRESWVE5ODgbmSbThyKEIIjKL3W4nOyeHXJ08LpJ2Nm/eDMAPP/xAMBhc4dmILI7T6SQvLy/6eywiIq/P8gZWbXYw9CFb1j6b3YERDq30NERWTK6CRSIisspt3rxZgSkRERGZ1/Lua3FlYbM7lnVIkeXmcDjJ2KBtnSIiIiIiIiIia9nyrlgNPiecmQvOTLApwCrzS8zMuBoyNYbDIYLTU0w/HV/pqYiIiIiIiIiIyGu0vIHVcAjbcwWcZDbDSFI2q42xQH1q1xpx5QvPJ5Vr48vn6FRERERERERERNYMHXEpIiIiIiIiIiIiskgKrIqIiIiIiIiIiIgskgKrIiIiIiIiIiIiIoukwKqIiIiIiIiIiIjIIimwKiIiIiIiIiIiIrJICqyKiIiIiIiIiIiILJICqyIiIiIiIiIiIiKLpMCqiIiIiIiIiIiIyCIpsCoiIiIiIiIiIiKySAqsioiIiIiIiIiIiCySAqsiIiIiIiIiIiIii6TAqoiIiIiIiIiIiMgiOVd6AjPOklW/F0di8VQPUxePE1iJKc3BdfAm7jfvp928REREREREREREZHmkUWDVFLpbxbMbkVeH2HD8BO7jF2HNBTHNQDJx9yuyvB4NDa30FERERERERERkndtaWLjSU3gpaRdYjXeV5xe3k1W/F1cNBBSAFFlSq/UvLhERERERERGRlZbmgVWA+xhT4Nh4CLgKWFvxi3PN6phUAe6PO3HRQzCrHKcboJ9AYy1Tka7KL5KzqxwbABMEb+/heU+kfDvhUXBstvod/YqJP3xiXWiunDX7nCA0Gj/DueZDTSu5ZRAaLcGx2aw2Bpp4+iVsOG6lPSjrJIsqnj2JnVviyl0RERERERERERFJJ6vg8KqrGM/Alr3dfFnTirt4hEBjFRONVQSeleP++OxM883l2PqsutESXMcv4gLgLFm7ygnfNesm7o7g3NWKO3phLg46zLrbPRib95JVY9a4Dv4WJz1MNVYx0dgBkeBrKvOhBPtkkzVmP7bi37Kh/CrPL35FiEgA9RAbqmLmdrsHe1ns3ERERERERERERCSdrILAajz3thKMgT9HV6FO/bUHY/OOmSDkVE80ZcDUX3sw3NtxlgM1O3DE1HHjzwSnSrDXRC6cIPhXa4VqzyPC0REP4XwzF+NJh5Xj9RMCAxOpz4d+gl+aK215Mooxz705vFYQuOc4T2NX2oqIiIiIiIiIiEhaWQWpAA5hywLjyf3on22bT5BbfyKmzQS2csyg5bNHM4dc9TwivMtc6eramA/uEtz1nXErQY2Nh+DJfONvx+aG8A9XoyWBH0Zwvzkzt7nmk7qrPL+IeVBXZH6xKQVEREREREREREQkraR/YLXchyMmsGk8O4HxpImnX16d1dT9KyBrKy4wA5LlW7EDISLB0PvJg5XlvnkmkCTH68Z8YBQzTcHc86FmdtHcrvL8YqSPs2TV7yXz4CECyfoVERERERERERGRFZXmqQDM3KO22O39D/uxFb8fXXXqOniT3PqYfKSRrf+A+1fl2KbuE+wBbtwj5C7HFQl2ll8kp74zmkd1blcJPpmIGdNMDRCx4HxScpasuLmYwdzYVbIiIiIiIiIiIiKSPtJuxaqjrJPcspiC0a+Y+MMnM69v1DK18Sbu+k7rUKoJgrfNfKRugNERbLs6yd0F0E+g8Xg0N+qz21vJ2TXTvzHQxLMbwALb9gNf7sHxcScua8zQaD9kLTyf+X1CeHQvrrJOcjY28fR2T9zcGP2KiRvzdiAiIiIiIiIiIiIrxGYYxnznKS3aRGPVUna3KO6PO3GREIiVVSHZb2FiUeKv6uz61K414soXnk8q18aXJ28fe83Pft+VfOBF8vv9bC0sXJK+RERERERERERWm0dDQ3g8niXv9+HDhwu2SfNUACIiIiIiIiIiIiLpR4FVERERERERERERkUVKuxyrr2LqD1Up5DYVEREREREREREReTVasSoiIiIiIiIiIiKySAqsioiIiIiIiIiIiCySAqsiIiIiIiIiIiIii7S8gVWb4riyPtjsjpWegoiIiIiIiIiIvEbLG+l0ZSngJGuew+EkY0P2Sk9DREREREREREReI+eyjhZ8TjgzF5yZYFOAVeZnW+B1OgqHQwSnp5h+Or7SUxFZUWNjY4yPjxMMBld6KiJpy+l0kpeXx6ZNm1Z6KiIiIiIi8hKWN7AaDmF7roCTzGYYScpmtTEWqE/tWiOufOH5pHJtfPkcnaalXr6ou0CH7ySXjpTGlA/Tfv4MAwea+bAUelvqaCSxTWJXLRy7APXNR5inVcpjyuo1NjbG2NgYGZmZZLrdKz0dkbQVDocZGxsDUHD1lZnPkBb/TInv5Gt4nqT8rBMRERGR9UBJT0UEOq7RPrwOxpRlMT4+TkZmJna7HjEi87Hb7WRkZjI+ri+dX40VVC0+yaXmZuvnJFyo44velZ6biIiIiKxly7tiVUTSkscDLZfb2XGqmoIk9aVHmrm0zGPK6hUMBrVSVSRFdrtdKTNe2QgDfvAdiF1DWspvDns43d3Lh6VaWyqLZxgGg3/7G8+fPSMUCs3ZzuFwsCEri6Kf/hSbbTUkrhIREZGlpMCqiFB84ADFFy7wz+07+F317DBnYiqA3pY6Gjusyllb+iG6eojDfDpH4HShMWdv6/RFt16a8znMkYErVr2P+uYKuuou0JHQNrX5iojI6pVPsQdaEoKoBdWnZr4UtLbwHzk8QMsV88HiO9lMZffM8yE2dcBw+3lOW+3wzPUsm/2sm+t509tSx5/wQUcH/jn7k3Qy+Le/Ybfb8W7fvmDbR48eMfi3v1FcVLQMMxMREZF0on2aIgKU8uFJH/4rN1ho1+Rw+3kaBw7zaXMzl5rPcWTgAp/F7ek3P2h+XXWOS/N+cJx/zOH2yzHbOs9xxNPBn2LH6eiEozN1jXXdVFrbP33MtF14viIisroVUH30MJ6OCxyrq+NYXd0cf8938DVHudTczKeHPXRcqKOrwkwdUO+DjmvtDAP0tnD6SjH1kecGVzjdkvikmv2sW+h54++AD5qbF3g2Srp4NjnJ1q1bU2q7detWnk1OvuYZiYiISDpSYFVETKVHqPd10Djrw2OsYe51+vFU7bA+FBZQfao5ZsXpAH+yPmgmX4Wa+pgF1adiVpaa2zzj+A5gDlFAYTHgq7BWqJorl2Ln6ztQPTPfAz78nfdQaFVEZA0pqOZ3Vn7VTw978F85w7G6xByrPj6wnk0F5oODSusxk18UfXDQ290R80wxnxt0dMd8CZjsWZfC8ybap6wG823/X4r2IiIisjYoFYCIRJXWHMZz5gJfVJyjOGkLM8BZfGCuoKkf8JirUKtTOzF5zjF7Wzh2IbKf0oPHk+TiBZnz7bhQR0dcuY8R0IohEZE1qKD6FJeqre38F1qobE7teWQaZmgAPFX587RJ9qyb/3kjIiIiImuTAqsiMqOgmn863MnpazfwJW1grgb9emgYSpOFJX18cOoItNTR2FKRWi7TpGMO036tA8/hyGoga8vlom/InK/vwEzePFm9+tsa+JyPaNhXsoirxum+3MSdnSc4WpH32uYmIiuot4Vj14pm5S01V6UulrkLwj8439dvyZ518z9vFkqzIyIiIiKrk1IBiEicguqjHKGDjsSt92YtO6o8cVsbe1vqOJawlb/0yEl8HRcStmAufkzzgy3QeyPmEKvFMOcbzZsXme/5dqUCEBFZK0or8PkT86CaX9C9zPb70orYrf9z9xP/rNPzRkRERGQ90opVEUlg5oVrudCRvLb6FPWDdZyuu2IWeA7z6alS6O2OaVXKbw57FrEFM3HMyOsLHOsAfCfNXKzzriCao+fE+eKjvlkHh4iIrB2lfNh8juLzZzhWN1PqOXyOS6nk+57V3RE+PXye03V1kY74NOkOjIRn3TzPG6UDEBEREVmbbIZhGEvZ4URj1VJ2J+tEst/CxKLEX9XZ9alda8SVLzyfVK6NL0/ePvaan/2+K/nAi+T3+9laWLgkfYkslfv375OdkzN3g/FuLje1MQhQVEEF3QzFbNXvb2vg80icvmJm639cKgCrD/ad4Ki3j8tNd9h54ihmF/20NXwOHzWwr0SpACT9TT59yvbt21d6GiIS49tvv+Xnv/hFyu3/8z/+g3feeec1zkhERETm8mhoCM/LHcwyr4cPHy7YRitWRURkGY3T/UczINpQkQf9bTR8DkU7rdruy3w+tI8TDRXkWQHSy4UJQdHxbiuQ2mAGUsdX5EZERERERERknVOOVRERWT7jfdwZLGKn1wqUlvyafUXRSvruDFK004tZW8Kv9xUxeKdvJnY69JeE1akiIiJLz+FwvNb2IiIisjakUWD1EBuOd5Jz8NAqHwPcH3eS+/HZ1zqGiMiqND7EIIUUJA2KjjM0CIXJK02DQNEgbf/W/5omKCIiAlnZ2Tx69Cilto8ePSIrO/s1z0hERETSkVIBLImzZNXvhbtVPLux0nMREUljeYUUcYfhcSiZFT/No7AI7iSvNFW8x9F90NbwOW1lDVjpV0VERJZU0U9/yuDf/kbf/fuEQqE52zkcDjZkZVH0058u4+xEREQkXayzwOpVnl+8+tpHmfpDFVOvfRQRkVUoz8vOojbu9I1TUZEH/f9G22Akx2oe3p1FtN3pY7zCzLH6b22DFO37R+JTqZaw76MKGj5vo6xhHyV5BRQyGNPnXbqBihW6RRERWf1sNhvFRUULNxQREZF1LW0Dq+6PO3HRQzCrHKcboJ9A4z3s9XsxMxj1E2isZWpRbQ+x4fgJHE+aePrlVbBem9dMEBoFR9Z9pi4ex/FxJ076YXMJtqkepi4eJ1DTSm7ZzPIoY6CJp1/ChuPWOGWdZFFFeFsnLr5i4g+fAOA6eBN3ca55UaQvgJpWcssgNFqCY3Nsn68/+CsisjLyqPjHfdxpaqKhDajYx74iuBOprTjKR0MNNDW0mQUVH5mHXCUq+TX7ipr4vK2Mhn1mLtamtvg+h5bpjkRERERERGR9StvAKgCbt8PtKiZ6zACoqx4CjVU8s7beOw8egkgQMqW28d27Dv4WJz1MNR4nENnOH7PU1LbZ7MMsOktWWT7B21U878EKir6Pm1qeX9welwrA/XHMIDWtuItHCDTuiQZ23R+fJWAFXaEE+2QTE3+4avX5WzaUXzXHEBFZi/IqONoQWU86Tvfl+LyqJfsaaNg3+7KSfQ00zHRCxdGG6KrUvIqjNMQtUa1I2k5ERERERERkqaTR4VVJjHZYAcarGM+A0XtWkPM+RuJe+8W0BeAQzjdzMZ50mKtH+YTAwERCn/di4qyf8KxxTzTg6dqYn9ItuLeVxPRzled9/bB5B+5oi36CkeDwk1GMlHoVEVmt+mlruEx3ZF9//7/RNlhE4TznVYmIiIiIiIiko/ResfpabcfmhvAPqW67j00bAMbUxPzNrWtsWWA8uf+ykxQRWWNK+PU+aGpqwNrsT8VHDSTb7S8iIiIiIiKSztZxYNVcyerYeAhIIbha8z5O90xe10h+1PldxXh2Alv29leerYjIWjF7276IiIiIiIjI6pPeqQBeq6sEn0xge9OHC4CzuCIHTM0pH1s5wCE2eEsWaGuaehi79d+6Li7FgIiIiIiIiIiIiKw26ziwCoEv/4Ug5bjrO8mt34GRmGM11o0/E5zKxbmrk9z630JfD0Y00PoJ4VFwlHWSc/BQwnW1TA3k46rvJLf+hHlYVvTgKhGRtcfpdBIOh1d6GiKrQjgcxulcxxuIRERERERWMZthGEt6XtJEY9VSdresXAdv4s7uYEKBz2WX7LcwsSjxV3V2fWrXGnHlC88nlWvjy5O3j73mZ7/vSj7wIvn9frYWFi5JXyJLZXR0lPHxcTIyM7Hb1/X3dyLzCofDTL94wcaNG8nPT+1QTBERERERifdoaAiPx7Pk/T58+HDBNut6iYT7406ck008/fIqkVQAxoAOmhIReRWbN28G4IcffiAYDK7wbETSl9PpJC8vL/r/jIiIiIiIrC7/P3V2acxf9AvrAAAAAElFTkSuQmCC" height="600" width="800" />]]>
  </system-out>
</testsuite> <!-- testcases.MyInfoTest -->
