<?xml version="1.0" encoding="UTF-8"?>
<!-- Generated by org.testng.reporters.JUnitReportReporter -->
<testsuite skipped="0" hostname="LAPTOP-JEI8AS0O" name="testcases.DashboardTest" tests="2" failures="0" timestamp="2022-05-29T16:16:18 EDT" time="0.731" errors="0">
  <testcase name="getDashboardQuickLaunchItemsCount" time="0.471" classname="testcases.DashboardTest"/>
  <system-out>
    <![CDATA[Actual:6---->Expected:6
<img src="data:image/png;base64,iVBORw0KGgoAAAANSUhEUgAABVYAAAJcCAYAAAASBf/6AAAAAXNSR0IArs4c6QAAIABJREFUeJzs3XecVdW5//HP2nufMmd6Y2aYQhk6SLWgCAj2qNGosYtiyc01NzFXkptoEsvNVdMsib/cxJgbDGrsYsFEjIIKKoo0EQakCEOdOdPLabus3x/nzMDAwECilPi8fRGZ2WuvvfaZ7R/5zrOfpbTWGiGEEEIIIYQQQgghhBAAzJgxo8cxxiFYhxBCCCGEEEIIIYQQQvxLkWBVCCGEEEIIIYQQQgghDpIEq0IIIYQQQgghhBBCCHGQJFgVQgghhBBCCCGEEEKIgyTBqhBCCCGEEEIIIYQQQhwkCVaFEEIIIYQQQgghhBDiIEmwKoQQQgghhBBCCCGEEAdJglUhhBBCCCGEEEIIIYQ4SBKsCiGEEEIIIYQQQgghxEGSYFUIIYQQQgghhBBCCCEOkgSrQgghhBBCCCGEEEIIcZAkWBVCCCGEEEIIIYQQQoiDJMGqEEIIIYQQQgghhBBCHCTrcC/g89IYa6K6dRubmjeztW0729t30BBrJObG8LQHOjVQgac1E0qO5xsjp2MoyZaFEEIIIYQQQgghhBAH56gOVhNugpV1VSzY9i4r61bTGG/EJRmiKhRKKQCUAqVVMltVYHs243qNkVBVCCGEEEIIIYQQQgjxDzlqg9WqhnU8teZZltevBA0GCmUYWJhAsirV9VxyAzl4aNrtNpRSOJ7D6IKRjCkaeZjvQAghhBBCCCGEEEIIcbQ6KoPVtQ3r+cl7/4PtJTANC6U0OlWl6mkPx3PID+ZzSunJJLwE7+5YlKxW1RoPuGrIpVjGUXnrQgghhBBCCCGEEEKII8BRly62xFv4+Uf343gJLMNEJxNVtNLYnkOWL4NLBl7IkLxBLNz+PnM3v4GHxlCKhJtgSulkBuVWHu7bEEIIIYQQQgghhBBCHMWOumD1lY2vsSNSS8gMdn7P9hwsZXFh//P4auVXaIw18uCy31HdugXLsFKVrBqf6WfasEs7e68KIYQQQgghhBBCCCHEP+KoClabYs28uul1AoYfDWitcbXL+OLjuXzwxVRklfHaZ2/wyKpHAfAZFhpQSpFw4kwbcgUFoYLDeg9CCCGEEEIIIYQQQoij31EVrK5v2khzooWg4cfWDnmBXG4Yfg0TSk8g7sb57bI/8MbW+ZjKwsBAo1EKHM+hT1YF51aedbhvQQghhBBCCCGEEEII8S/gqApWP21ch9YejnY5pXQiVw+9jMJQPnXRBn7x0a9Z07gGS/lQil29V7VGo/n2qG8S8qUd7lsQQgghhBBCCCGEEEL8CzhqglVPe3xcvxpTmXxr5Dc4rc9kDGVQ017Lzz96kHVNG/CbPrQGdPIcBUScGDcdcwND8gcezuULIYQQQgghhBBCCCH+hRw1wWrUieI3fNw5/jbGFY0CIByp585FP2Nb23b8hg9I9lPtSFejTpwLK7/KVyrPOIwrF0IIIYQQQgghhBBC/Ks5aoJVQxl8e/S/UZjafMp2bX697HdsaduW3MxKadC6c0MrQxlcNvAirhj6dUxlHubVCyGEEEIIIYQQQggh/pUcNcFqmpVGmpXskaq15i9rnmNx7RICVhoxHJRW+E0/peklHN9rDCeWHM/AnL6HedVCCCGEEEIIIYQQQoh/RUdNsLq7jc3VzK/5kBPLJtE3rYC+6SX0Si+iML2IglABShmHe4lCCCGEEEIIIYQQQoh/YUdlsFqeUcwfJ/8M5Tp47XVY0WZ0wka7teA66GAOyh863MsUQgghhBBCCCGEEEL8izpyglXtoeNtYEchkIHypcE+Kk99zVvxVr2Kt3YeTuNWYlonN60yTLTpx8wrwygbjVU5EbPkGFQg8xDfjBBCCCGEEEIIIYQQ4l+Z0lrrw7kA3R7G3rAAd8MC3LqNkIhCMAsztxyzZChm3xMxCweBFdh1TqwZr3kburUWr7Ead9sK3J1VeK1h6AhZAVAYhQPwj74Aa9g5KH/64blJIYQQQgghhBBCCCHEUWPGjBk9jjl8warnkPjkZRLvP4rXtA0MI9kbVRloz0PhoTUow8TsPQLfmK9hDTwVZQW7nU631+OG1+Gsewt7zesQbQXDQANKa8zewwlM/HfMiuMP7X0KIYQQQgghhBBCCCGOKkdssKrjLcTfehB7+UtgmMk/AJ4H2t01ThkoQGuNAsw+4whMugmzZOR+5/eatpJY+RL2h0+gXRtlWmjXAaUITr0Z/5hLwThyuiAIIYQQQgghhBBCCCGOHEdksKrtCNEXv4ez8QOU5QdUMkzVYJQOxywfh5Geh3YddPM2vPB63JpPky0CtAemj+CFv8LX/+Qer+WG1xKbezfe9tVg+kBrtGsTOOEqApO/A8r84m9YCCGEEEIIIYQQQghxVDnyglXtEf37vdhLn0f5Uj1TPQcjPZ/AqbdgVk7a+1V/18Zr3oqzbj6J5bPRjdvAtEj7+q+x+p7Y8yVjzcT+/jOcqjfAtNAAToLgmT/AP/qSz/0WhRBCCCGEEEIIIYQQR7cDCVaNQ7COTvYnL+EseW63UNVFpecnQ9LBZ3TfP9X0YeT1w3/CdaRf9Sf8J1yN9lyiL/0QHW3q8ZoqmE3wrNuxhkwFx0YByvQRn/sz3PqNn+8NCiGEEEIIIYQQQgghvhQOWbDqtewgNv83YPmT39CA9kg7/2cYhYMPaA6VXkhgyn8SuuhX6EgjiY9fPLDzfGkEz/gRqmgguC4oA5QiPu9+8JyDvpd4PE4kGsXzvP2O01oTi8Voj0SIx+MHfZ2eJBIJ2iMRYrF/fm7btolEIkQiURKJBI7j7PP+DrTI2XFdotEokUiERCLxT6/xcPC0R00kTNSJ/cNzJFyb2kgd3mHaJ04IIYQQQgghhBBCfP4O2Q5O9tKnINoMVqpa1YnhO+k6zNLRBz2XNWAKoUseIvbWQ/jHXorypfV4jgpmETzjNqKPTwc8MP04G9/D2bkKq/eoLmNrampZ9MEH5Obm4HoeEydMwLIsWlpaeH72bObOnUtLaxsPPfgglZX997rWtu3bWbBgIW+//Q6fbdpELBYlPy+PEcccw6RJEzn5pJMIBAL7XW9jUxPvv7+IjIwMmpqaOHnCSeTl5aG1ZvmKj3nttddY+cknNDU1EQqlUdm/ksmTJzPllMmkpfX8eQC0RyIsXbac+fPmsWz5ctrb20EpTMMgNzeHwsJepIdCBINBQqEQza0t1NWG+fa3v82woUO6ndO2HZavWM5bb7/NokUf0NDQgNaazMxMhg0dyqmnnspxxx1Lbk5Ot+d/2riBD3d+RIaVTn2skTG9RjG2aP+blQF8uHMpGxo3EjAD1MUbOLvPqZRnlbFk5zKWhVfiaodcfw5RN0a7HaEl0YaLQ8gKURTqxeDcgQzLH0zaHlXTbYk2vj3/+xxXNJYZ4/4DQx3c7yI0mv/75DEWbHuPBybfQ1F6r4M6XwghhBBCCCGEEEIcmQ5JsKrb60isnJPcQApAawik4x/zj/c4tSonkxbKS851oOcUD8XsMw5381IwLZRS2B+/vFew+snqVXzve99DA+PHn8CUyZPZsXMn37zpW6z6ZCWmYaIMA/8e4WhbWxuP/vkx/t9v/x8+n48RI0ZQUVFOIh5n6dKlLFmyhKeeeopJkyZx15130rukeJ9rjUaj3PajHxGJRDBNk1defolgMMjPfvELnnzySRQKy2ehPU08kWDFihW88MILnDB+PD+79x7KSkv3+1msWl3FHXfcwUcffUTffv244frrGTt2DKZh8vHKlcycOZP33nuPzMwsvv71r+M4LnXhOpqam4nHu6/eXPvpp9z/4IO8+cYbmKbF5Zdfzvjx48kIhVi/cQOzZ8/myaeeYsjQIdx5++2cdOLePXLjdown1j6Lz7DQWtM/p89+76NDbXuYWWuexJd6xk4sPo5yYHn4E57f8BJpZhoeHlcOuoTyzHISXpwNTZ8xb+s7xN0YlvLRN7OCGeO+TXnWrs+uNlJH3Ivzzrb3OL//2QzKG3hA6+mwrWU7czb9DUuZxJ2js2pXCCGEEEIIIYQQQuztkASrTk0Vur0B5UtVA7o21vCzMTL/ueo9s+SYgzvBsLAGTcXd/FHn1+7Gd9GxZlQwu3NYeigdn8+HbdsMGDCASCTKf3zrP1ixbBm5+Xk4CZt4Ik56KNR5TiQa5Rvf/HeWLFnCz+69l4knn0xObg6WaeK4LjU1tTzw4IO8/PLLzJ8/j5bmZh6b9Wf8fn+3S00PpVNYWEh1dTVZWVn4fX6+e8v3+HTtGu695x5GjBhBXm4e9Q31zJ//Fr/93/9Fa49F77/Pt79zM08+8TjBYDc9a4HVVWu49LJLaW1p5dJLL+WO239Cenp65/HBgwdx5hmn818/uJW/v/l32tva+cFd3yMQCOyzPcCSpcu49rrraGttYfDgITz0m98wcEBl5/GTT57AFZddxrPPPc+Pf/xjrrl2Og///ndMnTKlyzyu0gQMP6ZhoLXGVL79/0xT/JYfv+nHVCYKhd9Mfq6WYeE3/Gg8snwZnFd5FsHdqlLPrzyHXy75DZtbq9nY+hl3L/4VD0y6h7RUFXRjvDnZ+kDB7PWv8v3jvnPAVaue9nhszdMoFBpoSbQe0HlCCCGEEEIIIYQQ4sh3SHqsupsXo3YLozQaq/8EQB2Ky3dh5PdDd1xXGXhtdXitO7uMKcjPx/FcANLT0vnDHx9hZ20tf5o5kxdfeIHnnnuWO++8C9veVYHY2tJKS3MLr77yCl+74HwKCvKxTBMAyzQp7V3C3T/9b0455RRM0+Sjjz7i5Tmv7nOdlmWSFgyglMIyTX70k58Q8Pt45eWXuPiiixgyeDC9ehUydMgQbvr3b3L/ffehNQTT0li2bBlvznur23mj0Sjf+/73icfjFBQW8sMf/FeXULVDVlYWd//PT8nOzuYvTz7BI3/8Y/LzMwwMo+tj09DQwE3f+hbxaJS8vHwe/v3vu4SqHfx+P1dcfhlfOeccPNflmzfdxKbNm7uMybTSUUqhNXhocv1Z+/yMdhc0/KnHSaOUIsOXCr0NhVIGCoUyLGJu16rRsszefPOY69Daw6f8bGvfzsq61Z3Hd7bvTAa1hsV7Oz9gY9NnB7QegNV1a3h3xwf4jWTIWxsNH/C5QgghhBBCCCGEEOLIdmiC1R2rwdhVHKsMCyOn96G49N6UiTJ3q4LU4IU3dBnS3NKMZZoEAgFmvzSb1157jeeefYapp0ymT0UFgwcN4orLLqWoqKjznLS0IPff/ysGdBModggEAtz079/EcT0sn8Xs2bOxbbvbsZZlYfr8KKVoaGxk1erV3HvP3WRmZnY7/swzTueqq64iGo0SCPh5/vlncZy9N+b6ZNVq1lRVAYqvfvWr5OXl7XO9+fl5nDr1VPz+AL/73e/ZWVOz1xitNb956LeEw7W4nsfN3/kOfSrK9zmnUoobb7gB0zJxHYff/vZ/u2yG5WgHUKDAUAZx3f3ns6eQlZbsCqEUKIWtk8F4ppWO1h6u1gQMH35j7yLt3hnFpPsy8PAwMNjcWt15rCXeiocHWqHRPL32BTy9/03LABzP4bE1T2Mo1ZH30hhrOqB7EUIIIYQQQgghhBBHvkMSrOr2OuisWNXJitFg95sXffGL8ZLhG8kwTxkGXkPXqklNMtRDKWrDYb7/ve9TUrzvfqiQrPAcNLDn/pulpaXk5uSglMGWLVuIxePdjjNNk/RQCM/ziMfjfOc//oOMjIz9zn3JxRd3nru6ag3tkcheYxYvXpyqONWMGjVqr+N7GjxoEIZhEIvHWLps2V7Hd+zcyVNPP0UwmEZ6KMQZZ5ze45x9+/ahuLgYn8/Pa6/NpaGhsfOYaVi7HkoNQXP/m3x1iHgJfMpMtQ8wCJnJ1/1z/dk42sVQCksZdFcl7Xpu8pEgWSWbF8jtPFYbrQOdqrJWFh/WLmVj06Ye1/PRzmV80rAaS5mgkuc3JVoO6F6EEEIIIYQQQgghxJHvkASryVLCjqrEVIIVbdzX6C+WMsCx2T1g0/GuAaTP50ejcR2H0tJSjj/uuM/t8gG/n/z8fLT2cByH+H6C1bRAANd1sUyTUSNH9jh3Xn4eubm5aA8ikXba2tr2GvPZpk1YPgtQZGbs3QJgTxmZmZ0bhG3bun2v4wsWLMS2bVzX5dhjx1FYUNDznOnpVPavRGtNLB5j9epdr96nmcHkk6I1Gt0ZkPYkzQzi4aG1RqEIpHqstrsRLGViKIWnOypiu6qNhGlNJD+rgOFjbK/RAMTdBDvad2IaJsloNPnP42uewU1VxHYnakf5c9WTWMrCVMkKWaUU4UgYzYFvtiaEEEIIIYQQQgghjlyHJlhVZtevPRuv9fD0m9TRJvTur3J7HphdN0jq6I3quC7Dhw0jtNsmVf8sT2ui0UjndSyr+/3DtE72ClVKEQgGyc/f9yv7u687Py8vFf9BLLZ3aJufn4/rJgNIz+35lfampkaUoZJ9Rv1dPyfP8/hw8WJM08RxHE44YTymae5jpt3WaVnJAFhrHMemdbcA2Jd6VjR02YSqJxm+tM5NphTJyleAlkQblmGljhlYe7QCaE208fiap9FoHM/h+mHTyE1LVlO7nkNdtB6Ac/qeRdAMYCmTxTVLWNfQtX3E7t7fvpgNLZ8xMKeSCyrPxfFcFIq6aD0J98BaGwghhBBCCCGEEEKII1v3qd7nTGXk4zVtRXUGrAp384f4Bp5yKC7fhRden9qjPVVDaxjsucm7aZqgkx0D0tPTMc1/Ln/WWtPU3Mz69Rt44i9PUFsbxlAGhmng93W/671SiubWVvx+P4ahMA4gsPQ8D9uxMYzkZk2BwN6v0R87biwP//73mJbJ5i1bepxz/boNnb1LBw0a1OVYIpFg48aNGIaBaZq8OW8eLS2tNDTUk5mVTSDgIxgI4mmPWDROLB4jGo3Sq7CQj5YswTRN2tsTtLXuVlmbeidfpf7n2XUv0iutANOwaHXaMJRJ0AxiYBD1YrieTchMY0ekBqWMLuEqgJGar+MnnnATBM0ALfFW1jSs47GqJ/msdTO5gWymDbmC0/tO6VxKxI7SnGjB9Ry+0vd0/IaPp9Y/j2VY/HHVLH5+8l2patZdonaUWWuexFImXx94ASErxNPrnsdUJi2JFqJ2tLOaVgghhBBCCCGEEEIcvQ5JsGr2Goi3ZSmQDKGUaeGseR198r+hgtmHYglJro27+UNIhWHJTYU8VE7XzZaUSkavWoNh9Bxo7qmxsYlNmzexYeNGPl37KZ+uX0dDfSOJRIx+ffuRl5dHQ309Zg8Vqx1Vq4Zh0N7Na/178lLndNxDZjc9WceOHUteXh7NLc28+cabXDPtanz7WENLaytvv/MWSilKSooZMWJ4l+PtkQjhcDgZ5CpFXV2Ydxa8Qyg9nfRQiEAgQDwexzIN/H4/juPiuA4bNm6kT58+VFSUo7WmpGSP/rWpFrgGis9aN1MTC2Ng4jf9+AwL1/NIaBu0h9YeaVYaTfHmXefuNZdOVYyG+fF7/0O2L4OaaB0NsQZGFYzk1IopnFAyjtKMki6nhqN1OLj4zQAZ/nTO7nc6z6yfjWmYrGn8lI/DnzCmqGuf2jkbX2NHpIbRBcdwbNEYNjZvwkgtqsluPaCNr4QQQgghhBBCCCHEke/QBKslI7D107u+oQy81jD2p/Pxj7zgUCwBALd5G+72VbD76+DaxSge2mVcsk9n6u/egQdh27Zv55lnn+WZZ56hsbGJAQMGcPrppzPtqqspLy+jtLSUWDTKFVddTUNDPZblIxKJ4Pf3XMGo1N6bLu01BlKVtgq/308sHiObrC5j8nJzueuuu7j5uzfz0ZKPmDPnVb52wfl7zeVpzR/+8Ah19fWYhsntt9++V1DrsywSqR6xkUiEO35yOyefPKHLWg3D6BISdwS/QOffk5tp7Sa1WRQovjv6Jvrn9O3x3leFq7jt/f9mr2RVg06FqznBPECxon4VlrKwTIvLBl3I4PzuNx1rjDXhuDb5oTwMw6AgkM9p5ZN5c+s7mMrkT6sf5/6CYfhSrSQao408s/5FlIJrhl6OaZhk+jJBKRRguwlaEq3kpeV2ez0hhBBCCCGEEEIIcfQ4NMFq72PAFwTP3fWqtxUk/taDWJUTMNILD8UysD95BdwEWEGSiZuGYDbGHkGX53nJ18lVMmA8EKtWr2b6dddRU1NLRZ8+/N///ZFjx47d63X8lpYW2tvbAQgEAqg9Q8UUpVTnplEHyjRN/KkNr3w+3z7D2K+cfRaNjXfy4IMPcNuPbqOltYUzTj+d3JwctNbUhsP86U8zefTRR8nLy+NHP/4Rp06Zstc8GrBSrQws0yQSiXbbY7WjV2znfR0Qhatd/Eb3rRL2lqxK3eu7Ktmr1UOTZoX44bibeWjFw6xuWIPjOvxq2UP8fMJd3YadO9p34qHJDWYTMJM/x4sHXsDb295Do/msZTPvblvEKRUTAXhh/RyaE82cVHQCg/OSYa3f9BEyg8TcOFp7NMQa6ZtdcYD3JIQQQgghhBBCCCGOVIdk8yojuzdG3xPQ3m47shsmRFuJzb0HfQg29HGbtmB/9BSYfjo6buK5mKUjMNK77mTv7V6legDhZktLK9OnX0dDQyO9S3vzxGOPMeHEE7vtcerYDo7j4HmagN/XuVHWnrTWpGek4zjO3mvaB8MwUYDruliWSSit+023DMPg6quu5Ne//g1KGdxzzz1cdfU0rr/xRqZffwNXT7uG999/n1tmzOCVl1/m4gsv7DYQTQsGKSsrxXWTgfm27Vt7XGNP9B6vyjva2cfIrhztJv+iOuZJVcPqZJWsAcScCMUZvfjumH8ny5+s5K2J1HD/st9id/MMbm3bgYEi25+FkWrEW5rZm3P6nont2VjK4rG1zxB3E9S2h3n5s7/iM/xcNeSSzt6rShlk+rOST5yCmkjtwX0gQgghhBBCCCGEEOKIdEgqVlEmgWMvJbLurd2+qcHy465bQPzNnxM89b9SoefnTyfaiL9+D9qJo8zdKiC1i2/omZ09VzskQ0wFqAOqWH1z3pvUhmvxWT4uvuhiKsrL9jve81w8z8M0rb1fg09RSmFZPhzbxvX7yeimX+qe4ok4tmOjFJiGiWXtuz/sBx8u5q6f/pTp06/jsku+jt/vI1xfj9aagrx8cnNzCAaD+72e3+9nzJixLFu6DJRiddXazlf+/1G25yarhVMfu+MeWLAacZP3rUkGqXYqxC8I5mN7Nj7ThwKiTozi9CJ+ctz3+f67P8FSFivCK3l09V+44ZhpnVWvrueyM1KDRpMfzO8MVgHO7nsar26eC1pTG6nlbxv/zrb27cTcGGdWnEplbv/OsSFfkExfJjWRWlw0rYmee+UKIYQQQgghhBBCiCPfIalYBTBLx2CVjYY9gzLLh71sNrE3fo5ORD7362o7Suz1u3E3Ld4jVPUglIvV/+S9zumoDlUKPG//warWmgUL3yUQCIJSlJWW7nd8wk7gOC5+v59oLNql5+iea0gkEqnWCZpQqPvq0925joNt21imhUYTT/U/3VM4XMfV067GtW2+/a2bKC8vo6ioiBHDhnHM8OGUlBT3GKp2+Op556JVMmSdN+9NamvDB3TevrS70eRflEKhaHUO7JlwvAQKAwPwtEfUjQHJClhN8vM0lYlPJX+XMDh/IDcOv4a4l8Bv+Hhx46ss3Lqoc76oE6M2EkZhkO3P7HKt3pklnFl+KrZ28Zs+Zq15ije3vI2lLM7rf3aXYNln+Mjwh5I9Y7WmMd70j384QgghhBBCCCGEEOKIcciCVWX6CZzyne6DRMuPveJloi/egle3/nO7pteyg9grt2KvfgPMrr06tWPjH38Nqpvemo7rpOoWU9vT9yCRSKTGa1paW/Y71mf5aG9vRym1z2pVAMdxaG9vx7JMtIaGxp4DOa116rX8ZAeDRKL7FguzX3wR23YoKCzA5/vnipaHDhnCaVNPJR6P09bWxmOPP35Q59fV1XV5JvyGiac9FJCMRA+sz2zICqbaBiT7qSa85L3XxZrwGSZKJdsFdHwf4Jz+ZzK1bHJnuPrAst+yofEzABpijTQnWlAG5ARz9rreVyvPJmgEUp0iNAkvwZTSiVTm9OsyzlAGWf4sNBpDKWraw7gdbQuEEEIIIYQQQgghxFHrkAWrAGbpKPwnXgN2rJuDPtxNS2h//HoSHz2BbvvHe1HqeBv2Jy8R+csNOOsXdq1URYHnYORX4B910T4m0Hg6GYTFE4l9VpVC8pX9sWNGk0gkMA2Dt+e/1dkXdU/xRIIHHngAx3FwXXe/rQAcxyEWj6FU8tX2aLTnys1YLE4sFsfzNIahyMzsvn1APB7Hsiyqqtbw8pw5hOvqiEQiOI5DJBIhGo0Sj8f3eR+7MwyDO+64naysLEzT5I//9388/eyzPZ6ntebZ557ndw//oUuFZ9xJoFKv82v27rm6L42xZkwMQKM1+FSyDYKjE6loVpFwExi7XctQBjcMn0ZRWi+09nC1y92Lf0Vbop2EmyDhJVBakZPqx7q7koxippZPxvbszk3Ovj7ogi4tAzrkBrPRaBQGNdHaA25vIIQQQgghhBBCCCGOXIemx2onRWD8dbibF+NuX4WyAuyqSNRgWuDEib95P4klT+EbeR7WgCkYOWUoX9r+p/ZcvOZtOJsX4Xz8Mm7NWkClKlV3C0a1C1qTdu5PUf70bqfKzs7BcR1Mw8Sxe95Y6+yzzub+Bx7EdV0WL1nC7x7+Azdef12X1+nXrFnLXf/93wwfPpz+/fuzefMmqquraWhspHdJyV5zOq6LnbAhFTLuq/p0d6H0EIl4HK01nqf3GQhPnTqF3zz0EIlEgttuvY28/Hyys7MJ+P1owO/zEQgGCQQCFBUVMWzoUE466UT69e3b7XwlxcX88ZFH+OY3/42GhkbuuOMOtm7dxhWXXUrJHveWsG1Wr67iTzP/xIsvvsjDv3+4y/G4G8fTHpZhorRHmx3t8b4BLMPE1g5+lfy2SOXsAAAgAElEQVR5NyVaKKU3cTcVjKtksOrusQlYdjCLHxz7XWYs+BE+w0c4Gub3H/+JIbkD0VpjKnOfPWMvGnAef6+eR9y1ObbXGMqzuu+tGzADGBgopWiINRBxogSsvTc2E0IIIYQQQgghhBBHj0McrILyp5N2wS+JPHEduqU2GaZ2GaDA8qNba4kv+AOJd2di9BqAWTwMo7ASI7sErGCyV6tpoltrcBuqcXeswttZBfF2QIHRza1pjfY8gmfdillyzD7XuGPHDlzHIW7HsBOJ1EZT+94IqqSkmF/+4hfc/N3vorXm179+kHcXLuSE8Sfgs3x8vPJjli5bzoz//E8uu/QSBj03iB/88Ic01Ndzw43fYNLEiVx00UUMHFDZOWcsGqOmZmdnn9S2ttYeP9vGxkYSdgI7YdPU2EgkEiUtbe9AetjQoTxw//385qGH2LJlC+FwmJqammQbAcA0DZJZpMJQCmUYBAIBLr/8Mm7+zncIdTPn2DGjeebpZ/jFr37JG2+8yUO/+Q2z/vxnJk6aRP9+/Qilp9Pc1MTijxazcuUn9O3blz8/+mcmTeza49bTHp720JhowHa77xO7173HmlPVoirZSiCVKRsYONoloEzink1jvImsQNeeqYPyBjB96JXMrHoCv+ln4fZFfLDzI/yGHw8Pq7tnCeiVXsjpFVN4ceOrXD7wom6rVQHSrXSS22op4m6CumgDud20FxBCCCGEEEIIIYQQRw+l9/ee+xfIbd5G7OmbcJu27fGqfjc8D5Lb/wDJwA+l0B3Vh6mKRKWM1GZP3dAa7TkEJt9E4ITpwL53rl+3bj3PvzCb/IJ8XNdh+jXXEAj0XGG44uOPeezxx1m06AMa6usxTJPs7CymTjmV6ddeQ//+yf6brusy59W/8uGHH2IYBsceO45JEyeSm7ur3+vOmhpmzXqMgoJCamtrOe+8cxg+bNh+r79u/Xpmv/gSBfkFhOvquOH66eTn5XU7trWtjfsfeIAnn3ySUaNGM2jwIEqKS8jPy6OpqYma2hrWrV3HshXLcRwH0zSJRiNcccWV3HXH7fsMmh3H4eOPVzLnr3/l3YUL2b5jB47jYJkmaaEQEyacxDlfOYeTThzf7YZc29p2UtNeg8/04XgORaFe9M4o7vGz39D0GW2JNpRh4LoO/bL7khPM5rOmzTQnWjAMA9dzGZo3iKC198ZccTfB0prlhKw0fKafdCtIwnNpd9rpl9WH7MDe7QAAWuKtbGjZxKiC4fsMVmsjYba0bsNn+nA9l/7Zffc5nxBCCCGEEEIIIYQ4/GbMmNHjmMMWrAJ4TdXEXr0Td+sKsHyQ6pG5P5qukeieX3d/oWQlZmDKd/CPuwL2EYDt85pa7/N18O7G1tXVEw7XkhYK0auwkPT07lsOHC6LPviAW2/7Efl5+dx55x0MGjgAv9+/1zjbtvl0/Xp+9rOf8+GHH+Dz+YnFYrz80ksMGzqkx+u0t0dobGqkubmZtLQ0CvLzycqSQFEIIYQQQgghhBBCHNmO+GAVQMeaiS/6E/biJ5OVp3u2BjjQedgzYE3tK+86GJm9CH7lDqw+J/zzCz7KVa1Zy7nnncegQYN46i9PkJ2d3eM5LS2tXHvddaxevRrbTnDHHXcw7aqrDsFqhRBCCCGEEEIIIYQ49A4kWD240s0vgApmEzzlP0m77LeY5aPBczorTA9qnt2/0IBrg+fhH3MhoSv/KKEqEE8kuP2O27HtBDNuueWAQlWArKxMrrjicmzbxjRM6urqv+CVCiGEEEIIIYQQQghxZDvkm1fti1V+HObFI3A3vEVixWzcLSuSAasy0Ur1/Cq+1qBTPVcNA2vYGfjHXIxZOuaLX/xRYsOGjaz8eCVZWVn069f3oM6tKK/ANE0cx6FPRcUXtEIhhBBCCCGEEEIIIY4OR0ywCqB8aVhDzsYaMBV35yqczR/ibHwXL7wxWcmqkxtYKc8FI7kDfHKzKgWWH7PXIMy+x2MNmoqZX7nvjay+pBoaGkjYNv5A4IA24+pCAVpjWRYDBw3a71DP89i2fTt2IkF6ejpFRUUAxOMJwnVhXDdZkZydlUVOTg5aa2pqakkkEmit0WhM06R3SQmtbW04tk1BQQEAjU1NuI7T+XWHRCLBjh07cF2X3Nw8cnNzOo+1t0cIh8OAJi8vr7PPa0NDA47j0KtXLwCamppwUnPX1dcTaY/gaQ+FIic3h+zd+sO2t0eora3FMBRFRUUEg0Ecx6GmphbHdUAn++36A35Kios7fzEQj8cJ19XRq1cv/D4ftm1TU1tLcVERtu0QrgsnPwOtSUtLo1dhYZdfKriuS01tLVprSoqLMQyD9vZ2wnV15OXmdt6b4zhs276dkuLizv65sViMurp6evcuwTCM1HprKC4u7tyMrLW1lda2NnqXlHT5fF3Xo6amhng8RjAYpDh1T4lEgp01NWitQYOnPTIzMsjNzWVnTQ2GUp1jW1tbaWhoJD8/j0AgQE1tLZ7ronXymcnISKegoICamhoyMjLIyMgAIBwOk5aWhuu6NDQ2YlkWSikc2yYYTKO4uGi/z6MQQgghhBBCCCHEF+GIClY7WQHMsrGYZWPxH38Nuq0Wr7Ear3k7OtqUDK3sGIY/hErLRuVWYOT1wQjlgXWQgeGXiM/vwzJNEokETU3NlJWWHvC51ZuqicVijB47hsEDB+xznG3b/G3u62za9Bm5ubk0NDYycsQxnDJ5Eo2NDTz7/PPk5uaCp2lqbuYrZ51FZWV/Zr/8EpZpkpGRied5pAWDnH3WmXy84mM+WraMb1x/HRkZGSxe/BGtrS1cdOGFnddMxOO8PGcOLW1tmIZJQ2MDF55/Pn369GHnzp3MfullLNPE8vlobW3la+efT3l5Ge9/8AENjY1cfcUVACxfvpy6+gYuvuhC3nrrbbbt2EFuTjaO7RCNx/jqV86hvKKcuro6nn1hNn6fRSKewPL5uPzSSwB45vnnycnOJhgM4HkeeTm5FJ3RqzO4rK2t5bkXZnPlFZfTq7CQ5uYWnnv+Ba65+irq6up4+dVXKUoFvQ0NDYwaOZKJJ5+MYSS7dsRiMV56+RXa2tu4Yfp0cnNzefe991n+8QomnHgiE046CYB169bzwksvcc5ZZzF69CgAampqeOa55/nKWWcyfPhwWltbefaFF7jh2mvJyMxEa83f5s5l0+Zq/u2G6ztbRSQSCf76t9fYsm0rOVnZhOvrGTFsKKedeir1DQ08/exz9E6FvJ7n0b9/f44ZMZznnn8B13W54brpZGVl8dbbb1O19lPOOO1UykrLeObZ58jLyyMQ8GPbDv379SMnJ4e/vTYXn9/P5ZdegmmavDFvHkMHD8bv9/PR0qW0t7eTSNjk5uRQXFxEcfHpB/wcCyGEEEIIIYQQQnxejsxgdTfKl4bK7YOR2+dwL+WoN2zIEHJyc6ipqWXZsmWMGD7sgM6LxeM89sRjKEPxo1tv22+16/Lly6murmbaVVeRmZlJTU0NTz7zLAMHVBIMpqE9zUUXXEBGRgZvv7OAdxYupKSkGMdxOGXiRIYMGZKcSIMyFKCJxWIsWPguZ591JspQqD22Kaurr2fzlq1Mu/IKCgsL+XDxYppbWnBdl9de/zv9+/VjyimTMQyDpUuX8tIrr3DDddPxWb6ucymVuiYk7ASjRx7D5EmT0Frz0iuv8P6HH1BaVsrfXnuNIYMGMvHkk0kkErw293Xq6uspLChAex7nnH0WhYWFydvQujMU3XUZhd/n67hkZ0Wq52lCaWlccvHF+Hw+1q1bxyuv/pVRI0eSk7OrAtfn8+GzfGzfvoOsrCy2b99OwB/A83RqHo+Vq1ZRUlTEso9XMGLE8GSVJ8mWGm/Mm09lZWVn2NvRobixsZHa2jDZ2Vms/XQdxx93LADLli9nx44dXJP6me7YvoMPFy8mHo+jANMwuOjCr3V5LiKRCKaZrIqtr68nLS2NmpowgYA/2bUjtWfeV889Jxm0p3ieh9/vY9OWatauXcuwYcPwtMbzNEOHDmXw4MG8++57bN2+jUsuugij8x6EEEIIIYQQQgghDq0jPlgVn5/MzEy+/73/Ysb3buG+++/nuOOOZcjgwfs9JxqLcfudd7JkyRJ++MNbO8O27mit+XTDBsaM2hUE9u7dm/KyUtZ+uo5jRgxHGQaNjY3EYjHC4TBZmZlYlkXA52PJ8hVUb92afD2/sJDjjj0W19P0qahgw8aNVFdXk5mZSUtTS5fr5uXl0auwgGeff4E+FeUMHjSI/v3709raSn19PWedcXrn6/DDhw/nvQ8+oLY2jGF0E8ol8z4sy6KmtpbVq6twXZdwbZgTjj+O1tZWdtbWcvZZZ2FZFpZlceHXLgCgtaUV0zRZsPBdMjIzcByHvn36MnzY0M7plWGg0by9YAEBf4BINIKnNUopDENh2zZVVVUEAgE2bvyMXr0KCYVCu33G4LMsBg4YwI6dO+nVqxDTsiguLsZ1HSBZ6VpfX8fll17Kk888y86dOykrK8PTHtk5Ofh9FgvffZdjx43DMs3Ond8+XrmSYUOGUFnZn1dfe40xo0dhWRYrP1nF2DFjyMrKIhaLEUoPMXnyJCzLQmuNpz3eeHMePp+PWDzOKZMmEgwGMU2Lyv5lbNmyhWAwSCDoJy0UxPPc1P0avP3OAkKhELZtM2zoUPr27YNhmAweMIC33llAaWkpacE0HMdGKZUMg1P/tlLhtBBCCCGEEEIIIcThIMHql8yFXzufhoZ6fvHLX/K1Cy/iZ/fey6RJE8nJzu7Sy7O1rY1PVn7C/Q88wLLly7nzzjuZfs01PW4i5joOltX1sTINE9tOpL7SzPnba1iGQVZ2dmfo6XiajPQQvQoKcZzka96QbC3Qp6KckSOG88ab8ygrK8U0u1aABoNBLr7wQtatW8+n69bx4iuvMGnCBCorKwG6VIwqlax49TwXw4CAf7dwToORmtswDJqbW/hk9Wo2bdrE5IkTGTlyJLW1tZ3z7KkjZMzOyiI/Px/HdcjMSO92XCiYRnrqmE5tuqaUwnFcNm7azIaNGykpLubrF13UGQonx4DtOFSUl7Pm07Ws/GQVvUtKiMfjdCSkVWvWkJGejtaa/LxclixbRllZGQpFwOfj9FNP5bnZs8lIT8fv92MYBrZt88mqVYw//nj8fj+R9ig7d+6kvLycRDyOLxVifvrppyx87z1s2+H8884lFEpHocjPyyUQCGDbNpZporXGdV369e3LuvXrSdg2FWXlNDQ2pKpVNZ7WZGdnkZuTi23bpKUFgWQf2uOPPZZ1G9bz1jsL8DyvSwje8dEnv9/1WRBCCCGEEEIIIYQ4VCRY/ZIxTZN/+8aNHHfcccx89FF+/OOfEEoPMWTIEPLz8vDQtDQ389lnm2htaWHSKZP5n//5KYN72LAKksFgae/erK5ay9ixY/H5fLS1tVG9dStnnnYahmFgKIPzzzuX/Ly8zlAvHo/jOg4jhg9nQCoM7aC1JhqJcuL48ayqqmLFypUMGzyky5g1a9dSvWULZ5x2GiNHHsP777/PylWrGTFiBP5AgPXrN3RuULWleguO41BYWEhtuI7tO3Z0zhONx9BeMuRMJBIMGTyIk048kTfnzaNq7RpGjx5Fbm4yQNy+fTv5+florXnttbkMGjSQoqIitKc5/vjjOjeR2pP2PJQyOOGE48nKyqKxsZE1n65NhrKeR1paGl899xy2bNnCiy+/Qk1NDX367GqDoQHHdcjOycYyLT5aupQLvnoe69etx/JZ2LbN6qo1KKV45dW/4jg2W7duIxKJ4PP5iMaiFPYqZNLJJzP3738nPRTCsix27txJNBpj9Zq1VK39lEDAz7LlyykvL2fgwIGsXfcpo0aNZOTIkRQXl/CXp58ikbAJhTQoxQknnNAl5GxtbcVxXXJzk6HpipUrueC886itC6daASR/tuOPP55Q+q7w2XVdXM8DpZh08sn8ceaj2I7DgP79unwGQgghhBBCCCGEEIebBKtfUmPHjGbsmAfZsXMnmzZtZsuWLTQ1NZGWFiQYTKOiopz+/fp19go9UMeOHcv6DRt55tnn6Ne3L1Vr11KYn8+ggQOoq69Hk6wwDQaDnedonQznPlqyhJ07a5KvtGs49thxGIYiHotjmianTZ3KzFmziCcSXa5ZUlTMnFf/SiQSpXdJMUuXr2DUqJGEQiFOm3IKc/76N1rbWvFZPpYuX87ECRNIT0+nX98+vLNwIS/PmUN2VharVq3m3HO+AiSD1UQ8jlKKkydM4JGZM5k3bz5nnXUmZ55+Oi/PeZVwXR1NTc1s2LiR8eNPQKde6X/7nQXk5OTgug5pwTTGjh3TWfHpaY32PKLRGFlZWTiO0xkyep6H6zq4rkvfvn0ZecwxzH7pZa6ffi2ZmZkdHxaxaIxgIEBp796s37iB/Lw8VkQiFBQWsnnzZqLRKN+4/nr8AT+O4/Dnxx5nxccrKe3dG8dx8VyX4cOHsWzFCurr64nH4yz68ENGjx7FKZMmoZSirq6OWU88waSmJk46cTyzHn+CJ59+hsp+/aneWo1SitzcHDzPQ2uPefPmEwj4cVyX4qIievfuTTweJxgMUNSrFztrasjLz6e9rR3P80juQKeZ//bbZGVl47oOmRkZDB8+HO25qZYD6ZwyeRJ/fW1u6pwk13FxbPvgH3ohhBBCCCGEEEKIz5F555133nm4FyEOn8yMDMrLyhg+fBjjxo1l1MiRDB82jLLSUtLT936NvSfBYJCBAyqJxmKE6+vp368vp0yeTCAYxHU9LMukoqysM2jsYBomlmWRSMRxXQ/bsakoLyfg95Odk0NBQQGhUIj0UIiCggKKUhWoHdccUFlJfV099Y0NDB82jHFjxmCaJoWFhZSV9qYmXEc8EWfCieM55pgRKKVIT0+noqyM2nCYaCzG8ccdx5DBg1FK4XkexUVF5ObmYlkWZb1709DURFlpKUVFRZQUFbNt+3ZCoRBnnXE6BQUFncEqCmw7gW07GIairLR010ZRWmP5fFSUl3e+4q+Uok9FBZZlEQymUV5WhmEY9O5dguM4hEIhsnergDUMg94lJWRmZpGRkUFlZX80mvy8POKJOP379aO0tDeGYWBZFjk5yeCysLCAtLQ0SkpK8Pl89C4pIRgMUlxcREtrK+PGjCEUCmEYBqFQCKUUmRkZ5OXlMXBAJbZtUxsO06tXL6ZOnkxhYWHnJlSu9nBsm4TtEEpLo6ioF6Zp0K9vX7KyMsnJyaZvnz5orSkpLiYrK7uzwtW2E9iOg2lalJWWYpgmxSXFZKSnk5+Xj2kalJWWdlYBa63Jzs6muLi4x9YUQgghhBBCCPFlEIlEWLRoEQsXLmTOnDksWLCA6upqmpubKSws3Ov/g3/Rkvu0/JCKigp69+59SK8tDq1f/OIX3HfffTz++OMsXryYkSNH7ioOO8q9/vrrPY5RuiMZEUIIIYQQQgghhBBHjUgkwty5c5k7dy6RSASAtLQ0AKLRKAChUIgzzzyTM888s8vmyF+kP/zhDyxcuJCJEydy4403HpJrikPvrrvuYsGCBSR2e7N48ODB3HHHHZSVlR3GlX0+ZsyY0eMY2flFCCGEEEIIIYT4MgnP465p05hZ9Q8e70HVzGlM+4dOrmLmtLuYFz7Qsf/4Gv8VRCIR7rnnHmbPnk1FRQU333wzs2bN4uGHH+bhhx/m97//PTfffDMVFRXMnj2be+65pzN8/aIsWLCAW265hYULF3b5esGCBV/odcXh8c4777Bt2zbC4TBXXnkllmWxcOFCWltbD/fSDhkJVoUQQgghhBBCiC+dSqqf6S7ErGLmjEfZcDiWJA5YR6haXV3NlVdeyW233ca4ceMAqKqqYs2aNYRCIcaNG8dtt93GlVdeSXV19Rcarj7++OM88sgj1NXVdfl+XV0djzzyCC+88MIXct1O4XncNW0mVXt9bxp37fGgH1D4XzWTaXvOd0RI/lJh2p5/7prHAf1OYn/C87jrAH+5sWTJEurq6mhububYY4/l1FNP5ZRTTkFrzdKlS2lubv5nV3NUkM2rhBBCCCGEEEKIL6GJEytYsDLM1Km7bVpctYj5U6YwZf78Xd8Lz+OuLmFrJdfedwdTC1PH/hcmVjzKo/OBKbdya5erhJl31wwe3TCFW2dNZ2jn1x1TXct9d0ylkCpmTruX+QAzprH51lmcu+MuZmy+hFu5l3tTy5ly6yymD+3mZva3xm6OV157H3d0HKyaybR7d93vPq9xBHnhhReorq7mxhtvZOLEiUCyOvSJJ57oDE47WgB87Wtf62wD0BFwXnXVVZ/rejZv3txjP8oXX3yRcePG0adPn8/12p0KS6jgURZVTWdox8+vbjMbKiupXLCS8NSpJH/iVSyaD1NuPcJ/yD3o+pwm/7uaMbOEWYfo4V2wYAETJkzghz/8IXl5eQDccsst1NbWsmLFCiZMmEB2dvYhWcvhJBWrQgghhBBCCCHEl9Ex46lYsLJLlVvVovlMGT9+1zdSgWTFrbOYNWsWs2bdx7WVG3j0f3erjtvwKAv63Jc83iXUSYWoFbcya7dQdcHE1NhZs7i14lFmzKwChjJ91q1MoZJr79stMJp/L890zH3ftVTf283r/z2uMVmFu+v4rVQ8OiM5T9VMpt0Lt6bWk7zGgbYjODzC4TCvv/46Q4YM6QxVN2/ezCOPPEIkEqG8vJzy8nIikQizZ8/ufA1/4sSJDBkyhNdff51w+PO9wblz5x7QuC+2JcBQxk+B6h277q1q0XymXHIJFRs201lHG95BNVMYf3TnqnsoZOolU2D+okNaYTt16lR8Ph+2bXf+ufDCC8nPzz+Eqzi8JFgVQgghhBBCCCG+lIYyvmIBKztzqCoWzd8jcCqcyh2zdq+MK+SYiZV7zFPJxGMK2VPVzBk8yrXc13Fy1Rwe5Vpu2q1Cduj0W5ky/5l9B5mVu40vnEoyO9ojOuphjeF5zzC/8lrO7Tw+lOmzZjF9aJh5z8xnyq3TGbrbXDddC4/OOfJeAO+wdOlSAM4888zO7xUWFnLGGWdwxhlncPfdd3P33XczduxYIPnKdoeOczrm+Lzs+fr/vlRXV3+u191TQZ9KNmzuWEuYHdWV9Cn4/+zdeXgU153v/08vEloQSwshMFsTEEY4+BmEx4BpIDjYJNeeeJlfEMuMA8mMk4sJ8LMSJoxNwLE95BLjCzEmk/ySxww3iGXuxE5iPzGOYwKSDdiAJ3YMRhgjgTCbWhgE2nqp3x+9t1pStySkFnq/nkdx6DpVdapO9amqb3/rVL4mz9yj4GFTVaGTo0ZoQKDUW0/F9Th98+UiH80PBf4v6a2nHtFTb70Vmv7UW7rkH54g1vqOvRT2aH97BxA+9lLEUAHB4RCaPO7ftvGKv/zlL8vj8ejixYuqr6+Xy+VSVVWVLl++LIfD0WJw1ePxqL6hQXX19TH/GsJehpXsGAoAAAAAAIAeKn/ycO0KDAdw7ID2zJysRZIONCkZ9qi+JI2a1vKC96zVWkmjFo5X8Gn8c6elk3tU9MiWqMKjtLC55QwfrPCQ7YARo6SSc7qkwTEKx65jVcVJafgcNQ39VqnipLRn7SPaEz1pZrNb1uUqKiokKTimquR77D/88f7du3fr448/Dk4LCMzT0RmrgXW15kYHVnPGT9OoLQd0bFG+8i99qBJN0+IcSSNGac+BY1qUn69L505r1LT7fcfDsZdUtGW4Vm5drXz5ApsxH6dvttwAvfXUWp1euF5b787xZ0A/pRFhw1Cc3FKhOVu3apH/+CzavFDrt25Vjj/T+tVjd2tRvi9wu/b0Qq3ferdy/NndT70VNmRFi3w/EmjmSv+PBMf00trTWrh+q68ex17SI2tf1bG7w35EaIctW7botttu03vvvaeKigo99NBDyszMVGlpqd5//309+OCDeu211zR9+nTdcsstMZfx+eXLqq+vjzmtb9++6pWa2gE1vfEIrAIAAAAA0FPlT9Zwf8BFB/Zo5uRFUsTDxKFg5Sh/8OjSW0+pqLUnukct1PrF0uaizXprfNhYp8ExVTtSG+vo1x3GVA3XWnbohg0bghmpY8eOjTme6o0OcDbnRr04KyhnsIarROcuSflVFTo5fLLvWBs/TaNKzumSBujDEmnaYv9oqwf2aNTC9cFgY/79CzWqyB+YDVvssQPhQUspf9FWbZWkS2+p5OSo4PKUf78Wjiryj13s+2jUwvv98w3QiFHSqGn+HxtyBmt4cA2X9GHJSc2cs9r/3fA92r9lV/jYsJGa/CAwKiw7XPlatHV1aOnnTktha2urzz77TK+++qpGjhypgQMHauzYsfrss8+0bdu2YBm73a5BgwYpIyNDb7zxhiZMmKCxY8eqV69ewTIWi0WZmZnyeDxyuVwR6+jVq5fS09PbXdfOQmAVAAAAAIAeK1+TZ67VgWOTpT0zNXlR1ORjB7SnLcHQ4YOVk5OvOTO3aO3mtzR+9d3KGTxc8o91GfeyTp/TJeUHy8fMPm2ljqEs1/yo6b5AV8m5S1J+x4Z6b6QBAwY0O62ioiIYVF2wYEHEcAFSKLA5fHj7g2zh60y0/A17gZXyNXnmSR2oCowX7D+gc8Zrmjbrw0uDVXFyuCbnSL6hAqSTe4oUmUQ9yheYDf7bV27UtBj7vapCJzVcc9p9+DSXPT2z2e9Lyz8IRL4kbtSo6OE72ua9997ThAkTNHDgQJnNZt11110qLy/XuXPn5PF4lJ2drZEjRyojI0NZWVnKzMxURUWFbrnlFuXkRG5FZmam6hsaIgOrJpMyMjIigrDJjjFWAQAAAADowfInz9SetWu1Z+bk2I8Jh7/459hLKgpEa+JZ9qKVmnlyiza/dcmfzbdHa8MHczz2kh555KXmX7hzcouCw51eeku79ozSwvtj1LKFOubcPUczw5cTHPtSunvOTJ3csjlsvMnAtOR9e1UgKBk+dmpATk6OlqLZ6gMAACAASURBVC1bpmXLlgVfbBUuME90kKs94n1xVVvLJ2rAiFE6fe6Yf3zVwKc5Gjz8pCo+PKfTweM8R4OH+7OcAy8v27pVW7eGZViHlQuN3RqxMo3SaZ1r9+HiC/LPXLk1qi5tfHT/2KvacnJm8KVsq+d0TCD9008/VZ8+feT1euV2u5Wenq78/Hzdfffduueee1RQUKD+/fvLMAy53W717t1bFy5cUF1dXZNlmc1mZWZkKDXskf/0tDSlpaXJZDJ1SH07A4FVAAAAAAB6svzJmilpZqzXpOcv0sqZe7Q28BKcXSO0fuVM6WT4S69aXLgWrQwEL3N09+qVmrlnbeilOmullcHgkS/bcEtRWGBz1Expl79s0RYNXxkd9IqnjvlatH6hTq8NvMinSFuGr/SNXZm/SOsXSluKQtNKpsU7rmXXCLyUKlaAsqKiQhs3btTGjRtjZpKWlJRELKO9jh07ptLS0oTmKS0tTTjLNRE546dJFQdUoWkKf6da/uSZOl1SorBoq/Inz9TJLa8qFLt/KmagP3/yTGnPgchyT72lSznjNW3USZUEvgzHXtWWk7Ff5tZKrTV+2ijt2RV6mdWxl1p+mVbrAgFf//irwVUN1nCF1/lA0zGGY7h8+bJMJpNcLpcaGxvj/pOkmpqaJo/8S1JaWppSAoFVk0lpaWkRgdbugKEAAAAAAADoSXLu1uqtd4d9kK9FW7c2++/8RVu1NWqIgNDk6GWFjT8Z+iCsvG/Z0SMOxFrXpbckaYTuXx2rfCJ1VIxtDp+0Ws1MSko5OTm699579cYbb6ikpCQiMzV87NTTp08rPz8ULA+80Oree+/tsIzVDRs2tGm+tWvX6t///d87pA5N5AzW8D1btGfmysjjZsAI6eTp0Hiokj+w/pSKHnnE/8EoLVwfI0u0SbmZWrnVN/TE3atXquKR0HACM1dubRr8j6fad6/WyopHwl7uFlpHwvxjvW4pekRbNEoLVy7UqLX+sWdz8nX/wlEq2uKv88yFWjhKai3UffnyZVkslpgB0paYzWZdv35dbrdbKSkpTaZlZmbK1dgoa0pKt8tWlSSTYRhGV1cCAAAAAAAgnO8FVNNuwMuuur/a2lo9++yzOnPmTJOxVAOZrNGfbdu2TcOGDdMTTzyhjIyMDqnHr3/96za9CGv48OExX6qF5PXnP/9ZJ06c0IQJE2S1xp+nefToUfXr10933XWX+vXrF7PMlStXlJqamnQvrSoqKmq1DBmrAAAAAAAA3UhGRoaeeOIJPfvss9q2bZsOHz6sr3zlKxo7dmwwoFpbW6uPP/5Yr7/+uj7++OMOD6pKihkcraioiBhTMz09/Qa+rAqd5fr16zKbzfJ4PAlllZrNZtXX18vj8TRbpm/fvh1RxS5BxioAAAAAAEA3VFtbq9dff127d+8OBjMDgdPa2lpJvsDm7Nmz9fDDD3dKnQLZsQHRGbXonsrKyrRp0yY1NDSoV69eysjIUFZWljIzM5Weni6TyaSGhgbV1taqpqZG169fV319vbxer+bMmaMpU6Z0aFC/M8STsUpgFQAAAAAAoBurra3V4cOHVVFREXw0f/jw4RoxYoQmTpzYqQGt2tpa/eIXv9CRI0dUUFCgRx99tNsF1ACJwCoAAAAAAAAAJCyewKq5E+oBAAAAAAAAADcVAqsAAAAAAAAAkCACqwAAAAAAAACQIAKrAAAAAAAAAJAgAqsAAAAAAAAAkCBrV1cAAAAgUcZ1pxr2bZK7/KCM2sutlfb/13Sjq3UTMMncd7DSH/hfMueM7urKAAAAAEmNjFUAANDt1O/ZINfR11sNqhqGIV9AlaBqfAx5r3ym2pe/19UVAQAAAJIegVUAANDtuE/tj6sc4dS2MWoudHUVAAAAgKRnvX79elfXAQAAIDGNcV6/mAitthXXiAAAAEDLrL5H5AAAAIAQrhEBAACAljEUAAAAAAAAAAAkiMAqAAAAAAAAACSIwCoAAAAAAAAAJIjAKgAAAAAAAAAkiMAqAAAAAAAAACSIwCoAAAAAAAAAJIjAKgAAAAAAAAAkiMAqAAAAAAAAACSIwCoAAAAAAAAAJIjAKgAAAAAAAAAkyNrVFWhWWbEWbyiVfd7TWjEtu+WyzhKtW7VfU55eodaKdui8ncBZsk6rtpc3nWCfp6dXTJOvymUqXrxBWr5Z88cE5hmq5Zvna0yzy2x++o1XpuLFr2hYku7zTuMs0bpV2xWjdX0cy7V59oWkPj4T4ztOS2NNcizX5vlddDQWL9YG+dbvLFmnVWce7Jq6lBVr8SvDwr7XnV4BFS/eoMpm+9zWpre06GL5uqh4+5ywYyWir0sS/vNTU4529qtJvt3dWMqcN5Q2LKvphOrXVPPSMx2yjrRF+5Wi5pb3pDKK7pP+OkW1uztkdQlLmfOG0nJOqP7Fx+TqgvU3ez0T1f87S9Zp1f4pN+D4d6pk3SqdedB3rdT9dWyfnch+79JzZbfW3HWQXfNuius8AAB6piQNrDpV8kqpHA6HSrfvVtm0GxgAzJ6mFZun3aild4wYQaey4sVatU7NXwDbK/XKuhJ9K3p6WbH/xmbojasv4hNx7DV3wzcm+Y/PhMS6efDdaKwb1oaAXQcYM3+zNnf6WpPY/l+pOHdF1HHoVMk6382gvTPqUHZIpckeWIxRP2fJOq1aXNz24Gp32O7urEkQtVDpjy1X1iJ1WHAVrWhyPeM79y0uDn2ePW2FbqrT3o3WQX02+72zNL0Ocpas06pVxcrtsoQHAADQHskZWHUe1f5yhx5ccYdUukGHyuZrTNSVRlnxYgUShuwOR/gUXzbk8inav8GfDWifp6dX5Gp38FfisIuaiIxV/7zzhmr79sDvye3NQLoxxsyeJ/uqM3JKzdyAT9GUoft11Dkt4uKt7JA/YB0zbTCJRGWEOZZHBhzD299fwHdTFiszzlmidavO6EH/Z5FZM0meJRB+fMq/HculDYGND2a1BjJfo47XVvZjchij2fPsWrX/qJzTAgEl3812qJmigk1R2b7BzHZnidb9SpoydLu2l0pyLNfTw16JysKJzPAOZKw+PewV/3GxQYsrfetzFi/WK8OWa8r+Df66+I6X3N1h/U9ENlBUNkpYEMGX4TNF8yq3B7crOG9YO61afKZL+5yhU6ao8lCZIjpd51Htl0MOe6kqpdiZ/glkpZYVL9Yrw+Zp6PbtwX3liMi49+2gVYu3+z+POh66MMO5JdnTHpRj+yu64JTGZEutHQ+/0pTgPrjjbrsOvRW93dH9Vfj3u0zFiw9p2LxKbd9eLtnn6fEp+/X8mQe1XBsU6iI2a/aFsGVE7Luo/arw4zmO82Fz38Ng/WJve/LYqboX85RRdJ8yZj/jzyT1BVutaaFSxpkNurZrp+8fBS+q98wCmWJNkyTdpoyi/bL4/+WJzlC9ZbuyivyhrvojUdmjvqzWwLzRy05btF8ptrBlhQWK0xbtl/n6EZmHFcikGrn33Ku6I+HLq5GnOvE9dONla9qK5TqzeIOK7wg75v19tqK+J7G/F9Hn8VjHXnboWN+wOCyLs4W+Jfp8Mn689GHfiO/AjcuujV9cfXZAk2z70Hc6er83d74K7fvQuTJbLbVJHH1Ja/Vq7twZ2NyWjoducB2UPW6K7DoT/Hf4kzSSIs+5zthPTNjnPa0Vububn5a0F7oAAHR/SRlYdR7dr3LHgxqjMZJD2nCoTPPDLhjLihdrQ+U8Pb15mrIDF8Wya0qwRLm2vzJFT2/erGz/BfaqxXbNe3qzNmf7599dpmkxr6zKtX1/YF7fsjcU35GEN4StG3fHUP3qqFPTwm50D5U6dMdyJXdgNRig2ey76HaWaN2qdSrxXyhHtn+gfOCm7A45FBmMDx1PYTcOm1eE5u1WWQKl2nBouTZvnu/fLxu0uNTh31e+4/WVktlhwbrm92Py8m3H/ilPa/MKfyi0eLFWFef6v4dlKl61XUOXb9aKMfL9e/EqFedu1vxsSeXbffNu9odoS+Jba/a0FXpakY83OiWVb39FU8L7jlWLZZ/nX35ZsRZvCGTVhwK2m8eEtmNdSdgNTel2nQlMLyvW4g2/Usm4FZo2Zr42L1cXDwXglztOU/bvVpmvB5bk+w5pyoMatt9/k549TlPs27U/rH8pO+QbuiXe71H59v3B/eosWadVG4p1x+b5GjNthTbnhg+L4O/jhy7X5hVjFCvDLTm1fjyE7wNJ+ubtkcNBhIZtWRHqvyIyYku1/cxybd4cCNbu9/0YuXyzfF3EOq3asFilDn8ZZ4nWrXpFJbNXaFp29H4NrM9/TGZLLZ8PW/gejonju5A0npG3+j5Z+xZKki+oWvuaal70BSx9Qwh8S+kFO32BypkF8gaDpU8qo2i5MmbvDAVPbdky9kxRzRH/vF/crrTd81Tvn2yxSa71U1QvXzA07bEXpRcfk8sfVDWf2aCaXTuDy+49R7q2a6cvqJpxRPXr/YHY2duV9cXwgLBkGWYLLlvRy/MHhIMVSSpjdIdDeiX0i0SE6O9Jy+dxX6Zm5byntTkscLqu5GmtWPG0FPFkSBx9S8T5xHdch64vnDq6v1yOB1ckf58t+c85lZr39OawgOeG5q9xmztfxTpXtnpt1UJfEk+9mqtLtvxPYoX6yYh1d5PrIOfR/dK8b8V3/hwz33cNGJjXf554cFq2pJamAQCAG8VsGIaS6++4dm8vl2NingzDUN69c2UvfUX7qkLTD5VKjgccshmGDMMmxzfnyi4FlyGFT8/TRIckxwNy2HzT8yY6pMrzqgorH3tem/In2yPKdv6fJEV/VqV9v9qucsdE5YXVW9Hz5E3U0P0fhep+/JBKHROVFyzede3c/PqrtO+VUjmWzQtum2Fz6Jtzpe27j/vab96LevH7gTbybacjuP2+9i49dDy4vI/2B46n49q9XZr7zfB552mZo1Sv7Kvq0v1hGIaMiDaMva8ku+bem+ffL/mabJfsc+/17yvf8Vp+piqu/Zg87e77ztsn5/va5fhubddcfdNhC5bJm7dMDn8/ULXvFZXa5+revMD8eZr34oualxfaR5PzbWHLb/odivi+KHx6VFnF6Dvk0AOBuuVNlEOVOh+ol2NZsB6Bvknbd+t4YNnh9c6bKIfKdaaq+Xp2RfvIsCl/cqUOHQ98XqWP9su3T4P7zX+sBfuX4zpUGr3fw/+i+pyo/WrLnyy7fz822RfHd2t7uUPL5uVF7NfI80Jn/8Vuq+PFG1Rqn6x8W7zHg69s7OX6z4Vh32Gb45uaaw/1V5KC58rg/GHHmG+/RvcZgWPOJsf3X9SL80Lz+8rHdz5s6XvY+rZ34PHaATzXa2TKzJMvg3VKxLAArk9OqPk1PaPa9VEZqdX7VHckfN5smQrC1vXXUJC1/i9HZKTlyVogpcyZLkv9ETUEM1SfUe1fy2Ua9qDSJNW/NEU14dmtuz+SJ7o61R+F4qazb5NF5XIHlnfkMTWcqYlrf4TrjO+NYRiyDQ2cu6LLKep70sp53N9fBPto/3H+/cC/fRsVd98SeT6Jur6o+kj7yx2amJfofujg70BcfbZvP7344veD/W7w+jjm+U8JnK9av7aSWri2jqdezdbFd60Tug4KLG+e8pL2Oqhc21ct1uLFob9V28vDjn8j6rok1NZNlle1T7/aLs39Udg2xjONP/74448//viL+y8eyZexWnZYpfa5+lHgZ9vscZps36EDgcwo5wVVyq7J4T++Zue2OmKofWg3/rW2dKMei84wtc/Vj+a19tv2GE0c+tvgcABlh0vlmDhP0uEbVNGO4FRluVS68bGmg/s7okqW/EQ/3FHeZPKYiQ5p42GVzRujMc6jOlDu0ANj5D92ylX6w8e0I2rR9rkduxWdaWhurGM7/v3Yucq1I+b+/5G+78+ocF6olMpL9cPHmpTSXEnOynJp6ANdlyFkHxpz3U7fDm/6Xe3aHd4m2eMmq/IN/6OlzqM6oMn6ZrZ0NKqMfUelbzgS5wVV2ifr3hvQKM4LlZJ9cuQ+j6PPv+HKd8Q4Rh1a9qIv27SsvcdDrHOdspWb8IYPVcwuIkzZ9se0MVhPuybHU70Wvoc3w3ch8rH7QEDyGbnOTFfaF/cr64tqw4uvamRcCvvnkXPyziyQKUeyZGZJteciXyp1qVqGbBFLiH4JV5PgaqBc32yp/kTEdNcVp9JyEqhuMmrlPB6zv2h2UYn3LWMmOqTfXpBTY5TtrFS5Y2JSPO0ST58d5CzRT364I/TizPZ+LTvq2qpN9fJd6wx9oDtdB9k190ffj8yYLduuxzb+ViX3fj+BTNoybf/hDmnuj2LM09I0AADQ0azxRmA7h1Mlvy2VytX0hrX8DZU55irPCP/VNrJI5GdR05tEmyMj0M3Na4T/Kt/ezWsDw5DkWKZNc/NiToysk6/e4XXOmzhUG98ok2OudLjUoYlzDRknmpu/c8VqwwDHsk2KvcmGnCXPafXOckkOLdv0PeXphHYs2ahgu+VNlEMbdbhsrmznD6jc8UBYZq9dhU99L+aFZtd+F4ywDIXwj8OOT0Ufq03nif5vS/uxa0Tu/xM7lmhjaSi7yFc3SfZCPfW9WI/EGwodvjG2Icb3ufnvcOS+jpwnqmSsviPW9Ba+q8646tF1fU2IIcOWr0mVL2lf1fc07ugBadIiX6aRFOpLbfmaZN8R/J5FlGl20c3st2b7YUNqoQ9uqQ+54Zo7RsPr2ebjoblzU9g64jlfhU0I9hVh8/i+f/5t2TRN2c4SPbf6YFznw1BVmu3E4zxvtZ2p9SJxsWRmybju61mCAdV6/2P3BS+q98zQdrh23RvxKH5W0X0xxlnteKGAarlc6+9Vvf9R/xutI88VzfWvki8Ybx9iU8T5Ldb3v5XzuG/ol+b60cjjv6Xru9jnXPmuL8p/q4+qHBp0uFSOiXO7+NpBirvPdpboudU7VS7ftcH38vx9gNT6fg9flxHVlq1eWzkj5vVXKbT8BOrV8rkz9t5JvuugGP163j0qtK/WgY+q5Ajbic2fI50qeW6jSh3LtCns+smnpWkAAOBGMHd1BSI4j+pguV2FT23Spk1hf08Vyq5SHT4hKXuQhqpcZ8NfwuA8Hzk4P0LyJspRelgnThz2DQPQ1fVplU1D7FLleWcz0506erBcjmWbtGnT3Ga2x/+43uESX9mJ/lKxjp2bVmv7MTnkzX1KhfZSbXyuRIGaZg8aKpWfVXPNZPNtmJJty5K1Xm2TrXGTpINHT+joQWnSuFgpL9kaN8nu/541V6YDahLreOgGfX67j4eY/ZVT5ztsw0/ocKn/fBvzR4yWtbR93eu78KTMNsl7Zaf//9fIvSfqsftYds9Tzfopqj9TI1POdKXEta4smcIzRgsGy+zPYvVcr5EyBkcuJ8fmDx4XypqTJc9fp6hm/by4hkl1XXFKabbgi7AkfxZrUjqhw6XS0EFx1K+V83hr549Wy7bat+RpoqNcB4+W+H6sTpqLqtb7bOfRgyp3LNOmTbEDjW1fdfuurdpXr5audbrHdVC4uL4DkpwlL2lnuUPLYuywlqYBAIAbI6kCq86jB1Vun6Qm14PZ0/SAQyo9fEJSnu4ptKv0t4FAjFMlL+1UeZOlwSdPEx2l2rixNBRgTGrZmvaAQ+U7X1JJ8FrYqZLnlui50AdhF8r+X+ajlpI30SGV7tTOcruGBJ+k9B87G3cEsx6lE9qxZIl2nNBNJr792PWyNW1RoezlO7U60Ah59/iCreGNcmKHlizxtVv2tAfkKN+pPwYnt7xdvpvngzrqn+ws+W3TxwI7Ykv89XoprB7Okue0JCxo3J1kj5sk7dyonYrRJ4eVsZfubLFMuzU5Hvx9vuOBpH7Esf3HQ9P+KnDD/ECHbXh4MOSEdqyO/1za0vew+3wXCpX+2H2yVL8WNk5qePDT97KqUGbsk8oo2q+M2aH5rTlZMi7tazkIG8Yy+kV/8LRQ6VMKZPKPyeratU+etAL1mlMYWtcX7TLOvBIMpJr7Bqb5693Sina/Ine9XdbA8gpeVK+wIQSSRyi7Lr44UCvncX9/8duwY+/EjiVaEusk38a+JW+iQ+U7dybdj9Xx9NnhP3g4S54LGwKkPTrg2qrN9Qpc6/wxtG5niZ5b8pxKnN3lOkjSiT9qZ3koUG8bYpdKDwe36cQfw/rmEzu0eqdU+FSM5IKWpgEAgBsmiYYCOKE3dpbLXrgw5uOkowumSj/9rUpmFcnhKNLSyu9q9RLfo3dTCwtlLz8YGqBfinhUssnji7EesWxu3uDkLhoKIKxuLZUKr3d0nUcXTJVKpYLR/u2KeLy8KxgyVK6dq5co8uFJuwrXFMkxulBrCtdrTdh0e+EaFTlsMgzJsbBQB9eslr/5NXXpGhX+bo12HipT4Wj/peToAk1Vqd62T/K/9ML3sc1/7GxcErpqn7r0Bc0d3fxjZJ2jmcd+w49Phf1/I/Y8EcdLi/uxa47m6O+XJMnmUNHSSn33pxv13JA1KnJky1G0VJXf3ahQM03V0hfmarRhyNBoFa4p1Po1S7QkOHmpXnDYFHriMGwdowu1dOp39VP/frAXLlWh/aeqDHxfwvoHW/4k2Xdu1JJS3/rCH4cMLNf3n6hHqw1DhhGoV+jYlL1Qa4p8L+wIVS3WvPIds+U/1eolB33fg04PGkbVx5avSXZJk/wvFQsdjKH90aRMc4uO3G9N++RQuaZ9lE2OojXS+jVaEmjwqUv1QuHornvEMa4+NNHjoelybY4irdF6rQltuJa+UOj/HsRxvmryCG14nzFahUun6rsbl/h/aLCrcM1STV3zUx08WiWHo7Xlt/A9NGwtbnuXDQVg8z26H844s0E1ES+Muk1ZgTFUVSP3ntfkmXmfLKMLpSPR0+UbZzXuYQBq5L5kU1rRfqVJvuEGgmO0PqPa9VJG0XJlFS0P1i0wxEDd/unqPTM0zfPXDXKPXi7rLU9KijXO607VvZgXtrxyuc/UyJrgGKsdOhSAJJWG9+s+9sI1esGRHVxX+HEWXo/Av1o+j9v854/oY2+0DEPKn2TXzo1LVDp1qV6Ym9dy3xLdLwX4ry9U0IV9kKRE+2ybY6EKD64JXjtr6lKtKfyd1uw8pLLC0cHRfGPv98h1RZ8r81psk5b7kuwE6hX73Om/1gk2om/dDpshw5aM10HNX/+ODvb9vn0S2J9Tly7V1NLfSYahskO+z5osY+pSLVXz014ggxUAgBvGdPny5WSJrAIAuhWnStdvkRZ2RSAYPZ3lV1/t6irc9Dzf+kNXVyEJndDOpUdU8NNCsgIBAABuck8//XSrZZIoYxUA0K04j+mgJukbtqiMLgA3Ba4RYzhxWG/fVaA5XfbUDwAAAJJJUo2xCgDoHk7sXKZlPzqoSd+YmvCLjwCg+3Hq7eeXadkmaUkhuaoAAADwMTmdTn5wBwAA3UrKS/e1Xgjt4lr0WldXAQAAAOgyzz77bKtlyFgFAAAAAAAAgAQxxioAAACa4BoRAAAAaBmBVQAAADTBNSIAAADQMgKrAAAAaIJrRAAAAKBljLEKAAAAAAAAAAkiYxUAAABNcI0IAAAAtIzAKgAAAJrgGhEAAABoGUMBAAAAAAAAAECCyFgFAABAE1wjAgAAAC0zXf3f07lqBgAA3YunsatrcPOzpHZ1DQAAAIAus+bMHa2Wscpk6oSqAAAAoFvhGhEAAABokVXuhq6uAwAAAJIN14gAAABAi3h5FQAAAAAAAAAkiMAqAAAAAAAAACSIwCoAAAAAAAAAJIjAKgAAAAAAAAAkiMAqAAAAAAAAACSIwCoAAAAAAAAAJIjAKgAAAAAAAAAkiMAqAAAAAAAAACSIwCoAAAAAAAAAJIjAKgAAAAAAAAAkiMAqAAAAAAAAACSIwCoAAAAAAAAAJIjAKgAAAAAAAAAkiMAqAAAAAAAAACSIwCoAAAAAAAAAJIjAKgAAAAAAAAAkiMAqAAAAAAAAACSIwCoAAAAAAAAAJMhqGF1dBQAAAAAAAADoXqzEVQEAAAAAAAAgMVaDlFUAAAAAAAAASAgZqwAAAAAAAACQIMZYBQAAAAAAAIAEkbEKAAAAAAAAAAlijFUAAAAAAAAASBAZqwAAAAAAAACQIMZYBQAAAAAAAIAEEVgFAAAAAAAAgAQxxioAAAAAAAAAJIgxVgEAAAAAAAAgQVYvkVUAAAAAAAAASIjVy1AAAAAAAAAAAJAQXl4FAAAAAAAAAAlijFUAAAAAAAAASJDVyyCrAAAAAAAAAJAQXl4FAAAAAAAAAAliKAAAAAAAAAAASJDVy9urAAAAAAAAACAhVmufgV1dBwAAAAAAAABIHtdaL2IyDFJWAQAAAAAAACCgqKio1TLmTqgHAAAAAAAAANxUCKwCAAAAAAAAQIIIrAIAAAAAAABAggisAgAAAAAAAECCCKwCAAAAAAAAQIIIrAIAAAAAAABAggisAgAAAAAAAECCCKwCAAAAAAAAQIIIrAIAAAAAAABAggisAgAAAAAAAECCCKwCAAAAAAAAQIIIrAIAAAAAAABAggisAgAAAAAAAECCCKwCAAAAAAAAQIKsN2KhV65c0dWrV+V2u2/E4gEAAAAAAAD0cFarVX369FHfvn27Zv0dvcArV67o2rVrysrKktV6Q+K2AAAAAAAAAHo4t9uta9euSVKXBFc7PPJ59epV9e3bl6AqAAAAAAAAgBsmNTVVZrNZV65cuTkCq263WxaLRYZhdPSiAQAAAAAAACDIYrF02XCkvLwKAAAAAAAAABJEYBUAAAAAAAAAEnRDBkJlGAAAAAAAAAAANzMyVgEAAAAAAAAgQWSsAgAAAAAAAECCyFgFAAAAAAAAgAQRWAUAAAAAAACABDEUAAAAAAAAAAAkiIxVAAAAAAAAAEhQUmasntjxXf307RgTrFkakjdJ9/z9PZqYm9GudTTPqdL1a7RThVpT5FB2u8t1NX89hyzVC3PzuroyAAAAIgHgBAAAIABJREFUAAAAwE3hhgRWO0a67JMKNCSshnUXjunYiTe15ZmD+uCff6BFt/fpuuoBAAAAAAAA6LGSOLCaq0lfnStHdCpo7VHteOZnevul/095TxY1nQ4AAAAAAAAAN1hSDgVg+P/XMAw1WVR6vgr/eYaOPL9Xv9tzSlP/3u6fUKvKg7/Rb/7wocqr6+SWZM0aotu/ukBzHEMVHDigtlKlu7bpDx+cVY07VpnAOl2qLXtDO3f+QccuumVNH6jb/25hzHLOj/6vXvqPt1VRJ6UPvF1/t3COHEMjhyqorTyo3/zmdzrySY3csiprdIG+9vDDmhRRLp5tcKp0/VPaNfQb+q71D/rZ3otS1p1a+MQ/6PYM6erR/9KWbW/rkxq3rAMLtOB//p2/ngYvFQMAAAAAAAA6SBJnrLbA7tAs2179/pNyOWVXtqQLf3xe635frSF3PqwFBTal15zV23/+g47sel516Wv0Pyf2keRU6c/WaVf1aM14+BvKt0nVR97Ub3atU6X7CT35pdzQOs7+Ts//LFcFDy/Qd2xuHfv9Tu3d9bzU539p4e0pEeV+9ss+yv/aAn0nq05H3vyNdq07obPfXaPCPF+52hM79ewLb6tuyJ16+BsFsrk/0d4//Fnb1h1T+XefUGGeL2Qa3zb4Hdymn+VOUuF3vipXdbrsGdLVwz/Tmv84Jg2ZoQUL8qVP9ur3L2xR1o1vEQAAAAAAAKBH6Z6BVWXJlivp2AVVS8pWuT54u0ZZU/+nHi/Mky+cOU7jCnK15V9+qSOfXJAm9pGcx3SwQrrzO0v19+P8ixqXr/S6J7XrgxNyfik39BIqt01ffeJfdI8/1jouL101//JLHfnghBbePi5UFbdNX33iyVC5iXnKfeZZ/f53BzWryKFslesPv3xbNSMe1uqiL/mXP07jJhXod8+s05s739WXnvyScuPdhuB687Xgu4WaGEx4Ldd/7TomjZijJwIv0xo3TuNH/1pP/XtFR+58AAAAAAAAoMdLzqEAjND/ib2odGX1l4LDBWiEZq3+sWYF5gkUs96i0UOkI7W1ajQMpWRlyWaVjvx+h/KzvqrxQ/soRekq+Kf1KgjO6597yFRNGBi2/sCyLlSryjCUHSg3epbuDC+ngZowdYh+//JBHbsyVVOrD+vdOmnCrLtkC6+bhmjGrNF6s/jP+uD8DM3KjXMbAlNG5GtEeth6L5zQh3XS+Fl3RqwnPX+WZtne1e8NhgIAAAAAAAAAOko3zVi9qotnY33uUq3zgs5evKiLJ47pgw8/1CcXJalGVyVlp9yuv1swXhXb3tF//OQdyZoum328Zs2apQn5uYoYFdWaEmsFTQ20qU/UR9lDRkh6XxeqJblcqpNNQ3ObLq+PbaCkT+S8Kik4CkEr29BcPa46VS2bpjZZT5ZsA+PbFAAAAAAAAADx6aaB1WpduChpxFDZ/J84j/xSm7Z9qGrfG59k65OrERPu1Pj39+r9sDmzC/5JqwuuqvLYh3r3z2/ryCfvate/v6vfjJijf318avOBy4Slq0+6JFf8c8S7DYlJkTW9zTMDAAAAAAAAiCEphwIILkfNDAVQfkTv1kkDC0b5Hnu/+q6K/+ND1U14RD+cXyBbMGnzgt58f6/elxH5eL2yNGTsXXpo7F16SC5d2LtJa1/+vfaeuksP2eUvFz1P088NSaq+qlrDUHjssvpshaSB6p9lyKhNUbqqVXmhUcbAyGzSq9UXJQ1Rrs2QcSX+bYhZvyybbDHX49SFCkljO65dAAAAAAAAgJ7O3NUVSFjdMe361V7VWcfqKxP8z89fLNcnksbfGR6QlHT2Xb1bHfqn69jL+tHKVXq5PHyBKeqTFf0wfwI+3huxDtV9ojffPCuNLtDodEn2CbozXXr/zXdUHTHjWe198xMpa6xG2+Lfhmbl5mtCVtP11H2yV3vjmR8AAAAAAABA3JJ4KICLevf1XTobVsO6ix/qw09q5FaW7lryDRUE4qEDR2us9R29+6ufKH3O/RqbVafq9/fq1SNn5QqbP2X0eI217tXeTT/R1a/M0J1DslRz9h3tff1DWUd8XTPsbahmVrXe/Lef6OxDX9aElLPa+/pefVw3Ql+ff6d/7FW7vvKtu3Rk08v6t5+c1UNfniCb+xNfueos3bVkloYksA3NG6JZ37hL74atJ73mHb36+w9V04bNAgAAAAAAANC8pBwKwDd3nSrefUcVYZ9b0/prxIT79OX7ZynfFraerAl6ZHmt/nPrq3q7+Ofaa01T/xF36v/53rdle+dH2vjOJ6psvEv9U0bp6ysfU/+tL2vf68V63z+W6ai7HtXKh/LV3zB8ww/4a2FEDAUQ/bn/3+Pnafmo9/Tz/yzWu/VS2ogJ+sdH56ugf2gYg7RRX9fK743Qyy+/qpe3viu3rMoadZf+8dGvqCA3zbcdcW9Dc/ULrOcW/edW33qUNlDjH/xHTXjv/+hP/vIAAAAAAAAA2s9kdHC07dSpU+rTpx2P1gMAAAAAAABAnK5evaqRI0d26DKLiopaLdP9xlgFAAAAAAAAgC5GYBUAAAAAAAAAEkRgFQAAAAAAAAASlJQvrwIAAAAAAACAZEbGKgAAAAAAAAAkiMAqAAAAAAAAACSIwCoAAAAAAAAAJIjAKgAAAAAAAAAkiMAqAAAAAAAAACSIwCoAAAAAAAAAJIjAKgAAAAAAAAAkiMAqAAAAAAAAACTI2tELTEtLU01NTUcvFgAAAAAAAACaSEtL65L1dnhgtb6+XoMHDeroxQIAAAAAAABAE+fOn++S9TIUAAAAAAAAAAAkiMAqAAAAAAAAACSIwCoAAAAAAAAAJIjAKgAAAAAAAAAkiMAqAAAAAAAAACSIwCoAAAAAAAAAJIjAKgAAAAAAAAAkiMAqAAAAAAAAACSIwCoAAAAAAAAAJIjAKgAAAAAAAAAkiMAqAAAAAAAAACSIwCoAAAAAAAAAJIjAKgAAAAAAAAAkiMAqAAAAAAAAACSIwCoAAAAAAAAAJIjAKgAAAAAAAAAkyNrVFeg4x/Xrbz+vfeEfjZyvf/vBDA1IYClVe3+sfy0+pZHzn9XKGa3NGVjndBX9fIFubX3hWvtEsU61oV6dJ8FtAgAAAAAAAHqgmyOwenybHn1+X9PPTxXrX79dmVCAcMCMH+gXMzq0dgAAAAAAAABuMjdBYLVKe1/2B1WnP65fLLg19PmPn9C2U/u0ftsd/s9jZGP6g7KBDNVYGauBz3xGasGzP1DMZNZARmpLZVrVNPN2+uM/1z/4N+v4tm9r/b7wz/zlA1mwYVmxC4YVa5t/QdEZuHFtU3B7FLVvAQAAAAAAgJ6t+4+xWvWR3jkl32P/EYG/AZrxg8c1XZL2HdLxti4+IgApSae07Ykfa29VdMnj+rU/CDn98bYGVau098dRwxlI2vf8tsTrfyoUVPX985fBOse3Tfu0PhBU9VVCv27rTgQAAAAAAABuMkmXserafHdC5VO+/C1f8G/YoBhjlt6qv50u7dt3RuerpFsTDnYe1+vFpxSe0RkISr7zUZVmBIcMOKPf/HiffPHdZ4PZpYkboBk/+LlCIxEEsm7bUv9AnQPLOKUzTkkD4t2mUFZsYPoZfyUSbSMAAJBcUha/1dVVAAAAALq9pAusJpWq8zojSSOn6DZ/UDNyDFan/7+ndMqf2jlsUMe8kirwyH+bBes8QLdNGalgBePepun6W3+AeMCgYZLCM1wBAAAAAACAni1pA6txZ1JU7dVISafOnFeVbtUAf5bnO1Oe1crbPtJvWglOVp0/0+66SpJGjtTIU6e07+W9+soPZsTIno1HILt0pBY8+3P9YkHg3y3N4g+UdiKyXAAA6J546gQAAADoON1/jNUBt+mukZJOFetftx2XNEAz/mm+VPyEHg2OETpMkYmkvkfrpSp9tL+FqOWAQRom37JfD4wvenybHv32t/XotvABR6er6Ac/0MPTo8omKjhebCCb1KkzzVTvjG8DVPXR/sRySePeJgAAAAAAAADNSdqM1fgN0IyHpmvb8/ukfc/r0RgZqiPnz5bvqfZsDRsp6dQpbXvi29rW6rJv1Vfmj9S+4lPa9/y3w14qNVILZt8qRb1S6tbZ8zVyX3HrWaunivWv3y6OrqT+7Z9amO6XPXSkpFM6VfyEHo1dpEO3CQAAAAAAAEBT3T9jVZJuXaBf/PxxTW+1oC+bdWTw39NV9HjLcw2Y8QP92/yREZ9Nf9z30qcYhfXP80e2PWs1MH9oRfrF49Ml+V4s5SvyT1oQUSSe7Y5eTQLbBAAAAAAAAKAJk2EYRkcu8NSpUxo8aFCb5w+M/dVx43ge16+//bzkf8M9AABAT9Xx11kAAABA1zt3/rxGjhzZesEEFBUVtVrmJhgKoDW36h9+/vOurgQAAAAAAACAm0gPCKy2zDAM1dbWqra2Vl7DUK9eqTKbLV1drZi8Xq8aGhpkMpmUmZGhjIwMmUymrq5Wh6I9kgvtkVxoj+RCeyQX2gMAAABAZ+vRgVXDMHTl6lUZhlcDc3NktabINzKCoY4dIKH9fPdbJplMktvt1uXLn+vzK1fUt08fmc03x1C5tEdyoT2SC+2RXGiP5EJ7AAAAAOgKPTqwWldXJ8PwKCcnR4ZhyO12q4OHnO1wJpNJZrNZAwZkq6rKqbq6OmVmZnZ1tToE7ZFcaI/kQnskF9ojudAeAAAAALpCjw6sXr9+XTkDB8gwDHk8Xnm9yX0T5mPIMHw3Y/369VXVJedNcyNGeyQX2iO50B7JhfZILrQHAAAAgK7QowOrHq9XKSkpcrnc8ni8SZ/dEmAYvnHYrFarvN2kzvGgPZIL7ZFcaI/kQnskF9oDAAAAQFfo0YN5WSwWeb2+G7DuchMmKVhfwzBksSTniznagvZILrRHcqE9kgvtkVxoDwAAAABdoUdnrAbewNvdbsQkdbv6xoP2SC60R3KhPZIL7ZFcaA8AAAAAXaFHZ6wCAAAAAAAAQFv06IxVKfIxvPbyeNy6fvWKLp2r1Im/HNL77+zRxc/OqtHtkTU1TYNHjNYd076sv502U31ttg6p982mI9ujM3XHOsfjRrRH4HHdcCaTKfjXEWiP1tFftR/9VXKhvwIAAADQ2Xp8YFUy5Hszb9tuagzDkMfVqHPlJ/TfpX/S0b+8r4uXqtRQe03yemU2m2Q1S4arThXH/lvlxz/SX4+8p68WLtAX8sbKam1bE/jqezPeiCXeHg0NDWpsbFRaWppSUlKaTPd6vaqrq5OkG/bGZdqjlaUYhmR4pIZLsla/pRTnH2W9/oFMngZ5MsfI1W+GXAO+Km+GXTKntjtgQXs0Mzf9VQejv0ou9FcAAAAAOheBVUmBe7C23Ix5PR59+tH72l38C53+9KSu1LnlNkzKTEuVS4Ya6z2yWkyymCWL2SxDHv1l/x5dvHhBjzz2/2rMuC8mvM6OypJJVq21h2EYamhokMvlkmEYev/993X06FFNnTpVdru9Sfm6ujrt3r1bKSkpuu+++4Kfm0wmpaamKjW1fTfGPb094luIW+arHym18hdKvfSaTO6rwUnWus9krd4vq3OPGoZ9R57sGTIs6W1eFe3RPPqrjkd/lVzorwAAAAB0ph4fWDWM9j0++HnVBf3pv/6Pyj8pU4PHrAaPSSlWi0yS0lNT5PGYVOf2yOPxymQylGKRrGaTTh37QLte+qUW/8uT6p+d3YZ6G2pnUk5Saq09vF6vLlZV6sTpA7pUXSm3262qzzy6XO3Rex+8pmNnmg4b7HYZOnfBLZNJ+kPJz4Kfp6SkamD2cI0a9rfKsd3Srjcy99T2iG8hXplqy5VyeotSzr8qea7LaDK8s0vWqgOSR6q39pen30TJRHtEo79KLvRXyYX+CgAAAEBn6/GB1ZDE72oMr1cfvVeqo/99RCZLiq43Gmr0SJnpFlmsFhleQ71SLTKZpEaTWS6PR41uQ4bFUFqvFP3l3Xe0540/6Gtfn5vgI7a+ut7cN2KxN67KeV4HP/pPHa38L9W5qiSzIYt3sMx9c3S67rQM1+cxFmWVJWO0JEMfXTwe/NhkMiuzKleXa/5ek744R9n9c2U2t+V9bj23PeLivq6U828o5fyfpIZ6GWouAGHI7PyLrFl/lCczT0rt38YV0h4x56C/uoHor5IL/RUAAACAztHDA6tG8C+Q6ZKIxoZ6/eVAiepcXnncXl1r9CrVYlbv9BSNHjFARz+5IK/X6ytsklJTLJJhyOuVZDKUajXrj6/+TjNmzZZtwIAE1mwKG5PtZroba7k9GhsbdfzUO6pwvi5TilP9+5hlTZFMuijpor9UrJtgQ9KJmNMN46KcDX/WuYsT1K/PgDY+ltkz2yNeJleNLBfelq45WwhS+LkaZK56X6Yh1fKm9GvT+miP2OivOhr9VXKhvwIAAADQ+Xp4YFUKvOjCMLwJZ4xc/bxaFz87qwaPVOf2ymwy1LuXRaNH5OjeqXnKSEtV6aGTkiGZJLndhjyGVx6PIZPJkMew6HRFhSpPlyf4eK0h3xJvxpuw5tujurpa1+qPKq3XOeUMtCqzt1nWVJPaM0SdYUiG+7yuXPU9ptu2x2t7ZnvEy+yuk+lKhQxXfNl1pitnJde1doyRSHvEQn91I9BfJRf6KwAAAACdi8BqO1y/ekWuxgbJZFF6iklDcvvrjr8ZrYn5ucq1Zej+u2/T0MH9dOSjSlWe/1x1dS41uqUGeeT2SG6PV2aZdbKsTF/8m4KEso964mODtbW1ysyo09A0k2zZVqWlm2Uy+25J28qQZHg9ul7Z0K6XnfTE9oiXYUhGo2S44gsCGS6T5G3/OhGJ/qpz0V91T/RXAAAAABLR4wOrvkcG2/byiLTM3vJaUmU1S18YZddDX39AY4ZmyaiplNddr3RrL82YnK/JE8fokrNG5y58rovOq6qqvqYr1+p05sJVHTtVJa/Xm/BN8s36souW2sMwDPVOT1ff9Gz1s1llTemYdZqUosrzKe164UlPbI+4l2HuJaPXMOnzc/GVT7lFhiW9nYEj2iMa/VXHo79KLvRXAAAAADpbjw+sSqGbmkRvjHr37a9emVlK6XVF9/zd13Tn9C+roeqk6uqdMpvMksmiRkOypJo0dGhvjRg+WPJ65KqvlTwNOvrpRa3432/I/oVRwXrEJ5DzdHPeibXUHrdkP6qRI9d2wEq8kqtWRt0Vea5VqfHqQZnPvC1v7wEy9RkiI7W3TGarZI4na6nntkdc81sz5R5wp0wXjkuN11subDLL0+92eVP6tyNQQXvEQn91Y9BfJRf6KwAAAACdqccHVsPvhRK9MUrtlaYx4yeqf1YvTbzzDpksvSRLmsypvWWYrZLJHBw+zWUYcrk98noMeRoNpZgMebxeDRk2TMNGjmzDTdnNeRPWUnsEMrS8Xq/q6up05coVWa1W9e3bV1evXpXL5ZLJZFJ2draqq6vl9XqVlZWlzMxMVVVVye12a9CgQTIarqnxzHsyVx6UyV0vc6ZNY3L7yGQ45Tn/idyfOOVJ7SNjUIGMnLFSrz6+tmy55h2/M5JAe74fAV5rplxfuF+m6jOylP9J8jTGLmiyyJszTq4Rs+Xt1bddGWC0R1P0Vx2P/iq50F8BAAAA6Gw9PrAqeWUY3jY93ipJd0z7kv7iviKrySOT2Sxzr96ypPWVt9ESEagwZEgej+RukNfVIHm9qq5x6+F5/6B+/W1tfLT2ZrwZa749wgMVn332mQ4cOKA+ffpo0qRJev/99+V0OpWSkqJ77rlHb7/9tmpra1VQUKBbb71V7777ri5fvqx5D98n19Hf6eqxPyl7xG0y2/JkMplk6tVbJksvWfoOVarXLbfzUzUe3SVX7yEyxvwPyTZaMjf/demJ7REvQ5KROUSm/EKpsVHms4elxmthURCTlNJLXlue3Plfl9s2Vl4jMGfb0B6x0V91NPqr5EJ/BQAAAKBzEVhV+14cMdT+BTVMnKaqS5eUlT1Yll69ZcnoGyoQfNmvIcPi9t08mS1yG1ZlDBqrCY6ZCb0EJrLON+eNWEvtEbgBtdvtstvtwc9nzZoVUe5rX/taxDyzZ8+WGmvk+ctWmc//VQO+cLtkeGXyuiSTWV7npzKl95dhtspkMsmc2lupQ2+Xyg/KdeiXMv7mG9LA/GaDFT21PeJehski18DxMu74jqy9X5W58ohM1y5KXo+MjP4yBubLfetX5R78N/Ja0zuozrRHNPqrjkd/lVzorwAAAAB0JgKrfm3NGLFaU2TPv13eaxflrrsmpaTJkm6TDMlwN0omk/+uyZDX0yg11stkMsvIyNUXCm5XWkZGGzNVbu6bsFjtEcj+8ng8un79uqqqqpSamiqbzSan0ymXyyWLxaKBAweqqqpKLpdLWVlZSk1N1ZXPq2U795oyyl9Tin2mDFeNPJfPSGaLTCnpMrweqeGaL2hhGPJ+Xilz31uUMmisvMffkvuvO2VMXipl5jRX4xu/U7pQuzOq3PUyf14h0+VPZWTmyJM3SzJZJZkkr0smb4PMFz6Q9fKn8vQZKq8tT97euXE80txsjdte126A/iq50F8lF/orAAAAAJ2lxwdWQ28QbvuNWEqvdJmtg9TgqlWq2SVLWpYkQ97G66H0GcMrb73v8URTSm/JNka9++a2463OHZOZk2xaao9AoMLr9aq2tlYXL15URkaGMjMzdfnyZdXW1iotLU39+vVTdXW16urqJEkZGRmqP3tIKRX/V9b0LKm2QqaMwbL0HyKTt15qaJRkkuG6JnklmQyZUtMl13WZLL1kzsqV+fTb8gz5Wxl5/yPmC2J6YnvEtwCvLJ+XK+XTN2WtfFfmaxd8wbu0vjJ6ZUkms0yN16Taapnqr0hmq7xp/eTtP1KukTPk+sI9Mqxpbax34tVNdvRXyYX+KrnQXwEAAADobARWw27C2pPh4rWkqs7jkdntVmpaqixp/WQ2p/qyvuSV19Uow5BM1nQZmUPkzRwk32CGbQ1UeHUzZrm01h6GYchTX6de1y5raN/esjQ2yNpYr9zcXLlcLlmtVlmtVuXm5srtdis9PV1Wi1l9jf9WelqDzH2/IBkNMnlrZZjNMjxuyWuSDJOvKby+bD3JJMPTIJmsMqf1lryNMpW9Kq/9S1Jq7xj16pntEc5sNjcpY7nwoXr9dafMnnop51Z5hk6U6XqVzJ8dkbmqTCYZMkxmGX2HyZN3r4wMm0z1V2S+XK5eH+6QxXlS9bfPl5E5MLhMk8kkr9fbSr1pj5bQX3UM+qvkQn8FAAAAoLP1+MBqxzHJY07TlWtV6mcyKy2rv7xmi+RplOFulMnwymxNUYO7tzwZg2WypMk3oCESYRiGvB6PGs6U6/P3SpUyxK6U/tm6eKVGdXV1SktLU2pqqi5evKi6ujoNGDBAfSxX1bfuI1nTU2Skpcoks7yeK5LMMskqQ2Zf5pf/z/D60ocMQ5LJIsmQyWKV6eJfZXIelzF4Ypfug2TkMdXoivuUUsxZSrcOkElWmSS5B9vVmLNYNa4KVbtOqNF75f9n796jozrPPN9/964q3bhaSFiALVkWCZZvcRJDkKcRIM9Mu2Pc3RkM3cfYMpzV3T54zsS9EGeWMWNj8GByzkLMONNtljM5Byxi1jSYTrqNe5LptsCiGzA4vmOFBCxLYCyQEHfd6rLPH3vXTapSVelakn6ftVi2qna9+93vW/XW3k8977vJcc3m5rI/ZdqhHbhP/RO+Od/nYtlyznf9mg5/K5nmDHI9i5jovgXTlY3hysQy2rHw0e47j8/fwUTX7bisCSN92KOYxqvhoPEqPWm8EhERERGRwaLAKoOTAWYz6LxxlS+/+IAZpXO5aWYJHgMCvk66Lp+n7Xcf0+31kzOxCBMGNPfPsoKZSmMtyyV+f4Sm1hoGluki0HEDX2cHfn+A7u5uvF4vAH6/n+7ubnw+Hz6fD1f3GTxmOy63H7hBIGDYN+Cx3IALwzKxLDtoFMAAfwDLj5MIZoKvEwMw/d0EWuoJFHynd63HYX9E8tHJl9f/gfMdR8hx3YzHnGxnalk+Ov0X6fS14rVuYFl+TCODmzLr+PbiKvJL/4jmmyfycds2LnX9FsvyYhhuPMYEst15ZLnzMLAzy7oDV+jwX2BmziLmTFqJaeXEr/U474/kaLwaOI1X6UXjlYiIiIiIDK9xH1i1gnfAHkCgwrLsyyGfBS6XgXHtDPX/6yQ5s0q5aUYR3e3XuNz0OZneVibMmsN1b4AMtx+PaWCa/c8CG4trsvXVH9nZ2Vy7dg1fZwfkTMDz4B/j8ftwEWDKlClkZWXh8XgwTZMpU6bQ3d1NdnY2mR3tmO4AhmsSGF246MbEg2W4sCwTTJOAZYDfxMTAMiBgWE4mmAvLdwMDH5ZpYLSfj/s+GW/9EcllZOMyMujwtdDha+mzTL/VSWvnR7zfupkFt/xXjpx9nA5/a8Q+u+myuunqvgTdv+v1ereZjUlmws/reO6PRGVovBocGq/Si8YrEREREREZbuM+sBqZIdKfQIUFdAQMLnabXOyGWZ1eimbeQs7kDpovNNJ4rgF3ZjZTp07g5tzpdOPmX5qvcd5ncOskk8KpmdyU7caVQsDC6P9Sh6NA/P646aabOH/+PK3XbpBbUkqBEW6zaT1KycvLC/2/x+fCNH2YU+/CuPkPCHz1dxgdLViBLgACeDCdmzkHLBNcBqaFPb02YGD4r2GYAUy3gT9GvcZrfwQZhoHLyGRqxmymZ92PN3CdDn8Lnf6LfZbsD3TRHbgaFaSIzSDLNY1sdz4eYwJTPLdjGh47vytGncZ7fyR6tcarwaTxKr1ovBIRERERkeGlwGoouyWQcqDCB7T4XJzudPFVp5viyW7yAiZuK5u8WTOZXPI9rnZ1g2mQk52Lp7sN940LFE27if9xtJ0vGs8xd9YkFs2eyrdmTmJSZnLdEbzz8dicNhi/P0zTZObMmZw/fz6U3eVy9b7jdS/dMNl0w7UTWEUHa8jcAAAgAElEQVSPwzd/iHH9c4z2c+D3YuDCuvghVsclLJcTsXCCFVbAD9Z1yADLZ2JlT4kx5Xd89keQy/CT2X2WO7ozKXUt4oark3NZHXze/g5XuhvilhywLLAMAoG+2+2mzNmUZi9kpj+HHDKxusBrfEWna5adudezxuO8P+LReDUUNF6lF41XIiIiIiIyvBRYJfpOwsnqwuDzbpOzgQwuB0zasSh2Gbhzb8G64sfvyabTfRMd5/4K099I98SFZE76Htm5d5HjmYaLU/zuwhXOXbrOZ82X+f6d+Xz/julMy/EkUV/6FVgZLfrqj0mTJhEIBLhy5Qo3btxIeLdlgOsBizwrC7f3HIEv/prmicvpcBfjdt1OhtvLVG89WdYNe9qtyySAgYVpZxj5O8DVhZFpEHB78Od+I06gYnz2h2EYZPhbmNj4X/BcOojhu0pORj5T8v8Y77R/x3vnt8YtN2AGsCzwe/tut2/etITSiyfwtOzH9LZiuafSPe1BrKL1tBMvcDQ++yMejVdDR+NVetF4JSIiIiIiw2ncB1bDa7Il/xof8L7PxW9xk5Xhot2yuOS1ONxyA/OmyXw7/16M9k6un3ubmV3/L1kTbtDecYQrN75NW85DWJMr+Le353LjSj7vf9nK6dar7P6gE68/wNJ7ZjAlq+9uGcvXX4n6wzRNpk6dyoQJE+js7MTv9ye8IPWQQ+BqIXRcxLj2Ga62i1zuvA0/OUzNvMGUzDMYXAPTxLAMDJdh3xQm4CVgdkAWWG6TQGYh/qlz4tR5bErm8+HxtuI+V4vlb7fvWN55EU/7PgoLf8k/d/7fcV/nc7LLvJ3+PutwS9Z3cTe9DL4rBDCBq7g7/hfuW/4DljE5Tp3HpnQbr35wdwE3ZfcdXB3P/aHxanhpvBIRERERkeE27gOrEH3Di2R8Ybj50HSTl+3hcpfFecuP32NwxW+w56sbfH4hwPes89x+qYapkw0Mv0WW5zwTjX/keucHXLr+Nt/O/CNuK3+QdZ1dfHnhMheu3eAXn5xl+sQM/vXsPDLdZpL1HnuS6Q+Px4PHkzhbzjaVdvNBXDdOkmHeYLqnmUmuFgK48BiQgYFhmIAJGICFy/ATML2YGRaGy8Bym9yYsZiAZ1Lchh+3/eEPELjmBSL74waZ5lR8fQQhvIYfLPrcBiDTmIx1tR0rqvxuCATAFX8txXHbHz0M5Xg1JcvNw3dM13il8SptaLwSEREREZHhpMBqxB2EkwlUXDVc1AVcuLM9dGJwJuDjmhHAY4KRadBNBpdbm/FefZubPZ8TuOU/YXWdw3VxL5nWOTIyLzA5q5aL199jysT/wuI77uP1ax34b3TT1HqZn390llmTs7i3YCKGEf8GMfY6b2PxSiy1/khGV1cXbd3fxPL9AbmdB5kx4QoT3N3YuXyG/c/yh5rTsJfSw3SBZRpYpkXn5HvpmL4Iy74y7rWP8dwflt+F1TEBLF/4MVcWXn8n3R3xpz77nKm1fW0D4PV1EeiaguHvDD9oeLACJpYZu17juT8iDfV49YuPznB7bo7GK41XaULjlYiIiIiIDK/EaUbjRDLXxBZwCpMrGW6y3S6+9gdotnxcMwNcMy2uuwJ4fNfIbTlB4dV/IMfvw2z4n5jZ9+K7/b/hm1IJnXlkdPmZPqGbCdmZBNxuyHSDaRLw+vj1qQscqL/A9e6+s2LGusHM3vnd737Lrz/8lIlz/pQbM/+cL6/m0enPwA5SgN2zFobzD8PCMC0Mlx2s8GfP5NqMP8WfOcO+hfM41Fd/eN3T8E79VwTaMwm0ZxBoz6J71h/z2dlf4O0MxP/XFcAKWH1v0xmg/vw/4S34fkT5mXinLcJrThq36xKmy3j1SUOrxis0XqUbjVciIiIiIjJcxnnGavjuwZZlJbyxSKdh8qVhYHpceA2LVgJcM+3LXbdh4Qr4mPrVl8xoqaNg8kV8c17A6DqHeeK/4p76TQIzHsI/8bvQ/BOuBgr57MbdvNXQDBZYAQsjEMDr7ab+3GVarhUwwRM77m2aJuGpjmPpQi21/khW89df88EHH3Dm7Fn+4KHfx5P7KOeu7qNo0nlcRkRAyJ5Vi2E4oQvDg9c9gyu5/47O7Duxk4p612k894dhGHRmTMP1radwZ90KV8/RfVMhHbP/Nb/+9Lk+1yP0ewJYARKuWfhh09vcPudZcpiA5/JXWFNvxT9nCZ3mRKxA7wyw8dwfkbqGYbzyef0arzRepQmNVyIiIiIiMvzGeWA1KLlpnJf8cMkwyDRMOi2LS4EAN7AwTXBZkHPxAlO+eJ9v+j4mxz0ZGo9gzJpPoOT/gEsfYDb8Da7MLLq6MmjM+De8ceYqVzu6sXxeAt1eAj4flt/gbOs1Ll3v4rbc7Ni1HcRpp+lpcI/PMEza229w7uxZ9u3bx4Lfe4B2zx8w0fyAqeZZLF8n/gAELDu7y+UC0zOFzuy7uD6pnM7sOWDEXx9xPPeHZVl0+8E/ZQ6Z5Xdz6foXnDzzK+o/eJZL1xv7TB3zZdlBEF9X3wGpcy2fs7trI6WFS/jmd/6EKdmFdHV58ftjBzjGc39EuhLQeDU8NF6lF41XIiIiIiIyfBRYJXwtlejixhew6PYF6PL76TYMrvstOiwLE3B3djLpt58zu/koxdMv4r5tGXhcBL6sw/RkYd18N4G8QqyvfsG5rgLquJVj565itXfgv3YDq6sL/BZGwMBlgdHHxaE9u3PsXogl2x/Jmjp1Kl6vl+7ubrw+L7/+4GO+9a17ycycTV5GM6b3Cl0+g26/SXd3F/7OG2RnFZN103cxPROjKxWD+gN8Ph+mFxrO/QvH61+no+tywnL9Xrs8nzdRpl+A5taTXLveSnZGLtmzZuDz+eJurf6w+QMBui2NV0NN41V60XglIiIiIiLDadwHVi0rnDGS6MJ4muFnjq+bj26YtGa4afcF6A5Y9sp3bZfJbfiU+wKnmXb9POZn/wSz/xVW0YMEutqwWk9hdrdxrTODTzvu4Z+u+rly+Sr+ax1YHZ3gszBNN3kTsin/5nRmTM7qI+vGiLjz8WC3yMhKpT+SdcuttzItL48vGxrImTCBpqYmpkyZQnbOnXQEvsHlK5e5cuWKHczoyqSr08PkyX5KrEsUzMjC5XIlqLP6A8AKGGR5bsJtZGMFEgcq7Bu2xJytHJPbnECmeypWoO+gifrDNhVryMer3JwsjVcar9KGxisRERERERlu4z6wGswUSeaiOMuAb5t+Jns7+MDrot1rYQYCXDEMAt0+LL+Fz8zEChiYjR9gNZ/CmPFNAiXzIfcufF/8kobWDP65K49TN7z42gN4AgZTc3KYOsXNrMlZzC26ifm355E7MSN+ja1gnQenBdJL8v2RrKlTpzJ/fhnNX3/N9evX8XZ3c/HiRS62tvK7tja+bGzkUlsbXq+XQCBARoaHm6ffzIQJE8jLz08iUKH+APD7/dycezcF0+7kemcLgUD8LK1UucwMZubdy7TJ34w7pTZI/WHLHIbx6tu3TuX3ZudrvNJ4lSY0XomIiIiIyPBSYBVI5WJsogF34+cWy88CF3wZsDjrh6tZ2Vwu+AZ/99kZWn05/N7Eryj0NWM0vI/19e+w8mdx1czkwyt3c23idObfmk+Oy8WUDBfTszOYOSWTaTkepk3MIMvjsu9LEndqrTHGb3QxuMEK0zS555578Xl9HDhYy/Vr18nPz+fy5ct88MGv6erqwu8P4Pf7CAQC3LhhpySZLhOXy5WwHuoPm8/nY0LGDO6fs5L2zkt81fIhVp9tklx7mYaLW6d/l+98cwU5GdPxevsOgKg/woZ6vMqdkEF2hsYr0HiVPjReiYiIiIjI8FFglfC0wWQvjE0g14BcFxSa0G1Z+DIyuTH/O3wxNYdff/whR79qYEHuBRZNPMN079dY50/zhfturkyczR99q4SbbroJlwluw8BtGnhcBoa92BpYCS7vnDsfj02p90cyMjMz+e7993PLrbdw4UILxbfdxtVrV2lubub06dP4/T4sy8IwDKZPv5lv3XcfJbO/gWkaCeuh/gjzen1Mm3QX/3beBj763f/gbMsHuF1ZTJ4wg4nZ08nKmIRlBbh07QyXrzXh9/vI9Exk9i0VTJ14C4Zh0NF9levt57l6oxlfoIvbCr7HvbcvIydjFt3d3sQ1Vn9E0Xg1lDRepReNVyIiIiIiMrwUWA3p34WNxwCPYYAJk6dM4ua53+Xu0jl8eqKeXx59n7fP38z3Z1zktgntvHu1mPzbb+O2gmmYpjnI9R9rBv9C0+PxMGvWLcycOQvDMJgydSqPLlvOhQsXuHixBb8/wMSJE5kxYwaTJk12ptQag16P0Sm5/rAsC5/XItt1K+X3/kcwuzBNNy4jk+5uH5Zlt2hWdgZN54+TnTmFP1rwX7it4AG6OrsBO4MrI9OFL9BFIODF8mfh81pJ3DRmPNF4lV40XqUXjVciIiIiIjI8xn1gNfJmF4HAwC+EDMNg8qRJ/Kv587j3rlJ+/eHH/OrjE2R0Wsz5Rgl33fFNgAHtyzBMgpk5Y81g90f8/dhtl5WVRWFhIYWFhTG3SaaN1R+9BQIBfD4wDBd223REPd/Z6SV/0rfxdfm5efJcrly+EfV8RwdORqQby0qc9RVJ/ZE8jVcDo/EqvWi8EhERERGR4TbuA6sQvhgbbJMmTWJR+e/x3W9/C8uymDBhQsIbiyRjsKedppuh6o+hov7o67XxX9fV1dXv1yZ6nfojdRqv+kfjVXrReCUiIiIiIsNpXAdW7TXqILxU4NBc3EycODFqnwNnr28YWuNwjBiu/hh86o/0ov4YCI1XydHnI72oP0REREREZCSM64Xz/P4AbreJy2VimqPnosYwDEzTwO02h3T66XBTf6QX9Ud6UX+kF/VHelF/iIiIiIjISBjXGasu077ZR2amB6/XvlFFIBAgXRNdDANM08TjcZOZ6QEMXK6x04Xqj/Si/kgv6o/0ov5IL+oPEREREREZCeP6LH7ixIlcvXqDyZNzsCwLt9uLz+dP2ymEhmHgcplkZWWQk5PJtWsdZGVmjXS1Bo36I72oP9KL+iO9qD/Si/pDRERERERGwrgOrGZlZdHV3c3Vqx1MmpRFdnZmxIVYul2M2Wuwud32zWSuXesEXGRnZ49stQaR+iO9qD/Si/ojvag/0ov6Q0RERERERsK4DqwahsGkiRPp7u7m0qUbBAL+tF+bLRAI4DJdZGfnkJ2djWmOnWVy1R/pRf2RXtQf6UX9kV7UHyIiIiIiMhLGdWAVwOWys0SUKZIe1B/pRf2RXtQf6UX9kV7UHyIiIiIiMtyUHiEiIiIiIiIiIiKSIgVWRURERERERERERFI0BgKrzexdnkN2Tg7Zy/fSPGjlHmProJc5HGWnv/e25pCds5y96XrwzXtZnpND9tZjcZ5eTnZODnGeTm/HttqflZj/tvLeSL03E7T52OW095Ace//7clS/x4dK5GcnqmEi+jBnK++lWKzaOuI7vMf3QrBtsnNyWJ7SF0Zkmb3/Ld/bPGLtnvbffyIiIiIikpLRH1htPsTe/c7/79/LIV2sSJpp3rs8fYIm89bS0d5OR3s7BzcBLKHmi3bnsbV8b6TrNySOsTVdf8Q4Vsfzwf9/oS7loJyMkGON4fdTZB/KAO2nsSn4/80cCn25p6qAZXucce2L13kEYNPB0Ni3Z1nBoNQ23aTVd42IiIiIyDgx6gOrzYf28hbw0qZNwH72DlpkdR5r29vp2LOMsXkJJv1VsGwPHe3trJ2XeNvmvcspfrK/wYGRMNbe98fYmrMobQNf79W9ACzhpU1LgBc4pKDI6BDxI15z4zFgCY8sGdEajRnP1wU/BE007odHlgxNw6Yyjo8Go++7RkRERERkbBjlgdVgRssmFqwt5yXgrb2HemSmRU7T7D1V056WF/4XzvboOY02emrh1q1bo6YnhqYV7nWmNA90OnVzRDm9pivGOSbnNZFTJntNd4yaCp6u0xF7TOOMO+12ZI69V7k9+irU78e2hi50n180Wqa5R7/vY76vc7byXmRbRr3P+9F3UbvfGr2fiKeiPqs9P1sx+7aZvcudoOr+JykOPZ5EPYbFMQ69ACxZxuOPL+MRIoNKEfVcvpWtMadKJ3o+sqjo8QoGOiW5r37uOQ07sj969F3PJSD6HPfSwyObNvFI6Ec85ztoyTxC8Tm1dT9t4qVNhDO3nUzgefOCLdviHGvE53UAS4hEjeOhPtsbMTYsZ++xvXHHo76+TyKXMIi3jMHeH8Z5vs9+ifNeGJXfNSIiIiIiY8PoDqwGlwHYVM73mMeCTfRaDuC9rYt4nk0cDE0JfIFFERcji16Alw6209H+BTVL4PlFsYMszXt/SOX+8LZFx16IWaXnG4vY095Ow+tLYP+T/Kw/1zfNe1l++5O85UxdbHh9Cc8v6hEsWvI6DT2PqWABy5bAW0/+zDmG4EX/6zw+zz7e7EUv8MjrXzhTwfdTeftIBZXiaWbv8tup3B/RZy8sci480/HYm9n7wyd5K1ing5tg/5P8cG8zzFtrvw9w3jejODUq6n3NCyzaWkRDxPv8h6H+idd3CT6LQfvnURXj+fe25rDoheCyBQd5af+TFEd8jmP3bQHL9hzkJYAlr9PQvodlBUnWYzg4gaNHli2gwHn/xlwOYP8xin4cHKNivG8TPQ8w73FqlkT+8BQO6i5IOTU5UT9HPNd+kJfYT+UP99JMAQuWRY+L9oyDJdQ8Pi/BuJdGioqYB7zV2EQoq3JZOUXB59XW/VZUtAQ4RlNzMBN4EwvKg8/ms2ztJiIzu0MzVsoHZ2x9ay88HhzH2U/lokZ7PDpo73dRwjEHaN7LD5/cH/EcvPXkD3u07X5YFuP5hN/9cd4LY+i7RkRERERktBnVgdWeF1XfK4+3HMALLMrJYWvTMva0977osDM8mpw12WKtMxmRGTsPoMC5wOstWJeCIvu/xxpTv1LteVwFC5ZFZEg5a8ftKeJnOTlk3/4kb4Ve6VxMBy88ncDzI8sWUEB42vEy5+rebq80m34cFSwnHDDde4jmdD72YEZk4doxuYbfI0WFQPh9HWzX4N9Agr4L6vuzGH6tHbyy17LsGZhyfkRxgpD969sE9RgG0fXu8f6NFDruONskep6I54I/PEUGdVOteIJ+/t7adjraH6dpeQ7ZPZZhsMeyYGZu8McPu/59j3vpZEH4/RfMqnQ+Hza1dX8VhupxzKlvUThgDTDPnpkSdUyh7+VBMK/I7qPCImddVqfdg387khlz3nrydrKX76VobTsdzo86YeHX2sFke23ZPvslqfFVRERERESG2ygOrMa4qHIufiIvNL73+OuhC6LnF/WYdudkFgHwwqI+pu/bWUm9LvKGWLC+wQCinSEVnAq4iGOvfxG+MYejYNna0IVnMENpWVSa1H4qb3fKXWRn3fYn+Dvkgv2RczuV+4H9jTSm5bFHBtnD5Y+1mZjzilIICcXsuwSfxWTsf5JiZwqs3X12ZpvzZNJ9O+B6DIreWYzBIHX0cgDREv1g09fzkUGanoGhfonTz/a099upnHfQyaKMrMQyqoJByR4/fgTFHvfSSzCzsnrrC8QK7Kmt+8n5QeWtvVtj1jfqR5WegcZB8EhUgDyROGNOsN0hYsxKbXZEn/0S570gIiIiIiIjY/QGVoMXVU7mWeRFSNRyAAVORlpoGnPktLwYdw4OTWuOVIidVDK8FzD2sgMR/9bOi8haORgnKzJ44bmVH0ZkKIVF3gU+je+QHHEH59Ad69P12OetDZV30LmgjrekxLgQq+8gwWcxCcHlFkL/IrPAUujbgdZjMATvJB8RLA4GZ2IuB+Cwp0fHD3T3+Xwow+2HVPd7anqEmP0cDBi/TkOcLOBgdl/1D2P9+BFn3EszwcDpW/F+cFNb91NwSZ/9vEXs93H0MQ3eMgCpiz/m2JnEweUZgBSXG+mzX+KNryIiIiIiMiJGbWA1OGUuuI5ZR1SgJHxjkcibXRQs2+MEvuZRWNDj5hUFy9jjRMV6X8z1nGLbzN6tsddYHQzRUzhj3CwJnCnS8N7PIqfD24JLIry1H15aG767e8+lEgZ2Q5Uh0nOtyVg3J0mrY4++2dP31tpr9QaDLVFT5ce6Pvuu789i33qun9yjzfvsW+dHkZCB1GPw2FmMvQModl16TOUPrZMZZ+pzoudDglPU7aBVv6amQ3KfUedHqOa9W6OmpwOh6dxv7d8Pm9aGguNJjXvpIrhUBfHaUW3dX0WhD2yc93HkMQ3mMgAp6HPMibp52TzWOj/aJpMN22e/JHgvjKvvGhERERGRNOIe6Qr0TzCA0DsDJ5RJtPcQzcuWsWzPF7D8dhblBAOhS6j5wsnwWLaHBpZTvCgndEH6yOtfECtpp2DZj6nZu5/KRTk8zxJqXt8E+wcYXN3/JMU5T0Y99MjrX7Bn2TLsai8i+4We9VrGj1/fy1tPOq9dsomXlrzA88caaWaeffEeXIeu50XnvLV0HITsRbeT7ez2pYM9134bLvY0ysrIh5a8TsOeGH0WysiaN7zH/kK4/YNeOtjO41GPzGNt+0HIWRTRl5s42L4suj6Lcuybbu1Z1r8Ay6hQ0Eff0fdnMYHvrW3nIDksCr1nNnEw2JZ99q0T4HLeMy8dbGftAOoxOJxMwxhBoWA23vN1x8Lj0JLXKarLIXtRnLomej5CaHxMcmr68xFjo20TB9vX9tnPaw9u4vlFLzjPbeKlTft5/gU7+GfvMZhZ3iPbsKCvcS/dBI8h2I7xl15QW6cm1G5xp/iHj2kwlwFISV9jTkHv59h0kI5kvmj77Je+x9fx9V0jIiIiIpI+DMuyrMEssKGhgRkF/T+d975aAYDn6drBqtLQcO4K/NLB9rS4GBWRseYYW3MW9REkSfR8DMG7jivwMvTU1kPmva32Osv6/u2fUXOeJSIiIiKSgq+bmykuLh7UMquqqhJuM2qXAhhu9lS/8E1u7LUMl5DSvS5EREZQaAmV/k5Nl6SprYdK/IxvERERERGR4abAapK+t9a+CcVbT95Odk4OxU/uH8Fp9CIiqbDXli1+cj8seZ0fa+AaQmrrIXNsK9k5i3geeOmgbtokIiIiIiIjT0sBiIiIiIwTOs8SERERkbFISwGIiIiIiIiIiIiIjBIKrIqIiIiIiIiIiIikSIFVERERERERERERkRQpsCoiIiIiIiIiIiKSIgVWRURERERERERERFKkwKqIiIiIiIiIiIhIihRYFREREREREREREUmRAqsiIiIiIiIiIiIiKVJgVURERERERERERCRFCqyKiIiIiIiIiIiIpEiBVREREREREREREZEUKbAqIiIiIiIiIiIikiL3SFcgHu+rFSNdBREREREREREREZGYlLEqIiIiIiIiIiIikqK0y1j1PF070lUQERERERERERER6ZMyVkVERERERERERERSpMCqiIiIiIiIiIiISIoUWBURERERERERERFJkQKrIiIiIiIiIiIiIilSYFVEREREREREREQkRQqsioiIiIiIiIiIiKRIgVURERERERERERGRFCmwKiIiIiIiIiIiIpIiBVZFREREREREREREUqTAqoiIiIiIiIiIiEiKFFgVERERERERERERSZECqyIiIiIiIiIiIiIpUmBVREREREREREREJEUKrIqIiIiIiIiIiIikSIFVERERERERERERkRQpsCoiIiIiIiIiIiKSIgVWRURERERERERERFKkwKqIiIiIiIiIiIhIihRYFREREREREREREUmRAqsiIiIiIiIiIiIiKVJgVURERERERERERCRFCqyKiIiIiIiIiIiIpEiBVREREREREREREZEUKbAqIiIiIiIiIiIikiIFVkVERERERERERERSpMCqiIiIiIiIiIiISIrcI12BgTvJz57aRl2cZ4sf28y6hXlDs+c3nqK6DsrXvMbjc4ZkFwMQv1161jf14zjJz556n7mvrSD+5sH9l1P12grmtL7LlvW7aSh+jJefXUj/e6SVd3/0U/izZ1mYB63v/ojndjcMaT8P2T6CbRL8O8W2GY5jh1jvj+g+kIHo8TkZ6eokzan3gD/PIjJ6xT/PGOrvpeD3X/B7aejPx0bZWN3z/CLSKBy3W9/9Ef+dPxvS95SIiIhIfyljdRyq2/YUW95tDf09Z8Vr/OS1VIKq8QPZYXN4/LXX+MmgXoC08u6P1vNGxJVC3sJn+clrr43Ck+2T/KznRU/Dbp770bu0xnvJCIl+f/TuAxERkUgNu9dHnWcMtdTOY8a5ht0898bJka5F0oJBdBEREZF0NQYyVoP6yiIIBoOKWfHYrbyx2w4L2hkVRASKIsqIyLBccetu3nAiiQmzME6+wV9sC4cdw9vHynbo/Vj0CWQxKzZHZwUGszISH3OcbZz6Nez+Ke/eZZfdK9OjxzGEsxsig6p1VD9VR/ma13io2cmcLC+HujoaKGbF5h9wZn3s7I4TbzwVsz17Z5xEZsXdxYlQPzXwxvqnOPzYZv6cn/bO2uyZqVG+hp+sCNYg3OYrHjvDG8G2jtomnhP87KndzvEH+ybivRXqq1iP9XDyfbuc0H6dejUc4UTrQhbmxXi/OP3S+z0Yq17B7u6rTReSl8T7PFzGZm79ee8+GH1B7dEn+XEh4rMXlZXU4weRyPd7kmNd5NhTvmbNEB2piIw+cc4zzl4Eor9Hem+f5Hdy5Pd68WNUlUXXIPq7rh9llq/h5Vt+HpUF2y89zj+ix9HeP0yGno/1/R48F+t5nhBqxiTOW3plpzpl1L3PyRVzos93Y9a5x/dP+WOsOLObNxrCfZjwPKMf7RIsK3LfDbvX8xdHnDLjnqeKiIiIDL9xlrHaEAqqAjTs/ilbok7m6qju+St+QzjQYP+5np/F+6G/54mes/1fvHESmMPccnsfx4OvDwXX7o8RVHXqu/4NQptHXZg49U01w3HOCqrK7bLPXKNQMNEAACAASURBVIzxfOu7bOlxDMlmNzTU1TkXPWXcFe/sNpX27I9Y09/qtvEXvdqpLnyx5WyTqB4Nu3dHZOoG+yaPu8qKgQYOn3D20HqCww303Q7TbqE4ar/BDN/Up9fHrleKevXLTxnGZCPpQ6JxofXdH0WMCw288dOfcyaqhBhZ5nXbemeT9fEeiN4H1G1LJmtdRCTZc5e+vpN7zPBo2E11UhmMKZRZt43/fiSZo+lDjPOPyHOck2/0nu0RGmfn3E850HDkRKhdTr5vN1r5/TGCqk6dB5wVnKDOnHwj+vunbnfqM1b60S51234U/xxkAOepIiIiIkMh7TJWva9WpLS95+ntzv/ZGZTRemd2BX8lt0/0G2jgMV5+LeLX7zPNtDIn4lfvcBnBAEfd+yd5fE7PLIFW3v25cxLc81f7up/z7u8/y8L77YzOM82tMCevx0lzKyeONECMDMW/fff3WbfwIsfriPpV3q7Pbn55cmFK2RXTbrEDgcF6xBQnE+Lx19ZAzyzb5lDjRmXIxZZse/aUx8JnN0OPTNDWd6O3Ovkr++Q9nA0RzITo3U4912brsz2iji9YZh3HT67g8bvKKKYhlJ3TeuKIXYeyu+JnT+TdxQPF0NBgL83gvBP6t3ZbnHolbNLoQnpk4DqB96gDiN0HqX5mJSw8fsWTeFz4pXPRG5XhE3mR6vyA0+szsftXnFwY+X6L9x442WsfPX9E0ntAZPzp+/wrHBBM9twl3ndy67s/t78je33XJa5j8mXa52sDmXAe/O7vdQ7483d56NmF9nIFK8LbB89D7XHW/vG9ri48a+W4/cs7c+eQwjjeQ8Nunntqd6+Hix/7ffv8LUGdL74fOcMrr++1W/vZLk6NYs/wWfgsL9NjPfngiV+c81R9H41PnqdrR7oKIiIyjqVdYHVoFfOAk0IYDC6Ggl9OBmGvk8XyH4RO9PIW/oDy3duoc4KvUUJZio/xUOipOTz0WDF1u50T5zn3U04ddUdO0LrwLprPQOikmYucaYBYFygNZy9Ca7OdhRbjJDlhQDAVwYBf3Tb+ItnlDxx9BhKDItszGJCM1Z79Er4Q+Xeh+uax8AflvLEtGNAOVcRpd5jjBLwTVz0YNHayVBuCwelgm9lT6zjbQOR7LbY8Fj77GgVRmTx1VD91Jv7yASnXK4VCQtm14TIkHSQ5LkSMO6Fxytmu1R5o7Oz5qKHjDFEfiXjvgRj7CI1lg3egIjKGhIJoCc9dQq+I+5188azzw06M77oEtUihzPD5Wn8Fywz/WOpoOEvk75Tx1gwN1vHwiVYWFgQDqU4ANNE4nvTXfXQAs+86tzrnqRHnMxE/CicrUbsEj/uN9U/xBpDwR+YBnKeKiIiIDIW0Dawm/8tjMDNyiO7U2iuDNY68Am4lRmA2SkRGwknsQKyzDEDiOsQXuY5ZMoInubcWxHqNHfBbGDHtLGpdq6T3Ekey7QnhC7KkTePWmNHxwRE/WBm8yKvj+Mn7sa+G+lgGIEI4gyXY3vaSAgsX9t42eGGVfL1iSLlNE1OWQO8MmdTHr35IMC4k5vzgM21AhQB6D4iMZgMfv/p3/mWfu4wHdvCTX4XXIv3JazGWSIj48f3dW+tI/AMthMbxeJv1XE89dI6RqFynzv2R9HmGExSes4KfvLYiIuAcXsM/9mysBOep+j4aV5ShLCIi6SBtA6tpI3QzIcJTx24tIA+IviQIBvUip7cFp9AWc6sTvAj9Mr/NyZa4f06P18e7QDlpB24HukB/67v8beT0srjsNT8fD025C7fDgES2pzM9rGd7hqbqBZ9PWh4FtwINwWnSznQ5Z4kGO5Dc/wu5hiMnaF1oT0O0p2eHg9PB7Nu6bduAxNm7wQuIcJZFvGyZYDZKeJ+p1CtUSr/bVEZWkuNCxLgTGqccefaHIn5GT6KL5+CPRn3sQ0QkpuD4EffcJfGPS8EZRsGp43mElyfpr6EsM3ZA8CQ/izr3CmaDRgr++O6sYxrxA23CcTyRvIWsW3O2181L+64znLQH/3Aw9uSv4i7BEO88I9E+wlV8lp8sJLTUTOJlooboPFVEREQkRWMosBp7jS97DaaBpGQ1RExPcoq8P9aJXnjKea/pThHT36On0EYGN8NZjz2Pwz4ZDZ9wR0+n6+PO80C8dglOL+slxg247Bf0zMC0yy1+bDN/Hm/XMcVvz+DJd++pbnHKKF/Dy7dEPzPn9x+juG537zKilmjop15TGSP6L2p6XOIsk9AyCL2ONfxaO6DWu71SqVfybZqqcB8kvCuxJCHW59QOpiYaF4IB+dC4U1wcvaxJcMyJ8ZlI7keaGPsQEUlKf89dwkLLm8RZL7Q/YpVZXJzMHPf4Y/Wc0A+sPc8B10SsrRrnXNUROoehxw+0Ax7HcW5eWkd1XQNv/PRd7np2YcSPwrHqPCeUDNDXOUSi84y+9zEt7nq5Pc+17fLLqVoD1Umdp4qIiIgMD3OkK5D2ih9jRXnkn5vj/+I+ZwU/WVMe9VDxY5t7BJ7siwyg1zIAeQuf5eXHinu9Pri/OSteoyq6eMrXpH4X+fI1r8XPeIhxDFBO1bPR65D1Wx/tmbfwz1gRUXT5mjVE18QOXvcpbyHrNj9GVA3L1/CTQVjGoPixxyLqU8yKzZEZhE5gHJI7uY9Vz6gLzTwW/lnk8+VU9eqXxPVK3KapSqIPZFAlGhfyFj4bMS6UU/XsD7g1aus5PP5az36P/EwnV4eqqM/tYwN8H4nIeDHwc5c5PL45+vtwxUDOQ2KUWfzYZv68bIBFxvpeL36Ml1fMsfe3pjz6cWfbuvcjsnadH2l7/0A78HEcYM4Kp4yG3fz3d1sT1BmYsyLq+6f4sTVR5xT2YSc4z+hzH/ZNMXuWGf0d94Po8hKep4qIiIgML8OyLGswC2xoaGBGQUG/Xx9cK2fE1+wLrkc10Kn3MQTX1Uo0LUpGl97T+2W86P8ahQMVvjt2r7s2D8HYJSJjz8iNXyMoNDsnvMyKzs2SEfzOGaL7GoikKG2uG0VEJC183dxsz0IaRFVVVQm3GUNLAYwW4TvX973GqYwuwfVNk7nZhMhgCa4r3Ptu0YnW+RURGbem3eIsmdJzar7OzUREREQkNQqsDqPwHU+hfI1+6R8zItalLX7sz3TjBOHE558PSjl33Xlnwm3mrNjMijM91qgrX6OsaRHpl2vXr490FYZe1nf5P1c3ULX9SMSDhSxd/0fMvH6dayNWsXTXTqcfwEu72knSQNZIV0BERAQtBSAiMmA9p9L+dtFfJRUU7cuJzz8fcBkiIon0HL86K/9+hGoiIpKarJo/BHTdKCIiNi0FICIyxrS///1+vS7n/n8Y5JqIiIiIiIiIyGAzR7oCIiIiIiIiIiIiIqONAqsiIiIiIiIiIiIiKVJgVURERERERERERCRFCqyKiKSrllperKzkxdqWHo/toD7h6xJs0+8qbeSJHUNRct/l1+/o0Q4J1bOjspInQv8StUcL72ysZOCHFllOPTsqN/JOKtUWERERERGRUUM3rxIRSXOnd+6nvmIVpcm+oLWR00NUl/yKDewaorLja+FcE1CU/Cvqd2yhdvE6dq0qdf6u5OWNRWzbUEH+0FTSkc+DG2rs/235mkagcEj3JyIiIiIiIiNFgVURkbRWwsqV8PKO+lCQMFJL7UbW7LTDqCUrq3mxopUdWw4A8PKO+T1e08I7G6vYGYy6lqx0Ao317KjcQq3zcMW6GlaVOsHIA86DTpCypXYjaxqXs2tVafj5ksVUcACW17CqtJ4dlXtgMdQeOG3Xv3oDD+ZjZ9JW7XSCvot5rsYJFtfv4IktB4ASKhb3boGW2lftOp9+lXfu2cCD+ZH1jSgn4jjPNUHJgrzQI6WrapyAsN0GhxZU82JFvr3vPUVs23CPveHRYF2C7RB/+082VtFUuJjaA723b1peTeEe+1hPv1rLvRtmsD9GG4uIiIiIiMjopaUARETS3T1LWNm0p/eU8vodrNlZyHM1NeyqWUfRzip21Jeyat1iYDHP9YzctbQy8+kadjnbV5w+xCct0FK7x87urKlh17rF1O6ppaWllr85sDhUdsWBHvuv38HLweefLqIxKkX2NI1FT7OrpobnFp9m5/56oJ4dVYdYUG3vf9vKJl7e4Ty+5QAV62rYVfM0hU29c23zK55mZQmUrHyaB/NbeGfjFhpXVofL2VhLdNPk8+DTK2Fnlb0MQK/n46ttKmJbsB22JF5OoZb5Tj1K7HbrUYcSSlj5dAXEauMk6yQiIiIiIiLpSRmrMmqYpolhGBiGgS8QwOe3CAQsMAwM08BtmnjcLkzDoNPro6vbR6fXT0eXl45uH7fmT2ai6zLeS8cwXBMxXDkY7gkYrmwMVxYYmRiuDDAzIdCNYXoI+LxYhgsLDwHLwgoEsCxrpJtCxp18Hnx6AS/ur+fBJeFHW75ugsXLnWzNUuYvhr/5ugVmxCumlNKorNUSVgL59yygZOcWnjhgZ1Lu2gDQwoKSnbxcecDOVq3ZYO/TKar+qP14KUD+PSwogaaIXRXNsCfc5xWVQCPOtPjT1FZVsjO01VHq50Mti3nOLoh7Fzjbx9VK0+kSFjxtl2/XvZFWiJ7in1/BizUVdl13VLKmcqeTdZvXq8RIJQvuscspnU8FeziXIPpZUmSXlz+j7wn/sdtYRERERERERjMFViUtGYaBaZr4AmC6TFymydnWq3T7/Fxr76a9y0tnt49Or4+OLp/9/932Y15/IGaZy8vvJCejmRu/25ZUHVxZMzGzZ9r/zboF18RiXFkzcWXmAwH8vg4Cfi+4phBQwFWGWn4Ff0IlOz5d2f8ynCn3Fetq2BWcsu+U/WJNhfN8pR3orFnFgxtqeNBZJiAYEFzS9x4SiDFtv37HgEpMRumqGnYtqeXFqqPUrxrYEfRbnDbWagAyupzizartHClbTfWjsyMeb+PwK5s593A1UQ8nU+KbVWw/EuOJXvsYbvYxHZ+7nmceyB3BekRrO/wKm/fB0vXPMOBqtR3mlc3Hmbv+GR4g4v/7Kretr+3Ss81EREREhpICq5IWLMPE67cwDIOcrAyud3Rx9sIVzrZc5dzFa7Rd6xj2Ovk7z+HvPIc3xnOm5ybM7JmYmdPx5M7HM+XbmBmT8XtvYJFFABeBQOwAr4wfOff/w6CWV7pqHUcrt3AaeyHS/BmFsPMo9atKKaWeowegaF2CWzOVrGRJKVB/lFpgJfY6rX/N07xYsYpd1UW8WNVor4f6Kvz7DRWsqqmmcGNVVEZq6fzFsMXZd8unHDqd4N5S+TMoYid/U7uEFyvy7bVaDy1g24b5VLCFo/WrKC1t4ZNDpxPc7SmPwpLTHPq0hQcr8mn59BCnSxYQnYdqB4MbVzrrooaOvYg88qEQTjfaOa71Rw84rWA7fehTWioqyK8/Si2FPJff9/bJitnGIqPVkbc5XDEIgb2gnkHUtsO8snk7b96XeqB2bGvjN8ehrAyO/6aNBxS8FBERERlxCqzKsDMMA9PlwusP4HK5MQ34uu06Z1qucK7tOl9fvBY36zRdBLyXCHgvASfobrFvXGO4J+OefDfuyffguel+MibOxt99CStgEjCyFGgdZ058/vkQlFrKkpUl1Abn0peuYtvKjayprAScm1eVAi1FlLCz982rSudTcXqLMy1+JStLDtDUCg9WPM2CjVU84ZRbsa6G0nz49ws22tuCPY2+FFq+Du/7ucWV9lIBJYupKElc91XVK3mxKrifxTxXU0E+sGrdYieLs4SKxbEKymdmIZze6dy8asM6mip7lxN/X8HtVpEP5M9fDFucLNzF0XfLKils5K8rKzkdbAeAPrbvU/4MijjNzldr2bYhRhsnX5JIWikshH27DnPHMw8wJKG93Ad4uGwf2z86xaOzFVkNOVXLPuay/r5zbN5ey6kHHmVArZP7AM9UP2D/f9tgVFBERERk/DGsQZ6/3NDQwIyCgn6/3vuqvSae5+naBFvKaOJyufAHIDPTw/UOL00tV+xA6sVrXLreOSx1WF5+JzMyvuTqJ385LPsDnEDr3bgn3Ykndz4B73X85CjIOsYEx62gcTd+tdTyYtUhFlRv4MEECbMikl56jl+dlX/fx9b2UgCsXg3bt/PV0uCU795LAdhT1p0898KlrI8ThD31ZhXb6T3tv+fjfZbXdphXNu9zsuoLo6bJRy01EJEZe+rNKt6mDI4coSlYXmQ5hWWUcYSvgtPaT71JVaigwj6m4tttsS+U4l/G6mo7AJpwn32W67x+5nqeeaDN6QenvU+9if1nMNDaY0p+VN2hMNhvfS0FEFWviLYLvmbpLPbtOxJdXoylAOK1v8hgyKr5Q2AcnneJiEhMXzc3U1xcPKhlVlVVJdxGGasyZFwuF5Zh4nG7aTh/iV//7hznWq/jG0dBRd/Vz/Bd/cz+w8wiI28hWQUP4Zl8D4Hua/iNHAJ+/8hWUqQ/nPVag0pWViuoKjJuzObR1WVUxcuaPPUmm/fNYnX1M8x2gm2b35yefFCt7TBvH4Gy1bNjlGcH68LlneLNzfuYtbqaZ4JBxs1vMr36UXIPv8L2r5ayvvoBcp2g8Cszw0G/piOwuro6HIzctQ+Wrqc6FIyEwrnY+9j+FUvXV9tBx1NvUhUnY7ft8C72zVpN9TOzCQYa3z5cEWef8eveu6VO8dGRQuauzwVyqVhayOZgRu/s+yhjOx+depTZs4G233C8qZC5T+TGrnvCbFe7LUL1ajvMK5ud5R/so2Df8bmsr652AsObeXN672Ub2qLa326LVw5r/VUREREZWxRYlUFlulxYGGRmeGi8cIUPT33N6a8vjXS10kOgk+4Lv6L7wq/A8JCRV07mzQ+RddN38XVdIaAg65gxWMsA3HXnnYNSzpAoXcWumlUjXQsRGSmzH2V1WRXb37yP6kejA2WnPjoCZaudwF0uDzxcxr7tH3Hq0dmxg3lHtlPV4wZWhUvXhwJ1pz46QuHS9aHXzq5YSuFmp7xTH3GEMlaHnnyU6mqANg4fb6Jw7hNO8HO2HYw8/hvaHnCmv5fdF65PVDASmF3B0sIjHA/VqIl9tad44NHZ9j6eid0suQ88Q3XorzbONQFzIzaI3OepjzhSuJT14QNjaeHmcIA00qmPOFL2MNVO9XLvmEvhvmCbzua+MsJLJ7Sdo6nsYZ7JtY/70YjKtl34CpgVu/Lho+CBZ8JHQds5eh3Gw05QOWrZhsj3QRu/Od5E2cPPOO3vvA/etttfoVUREREZKxRYlUHh9ngwTRdnW6/y8Rfn+e1XF0e6SunN8tLd8g7dLe8AJhl55WTkLyIztwyftxt/wDXSNZQBGmhQdGjWaBURGTx2gHM7b963npmhR9u48BUUzk0hdFbWc8r/LB4OZTXa5TUd2UzVvsgXFXKhDXLtncUI1NlBzVkPJ1mPtnM0MYvw5rlMD8UfZ/No9WqoiggAx5vW3mPJgMI+bsbXZh8Ym6MPjMILbdAjSHn47SPQdKRXADqYDRsZbOajI5Td92j4tRFLExT2VaGow4iYwl9Y2OOegoXMjKhe7sxCONfr6DjXBEe2VxFd5TLaQIFVERERGTMUWJV+M00Tw2W/hT784jxH68/S7VPGZeoCdLcepLv1IIZrAlmzlpF1y3ICvm58ViaDvAyyDKNfNpn9et1DheNnuQwRGcVyH+CJpcfZ/HYtZeEHmT4Lms71L3yW+8AzrD5XxfZXZjrrqNrlFc6NM4Xc3lmMYF0uMwvheK8gZbwdz6SQ44Q3twO64YjxbB6truZRcKbGb+fN+3pOf7cDoL3WHI23S/vA4q4/Gy72NxxvKotYQ9V5+PAroQzc3Nw7mFu4j49O3QdHygjFVU/Vsi/ytc4SB31qO8zbRyLWe3XWVY27+bmmGI/a7V/2cO8lAkRERETGkv5d9cu45nK7MT0ZXO3088v3T/PjvztG3aeNCqoOAst/g46mnVw6/H06Gv4Kt3WBDHc3Lpc+qiIikn5yH3iCpRzhSERsbfZ9ZXDkI04BoWzLyCnwCcx+dDVlTfvYdbgtVF7TvlqnPDugWFX1pv337Pso4wgfhZ/klapXONyWyx1zC2k6/hvnhvenqN3XROHcO2IHMXPvYG6hPd3fLuc3HG/qWWZw2+nM6pG1GckOKuMENfs60Psoa9pHbVTdq3jzVPRmbb85TlOM9su9Yy6FTcf5TRuAfbxHtm/nq6UVPbb9igttEOqLpDQRPoyIm1g5z4XbyVkP975etbPr8/Zhgs126s0qql4J/y0iIiIyFihjVZJnuujyBfjq68scrT/LpeudI12jMa275Z/obvkn3JPuJOvWFWTd9B18vgA+vzHSVRMREXEE11CNCNjNfpT1S19hc/AuqoVLWZ9S2qKzHuq+4E2RepRHIUvXB7M3Z/Po+qW8srmK4LNlq50bNTnZr6Gp9mWr7RtTxTuOZ1ZzLjTdv4yyMvgKIPcBnll9jqrNVQQn7RcuXc+jvYoKtoVTRtlqVpcdYXvc7N3edY9cW9ZmB4RDN/KK2p2dpRpc+zX3jrkUAnPviNiXs27rvs1V7KOQpauXUrjdycyN0xKhdVOdafxlq1dTdmQ74cMoZOnMj6hyUl971zlYTI/2p4zV1VpfVURERMYWwxrkecYNDQ3MKCjo9+u9r1YA4Hm6drCqJANlmGRkZvDr356j7rO+Ui/S2/LyO5mR8SVXP/nLka5Kvxiem8i65U/Jmv4gfnJQgnD6CI5bQb9d9FfcdeedA1oK4MTnn6f3zatEZEzoOX51Vv79CNVERCQ1WTV/COi6UUREbF83N1NcXDyoZVaFftiPT/OLJS7TdJGRmcXnZ9v48S/eG9VB1bHA8l6io2E7l957FF/rr8jKdGuJgPGipZYXKyvZUd/XJht5oq8NotSzo3Ij77T0v7zU9ufsdUclL9a2JLV/ERERERERkXSnpQCkF8N04fZ4ONF4gYMff4nXrxvppJv206/Q0biDCd9YS8bU7+DzuwkE1E9jVcunh2DxYhqP1kNp6SCUWMqqmg19bpFfsYFdfTzf2ng6xX22cK4JKEpu/yIiIiIiIiLpToFVCTFNE8Pl5kRjC/98ookur+aapzPLd5Xr9S9g5hQx8RtrcWffhtfvZpBX95AR18Inh2DB00vg1Vd5p2UDD+Y7T9Xv4IktB4ASKhYHt69nR+UeClcWsnOn/dzK6uU0VW2hFihZWc2LFa32NtUbuPfTjaxpLKTiwAFqARavY9eqUlpqN7KmcTm7VsGOSvu1ABXraljFDl4+ALCFHfOrKdxTRVPhYmoPNLGyegMPtgbrFX7Nkq9fZedp4PSrvHPPcpqq7P0/mN/COxur7OcosV/vPGaXeSC838GIKYuIiIiIiIgMEs0jFgAMl5sbXos3aj/lnY8aFFQdRQLtjVz9+D9wvf55PLThcanvxpSWTzlUuJwH8/O5dwEc+jQ4f76eHVsOULGuhl01T1PYFJlBepqdjfPZVVPDc4tPs7PqKPNrati2soTThz6l1wz8AzC/poZd1SspObAnaop+S+0eahevY1dNDbvWLaZ2Ty0tpat4bjGweF0o2FnLfHbV2EHfeux973L2WXu0nvyKp1lZAiUrnw4HhoH6HVXsLAyWX8jOqh0EFxiodcrZtrLE3u9gtquIiIiIiIjIACmwOs653G4ys7M59NkZ/r9ffcjFax0jXSXpJ9+Vj7h8fAUdp7eRYV7D5RrpGslgaPn0EEXz7ehl/j0LIBgYrT9KLYuxn8rn3gUlUa+rcF6TV1QCi+dTCuTPKIy9k5Ii8gDyZ9gz9SPk37OAkgNbeKKykh2sYteGCvJjFpEX+v/S0lI7m7aykjU7+1oywF4eIFhXSudTQRPnWqLLjFtvERERERERkRGkpQDGKcMwMN0eGs5f5q2jvx3p6sgg6m49QHfrASbM+U9kTJ1Ht18f89Grnv07T1NLJeH73ZbwSUsFDw5XFfIreLGmwll2oJJaFvNczao+XuBM7Wcl22pqoHYjaxqHq7IiIiIiIiIiw0cRl3HI5TYxXW7eqP2MlivtI10dGSI3Tv5nPFO/w6S7XsbrC+DXCgHD7qHCAd5QrP4otSUr2RaRJdpSu5E1++t5cNV8KtjC0fpVlJa28Mmh0zAEiZ0ttRv5a57mxYpV7Kou4sWq5KKkFcsryKeFd/qsVz4zC2Hn0XpWlZY6WbiFPJcP5wbtCERERERERESGhgKr44zLZXHh1H48OTfz8LzvsPMfPx7pKskQ8l7+gLZ/eUjZqyPgxOefD7iM+qMHKFlQHTX1Pv+eBZTsPEr9qlWsWrfYySItoWJxSdxyBiK/4mkWbKziiZ323xXraigFWopKYKdz86roV3DvghJ2OvVauXIxHPqaFkqZWQind9o3rwoqXVXNyo1VPFEJwZtXldKiwKqIiIiIiIikPcMa5FuINzQ0MKOgoN+v975aAYDn6doEW0oqTNMkIzOTj3/1DBfP/AsA5SsPU/vxGT798sII1254LC+/kxkZX3L1k78c6aqMiHD2qoXfP6gf+3EvOG4FafwSkdGi5/jVWfn3I1QTEZHUZNX8IaDzLhERsX3d3ExxcfGglllVVZVwG928ahxwuQ18Heeo/encUFAV4MO3/4J/853bR7BmMpyC2auBK4fJMDtHujoiIiIiIiIiIqOa5gWPcW6Xxdcnf8Hvjlb3eu5ay2dcPPcBj1fcw89qPx2B2slIuPGbl3BPvpfJ926jq8vLICetC4OzDADAXXfeOSjliIiIiIiIiMjgU2B1jDJNE09GBh//8t/T9tWxuNt98j+fYtH//h7fnJXLb79qG8YaykjyXf2EtsNLmDr3DfxWNv4B3mNJehtoUHSwgrMiIiIiIiIiMjQUWB2DXC6DrutN/POu/y2p7T/51V/y8EM/5rd/e3SIayZpJdDJ5feWMunu/wd3zhx8Ac9I12jM+WzZsn697u69ewe5JiIiyZk0pWfoLwAAIABJREFUceJIV0FEJCneka6AiIgIWmN1zHG74Vz933Dsb5MLqgK0fXWEKxc+508W3jWENZN0de2z/4j3/C/IcOv0VEREREREREQkWQqsjiGW7zIf//I/cPr4f0v5tR++9SQzcydy281ThqBmku46Gndw4+TLZGZqSBARERERERERSYaiKGOAYRi4XX6O/M0jXDn/Ub/L+fzAev647I5BrJmMJt5L73H52J+S4fFhmrqhlYiIiIiIiIhIXxRYHeUMw8Cw2qmrWTTgsi40/CM3rjSw9PdKB6FmMhpZ3stcPvKHcPUYLsM30tURR/2OSp6oDP7bQb3zeEvtRp7YUQ/Us6NyI++09KPwllpejCgz+qmNEfut5MXa/uygh/odPLGxlkEoSURERERERGREKbA6ipmmgeW7xD+/8W8Hrcz3//ZPKJw+mRm5unnFeHb9Nxuh8yQu0z/SVRnnWnhnYyUvs45dNTX2v3Xwcq9AaCmrajbwYH4/dtHayOmYu67lr3fCympnv9UrYWcVO2JFYFNRuopdGyroT1VFRERERERE0ol7pCsg/WMYFt6OZt57s393He/LyX/ewvLyZ3nlF8cGvWwZPa59+n8x8c7/jDnhHgKWZ6SrMz61fMqh04t5bkNEFnnpKrZV1xOd8lnPjso9FFbbwdX6HZW8fMB+pmRlNS9W5NNSu5E1jYVUHDhALcDidexaBTu22Bu+vGM+u1ZF7Ke1kdMU8ifBCGh+BS/WVISrVruRNTudkOzidfZr63fwxB6o4AC1+b9PydFu/qRmFaXB7Q8tYNvyRtbsKWLbhgry63fwhLP/UBnErj8ttbxYtdMJApewsrqfgWQRERERERGRQaKM1VHIZULXtYYhCaoCfH3y53ReP8cflc0ZkvJl9Lj++X+Ca7/GZXSPdFXGpZZPD3G6pIi8Ho/n55eSHyeo2FK7MSLDdR1FO18NLxFwAOY72aclB/bwTkspq9YtBhbz3KoeS4CUruK5/5+9Ow+Pqr77//86Z5bsEEKCBCUBQ5GIICrWqATNUKu4YNEWW1tion67oG29ya9L6O8r4K1we983uFPvLiZNuii9LVWptipJLVYRrQsoQTRAAsgSDJB9mZnz/WMS9kCWmTmT5Pm4rlzBM+d8Pq8kMteVN+/zPjnlWtIxBuCYTtWKokCRtKREpSXLlFe99MjrldVKm1ei0nlfVnZGudZ1HN9fVSnPnKM7VStUtLRcnsJj1+gqf8XqYilvmUpLSrQ8Type3dfWWQAAAAAA+oaO1X7GNCw1HqjQu6u/E9J91v9xtnLueFtJCdGqrW8J6V6IbA2b71Pc+J/KkZgln99td5xBJSU1rcfX7K+qlMqXam75kWMZG2s0WZI6i7QpqUrvxlqZ+SUqzVdHt2iu5nZ0ik7eXS1Vlmt+bvGRk9dVKD9LktI0KkWSUjQ5O0Nrd9dImfu1rjxHWfnSkQGxu1WlHN2SGTh3xsISSVLFupPnX5SVo8qlBZpbHMhQeqR5FgAAAAAAW1BY7UdM01Ld3ne14eV7wrLfp+sf0Tdz7tZjz78dlv0QuRq3/IfivlAgx7BsiqvhlJyujMoq7ZeOmUlaUZSrZ9KX6a4uLjt8+/xRasr6kKNjDEBFUa6e6SzSHnXr/pFg6469bFK2tGKjalKrVJaTpfxubney/FK+SkvyAyMFCnJVnJEXGCfQyy8JAAAAAIC+YhRAP2Eafh3c9c+wFVUlacfG36q95XPNvHhc2PZE5Gr8ZJn8+1+VQ812R+k3zvvjH3v1cVjKJGVnlGvJ0ffhVxRpSXmObjmh8BiQnJ6hyuLVHY2hFSo6/jb+bqopW6y5JzwkS0pPTQl00pav7BgxEHjA1qKymhMXSZmkbK3VEyvL5ck6rgibkqp0dY4KOLJGV/krigKfUzwLVVqY0/MvCAAAAACAIKNjtT/wt6r2s9e16bVFYd/6rWeuk+fOd/Taxu1qavGGfX9ElsatjyveNVRm/IXyGzF2x4loH23aFIRVUjRj4TJpcYHm5nYey9GCzgdCnewKz0ItqMrVktzAvfQZecu0KFOq2d3FFsnpylDxCQ+vOn6do9eS8rU8r6NzVAp0r3pSdEIVVimaMSdNxUvTOm75P1qm8pfldYwYkJSRp+WeFKXo5PmVWah1uR3nKkN5y/LpVgUAAAAA2MqwLMsK5oLbtm1T6siRvb6+fUVgcJ5rXl/uWx04HE5T9fs+0PsvzbMtw5gLv6tR5+XpiRf690iAOdPPVap7u+o2hK/rd6BKmPiAFHe+fH6a3qUj71udeP8C0F/w/gWgv+L3RgDA0Xbv2aOxY8cGdc2CgoLTnkPHagQzTVPtTXttLapK0vZ3n1TqObN11QVn65X3ttqaBZGh/qOfaeiFT8lyjpTfb3eayBOcblVp4rnnBmUdAAAAAAAQfBRWI5jL5dDrpTfZHUOS9OYfrpbnzne05oOtFNIgSTr07u0adtlf1Npm2B0lIvW1KBqs4iwAAAAAAAgNCqsRyu126M2Vs+2OcYzqD3+v78z8qn7+l3/ZHQUR4sBbX9WwrOfU2sr83ZOZ89wtvbpu5Y3PBDkJAAAAAAAINgYkRiCHw6+P/n6vWhq6etqMPT5dt1wOq1lXnj/G7iiIFL5m1b0/T25nu91JAAAAAAAAworCaoRxOKTdm59VzbZX7Y5yUm/+YaYuGpdqdwxEEF/jp2qqfEQus8XuKAAAAAAAAGFDYTWCOBymGvZ/qE/XP2p3lC75/W3aufk5ffvaC+2OggjSVlOmtr3Py2E02x0FAAAAAAAgLJixGiEMw5Dlq9d7L37P7iinteX1f1f22V/SpZln6c2KnXbHQYRoripWfOxYOeIvlM9y2B1nYKgp06KCYlUedzgjb5kWeVJ6uFiFinJXKm3ZQs3o6aURsT4AAAAAAJGFwmqEiIqOVtmvptkdo9vWrZyt7G+9TGEVx2ioWKhhl78sHw+zCqIM5QWlWJmp/JKFwQhk0/oAAAAAAEQWCqsRwOWU3l71Lbtj9Eh7S632VL6i26+epqf+9r7dcRBB6j/8keInLFKbL8ruKANcoENUOVJZeaWOKcBWFGnu0nJJGfLkSGWao9J8He4onbxxseZXpclTXq4yScopVGl+ZmDVolwtKQ/scHRn7MmO15QdWacq73tKL375NOvXaM3iAhVXSsrJkae8mg5XAAAAAEC/xYxVm5mm9On6h1X/+Wa7o/TYpvJCJUQZPMwKx/Ae+kBtNa/KYbbbHWWAqFRxQa7m5h75KKo48lpV+jyVlpRoQU6lildXSKpQ0dJyeQpLVFoyT2nVxw8S6FAuZZWUqHRZnjLKV2pNjVRTtlhLVKjSkhKVlhQqvXjFKY8fvc4iT2I31l+hYuVpeUmJSrMUKLoCAAAAANBP0bFqI9M01d70mXZVPGt3lF5758/f1JVfe1b/+nS33VEQQZq2PqHE4ZfJbyTJsiy74/Rzpx4FkJ4aeCE5PUOqklSxTmXK0YJMSUrR5OyO4ycsm65kSUpJVXrHof1VlVL5Us0tP+q0jTUa1cXxyUevc9r1a7RhbaUysucpRZIys+RRdbe+AwAAAAAARCIKqzZyOk2tfynyH1Z1Kk2HqrSv6nXddtWF+s0rH9gdBxHk0Ac/VOLUErW22Z0EPXGyB2NVFJ38eA0tpwAAAACAQYzCqk0cDkM7Pvyd2pr22x2lzz585R5Nz3tDk8aM0Mbt++yOgwhhte1X09afK3p0vtqtaLvj2GLljc+Ef9PMLHm0VOsq8pWZGegSVVr3Lk1Oz1Bl8WpVePKVqQoV5S6VCkt0fVfHexQs0D1bvHajajwepVSsU5mkvJ5/hQAAAAAARAQKqzYwDEOWr1GVbz9ud5Sgee8v39ZVs4oorOIYrXtekCt5mhyxk+Tz250mvD7atClIKwVmrBYffSgjT8sXdjXbOFP5hTmauzRXZcqQJyej2zuleBZqQVWuluSWd2yzTIsyJWWe/HhNDyeApHjmKW9tgebnFgceXtWzywEAAAAAiCiGFeQBiNu2bVPqyJG9vr59ReBXbde8gXuPqdMpvbv6TjV8/rHdUYLq/JlPyhs7Qb8t22h3lJOaM/1cpbq3q27DPXZHGXSGXFQqrzHc7hgh0/m+1Sly3r9qtGZxgdZmn3gbv+0qijR3qbSgJF+ZdmcBBrHIff8CgFMbDL83AgC6b/eePRo7dmxQ1ywoKDjtOXSshpnDYWrftr8NuKKqJH3w0nd15e1vafyZSdqyq9buOIggrZ+tVNToO+X1u+yOMggEbtU//CtGRp6WR0hRtaZsseYXVx7+b09hCUVVAAAAAEC/RWE1zBympc3/uM/uGCGz4W/36LprHtWWP62zOwoiSOvuFxR91tdlGEkKcpN8RArWGICJ557bi6sylV9SovygJAiuFM9ClXL/PwAAAABggKCwGkYO06uNa/5/u2OEVO2uN3Vo30f6+pXn6em/f2h3HESQxs0PKH7ig2rzOuyOEha9K4oeEbwZrQAAAAAAIBQorIaJaRo6tPcDfb7jn3ZHCbn3XsjTlbevV/qIoarad8juOIgQ3vpN8tZ9IEfCVPkGyZOsfn1tc6+uu+PFmCAnAQAAAAAAwWbaHWCwcLmjtOHlf7M7RthsKv+ZZl/O9EQcq+HjB+RyDY6OVQAAAAAAMLBRWA0Dp2nqs81/kjTwZ0t22rftFTUdqNTN0yiu4ii+ZjVVl8pJrzwAAAAAAOjnKKyGmGEYamt264yzZ2varS8rIWWi3ZHC5u1VX1faiCFKTYq3OwoiSEt1iUzDKxmG3VEAAAAAAAB6jb6xELPanfrnikZteaVNl303RlO/VqymQ9v01rNz7I4WFh+/vlRzpv9Uj/x5vd1REEEaP16q2PE/U7uXf9s5pZoyLSooVuVxhz2Fy5S2skDVc0qUT1M4AAAAAAC2oLAaSoYhWQ5teaVNkvTGk81648lmXfvAmfLc+Y4+3/GGPvjbD2wOGVq7P16l0ZNzdeOl5+i5Nz+2Ow4iRHvtm7IaP5EZkym/f3A8yKr3MpS3bKFmpBx3eGGJLWkAAAAAAEAAhdVQ8jq17tcnPhX8xZ81SmrU1399sXLuWK+dm57RJ28uC3++MFn/x9nKueNtJSVEq7a+xe44iBDNO3+vuHMWqs1P12rP1WjN4o6OVRVp7krJo3KVVUrKyNPyhR6lSKooytWS8s5rcrSgJF+ZFd0731PY2Q1boaLcpSqT1GWRFwAAAACAQYiKRgg5HA599HzXhcSn76jXH79bp+GjvqYr8v6p1PE3hjFdeFW+/ZhuzZlkdwxEkPYDb0v+BhnMWj2NShUX5GpubsdHUcVJTqlW2rwSlZYUylNZrNUVklQhZZWotKREpSXLlJdRrnUVpzi/okhLynO0oKREpcvyVLW0SBWq0ZrFS6XCjnUK01S8okw14fviAQAAAACIWHSshorPqfWlJ3arHq9mi19FN9Upc6Zb0+/5mTKm3qX3//YDNXy+OQwhw6d6Q4lSM2/RzIvH6aW3P7U7DiJE07ZfKibj35i1ekon6xI9vrSZplEpkpSstAypWpKUqczM47pQT3F+ze5qKWeOMiUpxaNFJZJUoXWVUtnS3I6O1UCeDTUeulYBAAAAAIMehdUQcUU79f7K+m6fX/FSmypeatNl34vRxV8tVdPBrXrrT7eEMGH4vfXMdfLc+Y5e27hdTS1eu+MgArTVrFHcuB9KhkOyLLvjDCwdD75S3jKVligwOqBXC3H7PwAAAAAAJ0NhNRT8Lv3rt72bJfrGz5v1xs+bdd3S0YEHXFW/rg9evifIAe2z9d1fKf+qPD3xwtt2R0GEaKoqUlTanfJ6B95IgDtejLE5QY5u8aRINWVaWymln+LMlNQ0qXidKvIzlVlTpkUFa5W9bJ7SMipVvLpCM/IzpYoizV2qwKzWsH0NAAAAAABEJgqrIRAd59Tbv6nr0xp/KWyQJH3jqS8q5/b12vHR0/r0reXBiGer7e8+qVETZutLF5ytV9/banccRIDWz1Ypbuz35PUOrC7mjzZtsjdAyiRlZxRrSW65lJGnvBxp7e4aKbWL8zPztTxvsebn5kqSMvKWaUZKirSwUNW5SzW3XOrsXqWoCgAAAACAZFhWcO+/3bZtm1JHjuz19e0rAlMAXfPKTnNmZDLkVMULXv3z56efr9pdIyY4dN2SOEXFe7XljQe1+5MXgra2XTx3vqOHVr0pvz98e86Zfq5S3dtVt2HgdAAPFNHpeXKPnCOvz+4kvdP5vtWpv75/ARh8eP8C0F/1998bAQDBtXvPHo0dOzaoaxYUFJz2HJ4YE2Qul1NvFQWvqCpJ+zb7VHRTnf7xqE/jL/2/mvbNlxU/fHxQ9wi36g9/r+/MvMjuGIgQLVUlcrqj7Y4BAAAAAADQbYwCCCJTTm16qVXe3o1XPa1Nq1u1aXWrpt0dq4tv+p0aaz/V+lXfCM1mIfbpuuU6I+M6XXn+GP39g+12x4Ht/GrZ8bQcZ9wsn6+ftq0eJVhjACaee25Q1gEAAAAAAMFHYTWI/O0Ovfd0Y8j3ef3xJr3+eJOu/490ee58RzVV/9DGV+aHfN9ge/MPM3Xl7W9QWIUkqbWmTENSb5TPNzAeYtXXoqjtM1oBAAAAAMApUVgNEsMw1NJgqe6z8A0NXf3TBsmUvvHrLOXcvl47P/ydPln/SNj27yu/v007Nz+nb197jX7x4rt2x4HNfI2fyvI1yjASFOTRz7Z543fZvbrusm+uDXISAAAAAAAQbMxYDRbLqYoXW8O/r1/6Q36Dnv1BvZLTvqErbntdZ4y7Lvw5emnL6/+uaIdXl2aeZXcURIDWPavlcPK2BAAAAAAAIh8VjCAxLIc+KWuzbf+9H/n01Ow6rX3MpwmXL9Tl3/ir4oZ9wbY8PfHWH2/SZeeOtjsGIkDLnhflNAdGtyoAAAAAABjYKKwGgWEYaqr1q253+MYAdOWjF1r15JcP6uO/xemLN/1eF8/+vd2RTqut+XPtqXxFt189xe4osJnVtl++5p0yTd6aAAAAAABAZKN6EQSmnNr0FxvGAJzC2seatcJzQAcqAw+4mvSl/7Y70iltKi9UQpShi8al2h0FNmvZ9b8yTZ/dMSJDTZkW5S7WmprjjxWpwrZQnRlyNfe4jyJbQwEAAAAAEF4UVoPB5jEAp/LCTxr186tq5TAuU87t6zXuiz+wO1KX3vnzN3Xl+WPsjgGbte57RU5ntN0xcFoZyltWotKSwMfyvAyVrSxTzekvBAAAAABgQHDaHaC/M0xTDXv9athn/xiArvi90h/yGjTyPKeuvf9WnZk5R5v/uUR7P33R7mjHaDpUpX1Vr+u2qy7Ub175wO44sIvlU/vBd+SImyKfj87VU6kpW6z5a7O1fKFHKapQUe5KpS1bqMkbF2t+VbbyqotVXCkpp1DL01dqfuA/tKAkX5mq0ZrFBYHXJSkjL7BORZHmrpQ8KldZ5VHHT5MlZVK2MoqrtF9SiqSKolwtKe9cepkWeVICna4FxQpsmaG8ZQs1I0WSKlSUu1Rl0lH5AsdUWKL8zI6vtWqOSvOlotyVUo5UVp6mBSXX67PDX8dRax6zV+eax+ZSTqFK8zOD8JMAAAAAAAxGdKz2keF36KPVkTUGoCt7PvTqqa/U6fUnfJpw+SJd/o2XFJt4tt2xjvHhK/coMdapSWNG2B0FNmrZ9SeZRv/4exV6lSouOOqW+8PFwtMoXyvNK1HpsjxllC/VE5qn0pJCeVSudRWSavZr1LzOjtNCeSrXakNnu2lltdLmdR4v1upu3OJfs3GtKjPSlaxAEXSJCg+vnV68QmtqpIrVxVLeso4OV6l4dYWkGq1ZvFRVh49Xa8ni03W+VqoqfZ5KS/KVXLZCxcrT8pISlRamqXhFmWpUoaKCtcpeVnJkzaIKqaZMz5TnaEHn11y+8tgxCwAAAAAA9AAdq31kmk59sqbe7hg98uFzrfrwuVZl/yBel9z8jBpqt+jtVd+0O9Zh7/3l27pqVpE2bt9ndxTYpP3AW3I4Y9XujcwRG+F1dGenOjoxq7pxWbYmp0hSqtKVobRJgQXSMqRqSUrJPK5rNUN5hy9O06gUSUo+cv4JAgXf4mNyBjpbK6oqpfKlmlt+5OyMjTValJWjyqUFmlsc+JpKPZJUoerKDGXPC+Q70vl66nnL6amB8/dXVSoje16gozYzX6ULA9+jKlWq7Jh861SRf72yM4q1JLc80K1asvB030UAAAAAALpEYbUPTNNU3W6fmmotu6P0ytpHm7X20Wbd8J9j5LnzHdVsL9fGV39kdyzV13yo2t3v6lueSfpt2Ua748Am3vqPZUZlyO+P3DEb/VpFkeYuLZensESlmYExAj1zpODbOZJg8lHzAg7f/n+MfJWW5AfOL8hVcUaeli8M1QPrjtz+f7TMhSWa0TFmYG655OkYNQAAAAAAQE9RWO0Ly6EPX2ixO0WfvfDjRjndjZrzy8uVc8d6VW8oUeXbj9ua6YMXv6Mrb39L489M0pZdtbZmgT3aP18r15lj5Jdhd5Reu+yba0O6fkpqmlTZMde0Yp3KpKO6TrshI0/XZ0rqzbVH5/As1IKqXM0vSlVpfqaS0zNUWbxaFZ5jZ6VmrcvVuqwS5XsWqjQ1MMs10BVbqbUbazTDk9IxUiBbyR3dsmt310iZ0oa1lVLaiXsnp2eocu1G1Xg65sMulRaUZCldxXqm7Hot8qQcmUU7T3pihXTXQo/yS5YpbXFBF924AAAAAACcHoXVvvA7tOXVgXGrsrdN+v1tDUqd5NS1939LZ537dW1+/X7trfyrbZk2/O0eXXfNo9ryp3W2ZYB92g68o6jR35R8Druj9MpHmzaFfpPMLHm0tOPW9hx5enpt5VLNzy2WcvKUl1Gu6v19iJJfKE/uUs1VoUrzA4XWJbmBWQAZecu0KFNSZqHW5eZqbuCo8pblK0XSjIWFqs4t0NxiKdBpGhgpMDk7Q8XFgdEBnpyMk+57uKibG7jp31NYokxJmcvytKjgxDXvyl58+FzlFKqUblUAAAAAQC8ZlmUF9T72bdu2KXXkyF5f374iUBpwzSsLVqSQMAxD7XVu/eaWg3ZHCYnzZkdp2nej1d7+ud5/8S41HdpmS44LbihWkzNdT//9wz6vNWf6uUp1b1fdhnuCkAzhkHT5X9XSGvmjADrftzpF+vsXAHTi/QtAf9Vffm8EAITH7j17NHbs2KCuWVBQcNpzzKDuOIiYpqk9m7x2xwiZD1e16smrD+nTNUOU9dWVuvgrv7Ulx3sv5Cl1WJzSRwy1ZX/Yq/3QBpmO/tmxCgAAAAAABjZGAfSW5dDOf/X/+aqn89pDTXrtoSbduGxsxwOuyrTx1R+HNcOm8p9pds4SPbyKkQCDTdv+fyg6fmK/m7MarDEAE889NyjrAAAAAACA4KOw2kv+dkN7Px64HavHe66gUc7oRt3yi2nKuWO9qj4o1tZ3VoRl733bXlHalNt187RMPft6RVj2RGRoP/iu4kxD7XYH6YW+FkXDMqMVAAAAAAD0GoXVXoqKN7X/E5/dMcLK2yL9LrdBo6Y4NXNx7uEHXO3b+nLI935n1TeUc8d6jRwWpz0HGkO+HyKDv+UzWf42GUaUgjwOOiyeePH9Xl1317VTgpwEAAAAAAAEGzNWe8EwTR3YMbiKqkf77H2vfn1jnd74H0uZ2f+uy7/xkmKGjA75vptfX6JbrpgY8n0QWdpr35Bp8lYFAAAAAAAiC9WKXjBNU7s3DJ4xAF3Z+KdWPfnlQ/q0LEGXfm2VLv5KaUj32/3xn9VSv0s3Xjo+pPsgsrTXb5ahNrtjAAAAAAAAHIPCai/4Ww3t+qA/Tn0Mjb8vb9ITnlodqg484Oo8z3+EbK/1/3uTMlKTlJQQHbI9EFl8jdtlGv1vDAAAAAAAABjYKKz2gmGY2reZjtXjPVfQpP+5rlbuqCuUc/t6nX3Rd0Oyz6frH9E3PZNDsjYij69puwxHlN0x7FNRpLm5uUc+ik73ALcKFeUu1pqaPm+sos49F5fp5Mt1nlOkY1LVlGlRt7IevVTRieucQk3Z4o71a7Rmca56shUAAAAAAMFAYbUXHC5DB3f47Y4RkbxN0u++Va/n/r8GpY7L0xW3/UMjxl4V1D12bPytvM01mnnxuKCui8hkeeska7D+Q0aFipaWy1NYotKSEpWWFMpTvlSLyvpcNT2tmrKVqspbptKSEi1IK9bqLguXGcrIKNe6o16v2bhWlSHOt7+qc4cUzVhYovzMEG8IAAAAAMBxnHYH6G9M01Rt1eB9cFV37XrPq1/NqtP5X43Spd++X1/Iukf/Wv1dtdTvCMr66565Xp4739FrG7erqWWwFt0GD3/zTpmudPn9g+wfNGp2q0oZyk7uPJCp/JKSI69XFGnu0vLD/+kpPLHAWFGUqyUdp2TkLdMiT0qgo7SguKP4maG8ZQs1I+XY61JS01S5cqNqPKlaV56jrPyuY2Zn52jt7hopM0VSjTaslTw5GSo7Zc4arVlcoOq0HJWVVyvve2lHvuyyxZpfrI5cFSrKXdqxVkfW/UUdX9NSFWUtU9rKAlXPKdH1uxdrflWaPOXlgfNzClWan6lAV2uBiisl5eTIU16ttJN8zQAAAAAA9AQdqz1kmqZ2vUchr7s++N/AA64q/z5El92yShfN+k3Q1t723q+Uf9WUoK2HyOWt/1iGOQjfrlI8uitPKi4I3JJ/fKdqhbI6OllLtDwvQ2Xrjm0rrSlbrCUqPNztml68QmtqpIrVxVJHN+ryPKn4ZO2omflakFas+bnrlFWSr1M2hKamS2s3BsYF1GzUWmUrK717OcuUpdKShZqR2HlykeavzdbykoWakVKjNYuXSp0du4VpKl5RpprMfC3IkZRTeGKnarmUVVKi0mV5yihfqTU1Uk3ZChUrT8tLSlSapSMFXwAAAAAA+oCO1R7ytZra/WGL3TH6nfK2m8fOAAAgAElEQVT/blb5fzfrxuXj5LnzHe3d+rI+KlvQpzW3/etJjRz/FX3pwrP16rtbg5QUkcjbsEVRwz0ajP8WlOJZqFKPFJhnWqC5xUc6UzMzM4/tBs059tr9VZVS+VLNPdIsqoyNNVqUlaPKpQWaWxzoAA2sf7RAl6gKlymvukDPlF2vu7RC86vmdHSAHid5krK1QhtqPJq8ca2UPU/JWnv45VPlzEhPPmqhci1ZmqG8ZfkKNJPuV3WlVLY096hiaIY21Hg0qqtvWEa6kiUpJVWB2m6NNqytVEb2vMCamVnyqLqrqwEAAAAA6DYKqz3kbZP2f8IogN56bn6j3PGNmvPklcq5/S1tf//X2vbuL3q93pt/uEaeO99R2ftbNdjuEh9MfE3bZZqWNKj/6gXGAFxftljz11UoPzM5cHt7RyemyhZrftWJVx2+/f8Y+SotyQ/ccl+Qq+KMPC1f6FHnWZ3zVRdlpkgLC1WdW6D5kjyFXfWtpmhytvTExgpprZQ9L0Xa2PlaTbdyBuRoQaG0ZEWZJh/Oc/JRBTyrCgAAAABgNwqrPRSd4FBLvWV3jH6trUH67bcadNZUp65ZeLvSzvuWPnptkfZX9e4G3eqNv9d3rv2qfr76X0FOikjha9ouw3Srv1VW77q2j6MqKoo0d2n1CYXFo7s8PXM8SlGN1qytlNKOvTw5PUOVxatV4clX5uEu1BJlrcvVuqwS5XsWqjS1SHNXHnvdkfmqHqUoU9fnZaisWEpLVpdSJmVLK1ZqbWWabjnJ7NJT5TxGZr4WpOXqibJJWuRJVlpGpYpXV2hGfmfXq7Sg5BQDX09MpsnZGSpe2/H1VKxTmaS8HqwAAAAAAMDJUFjtIYdTamuksBoMO9/x6lc31On8r0Xp0m8vVXtzjd598Ttqqd/Vo3U+fWu5zvjCdbpi8hi9tmF7iNLCTpa3QfI3SYqyO0q3fbRpU98XyczX8ryOrtLOYzmFKs0PVC4nZ2eoeGmuypShvLwcae1u1Sj18OUpnoVaUJWrJbmBW/Az8pZpUaakzEKty83V3MDRo269P7LvgrRczc8tPrLnst1aVFCkUV3NW02ZpGwVqzhnjgKPizr8Qhc5u67SZl6fJxWs0JpJCzVjYaGqczvHGQS6VzMl1aRnSMUdD686zbcxxTNPeWsLAl9PTo5OmHwAAAAAAEAvGJZlBbVKuG3bNqWOHNnr69tXBH7ldc2LzMeLGL5o/eqGA3bHGJByfhSjc6+NUd2+D/XO8z3rJzNNt668/Q0te/bNLs+ZM/1cpbq3q27DPX2N2u9FTXpBcYlSe+UNqv9Mkn6iodnXyCFJaug4frMSLr1bLqck7/tqfPPf1Cop7qJyOetzdGhLeDMnTi1RuzlCVgTOfOh83+oUqe9f0DFdr6d8IBcwSPD+BaC/ivTfGwEA4bV7zx6NHTs2qGsWFBSc9pzB9ySYPjAMQ20NdKuGSvl/NeuJnFrV7/6CPHe+o4k5D3T7Wr+/TTs3r9K3r70whAkHiFEPKSYx/qgDNyvh0mvkaPqratc+rnZvvFzpDylq1DQ5nNVqXftX+Zzj5B4VuNblfl8tYS6qSpK//ZCM8G+LAaCmbLHm5uYGPpaWy1NIURUAAAAA0HeMAugBwzDUfCjyuuUGmj/f06joIY366pM5yrn9LW1771fa/t4vT3vdltcf0LSxV+nyc0frn5t2hCFpf3SzEtKnSN6GI3/7R02Twyn5Pn9QklT/5rMdxx9SzHFXx6VOkfV5jlrDlvcIf9sBGdGUVtFzKZ6FKuX+fwAAAABAD9CxGmSGYaiplo7VcGipk357a4Ne+GmjzjznDk3PfU3J6Vee9rr1/3uzsjLPCkPC/ilqUp5cel/Nn9ce90qDjOHlSsouV1L2C0oYJemz1+Xzpikq+xo5ml5XvezrVpUkq71WMiisAgAAAACAyEBhtScMQw01/eup5P3djrcDD7h66ylpYs6DuvSWFxQV1/UM37bmz7Wn8mXdec0FYUzZT4x6SDGJUnvVv52k4zReanj82FEAelb1b+aodm2Oav/1YEe36r9Jk17oKMD+RnFhjO9rrZFBYRUAAAAAAEQICqs9YBiG6vcyCsAO7z/TqievOqTt/xymy7+xWhfNKury3E3lCxTntnTRuNQuzxmMooaPk6l4uTLKlXRGmqR4uTJeUMLQwOtW67OSnlVbQ4PkTDp2Tsjh2ao/UXSi1F75uNq9aXJNujls+a32OslvxxACAAAAAACAE1FY7QFfq9R8kFEAdip7sElP5NSqce/4jgdc3X/S8975c66umJwe5nSRrXXjDYHu07U5qt1bLalB7ZU3qL7idfm8kiPhJ5Ikpzte8tbKe9S1nd2qdpY1/d46GQb/sAEAAAAAACIDhdUesPymmg9S2IkEq37QqKdm1yom1qOc299S+pTbj3m96dA21VStVd5V59uUsD95VvVv/lW+2GuUlF2uqNhqtb55VBF11NGzVR9Uy0HJlXG3XM5qtW98NmwprfY6MQgAAAAAAABECufpT0Enw6BjNZI0H5RKb21Q2heduvrebyt9cq42/f1e7a/+hyTpw1fn64q8NzRpzAht3L7P5rQRZsttqj3mIVQP6tDaB09+7mf/poOfHfnP1o032NK5arUf4uFVAAAAAAAgYtCx2gOmg47VSFS93qtfXl+n9UWGzvP8ty695Xm5Y0dIkt79y7d11YVn25wQweD31sk0+bcgAAAAAAAQGahS9IDhsPTVnyfI8hny+yxZPsnvDXx42y352y15WyVfuyVfu+Rr6/jcbsnXJnnbOj63WIE/t0rtrZZ8rZbamy21twZea2+x5G2W2pv9amsKrI/Te+/pVr33dKs8Px6mabe+qIN73te7q+9U7Wf/0twZk9Ta7rM7IvrC1yy/3yvJYXcSAAAAAAAACqs9YTm9enHn8zINUy6HS26HWy6HSy7TJVeMS644l5ymUy7TJafpUpQjSg7DIZfpksN0yGEEPkzTIVOmTNOUaQSahk3DlNFxm7Nh6PCfTwwhWZYl6/CfA5/9fkvyG/L7AwVfy+oo+vqsjs+S/3CRt6PA227J127J3y55WzuLwR0F4FZL7a2WvG2Sr8VSe5slX0ugENzebMnbWQhu9qutRfI2heVH0C1l/9mssv9s1s2PTZDnzne059MXlTJyig40tNkdDX1hOmWabkkUyAEAAAAAgP0orPaAz+/T81ue14GWA2HfO9oZrRhnzOHPUc6owIej46Pjz26H+/BHlCMqUPjtLP66XHJFdxR/HS65zSi5TJfchlPuo4q/puEI/Nl0yJAh0wgUgSXJPFz8Nbou/ipQ2LUsS5Ihy3/ks+WzZFmBjl/5JZ/PCnQAHy7+WvJ5A0Veb4s/UOz1Sv42S952He4KDnT/WoGCcJvU3hIoDntbrUBHcKv0j8da5HC36Op7r5JpSMlDY+U9FIYfFkLEIctiFAcAAAAAAIgMFFZ7wGf5FOWMsmXvFm+LWrwttuzdXW7TrWhntKKd0YpyRinGFaNoR/QxRd8oR5SiXFFym0cKwC5HoLvXZbrkdDjlcgeKv26HW07TqSgzWm7DqbiO4q/TcMphmke6fzu6fU3DkKFAwdcwjY4nyBvHPO/IiM2w6buDvjIMhyQeHgcAAAAAACIDhdUe8Pm9inLYU1jtD9r8bWpra1NdW53dUU4wOmG0nrjuCTmcMXZHQW8ZzFYFAAAAAACRw7Q7QH/i9fkorPZTS2YsCfyB4lz/RccqAAAAAACIIBRWe8DOUQDova9M+IrizRh5vT55/ZaiUm+0OxJ6w3BIfmasAgAAAACAyEBhtQe8jALol/LOv02tO3fqUKulQy2W3MlX2B0JvWAYDlldPy8NAAAAAAAgrJix2gOGRMdqP3Pv9HvVtGOHYkaO1NYGS5JPw4Zn2h0LvWGYksUoAAAAAAAAEBnoWO0Bh+GkY7UfiXZGa+qoqdo87245YmO19YBfWw/4ZTqi7Y6G3jAckkHLKgAAAAAAiAwUVnvAYZh0rPYjT8x8XDVrXlXy1VfL5/XJL8kvyee3FHXGdXbHQ4855Pe12B0CAAAAAABAEoXVHjFNBx2r/cSV6VcqyZ2oqoceVtK0aTrUduS1Q62W3ClX2hcOveKIHinD5O8fAAAAAACIDBRWe8BhOOhY7Se+/8W7VfXoY5KkuPHjtafxyNPk9zT45EiYaFc09JIZlSzLYiw0AAAAAACIDBRWe8BtuhTtZD5npLsn6x611x5QbXm5JMkRF6etB48UVrce9Mt0xtgVD71kRqfKMiisAgAAAACAyEBhtQdMw0FhtR/wjPFo8/fukiQlzZghn88n75G6qrz+wJxV94irbUqI3nDEnCnLsuyOAQAAAAAAIInCas9YlhyGw+4UOIXHZz6u2rfXy98SeMjR8OxsNbSfeF5DuxSVkhPmdOgL050iUVgFAAAAAAARgsJqD1iWpXHDx9kdA104f8T5OivhTG1dfN/hY3HnnKPPGk4sxn1W75M55LxwxkMfme4kOlYBAAAAAEDEoLDaA36/X2fGn2l3DHRhQXahdhUVH3PMmZCgbQd8J5y77YBPDmdcuKIhGJzxFFYBAAAAAEDEoLDaQ4ZhaGjUULtj4Dh3XHCHzOY27V216vCxpCuukN/nV5v/xPPb/JLfsuRKnhHGlOgtwzlEsk4skAMAAAAAANiFwmoPNbY3akziGLtj4Dizxs/SJz8pPObY8OnTTzpftVN9m6XoEZ4QJ0MwmFEpsvxtdscAAAAAAAA4jMJqD/l9fqUPTbc7Bo7y4IwHVbd5k1p27DjmeFxmpnY3nKRdtcOeBr8cQyeHOh6CwHAlyu+nYxUAAAAAAEQOCqs9FOOMoWM1goxOGK0JyRP0yY9+csJrziFDtO1Q18W47Qd9Mp3xoYyHIHENPV8ymYkLAAAAAAAiB4XVHnLJqbOTzrY7Bjo8MOMB7fnTsyccT7z8cvl9PrV4u7622dsxZ3X49BAmRDC4Ei+Q30fHKgAAAAAAiBwUVnvIsiylDUmzOwYkzZ4wW3Fya1dR8QmvJU2froZujORsaJPczFmNeI7YMfL7ux7rAAAAAAAAEG4UVnuh2dus1PhUu2MMeredn6ut9y856WsJEydqT5N12jX2NPjkHHphsKMhiAzXMMl02R0DAAAAAADgGBRWe6GlrZk5qza7d/q9atqxQ/Xvv3/S112Jidp+8PS3jm8/6JPDlRDseAgiZ/x4+X3daD8GAAAAAAAIIwqrveA23UobyjgAu0Q7ozV11FRtnnf3SV8feskl8vv9ajrFfNVOTZ1zVpMuC3JKBItzSKYsRdkdAwAAAAAA4BgUVnshxhmr8Unj7Y4xaD0x83HVrHm1y9eTrrhCjW2nHwPQqbFdcqXMCEY0hIAr8QL5/d3/eQIAAAAAAIQDhdVesPx+jR021u4Yg1LOmBwluRNV9dDDXZ4zZNIk7WnsfiFub4NPrmFTgxEPIeCIy+DBVQAAAAAAIOJQWO0Fy7KUFJMkh+GwO8qgc/fFd6nq0cdOeY4rMVFVdaefr9qp6hBzViOV4Romib9nAAAAAAAg8lBY7aUDzQc0eshou2MMKvdk3aP22gOqLS/v8pwhF10ky7LU0INnHdW3SZYlORMvDkJKBJMj7mz52hvsjgEAAAAAAHACCqu9lOCM15fO/pLdMQYVzxiPNn/vrlOek3TllWps6/lt403tlqJG8POMNFEpX5JlDrE7BgAAAAAAwAkorPaS5bc0LW2a3TEGjcdnPq7at9fL39JyyvOGnn++9jb3fP29jX45mbMacdzJl8vHfFUAAAAAABCBKKz2kmVZcpsuxgGEwZSRU3RWwpnauvi+057rHDZMVQe7P1+1U9VBn0zXsN7EQ4g44jJkWQrMaQAAAAAAAIgwFFb7wO/369KzLrU7xoBXePlPtauo+LTnJUyZIllSXQ/mq3Y61CbJMOQcekHPL0ZIuJMuk8/iwVUAAAAAACAyOe0O0J9FGVG6YswVWrlppc1JbtADN/0fTWpZo1kvPiKNf0C/v3CS4o85Z6fWPP2SRtz0fzTJLalto375p5/pBUk/vPZ5nfP5LM17y5bwp3THBXfIbG7T3lWrTnvu8CuvVFNbz7tVOzW1W3KPuEreQ+/1eg0Ej3uER17LIYlRAAAAAAAAIPLQsdoHlmUpMSpRI+JG2Jiio6jqPurQlp/p1qdnadbTszTr3Y1qkNSw7yU9Mj5LY907tebpNdrpHqus8ZLGP6BLojfqpQgsqkrSrPGz9MlPCrt1bkIv56t22tfok3PYxb1fAEFjOBNkRo+SxXxVAAAAAAAQoSis9lFd8yEbxwF0FlUb1NDF7e8/HDdJ8W0b9YeyF7p8/eCuQOdqpHlwxoOq27xJLTt2dOt89/Dh2nGo9x2r1Yd8criH9/p6BI8rKUt+76kfVAYAAAAAAGAnCqt9NNQ9VNNGT7MxwU6tefoP2nayl8Y/oEuGSDs7C6db1mlb21ma8fUZOqvuLf1MkdutOnrIaE1InqBPfvSTbp0fN3GiDMPQgdbe73mgo47nTDiv94sgKKJSPPIr2u4YAAAAAAAAXWLGah85DafSEtM0NGqoDrUeCvPuL+hnf3pB0g164CSv/nDcJMVrp9566/jzO16/9nkd3DVL8vxez4+IV6BIO0+PhD74aT3geUB7/vRst89P9njU3Nb328ZbfJL7jC/LW/9hn9dC7zkTL1Jrq9fuGAAAAAAAAF2iYzUIGlsabBwH0JUbNCJaUt3HJy+UHp6t+kPNHCFtfPeX2th2li7x3BDmnCeaPWG24uTWrqLibl8zZMoU7Wm2+rz33gafXEmX9Hkd9J5z6BT5vQ12xwAAAAAAADglCqtBMMQ1RDljc+yOcazxWRrrlhpatp705UierXrb+bnaev+SHl3jTknp03zVTjvqfHJEpfR5HfRezOhb5VOc3TEAAAAAAABOicJqEPj9fo0bNk7RzsibCXmw8SSl0/FHz1Z9RC/tkyZd+H80yb1Tb3XxkKtwuXf6vWrasUP177/f7WvizjlHMgzVBuFZR583S5YlmfHj+74YesxwDpFz6Pny+/peJAcAAAAAAAglZqwGSUtbsy4961KVby+3YfdjZ6dKkrb8TLdu6eL04157oezWiOhcjXXGauqoqXrn+ut7dN3wGTPU0ha8QlyL11L0GdeqqaGrbyBCJSr1RvkoqgIAAAAAgH6AjtUgiTKjdEHqBXbH6Ncem/moata82uPrhl54ofYFoVu1U02TX86krOAtiG6LOfNm+XyG3TEAAAAAAABOi8JqkPj9fl086mKdmXCm3VH6pZwxOUpyJ6rqoYd7fK17xIigzFftVH3IL0fUiKCth+5xJl4oy5Isq+8PIQMAAAAAAAg1CqtBZPoM3TrpVrtj9Et3X3yXqh59rMfXxZx9tmQY2t8cvCz7my3JMGTGnh28RXFa0Wd+VV7F2B0DAAAAAACgWyisBpFhGZo6aqqSopPsjtKv3JN1j9prD6i2vOfzaZO//GW1BnG+aqdWr6XokdcGfV2cnOGIkyvxIh5aBQAAAAAA+g0Kq0HW1taqORPn2B2jX/GM8Wjz9+7q1bXBnq/aaX+zJeewS4K/ME4qOvVG+b1eu2MAAAAAAAB0G4XVIIsyojTj7BmKcXJLc3c8PvNx1b69Xv6W3lVHo844Qzvr/EFOJVUf8soRMyro6+LkXMOz5fXzdgQAAAAAAPoPKhkhcLDxAF2r3TBl5BSdlXCmti6+r1fXR6elyTBN7WsK/sOO9jVaMgxTZszooK+NY7mTc2REj+KhVQAAAAAAoF+hsBoCQ11DdXPmzXbHiHiFl/9Uu4qKe319qOardmr1WYoaeV3I1kdAbMZd8vrddscAAAAAAADoEQqrIbKnfo++du7X7I4Rse644A6ZzW3au2pVr9dInDpV+9tC97/w582WXEmXhWx9SO6UGbLkolsVAAAAAAD0OxRWQyTROVRfn/h1u2NErFnnzNKWH/2kT2tEjRypHYdC17FafdDHnNUQiz17Ht2qAAAAAACgX6KwGkINrQ26/gvX2x0j4jw440HVVWxS665dvV7DnZoqw+nUnsbgP7iq055GvwzDITM6NWR7DGbuEVfJkpNuVQAAAAAA0C9RWA2hGCNa35z0TbtjRJTRQ0ZrQvIEfdLHbtWUa65Ra5s3SKm61uazFDWS4ngoxI79Ht2qAAAAAACg36KwGmJeX7tmjJ1hd4yI8YDnAe3507N9Xifx4ov1eQjnq3ZizmpouEd8WaJbFQAAAAAA9GMUVkMs2ojW3Mlz7Y4REWZPmK04ubWrqLjPa0WNGhXS+aqddtb55IgdHfJ9Bpu4s+ep3e+yOwYAAAAAAECvUVgNMcuyZFiGpqdPtzuK7W47/zZtve/+Pq/jTkmR6XRqd0Po5qt22lUfmLMq9/CQ7zVYuFM88vlFtyoAAAAAAOjXKKyGQYwRrflZ8+U0nXZHsc290+9V045q1W/Y0Oe1Uq65Rm1hmK/aqc1nKXrkrLDtN9DFn7OA2aoAAAAAAKDfo7AaJs2tTfrp5T+1O4YtYp2xmjpqqjbPuzso6yV+8YuqDcN81U61LZIreVrY9hvI4s9ZoPb2VrtjAAAAAAAA9BmF1TBxWA6NSRyjS868xO4oYffozEdVs+bVoK0XfdZZ2lEX+vmqnXYd8soZmxa2/QYqZ8K5cg77onw+w+4oAAAAAAAAfUZhNYyGmAn68eU/tjtGWOWMydFwd6KqHno4KOs5hw2T4XJpV33o56t22lHvl2E4JeeQsO05EMVnLlK7L8ruGAAAAAAAAEFBYTXMahpqdPcXg3NLfH9w98V3q+rhR4K2XsrMmWpvD9981U7tPkvRqV8J+74DRXRarvxGNA+sAgAAAAAAAwaF1TBLcg3TeckTNTFlot1RQu6erHvUXlur2tdeC9qawy65RLWt4f/ftrZFcg+/LOz7DgSGe7hizvqGvL7B+/A2AAAAAAAw8FBYtUGMEaMfXzbwRwJ4xni0+Xt3BXXN6LQ07awP33zVTrvqvHLEnR32fQeChMzFavfSqQoAAAAAAAYWCqs2iHHGqKWtWbedf5vdUULm8ZmPq/bt9fK3tARtTTM+XqbLpR114Zuv2qm6zi/DdElmbNj37s/cKTNkRJ8lf/h/ZAAAAAAAACFFYdUmw9zD5BnjUfrQdLujBN2UkVN0VsKZ2rr4vqCuO+Laa22Zr9qp3edX1CjmrPZETHq+2n1uu2MAAAAAAAAEHYVVG0XJrcJphXbHCLrCywu166mioK+beMklOtBqBH3d7jrQIrmHT7Nt//5myAX/I5+ZZHcMAAAAAACAkKCwaiNTpqId0frquV+1O0rQ3HHBHTKbW7X3z38O+tqxY8dqZ71995R/Vu+TIy7Dtv37k5gx35HlOoMRAAAAAAAAYMCisGqzWCNG1427TkOjhtodJShmnTNLW370k6Cva0ZHy3S7VW3DfNVO2w/5ZTrckni6/ak4Ey9S1BnXyOdnBAAAAAAAABi4KKxGgFgzViuuW2F3jD57cMaDqqvYpNZdu4K+9ojrrrN1vmonr99S1KjZdseIXIZLQ857UG2+KLuTAAAAAAAAhBSF1QhgWJLV7td/XfVfdkfptdFDRmtC8gR9EoJuVUlKzMrSwTb75qt2OtBiyZ18hd0xIlbihb9Ua1ub3TEAAAAAAABCjsJqhHCbbg2PStL3v/h9u6P0yhLPEu1dtSpk68eMHatdDfYP7Pys3idH/Di7Y0Sk2Iwfym8Ok2X/jwkAAAAAACDkKKxGkHhHvCYMn6BZ42fZHaVHZk+YrVi5tPOpp0KzgWnKER2t7Qftr9htO+iX6eA29+O5h18u1/Ar5bVcdkcBAAAAAAAICwqrESbFnayrM67W1NSpdkfpttvOv01b77s/ZOuPuOEGeb2+kK3fU4E5qzfZHSNymLGKGftdtfspOAMAAAAAgMGDwmoESnYP111fvEup8al2Rzmte6ffq6Yd1arfsCFkewzLytLBCBrbebDFknv4dLtjRIyky55Xu4bbHQMAAAAAACCsKKxGIEOGTK+h/7n+f+yOckqxzlhNHTVVm+fdHdp9xo3TZ/X2jwHotLvBJ0fCBLtjRIRhlz6n1tZWu2MAAAAAAACEHYXVCBXjjNG+Q3v1yxt+aXeULj0681HVvPpKyPdxxMRoawTMV+1UeYA5q5KUOLVUbT6nLMuwOwoAAAAAAEDYUViNYEPcQ2T4pPuuvM/uKCfIGZOj4e5EVT38SEj3Sbn+ennbI2e+aief31LUyBvsjmGbIec/Lq8xTJafoioAAAAAABicKKxGuCGuIToz/kx9+8Jv2x3lGHdffHfIi6qSlHTppTrUZoV8n5461GrJnXyl3TFskXDu/fJHpctv8fYBAAAAAAAGLyoj/UCCI15Zoy7R3Mlz7Y4iSbon6x6119aq9rXXQr5X7Pjx+qwx8gqru+t9cgzJtDtG2MV9oUCKmyy/32F3FAAAAAAAAFtRWO0n4h3xykq9RDdNuMnuKPKM8Wjz9+4Ky16OmBhtOxA581U7BeasxtgdI6zivvAjORKny2c57Y4CAAAAAABgOwqr/UhKdIpu+ML1uuOCO2zL8Ng1j6l2/Vvyt7SEfK/kq6+Wz+tT5JVVJb8Cc1bdZ8y0O0pYxJ59tzTkYnktl91RAAAAAAAAIgKF1X4mzozTF0derB9f/uOw7z1l5BSNHnKWtt7372HZL2natIicr9qpoU2KShn4c1bjJvxfOZKvlmXE2x0FAAAAAAAgYlBY7YeGuYcpY8jZenDGg2Hdt/DyQu16qihs+8WNP0e7GyK3sLqr3itHwnl2xwiphEnLZQ7Jko+ZqgAAAAAAAMegsNpPDXMP01DXEP3i+l+EZb87LrhDZnOr9v75z2HZT5IccbHadigSBwEEbD/ol+mMtTtGyAy9qEiKnSCf37A7CgAAAAAAQMShsNqPJUUlyQlfPaQAAAcQSURBVGr3649f+6NiXaEt8M06Z5a2/OgnId3jaMO/9CX5vD55I7euqja/5LcsuVOusjtK0CVe8qx8jlT5fHYnAQAAAAAAiEwUVvu5YdHD1NTUqOIbizV6yOiQ7PGfM/5TdZs2qXXXrpCsfzJJ2dlqaA/bdr3W0CZFjcixO0YQmUq6/G9q98fK74/gqjYAAAAAAIDNKKwOADHOGPnbfLrfc7+mjJwS1LVHDxmtc5LP0Sc/Dl+3qiTFnXOOPmuM3PmqnT6r98lMmGR3jKBwxGUoadrLamn1ybIi/3sPAAAAAABgJwqrA4RpmIqxovX9i7+vL539paCtu8SzRHtXrQraet3ljI/XtgORfx/69kM+OVzxdsfos+izvqGEyY+qpaXN7igAAAAAAAD9AoXVASbBjNet592q2RNm93mt2RNmK1Yu7XzqqSAk676knBz5fX619YM70Vu8kmVJruQr7Y7Sa0MmPyT3mbeqrZ2HVAEAAAAAAHQXhdUBKN6I01e+8BX9/Lqfa0TciF6vc9v5t2nrffcHMVn3DO8n81U71bdZcqd47I7RY2bMWRp22Yvyx2TK63PYHQcAAAAAAKBfobA6QMWY0RrmTNTDVz+sr5zzlR5ff+8V96qpukr1GzaEIN2pxU2YoM8a+kG7aoc9DT45hwZ3tm2oRY26SUMv+IVa2yS/r/98rwEAAAAAACIFhdUBzJQpp8+hazNmavmXl2to1NBuXRfrjNXU1KnafNf3Q5zw5JxDhmj7ocifr9pp20GfHK4Eu2N0W8LEpYpKu12tjFMFAAAAAADoNQqrg0CiK1FJ7mF68ronNXPczNOe/+jMR1Xz6qthSHaiYdOmyfL71eK1ZfteafZKfsuSK2ma3VFOyYwZrWGXPi/FTZHXy199AAAAAACAvqC6MkjEOmJl+gzNHDdTSzxLFOOMOel5OWNyNNydqKqHHw5zwoCk6dNV32rZsndfNLZL7hEz7I7RpdhxBRoy5edq87rk8/e/7y8AAAAAAECkobA6iBgyNDLqDKXGpqpkdok8Y0984NLdF9+tqocfsSFdQPzEidrT1P8Kf3vq/1979/IT1RnGcfx3DmdmuM9FhDYIGWigCQrFhCpKYhBp08i+BDemLpvGDIuuujN20VV3/AFNqIkLd7WuvKzcqLE7VgawNSKBMpbBM+f2dkHsxrRCmQsD38/+vM+Tyax+ed7nDeUkT1a7jXfEMmeVHvtVTttn8nxbxtTebwsAAAAAALAfEaweQk11jTJepJmBGV0bvybb2v4bzI7Oyl9b0/qDB1XrLZZManGjdvarvrWUD1UX39kO24qwE2oZ+lGN/d+pWDQKAh6oAgAAAAAAKCWC1UMs6bTqo9Ze3frylsa6xnQ+e14LX39TtX5SZ84oCiNt1dB+1bc2fckYIyd9utqtqP7YtDJnf5FpGJAfWNVuBwAAAAAA4EAiWD3kYlZMnlvU1VNX5b5aUX1nZ9V6yZw7p4Jfu1fVC75Ron2yavXt+k4lP/1Zia6v5LqeorD2Jn8BAAAAAABqhVPtBrA/WIFkJ1Pqv35dmwsLWp6bk7e6WtEeWk6c0GKhdoPVlc1IPemRite1Ex1q6vtWdnO/gigu43PtHwAAAAAAoNyYWMU/oihS4DhqHBzU8bk5ZXM52YlExerHUikt5Wt3ynIxH8qOVW7Pqh0/qpbjPyg18pPUNCg/cGQiQlUAAAAAAIBKIFjFOyJj5EtqHRvTyZs31Xn5ctlrJkdGZIzRpl/2UmXzlycZIzmp8k6tWvE2NQ98r9Speal5WG4xVMi1fwAAAAAAgIpiFQD+VSSp6Hk6MjWl9osXtXb/vl7cuKFgY6PktTLj4yp4tT9tueVLifZJBRuPSn62FcuoqW9W8fRp+YGR69bgK18AAAAAAAAHBMEq3iuyLEWWpfSFC2qbnNTrp0/1x/y83jx7VrIarUNDWt4q2XFVs1II1V3iiVW7oVsN3ZeUODoh3zdyiwSqAAAAAAAA1Uawih0LjVFojJqGh/XxwICKL1/qxfy88o/2Pp3ppNNaXPRK0GV1LeVD9aQyJTkr3v6FGrovyY63KQhtJlQBAAAAAAD2EYJV7FoYRZLjKNbdrWwuJ/f5c+UfP9ba3bvy19d3fV7L8LBktneU1rp8UbIsS07yEwX533b9fV1jVvVd29OpYegrDC35XqTtxQwAAAAAAADYLwhW8b9FUSQlEor39amjt1cfTk/LXV7Wq9u3tXbvnrTDF+qPTExoyzs4jy9t+Ubx9s93FazGO6bU0DUjK55RGDly3bcpsylPkwAAAAAAANgTglXsmTFGoW0rlBTLZnXsyhX15HL68+FDrd65o9dPnvzn961DQ/r9TWV6rYSVQqiu9+5ZtRXLjCqWGVXigymFgacgsmS8SBJX/gEAAAAAAPa7vwG1c3UtnKTQYwAAAABJRU5ErkJggg==" height="600" width="800" />]]>
  </system-out>
  <testcase name="getDashboardQuickLaunchItems" time="0.260" classname="testcases.DashboardTest"/>
  <system-out>
    <![CDATA[Actual:[Assign Leave, Leave List, Timesheets, Apply Leave, My Leave, My Timesheet]---->Expected:[Assign Leave, Leave List, Timesheets, Apply Leave, My Leave, My Timesheet]
<img src="data:image/png;base64,iVBORw0KGgoAAAANSUhEUgAABVYAAAJcCAYAAAASBf/6AAAAAXNSR0IArs4c6QAAIABJREFUeJzs3XecVdW5//HP2nufMmd6Y2aYQhk6SLWgCAj2qNGosYtiyc01NzFXkptoEsvNVdMsib/cxJgbDGrsYsFEjIIKKoo0EQakCEOdOdPLabus3x/nzMDAwECilPi8fRGZ2WuvvfaZ7R/5zrOfpbTWGiGEEEIIIYQQQgghhBAAzJgxo8cxxiFYhxBCCCGEEEIIIYQQQvxLkWBVCCGEEEIIIYQQQgghDpIEq0IIIYQQQgghhBBCCHGQJFgVQgghhBBCCCGEEEKIgyTBqhBCCCGEEEIIIYQQQhwkCVaFEEIIIYQQQgghhBDiIEmwKoQQQgghhBBCCCGEEAdJglUhhBBCCCGEEEIIIYQ4SBKsCiGEEEIIIYQQQgghxEGSYFUIIYQQQgghhBBCCCEOkgSrQgghhBBCCCGEEEIIcZAkWBVCCCGEEEIIIYQQQoiDJMGqEEIIIYQQQgghhBBCHCTrcC/g89IYa6K6dRubmjeztW0729t30BBrJObG8LQHOjVQgac1E0qO5xsjp2MoyZaFEEIIIYQQQgghhBAH56gOVhNugpV1VSzY9i4r61bTGG/EJRmiKhRKKQCUAqVVMltVYHs243qNkVBVCCGEEEIIIYQQQgjxDzlqg9WqhnU8teZZltevBA0GCmUYWJhAsirV9VxyAzl4aNrtNpRSOJ7D6IKRjCkaeZjvQAghhBBCCCGEEEIIcbQ6KoPVtQ3r+cl7/4PtJTANC6U0OlWl6mkPx3PID+ZzSunJJLwE7+5YlKxW1RoPuGrIpVjGUXnrQgghhBBCCCGEEEKII8BRly62xFv4+Uf343gJLMNEJxNVtNLYnkOWL4NLBl7IkLxBLNz+PnM3v4GHxlCKhJtgSulkBuVWHu7bEEIIIYQQQgghhBBCHMWOumD1lY2vsSNSS8gMdn7P9hwsZXFh//P4auVXaIw18uCy31HdugXLsFKVrBqf6WfasEs7e68KIYQQQgghhBBCCCHEP+KoClabYs28uul1AoYfDWitcbXL+OLjuXzwxVRklfHaZ2/wyKpHAfAZFhpQSpFw4kwbcgUFoYLDeg9CCCGEEEIIIYQQQoij31EVrK5v2khzooWg4cfWDnmBXG4Yfg0TSk8g7sb57bI/8MbW+ZjKwsBAo1EKHM+hT1YF51aedbhvQQghhBBCCCGEEEII8S/gqApWP21ch9YejnY5pXQiVw+9jMJQPnXRBn7x0a9Z07gGS/lQil29V7VGo/n2qG8S8qUd7lsQQgghhBBCCCGEEEL8CzhqglVPe3xcvxpTmXxr5Dc4rc9kDGVQ017Lzz96kHVNG/CbPrQGdPIcBUScGDcdcwND8gcezuULIYQQQgghhBBCCCH+hRw1wWrUieI3fNw5/jbGFY0CIByp585FP2Nb23b8hg9I9lPtSFejTpwLK7/KVyrPOIwrF0IIIYQQQgghhBBC/Ks5aoJVQxl8e/S/UZjafMp2bX697HdsaduW3MxKadC6c0MrQxlcNvAirhj6dUxlHubVCyGEEEIIIYQQQggh/pUcNcFqmpVGmpXskaq15i9rnmNx7RICVhoxHJRW+E0/peklHN9rDCeWHM/AnL6HedVCCCGEEEIIIYQQQoh/RUdNsLq7jc3VzK/5kBPLJtE3rYC+6SX0Si+iML2IglABShmHe4lCCCGEEEIIIYQQQoh/YUdlsFqeUcwfJ/8M5Tp47XVY0WZ0wka7teA66GAOyh863MsUQgghhBBCCCGEEEL8izpyglXtoeNtYEchkIHypcE+Kk99zVvxVr2Kt3YeTuNWYlonN60yTLTpx8wrwygbjVU5EbPkGFQg8xDfjBBCCCGEEEIIIYQQ4l+Z0lrrw7kA3R7G3rAAd8MC3LqNkIhCMAsztxyzZChm3xMxCweBFdh1TqwZr3kburUWr7Ead9sK3J1VeK1h6AhZAVAYhQPwj74Aa9g5KH/64blJIYQQQgghhBBCCCHEUWPGjBk9jjl8warnkPjkZRLvP4rXtA0MI9kbVRloz0PhoTUow8TsPQLfmK9hDTwVZQW7nU631+OG1+Gsewt7zesQbQXDQANKa8zewwlM/HfMiuMP7X0KIYQQQgghhBBCCCGOKkdssKrjLcTfehB7+UtgmMk/AJ4H2t01ThkoQGuNAsw+4whMugmzZOR+5/eatpJY+RL2h0+gXRtlWmjXAaUITr0Z/5hLwThyuiAIIYQQQgghhBBCCCGOHEdksKrtCNEXv4ez8QOU5QdUMkzVYJQOxywfh5Geh3YddPM2vPB63JpPky0CtAemj+CFv8LX/+Qer+WG1xKbezfe9tVg+kBrtGsTOOEqApO/A8r84m9YCCGEEEIIIYQQQghxVDnyglXtEf37vdhLn0f5Uj1TPQcjPZ/AqbdgVk7a+1V/18Zr3oqzbj6J5bPRjdvAtEj7+q+x+p7Y8yVjzcT+/jOcqjfAtNAAToLgmT/AP/qSz/0WhRBCCCGEEEIIIYQQR7cDCVaNQ7COTvYnL+EseW63UNVFpecnQ9LBZ3TfP9X0YeT1w3/CdaRf9Sf8J1yN9lyiL/0QHW3q8ZoqmE3wrNuxhkwFx0YByvQRn/sz3PqNn+8NCiGEEEIIIYQQQgghvhQOWbDqtewgNv83YPmT39CA9kg7/2cYhYMPaA6VXkhgyn8SuuhX6EgjiY9fPLDzfGkEz/gRqmgguC4oA5QiPu9+8JyDvpd4PE4kGsXzvP2O01oTi8Voj0SIx+MHfZ2eJBIJ2iMRYrF/fm7btolEIkQiURKJBI7j7PP+DrTI2XFdotEokUiERCLxT6/xcPC0R00kTNSJ/cNzJFyb2kgd3mHaJ04IIYQQQgghhBBCfP4O2Q5O9tKnINoMVqpa1YnhO+k6zNLRBz2XNWAKoUseIvbWQ/jHXorypfV4jgpmETzjNqKPTwc8MP04G9/D2bkKq/eoLmNrampZ9MEH5Obm4HoeEydMwLIsWlpaeH72bObOnUtLaxsPPfgglZX997rWtu3bWbBgIW+//Q6fbdpELBYlPy+PEcccw6RJEzn5pJMIBAL7XW9jUxPvv7+IjIwMmpqaOHnCSeTl5aG1ZvmKj3nttddY+cknNDU1EQqlUdm/ksmTJzPllMmkpfX8eQC0RyIsXbac+fPmsWz5ctrb20EpTMMgNzeHwsJepIdCBINBQqEQza0t1NWG+fa3v82woUO6ndO2HZavWM5bb7/NokUf0NDQgNaazMxMhg0dyqmnnspxxx1Lbk5Ot+d/2riBD3d+RIaVTn2skTG9RjG2aP+blQF8uHMpGxo3EjAD1MUbOLvPqZRnlbFk5zKWhVfiaodcfw5RN0a7HaEl0YaLQ8gKURTqxeDcgQzLH0zaHlXTbYk2vj3/+xxXNJYZ4/4DQx3c7yI0mv/75DEWbHuPBybfQ1F6r4M6XwghhBBCCCGEEEIcmQ5JsKrb60isnJPcQApAawik4x/zj/c4tSonkxbKS851oOcUD8XsMw5381IwLZRS2B+/vFew+snqVXzve99DA+PHn8CUyZPZsXMn37zpW6z6ZCWmYaIMA/8e4WhbWxuP/vkx/t9v/x8+n48RI0ZQUVFOIh5n6dKlLFmyhKeeeopJkyZx15130rukeJ9rjUaj3PajHxGJRDBNk1defolgMMjPfvELnnzySRQKy2ehPU08kWDFihW88MILnDB+PD+79x7KSkv3+1msWl3FHXfcwUcffUTffv244frrGTt2DKZh8vHKlcycOZP33nuPzMwsvv71r+M4LnXhOpqam4nHu6/eXPvpp9z/4IO8+cYbmKbF5Zdfzvjx48kIhVi/cQOzZ8/myaeeYsjQIdx5++2cdOLePXLjdown1j6Lz7DQWtM/p89+76NDbXuYWWuexJd6xk4sPo5yYHn4E57f8BJpZhoeHlcOuoTyzHISXpwNTZ8xb+s7xN0YlvLRN7OCGeO+TXnWrs+uNlJH3Ivzzrb3OL//2QzKG3hA6+mwrWU7czb9DUuZxJ2js2pXCCGEEEIIIYQQQuztkASrTk0Vur0B5UtVA7o21vCzMTL/ueo9s+SYgzvBsLAGTcXd/FHn1+7Gd9GxZlQwu3NYeigdn8+HbdsMGDCASCTKf3zrP1ixbBm5+Xk4CZt4Ik56KNR5TiQa5Rvf/HeWLFnCz+69l4knn0xObg6WaeK4LjU1tTzw4IO8/PLLzJ8/j5bmZh6b9Wf8fn+3S00PpVNYWEh1dTVZWVn4fX6+e8v3+HTtGu695x5GjBhBXm4e9Q31zJ//Fr/93/9Fa49F77/Pt79zM08+8TjBYDc9a4HVVWu49LJLaW1p5dJLL+WO239Cenp65/HBgwdx5hmn818/uJW/v/l32tva+cFd3yMQCOyzPcCSpcu49rrraGttYfDgITz0m98wcEBl5/GTT57AFZddxrPPPc+Pf/xjrrl2Og///ndMnTKlyzyu0gQMP6ZhoLXGVL79/0xT/JYfv+nHVCYKhd9Mfq6WYeE3/Gg8snwZnFd5FsHdqlLPrzyHXy75DZtbq9nY+hl3L/4VD0y6h7RUFXRjvDnZ+kDB7PWv8v3jvnPAVaue9nhszdMoFBpoSbQe0HlCCCGEEEIIIYQQ4sh3SHqsupsXo3YLozQaq/8EQB2Ky3dh5PdDd1xXGXhtdXitO7uMKcjPx/FcANLT0vnDHx9hZ20tf5o5kxdfeIHnnnuWO++8C9veVYHY2tJKS3MLr77yCl+74HwKCvKxTBMAyzQp7V3C3T/9b0455RRM0+Sjjz7i5Tmv7nOdlmWSFgyglMIyTX70k58Q8Pt45eWXuPiiixgyeDC9ehUydMgQbvr3b3L/ffehNQTT0li2bBlvznur23mj0Sjf+/73icfjFBQW8sMf/FeXULVDVlYWd//PT8nOzuYvTz7BI3/8Y/LzMwwMo+tj09DQwE3f+hbxaJS8vHwe/v3vu4SqHfx+P1dcfhlfOeccPNflmzfdxKbNm7uMybTSUUqhNXhocv1Z+/yMdhc0/KnHSaOUIsOXCr0NhVIGCoUyLGJu16rRsszefPOY69Daw6f8bGvfzsq61Z3Hd7bvTAa1hsV7Oz9gY9NnB7QegNV1a3h3xwf4jWTIWxsNH/C5QgghhBBCCCGEEOLIdmiC1R2rwdhVHKsMCyOn96G49N6UiTJ3q4LU4IU3dBnS3NKMZZoEAgFmvzSb1157jeeefYapp0ymT0UFgwcN4orLLqWoqKjznLS0IPff/ysGdBModggEAtz079/EcT0sn8Xs2bOxbbvbsZZlYfr8KKVoaGxk1erV3HvP3WRmZnY7/swzTueqq64iGo0SCPh5/vlncZy9N+b6ZNVq1lRVAYqvfvWr5OXl7XO9+fl5nDr1VPz+AL/73e/ZWVOz1xitNb956LeEw7W4nsfN3/kOfSrK9zmnUoobb7gB0zJxHYff/vZ/u2yG5WgHUKDAUAZx3f3ns6eQlZbsCqEUKIWtk8F4ppWO1h6u1gQMH35j7yLt3hnFpPsy8PAwMNjcWt15rCXeiocHWqHRPL32BTy9/03LABzP4bE1T2Mo1ZH30hhrOqB7EUIIIYQQQgghhBBHvkMSrOr2OuisWNXJitFg95sXffGL8ZLhG8kwTxkGXkPXqklNMtRDKWrDYb7/ve9TUrzvfqiQrPAcNLDn/pulpaXk5uSglMGWLVuIxePdjjNNk/RQCM/ziMfjfOc//oOMjIz9zn3JxRd3nru6ag3tkcheYxYvXpyqONWMGjVqr+N7GjxoEIZhEIvHWLps2V7Hd+zcyVNPP0UwmEZ6KMQZZ5ze45x9+/ahuLgYn8/Pa6/NpaGhsfOYaVi7HkoNQXP/m3x1iHgJfMpMtQ8wCJnJ1/1z/dk42sVQCksZdFcl7Xpu8pEgWSWbF8jtPFYbrQOdqrJWFh/WLmVj06Ye1/PRzmV80rAaS5mgkuc3JVoO6F6EEEIIIYQQQgghxJHvkASryVLCjqrEVIIVbdzX6C+WMsCx2T1g0/GuAaTP50ejcR2H0tJSjj/uuM/t8gG/n/z8fLT2cByH+H6C1bRAANd1sUyTUSNH9jh3Xn4eubm5aA8ikXba2tr2GvPZpk1YPgtQZGbs3QJgTxmZmZ0bhG3bun2v4wsWLMS2bVzX5dhjx1FYUNDznOnpVPavRGtNLB5j9epdr96nmcHkk6I1Gt0ZkPYkzQzi4aG1RqEIpHqstrsRLGViKIWnOypiu6qNhGlNJD+rgOFjbK/RAMTdBDvad2IaJsloNPnP42uewU1VxHYnakf5c9WTWMrCVMkKWaUU4UgYzYFvtiaEEEIIIYQQQgghjlyHJlhVZtevPRuv9fD0m9TRJvTur3J7HphdN0jq6I3quC7Dhw0jtNsmVf8sT2ui0UjndSyr+/3DtE72ClVKEQgGyc/f9yv7u687Py8vFf9BLLZ3aJufn4/rJgNIz+35lfampkaUoZJ9Rv1dPyfP8/hw8WJM08RxHE44YTymae5jpt3WaVnJAFhrHMemdbcA2Jd6VjR02YSqJxm+tM5NphTJyleAlkQblmGljhlYe7QCaE208fiap9FoHM/h+mHTyE1LVlO7nkNdtB6Ac/qeRdAMYCmTxTVLWNfQtX3E7t7fvpgNLZ8xMKeSCyrPxfFcFIq6aD0J98BaGwghhBBCCCGEEEKII1v3qd7nTGXk4zVtRXUGrAp384f4Bp5yKC7fhRden9qjPVVDaxjsucm7aZqgkx0D0tPTMc1/Ln/WWtPU3Mz69Rt44i9PUFsbxlAGhmng93W/671SiubWVvx+P4ahMA4gsPQ8D9uxMYzkZk2BwN6v0R87biwP//73mJbJ5i1bepxz/boNnb1LBw0a1OVYIpFg48aNGIaBaZq8OW8eLS2tNDTUk5mVTSDgIxgI4mmPWDROLB4jGo3Sq7CQj5YswTRN2tsTtLXuVlmbeidfpf7n2XUv0iutANOwaHXaMJRJ0AxiYBD1YrieTchMY0ekBqWMLuEqgJGar+MnnnATBM0ALfFW1jSs47GqJ/msdTO5gWymDbmC0/tO6VxKxI7SnGjB9Ry+0vd0/IaPp9Y/j2VY/HHVLH5+8l2patZdonaUWWuexFImXx94ASErxNPrnsdUJi2JFqJ2tLOaVgghhBBCCCGEEEIcvQ5JsGr2Goi3ZSmQDKGUaeGseR198r+hgtmHYglJro27+UNIhWHJTYU8VE7XzZaUSkavWoNh9Bxo7qmxsYlNmzexYeNGPl37KZ+uX0dDfSOJRIx+ffuRl5dHQ309Zg8Vqx1Vq4Zh0N7Na/178lLndNxDZjc9WceOHUteXh7NLc28+cabXDPtanz7WENLaytvv/MWSilKSooZMWJ4l+PtkQjhcDgZ5CpFXV2Ydxa8Qyg9nfRQiEAgQDwexzIN/H4/juPiuA4bNm6kT58+VFSUo7WmpGSP/rWpFrgGis9aN1MTC2Ng4jf9+AwL1/NIaBu0h9YeaVYaTfHmXefuNZdOVYyG+fF7/0O2L4OaaB0NsQZGFYzk1IopnFAyjtKMki6nhqN1OLj4zQAZ/nTO7nc6z6yfjWmYrGn8lI/DnzCmqGuf2jkbX2NHpIbRBcdwbNEYNjZvwkgtqsluPaCNr4QQQgghhBBCCCHEke/QBKslI7D107u+oQy81jD2p/Pxj7zgUCwBALd5G+72VbD76+DaxSge2mVcsk9n6u/egQdh27Zv55lnn+WZZ56hsbGJAQMGcPrppzPtqqspLy+jtLSUWDTKFVddTUNDPZblIxKJ4Pf3XMGo1N6bLu01BlKVtgq/308sHiObrC5j8nJzueuuu7j5uzfz0ZKPmDPnVb52wfl7zeVpzR/+8Ah19fWYhsntt9++V1DrsywSqR6xkUiEO35yOyefPKHLWg3D6BISdwS/QOffk5tp7Sa1WRQovjv6Jvrn9O3x3leFq7jt/f9mr2RVg06FqznBPECxon4VlrKwTIvLBl3I4PzuNx1rjDXhuDb5oTwMw6AgkM9p5ZN5c+s7mMrkT6sf5/6CYfhSrSQao408s/5FlIJrhl6OaZhk+jJBKRRguwlaEq3kpeV2ez0hhBBCCCGEEEIIcfQ4NMFq72PAFwTP3fWqtxUk/taDWJUTMNILD8UysD95BdwEWEGSiZuGYDbGHkGX53nJ18lVMmA8EKtWr2b6dddRU1NLRZ8+/N///ZFjx47d63X8lpYW2tvbAQgEAqg9Q8UUpVTnplEHyjRN/KkNr3w+3z7D2K+cfRaNjXfy4IMPcNuPbqOltYUzTj+d3JwctNbUhsP86U8zefTRR8nLy+NHP/4Rp06Zstc8GrBSrQws0yQSiXbbY7WjV2znfR0Qhatd/Eb3rRL2lqxK3eu7Ktmr1UOTZoX44bibeWjFw6xuWIPjOvxq2UP8fMJd3YadO9p34qHJDWYTMJM/x4sHXsDb295Do/msZTPvblvEKRUTAXhh/RyaE82cVHQCg/OSYa3f9BEyg8TcOFp7NMQa6ZtdcYD3JIQQQgghhBBCCCGOVIdk8yojuzdG3xPQ3m47shsmRFuJzb0HfQg29HGbtmB/9BSYfjo6buK5mKUjMNK77mTv7V6legDhZktLK9OnX0dDQyO9S3vzxGOPMeHEE7vtcerYDo7j4HmagN/XuVHWnrTWpGek4zjO3mvaB8MwUYDruliWSSit+023DMPg6quu5Ne//g1KGdxzzz1cdfU0rr/xRqZffwNXT7uG999/n1tmzOCVl1/m4gsv7DYQTQsGKSsrxXWTgfm27Vt7XGNP9B6vyjva2cfIrhztJv+iOuZJVcPqZJWsAcScCMUZvfjumH8ny5+s5K2J1HD/st9id/MMbm3bgYEi25+FkWrEW5rZm3P6nont2VjK4rG1zxB3E9S2h3n5s7/iM/xcNeSSzt6rShlk+rOST5yCmkjtwX0gQgghhBBCCCGEEOKIdEgqVlEmgWMvJbLurd2+qcHy465bQPzNnxM89b9SoefnTyfaiL9+D9qJo8zdKiC1i2/omZ09VzskQ0wFqAOqWH1z3pvUhmvxWT4uvuhiKsrL9jve81w8z8M0rb1fg09RSmFZPhzbxvX7yeimX+qe4ok4tmOjFJiGiWXtuz/sBx8u5q6f/pTp06/jsku+jt/vI1xfj9aagrx8cnNzCAaD+72e3+9nzJixLFu6DJRiddXazlf+/1G25yarhVMfu+MeWLAacZP3rUkGqXYqxC8I5mN7Nj7ThwKiTozi9CJ+ctz3+f67P8FSFivCK3l09V+44ZhpnVWvrueyM1KDRpMfzO8MVgHO7nsar26eC1pTG6nlbxv/zrb27cTcGGdWnEplbv/OsSFfkExfJjWRWlw0rYmee+UKIYQQQgghhBBCiCPfIalYBTBLx2CVjYY9gzLLh71sNrE3fo5ORD7362o7Suz1u3E3Ld4jVPUglIvV/+S9zumoDlUKPG//warWmgUL3yUQCIJSlJWW7nd8wk7gOC5+v59oLNql5+iea0gkEqnWCZpQqPvq0925joNt21imhUYTT/U/3VM4XMfV067GtW2+/a2bKC8vo6ioiBHDhnHM8OGUlBT3GKp2+Op556JVMmSdN+9NamvDB3TevrS70eRflEKhaHUO7JlwvAQKAwPwtEfUjQHJClhN8vM0lYlPJX+XMDh/IDcOv4a4l8Bv+Hhx46ss3Lqoc76oE6M2EkZhkO3P7HKt3pklnFl+KrZ28Zs+Zq15ije3vI2lLM7rf3aXYNln+Mjwh5I9Y7WmMd70j384QgghhBBCCCGEEOKIcciCVWX6CZzyne6DRMuPveJloi/egle3/nO7pteyg9grt2KvfgPMrr06tWPjH38Nqpvemo7rpOoWU9vT9yCRSKTGa1paW/Y71mf5aG9vRym1z2pVAMdxaG9vx7JMtIaGxp4DOa116rX8ZAeDRKL7FguzX3wR23YoKCzA5/vnipaHDhnCaVNPJR6P09bWxmOPP35Q59fV1XV5JvyGiac9FJCMRA+sz2zICqbaBiT7qSa85L3XxZrwGSZKJdsFdHwf4Jz+ZzK1bHJnuPrAst+yofEzABpijTQnWlAG5ARz9rreVyvPJmgEUp0iNAkvwZTSiVTm9OsyzlAGWf4sNBpDKWraw7gdbQuEEEIIIYQQQgghxFHrkAWrAGbpKPwnXgN2rJuDPtxNS2h//HoSHz2BbvvHe1HqeBv2Jy8R+csNOOsXdq1URYHnYORX4B910T4m0Hg6GYTFE4l9VpVC8pX9sWNGk0gkMA2Dt+e/1dkXdU/xRIIHHngAx3FwXXe/rQAcxyEWj6FU8tX2aLTnys1YLE4sFsfzNIahyMzsvn1APB7Hsiyqqtbw8pw5hOvqiEQiOI5DJBIhGo0Sj8f3eR+7MwyDO+64naysLEzT5I//9388/eyzPZ6ntebZ557ndw//oUuFZ9xJoFKv82v27rm6L42xZkwMQKM1+FSyDYKjE6loVpFwExi7XctQBjcMn0ZRWi+09nC1y92Lf0Vbop2EmyDhJVBakZPqx7q7koxippZPxvbszk3Ovj7ogi4tAzrkBrPRaBQGNdHaA25vIIQQQgghhBBCCCGOXIemx2onRWD8dbibF+NuX4WyAuyqSNRgWuDEib95P4klT+EbeR7WgCkYOWUoX9r+p/ZcvOZtOJsX4Xz8Mm7NWkClKlV3C0a1C1qTdu5PUf70bqfKzs7BcR1Mw8Sxe95Y6+yzzub+Bx7EdV0WL1nC7x7+Azdef12X1+nXrFnLXf/93wwfPpz+/fuzefMmqquraWhspHdJyV5zOq6LnbAhFTLuq/p0d6H0EIl4HK01nqf3GQhPnTqF3zz0EIlEgttuvY28/Hyys7MJ+P1owO/zEQgGCQQCFBUVMWzoUE466UT69e3b7XwlxcX88ZFH+OY3/42GhkbuuOMOtm7dxhWXXUrJHveWsG1Wr67iTzP/xIsvvsjDv3+4y/G4G8fTHpZhorRHmx3t8b4BLMPE1g5+lfy2SOXsAAAgAElEQVR5NyVaKKU3cTcVjKtksOrusQlYdjCLHxz7XWYs+BE+w0c4Gub3H/+JIbkD0VpjKnOfPWMvGnAef6+eR9y1ObbXGMqzuu+tGzADGBgopWiINRBxogSsvTc2E0IIIYQQQgghhBBHj0McrILyp5N2wS+JPHEduqU2GaZ2GaDA8qNba4kv+AOJd2di9BqAWTwMo7ASI7sErGCyV6tpoltrcBuqcXeswttZBfF2QIHRza1pjfY8gmfdillyzD7XuGPHDlzHIW7HsBOJ1EZT+94IqqSkmF/+4hfc/N3vorXm179+kHcXLuSE8Sfgs3x8vPJjli5bzoz//E8uu/QSBj03iB/88Ic01Ndzw43fYNLEiVx00UUMHFDZOWcsGqOmZmdnn9S2ttYeP9vGxkYSdgI7YdPU2EgkEiUtbe9AetjQoTxw//385qGH2LJlC+FwmJqammQbAcA0DZJZpMJQCmUYBAIBLr/8Mm7+zncIdTPn2DGjeebpZ/jFr37JG2+8yUO/+Q2z/vxnJk6aRP9+/Qilp9Pc1MTijxazcuUn9O3blz8/+mcmTeza49bTHp720JhowHa77xO7173HmlPVoirZSiCVKRsYONoloEzink1jvImsQNeeqYPyBjB96JXMrHoCv+ln4fZFfLDzI/yGHw8Pq7tnCeiVXsjpFVN4ceOrXD7wom6rVQHSrXSS22op4m6CumgDud20FxBCCCGEEEIIIYQQRw+l9/ee+xfIbd5G7OmbcJu27fGqfjc8D5Lb/wDJwA+l0B3Vh6mKRKWM1GZP3dAa7TkEJt9E4ITpwL53rl+3bj3PvzCb/IJ8XNdh+jXXEAj0XGG44uOPeezxx1m06AMa6usxTJPs7CymTjmV6ddeQ//+yf6brusy59W/8uGHH2IYBsceO45JEyeSm7ur3+vOmhpmzXqMgoJCamtrOe+8cxg+bNh+r79u/Xpmv/gSBfkFhOvquOH66eTn5XU7trWtjfsfeIAnn3ySUaNGM2jwIEqKS8jPy6OpqYma2hrWrV3HshXLcRwH0zSJRiNcccWV3HXH7fsMmh3H4eOPVzLnr3/l3YUL2b5jB47jYJkmaaEQEyacxDlfOYeTThzf7YZc29p2UtNeg8/04XgORaFe9M4o7vGz39D0GW2JNpRh4LoO/bL7khPM5rOmzTQnWjAMA9dzGZo3iKC198ZccTfB0prlhKw0fKafdCtIwnNpd9rpl9WH7MDe7QAAWuKtbGjZxKiC4fsMVmsjYba0bsNn+nA9l/7Zffc5nxBCCCGEEEIIIYQ4/GbMmNHjmMMWrAJ4TdXEXr0Td+sKsHyQ6pG5P5qukeieX3d/oWQlZmDKd/CPuwL2EYDt85pa7/N18O7G1tXVEw7XkhYK0auwkPT07lsOHC6LPviAW2/7Efl5+dx55x0MGjgAv9+/1zjbtvl0/Xp+9rOf8+GHH+Dz+YnFYrz80ksMGzqkx+u0t0dobGqkubmZtLQ0CvLzycqSQFEIIYQQQgghhBBCHNmO+GAVQMeaiS/6E/biJ5OVp3u2BjjQedgzYE3tK+86GJm9CH7lDqw+J/zzCz7KVa1Zy7nnncegQYN46i9PkJ2d3eM5LS2tXHvddaxevRrbTnDHHXcw7aqrDsFqhRBCCCGEEEIIIYQ49A4kWD240s0vgApmEzzlP0m77LeY5aPBczorTA9qnt2/0IBrg+fhH3MhoSv/KKEqEE8kuP2O27HtBDNuueWAQlWArKxMrrjicmzbxjRM6urqv+CVCiGEEEIIIYQQQghxZDvkm1fti1V+HObFI3A3vEVixWzcLSuSAasy0Ur1/Cq+1qBTPVcNA2vYGfjHXIxZOuaLX/xRYsOGjaz8eCVZWVn069f3oM6tKK/ANE0cx6FPRcUXtEIhhBBCCCGEEEIIIY4OR0ywCqB8aVhDzsYaMBV35yqczR/ibHwXL7wxWcmqkxtYKc8FI7kDfHKzKgWWH7PXIMy+x2MNmoqZX7nvjay+pBoaGkjYNv5A4IA24+pCAVpjWRYDBw3a71DP89i2fTt2IkF6ejpFRUUAxOMJwnVhXDdZkZydlUVOTg5aa2pqakkkEmit0WhM06R3SQmtbW04tk1BQQEAjU1NuI7T+XWHRCLBjh07cF2X3Nw8cnNzOo+1t0cIh8OAJi8vr7PPa0NDA47j0KtXLwCamppwUnPX1dcTaY/gaQ+FIic3h+zd+sO2t0eora3FMBRFRUUEg0Ecx6GmphbHdUAn++36A35Kios7fzEQj8cJ19XRq1cv/D4ftm1TU1tLcVERtu0QrgsnPwOtSUtLo1dhYZdfKriuS01tLVprSoqLMQyD9vZ2wnV15OXmdt6b4zhs276dkuLizv65sViMurp6evcuwTCM1HprKC4u7tyMrLW1lda2NnqXlHT5fF3Xo6amhng8RjAYpDh1T4lEgp01NWitQYOnPTIzMsjNzWVnTQ2GUp1jW1tbaWhoJD8/j0AgQE1tLZ7ronXymcnISKegoICamhoyMjLIyMgAIBwOk5aWhuu6NDQ2YlkWSikc2yYYTKO4uGi/z6MQQgghhBBCCCHEF+GIClY7WQHMsrGYZWPxH38Nuq0Wr7Ear3k7OtqUDK3sGIY/hErLRuVWYOT1wQjlgXWQgeGXiM/vwzJNEokETU3NlJWWHvC51ZuqicVijB47hsEDB+xznG3b/G3u62za9Bm5ubk0NDYycsQxnDJ5Eo2NDTz7/PPk5uaCp2lqbuYrZ51FZWV/Zr/8EpZpkpGRied5pAWDnH3WmXy84mM+WraMb1x/HRkZGSxe/BGtrS1cdOGFnddMxOO8PGcOLW1tmIZJQ2MDF55/Pn369GHnzp3MfullLNPE8vlobW3la+efT3l5Ge9/8AENjY1cfcUVACxfvpy6+gYuvuhC3nrrbbbt2EFuTjaO7RCNx/jqV86hvKKcuro6nn1hNn6fRSKewPL5uPzSSwB45vnnycnOJhgM4HkeeTm5FJ3RqzO4rK2t5bkXZnPlFZfTq7CQ5uYWnnv+Ba65+irq6up4+dVXKUoFvQ0NDYwaOZKJJ5+MYSS7dsRiMV56+RXa2tu4Yfp0cnNzefe991n+8QomnHgiE046CYB169bzwksvcc5ZZzF69CgAampqeOa55/nKWWcyfPhwWltbefaFF7jh2mvJyMxEa83f5s5l0+Zq/u2G6ztbRSQSCf76t9fYsm0rOVnZhOvrGTFsKKedeir1DQ08/exz9E6FvJ7n0b9/f44ZMZznnn8B13W54brpZGVl8dbbb1O19lPOOO1UykrLeObZ58jLyyMQ8GPbDv379SMnJ4e/vTYXn9/P5ZdegmmavDFvHkMHD8bv9/PR0qW0t7eTSNjk5uRQXFxEcfHpB/wcCyGEEEIIIYQQQnxejsxgdTfKl4bK7YOR2+dwL+WoN2zIEHJyc6ipqWXZsmWMGD7sgM6LxeM89sRjKEPxo1tv22+16/Lly6murmbaVVeRmZlJTU0NTz7zLAMHVBIMpqE9zUUXXEBGRgZvv7OAdxYupKSkGMdxOGXiRIYMGZKcSIMyFKCJxWIsWPguZ591JspQqD22Kaurr2fzlq1Mu/IKCgsL+XDxYppbWnBdl9de/zv9+/VjyimTMQyDpUuX8tIrr3DDddPxWb6ucymVuiYk7ASjRx7D5EmT0Frz0iuv8P6HH1BaVsrfXnuNIYMGMvHkk0kkErw293Xq6uspLChAex7nnH0WhYWFydvQujMU3XUZhd/n67hkZ0Wq52lCaWlccvHF+Hw+1q1bxyuv/pVRI0eSk7OrAtfn8+GzfGzfvoOsrCy2b99OwB/A83RqHo+Vq1ZRUlTEso9XMGLE8GSVJ8mWGm/Mm09lZWVn2NvRobixsZHa2jDZ2Vms/XQdxx93LADLli9nx44dXJP6me7YvoMPFy8mHo+jANMwuOjCr3V5LiKRCKaZrIqtr68nLS2NmpowgYA/2bUjtWfeV889Jxm0p3ieh9/vY9OWatauXcuwYcPwtMbzNEOHDmXw4MG8++57bN2+jUsuugij8x6EEEIIIYQQQgghDq0jPlgVn5/MzEy+/73/Ysb3buG+++/nuOOOZcjgwfs9JxqLcfudd7JkyRJ++MNbO8O27mit+XTDBsaM2hUE9u7dm/KyUtZ+uo5jRgxHGQaNjY3EYjHC4TBZmZlYlkXA52PJ8hVUb92afD2/sJDjjj0W19P0qahgw8aNVFdXk5mZSUtTS5fr5uXl0auwgGeff4E+FeUMHjSI/v3709raSn19PWedcXrn6/DDhw/nvQ8+oLY2jGF0E8ol8z4sy6KmtpbVq6twXZdwbZgTjj+O1tZWdtbWcvZZZ2FZFpZlceHXLgCgtaUV0zRZsPBdMjIzcByHvn36MnzY0M7plWGg0by9YAEBf4BINIKnNUopDENh2zZVVVUEAgE2bvyMXr0KCYVCu33G4LMsBg4YwI6dO+nVqxDTsiguLsZ1HSBZ6VpfX8fll17Kk888y86dOykrK8PTHtk5Ofh9FgvffZdjx43DMs3Ond8+XrmSYUOGUFnZn1dfe40xo0dhWRYrP1nF2DFjyMrKIhaLEUoPMXnyJCzLQmuNpz3eeHMePp+PWDzOKZMmEgwGMU2Lyv5lbNmyhWAwSCDoJy0UxPPc1P0avP3OAkKhELZtM2zoUPr27YNhmAweMIC33llAaWkpacE0HMdGKZUMg1P/tlLhtBBCCCGEEEIIIcThIMHql8yFXzufhoZ6fvHLX/K1Cy/iZ/fey6RJE8nJzu7Sy7O1rY1PVn7C/Q88wLLly7nzzjuZfs01PW4i5joOltX1sTINE9tOpL7SzPnba1iGQVZ2dmfo6XiajPQQvQoKcZzka96QbC3Qp6KckSOG88ab8ygrK8U0u1aABoNBLr7wQtatW8+n69bx4iuvMGnCBCorKwG6VIwqlax49TwXw4CAf7dwToORmtswDJqbW/hk9Wo2bdrE5IkTGTlyJLW1tZ3z7KkjZMzOyiI/Px/HdcjMSO92XCiYRnrqmE5tuqaUwnFcNm7azIaNGykpLubrF13UGQonx4DtOFSUl7Pm07Ws/GQVvUtKiMfjdCSkVWvWkJGejtaa/LxclixbRllZGQpFwOfj9FNP5bnZs8lIT8fv92MYBrZt88mqVYw//nj8fj+R9ig7d+6kvLycRDyOLxVifvrppyx87z1s2+H8884lFEpHocjPyyUQCGDbNpZporXGdV369e3LuvXrSdg2FWXlNDQ2pKpVNZ7WZGdnkZuTi23bpKUFgWQf2uOPPZZ1G9bz1jsL8DyvSwje8dEnv9/1WRBCCCGEEEIIIYQ4VCRY/ZIxTZN/+8aNHHfcccx89FF+/OOfEEoPMWTIEPLz8vDQtDQ389lnm2htaWHSKZP5n//5KYN72LAKksFgae/erK5ay9ixY/H5fLS1tVG9dStnnnYahmFgKIPzzzuX/Ly8zlAvHo/jOg4jhg9nQCoM7aC1JhqJcuL48ayqqmLFypUMGzyky5g1a9dSvWULZ5x2GiNHHsP777/PylWrGTFiBP5AgPXrN3RuULWleguO41BYWEhtuI7tO3Z0zhONx9BeMuRMJBIMGTyIk048kTfnzaNq7RpGjx5Fbm4yQNy+fTv5+florXnttbkMGjSQoqIitKc5/vjjOjeR2pP2PJQyOOGE48nKyqKxsZE1n65NhrKeR1paGl899xy2bNnCiy+/Qk1NDX367GqDoQHHdcjOycYyLT5aupQLvnoe69etx/JZ2LbN6qo1KKV45dW/4jg2W7duIxKJ4PP5iMaiFPYqZNLJJzP3738nPRTCsix27txJNBpj9Zq1VK39lEDAz7LlyykvL2fgwIGsXfcpo0aNZOTIkRQXl/CXp58ikbAJhTQoxQknnNAl5GxtbcVxXXJzk6HpipUrueC886itC6daASR/tuOPP55Q+q7w2XVdXM8DpZh08sn8ceaj2I7DgP79unwGQgghhBBCCCGEEIebBKtfUmPHjGbsmAfZsXMnmzZtZsuWLTQ1NZGWFiQYTKOiopz+/fp19go9UMeOHcv6DRt55tnn6Ne3L1Vr11KYn8+ggQOoq69Hk6wwDQaDnedonQznPlqyhJ07a5KvtGs49thxGIYiHotjmianTZ3KzFmziCcSXa5ZUlTMnFf/SiQSpXdJMUuXr2DUqJGEQiFOm3IKc/76N1rbWvFZPpYuX87ECRNIT0+nX98+vLNwIS/PmUN2VharVq3m3HO+AiSD1UQ8jlKKkydM4JGZM5k3bz5nnXUmZ55+Oi/PeZVwXR1NTc1s2LiR8eNPQKde6X/7nQXk5OTgug5pwTTGjh3TWfHpaY32PKLRGFlZWTiO0xkyep6H6zq4rkvfvn0ZecwxzH7pZa6ffi2ZmZkdHxaxaIxgIEBp796s37iB/Lw8VkQiFBQWsnnzZqLRKN+4/nr8AT+O4/Dnxx5nxccrKe3dG8dx8VyX4cOHsWzFCurr64nH4yz68ENGjx7FKZMmoZSirq6OWU88waSmJk46cTyzHn+CJ59+hsp+/aneWo1SitzcHDzPQ2uPefPmEwj4cVyX4qIievfuTTweJxgMUNSrFztrasjLz6e9rR3P80juQKeZ//bbZGVl47oOmRkZDB8+HO25qZYD6ZwyeRJ/fW1u6pwk13FxbPvgH3ohhBBCCCGEEEKIz5F555133nm4FyEOn8yMDMrLyhg+fBjjxo1l1MiRDB82jLLSUtLT936NvSfBYJCBAyqJxmKE6+vp368vp0yeTCAYxHU9LMukoqysM2jsYBomlmWRSMRxXQ/bsakoLyfg95Odk0NBQQGhUIj0UIiCggKKUhWoHdccUFlJfV099Y0NDB82jHFjxmCaJoWFhZSV9qYmXEc8EWfCieM55pgRKKVIT0+noqyM2nCYaCzG8ccdx5DBg1FK4XkexUVF5ObmYlkWZb1709DURFlpKUVFRZQUFbNt+3ZCoRBnnXE6BQUFncEqCmw7gW07GIairLR010ZRWmP5fFSUl3e+4q+Uok9FBZZlEQymUV5WhmEY9O5dguM4hEIhsnergDUMg94lJWRmZpGRkUFlZX80mvy8POKJOP379aO0tDeGYWBZFjk5yeCysLCAtLQ0SkpK8Pl89C4pIRgMUlxcREtrK+PGjCEUCmEYBqFQCKUUmRkZ5OXlMXBAJbZtUxsO06tXL6ZOnkxhYWHnJlSu9nBsm4TtEEpLo6ioF6Zp0K9vX7KyMsnJyaZvnz5orSkpLiYrK7uzwtW2E9iOg2lalJWWYpgmxSXFZKSnk5+Xj2kalJWWdlYBa63Jzs6muLi4x9YUQgghhBBCCPFlEIlEWLRoEQsXLmTOnDksWLCA6upqmpubKSws3Ov/g3/Rkvu0/JCKigp69+59SK8tDq1f/OIX3HfffTz++OMsXryYkSNH7ioOO8q9/vrrPY5RuiMZEUIIIYQQQgghhBBHjUgkwty5c5k7dy6RSASAtLQ0AKLRKAChUIgzzzyTM888s8vmyF+kP/zhDyxcuJCJEydy4403HpJrikPvrrvuYsGCBSR2e7N48ODB3HHHHZSVlR3GlX0+ZsyY0eMY2flFCCGEEEIIIYT4MgnP465p05hZ9Q8e70HVzGlM+4dOrmLmtLuYFz7Qsf/4Gv8VRCIR7rnnHmbPnk1FRQU333wzs2bN4uGHH+bhhx/m97//PTfffDMVFRXMnj2be+65pzN8/aIsWLCAW265hYULF3b5esGCBV/odcXh8c4777Bt2zbC4TBXXnkllmWxcOFCWltbD/fSDhkJVoUQQgghhBBCiC+dSqqf6S7ErGLmjEfZcDiWJA5YR6haXV3NlVdeyW233ca4ceMAqKqqYs2aNYRCIcaNG8dtt93GlVdeSXV19Rcarj7++OM88sgj1NXVdfl+XV0djzzyCC+88MIXct1O4XncNW0mVXt9bxp37fGgH1D4XzWTaXvOd0RI/lJh2p5/7prHAf1OYn/C87jrAH+5sWTJEurq6mhububYY4/l1FNP5ZRTTkFrzdKlS2lubv5nV3NUkM2rhBBCCCGEEEKIL6GJEytYsDLM1Km7bVpctYj5U6YwZf78Xd8Lz+OuLmFrJdfedwdTC1PH/hcmVjzKo/OBKbdya5erhJl31wwe3TCFW2dNZ2jn1x1TXct9d0ylkCpmTruX+QAzprH51lmcu+MuZmy+hFu5l3tTy5ly6yymD+3mZva3xm6OV157H3d0HKyaybR7d93vPq9xBHnhhReorq7mxhtvZOLEiUCyOvSJJ57oDE47WgB87Wtf62wD0BFwXnXVVZ/rejZv3txjP8oXX3yRcePG0adPn8/12p0KS6jgURZVTWdox8+vbjMbKiupXLCS8NSpJH/iVSyaD1NuPcJ/yD3o+pwm/7uaMbOEWYfo4V2wYAETJkzghz/8IXl5eQDccsst1NbWsmLFCiZMmEB2dvYhWcvhJBWrQgghhBBCCCHEl9Ex46lYsLJLlVvVovlMGT9+1zdSgWTFrbOYNWsWs2bdx7WVG3j0f3erjtvwKAv63Jc83iXUSYWoFbcya7dQdcHE1NhZs7i14lFmzKwChjJ91q1MoZJr79stMJp/L890zH3ftVTf283r/z2uMVmFu+v4rVQ8OiM5T9VMpt0Lt6bWk7zGgbYjODzC4TCvv/46Q4YM6QxVN2/ezCOPPEIkEqG8vJzy8nIikQizZ8/ufA1/4sSJDBkyhNdff51w+PO9wblz5x7QuC+2JcBQxk+B6h277q1q0XymXHIJFRs201lHG95BNVMYf3TnqnsoZOolU2D+okNaYTt16lR8Ph+2bXf+ufDCC8nPzz+Eqzi8JFgVQgghhBBCCCG+lIYyvmIBKztzqCoWzd8jcCqcyh2zdq+MK+SYiZV7zFPJxGMK2VPVzBk8yrXc13Fy1Rwe5Vpu2q1Cduj0W5ky/5l9B5mVu40vnEoyO9ojOuphjeF5zzC/8lrO7Tw+lOmzZjF9aJh5z8xnyq3TGbrbXDddC4/OOfJeAO+wdOlSAM4888zO7xUWFnLGGWdwxhlncPfdd3P33XczduxYIPnKdoeOczrm+Lzs+fr/vlRXV3+u191TQZ9KNmzuWEuYHdWV9Cn4/+zdeXgU153v/08vEloQSwshMFsTEEY4+BmEx4BpIDjYJNeeeJlfEMuMA8mMk4sJ8LMSJoxNwLE95BLjCzEmk/ySxww3iGXuxE5iPzGOYwKSDdiAJ3YMRhgjgTCbWhgE2nqp3x+9t1pStySkFnq/nkdx6DpVdapO9amqb3/rVL4mz9yj4GFTVaGTo0ZoQKDUW0/F9Th98+UiH80PBf4v6a2nHtFTb70Vmv7UW7rkH54g1vqOvRT2aH97BxA+9lLEUAHB4RCaPO7ftvGKv/zlL8vj8ejixYuqr6+Xy+VSVVWVLl++LIfD0WJw1ePxqL6hQXX19TH/GsJehpXsGAoAAAAAAIAeKn/ycO0KDAdw7ID2zJysRZIONCkZ9qi+JI2a1vKC96zVWkmjFo5X8Gn8c6elk3tU9MiWqMKjtLC55QwfrPCQ7YARo6SSc7qkwTEKx65jVcVJafgcNQ39VqnipLRn7SPaEz1pZrNb1uUqKiokKTimquR77D/88f7du3fr448/Dk4LCMzT0RmrgXW15kYHVnPGT9OoLQd0bFG+8i99qBJN0+IcSSNGac+BY1qUn69L505r1LT7fcfDsZdUtGW4Vm5drXz5ApsxH6dvttwAvfXUWp1euF5b787xZ0A/pRFhw1Cc3FKhOVu3apH/+CzavFDrt25Vjj/T+tVjd2tRvi9wu/b0Qq3ferdy/NndT70VNmRFi3w/EmjmSv+PBMf00trTWrh+q68ex17SI2tf1bG7w35EaIctW7botttu03vvvaeKigo99NBDyszMVGlpqd5//309+OCDeu211zR9+nTdcsstMZfx+eXLqq+vjzmtb9++6pWa2gE1vfEIrAIAAAAA0FPlT9Zwf8BFB/Zo5uRFUsTDxKFg5Sh/8OjSW0+pqLUnukct1PrF0uaizXprfNhYp8ExVTtSG+vo1x3GVA3XWnbohg0bghmpY8eOjTme6o0OcDbnRr04KyhnsIarROcuSflVFTo5fLLvWBs/TaNKzumSBujDEmnaYv9oqwf2aNTC9cFgY/79CzWqyB+YDVvssQPhQUspf9FWbZWkS2+p5OSo4PKUf78Wjiryj13s+2jUwvv98w3QiFHSqGn+HxtyBmt4cA2X9GHJSc2cs9r/3fA92r9lV/jYsJGa/CAwKiw7XPlatHV1aOnnTktha2urzz77TK+++qpGjhypgQMHauzYsfrss8+0bdu2YBm73a5BgwYpIyNDb7zxhiZMmKCxY8eqV69ewTIWi0WZmZnyeDxyuVwR6+jVq5fS09PbXdfOQmAVAAAAAIAeK1+TZ67VgWOTpT0zNXlR1ORjB7SnLcHQ4YOVk5OvOTO3aO3mtzR+9d3KGTxc8o91GfeyTp/TJeUHy8fMPm2ljqEs1/yo6b5AV8m5S1J+x4Z6b6QBAwY0O62ioiIYVF2wYEHEcAFSKLA5fHj7g2zh60y0/A17gZXyNXnmSR2oCowX7D+gc8Zrmjbrw0uDVXFyuCbnSL6hAqSTe4oUmUQ9yheYDf7bV27UtBj7vapCJzVcc9p9+DSXPT2z2e9Lyz8IRL4kbtSo6OE72ua9997ThAkTNHDgQJnNZt11110qLy/XuXPn5PF4lJ2drZEjRyojI0NZWVnKzMxURUWFbrnlFuXkRG5FZmam6hsaIgOrJpMyMjIigrDJjjFWAQAAAADowfInz9SetWu1Z+bk2I8Jh7/459hLKgpEa+JZ9qKVmnlyiza/dcmfzbdHa8MHczz2kh555KXmX7hzcouCw51eeku79ozSwvtj1LKFOubcPUczw5cTHPtSunvOTJ3csjlsvMnAtOR9e1UgKBk+dmpATk6OlqLZ6gMAACAASURBVC1bpmXLlgVfbBUuME90kKs94n1xVVvLJ2rAiFE6fe6Yf3zVwKc5Gjz8pCo+PKfTweM8R4OH+7OcAy8v27pVW7eGZViHlQuN3RqxMo3SaZ1r9+HiC/LPXLk1qi5tfHT/2KvacnJm8KVsq+d0TCD9008/VZ8+feT1euV2u5Wenq78/Hzdfffduueee1RQUKD+/fvLMAy53W717t1bFy5cUF1dXZNlmc1mZWZkKDXskf/0tDSlpaXJZDJ1SH07A4FVAAAAAAB6svzJmilpZqzXpOcv0sqZe7Q28BKcXSO0fuVM6WT4S69aXLgWrQwEL3N09+qVmrlnbeilOmullcHgkS/bcEtRWGBz1Expl79s0RYNXxkd9IqnjvlatH6hTq8NvMinSFuGr/SNXZm/SOsXSluKQtNKpsU7rmXXCLyUKlaAsqKiQhs3btTGjRtjZpKWlJRELKO9jh07ptLS0oTmKS0tTTjLNRE546dJFQdUoWkKf6da/uSZOl1SorBoq/Inz9TJLa8qFLt/KmagP3/yTGnPgchyT72lSznjNW3USZUEvgzHXtWWk7Ff5tZKrTV+2ijt2RV6mdWxl1p+mVbrAgFf//irwVUN1nCF1/lA0zGGY7h8+bJMJpNcLpcaGxvj/pOkmpqaJo/8S1JaWppSAoFVk0lpaWkRgdbugKEAAAAAAADoSXLu1uqtd4d9kK9FW7c2++/8RVu1NWqIgNDk6GWFjT8Z+iCsvG/Z0SMOxFrXpbckaYTuXx2rfCJ1VIxtDp+0Ws1MSko5OTm699579cYbb6ikpCQiMzV87NTTp08rPz8ULA+80Oree+/tsIzVDRs2tGm+tWvX6t///d87pA5N5AzW8D1btGfmysjjZsAI6eTp0Hiokj+w/pSKHnnE/8EoLVwfI0u0SbmZWrnVN/TE3atXquKR0HACM1dubRr8j6fad6/WyopHwl7uFlpHwvxjvW4pekRbNEoLVy7UqLX+sWdz8nX/wlEq2uKv88yFWjhKai3UffnyZVkslpgB0paYzWZdv35dbrdbKSkpTaZlZmbK1dgoa0pKt8tWlSSTYRhGV1cCAAAAAAAgnO8FVNNuwMuuur/a2lo9++yzOnPmTJOxVAOZrNGfbdu2TcOGDdMTTzyhjIyMDqnHr3/96za9CGv48OExX6qF5PXnP/9ZJ06c0IQJE2S1xp+nefToUfXr10933XWX+vXrF7PMlStXlJqamnQvrSoqKmq1DBmrAAAAAAAA3UhGRoaeeOIJPfvss9q2bZsOHz6sr3zlKxo7dmwwoFpbW6uPP/5Yr7/+uj7++OMOD6pKihkcraioiBhTMz09/Qa+rAqd5fr16zKbzfJ4PAlllZrNZtXX18vj8TRbpm/fvh1RxS5BxioAAAAAAEA3VFtbq9dff127d+8OBjMDgdPa2lpJvsDm7Nmz9fDDD3dKnQLZsQHRGbXonsrKyrRp0yY1NDSoV69eysjIUFZWljIzM5Weni6TyaSGhgbV1taqpqZG169fV319vbxer+bMmaMpU6Z0aFC/M8STsUpgFQAAAAAAoBurra3V4cOHVVFREXw0f/jw4RoxYoQmTpzYqQGt2tpa/eIXv9CRI0dUUFCgRx99tNsF1ACJwCoAAAAAAAAAJCyewKq5E+oBAAAAAAAAADcVAqsAAAAAAAAAkCACqwAAAAAAAACQIAKrAAAAAAAAAJAgAqsAAAAAAAAAkCBrV1cAAAAgUcZ1pxr2bZK7/KCM2sutlfb/13Sjq3UTMMncd7DSH/hfMueM7urKAAAAAEmNjFUAANDt1O/ZINfR11sNqhqGIV9AlaBqfAx5r3ym2pe/19UVAQAAAJIegVUAANDtuE/tj6sc4dS2MWoudHUVAAAAgKRnvX79elfXAQAAIDGNcV6/mAitthXXiAAAAEDLrL5H5AAAAIAQrhEBAACAljEUAAAAAAAAAAAkiMAqAAAAAAAAACSIwCoAAAAAAAAAJIjAKgAAAAAAAAAkiMAqAAAAAAAAACSIwCoAAAAAAAAAJIjAKgAAAAAAAAAkiMAqAAAAAAAAACSIwCoAAAAAAAAAJIjAKgAAAAAAAAAkyNrVFWhWWbEWbyiVfd7TWjEtu+WyzhKtW7VfU55eodaKdui8ncBZsk6rtpc3nWCfp6dXTJOvymUqXrxBWr5Z88cE5hmq5Zvna0yzy2x++o1XpuLFr2hYku7zTuMs0bpV2xWjdX0cy7V59oWkPj4T4ztOS2NNcizX5vlddDQWL9YG+dbvLFmnVWce7Jq6lBVr8SvDwr7XnV4BFS/eoMpm+9zWpre06GL5uqh4+5ywYyWir0sS/vNTU4529qtJvt3dWMqcN5Q2LKvphOrXVPPSMx2yjrRF+5Wi5pb3pDKK7pP+OkW1uztkdQlLmfOG0nJOqP7Fx+TqgvU3ez0T1f87S9Zp1f4pN+D4d6pk3SqdedB3rdT9dWyfnch+79JzZbfW3HWQXfNuius8AAB6piQNrDpV8kqpHA6HSrfvVtm0GxgAzJ6mFZun3aild4wYQaey4sVatU7NXwDbK/XKuhJ9K3p6WbH/xmbojasv4hNx7DV3wzcm+Y/PhMS6efDdaKwb1oaAXQcYM3+zNnf6WpPY/l+pOHdF1HHoVMk6382gvTPqUHZIpckeWIxRP2fJOq1aXNz24Gp32O7urEkQtVDpjy1X1iJ1WHAVrWhyPeM79y0uDn2ePW2FbqrT3o3WQX02+72zNL0Ocpas06pVxcrtsoQHAADQHskZWHUe1f5yhx5ccYdUukGHyuZrTNSVRlnxYgUShuwOR/gUXzbk8inav8GfDWifp6dX5Gp38FfisIuaiIxV/7zzhmr79sDvye3NQLoxxsyeJ/uqM3JKzdyAT9GUoft11Dkt4uKt7JA/YB0zbTCJRGWEOZZHBhzD299fwHdTFiszzlmidavO6EH/Z5FZM0meJRB+fMq/HculDYGND2a1BjJfo47XVvZjchij2fPsWrX/qJzTAgEl3812qJmigk1R2b7BzHZnidb9SpoydLu2l0pyLNfTw16JysKJzPAOZKw+PewV/3GxQYsrfetzFi/WK8OWa8r+Df66+I6X3N1h/U9ENlBUNkpYEMGX4TNF8yq3B7crOG9YO61afKZL+5yhU6ao8lCZIjpd51Htl0MOe6kqpdiZ/glkpZYVL9Yrw+Zp6PbtwX3liMi49+2gVYu3+z+POh66MMO5JdnTHpRj+yu64JTGZEutHQ+/0pTgPrjjbrsOvRW93dH9Vfj3u0zFiw9p2LxKbd9eLtnn6fEp+/X8mQe1XBsU6iI2a/aFsGVE7Luo/arw4zmO82Fz38Ng/WJve/LYqboX85RRdJ8yZj/jzyT1BVutaaFSxpkNurZrp+8fBS+q98wCmWJNkyTdpoyi/bL4/+WJzlC9ZbuyivyhrvojUdmjvqzWwLzRy05btF8ptrBlhQWK0xbtl/n6EZmHFcikGrn33Ku6I+HLq5GnOvE9dONla9qK5TqzeIOK7wg75v19tqK+J7G/F9Hn8VjHXnboWN+wOCyLs4W+Jfp8Mn689GHfiO/AjcuujV9cfXZAk2z70Hc6er83d74K7fvQuTJbLbVJHH1Ja/Vq7twZ2NyWjoducB2UPW6K7DoT/Hf4kzSSIs+5zthPTNjnPa0Vububn5a0F7oAAHR/SRlYdR7dr3LHgxqjMZJD2nCoTPPDLhjLihdrQ+U8Pb15mrIDF8Wya0qwRLm2vzJFT2/erGz/BfaqxXbNe3qzNmf7599dpmkxr6zKtX1/YF7fsjcU35GEN4StG3fHUP3qqFPTwm50D5U6dMdyJXdgNRig2ey76HaWaN2qdSrxXyhHtn+gfOCm7A45FBmMDx1PYTcOm1eE5u1WWQKl2nBouTZvnu/fLxu0uNTh31e+4/WVktlhwbrm92Py8m3H/ilPa/MKfyi0eLFWFef6v4dlKl61XUOXb9aKMfL9e/EqFedu1vxsSeXbffNu9odoS+Jba/a0FXpakY83OiWVb39FU8L7jlWLZZ/nX35ZsRZvCGTVhwK2m8eEtmNdSdgNTel2nQlMLyvW4g2/Usm4FZo2Zr42L1cXDwXglztOU/bvVpmvB5bk+w5pyoMatt9/k549TlPs27U/rH8pO+QbuiXe71H59v3B/eosWadVG4p1x+b5GjNthTbnhg+L4O/jhy7X5hVjFCvDLTm1fjyE7wNJ+ubtkcNBhIZtWRHqvyIyYku1/cxybd4cCNbu9/0YuXyzfF3EOq3asFilDn8ZZ4nWrXpFJbNXaFp29H4NrM9/TGZLLZ8PW/gejonju5A0npG3+j5Z+xZKki+oWvuaal70BSx9Qwh8S+kFO32BypkF8gaDpU8qo2i5MmbvDAVPbdky9kxRzRH/vF/crrTd81Tvn2yxSa71U1QvXzA07bEXpRcfk8sfVDWf2aCaXTuDy+49R7q2a6cvqJpxRPXr/YHY2duV9cXwgLBkGWYLLlvRy/MHhIMVSSpjdIdDeiX0i0SE6O9Jy+dxX6Zm5byntTkscLqu5GmtWPG0FPFkSBx9S8T5xHdch64vnDq6v1yOB1ckf58t+c85lZr39OawgOeG5q9xmztfxTpXtnpt1UJfEk+9mqtLtvxPYoX6yYh1d5PrIOfR/dK8b8V3/hwz33cNGJjXf554cFq2pJamAQCAG8VsGIaS6++4dm8vl2NingzDUN69c2UvfUX7qkLTD5VKjgccshmGDMMmxzfnyi4FlyGFT8/TRIckxwNy2HzT8yY6pMrzqgorH3tem/In2yPKdv6fJEV/VqV9v9qucsdE5YXVW9Hz5E3U0P0fhep+/JBKHROVFyzede3c/PqrtO+VUjmWzQtum2Fz6Jtzpe27j/vab96LevH7gTbybacjuP2+9i49dDy4vI/2B46n49q9XZr7zfB552mZo1Sv7Kvq0v1hGIaMiDaMva8ku+bem+ffL/mabJfsc+/17yvf8Vp+piqu/Zg87e77ztsn5/va5fhubddcfdNhC5bJm7dMDn8/ULXvFZXa5+revMD8eZr34oualxfaR5PzbWHLb/odivi+KHx6VFnF6Dvk0AOBuuVNlEOVOh+ol2NZsB6Bvknbd+t4YNnh9c6bKIfKdaaq+Xp2RfvIsCl/cqUOHQ98XqWP9su3T4P7zX+sBfuX4zpUGr3fw/+i+pyo/WrLnyy7fz822RfHd2t7uUPL5uVF7NfI80Jn/8Vuq+PFG1Rqn6x8W7zHg69s7OX6z4Vh32Gb45uaaw/1V5KC58rg/GHHmG+/RvcZgWPOJsf3X9SL80Lz+8rHdz5s6XvY+rZ34PHaATzXa2TKzJMvg3VKxLAArk9OqPk1PaPa9VEZqdX7VHckfN5smQrC1vXXUJC1/i9HZKTlyVogpcyZLkv9ETUEM1SfUe1fy2Ua9qDSJNW/NEU14dmtuz+SJ7o61R+F4qazb5NF5XIHlnfkMTWcqYlrf4TrjO+NYRiyDQ2cu6LLKep70sp53N9fBPto/3H+/cC/fRsVd98SeT6Jur6o+kj7yx2amJfofujg70BcfbZvP7344veD/W7w+jjm+U8JnK9av7aSWri2jqdezdbFd60Tug4KLG+e8pL2Oqhc21ct1uLFob9V28vDjn8j6rok1NZNlle1T7/aLs39Udg2xjONP/74448//viL+y8eyZexWnZYpfa5+lHgZ9vscZps36EDgcwo5wVVyq7J4T++Zue2OmKofWg3/rW2dKMei84wtc/Vj+a19tv2GE0c+tvgcABlh0vlmDhP0uEbVNGO4FRluVS68bGmg/s7okqW/EQ/3FHeZPKYiQ5p42GVzRujMc6jOlDu0ANj5D92ylX6w8e0I2rR9rkduxWdaWhurGM7/v3Yucq1I+b+/5G+78+ocF6olMpL9cPHmpTSXEnOynJp6ANdlyFkHxpz3U7fDm/6Xe3aHd4m2eMmq/IN/6OlzqM6oMn6ZrZ0NKqMfUelbzgS5wVV2ifr3hvQKM4LlZJ9cuQ+j6PPv+HKd8Q4Rh1a9qIv27SsvcdDrHOdspWb8IYPVcwuIkzZ9se0MVhPuybHU70Wvoc3w3ch8rH7QEDyGbnOTFfaF/cr64tqw4uvamRcCvvnkXPyziyQKUeyZGZJteciXyp1qVqGbBFLiH4JV5PgaqBc32yp/kTEdNcVp9JyEqhuMmrlPB6zv2h2UYn3LWMmOqTfXpBTY5TtrFS5Y2JSPO0ST58d5CzRT364I/TizPZ+LTvq2qpN9fJd6wx9oDtdB9k190ffj8yYLduuxzb+ViX3fj+BTNoybf/hDmnuj2LM09I0AADQ0azxRmA7h1Mlvy2VytX0hrX8DZU55irPCP/VNrJI5GdR05tEmyMj0M3Na4T/Kt/ezWsDw5DkWKZNc/NiToysk6/e4XXOmzhUG98ok2OudLjUoYlzDRknmpu/c8VqwwDHsk2KvcmGnCXPafXOckkOLdv0PeXphHYs2ahgu+VNlEMbdbhsrmznD6jc8UBYZq9dhU99L+aFZtd+F4ywDIXwj8OOT0Ufq03nif5vS/uxa0Tu/xM7lmhjaSi7yFc3SfZCPfW9WI/EGwodvjG2Icb3ufnvcOS+jpwnqmSsviPW9Ba+q8646tF1fU2IIcOWr0mVL2lf1fc07ugBadIiX6aRFOpLbfmaZN8R/J5FlGl20c3st2b7YUNqoQ9uqQ+54Zo7RsPr2ebjoblzU9g64jlfhU0I9hVh8/i+f/5t2TRN2c4SPbf6YFznw1BVmu3E4zxvtZ2p9SJxsWRmybju61mCAdV6/2P3BS+q98zQdrh23RvxKH5W0X0xxlnteKGAarlc6+9Vvf9R/xutI88VzfWvki8Ybx9iU8T5Ldb3v5XzuG/ol+b60cjjv6Xru9jnXPmuL8p/q4+qHBp0uFSOiXO7+NpBirvPdpboudU7VS7ftcH38vx9gNT6fg9flxHVlq1eWzkj5vVXKbT8BOrV8rkz9t5JvuugGP163j0qtK/WgY+q5Ajbic2fI50qeW6jSh3LtCns+smnpWkAAOBGMHd1BSI4j+pguV2FT23Spk1hf08Vyq5SHT4hKXuQhqpcZ8NfwuA8Hzk4P0LyJspRelgnThz2DQPQ1fVplU1D7FLleWcz0506erBcjmWbtGnT3Ga2x/+43uESX9mJ/lKxjp2bVmv7MTnkzX1KhfZSbXyuRIGaZg8aKpWfVXPNZPNtmJJty5K1Xm2TrXGTpINHT+joQWnSuFgpL9kaN8nu/541V6YDahLreOgGfX67j4eY/ZVT5ztsw0/ocKn/fBvzR4yWtbR93eu78KTMNsl7Zaf//9fIvSfqsftYds9Tzfopqj9TI1POdKXEta4smcIzRgsGy+zPYvVcr5EyBkcuJ8fmDx4XypqTJc9fp6hm/by4hkl1XXFKabbgi7AkfxZrUjqhw6XS0EFx1K+V83hr549Wy7bat+RpoqNcB4+W+H6sTpqLqtb7bOfRgyp3LNOmTbEDjW1fdfuurdpXr5audbrHdVC4uL4DkpwlL2lnuUPLYuywlqYBAIAbI6kCq86jB1Vun6Qm14PZ0/SAQyo9fEJSnu4ptKv0t4FAjFMlL+1UeZOlwSdPEx2l2rixNBRgTGrZmvaAQ+U7X1JJ8FrYqZLnlui50AdhF8r+X+ajlpI30SGV7tTOcruGBJ+k9B87G3cEsx6lE9qxZIl2nNBNJr792PWyNW1RoezlO7U60Ah59/iCreGNcmKHlizxtVv2tAfkKN+pPwYnt7xdvpvngzrqn+ws+W3TxwI7Ykv89XoprB7Okue0JCxo3J1kj5sk7dyonYrRJ4eVsZfubLFMuzU5Hvx9vuOBpH7Esf3HQ9P+KnDD/ECHbXh4MOSEdqyO/1za0vew+3wXCpX+2H2yVL8WNk5qePDT97KqUGbsk8oo2q+M2aH5rTlZMi7tazkIG8Yy+kV/8LRQ6VMKZPKPyeratU+etAL1mlMYWtcX7TLOvBIMpJr7Bqb5693Sina/Ine9XdbA8gpeVK+wIQSSRyi7Lr44UCvncX9/8duwY+/EjiVaEusk38a+JW+iQ+U7dybdj9Xx9NnhP3g4S54LGwKkPTrg2qrN9Qpc6/wxtG5niZ5b8pxKnN3lOkjSiT9qZ3koUG8bYpdKDwe36cQfw/rmEzu0eqdU+FSM5IKWpgEAgBsmiYYCOKE3dpbLXrgw5uOkowumSj/9rUpmFcnhKNLSyu9q9RLfo3dTCwtlLz8YGqBfinhUssnji7EesWxu3uDkLhoKIKxuLZUKr3d0nUcXTJVKpYLR/u2KeLy8KxgyVK6dq5co8uFJuwrXFMkxulBrCtdrTdh0e+EaFTlsMgzJsbBQB9eslr/5NXXpGhX+bo12HipT4Wj/peToAk1Vqd62T/K/9ML3sc1/7GxcErpqn7r0Bc0d3fxjZJ2jmcd+w49Phf1/I/Y8EcdLi/uxa47m6O+XJMnmUNHSSn33pxv13JA1KnJky1G0VJXf3ahQM03V0hfmarRhyNBoFa4p1Po1S7QkOHmpXnDYFHriMGwdowu1dOp39VP/frAXLlWh/aeqDHxfwvoHW/4k2Xdu1JJS3/rCH4cMLNf3n6hHqw1DhhGoV+jYlL1Qa4p8L+wIVS3WvPIds+U/1eolB33fg04PGkbVx5avSXZJk/wvFQsdjKH90aRMc4uO3G9N++RQuaZ9lE2OojXS+jVaEmjwqUv1QuHornvEMa4+NNHjoelybY4irdF6rQltuJa+UOj/HsRxvmryCG14nzFahUun6rsbl/h/aLCrcM1STV3zUx08WiWHo7Xlt/A9NGwtbnuXDQVg8z26H844s0E1ES+Muk1ZgTFUVSP3ntfkmXmfLKMLpSPR0+UbZzXuYQBq5L5kU1rRfqVJvuEGgmO0PqPa9VJG0XJlFS0P1i0wxEDd/unqPTM0zfPXDXKPXi7rLU9KijXO607VvZgXtrxyuc/UyJrgGKsdOhSAJJWG9+s+9sI1esGRHVxX+HEWXo/Av1o+j9v854/oY2+0DEPKn2TXzo1LVDp1qV6Ym9dy3xLdLwX4ry9U0IV9kKRE+2ybY6EKD64JXjtr6lKtKfyd1uw8pLLC0cHRfGPv98h1RZ8r81psk5b7kuwE6hX73Om/1gk2om/dDpshw5aM10HNX/+ODvb9vn0S2J9Tly7V1NLfSYahskO+z5osY+pSLVXz014ggxUAgBvGdPny5WSJrAIAuhWnStdvkRZ2RSAYPZ3lV1/t6irc9Dzf+kNXVyEJndDOpUdU8NNCsgIBAABuck8//XSrZZIoYxUA0K04j+mgJukbtqiMLgA3Ba4RYzhxWG/fVaA5XfbUDwAAAJJJUo2xCgDoHk7sXKZlPzqoSd+YmvCLjwCg+3Hq7eeXadkmaUkhuaoAAADwMTmdTn5wBwAA3UrKS/e1Xgjt4lr0WldXAQAAAOgyzz77bKtlyFgFAAAAAAAAgAQxxioAAACa4BoRAAAAaBmBVQAAADTBNSIAAADQMgKrAAAAaIJrRAAAAKBljLEKAAAAAAAAAAkiYxUAAABNcI0IAAAAtIzAKgAAAJrgGhEAAABoGUMBAAAAAAAAAECCyFgFAABAE1wjAgAAAC0zXf3f07lqBgAA3YunsatrcPOzpHZ1DQAAAIAus+bMHa2Wscpk6oSqAAAAoFvhGhEAAABokVXuhq6uAwAAAJIN14gAAABAi3h5FQAAAAAAAAAkiMAqAAAAAAAAACSIwCoAAAAAAAAAJIjAKgAAAAAAAAAkiMAqAAAAAAAAACSIwCoAAAAAAAAAJIjAKgAAAAAAAAAkiMAqAAAAAAAAACSIwCoAAAAAAAAAJIjAKgAAAAAAAAAkiMAqAAAAAAAAACSIwCoAAAAAAAAAJIjAKgAAAAAAAAAkiMAqAAAAAAAAACSIwCoAAAAAAAAAJIjAKgAAAAAAAAAkiMAqAAAAAAAAACSIwCoAAAAAAAAAJMhqGF1dBQAAAAAAAADoXqzEVQEAAAAAAAAgMVaDlFUAAAAAAAAASAgZqwAAAAAAAACQIMZYBQAAAAAAAIAEkbEKAAAAAAAAAAlijFUAAAAAAAAASBAZqwAAAAAAAACQIMZYBQAAAAAAAIAEEVgFAAAAAAAAgAQxxioAAAAAAAAAJIgxVgEAAAAAAAAgQVYvkVUAAAAAAAAASIjVy1AAAAAAAAAAAJAQXl4FAAAAAAAAAAlijFUAAAAAAAAASJDVyyCrAAAAAAAAAJAQXl4FAAAAAAAAAAliKAAAAAAAAAAASJDVy9urAAAAAAAAACAhVmufgV1dBwAAAAAAAABIHtdaL2IyDFJWAQAAAAAAACCgqKio1TLmTqgHAAAAAAAAANxUCKwCAAAAAAAAQIIIrAIAAAAAAABAggisAgAAAAAAAECCCKwCAAAAAAAAQIIIrAIAAAAAAABAggisAgAAAAAAAECCCKwCAAAAAAAAQIIIrAIAAAAAAABAggisAgAAAAAAAECCCKwCAAAAAAAAQIIIrAIAAAAAAABAggisAgAAAAAAAECCCKwCAAAAAAAAQIKsN2KhV65c0dWrV+V2u2/E4gEAAAAAAAD0cFarVX369FHfvn27Zv0dvcArV67o2rVrysrKktV6Q+K2AAAAAAAAAHo4t9uta9euSVKXBFc7PPJ59epV9e3bl6AqAAAAAAAAgBsmNTVVZrNZV65cuTkCq263WxaLRYZhdPSiAQAAAAAAACDIYrF02XCkvLwKAAAAAAAAABJEYBUAAAAAAAAAEnRDBkJlGAAAAAAAAAAANzMyVgEAAAAAAAAgQWSsAgAAAAAAAECCyFgFAAAAAAAAgAQRWAUAAAAAAACABDEUAAAAAAAAAAAkiIxVAAAAAAAAAEhQUmasntjxXf307RgTrFkakjdJ9/z9PZqYm9GudTTPqdL1a7RThVpT5FB2u8t1NX89hyzVC3PzuroyAAAAIgHgBAAAIABJREFUAAAAwE3hhgRWO0a67JMKNCSshnUXjunYiTe15ZmD+uCff6BFt/fpuuoBAAAAAAAA6LGSOLCaq0lfnStHdCpo7VHteOZnevul/095TxY1nQ4AAAAAAAAAN1hSDgVg+P/XMAw1WVR6vgr/eYaOPL9Xv9tzSlP/3u6fUKvKg7/Rb/7wocqr6+SWZM0aotu/ukBzHEMVHDigtlKlu7bpDx+cVY07VpnAOl2qLXtDO3f+QccuumVNH6jb/25hzHLOj/6vXvqPt1VRJ6UPvF1/t3COHEMjhyqorTyo3/zmdzrySY3csiprdIG+9vDDmhRRLp5tcKp0/VPaNfQb+q71D/rZ3otS1p1a+MQ/6PYM6erR/9KWbW/rkxq3rAMLtOB//p2/ngYvFQMAAAAAAAA6SBJnrLbA7tAs2179/pNyOWVXtqQLf3xe635frSF3PqwFBTal15zV23/+g47sel516Wv0Pyf2keRU6c/WaVf1aM14+BvKt0nVR97Ub3atU6X7CT35pdzQOs7+Ts//LFcFDy/Qd2xuHfv9Tu3d9bzU539p4e0pEeV+9ss+yv/aAn0nq05H3vyNdq07obPfXaPCPF+52hM79ewLb6tuyJ16+BsFsrk/0d4//Fnb1h1T+XefUGGeL2Qa3zb4Hdymn+VOUuF3vipXdbrsGdLVwz/Tmv84Jg2ZoQUL8qVP9ur3L2xR1o1vEQAAAAAAAKBH6Z6BVWXJlivp2AVVS8pWuT54u0ZZU/+nHi/Mky+cOU7jCnK15V9+qSOfXJAm9pGcx3SwQrrzO0v19+P8ixqXr/S6J7XrgxNyfik39BIqt01ffeJfdI8/1jouL101//JLHfnghBbePi5UFbdNX33iyVC5iXnKfeZZ/f53BzWryKFslesPv3xbNSMe1uqiL/mXP07jJhXod8+s05s739WXnvyScuPdhuB687Xgu4WaGEx4Ldd/7TomjZijJwIv0xo3TuNH/1pP/XtFR+58AAAAAAAAoMdLzqEAjND/ib2odGX1l4LDBWiEZq3+sWYF5gkUs96i0UOkI7W1ajQMpWRlyWaVjvx+h/KzvqrxQ/soRekq+Kf1KgjO6597yFRNGBi2/sCyLlSryjCUHSg3epbuDC+ngZowdYh+//JBHbsyVVOrD+vdOmnCrLtkC6+bhmjGrNF6s/jP+uD8DM3KjXMbAlNG5GtEeth6L5zQh3XS+Fl3RqwnPX+WZtne1e8NhgIAAAAAAAAAOko3zVi9qotnY33uUq3zgs5evKiLJ47pgw8/1CcXJalGVyVlp9yuv1swXhXb3tF//OQdyZoum328Zs2apQn5uYoYFdWaEmsFTQ20qU/UR9lDRkh6XxeqJblcqpNNQ3ObLq+PbaCkT+S8Kik4CkEr29BcPa46VS2bpjZZT5ZsA+PbFAAAAAAAAADx6aaB1WpduChpxFDZ/J84j/xSm7Z9qGrfG59k65OrERPu1Pj39+r9sDmzC/5JqwuuqvLYh3r3z2/ryCfvate/v6vfjJijf318avOBy4Slq0+6JFf8c8S7DYlJkTW9zTMDAAAAAAAAiCEphwIILkfNDAVQfkTv1kkDC0b5Hnu/+q6K/+ND1U14RD+cXyBbMGnzgt58f6/elxH5eL2yNGTsXXpo7F16SC5d2LtJa1/+vfaeuksP2eUvFz1P088NSaq+qlrDUHjssvpshaSB6p9lyKhNUbqqVXmhUcbAyGzSq9UXJQ1Rrs2QcSX+bYhZvyybbDHX49SFCkljO65dAAAAAAAAgJ7O3NUVSFjdMe361V7VWcfqKxP8z89fLNcnksbfGR6QlHT2Xb1bHfqn69jL+tHKVXq5PHyBKeqTFf0wfwI+3huxDtV9ojffPCuNLtDodEn2CbozXXr/zXdUHTHjWe198xMpa6xG2+Lfhmbl5mtCVtP11H2yV3vjmR8AAAAAAABA3JJ4KICLevf1XTobVsO6ix/qw09q5FaW7lryDRUE4qEDR2us9R29+6ufKH3O/RqbVafq9/fq1SNn5QqbP2X0eI217tXeTT/R1a/M0J1DslRz9h3tff1DWUd8XTPsbahmVrXe/Lef6OxDX9aElLPa+/pefVw3Ql+ff6d/7FW7vvKtu3Rk08v6t5+c1UNfniCb+xNfueos3bVkloYksA3NG6JZ37hL74atJ73mHb36+w9V04bNAgAAAAAAANC8pBwKwDd3nSrefUcVYZ9b0/prxIT79OX7ZynfFraerAl6ZHmt/nPrq3q7+Ofaa01T/xF36v/53rdle+dH2vjOJ6psvEv9U0bp6ysfU/+tL2vf68V63z+W6ai7HtXKh/LV3zB8ww/4a2FEDAUQ/bn/3+Pnafmo9/Tz/yzWu/VS2ogJ+sdH56ugf2gYg7RRX9fK743Qyy+/qpe3viu3rMoadZf+8dGvqCA3zbcdcW9Dc/ULrOcW/edW33qUNlDjH/xHTXjv/+hP/vIAAAAAAAAA2s9kdHC07dSpU+rTpx2P1gMAAAAAAABAnK5evaqRI0d26DKLiopaLdP9xlgFAAAAAAAAgC5GYBUAAAAAAAAAEkRgFQAAAAAAAAASlJQvrwIAAAAAAACAZEbGKgAAAAAAAAAkiMAqAAAAAAAAACSIwCoAAAAAAAAAJIjAKgAAAAAAAAAkiMAqAAAAAAAAACSIwCoAAAAAAAAAJIjAKgAAAAAAAAAkiMAqAAAAAAAAACTI2tELTEtLU01NTUcvFgAAAAAAAACaSEtL65L1dnhgtb6+XoMHDeroxQIAAAAAAABAE+fOn++S9TIUAAAAAAAAAAAkiMAqAAAAAAAAACSIwCoAAAAAAAAAJIjAKgAAAAAAAAAkiMAqAAAAAAAAACSIwCoAAAAAAAAAJIjAKgAAAAAAAAAkiMAqAAAAAAAAACSIwCoAAAAAAAAAJIjAKgAAAAAAAAAkiMAqAAAAAAAAACSIwCoAAAAAAAAAJIjAKgAAAAAAAAAkiMAqAAAAAAAAACSIwCoAAAAAAAAAJIjAKgAAAAAAAAAkyNrVFeg4x/Xrbz+vfeEfjZyvf/vBDA1IYClVe3+sfy0+pZHzn9XKGa3NGVjndBX9fIFubX3hWvtEsU61oV6dJ8FtAgAAAAAAAHqgmyOwenybHn1+X9PPTxXrX79dmVCAcMCMH+gXMzq0dgAAAAAAAABuMjdBYLVKe1/2B1WnP65fLLg19PmPn9C2U/u0ftsd/s9jZGP6g7KBDNVYGauBz3xGasGzP1DMZNZARmpLZVrVNPN2+uM/1z/4N+v4tm9r/b7wz/zlA1mwYVmxC4YVa5t/QdEZuHFtU3B7FLVvAQAAAAAAgJ6t+4+xWvWR3jkl32P/EYG/AZrxg8c1XZL2HdLxti4+IgApSae07Ykfa29VdMnj+rU/CDn98bYGVau098dRwxlI2vf8tsTrfyoUVPX985fBOse3Tfu0PhBU9VVCv27rTgQAAAAAAABuMkmXserafHdC5VO+/C1f8G/YoBhjlt6qv50u7dt3RuerpFsTDnYe1+vFpxSe0RkISr7zUZVmBIcMOKPf/HiffPHdZ4PZpYkboBk/+LlCIxEEsm7bUv9AnQPLOKUzTkkD4t2mUFZsYPoZfyUSbSMAAJBcUha/1dVVAAAAALq9pAusJpWq8zojSSOn6DZ/UDNyDFan/7+ndMqf2jlsUMe8kirwyH+bBes8QLdNGalgBePepun6W3+AeMCgYZLCM1wBAAAAAACAni1pA6txZ1JU7dVISafOnFeVbtUAf5bnO1Oe1crbPtJvWglOVp0/0+66SpJGjtTIU6e07+W9+soPZsTIno1HILt0pBY8+3P9YkHg3y3N4g+UdiKyXAAA6J546gQAAADoON1/jNUBt+mukZJOFetftx2XNEAz/mm+VPyEHg2OETpMkYmkvkfrpSp9tL+FqOWAQRom37JfD4wvenybHv32t/XotvABR6er6Ac/0MPTo8omKjhebCCb1KkzzVTvjG8DVPXR/sRySePeJgAAAAAAAADNSdqM1fgN0IyHpmvb8/ukfc/r0RgZqiPnz5bvqfZsDRsp6dQpbXvi29rW6rJv1Vfmj9S+4lPa9/y3w14qNVILZt8qRb1S6tbZ8zVyX3HrWaunivWv3y6OrqT+7Z9amO6XPXSkpFM6VfyEHo1dpEO3CQAAAAAAAEBT3T9jVZJuXaBf/PxxTW+1oC+bdWTw39NV9HjLcw2Y8QP92/yREZ9Nf9z30qcYhfXP80e2PWs1MH9oRfrF49Ml+V4s5SvyT1oQUSSe7Y5eTQLbBAAAAAAAAKAJk2EYRkcu8NSpUxo8aFCb5w+M/dVx43ge16+//bzkf8M9AABAT9Xx11kAAABA1zt3/rxGjhzZesEEFBUVtVrmJhgKoDW36h9+/vOurgQAAAAAAACAm0gPCKy2zDAM1dbWqra2Vl7DUK9eqTKbLV1drZi8Xq8aGhpkMpmUmZGhjIwMmUymrq5Wh6I9kgvtkVxoj+RCeyQX2gMAAABAZ+vRgVXDMHTl6lUZhlcDc3NktabINzKCoY4dIKH9fPdbJplMktvt1uXLn+vzK1fUt08fmc03x1C5tEdyoT2SC+2RXGiP5EJ7AAAAAOgKPTqwWldXJ8PwKCcnR4ZhyO12q4OHnO1wJpNJZrNZAwZkq6rKqbq6OmVmZnZ1tToE7ZFcaI/kQnskF9ojudAeAAAAALpCjw6sXr9+XTkDB8gwDHk8Xnm9yX0T5mPIMHw3Y/369VXVJedNcyNGeyQX2iO50B7JhfZILrQHAAAAgK7QowOrHq9XKSkpcrnc8ni8SZ/dEmAYvnHYrFarvN2kzvGgPZIL7ZFcaI/kQnskF9oDAAAAQFfo0YN5WSwWeb2+G7DuchMmKVhfwzBksSTniznagvZILrRHcqE9kgvtkVxoDwAAAABdoUdnrAbewNvdbsQkdbv6xoP2SC60R3KhPZIL7ZFcaA8AAAAAXaFHZ6wCAAAAAAAAQFv06IxVKfIxvPbyeNy6fvWKLp2r1Im/HNL77+zRxc/OqtHtkTU1TYNHjNYd076sv502U31ttg6p982mI9ujM3XHOsfjRrRH4HHdcCaTKfjXEWiP1tFftR/9VXKhvwIAAADQ2Xp8YFUy5Hszb9tuagzDkMfVqHPlJ/TfpX/S0b+8r4uXqtRQe03yemU2m2Q1S4arThXH/lvlxz/SX4+8p68WLtAX8sbKam1bE/jqezPeiCXeHg0NDWpsbFRaWppSUlKaTPd6vaqrq5OkG/bGZdqjlaUYhmR4pIZLsla/pRTnH2W9/oFMngZ5MsfI1W+GXAO+Km+GXTKntjtgQXs0Mzf9VQejv0ou9FcAAAAAOheBVUmBe7C23Ix5PR59+tH72l38C53+9KSu1LnlNkzKTEuVS4Ya6z2yWkyymCWL2SxDHv1l/x5dvHhBjzz2/2rMuC8mvM6OypJJVq21h2EYamhokMvlkmEYev/993X06FFNnTpVdru9Sfm6ujrt3r1bKSkpuu+++4Kfm0wmpaamKjW1fTfGPb094luIW+arHym18hdKvfSaTO6rwUnWus9krd4vq3OPGoZ9R57sGTIs6W1eFe3RPPqrjkd/lVzorwAAAAB0ph4fWDWM9j0++HnVBf3pv/6Pyj8pU4PHrAaPSSlWi0yS0lNT5PGYVOf2yOPxymQylGKRrGaTTh37QLte+qUW/8uT6p+d3YZ6G2pnUk5Saq09vF6vLlZV6sTpA7pUXSm3262qzzy6XO3Rex+8pmNnmg4b7HYZOnfBLZNJ+kPJz4Kfp6SkamD2cI0a9rfKsd3Srjcy99T2iG8hXplqy5VyeotSzr8qea7LaDK8s0vWqgOSR6q39pen30TJRHtEo79KLvRXyYX+CgAAAEBn6/GB1ZDE72oMr1cfvVeqo/99RCZLiq43Gmr0SJnpFlmsFhleQ71SLTKZpEaTWS6PR41uQ4bFUFqvFP3l3Xe0540/6Gtfn5vgI7a+ut7cN2KxN67KeV4HP/pPHa38L9W5qiSzIYt3sMx9c3S67rQM1+cxFmWVJWO0JEMfXTwe/NhkMiuzKleXa/5ek744R9n9c2U2t+V9bj23PeLivq6U828o5fyfpIZ6GWouAGHI7PyLrFl/lCczT0rt38YV0h4x56C/uoHor5IL/RUAAACAztHDA6tG8C+Q6ZKIxoZ6/eVAiepcXnncXl1r9CrVYlbv9BSNHjFARz+5IK/X6ytsklJTLJJhyOuVZDKUajXrj6/+TjNmzZZtwIAE1mwKG5PtZroba7k9GhsbdfzUO6pwvi5TilP9+5hlTZFMuijpor9UrJtgQ9KJmNMN46KcDX/WuYsT1K/PgDY+ltkz2yNeJleNLBfelq45WwhS+LkaZK56X6Yh1fKm9GvT+miP2OivOhr9VXKhvwIAAADQ+Xp4YFUKvOjCMLwJZ4xc/bxaFz87qwaPVOf2ymwy1LuXRaNH5OjeqXnKSEtV6aGTkiGZJLndhjyGVx6PIZPJkMew6HRFhSpPlyf4eK0h3xJvxpuw5tujurpa1+qPKq3XOeUMtCqzt1nWVJPaM0SdYUiG+7yuXPU9ptu2x2t7ZnvEy+yuk+lKhQxXfNl1pitnJde1doyRSHvEQn91I9BfJRf6KwAAAACdi8BqO1y/ekWuxgbJZFF6iklDcvvrjr8ZrYn5ucq1Zej+u2/T0MH9dOSjSlWe/1x1dS41uqUGeeT2SG6PV2aZdbKsTF/8m4KEso964mODtbW1ysyo09A0k2zZVqWlm2Uy+25J28qQZHg9ul7Z0K6XnfTE9oiXYUhGo2S44gsCGS6T5G3/OhGJ/qpz0V91T/RXAAAAABLR4wOrvkcG2/byiLTM3vJaUmU1S18YZddDX39AY4ZmyaiplNddr3RrL82YnK/JE8fokrNG5y58rovOq6qqvqYr1+p05sJVHTtVJa/Xm/BN8s36souW2sMwDPVOT1ff9Gz1s1llTemYdZqUosrzKe164UlPbI+4l2HuJaPXMOnzc/GVT7lFhiW9nYEj2iMa/VXHo79KLvRXAAAAADpbjw+sSqGbmkRvjHr37a9emVlK6XVF9/zd13Tn9C+roeqk6uqdMpvMksmiRkOypJo0dGhvjRg+WPJ65KqvlTwNOvrpRa3432/I/oVRwXrEJ5DzdHPeibXUHrdkP6qRI9d2wEq8kqtWRt0Vea5VqfHqQZnPvC1v7wEy9RkiI7W3TGarZI4na6nntkdc81sz5R5wp0wXjkuN11subDLL0+92eVP6tyNQQXvEQn91Y9BfJRf6KwAAAACdqccHVsPvhRK9MUrtlaYx4yeqf1YvTbzzDpksvSRLmsypvWWYrZLJHBw+zWUYcrk98noMeRoNpZgMebxeDRk2TMNGjmzDTdnNeRPWUnsEMrS8Xq/q6up05coVWa1W9e3bV1evXpXL5ZLJZFJ2draqq6vl9XqVlZWlzMxMVVVVye12a9CgQTIarqnxzHsyVx6UyV0vc6ZNY3L7yGQ45Tn/idyfOOVJ7SNjUIGMnLFSrz6+tmy55h2/M5JAe74fAV5rplxfuF+m6jOylP9J8jTGLmiyyJszTq4Rs+Xt1bddGWC0R1P0Vx2P/iq50F8BAAAA6Gw9PrAqeWUY3jY93ipJd0z7kv7iviKrySOT2Sxzr96ypPWVt9ESEagwZEgej+RukNfVIHm9qq5x6+F5/6B+/W1tfLT2ZrwZa749wgMVn332mQ4cOKA+ffpo0qRJev/99+V0OpWSkqJ77rlHb7/9tmpra1VQUKBbb71V7777ri5fvqx5D98n19Hf6eqxPyl7xG0y2/JkMplk6tVbJksvWfoOVarXLbfzUzUe3SVX7yEyxvwPyTZaMjf/demJ7REvQ5KROUSm/EKpsVHms4elxmthURCTlNJLXlue3Plfl9s2Vl4jMGfb0B6x0V91NPqr5EJ/BQAAAKBzEVhV+14cMdT+BTVMnKaqS5eUlT1Yll69ZcnoGyoQfNmvIcPi9t08mS1yG1ZlDBqrCY6ZCb0EJrLON+eNWEvtEbgBtdvtstvtwc9nzZoVUe5rX/taxDyzZ8+WGmvk+ctWmc//VQO+cLtkeGXyuiSTWV7npzKl95dhtspkMsmc2lupQ2+Xyg/KdeiXMv7mG9LA/GaDFT21PeJehski18DxMu74jqy9X5W58ohM1y5KXo+MjP4yBubLfetX5R78N/Ja0zuozrRHNPqrjkd/lVzorwAAAAB0JgKrfm3NGLFaU2TPv13eaxflrrsmpaTJkm6TDMlwN0omk/+uyZDX0yg11stkMsvIyNUXCm5XWkZGGzNVbu6bsFjtEcj+8ng8un79uqqqqpSamiqbzSan0ymXyyWLxaKBAweqqqpKLpdLWVlZSk1N1ZXPq2U795oyyl9Tin2mDFeNPJfPSGaLTCnpMrweqeGaL2hhGPJ+Xilz31uUMmisvMffkvuvO2VMXipl5jRX4xu/U7pQuzOq3PUyf14h0+VPZWTmyJM3SzJZJZkkr0smb4PMFz6Q9fKn8vQZKq8tT97euXE80txsjdte126A/iq50F8lF/orAAAAAJ2lxwdWQ28QbvuNWEqvdJmtg9TgqlWq2SVLWpYkQ97G66H0GcMrb73v8URTSm/JNka9++a2463OHZOZk2xaao9AoMLr9aq2tlYXL15URkaGMjMzdfnyZdXW1iotLU39+vVTdXW16urqJEkZGRmqP3tIKRX/V9b0LKm2QqaMwbL0HyKTt15qaJRkkuG6JnklmQyZUtMl13WZLL1kzsqV+fTb8gz5Wxl5/yPmC2J6YnvEtwCvLJ+XK+XTN2WtfFfmaxd8wbu0vjJ6ZUkms0yN16Taapnqr0hmq7xp/eTtP1KukTPk+sI9Mqxpbax34tVNdvRXyYX+KrnQXwEAAADobARWw27C2pPh4rWkqs7jkdntVmpaqixp/WQ2p/qyvuSV19Uow5BM1nQZmUPkzRwk32CGbQ1UeHUzZrm01h6GYchTX6de1y5raN/esjQ2yNpYr9zcXLlcLlmtVlmtVuXm5srtdis9PV1Wi1l9jf9WelqDzH2/IBkNMnlrZZjNMjxuyWuSDJOvKby+bD3JJMPTIJmsMqf1lryNMpW9Kq/9S1Jq7xj16pntEc5sNjcpY7nwoXr9dafMnnop51Z5hk6U6XqVzJ8dkbmqTCYZMkxmGX2HyZN3r4wMm0z1V2S+XK5eH+6QxXlS9bfPl5E5MLhMk8kkr9fbSr1pj5bQX3UM+qvkQn8FAAAAoLP1+MBqxzHJY07TlWtV6mcyKy2rv7xmi+RplOFulMnwymxNUYO7tzwZg2WypMk3oCESYRiGvB6PGs6U6/P3SpUyxK6U/tm6eKVGdXV1SktLU2pqqi5evKi6ujoNGDBAfSxX1bfuI1nTU2Skpcoks7yeK5LMMskqQ2Zf5pf/z/D60ocMQ5LJIsmQyWKV6eJfZXIelzF4Ypfug2TkMdXoivuUUsxZSrcOkElWmSS5B9vVmLNYNa4KVbtOqNF75f9n796jozrPPN9/964q3bhaSFiALVkWCZZvcRJDkKcRIM9Mu2Pc3RkM3cfYMpzV3T54zsS9EGeWMWNj8GByzkLMONNtljM5Byxi1jSYTrqNe5LptsCiGzA4vmOFBCxLYCyQEHfd6rLPH3vXTapSVelakn6ftVi2qna9+93vW/XW3k8977vJcc3m5rI/ZdqhHbhP/RO+Od/nYtlyznf9mg5/K5nmDHI9i5jovgXTlY3hysQy2rHw0e47j8/fwUTX7bisCSN92KOYxqvhoPEqPWm8EhERERGRwaLAKoOTAWYz6LxxlS+/+IAZpXO5aWYJHgMCvk66Lp+n7Xcf0+31kzOxCBMGNPfPsoKZSmMtyyV+f4Sm1hoGluki0HEDX2cHfn+A7u5uvF4vAH6/n+7ubnw+Hz6fD1f3GTxmOy63H7hBIGDYN+Cx3IALwzKxLDtoFMAAfwDLj5MIZoKvEwMw/d0EWuoJFHynd63HYX9E8tHJl9f/gfMdR8hx3YzHnGxnalk+Ov0X6fS14rVuYFl+TCODmzLr+PbiKvJL/4jmmyfycds2LnX9FsvyYhhuPMYEst15ZLnzMLAzy7oDV+jwX2BmziLmTFqJaeXEr/U474/kaLwaOI1X6UXjlYiIiIiIDK9xH1i1gnfAHkCgwrLsyyGfBS6XgXHtDPX/6yQ5s0q5aUYR3e3XuNz0OZneVibMmsN1b4AMtx+PaWCa/c8CG4trsvXVH9nZ2Vy7dg1fZwfkTMDz4B/j8ftwEWDKlClkZWXh8XgwTZMpU6bQ3d1NdnY2mR3tmO4AhmsSGF246MbEg2W4sCwTTJOAZYDfxMTAMiBgWE4mmAvLdwMDH5ZpYLSfj/s+GW/9EcllZOMyMujwtdDha+mzTL/VSWvnR7zfupkFt/xXjpx9nA5/a8Q+u+myuunqvgTdv+v1ereZjUlmws/reO6PRGVovBocGq/Si8YrEREREREZbuM+sBqZIdKfQIUFdAQMLnabXOyGWZ1eimbeQs7kDpovNNJ4rgF3ZjZTp07g5tzpdOPmX5qvcd5ncOskk8KpmdyU7caVQsDC6P9Sh6NA/P646aabOH/+PK3XbpBbUkqBEW6zaT1KycvLC/2/x+fCNH2YU+/CuPkPCHz1dxgdLViBLgACeDCdmzkHLBNcBqaFPb02YGD4r2GYAUy3gT9GvcZrfwQZhoHLyGRqxmymZ92PN3CdDn8Lnf6LfZbsD3TRHbgaFaSIzSDLNY1sdz4eYwJTPLdjGh47vytGncZ7fyR6tcarwaTxKr1ovBIRERERkeGlwGoouyWQcqDCB7T4XJzudPFVp5viyW7yAiZuK5u8WTOZXPI9rnZ1g2mQk52Lp7sN940LFE27if9xtJ0vGs8xd9YkFs2eyrdmTmJSZnLdEbzz8dicNhi/P0zTZObMmZw/fz6U3eVy9b7jdS/dMNl0w7UTWEUHa8jcAAAgAElEQVSPwzd/iHH9c4z2c+D3YuDCuvghVsclLJcTsXCCFVbAD9Z1yADLZ2JlT4kx5Xd89keQy/CT2X2WO7ozKXUt4oark3NZHXze/g5XuhvilhywLLAMAoG+2+2mzNmUZi9kpj+HHDKxusBrfEWna5adudezxuO8P+LReDUUNF6lF41XIiIiIiIyvBRYJfpOwsnqwuDzbpOzgQwuB0zasSh2Gbhzb8G64sfvyabTfRMd5/4K099I98SFZE76Htm5d5HjmYaLU/zuwhXOXbrOZ82X+f6d+Xz/julMy/EkUV/6FVgZLfrqj0mTJhEIBLhy5Qo3btxIeLdlgOsBizwrC7f3HIEv/prmicvpcBfjdt1OhtvLVG89WdYNe9qtyySAgYVpZxj5O8DVhZFpEHB78Od+I06gYnz2h2EYZPhbmNj4X/BcOojhu0pORj5T8v8Y77R/x3vnt8YtN2AGsCzwe/tut2/etITSiyfwtOzH9LZiuafSPe1BrKL1tBMvcDQ++yMejVdDR+NVetF4JSIiIiIiw2ncB1bDa7Il/xof8L7PxW9xk5Xhot2yuOS1ONxyA/OmyXw7/16M9k6un3ubmV3/L1kTbtDecYQrN75NW85DWJMr+Le353LjSj7vf9nK6dar7P6gE68/wNJ7ZjAlq+9uGcvXX4n6wzRNpk6dyoQJE+js7MTv9ye8IPWQQ+BqIXRcxLj2Ga62i1zuvA0/OUzNvMGUzDMYXAPTxLAMDJdh3xQm4CVgdkAWWG6TQGYh/qlz4tR5bErm8+HxtuI+V4vlb7fvWN55EU/7PgoLf8k/d/7fcV/nc7LLvJ3+PutwS9Z3cTe9DL4rBDCBq7g7/hfuW/4DljE5Tp3HpnQbr35wdwE3ZfcdXB3P/aHxanhpvBIRERERkeE27gOrEH3Di2R8Ybj50HSTl+3hcpfFecuP32NwxW+w56sbfH4hwPes89x+qYapkw0Mv0WW5zwTjX/keucHXLr+Nt/O/CNuK3+QdZ1dfHnhMheu3eAXn5xl+sQM/vXsPDLdZpL1HnuS6Q+Px4PHkzhbzjaVdvNBXDdOkmHeYLqnmUmuFgK48BiQgYFhmIAJGICFy/ATML2YGRaGy8Bym9yYsZiAZ1Lchh+3/eEPELjmBSL74waZ5lR8fQQhvIYfLPrcBiDTmIx1tR0rqvxuCATAFX8txXHbHz0M5Xg1JcvNw3dM13il8SptaLwSEREREZHhpMBqxB2EkwlUXDVc1AVcuLM9dGJwJuDjmhHAY4KRadBNBpdbm/FefZubPZ8TuOU/YXWdw3VxL5nWOTIyLzA5q5aL199jysT/wuI77uP1ax34b3TT1HqZn390llmTs7i3YCKGEf8GMfY6b2PxSiy1/khGV1cXbd3fxPL9AbmdB5kx4QoT3N3YuXyG/c/yh5rTsJfSw3SBZRpYpkXn5HvpmL4Iy74y7rWP8dwflt+F1TEBLF/4MVcWXn8n3R3xpz77nKm1fW0D4PV1EeiaguHvDD9oeLACJpYZu17juT8iDfV49YuPznB7bo7GK41XaULjlYiIiIiIDK/EaUbjRDLXxBZwCpMrGW6y3S6+9gdotnxcMwNcMy2uuwJ4fNfIbTlB4dV/IMfvw2z4n5jZ9+K7/b/hm1IJnXlkdPmZPqGbCdmZBNxuyHSDaRLw+vj1qQscqL/A9e6+s2LGusHM3vnd737Lrz/8lIlz/pQbM/+cL6/m0enPwA5SgN2zFobzD8PCMC0Mlx2s8GfP5NqMP8WfOcO+hfM41Fd/eN3T8E79VwTaMwm0ZxBoz6J71h/z2dlf4O0MxP/XFcAKWH1v0xmg/vw/4S34fkT5mXinLcJrThq36xKmy3j1SUOrxis0XqUbjVciIiIiIjJcxnnGavjuwZZlJbyxSKdh8qVhYHpceA2LVgJcM+3LXbdh4Qr4mPrVl8xoqaNg8kV8c17A6DqHeeK/4p76TQIzHsI/8bvQ/BOuBgr57MbdvNXQDBZYAQsjEMDr7ab+3GVarhUwwRM77m2aJuGpjmPpQi21/khW89df88EHH3Dm7Fn+4KHfx5P7KOeu7qNo0nlcRkRAyJ5Vi2E4oQvDg9c9gyu5/47O7Duxk4p612k894dhGHRmTMP1radwZ90KV8/RfVMhHbP/Nb/+9Lk+1yP0ewJYARKuWfhh09vcPudZcpiA5/JXWFNvxT9nCZ3mRKxA7wyw8dwfkbqGYbzyef0arzRepQmNVyIiIiIiMvzGeWA1KLlpnJf8cMkwyDRMOi2LS4EAN7AwTXBZkHPxAlO+eJ9v+j4mxz0ZGo9gzJpPoOT/gEsfYDb8Da7MLLq6MmjM+De8ceYqVzu6sXxeAt1eAj4flt/gbOs1Ll3v4rbc7Ni1HcRpp+lpcI/PMEza229w7uxZ9u3bx4Lfe4B2zx8w0fyAqeZZLF8n/gAELDu7y+UC0zOFzuy7uD6pnM7sOWDEXx9xPPeHZVl0+8E/ZQ6Z5Xdz6foXnDzzK+o/eJZL1xv7TB3zZdlBEF9X3wGpcy2fs7trI6WFS/jmd/6EKdmFdHV58ftjBzjGc39EuhLQeDU8NF6lF41XIiIiIiIyfBRYJXwtlejixhew6PYF6PL76TYMrvstOiwLE3B3djLpt58zu/koxdMv4r5tGXhcBL6sw/RkYd18N4G8QqyvfsG5rgLquJVj565itXfgv3YDq6sL/BZGwMBlgdHHxaE9u3PsXogl2x/Jmjp1Kl6vl+7ubrw+L7/+4GO+9a17ycycTV5GM6b3Cl0+g26/SXd3F/7OG2RnFZN103cxPROjKxWD+gN8Ph+mFxrO/QvH61+no+tywnL9Xrs8nzdRpl+A5taTXLveSnZGLtmzZuDz+eJurf6w+QMBui2NV0NN41V60XglIiIiIiLDadwHVi0rnDGS6MJ4muFnjq+bj26YtGa4afcF6A5Y9sp3bZfJbfiU+wKnmXb9POZn/wSz/xVW0YMEutqwWk9hdrdxrTODTzvu4Z+u+rly+Sr+ax1YHZ3gszBNN3kTsin/5nRmTM7qI+vGiLjz8WC3yMhKpT+SdcuttzItL48vGxrImTCBpqYmpkyZQnbOnXQEvsHlK5e5cuWKHczoyqSr08PkyX5KrEsUzMjC5XIlqLP6A8AKGGR5bsJtZGMFEgcq7Bu2xJytHJPbnECmeypWoO+gifrDNhVryMer3JwsjVcar9KGxisRERERERlu4z6wGswUSeaiOMuAb5t+Jns7+MDrot1rYQYCXDEMAt0+LL+Fz8zEChiYjR9gNZ/CmPFNAiXzIfcufF/8kobWDP65K49TN7z42gN4AgZTc3KYOsXNrMlZzC26ifm355E7MSN+ja1gnQenBdJL8v2RrKlTpzJ/fhnNX3/N9evX8XZ3c/HiRS62tvK7tja+bGzkUlsbXq+XQCBARoaHm6ffzIQJE8jLz08iUKH+APD7/dycezcF0+7kemcLgUD8LK1UucwMZubdy7TJ34w7pTZI/WHLHIbx6tu3TuX3ZudrvNJ4lSY0XomIiIiIyPBSYBVI5WJsogF34+cWy88CF3wZsDjrh6tZ2Vwu+AZ/99kZWn05/N7Eryj0NWM0vI/19e+w8mdx1czkwyt3c23idObfmk+Oy8WUDBfTszOYOSWTaTkepk3MIMvjsu9LEndqrTHGb3QxuMEK0zS555578Xl9HDhYy/Vr18nPz+fy5ct88MGv6erqwu8P4Pf7CAQC3LhhpySZLhOXy5WwHuoPm8/nY0LGDO6fs5L2zkt81fIhVp9tklx7mYaLW6d/l+98cwU5GdPxevsOgKg/woZ6vMqdkEF2hsYr0HiVPjReiYiIiIjI8FFglfC0wWQvjE0g14BcFxSa0G1Z+DIyuTH/O3wxNYdff/whR79qYEHuBRZNPMN079dY50/zhfturkyczR99q4SbbroJlwluw8BtGnhcBoa92BpYCS7vnDsfj02p90cyMjMz+e7993PLrbdw4UILxbfdxtVrV2lubub06dP4/T4sy8IwDKZPv5lv3XcfJbO/gWkaCeuh/gjzen1Mm3QX/3beBj763f/gbMsHuF1ZTJ4wg4nZ08nKmIRlBbh07QyXrzXh9/vI9Exk9i0VTJ14C4Zh0NF9levt57l6oxlfoIvbCr7HvbcvIydjFt3d3sQ1Vn9E0Xg1lDRepReNVyIiIiIiMrwUWA3p34WNxwCPYYAJk6dM4ua53+Xu0jl8eqKeXx59n7fP38z3Z1zktgntvHu1mPzbb+O2gmmYpjnI9R9rBv9C0+PxMGvWLcycOQvDMJgydSqPLlvOhQsXuHixBb8/wMSJE5kxYwaTJk12ptQag16P0Sm5/rAsC5/XItt1K+X3/kcwuzBNNy4jk+5uH5Zlt2hWdgZN54+TnTmFP1rwX7it4AG6OrsBO4MrI9OFL9BFIODF8mfh81pJ3DRmPNF4lV40XqUXjVciIiIiIjI8xn1gNfJmF4HAwC+EDMNg8qRJ/Kv587j3rlJ+/eHH/OrjE2R0Wsz5Rgl33fFNgAHtyzBMgpk5Y81g90f8/dhtl5WVRWFhIYWFhTG3SaaN1R+9BQIBfD4wDBd223REPd/Z6SV/0rfxdfm5efJcrly+EfV8RwdORqQby0qc9RVJ/ZE8jVcDo/EqvWi8EhERERGR4TbuA6sQvhgbbJMmTWJR+e/x3W9/C8uymDBhQsIbiyRjsKedppuh6o+hov7o67XxX9fV1dXv1yZ6nfojdRqv+kfjVXrReCUiIiIiIsNpXAdW7TXqILxU4NBc3EycODFqnwNnr28YWuNwjBiu/hh86o/0ov4YCI1XydHnI72oP0REREREZCSM64Xz/P4AbreJy2VimqPnosYwDEzTwO02h3T66XBTf6QX9Ud6UX+kF/VHelF/iIiIiIjISBjXGasu077ZR2amB6/XvlFFIBAgXRNdDANM08TjcZOZ6QEMXK6x04Xqj/Si/kgv6o/0ov5IL+oPEREREREZCeP6LH7ixIlcvXqDyZNzsCwLt9uLz+dP2ymEhmHgcplkZWWQk5PJtWsdZGVmjXS1Bo36I72oP9KL+iO9qD/Si/pDRERERERGwrgOrGZlZdHV3c3Vqx1MmpRFdnZmxIVYul2M2Wuwud32zWSuXesEXGRnZ49stQaR+iO9qD/Si/ojvag/0ov6Q0RERERERsK4DqwahsGkiRPp7u7m0qUbBAL+tF+bLRAI4DJdZGfnkJ2djWmOnWVy1R/pRf2RXtQf6UX9kV7UHyIiIiIiMhLGdWAVwOWys0SUKZIe1B/pRf2RXtQf6UX9kV7UHyIiIiIiMtyUHiEiIiIiIiIiIiKSIgVWRURERERERERERFI0BgKrzexdnkN2Tg7Zy/fSPGjlHmProJc5HGWnv/e25pCds5y96XrwzXtZnpND9tZjcZ5eTnZODnGeTm/HttqflZj/tvLeSL03E7T52OW095Ace//7clS/x4dK5GcnqmEi+jBnK++lWKzaOuI7vMf3QrBtsnNyWJ7SF0Zkmb3/Ld/bPGLtnvbffyIiIiIikpLRH1htPsTe/c7/79/LIV2sSJpp3rs8fYIm89bS0d5OR3s7BzcBLKHmi3bnsbV8b6TrNySOsTVdf8Q4Vsfzwf9/oS7loJyMkGON4fdTZB/KAO2nsSn4/80cCn25p6qAZXucce2L13kEYNPB0Ni3Z1nBoNQ23aTVd42IiIiIyDgx6gOrzYf28hbw0qZNwH72DlpkdR5r29vp2LOMsXkJJv1VsGwPHe3trJ2XeNvmvcspfrK/wYGRMNbe98fYmrMobQNf79W9ACzhpU1LgBc4pKDI6BDxI15z4zFgCY8sGdEajRnP1wU/BE007odHlgxNw6Yyjo8Go++7RkRERERkbBjlgdVgRssmFqwt5yXgrb2HemSmRU7T7D1V056WF/4XzvboOY02emrh1q1bo6YnhqYV7nWmNA90OnVzRDm9pivGOSbnNZFTJntNd4yaCp6u0xF7TOOMO+12ZI69V7k9+irU78e2hi50n180Wqa5R7/vY76vc7byXmRbRr3P+9F3UbvfGr2fiKeiPqs9P1sx+7aZvcudoOr+JykOPZ5EPYbFMQ69ACxZxuOPL+MRIoNKEfVcvpWtMadKJ3o+sqjo8QoGOiW5r37uOQ07sj969F3PJSD6HPfSwyObNvFI6Ec85ztoyTxC8Tm1dT9t4qVNhDO3nUzgefOCLdviHGvE53UAS4hEjeOhPtsbMTYsZ++xvXHHo76+TyKXMIi3jMHeH8Z5vs9+ifNeGJXfNSIiIiIiY8PoDqwGlwHYVM73mMeCTfRaDuC9rYt4nk0cDE0JfIFFERcji16Alw6209H+BTVL4PlFsYMszXt/SOX+8LZFx16IWaXnG4vY095Ow+tLYP+T/Kw/1zfNe1l++5O85UxdbHh9Cc8v6hEsWvI6DT2PqWABy5bAW0/+zDmG4EX/6zw+zz7e7EUv8MjrXzhTwfdTeftIBZXiaWbv8tup3B/RZy8sci480/HYm9n7wyd5K1ing5tg/5P8cG8zzFtrvw9w3jejODUq6n3NCyzaWkRDxPv8h6H+idd3CT6LQfvnURXj+fe25rDoheCyBQd5af+TFEd8jmP3bQHL9hzkJYAlr9PQvodlBUnWYzg4gaNHli2gwHn/xlwOYP8xin4cHKNivG8TPQ8w73FqlkT+8BQO6i5IOTU5UT9HPNd+kJfYT+UP99JMAQuWRY+L9oyDJdQ8Pi/BuJdGioqYB7zV2EQoq3JZOUXB59XW/VZUtAQ4RlNzMBN4EwvKg8/ms2ztJiIzu0MzVsoHZ2x9ay88HhzH2U/lokZ7PDpo73dRwjEHaN7LD5/cH/EcvPXkD3u07X5YFuP5hN/9cd4LY+i7RkRERERktBnVgdWeF1XfK4+3HMALLMrJYWvTMva0977osDM8mpw12WKtMxmRGTsPoMC5wOstWJeCIvu/xxpTv1LteVwFC5ZFZEg5a8ftKeJnOTlk3/4kb4Ve6VxMBy88ncDzI8sWUEB42vEy5+rebq80m34cFSwnHDDde4jmdD72YEZk4doxuYbfI0WFQPh9HWzX4N9Agr4L6vuzGH6tHbyy17LsGZhyfkRxgpD969sE9RgG0fXu8f6NFDruONskep6I54I/PEUGdVOteIJ+/t7adjraH6dpeQ7ZPZZhsMeyYGZu8McPu/59j3vpZEH4/RfMqnQ+Hza1dX8VhupxzKlvUThgDTDPnpkSdUyh7+VBMK/I7qPCImddVqfdg387khlz3nrydrKX76VobTsdzo86YeHX2sFke23ZPvslqfFVRERERESG2ygOrMa4qHIufiIvNL73+OuhC6LnF/WYdudkFgHwwqI+pu/bWUm9LvKGWLC+wQCinSEVnAq4iGOvfxG+MYejYNna0IVnMENpWVSa1H4qb3fKXWRn3fYn+Dvkgv2RczuV+4H9jTSm5bFHBtnD5Y+1mZjzilIICcXsuwSfxWTsf5JiZwqs3X12ZpvzZNJ9O+B6DIreWYzBIHX0cgDREv1g09fzkUGanoGhfonTz/a099upnHfQyaKMrMQyqoJByR4/fgTFHvfSSzCzsnrrC8QK7Kmt+8n5QeWtvVtj1jfqR5WegcZB8EhUgDyROGNOsN0hYsxKbXZEn/0S570gIiIiIiIjY/QGVoMXVU7mWeRFSNRyAAVORlpoGnPktLwYdw4OTWuOVIidVDK8FzD2sgMR/9bOi8haORgnKzJ44bmVH0ZkKIVF3gU+je+QHHEH59Ad69P12OetDZV30LmgjrekxLgQq+8gwWcxCcHlFkL/IrPAUujbgdZjMATvJB8RLA4GZ2IuB+Cwp0fHD3T3+Xwow+2HVPd7anqEmP0cDBi/TkOcLOBgdl/1D2P9+BFn3EszwcDpW/F+cFNb91NwSZ/9vEXs93H0MQ3eMgCpiz/m2JnEweUZgBSXG+mzX+KNryIiIiIiMiJGbWA1OGUuuI5ZR1SgJHxjkcibXRQs2+MEvuZRWNDj5hUFy9jjRMV6X8z1nGLbzN6tsddYHQzRUzhj3CwJnCnS8N7PIqfD24JLIry1H15aG767e8+lEgZ2Q5Uh0nOtyVg3J0mrY4++2dP31tpr9QaDLVFT5ce6Pvuu789i33qun9yjzfvsW+dHkZCB1GPw2FmMvQModl16TOUPrZMZZ+pzoudDglPU7aBVv6amQ3KfUedHqOa9W6OmpwOh6dxv7d8Pm9aGguNJjXvpIrhUBfHaUW3dX0WhD2yc93HkMQ3mMgAp6HPMibp52TzWOj/aJpMN22e/JHgvjKvvGhERERGRNOIe6Qr0TzCA0DsDJ5RJtPcQzcuWsWzPF7D8dhblBAOhS6j5wsnwWLaHBpZTvCgndEH6yOtfECtpp2DZj6nZu5/KRTk8zxJqXt8E+wcYXN3/JMU5T0Y99MjrX7Bn2TLsai8i+4We9VrGj1/fy1tPOq9dsomXlrzA88caaWaeffEeXIeu50XnvLV0HITsRbeT7ez2pYM9134bLvY0ysrIh5a8TsOeGH0WysiaN7zH/kK4/YNeOtjO41GPzGNt+0HIWRTRl5s42L4suj6Lcuybbu1Z1r8Ay6hQ0Eff0fdnMYHvrW3nIDksCr1nNnEw2JZ99q0T4HLeMy8dbGftAOoxOJxMwxhBoWA23vN1x8Lj0JLXKarLIXtRnLomej5CaHxMcmr68xFjo20TB9vX9tnPaw9u4vlFLzjPbeKlTft5/gU7+GfvMZhZ3iPbsKCvcS/dBI8h2I7xl15QW6cm1G5xp/iHj2kwlwFISV9jTkHv59h0kI5kvmj77Je+x9fx9V0jIiIiIpI+DMuyrMEssKGhgRkF/T+d975aAYDn6drBqtLQcO4K/NLB9rS4GBWRseYYW3MW9REkSfR8DMG7jivwMvTU1kPmva32Osv6/u2fUXOeJSIiIiKSgq+bmykuLh7UMquqqhJuM2qXAhhu9lS/8E1u7LUMl5DSvS5EREZQaAmV/k5Nl6SprYdK/IxvERERERGR4abAapK+t9a+CcVbT95Odk4OxU/uH8Fp9CIiqbDXli1+cj8seZ0fa+AaQmrrIXNsK9k5i3geeOmgbtokIiIiIiIjT0sBiIiIiIwTOs8SERERkbFISwGIiIiIiIiIiIiIjBIKrIqIiIiIiIiIiIikSIFVERERERERERERkRQpsCoiIiIiIiIiIiKSIgVWRURERERERERERFKkwKqIiIiIiIiIiIhIihRYFREREREREREREUmRAqsiIiIiIiIiIiIiKVJgVURERERERERERCRFCqyKiIiIiIiIiIiIpEiBVREREREREREREZEUKbAqIiIiIiIiIiIikiL3SFcgHu+rFSNdBREREREREREREZGYlLEqIiIiIiIiIiIikqK0y1j1PF070lUQERERERERERER6ZMyVkVERERERERERERSpMCqiIiIiIiIiIiISIoUWBURERERERERERFJkQKrIiIiIiIiIiIiIilSYFVEREREREREREQkRQqsioiIiIiIiIiIiKRIgVURERERERERERGRFCmwKiIiIiIiIiIiIpIiBVZFREREREREREREUqTAqoiIiIiIiIiIiEiKFFgVERERERERERERSZECqyIiIiIiIiIiIiIpUmBVREREREREREREJEUKrIqIiIiIiIiIiIikSIFVERERERERERERkRQpsCoiIiIiIiIiIiKSIgVWRURERERERERERFKkwKqIiIiIiIiIiIhIihRYFREREREREREREUmRAqsiIiIiIiIiIiIiKVJgVURERERERERERCRFCqyKiIiIiIiIiIiIpEiBVREREREREREREZEUKbAqIiIiIiIiIiIikiIFVkVERERERERERERSpMCqiIiIiIiIiIiISIrcI12BgTvJz57aRl2cZ4sf28y6hXlDs+c3nqK6DsrXvMbjc4ZkFwMQv1161jf14zjJz556n7mvrSD+5sH9l1P12grmtL7LlvW7aSh+jJefXUj/e6SVd3/0U/izZ1mYB63v/ojndjcMaT8P2T6CbRL8O8W2GY5jh1jvj+g+kIHo8TkZ6eokzan3gD/PIjJ6xT/PGOrvpeD3X/B7aejPx0bZWN3z/CLSKBy3W9/9Ef+dPxvS95SIiIhIfyljdRyq2/YUW95tDf09Z8Vr/OS1VIKq8QPZYXN4/LXX+MmgXoC08u6P1vNGxJVC3sJn+clrr43Ck+2T/KznRU/Dbp770bu0xnvJCIl+f/TuAxERkUgNu9dHnWcMtdTOY8a5ht0898bJka5F0oJBdBEREZF0NQYyVoP6yiIIBoOKWfHYrbyx2w4L2hkVRASKIsqIyLBccetu3nAiiQmzME6+wV9sC4cdw9vHynbo/Vj0CWQxKzZHZwUGszISH3OcbZz6Nez+Ke/eZZfdK9OjxzGEsxsig6p1VD9VR/ma13io2cmcLC+HujoaKGbF5h9wZn3s7I4TbzwVsz17Z5xEZsXdxYlQPzXwxvqnOPzYZv6cn/bO2uyZqVG+hp+sCNYg3OYrHjvDG8G2jtomnhP87KndzvEH+ybivRXqq1iP9XDyfbuc0H6dejUc4UTrQhbmxXi/OP3S+z0Yq17B7u6rTReSl8T7PFzGZm79ee8+GH1B7dEn+XEh4rMXlZXU4weRyPd7kmNd5NhTvmbNEB2piIw+cc4zzl4Eor9Hem+f5Hdy5Pd68WNUlUXXIPq7rh9llq/h5Vt+HpUF2y89zj+ix9HeP0yGno/1/R48F+t5nhBqxiTOW3plpzpl1L3PyRVzos93Y9a5x/dP+WOsOLObNxrCfZjwPKMf7RIsK3LfDbvX8xdHnDLjnqeKiIiIDL9xlrHaEAqqAjTs/ilbok7m6qju+St+QzjQYP+5np/F+6G/54mes/1fvHESmMPccnsfx4OvDwXX7o8RVHXqu/4NQptHXZg49U01w3HOCqrK7bLPXKNQMNEAACAASURBVIzxfOu7bOlxDMlmNzTU1TkXPWXcFe/sNpX27I9Y09/qtvEXvdqpLnyx5WyTqB4Nu3dHZOoG+yaPu8qKgQYOn3D20HqCww303Q7TbqE4ar/BDN/Up9fHrleKevXLTxnGZCPpQ6JxofXdH0WMCw288dOfcyaqhBhZ5nXbemeT9fEeiN4H1G1LJmtdRCTZc5e+vpN7zPBo2E11UhmMKZRZt43/fiSZo+lDjPOPyHOck2/0nu0RGmfn3E850HDkRKhdTr5vN1r5/TGCqk6dB5wVnKDOnHwj+vunbnfqM1b60S51234U/xxkAOepIiIiIkMh7TJWva9WpLS95+ntzv/ZGZTRemd2BX8lt0/0G2jgMV5+LeLX7zPNtDIn4lfvcBnBAEfd+yd5fE7PLIFW3v25cxLc81f7up/z7u8/y8L77YzOM82tMCevx0lzKyeONECMDMW/fff3WbfwIsfriPpV3q7Pbn55cmFK2RXTbrEDgcF6xBQnE+Lx19ZAzyzb5lDjRmXIxZZse/aUx8JnN0OPTNDWd6O3Ovkr++Q9nA0RzITo3U4912brsz2iji9YZh3HT67g8bvKKKYhlJ3TeuKIXYeyu+JnT+TdxQPF0NBgL83gvBP6t3ZbnHolbNLoQnpk4DqB96gDiN0HqX5mJSw8fsWTeFz4pXPRG5XhE3mR6vyA0+szsftXnFwY+X6L9x442WsfPX9E0ntAZPzp+/wrHBBM9twl3ndy67s/t78je33XJa5j8mXa52sDmXAe/O7vdQ7483d56NmF9nIFK8LbB89D7XHW/vG9ri48a+W4/cs7c+eQwjjeQ8Nunntqd6+Hix/7ffv8LUGdL74fOcMrr++1W/vZLk6NYs/wWfgsL9NjPfngiV+c81R9H41PnqdrR7oKIiIyjqVdYHVoFfOAk0IYDC6Ggl9OBmGvk8XyH4RO9PIW/oDy3duoc4KvUUJZio/xUOipOTz0WDF1u50T5zn3U04ddUdO0LrwLprPQOikmYucaYBYFygNZy9Ca7OdhRbjJDlhQDAVwYBf3Tb+ItnlDxx9BhKDItszGJCM1Z79Er4Q+Xeh+uax8AflvLEtGNAOVcRpd5jjBLwTVz0YNHayVBuCwelgm9lT6zjbQOR7LbY8Fj77GgVRmTx1VD91Jv7yASnXK4VCQtm14TIkHSQ5LkSMO6Fxytmu1R5o7Oz5qKHjDFEfiXjvgRj7CI1lg3egIjKGhIJoCc9dQq+I+5188azzw06M77oEtUihzPD5Wn8Fywz/WOpoOEvk75Tx1gwN1vHwiVYWFgQDqU4ANNE4nvTXfXQAs+86tzrnqRHnMxE/CicrUbsEj/uN9U/xBpDwR+YBnKeKiIiIDIW0Dawm/8tjMDNyiO7U2iuDNY68Am4lRmA2SkRGwknsQKyzDEDiOsQXuY5ZMoInubcWxHqNHfBbGDHtLGpdq6T3Ekey7QnhC7KkTePWmNHxwRE/WBm8yKvj+Mn7sa+G+lgGIEI4gyXY3vaSAgsX9t42eGGVfL1iSLlNE1OWQO8MmdTHr35IMC4k5vzgM21AhQB6D4iMZgMfv/p3/mWfu4wHdvCTX4XXIv3JazGWSIj48f3dW+tI/AMthMbxeJv1XE89dI6RqFynzv2R9HmGExSes4KfvLYiIuAcXsM/9mysBOep+j4aV5ShLCIi6SBtA6tpI3QzIcJTx24tIA+IviQIBvUip7cFp9AWc6sTvAj9Mr/NyZa4f06P18e7QDlpB24HukB/67v8beT0srjsNT8fD025C7fDgES2pzM9rGd7hqbqBZ9PWh4FtwINwWnSznQ5Z4kGO5Dc/wu5hiMnaF1oT0O0p2eHg9PB7Nu6bduAxNm7wQuIcJZFvGyZYDZKeJ+p1CtUSr/bVEZWkuNCxLgTGqccefaHIn5GT6KL5+CPRn3sQ0QkpuD4EffcJfGPS8EZRsGp43mElyfpr6EsM3ZA8CQ/izr3CmaDRgr++O6sYxrxA23CcTyRvIWsW3O2181L+64znLQH/3Aw9uSv4i7BEO88I9E+wlV8lp8sJLTUTOJlooboPFVEREQkRWMosBp7jS97DaaBpGQ1RExPcoq8P9aJXnjKea/pThHT36On0EYGN8NZjz2Pwz4ZDZ9wR0+n6+PO80C8dglOL+slxg247Bf0zMC0yy1+bDN/Hm/XMcVvz+DJd++pbnHKKF/Dy7dEPzPn9x+juG537zKilmjop15TGSP6L2p6XOIsk9AyCL2ONfxaO6DWu71SqVfybZqqcB8kvCuxJCHW59QOpiYaF4IB+dC4U1wcvaxJcMyJ8ZlI7keaGPsQEUlKf89dwkLLm8RZL7Q/YpVZXJzMHPf4Y/Wc0A+sPc8B10SsrRrnXNUROoehxw+0Ax7HcW5eWkd1XQNv/PRd7np2YcSPwrHqPCeUDNDXOUSi84y+9zEt7nq5Pc+17fLLqVoD1Umdp4qIiIgMD3OkK5D2ih9jRXnkn5vj/+I+ZwU/WVMe9VDxY5t7BJ7siwyg1zIAeQuf5eXHinu9Pri/OSteoyq6eMrXpH4X+fI1r8XPeIhxDFBO1bPR65D1Wx/tmbfwz1gRUXT5mjVE18QOXvcpbyHrNj9GVA3L1/CTQVjGoPixxyLqU8yKzZEZhE5gHJI7uY9Vz6gLzTwW/lnk8+VU9eqXxPVK3KapSqIPZFAlGhfyFj4bMS6UU/XsD7g1aus5PP5az36P/EwnV4eqqM/tYwN8H4nIeDHwc5c5PL45+vtwxUDOQ2KUWfzYZv68bIBFxvpeL36Ml1fMsfe3pjz6cWfbuvcjsnadH2l7/0A78HEcYM4Kp4yG3fz3d1sT1BmYsyLq+6f4sTVR5xT2YSc4z+hzH/ZNMXuWGf0d94Po8hKep4qIiIgML8OyLGswC2xoaGBGQUG/Xx9cK2fE1+wLrkc10Kn3MQTX1Uo0LUpGl97T+2W86P8ahQMVvjt2r7s2D8HYJSJjz8iNXyMoNDsnvMyKzs2SEfzOGaL7GoikKG2uG0VEJC183dxsz0IaRFVVVQm3GUNLAYwW4TvX973GqYwuwfVNk7nZhMhgCa4r3Ptu0YnW+RURGbem3eIsmdJzar7OzUREREQkNQqsDqPwHU+hfI1+6R8zItalLX7sz3TjBOHE558PSjl33Xlnwm3mrNjMijM91qgrX6OsaRHpl2vXr490FYZe1nf5P1c3ULX9SMSDhSxd/0fMvH6dayNWsXTXTqcfwEu72knSQNZIV0BERAQtBSAiMmA9p9L+dtFfJRUU7cuJzz8fcBkiIon0HL86K/9+hGoiIpKarJo/BHTdKCIiNi0FICIyxrS///1+vS7n/n8Y5JqIiIiIiIiIyGAzR7oCIiIiIiIiIiIiIqONAqsiIiIiIiIiIiIiKVJgVURERERERERERCRFCqyKiKSrllperKzkxdqWHo/toD7h6xJs0+8qbeSJHUNRct/l1+/o0Q4J1bOjspInQv8StUcL72ysZOCHFllOPTsqN/JOKtUWERERERGRUUM3rxIRSXOnd+6nvmIVpcm+oLWR00NUl/yKDewaorLja+FcE1CU/Cvqd2yhdvE6dq0qdf6u5OWNRWzbUEH+0FTSkc+DG2rs/235mkagcEj3JyIiIiIiIiNFgVURkbRWwsqV8PKO+lCQMFJL7UbW7LTDqCUrq3mxopUdWw4A8PKO+T1e08I7G6vYGYy6lqx0Ao317KjcQq3zcMW6GlaVOsHIA86DTpCypXYjaxqXs2tVafj5ksVUcACW17CqtJ4dlXtgMdQeOG3Xv3oDD+ZjZ9JW7XSCvot5rsYJFtfv4IktB4ASKhb3boGW2lftOp9+lXfu2cCD+ZH1jSgn4jjPNUHJgrzQI6WrapyAsN0GhxZU82JFvr3vPUVs23CPveHRYF2C7RB/+082VtFUuJjaA723b1peTeEe+1hPv1rLvRtmsD9GG4uIiIiIiMjopaUARETS3T1LWNm0p/eU8vodrNlZyHM1NeyqWUfRzip21Jeyat1iYDHP9YzctbQy8+kadjnbV5w+xCct0FK7x87urKlh17rF1O6ppaWllr85sDhUdsWBHvuv38HLweefLqIxKkX2NI1FT7OrpobnFp9m5/56oJ4dVYdYUG3vf9vKJl7e4Ty+5QAV62rYVfM0hU29c23zK55mZQmUrHyaB/NbeGfjFhpXVofL2VhLdNPk8+DTK2Fnlb0MQK/n46ttKmJbsB22JF5OoZb5Tj1K7HbrUYcSSlj5dAXEauMk6yQiIiIiIiLpSRmrMmqYpolhGBiGgS8QwOe3CAQsMAwM08BtmnjcLkzDoNPro6vbR6fXT0eXl45uH7fmT2ai6zLeS8cwXBMxXDkY7gkYrmwMVxYYmRiuDDAzIdCNYXoI+LxYhgsLDwHLwgoEsCxrpJtCxp18Hnx6AS/ur+fBJeFHW75ugsXLnWzNUuYvhr/5ugVmxCumlNKorNUSVgL59yygZOcWnjhgZ1Lu2gDQwoKSnbxcecDOVq3ZYO/TKar+qP14KUD+PSwogaaIXRXNsCfc5xWVQCPOtPjT1FZVsjO01VHq50Mti3nOLoh7Fzjbx9VK0+kSFjxtl2/XvZFWiJ7in1/BizUVdl13VLKmcqeTdZvXq8RIJQvuscspnU8FeziXIPpZUmSXlz+j7wn/sdtYRERERERERjMFViUtGYaBaZr4AmC6TFymydnWq3T7/Fxr76a9y0tnt49Or4+OLp/9/932Y15/IGaZy8vvJCejmRu/25ZUHVxZMzGzZ9r/zboF18RiXFkzcWXmAwH8vg4Cfi+4phBQwFWGWn4Ff0IlOz5d2f8ynCn3Fetq2BWcsu+U/WJNhfN8pR3orFnFgxtqeNBZJiAYEFzS9x4SiDFtv37HgEpMRumqGnYtqeXFqqPUrxrYEfRbnDbWagAyupzizartHClbTfWjsyMeb+PwK5s593A1UQ8nU+KbVWw/EuOJXvsYbvYxHZ+7nmceyB3BekRrO/wKm/fB0vXPMOBqtR3mlc3Hmbv+GR4g4v/7Kretr+3Ss81EREREhpICq5IWLMPE67cwDIOcrAyud3Rx9sIVzrZc5dzFa7Rd6xj2Ovk7z+HvPIc3xnOm5ybM7JmYmdPx5M7HM+XbmBmT8XtvYJFFABeBQOwAr4wfOff/w6CWV7pqHUcrt3AaeyHS/BmFsPMo9atKKaWeowegaF2CWzOVrGRJKVB/lFpgJfY6rX/N07xYsYpd1UW8WNVor4f6Kvz7DRWsqqmmcGNVVEZq6fzFsMXZd8unHDqd4N5S+TMoYid/U7uEFyvy7bVaDy1g24b5VLCFo/WrKC1t4ZNDpxPc7SmPwpLTHPq0hQcr8mn59BCnSxYQnYdqB4MbVzrrooaOvYg88qEQTjfaOa71Rw84rWA7fehTWioqyK8/Si2FPJff9/bJitnGIqPVkbc5XDEIgb2gnkHUtsO8snk7b96XeqB2bGvjN8ehrAyO/6aNBxS8FBERERlxCqzKsDMMA9PlwusP4HK5MQ34uu06Z1qucK7tOl9fvBY36zRdBLyXCHgvASfobrFvXGO4J+OefDfuyffguel+MibOxt99CStgEjCyFGgdZ058/vkQlFrKkpUl1Abn0peuYtvKjayprAScm1eVAi1FlLCz982rSudTcXqLMy1+JStLDtDUCg9WPM2CjVU84ZRbsa6G0nz49ws22tuCPY2+FFq+Du/7ucWV9lIBJYupKElc91XVK3mxKrifxTxXU0E+sGrdYieLs4SKxbEKymdmIZze6dy8asM6mip7lxN/X8HtVpEP5M9fDFucLNzF0XfLKils5K8rKzkdbAeAPrbvU/4MijjNzldr2bYhRhsnX5JIWikshH27DnPHMw8wJKG93Ad4uGwf2z86xaOzFVkNOVXLPuay/r5zbN5ey6kHHmVArZP7AM9UP2D/f9tgVFBERERk/DGsQZ6/3NDQwIyCgn6/3vuqvSae5+naBFvKaOJyufAHIDPTw/UOL00tV+xA6sVrXLreOSx1WF5+JzMyvuTqJ385LPsDnEDr3bgn3Ykndz4B73X85CjIOsYEx62gcTd+tdTyYtUhFlRv4MEECbMikl56jl+dlX/fx9b2UgCsXg3bt/PV0uCU795LAdhT1p0898KlrI8ThD31ZhXb6T3tv+fjfZbXdphXNu9zsuoLo6bJRy01EJEZe+rNKt6mDI4coSlYXmQ5hWWUcYSvgtPaT71JVaigwj6m4tttsS+U4l/G6mo7AJpwn32W67x+5nqeeaDN6QenvU+9if1nMNDaY0p+VN2hMNhvfS0FEFWviLYLvmbpLPbtOxJdXoylAOK1v8hgyKr5Q2AcnneJiEhMXzc3U1xcPKhlVlVVJdxGGasyZFwuF5Zh4nG7aTh/iV//7hznWq/jG0dBRd/Vz/Bd/cz+w8wiI28hWQUP4Zl8D4Hua/iNHAJ+/8hWUqQ/nPVag0pWViuoKjJuzObR1WVUxcuaPPUmm/fNYnX1M8x2gm2b35yefFCt7TBvH4Gy1bNjlGcH68LlneLNzfuYtbqaZ4JBxs1vMr36UXIPv8L2r5ayvvoBcp2g8Cszw0G/piOwuro6HIzctQ+Wrqc6FIyEwrnY+9j+FUvXV9tBx1NvUhUnY7ft8C72zVpN9TOzCQYa3z5cEWef8eveu6VO8dGRQuauzwVyqVhayOZgRu/s+yhjOx+depTZs4G233C8qZC5T+TGrnvCbFe7LUL1ajvMK5ud5R/so2Df8bmsr652AsObeXN672Ub2qLa326LVw5r/VUREREZWxRYlUFlulxYGGRmeGi8cIUPT33N6a8vjXS10kOgk+4Lv6L7wq/A8JCRV07mzQ+RddN38XVdIaAg65gxWMsA3HXnnYNSzpAoXcWumlUjXQsRGSmzH2V1WRXb37yP6kejA2WnPjoCZaudwF0uDzxcxr7tH3Hq0dmxg3lHtlPV4wZWhUvXhwJ1pz46QuHS9aHXzq5YSuFmp7xTH3GEMlaHnnyU6mqANg4fb6Jw7hNO8HO2HYw8/hvaHnCmv5fdF65PVDASmF3B0sIjHA/VqIl9tad44NHZ9j6eid0suQ88Q3XorzbONQFzIzaI3OepjzhSuJT14QNjaeHmcIA00qmPOFL2MNVO9XLvmEvhvmCbzua+MsJLJ7Sdo6nsYZ7JtY/70YjKtl34CpgVu/Lho+CBZ8JHQds5eh3Gw05QOWrZhsj3QRu/Od5E2cPPOO3vvA/etttfoVUREREZKxRYlUHh9ngwTRdnW6/y8Rfn+e1XF0e6SunN8tLd8g7dLe8AJhl55WTkLyIztwyftxt/wDXSNZQBGmhQdGjWaBURGTx2gHM7b963npmhR9u48BUUzk0hdFbWc8r/LB4OZTXa5TUd2UzVvsgXFXKhDXLtncUI1NlBzVkPJ1mPtnM0MYvw5rlMD8UfZ/No9WqoiggAx5vW3mPJgMI+bsbXZh8Ym6MPjMILbdAjSHn47SPQdKRXADqYDRsZbOajI5Td92j4tRFLExT2VaGow4iYwl9Y2OOegoXMjKhe7sxCONfr6DjXBEe2VxFd5TLaQIFVERERGTMUWJV+M00Tw2W/hT784jxH68/S7VPGZeoCdLcepLv1IIZrAlmzlpF1y3ICvm58ViaDvAyyDKNfNpn9et1DheNnuQwRGcVyH+CJpcfZ/HYtZeEHmT4Lms71L3yW+8AzrD5XxfZXZjrrqNrlFc6NM4Xc3lmMYF0uMwvheK8gZbwdz6SQ44Q3twO64YjxbB6truZRcKbGb+fN+3pOf7cDoL3WHI23S/vA4q4/Gy72NxxvKotYQ9V5+PAroQzc3Nw7mFu4j49O3QdHygjFVU/Vsi/ytc4SB31qO8zbRyLWe3XWVY27+bmmGI/a7V/2cO8lAkRERETGkv5d9cu45nK7MT0ZXO3088v3T/PjvztG3aeNCqoOAst/g46mnVw6/H06Gv4Kt3WBDHc3Lpc+qiIikn5yH3iCpRzhSERsbfZ9ZXDkI04BoWzLyCnwCcx+dDVlTfvYdbgtVF7TvlqnPDugWFX1pv337Pso4wgfhZ/klapXONyWyx1zC2k6/hvnhvenqN3XROHcO2IHMXPvYG6hPd3fLuc3HG/qWWZw2+nM6pG1GckOKuMENfs60Psoa9pHbVTdq3jzVPRmbb85TlOM9su9Yy6FTcf5TRuAfbxHtm/nq6UVPbb9igttEOqLpDQRPoyIm1g5z4XbyVkP975etbPr8/Zhgs126s0qql4J/y0iIiIyFihjVZJnuujyBfjq68scrT/LpeudI12jMa275Z/obvkn3JPuJOvWFWTd9B18vgA+vzHSVRMREXEE11CNCNjNfpT1S19hc/AuqoVLWZ9S2qKzHuq+4E2RepRHIUvXB7M3Z/Po+qW8srmK4LNlq50bNTnZr6Gp9mWr7RtTxTuOZ1ZzLjTdv4yyMvgKIPcBnll9jqrNVQQn7RcuXc+jvYoKtoVTRtlqVpcdYXvc7N3edY9cW9ZmB4RDN/KK2p2dpRpc+zX3jrkUAnPviNiXs27rvs1V7KOQpauXUrjdycyN0xKhdVOdafxlq1dTdmQ74cMoZOnMj6hyUl971zlYTI/2p4zV1VpfVURERMYWwxrkecYNDQ3MKCjo9+u9r1YA4Hm6drCqJANlmGRkZvDr356j7rO+Ui/S2/LyO5mR8SVXP/nLka5Kvxiem8i65U/Jmv4gfnJQgnD6CI5bQb9d9FfcdeedA1oK4MTnn6f3zatEZEzoOX51Vv79CNVERCQ1WTV/COi6UUREbF83N1NcXDyoZVaFftiPT/OLJS7TdJGRmcXnZ9v48S/eG9VB1bHA8l6io2E7l957FF/rr8jKdGuJgPGipZYXKyvZUd/XJht5oq8NotSzo3Ij77T0v7zU9ufsdUclL9a2JLV/ERERERERkXSnpQCkF8N04fZ4ONF4gYMff4nXrxvppJv206/Q0biDCd9YS8bU7+DzuwkE1E9jVcunh2DxYhqP1kNp6SCUWMqqmg19bpFfsYFdfTzf2ng6xX22cK4JKEpu/yIiIiIiIiLpToFVCTFNE8Pl5kRjC/98ookur+aapzPLd5Xr9S9g5hQx8RtrcWffhtfvZpBX95AR18Inh2DB00vg1Vd5p2UDD+Y7T9Xv4IktB4ASKhYHt69nR+UeClcWsnOn/dzK6uU0VW2hFihZWc2LFa32NtUbuPfTjaxpLKTiwAFqARavY9eqUlpqN7KmcTm7VsGOSvu1ABXraljFDl4+ALCFHfOrKdxTRVPhYmoPNLGyegMPtgbrFX7Nkq9fZedp4PSrvHPPcpqq7P0/mN/COxur7OcosV/vPGaXeSC838GIKYuIiIiIiIgMEs0jFgAMl5sbXos3aj/lnY8aFFQdRQLtjVz9+D9wvf55PLThcanvxpSWTzlUuJwH8/O5dwEc+jQ4f76eHVsOULGuhl01T1PYFJlBepqdjfPZVVPDc4tPs7PqKPNrati2soTThz6l1wz8AzC/poZd1SspObAnaop+S+0eahevY1dNDbvWLaZ2Ty0tpat4bjGweF0o2FnLfHbV2EHfeux973L2WXu0nvyKp1lZAiUrnw4HhoH6HVXsLAyWX8jOqh0EFxiodcrZtrLE3u9gtquIiIiIiIjIACmwOs653G4ys7M59NkZ/r9ffcjFax0jXSXpJ9+Vj7h8fAUdp7eRYV7D5RrpGslgaPn0EEXz7ehl/j0LIBgYrT9KLYuxn8rn3gUlUa+rcF6TV1QCi+dTCuTPKIy9k5Ii8gDyZ9gz9SPk37OAkgNbeKKykh2sYteGCvJjFpEX+v/S0lI7m7aykjU7+1oywF4eIFhXSudTQRPnWqLLjFtvERERERERkRGkpQDGKcMwMN0eGs5f5q2jvx3p6sgg6m49QHfrASbM+U9kTJ1Ht18f89Grnv07T1NLJeH73ZbwSUsFDw5XFfIreLGmwll2oJJaFvNczao+XuBM7Wcl22pqoHYjaxqHq7IiIiIiIiIiw0cRl3HI5TYxXW7eqP2MlivtI10dGSI3Tv5nPFO/w6S7XsbrC+DXCgHD7qHCAd5QrP4otSUr2RaRJdpSu5E1++t5cNV8KtjC0fpVlJa28Mmh0zAEiZ0ttRv5a57mxYpV7Kou4sWq5KKkFcsryKeFd/qsVz4zC2Hn0XpWlZY6WbiFPJcP5wbtCERERERERESGhgKr44zLZXHh1H48OTfz8LzvsPMfPx7pKskQ8l7+gLZ/eUjZqyPgxOefD7iM+qMHKFlQHTX1Pv+eBZTsPEr9qlWsWrfYySItoWJxSdxyBiK/4mkWbKziiZ323xXraigFWopKYKdz86roV3DvghJ2OvVauXIxHPqaFkqZWQind9o3rwoqXVXNyo1VPFEJwZtXldKiwKqIiIiIiIikPcMa5FuINzQ0MKOgoN+v975aAYDn6doEW0oqTNMkIzOTj3/1DBfP/AsA5SsPU/vxGT798sII1254LC+/kxkZX3L1k78c6aqMiHD2qoXfP6gf+3EvOG4FafwSkdGi5/jVWfn3I1QTEZHUZNX8IaDzLhERsX3d3ExxcfGglllVVZVwG928ahxwuQ18Heeo/encUFAV4MO3/4J/853bR7BmMpyC2auBK4fJMDtHujoiIiIiIiIiIqOa5gWPcW6Xxdcnf8Hvjlb3eu5ay2dcPPcBj1fcw89qPx2B2slIuPGbl3BPvpfJ926jq8vLICetC4OzDADAXXfeOSjliIiIiIiIiMjgU2B1jDJNE09GBh//8t/T9tWxuNt98j+fYtH//h7fnJXLb79qG8YaykjyXf2EtsNLmDr3DfxWNv4B3mNJehtoUHSwgrMiIiIiIiIiMjQUWB2DXC6DrutN/POu/y2p7T/51V/y8EM/5rd/e3SIayZpJdDJ5feWMunu/wd3zhx8Ac9I12jM+WzZsn697u69ewe5JiIiyZk0pWfoLwAAIABJREFUceJIV0FEJCneka6AiIgIWmN1zHG74Vz933Dsb5MLqgK0fXWEKxc+508W3jWENZN0de2z/4j3/C/IcOv0VEREREREREQkWQqsjiGW7zIf//I/cPr4f0v5tR++9SQzcydy281ThqBmku46Gndw4+TLZGZqSBARERERERERSYaiKGOAYRi4XX6O/M0jXDn/Ub/L+fzAev647I5BrJmMJt5L73H52J+S4fFhmrqhlYiIiIiIiIhIXxRYHeUMw8Cw2qmrWTTgsi40/CM3rjSw9PdKB6FmMhpZ3stcPvKHcPUYLsM30tURR/2OSp6oDP7bQb3zeEvtRp7YUQ/Us6NyI++09KPwllpejCgz+qmNEfut5MXa/uygh/odPLGxlkEoSURERERERGREKbA6ipmmgeW7xD+/8W8Hrcz3//ZPKJw+mRm5unnFeHb9Nxuh8yQu0z/SVRnnWnhnYyUvs45dNTX2v3Xwcq9AaCmrajbwYH4/dtHayOmYu67lr3fCympnv9UrYWcVO2JFYFNRuopdGyroT1VFRERERERE0ol7pCsg/WMYFt6OZt57s393He/LyX/ewvLyZ3nlF8cGvWwZPa59+n8x8c7/jDnhHgKWZ6SrMz61fMqh04t5bkNEFnnpKrZV1xOd8lnPjso9FFbbwdX6HZW8fMB+pmRlNS9W5NNSu5E1jYVUHDhALcDidexaBTu22Bu+vGM+u1ZF7Ke1kdMU8ifBCGh+BS/WVISrVruRNTudkOzidfZr63fwxB6o4AC1+b9PydFu/qRmFaXB7Q8tYNvyRtbsKWLbhgry63fwhLP/UBnErj8ttbxYtdMJApewsrqfgWQRERERERGRQaKM1VHIZULXtYYhCaoCfH3y53ReP8cflc0ZkvJl9Lj++X+Ca7/GZXSPdFXGpZZPD3G6pIi8Ho/n55eSHyeo2FK7MSLDdR1FO18NLxFwAOY72aclB/bwTkspq9YtBhbz3KoeS4CUruK5/5+9Ow+Pqr77//86Z5bsEEKCBCUBQ5GIICrWqATNUKu4YNEWW1tion67oG29ya9L6O8r4K1we983uFPvLiZNuii9LVWptipJLVYRrQsoQTRAAsgSDJB9mZnz/WMS9kCWmTmT5Pm4rlzBM+d8Pq8kMteVN+/zPjnlWtIxBuCYTtWKokCRtKREpSXLlFe99MjrldVKm1ei0nlfVnZGudZ1HN9fVSnPnKM7VStUtLRcnsJj1+gqf8XqYilvmUpLSrQ8Type3dfWWQAAAAAA+oaO1X7GNCw1HqjQu6u/E9J91v9xtnLueFtJCdGqrW8J6V6IbA2b71Pc+J/KkZgln99td5xBJSU1rcfX7K+qlMqXam75kWMZG2s0WZI6i7QpqUrvxlqZ+SUqzVdHt2iu5nZ0ik7eXS1Vlmt+bvGRk9dVKD9LktI0KkWSUjQ5O0Nrd9dImfu1rjxHWfnSkQGxu1WlHN2SGTh3xsISSVLFupPnX5SVo8qlBZpbHMhQeqR5FgAAAAAAW1BY7UdM01Ld3ne14eV7wrLfp+sf0Tdz7tZjz78dlv0QuRq3/IfivlAgx7BsiqvhlJyujMoq7ZeOmUlaUZSrZ9KX6a4uLjt8+/xRasr6kKNjDEBFUa6e6SzSHnXr/pFg6469bFK2tGKjalKrVJaTpfxubney/FK+SkvyAyMFCnJVnJEXGCfQyy8JAAAAAIC+YhRAP2Eafh3c9c+wFVUlacfG36q95XPNvHhc2PZE5Gr8ZJn8+1+VQ812R+k3zvvjH3v1cVjKJGVnlGvJ0ffhVxRpSXmObjmh8BiQnJ6hyuLVHY2hFSo6/jb+bqopW6y5JzwkS0pPTQl00pav7BgxEHjA1qKymhMXSZmkbK3VEyvL5ck6rgibkqp0dY4KOLJGV/krigKfUzwLVVqY0/MvCAAAAACAIKNjtT/wt6r2s9e16bVFYd/6rWeuk+fOd/Taxu1qavGGfX9ElsatjyveNVRm/IXyGzF2x4loH23aFIRVUjRj4TJpcYHm5nYey9GCzgdCnewKz0ItqMrVktzAvfQZecu0KFOq2d3FFsnpylDxCQ+vOn6do9eS8rU8r6NzVAp0r3pSdEIVVimaMSdNxUvTOm75P1qm8pfldYwYkJSRp+WeFKXo5PmVWah1uR3nKkN5y/LpVgUAAAAA2MqwLMsK5oLbtm1T6siRvb6+fUVgcJ5rXl/uWx04HE5T9fs+0PsvzbMtw5gLv6tR5+XpiRf690iAOdPPVap7u+o2hK/rd6BKmPiAFHe+fH6a3qUj71udeP8C0F/w/gWgv+L3RgDA0Xbv2aOxY8cGdc2CgoLTnkPHagQzTVPtTXttLapK0vZ3n1TqObN11QVn65X3ttqaBZGh/qOfaeiFT8lyjpTfb3eayBOcblVp4rnnBmUdAAAAAAAQfBRWI5jL5dDrpTfZHUOS9OYfrpbnzne05oOtFNIgSTr07u0adtlf1Npm2B0lIvW1KBqs4iwAAAAAAAgNCqsRyu126M2Vs+2OcYzqD3+v78z8qn7+l3/ZHQUR4sBbX9WwrOfU2sr83ZOZ89wtvbpu5Y3PBDkJAAAAAAAINgYkRiCHw6+P/n6vWhq6etqMPT5dt1wOq1lXnj/G7iiIFL5m1b0/T25nu91JAAAAAAAAworCaoRxOKTdm59VzbZX7Y5yUm/+YaYuGpdqdwxEEF/jp2qqfEQus8XuKAAAAAAAAGFDYTWCOBymGvZ/qE/XP2p3lC75/W3aufk5ffvaC+2OggjSVlOmtr3Py2E02x0FAAAAAAAgLJixGiEMw5Dlq9d7L37P7iinteX1f1f22V/SpZln6c2KnXbHQYRoripWfOxYOeIvlM9y2B1nYKgp06KCYlUedzgjb5kWeVJ6uFiFinJXKm3ZQs3o6aURsT4AAAAAAJGFwmqEiIqOVtmvptkdo9vWrZyt7G+9TGEVx2ioWKhhl78sHw+zCqIM5QWlWJmp/JKFwQhk0/oAAAAAAEQWCqsRwOWU3l71Lbtj9Eh7S632VL6i26+epqf+9r7dcRBB6j/8keInLFKbL8ruKANcoENUOVJZeaWOKcBWFGnu0nJJGfLkSGWao9J8He4onbxxseZXpclTXq4yScopVGl+ZmDVolwtKQ/scHRn7MmO15QdWacq73tKL375NOvXaM3iAhVXSsrJkae8mg5XAAAAAEC/xYxVm5mm9On6h1X/+Wa7o/TYpvJCJUQZPMwKx/Ae+kBtNa/KYbbbHWWAqFRxQa7m5h75KKo48lpV+jyVlpRoQU6lildXSKpQ0dJyeQpLVFoyT2nVxw8S6FAuZZWUqHRZnjLKV2pNjVRTtlhLVKjSkhKVlhQqvXjFKY8fvc4iT2I31l+hYuVpeUmJSrMUKLoCAAAAANBP0bFqI9M01d70mXZVPGt3lF5758/f1JVfe1b/+nS33VEQQZq2PqHE4ZfJbyTJsiy74/Rzpx4FkJ4aeCE5PUOqklSxTmXK0YJMSUrR5OyO4ycsm65kSUpJVXrHof1VlVL5Us0tP+q0jTUa1cXxyUevc9r1a7RhbaUysucpRZIys+RRdbe+AwAAAAAARCIKqzZyOk2tfynyH1Z1Kk2HqrSv6nXddtWF+s0rH9gdBxHk0Ac/VOLUErW22Z0EPXGyB2NVFJ38eA0tpwAAAACAQYzCqk0cDkM7Pvyd2pr22x2lzz585R5Nz3tDk8aM0Mbt++yOgwhhte1X09afK3p0vtqtaLvj2GLljc+Ef9PMLHm0VOsq8pWZGegSVVr3Lk1Oz1Bl8WpVePKVqQoV5S6VCkt0fVfHexQs0D1bvHajajwepVSsU5mkvJ5/hQAAAAAARAQKqzYwDEOWr1GVbz9ud5Sgee8v39ZVs4oorOIYrXtekCt5mhyxk+Tz250mvD7atClIKwVmrBYffSgjT8sXdjXbOFP5hTmauzRXZcqQJyej2zuleBZqQVWuluSWd2yzTIsyJWWe/HhNDyeApHjmKW9tgebnFgceXtWzywEAAAAAiCiGFeQBiNu2bVPqyJG9vr59ReBXbde8gXuPqdMpvbv6TjV8/rHdUYLq/JlPyhs7Qb8t22h3lJOaM/1cpbq3q27DPXZHGXSGXFQqrzHc7hgh0/m+1Sly3r9qtGZxgdZmn3gbv+0qijR3qbSgJF+ZdmcBBrHIff8CgFMbDL83AgC6b/eePRo7dmxQ1ywoKDjtOXSshpnDYWrftr8NuKKqJH3w0nd15e1vafyZSdqyq9buOIggrZ+tVNToO+X1u+yOMggEbtU//CtGRp6WR0hRtaZsseYXVx7+b09hCUVVAAAAAEC/RWE1zBympc3/uM/uGCGz4W/36LprHtWWP62zOwoiSOvuFxR91tdlGEkKcpN8RArWGICJ557bi6sylV9SovygJAiuFM9ClXL/PwAAAABggKCwGkYO06uNa/5/u2OEVO2uN3Vo30f6+pXn6em/f2h3HESQxs0PKH7ig2rzOuyOEha9K4oeEbwZrQAAAAAAIBQorIaJaRo6tPcDfb7jn3ZHCbn3XsjTlbevV/qIoarad8juOIgQ3vpN8tZ9IEfCVPkGyZOsfn1tc6+uu+PFmCAnAQAAAAAAwWbaHWCwcLmjtOHlf7M7RthsKv+ZZl/O9EQcq+HjB+RyDY6OVQAAAAAAMLBRWA0Dp2nqs81/kjTwZ0t22rftFTUdqNTN0yiu4ii+ZjVVl8pJrzwAAAAAAOjnKKyGmGEYamt264yzZ2varS8rIWWi3ZHC5u1VX1faiCFKTYq3OwoiSEt1iUzDKxmG3VEAAAAAAAB6jb6xELPanfrnikZteaVNl303RlO/VqymQ9v01rNz7I4WFh+/vlRzpv9Uj/x5vd1REEEaP16q2PE/U7uXf9s5pZoyLSooVuVxhz2Fy5S2skDVc0qUT1M4AAAAAAC2oLAaSoYhWQ5teaVNkvTGk81648lmXfvAmfLc+Y4+3/GGPvjbD2wOGVq7P16l0ZNzdeOl5+i5Nz+2Ow4iRHvtm7IaP5EZkym/f3A8yKr3MpS3bKFmpBx3eGGJLWkAAAAAAEAAhdVQ8jq17tcnPhX8xZ81SmrU1399sXLuWK+dm57RJ28uC3++MFn/x9nKueNtJSVEq7a+xe44iBDNO3+vuHMWqs1P12rP1WjN4o6OVRVp7krJo3KVVUrKyNPyhR6lSKooytWS8s5rcrSgJF+ZFd0731PY2Q1boaLcpSqT1GWRFwAAAACAQYiKRgg5HA599HzXhcSn76jXH79bp+GjvqYr8v6p1PE3hjFdeFW+/ZhuzZlkdwxEkPYDb0v+BhnMWj2NShUX5GpubsdHUcVJTqlW2rwSlZYUylNZrNUVklQhZZWotKREpSXLlJdRrnUVpzi/okhLynO0oKREpcvyVLW0SBWq0ZrFS6XCjnUK01S8okw14fviAQAAAACIWHSshorPqfWlJ3arHq9mi19FN9Upc6Zb0+/5mTKm3qX3//YDNXy+OQwhw6d6Q4lSM2/RzIvH6aW3P7U7DiJE07ZfKibj35i1ekon6xI9vrSZplEpkpSstAypWpKUqczM47pQT3F+ze5qKWeOMiUpxaNFJZJUoXWVUtnS3I6O1UCeDTUeulYBAAAAAIMehdUQcUU79f7K+m6fX/FSmypeatNl34vRxV8tVdPBrXrrT7eEMGH4vfXMdfLc+Y5e27hdTS1eu+MgArTVrFHcuB9KhkOyLLvjDCwdD75S3jKVligwOqBXC3H7PwAAAAAAJ0NhNRT8Lv3rt72bJfrGz5v1xs+bdd3S0YEHXFW/rg9evifIAe2z9d1fKf+qPD3xwtt2R0GEaKoqUlTanfJ6B95IgDtejLE5QY5u8aRINWVaWymln+LMlNQ0qXidKvIzlVlTpkUFa5W9bJ7SMipVvLpCM/IzpYoizV2qwKzWsH0NAAAAAABEJgqrIRAd59Tbv6nr0xp/KWyQJH3jqS8q5/b12vHR0/r0reXBiGer7e8+qVETZutLF5ytV9/banccRIDWz1Ypbuz35PUOrC7mjzZtsjdAyiRlZxRrSW65lJGnvBxp7e4aKbWL8zPztTxvsebn5kqSMvKWaUZKirSwUNW5SzW3XOrsXqWoCgAAAACAZFhWcO+/3bZtm1JHjuz19e0rAlMAXfPKTnNmZDLkVMULXv3z56efr9pdIyY4dN2SOEXFe7XljQe1+5MXgra2XTx3vqOHVr0pvz98e86Zfq5S3dtVt2HgdAAPFNHpeXKPnCOvz+4kvdP5vtWpv75/ARh8eP8C0F/1998bAQDBtXvPHo0dOzaoaxYUFJz2HJ4YE2Qul1NvFQWvqCpJ+zb7VHRTnf7xqE/jL/2/mvbNlxU/fHxQ9wi36g9/r+/MvMjuGIgQLVUlcrqj7Y4BAAAAAADQbYwCCCJTTm16qVXe3o1XPa1Nq1u1aXWrpt0dq4tv+p0aaz/V+lXfCM1mIfbpuuU6I+M6XXn+GP39g+12x4Ht/GrZ8bQcZ9wsn6+ftq0eJVhjACaee25Q1gEAAAAAAMFHYTWI/O0Ovfd0Y8j3ef3xJr3+eJOu/490ee58RzVV/9DGV+aHfN9ge/MPM3Xl7W9QWIUkqbWmTENSb5TPNzAeYtXXoqjtM1oBAAAAAMApUVgNEsMw1NJgqe6z8A0NXf3TBsmUvvHrLOXcvl47P/ydPln/SNj27yu/v007Nz+nb197jX7x4rt2x4HNfI2fyvI1yjASFOTRz7Z543fZvbrusm+uDXISAAAAAAAQbMxYDRbLqYoXW8O/r1/6Q36Dnv1BvZLTvqErbntdZ4y7Lvw5emnL6/+uaIdXl2aeZXcURIDWPavlcPK2BAAAAAAAIh8VjCAxLIc+KWuzbf+9H/n01Ow6rX3MpwmXL9Tl3/ir4oZ9wbY8PfHWH2/SZeeOtjsGIkDLnhflNAdGtyoAAAAAABjYKKwGgWEYaqr1q253+MYAdOWjF1r15JcP6uO/xemLN/1eF8/+vd2RTqut+XPtqXxFt189xe4osJnVtl++5p0yTd6aAAAAAABAZKN6EQSmnNr0FxvGAJzC2seatcJzQAcqAw+4mvSl/7Y70iltKi9UQpShi8al2h0FNmvZ9b8yTZ/dMSJDTZkW5S7WmprjjxWpwrZQnRlyNfe4jyJbQwEAAAAAEF4UVoPB5jEAp/LCTxr186tq5TAuU87t6zXuiz+wO1KX3vnzN3Xl+WPsjgGbte57RU5ntN0xcFoZyltWotKSwMfyvAyVrSxTzekvBAAAAABgQHDaHaC/M0xTDXv9athn/xiArvi90h/yGjTyPKeuvf9WnZk5R5v/uUR7P33R7mjHaDpUpX1Vr+u2qy7Ub175wO44sIvlU/vBd+SImyKfj87VU6kpW6z5a7O1fKFHKapQUe5KpS1bqMkbF2t+VbbyqotVXCkpp1DL01dqfuA/tKAkX5mq0ZrFBYHXJSkjL7BORZHmrpQ8KldZ5VHHT5MlZVK2MoqrtF9SiqSKolwtKe9cepkWeVICna4FxQpsmaG8ZQs1I0WSKlSUu1Rl0lH5AsdUWKL8zI6vtWqOSvOlotyVUo5UVp6mBSXX67PDX8dRax6zV+eax+ZSTqFK8zOD8JMAAAAAAAxGdKz2keF36KPVkTUGoCt7PvTqqa/U6fUnfJpw+SJd/o2XFJt4tt2xjvHhK/coMdapSWNG2B0FNmrZ9SeZRv/4exV6lSouOOqW+8PFwtMoXyvNK1HpsjxllC/VE5qn0pJCeVSudRWSavZr1LzOjtNCeSrXakNnu2lltdLmdR4v1upu3OJfs3GtKjPSlaxAEXSJCg+vnV68QmtqpIrVxVLeso4OV6l4dYWkGq1ZvFRVh49Xa8ni03W+VqoqfZ5KS/KVXLZCxcrT8pISlRamqXhFmWpUoaKCtcpeVnJkzaIKqaZMz5TnaEHn11y+8tgxCwAAAAAA9AAdq31kmk59sqbe7hg98uFzrfrwuVZl/yBel9z8jBpqt+jtVd+0O9Zh7/3l27pqVpE2bt9ndxTYpP3AW3I4Y9XujcwRG+F1dGenOjoxq7pxWbYmp0hSqtKVobRJgQXSMqRqSUrJPK5rNUN5hy9O06gUSUo+cv4JAgXf4mNyBjpbK6oqpfKlmlt+5OyMjTValJWjyqUFmlsc+JpKPZJUoerKDGXPC+Q70vl66nnL6amB8/dXVSoje16gozYzX6ULA9+jKlWq7Jh861SRf72yM4q1JLc80K1asvB030UAAAAAALpEYbUPTNNU3W6fmmotu6P0ytpHm7X20Wbd8J9j5LnzHdVsL9fGV39kdyzV13yo2t3v6lueSfpt2Ua748Am3vqPZUZlyO+P3DEb/VpFkeYuLZensESlmYExAj1zpODbOZJg8lHzAg7f/n+MfJWW5AfOL8hVcUaeli8M1QPrjtz+f7TMhSWa0TFmYG655OkYNQAAAAAAQE9RWO0Ly6EPX2ixO0WfvfDjRjndjZrzy8uVc8d6VW8oUeXbj9ua6YMXv6Mrb39L489M0pZdtbZmgT3aP18r15lj5Jdhd5Reu+yba0O6fkpqmlTZMde0Yp3KpKO6TrshI0/XZ0rqzbVH5/As1IKqXM0vSlVpfqaS0zNUWbxaFZ5jZ6VmrcvVuqwS5XsWqjQ1MMs10BVbqbUbazTDk9IxUiBbyR3dsmt310iZ0oa1lVLaiXsnp2eocu1G1Xg65sMulRaUZCldxXqm7Hot8qQcmUU7T3pihXTXQo/yS5YpbXFBF924AAAAAACcHoXVvvA7tOXVgXGrsrdN+v1tDUqd5NS1939LZ537dW1+/X7trfyrbZk2/O0eXXfNo9ryp3W2ZYB92g68o6jR35R8Druj9MpHmzaFfpPMLHm0tOPW9hx5enpt5VLNzy2WcvKUl1Gu6v19iJJfKE/uUs1VoUrzA4XWJbmBWQAZecu0KFNSZqHW5eZqbuCo8pblK0XSjIWFqs4t0NxiKdBpGhgpMDk7Q8XFgdEBnpyMk+57uKibG7jp31NYokxJmcvytKjgxDXvyl58+FzlFKqUblUAAAAAQC8ZlmUF9T72bdu2KXXkyF5f374iUBpwzSsLVqSQMAxD7XVu/eaWg3ZHCYnzZkdp2nej1d7+ud5/8S41HdpmS44LbihWkzNdT//9wz6vNWf6uUp1b1fdhnuCkAzhkHT5X9XSGvmjADrftzpF+vsXAHTi/QtAf9Vffm8EAITH7j17NHbs2KCuWVBQcNpzzKDuOIiYpqk9m7x2xwiZD1e16smrD+nTNUOU9dWVuvgrv7Ulx3sv5Cl1WJzSRwy1ZX/Yq/3QBpmO/tmxCgAAAAAABjZGAfSW5dDOf/X/+aqn89pDTXrtoSbduGxsxwOuyrTx1R+HNcOm8p9pds4SPbyKkQCDTdv+fyg6fmK/m7MarDEAE889NyjrAAAAAACA4KOw2kv+dkN7Px64HavHe66gUc7oRt3yi2nKuWO9qj4o1tZ3VoRl733bXlHalNt187RMPft6RVj2RGRoP/iu4kxD7XYH6YW+FkXDMqMVAAAAAAD0GoXVXoqKN7X/E5/dMcLK2yL9LrdBo6Y4NXNx7uEHXO3b+nLI935n1TeUc8d6jRwWpz0HGkO+HyKDv+UzWf42GUaUgjwOOiyeePH9Xl1317VTgpwEAAAAAAAEGzNWe8EwTR3YMbiKqkf77H2vfn1jnd74H0uZ2f+uy7/xkmKGjA75vptfX6JbrpgY8n0QWdpr35Bp8lYFAAAAAAAiC9WKXjBNU7s3DJ4xAF3Z+KdWPfnlQ/q0LEGXfm2VLv5KaUj32/3xn9VSv0s3Xjo+pPsgsrTXb5ahNrtjAAAAAAAAHIPCai/4Ww3t+qA/Tn0Mjb8vb9ITnlodqg484Oo8z3+EbK/1/3uTMlKTlJQQHbI9EFl8jdtlGv1vDAAAAAAAABjYKKz2gmGY2reZjtXjPVfQpP+5rlbuqCuUc/t6nX3Rd0Oyz6frH9E3PZNDsjYij69puwxHlN0x7FNRpLm5uUc+ik73ALcKFeUu1pqaPm+sos49F5fp5Mt1nlOkY1LVlGlRt7IevVTRieucQk3Z4o71a7Rmca56shUAAAAAAMFAYbUXHC5DB3f47Y4RkbxN0u++Va/n/r8GpY7L0xW3/UMjxl4V1D12bPytvM01mnnxuKCui8hkeeska7D+Q0aFipaWy1NYotKSEpWWFMpTvlSLyvpcNT2tmrKVqspbptKSEi1IK9bqLguXGcrIKNe6o16v2bhWlSHOt7+qc4cUzVhYovzMEG8IAAAAAMBxnHYH6G9M01Rt1eB9cFV37XrPq1/NqtP5X43Spd++X1/Iukf/Wv1dtdTvCMr66565Xp4739FrG7erqWWwFt0GD3/zTpmudPn9g+wfNGp2q0oZyk7uPJCp/JKSI69XFGnu0vLD/+kpPLHAWFGUqyUdp2TkLdMiT0qgo7SguKP4maG8ZQs1I+XY61JS01S5cqNqPKlaV56jrPyuY2Zn52jt7hopM0VSjTaslTw5GSo7Zc4arVlcoOq0HJWVVyvve2lHvuyyxZpfrI5cFSrKXdqxVkfW/UUdX9NSFWUtU9rKAlXPKdH1uxdrflWaPOXlgfNzClWan6lAV2uBiisl5eTIU16ttJN8zQAAAAAA9AQdqz1kmqZ2vUchr7s++N/AA64q/z5El92yShfN+k3Q1t723q+Uf9WUoK2HyOWt/1iGOQjfrlI8uitPKi4I3JJ/fKdqhbI6OllLtDwvQ2Xrjm0rrSlbrCUqPNztml68QmtqpIrVxVJHN+ryPKn4ZO2omflakFas+bnrlFWSr1M2hKamS2s3BsYF1GzUWmUrK717OcuUpdKShZqR2HlykeavzdbykoWakVKjNYuXSp0du4VpKl5RpprMfC3IkZRTeGKnarmUVVKi0mV5yihfqTU1Uk3ZChUrT8tLSlSapSMFXwAAAAAA+oCO1R7ytZra/WGL3TH6nfK2m8fOAAAgAElEQVT/blb5fzfrxuXj5LnzHe3d+rI+KlvQpzW3/etJjRz/FX3pwrP16rtbg5QUkcjbsEVRwz0ajP8WlOJZqFKPFJhnWqC5xUc6UzMzM4/tBs059tr9VZVS+VLNPdIsqoyNNVqUlaPKpQWaWxzoAA2sf7RAl6gKlymvukDPlF2vu7RC86vmdHSAHid5krK1QhtqPJq8ca2UPU/JWnv45VPlzEhPPmqhci1ZmqG8ZfkKNJPuV3WlVLY096hiaIY21Hg0qqtvWEa6kiUpJVWB2m6NNqytVEb2vMCamVnyqLqrqwEAAAAA6DYKqz3kbZP2f8IogN56bn6j3PGNmvPklcq5/S1tf//X2vbuL3q93pt/uEaeO99R2ftbNdjuEh9MfE3bZZqWNKj/6gXGAFxftljz11UoPzM5cHt7RyemyhZrftWJVx2+/f8Y+SotyQ/ccl+Qq+KMPC1f6FHnWZ3zVRdlpkgLC1WdW6D5kjyFXfWtpmhytvTExgpprZQ9L0Xa2PlaTbdyBuRoQaG0ZEWZJh/Oc/JRBTyrCgAAAABgNwqrPRSd4FBLvWV3jH6trUH67bcadNZUp65ZeLvSzvuWPnptkfZX9e4G3eqNv9d3rv2qfr76X0FOikjha9ouw3Srv1VW77q2j6MqKoo0d2n1CYXFo7s8PXM8SlGN1qytlNKOvTw5PUOVxatV4clX5uEu1BJlrcvVuqwS5XsWqjS1SHNXHnvdkfmqHqUoU9fnZaisWEpLVpdSJmVLK1ZqbWWabjnJ7NJT5TxGZr4WpOXqibJJWuRJVlpGpYpXV2hGfmfXq7Sg5BQDX09MpsnZGSpe2/H1VKxTmaS8HqwAAAAAAMDJUFjtIYdTamuksBoMO9/x6lc31On8r0Xp0m8vVXtzjd598Ttqqd/Vo3U+fWu5zvjCdbpi8hi9tmF7iNLCTpa3QfI3SYqyO0q3fbRpU98XyczX8ryOrtLOYzmFKs0PVC4nZ2eoeGmuypShvLwcae1u1Sj18OUpnoVaUJWrJbmBW/Az8pZpUaakzEKty83V3MDRo269P7LvgrRczc8tPrLnst1aVFCkUV3NW02ZpGwVqzhnjgKPizr8Qhc5u67SZl6fJxWs0JpJCzVjYaGqczvHGQS6VzMl1aRnSMUdD686zbcxxTNPeWsLAl9PTo5OmHwAAAAAAEAvGJZlBbVKuG3bNqWOHNnr69tXBH7ldc2LzMeLGL5o/eqGA3bHGJByfhSjc6+NUd2+D/XO8z3rJzNNt668/Q0te/bNLs+ZM/1cpbq3q27DPX2N2u9FTXpBcYlSe+UNqv9Mkn6iodnXyCFJaug4frMSLr1bLqck7/tqfPPf1Cop7qJyOetzdGhLeDMnTi1RuzlCVgTOfOh83+oUqe9f0DFdr6d8IBcwSPD+BaC/ivTfGwEA4bV7zx6NHTs2qGsWFBSc9pzB9ySYPjAMQ20NdKuGSvl/NeuJnFrV7/6CPHe+o4k5D3T7Wr+/TTs3r9K3r70whAkHiFEPKSYx/qgDNyvh0mvkaPqratc+rnZvvFzpDylq1DQ5nNVqXftX+Zzj5B4VuNblfl8tYS6qSpK//ZCM8G+LAaCmbLHm5uYGPpaWy1NIURUAAAAA0HeMAugBwzDUfCjyuuUGmj/f06joIY366pM5yrn9LW1771fa/t4vT3vdltcf0LSxV+nyc0frn5t2hCFpf3SzEtKnSN6GI3/7R02Twyn5Pn9QklT/5rMdxx9SzHFXx6VOkfV5jlrDlvcIf9sBGdGUVtFzKZ6FKuX+fwAAAABAD9CxGmSGYaiplo7VcGipk357a4Ne+GmjzjznDk3PfU3J6Vee9rr1/3uzsjLPCkPC/ilqUp5cel/Nn9ce90qDjOHlSsouV1L2C0oYJemz1+Xzpikq+xo5ml5XvezrVpUkq71WMiisAgAAAACAyEBhtScMQw01/eup5P3djrcDD7h66ylpYs6DuvSWFxQV1/UM37bmz7Wn8mXdec0FYUzZT4x6SDGJUnvVv52k4zReanj82FEAelb1b+aodm2Oav/1YEe36r9Jk17oKMD+RnFhjO9rrZFBYRUAAAAAAEQICqs9YBiG6vcyCsAO7z/TqievOqTt/xymy7+xWhfNKury3E3lCxTntnTRuNQuzxmMooaPk6l4uTLKlXRGmqR4uTJeUMLQwOtW67OSnlVbQ4PkTDp2Tsjh2ao/UXSi1F75uNq9aXJNujls+a32OslvxxACAAAAAACAE1FY7QFfq9R8kFEAdip7sElP5NSqce/4jgdc3X/S8975c66umJwe5nSRrXXjDYHu07U5qt1bLalB7ZU3qL7idfm8kiPhJ5Ikpzte8tbKe9S1nd2qdpY1/d46GQb/sAEAAAAAACIDhdUesPymmg9S2IkEq37QqKdm1yom1qOc299S+pTbj3m96dA21VStVd5V59uUsD95VvVv/lW+2GuUlF2uqNhqtb55VBF11NGzVR9Uy0HJlXG3XM5qtW98NmwprfY6MQgAAAAAAABECufpT0Enw6BjNZI0H5RKb21Q2heduvrebyt9cq42/f1e7a/+hyTpw1fn64q8NzRpzAht3L7P5rQRZsttqj3mIVQP6tDaB09+7mf/poOfHfnP1o032NK5arUf4uFVAAAAAAAgYtCx2gOmg47VSFS93qtfXl+n9UWGzvP8ty695Xm5Y0dIkt79y7d11YVn25wQweD31sk0+bcgAAAAAAAQGahS9IDhsPTVnyfI8hny+yxZPsnvDXx42y352y15WyVfuyVfu+Rr6/jcbsnXJnnbOj63WIE/t0rtrZZ8rZbamy21twZea2+x5G2W2pv9amsKrI/Te+/pVr33dKs8Px6mabe+qIN73te7q+9U7Wf/0twZk9Ta7rM7IvrC1yy/3yvJYXcSAAAAAAAACqs9YTm9enHn8zINUy6HS26HWy6HSy7TJVeMS644l5ymUy7TJafpUpQjSg7DIZfpksN0yGEEPkzTIVOmTNOUaQSahk3DlNFxm7Nh6PCfTwwhWZYl6/CfA5/9fkvyG/L7AwVfy+oo+vqsjs+S/3CRt6PA227J127J3y55WzuLwR0F4FZL7a2WvG2Sr8VSe5slX0ugENzebMnbWQhu9qutRfI2heVH0C1l/9mssv9s1s2PTZDnzne059MXlTJyig40tNkdDX1hOmWabkkUyAEAAAAAgP0orPaAz+/T81ue14GWA2HfO9oZrRhnzOHPUc6owIej46Pjz26H+/BHlCMqUPjtLP66XHJFdxR/HS65zSi5TJfchlPuo4q/puEI/Nl0yJAh0wgUgSXJPFz8Nbou/ipQ2LUsS5Ihy3/ks+WzZFmBjl/5JZ/PCnQAHy7+WvJ5A0Veb4s/UOz1Sv42S952He4KDnT/WoGCcJvU3hIoDntbrUBHcKv0j8da5HC36Op7r5JpSMlDY+U9FIYfFkLEIctiFAcAAAAAAIgMFFZ7wGf5FOWMsmXvFm+LWrwttuzdXW7TrWhntKKd0YpyRinGFaNoR/QxRd8oR5SiXFFym0cKwC5HoLvXZbrkdDjlcgeKv26HW07TqSgzWm7DqbiO4q/TcMphmke6fzu6fU3DkKFAwdcwjY4nyBvHPO/IiM2w6buDvjIMhyQeHgcAAAAAACIDhdUe8Pm9inLYU1jtD9r8bWpra1NdW53dUU4wOmG0nrjuCTmcMXZHQW8ZzFYFAAAAAACRw7Q7QH/i9fkorPZTS2YsCfyB4lz/RccqAAAAAACIIBRWe8DOUQDova9M+IrizRh5vT55/ZaiUm+0OxJ6w3BIfmasAgAAAACAyEBhtQe8jALol/LOv02tO3fqUKulQy2W3MlX2B0JvWAYDlldPy8NAAAAAAAgrJix2gOGRMdqP3Pv9HvVtGOHYkaO1NYGS5JPw4Zn2h0LvWGYksUoAAAAAAAAEBnoWO0Bh+GkY7UfiXZGa+qoqdo87245YmO19YBfWw/4ZTqi7Y6G3jAckkHLKgAAAAAAiAwUVnvAYZh0rPYjT8x8XDVrXlXy1VfL5/XJL8kvyee3FHXGdXbHQ4855Pe12B0CAAAAAABAEoXVHjFNBx2r/cSV6VcqyZ2oqoceVtK0aTrUduS1Q62W3ClX2hcOveKIHinD5O8fAAAAAACIDBRWe8BhOOhY7Se+/8W7VfXoY5KkuPHjtafxyNPk9zT45EiYaFc09JIZlSzLYiw0AAAAAACIDBRWe8BtuhTtZD5npLsn6x611x5QbXm5JMkRF6etB48UVrce9Mt0xtgVD71kRqfKMiisAgAAAACAyEBhtQdMw0FhtR/wjPFo8/fukiQlzZghn88n75G6qrz+wJxV94irbUqI3nDEnCnLsuyOAQAAAAAAIInCas9YlhyGw+4UOIXHZz6u2rfXy98SeMjR8OxsNbSfeF5DuxSVkhPmdOgL050iUVgFAAAAAAARgsJqD1iWpXHDx9kdA104f8T5OivhTG1dfN/hY3HnnKPPGk4sxn1W75M55LxwxkMfme4kOlYBAAAAAEDEoLDaA36/X2fGn2l3DHRhQXahdhUVH3PMmZCgbQd8J5y77YBPDmdcuKIhGJzxFFYBAAAAAEDEoLDaQ4ZhaGjUULtj4Dh3XHCHzOY27V216vCxpCuukN/nV5v/xPPb/JLfsuRKnhHGlOgtwzlEsk4skAMAAAAAANiFwmoPNbY3akziGLtj4Dizxs/SJz8pPObY8OnTTzpftVN9m6XoEZ4QJ0MwmFEpsvxtdscAAAAAAAA4jMJqD/l9fqUPTbc7Bo7y4IwHVbd5k1p27DjmeFxmpnY3nKRdtcOeBr8cQyeHOh6CwHAlyu+nYxUAAAAAAEQOCqs9FOOMoWM1goxOGK0JyRP0yY9+csJrziFDtO1Q18W47Qd9Mp3xoYyHIHENPV8ymYkLAAAAAAAiB4XVHnLJqbOTzrY7Bjo8MOMB7fnTsyccT7z8cvl9PrV4u7622dsxZ3X49BAmRDC4Ei+Q30fHKgAAAAAAiBwUVnvIsiylDUmzOwYkzZ4wW3Fya1dR8QmvJU2froZujORsaJPczFmNeI7YMfL7ux7rAAAAAAAAEG4UVnuh2dus1PhUu2MMeredn6ut9y856WsJEydqT5N12jX2NPjkHHphsKMhiAzXMMl02R0DAAAAAADgGBRWe6GlrZk5qza7d/q9atqxQ/Xvv3/S112Jidp+8PS3jm8/6JPDlRDseAgiZ/x4+X3daD8GAAAAAAAIIwqrveA23UobyjgAu0Q7ozV11FRtnnf3SV8feskl8vv9ajrFfNVOTZ1zVpMuC3JKBItzSKYsRdkdAwAAAAAA4BgUVnshxhmr8Unj7Y4xaD0x83HVrHm1y9eTrrhCjW2nHwPQqbFdcqXMCEY0hIAr8QL5/d3/eQIAAAAAAIQDhdVesPx+jR021u4Yg1LOmBwluRNV9dDDXZ4zZNIk7WnsfiFub4NPrmFTgxEPIeCIy+DBVQAAAAAAIOJQWO0Fy7KUFJMkh+GwO8qgc/fFd6nq0cdOeY4rMVFVdaefr9qp6hBzViOV4Romib9nAAAAAAAg8lBY7aUDzQc0eshou2MMKvdk3aP22gOqLS/v8pwhF10ky7LU0INnHdW3SZYlORMvDkJKBJMj7mz52hvsjgEAAAAAAHACCqu9lOCM15fO/pLdMQYVzxiPNn/vrlOek3TllWps6/lt403tlqJG8POMNFEpX5JlDrE7BgAAAAAAwAkorPaS5bc0LW2a3TEGjcdnPq7at9fL39JyyvOGnn++9jb3fP29jX45mbMacdzJl8vHfFUAAAAAABCBKKz2kmVZcpsuxgGEwZSRU3RWwpnauvi+057rHDZMVQe7P1+1U9VBn0zXsN7EQ4g44jJkWQrMaQAAAAAAAIgwFFb7wO/369KzLrU7xoBXePlPtauo+LTnJUyZIllSXQ/mq3Y61CbJMOQcekHPL0ZIuJMuk8/iwVUAAAAAACAyOe0O0J9FGVG6YswVWrlppc1JbtADN/0fTWpZo1kvPiKNf0C/v3CS4o85Z6fWPP2SRtz0fzTJLalto375p5/pBUk/vPZ5nfP5LM17y5bwp3THBXfIbG7T3lWrTnvu8CuvVFNbz7tVOzW1W3KPuEreQ+/1eg0Ej3uER17LIYlRAAAAAAAAIPLQsdoHlmUpMSpRI+JG2Jiio6jqPurQlp/p1qdnadbTszTr3Y1qkNSw7yU9Mj5LY907tebpNdrpHqus8ZLGP6BLojfqpQgsqkrSrPGz9MlPCrt1bkIv56t22tfok3PYxb1fAEFjOBNkRo+SxXxVAAAAAAAQoSis9lFd8yEbxwF0FlUb1NDF7e8/HDdJ8W0b9YeyF7p8/eCuQOdqpHlwxoOq27xJLTt2dOt89/Dh2nGo9x2r1Yd8criH9/p6BI8rKUt+76kfVAYAAAAAAGAnCqt9NNQ9VNNGT7MxwU6tefoP2nayl8Y/oEuGSDs7C6db1mlb21ma8fUZOqvuLf1MkdutOnrIaE1InqBPfvSTbp0fN3GiDMPQgdbe73mgo47nTDiv94sgKKJSPPIr2u4YAAAAAAAAXWLGah85DafSEtM0NGqoDrUeCvPuL+hnf3pB0g164CSv/nDcJMVrp9566/jzO16/9nkd3DVL8vxez4+IV6BIO0+PhD74aT3geUB7/vRst89P9njU3Nb328ZbfJL7jC/LW/9hn9dC7zkTL1Jrq9fuGAAAAAAAAF2iYzUIGlsabBwH0JUbNCJaUt3HJy+UHp6t+kPNHCFtfPeX2th2li7x3BDmnCeaPWG24uTWrqLibl8zZMoU7Wm2+rz33gafXEmX9Hkd9J5z6BT5vQ12xwAAAAAAADglCqtBMMQ1RDljc+yOcazxWRrrlhpatp705UierXrb+bnaev+SHl3jTknp03zVTjvqfHJEpfR5HfRezOhb5VOc3TEAAAAAAABOicJqEPj9fo0bNk7RzsibCXmw8SSl0/FHz1Z9RC/tkyZd+H80yb1Tb3XxkKtwuXf6vWrasUP177/f7WvizjlHMgzVBuFZR583S5YlmfHj+74YesxwDpFz6Pny+/peJAcAAAAAAAglZqwGSUtbsy4961KVby+3YfdjZ6dKkrb8TLdu6eL04157oezWiOhcjXXGauqoqXrn+ut7dN3wGTPU0ha8QlyL11L0GdeqqaGrbyBCJSr1RvkoqgIAAAAAgH6AjtUgiTKjdEHqBXbH6Ncem/moata82uPrhl54ofYFoVu1U02TX86krOAtiG6LOfNm+XyG3TEAAAAAAABOi8JqkPj9fl086mKdmXCm3VH6pZwxOUpyJ6rqoYd7fK17xIigzFftVH3IL0fUiKCth+5xJl4oy5Isq+8PIQMAAAAAAAg1CqtBZPoM3TrpVrtj9Et3X3yXqh59rMfXxZx9tmQY2t8cvCz7my3JMGTGnh28RXFa0Wd+VV7F2B0DAAAAAACgWyisBpFhGZo6aqqSopPsjtKv3JN1j9prD6i2vOfzaZO//GW1BnG+aqdWr6XokdcGfV2cnOGIkyvxIh5aBQAAAAAA+g0Kq0HW1taqORPn2B2jX/GM8Wjz9+7q1bXBnq/aaX+zJeewS4K/ME4qOvVG+b1eu2MAAAAAAAB0G4XVIIsyojTj7BmKcXJLc3c8PvNx1b69Xv6W3lVHo844Qzvr/EFOJVUf8soRMyro6+LkXMOz5fXzdgQAAAAAAPoPKhkhcLDxAF2r3TBl5BSdlXCmti6+r1fXR6elyTBN7WsK/sOO9jVaMgxTZszooK+NY7mTc2REj+KhVQAAAAAAoF+hsBoCQ11DdXPmzXbHiHiFl/9Uu4qKe319qOardmr1WYoaeV3I1kdAbMZd8vrddscAAAAAAADoEQqrIbKnfo++du7X7I4Rse644A6ZzW3au2pVr9dInDpV+9tC97/w582WXEmXhWx9SO6UGbLkolsVAAAAAAD0OxRWQyTROVRfn/h1u2NErFnnzNKWH/2kT2tEjRypHYdC17FafdDHnNUQiz17Ht2qAAAAAACgX6KwGkINrQ26/gvX2x0j4jw440HVVWxS665dvV7DnZoqw+nUnsbgP7iq055GvwzDITM6NWR7DGbuEVfJkpNuVQAAAAAA0C9RWA2hGCNa35z0TbtjRJTRQ0ZrQvIEfdLHbtWUa65Ra5s3SKm61uazFDWS4ngoxI79Ht2qAAAAAACg36KwGmJeX7tmjJ1hd4yI8YDnAe3507N9Xifx4ov1eQjnq3ZizmpouEd8WaJbFQAAAAAA9GMUVkMs2ojW3Mlz7Y4REWZPmK04ubWrqLjPa0WNGhXS+aqddtb55IgdHfJ9Bpu4s+ep3e+yOwYAAAAAAECvUVgNMcuyZFiGpqdPtzuK7W47/zZtve/+Pq/jTkmR6XRqd0Po5qt22lUfmLMq9/CQ7zVYuFM88vlFtyoAAAAAAOjXKKyGQYwRrflZ8+U0nXZHsc290+9V045q1W/Y0Oe1Uq65Rm1hmK/aqc1nKXrkrLDtN9DFn7OA2aoAAAAAAKDfo7AaJs2tTfrp5T+1O4YtYp2xmjpqqjbPuzso6yV+8YuqDcN81U61LZIreVrY9hvI4s9ZoPb2VrtjAAAAAAAA9BmF1TBxWA6NSRyjS868xO4oYffozEdVs+bVoK0XfdZZ2lEX+vmqnXYd8soZmxa2/QYqZ8K5cg77onw+w+4oAAAAAAAAfUZhNYyGmAn68eU/tjtGWOWMydFwd6KqHno4KOs5hw2T4XJpV33o56t22lHvl2E4JeeQsO05EMVnLlK7L8ruGAAAAAAAAEFBYTXMahpqdPcXg3NLfH9w98V3q+rhR4K2XsrMmWpvD9981U7tPkvRqV8J+74DRXRarvxGNA+sAgAAAAAAAwaF1TBLcg3TeckTNTFlot1RQu6erHvUXlur2tdeC9qawy65RLWt4f/ftrZFcg+/LOz7DgSGe7hizvqGvL7B+/A2AAAAAAAw8FBYtUGMEaMfXzbwRwJ4xni0+Xt3BXXN6LQ07awP33zVTrvqvHLEnR32fQeChMzFavfSqQoAAAAAAAYWCqs2iHHGqKWtWbedf5vdUULm8ZmPq/bt9fK3tARtTTM+XqbLpR114Zuv2qm6zi/DdElmbNj37s/cKTNkRJ8lf/h/ZAAAAAAAACFFYdUmw9zD5BnjUfrQdLujBN2UkVN0VsKZ2rr4vqCuO+Laa22Zr9qp3edX1CjmrPZETHq+2n1uu2MAAAAAAAAEHYVVG0XJrcJphXbHCLrCywu166mioK+beMklOtBqBH3d7jrQIrmHT7Nt//5myAX/I5+ZZHcMAAAAAACAkKCwaiNTpqId0frquV+1O0rQ3HHBHTKbW7X3z38O+tqxY8dqZ71995R/Vu+TIy7Dtv37k5gx35HlOoMRAAAAAAAAYMCisGqzWCNG1427TkOjhtodJShmnTNLW370k6Cva0ZHy3S7VW3DfNVO2w/5ZTrckni6/ak4Ey9S1BnXyOdnBAAAAAAAABi4KKxGgFgzViuuW2F3jD57cMaDqqvYpNZdu4K+9ojrrrN1vmonr99S1KjZdseIXIZLQ857UG2+KLuTAAAAAAAAhBSF1QhgWJLV7td/XfVfdkfptdFDRmtC8gR9EoJuVUlKzMrSwTb75qt2OtBiyZ18hd0xIlbihb9Ua1ub3TEAAAAAAABCjsJqhHCbbg2PStL3v/h9u6P0yhLPEu1dtSpk68eMHatdDfYP7Pys3idH/Di7Y0Sk2Iwfym8Ok2X/jwkAAAAAACDkKKxGkHhHvCYMn6BZ42fZHaVHZk+YrVi5tPOpp0KzgWnKER2t7Qftr9htO+iX6eA29+O5h18u1/Ar5bVcdkcBAAAAAAAICwqrESbFnayrM67W1NSpdkfpttvOv01b77s/ZOuPuOEGeb2+kK3fU4E5qzfZHSNymLGKGftdtfspOAMAAAAAgMGDwmoESnYP111fvEup8al2Rzmte6ffq6Yd1arfsCFkewzLytLBCBrbebDFknv4dLtjRIyky55Xu4bbHQMAAAAAACCsKKxGIEOGTK+h/7n+f+yOckqxzlhNHTVVm+fdHdp9xo3TZ/X2jwHotLvBJ0fCBLtjRIRhlz6n1tZWu2MAAAAAAACEHYXVCBXjjNG+Q3v1yxt+aXeULj0681HVvPpKyPdxxMRoawTMV+1UeYA5q5KUOLVUbT6nLMuwOwoAAAAAAEDYUViNYEPcQ2T4pPuuvM/uKCfIGZOj4e5EVT38SEj3Sbn+ennbI2e+aief31LUyBvsjmGbIec/Lq8xTJafoioAAAAAABicKKxGuCGuIToz/kx9+8Jv2x3lGHdffHfIi6qSlHTppTrUZoV8n5461GrJnXyl3TFskXDu/fJHpctv8fYBAAAAAAAGLyoj/UCCI15Zoy7R3Mlz7Y4iSbon6x6119aq9rXXQr5X7Pjx+qwx8gqru+t9cgzJtDtG2MV9oUCKmyy/32F3FAAAAAAAAFtRWO0n4h3xykq9RDdNuMnuKPKM8Wjz9+4Ky16OmBhtOxA581U7BeasxtgdI6zivvAjORKny2c57Y4CAAAAAABgOwqr/UhKdIpu+ML1uuOCO2zL8Ng1j6l2/Vvyt7SEfK/kq6+Wz+tT5JVVJb8Cc1bdZ8y0O0pYxJ59tzTkYnktl91RAAAAAAAAIgKF1X4mzozTF0derB9f/uOw7z1l5BSNHnKWtt7372HZL2natIicr9qpoU2KShn4c1bjJvxfOZKvlmXE2x0FAAAAAAAgYlBY7YeGuYcpY8jZenDGg2Hdt/DyQu16qihs+8WNP0e7GyK3sLqr3itHwnl2xwiphEnLZQ7Jko+ZqgAAAAAAAMegsNpPDXMP01DXEP3i+l+EZb87LrhDZnOr9v75z2HZT5IccbHadigSBwEEbD/ol+mMtTtGyAy9qEiKnSCf37A7CgAAAAAAQMShsNqPJUUlyQlfPaQAAAcQSURBVGr3649f+6NiXaEt8M06Z5a2/OgnId3jaMO/9CX5vD55I7euqja/5LcsuVOusjtK0CVe8qx8jlT5fHYnAQAAAAAAiEwUVvu5YdHD1NTUqOIbizV6yOiQ7PGfM/5TdZs2qXXXrpCsfzJJ2dlqaA/bdr3W0CZFjcixO0YQmUq6/G9q98fK74/gqjYAAAAAAIDNKKwOADHOGPnbfLrfc7+mjJwS1LVHDxmtc5LP0Sc/Dl+3qiTFnXOOPmuM3PmqnT6r98lMmGR3jKBwxGUoadrLamn1ybIi/3sPAAAAAABgJwqrA4RpmIqxovX9i7+vL539paCtu8SzRHtXrQraet3ljI/XtgORfx/69kM+OVzxdsfos+izvqGEyY+qpaXN7igAAAAAAAD9AoXVASbBjNet592q2RNm93mt2RNmK1Yu7XzqqSAk676knBz5fX619YM70Vu8kmVJruQr7Y7Sa0MmPyT3mbeqrZ2HVAEAAAAAAHQXhdUBKN6I01e+8BX9/Lqfa0TciF6vc9v5t2nrffcHMVn3DO8n81U71bdZcqd47I7RY2bMWRp22Yvyx2TK63PYHQcAAAAAAKBfobA6QMWY0RrmTNTDVz+sr5zzlR5ff+8V96qpukr1GzaEIN2pxU2YoM8a+kG7aoc9DT45hwZ3tm2oRY26SUMv+IVa2yS/r/98rwEAAAAAACIFhdUBzJQpp8+hazNmavmXl2to1NBuXRfrjNXU1KnafNf3Q5zw5JxDhmj7ocifr9pp20GfHK4Eu2N0W8LEpYpKu12tjFMFAAAAAADoNQqrg0CiK1FJ7mF68ronNXPczNOe/+jMR1Xz6qthSHaiYdOmyfL71eK1ZfteafZKfsuSK2ma3VFOyYwZrWGXPi/FTZHXy199AAAAAACAvqC6MkjEOmJl+gzNHDdTSzxLFOOMOel5OWNyNNydqKqHHw5zwoCk6dNV32rZsndfNLZL7hEz7I7RpdhxBRoy5edq87rk8/e/7y8AAAAAAECkobA6iBgyNDLqDKXGpqpkdok8Y0984NLdF9+tqocfsSFdQPzEidrT1P8Kf3vq/1979/IT1RnGcfx3DmdmuM9FhDYIGWigCQrFhCpKYhBp08i+BDemLpvGDIuuujN20VV3/AFNqIkLd7WuvKzcqLE7VgawNSKBMpbBM+f2dkHsxrRCmQsD38/+vM+Tyax+ed7nDeUkT1a7jXfEMmeVHvtVTttn8nxbxtTebwsAAAAAALAfEaweQk11jTJepJmBGV0bvybb2v4bzI7Oyl9b0/qDB1XrLZZManGjdvarvrWUD1UX39kO24qwE2oZ+lGN/d+pWDQKAh6oAgAAAAAAKCWC1UMs6bTqo9Ze3frylsa6xnQ+e14LX39TtX5SZ84oCiNt1dB+1bc2fckYIyd9utqtqP7YtDJnf5FpGJAfWNVuBwAAAAAA4EAiWD3kYlZMnlvU1VNX5b5aUX1nZ9V6yZw7p4Jfu1fVC75Ron2yavXt+k4lP/1Zia6v5LqeorD2Jn8BAAAAAABqhVPtBrA/WIFkJ1Pqv35dmwsLWp6bk7e6WtEeWk6c0GKhdoPVlc1IPemRite1Ex1q6vtWdnO/gigu43PtHwAAAAAAoNyYWMU/oihS4DhqHBzU8bk5ZXM52YlExerHUikt5Wt3ynIxH8qOVW7Pqh0/qpbjPyg18pPUNCg/cGQiQlUAAAAAAIBKIFjFOyJj5EtqHRvTyZs31Xn5ctlrJkdGZIzRpl/2UmXzlycZIzmp8k6tWvE2NQ98r9Speal5WG4xVMi1fwAAAAAAgIpiFQD+VSSp6Hk6MjWl9osXtXb/vl7cuKFgY6PktTLj4yp4tT9tueVLifZJBRuPSn62FcuoqW9W8fRp+YGR69bgK18AAAAAAAAHBMEq3iuyLEWWpfSFC2qbnNTrp0/1x/y83jx7VrIarUNDWt4q2XFVs1II1V3iiVW7oVsN3ZeUODoh3zdyiwSqAAAAAAAA1Uawih0LjVFojJqGh/XxwICKL1/qxfy88o/2Pp3ppNNaXPRK0GV1LeVD9aQyJTkr3v6FGrovyY63KQhtJlQBAAAAAAD2EYJV7FoYRZLjKNbdrWwuJ/f5c+UfP9ba3bvy19d3fV7L8LBktneU1rp8UbIsS07yEwX533b9fV1jVvVd29OpYegrDC35XqTtxQwAAAAAAADYLwhW8b9FUSQlEor39amjt1cfTk/LXV7Wq9u3tXbvnrTDF+qPTExoyzs4jy9t+Ubx9s93FazGO6bU0DUjK55RGDly3bcpsylPkwAAAAAAANgTglXsmTFGoW0rlBTLZnXsyhX15HL68+FDrd65o9dPnvzn961DQ/r9TWV6rYSVQqiu9+5ZtRXLjCqWGVXigymFgacgsmS8SBJX/gEAAAAAAPa7vwG1c3UtnKTQYwAAAABJRU5ErkJggg==" height="600" width="800" />]]>
  </system-out>
</testsuite> <!-- testcases.DashboardTest -->
